[2022-05-23 16:13:57,613] {processor.py:153} INFO - Started process (PID=36373) to work on /Users/mohammadrezakhorasanchian/.pyenv/versions/3.10.4/lib/python3.10/site-packages/airflow/example_dags/example_branch_datetime_operator.py
[2022-05-23 16:13:57,613] {processor.py:641} INFO - Processing file /Users/mohammadrezakhorasanchian/.pyenv/versions/3.10.4/lib/python3.10/site-packages/airflow/example_dags/example_branch_datetime_operator.py for tasks to queue
[2022-05-23 16:13:57,614] {logging_mixin.py:115} INFO - [2022-05-23 16:13:57,614] {dagbag.py:507} INFO - Filling up the DagBag from /Users/mohammadrezakhorasanchian/.pyenv/versions/3.10.4/lib/python3.10/site-packages/airflow/example_dags/example_branch_datetime_operator.py
[2022-05-23 16:13:57,624] {processor.py:651} INFO - DAG(s) dict_keys(['example_branch_datetime_operator_2']) retrieved from /Users/mohammadrezakhorasanchian/.pyenv/versions/3.10.4/lib/python3.10/site-packages/airflow/example_dags/example_branch_datetime_operator.py
[2022-05-23 16:13:57,665] {logging_mixin.py:115} INFO - [2022-05-23 16:13:57,665] {dag.py:2371} INFO - Sync 1 DAGs
[2022-05-23 16:13:57,677] {logging_mixin.py:115} INFO - [2022-05-23 16:13:57,676] {dag.py:2915} INFO - Setting next_dagrun for example_branch_datetime_operator_2 to 2022-05-22T00:00:00+00:00, run_after=2022-05-23T00:00:00+00:00
[2022-05-23 16:13:57,685] {processor.py:161} INFO - Processing /Users/mohammadrezakhorasanchian/.pyenv/versions/3.10.4/lib/python3.10/site-packages/airflow/example_dags/example_branch_datetime_operator.py took 0.073 seconds
[2022-05-23 16:15:00,332] {processor.py:153} INFO - Started process (PID=36460) to work on /Users/mohammadrezakhorasanchian/.pyenv/versions/3.10.4/lib/python3.10/site-packages/airflow/example_dags/example_branch_datetime_operator.py
[2022-05-23 16:15:00,332] {processor.py:641} INFO - Processing file /Users/mohammadrezakhorasanchian/.pyenv/versions/3.10.4/lib/python3.10/site-packages/airflow/example_dags/example_branch_datetime_operator.py for tasks to queue
[2022-05-23 16:15:00,332] {logging_mixin.py:115} INFO - [2022-05-23 16:15:00,332] {dagbag.py:507} INFO - Filling up the DagBag from /Users/mohammadrezakhorasanchian/.pyenv/versions/3.10.4/lib/python3.10/site-packages/airflow/example_dags/example_branch_datetime_operator.py
[2022-05-23 16:15:00,341] {processor.py:651} INFO - DAG(s) dict_keys(['example_branch_datetime_operator_2']) retrieved from /Users/mohammadrezakhorasanchian/.pyenv/versions/3.10.4/lib/python3.10/site-packages/airflow/example_dags/example_branch_datetime_operator.py
[2022-05-23 16:15:00,382] {logging_mixin.py:115} INFO - [2022-05-23 16:15:00,382] {dag.py:2371} INFO - Sync 1 DAGs
[2022-05-23 16:15:00,393] {logging_mixin.py:115} INFO - [2022-05-23 16:15:00,393] {dag.py:2915} INFO - Setting next_dagrun for example_branch_datetime_operator_2 to 2022-05-22T00:00:00+00:00, run_after=2022-05-23T00:00:00+00:00
[2022-05-23 16:15:00,415] {processor.py:161} INFO - Processing /Users/mohammadrezakhorasanchian/.pyenv/versions/3.10.4/lib/python3.10/site-packages/airflow/example_dags/example_branch_datetime_operator.py took 0.084 seconds
[2022-05-23 16:16:04,721] {processor.py:153} INFO - Started process (PID=36555) to work on /Users/mohammadrezakhorasanchian/.pyenv/versions/3.10.4/lib/python3.10/site-packages/airflow/example_dags/example_branch_datetime_operator.py
[2022-05-23 16:16:04,722] {processor.py:641} INFO - Processing file /Users/mohammadrezakhorasanchian/.pyenv/versions/3.10.4/lib/python3.10/site-packages/airflow/example_dags/example_branch_datetime_operator.py for tasks to queue
[2022-05-23 16:16:04,722] {logging_mixin.py:115} INFO - [2022-05-23 16:16:04,722] {dagbag.py:507} INFO - Filling up the DagBag from /Users/mohammadrezakhorasanchian/.pyenv/versions/3.10.4/lib/python3.10/site-packages/airflow/example_dags/example_branch_datetime_operator.py
[2022-05-23 16:16:04,732] {processor.py:651} INFO - DAG(s) dict_keys(['example_branch_datetime_operator_2']) retrieved from /Users/mohammadrezakhorasanchian/.pyenv/versions/3.10.4/lib/python3.10/site-packages/airflow/example_dags/example_branch_datetime_operator.py
[2022-05-23 16:16:04,774] {logging_mixin.py:115} INFO - [2022-05-23 16:16:04,774] {dag.py:2371} INFO - Sync 1 DAGs
[2022-05-23 16:16:04,785] {logging_mixin.py:115} INFO - [2022-05-23 16:16:04,785] {dag.py:2915} INFO - Setting next_dagrun for example_branch_datetime_operator_2 to 2022-05-22T00:00:00+00:00, run_after=2022-05-23T00:00:00+00:00
[2022-05-23 16:16:04,793] {processor.py:161} INFO - Processing /Users/mohammadrezakhorasanchian/.pyenv/versions/3.10.4/lib/python3.10/site-packages/airflow/example_dags/example_branch_datetime_operator.py took 0.072 seconds
[2022-05-23 16:17:04,911] {processor.py:153} INFO - Started process (PID=36654) to work on /Users/mohammadrezakhorasanchian/.pyenv/versions/3.10.4/lib/python3.10/site-packages/airflow/example_dags/example_branch_datetime_operator.py
[2022-05-23 16:17:04,911] {processor.py:641} INFO - Processing file /Users/mohammadrezakhorasanchian/.pyenv/versions/3.10.4/lib/python3.10/site-packages/airflow/example_dags/example_branch_datetime_operator.py for tasks to queue
[2022-05-23 16:17:04,911] {logging_mixin.py:115} INFO - [2022-05-23 16:17:04,911] {dagbag.py:507} INFO - Filling up the DagBag from /Users/mohammadrezakhorasanchian/.pyenv/versions/3.10.4/lib/python3.10/site-packages/airflow/example_dags/example_branch_datetime_operator.py
[2022-05-23 16:17:04,924] {processor.py:651} INFO - DAG(s) dict_keys(['example_branch_datetime_operator_2']) retrieved from /Users/mohammadrezakhorasanchian/.pyenv/versions/3.10.4/lib/python3.10/site-packages/airflow/example_dags/example_branch_datetime_operator.py
[2022-05-23 16:17:04,975] {logging_mixin.py:115} INFO - [2022-05-23 16:17:04,975] {dag.py:2371} INFO - Sync 1 DAGs
[2022-05-23 16:17:04,987] {logging_mixin.py:115} INFO - [2022-05-23 16:17:04,987] {dag.py:2915} INFO - Setting next_dagrun for example_branch_datetime_operator_2 to 2022-05-22T00:00:00+00:00, run_after=2022-05-23T00:00:00+00:00
[2022-05-23 16:17:04,996] {processor.py:161} INFO - Processing /Users/mohammadrezakhorasanchian/.pyenv/versions/3.10.4/lib/python3.10/site-packages/airflow/example_dags/example_branch_datetime_operator.py took 0.085 seconds
[2022-05-23 16:18:05,584] {processor.py:153} INFO - Started process (PID=36706) to work on /Users/mohammadrezakhorasanchian/.pyenv/versions/3.10.4/lib/python3.10/site-packages/airflow/example_dags/example_branch_datetime_operator.py
[2022-05-23 16:18:05,585] {processor.py:641} INFO - Processing file /Users/mohammadrezakhorasanchian/.pyenv/versions/3.10.4/lib/python3.10/site-packages/airflow/example_dags/example_branch_datetime_operator.py for tasks to queue
[2022-05-23 16:18:05,585] {logging_mixin.py:115} INFO - [2022-05-23 16:18:05,585] {dagbag.py:507} INFO - Filling up the DagBag from /Users/mohammadrezakhorasanchian/.pyenv/versions/3.10.4/lib/python3.10/site-packages/airflow/example_dags/example_branch_datetime_operator.py
[2022-05-23 16:18:05,595] {processor.py:651} INFO - DAG(s) dict_keys(['example_branch_datetime_operator_2']) retrieved from /Users/mohammadrezakhorasanchian/.pyenv/versions/3.10.4/lib/python3.10/site-packages/airflow/example_dags/example_branch_datetime_operator.py
[2022-05-23 16:18:05,638] {logging_mixin.py:115} INFO - [2022-05-23 16:18:05,638] {dag.py:2371} INFO - Sync 1 DAGs
[2022-05-23 16:18:05,648] {logging_mixin.py:115} INFO - [2022-05-23 16:18:05,648] {dag.py:2915} INFO - Setting next_dagrun for example_branch_datetime_operator_2 to 2022-05-22T00:00:00+00:00, run_after=2022-05-23T00:00:00+00:00
[2022-05-23 16:18:05,656] {processor.py:161} INFO - Processing /Users/mohammadrezakhorasanchian/.pyenv/versions/3.10.4/lib/python3.10/site-packages/airflow/example_dags/example_branch_datetime_operator.py took 0.072 seconds
[2022-05-23 16:19:10,924] {processor.py:153} INFO - Started process (PID=36806) to work on /Users/mohammadrezakhorasanchian/.pyenv/versions/3.10.4/lib/python3.10/site-packages/airflow/example_dags/example_branch_datetime_operator.py
[2022-05-23 16:19:10,924] {processor.py:641} INFO - Processing file /Users/mohammadrezakhorasanchian/.pyenv/versions/3.10.4/lib/python3.10/site-packages/airflow/example_dags/example_branch_datetime_operator.py for tasks to queue
[2022-05-23 16:19:10,924] {logging_mixin.py:115} INFO - [2022-05-23 16:19:10,924] {dagbag.py:507} INFO - Filling up the DagBag from /Users/mohammadrezakhorasanchian/.pyenv/versions/3.10.4/lib/python3.10/site-packages/airflow/example_dags/example_branch_datetime_operator.py
[2022-05-23 16:19:10,934] {processor.py:651} INFO - DAG(s) dict_keys(['example_branch_datetime_operator_2']) retrieved from /Users/mohammadrezakhorasanchian/.pyenv/versions/3.10.4/lib/python3.10/site-packages/airflow/example_dags/example_branch_datetime_operator.py
[2022-05-23 16:19:10,975] {logging_mixin.py:115} INFO - [2022-05-23 16:19:10,975] {dag.py:2371} INFO - Sync 1 DAGs
[2022-05-23 16:19:10,985] {logging_mixin.py:115} INFO - [2022-05-23 16:19:10,985] {dag.py:2915} INFO - Setting next_dagrun for example_branch_datetime_operator_2 to 2022-05-22T00:00:00+00:00, run_after=2022-05-23T00:00:00+00:00
[2022-05-23 16:19:10,992] {processor.py:161} INFO - Processing /Users/mohammadrezakhorasanchian/.pyenv/versions/3.10.4/lib/python3.10/site-packages/airflow/example_dags/example_branch_datetime_operator.py took 0.069 seconds
[2022-05-23 16:51:42,242] {processor.py:153} INFO - Started process (PID=36860) to work on /Users/mohammadrezakhorasanchian/.pyenv/versions/3.10.4/lib/python3.10/site-packages/airflow/example_dags/example_branch_datetime_operator.py
[2022-05-23 16:51:42,243] {processor.py:641} INFO - Processing file /Users/mohammadrezakhorasanchian/.pyenv/versions/3.10.4/lib/python3.10/site-packages/airflow/example_dags/example_branch_datetime_operator.py for tasks to queue
[2022-05-23 16:51:42,243] {logging_mixin.py:115} INFO - [2022-05-23 16:51:42,243] {dagbag.py:507} INFO - Filling up the DagBag from /Users/mohammadrezakhorasanchian/.pyenv/versions/3.10.4/lib/python3.10/site-packages/airflow/example_dags/example_branch_datetime_operator.py
[2022-05-23 16:51:42,270] {processor.py:651} INFO - DAG(s) dict_keys(['example_branch_datetime_operator_2']) retrieved from /Users/mohammadrezakhorasanchian/.pyenv/versions/3.10.4/lib/python3.10/site-packages/airflow/example_dags/example_branch_datetime_operator.py
[2022-05-23 16:51:42,385] {logging_mixin.py:115} INFO - [2022-05-23 16:51:42,385] {dag.py:2371} INFO - Sync 1 DAGs
[2022-05-23 16:51:42,414] {logging_mixin.py:115} INFO - [2022-05-23 16:51:42,414] {dag.py:2915} INFO - Setting next_dagrun for example_branch_datetime_operator_2 to 2022-05-22T00:00:00+00:00, run_after=2022-05-23T00:00:00+00:00
[2022-05-23 16:51:42,431] {processor.py:161} INFO - Processing /Users/mohammadrezakhorasanchian/.pyenv/versions/3.10.4/lib/python3.10/site-packages/airflow/example_dags/example_branch_datetime_operator.py took 0.190 seconds
[2022-05-23 16:56:10,032] {processor.py:153} INFO - Started process (PID=36994) to work on /Users/mohammadrezakhorasanchian/.pyenv/versions/3.10.4/lib/python3.10/site-packages/airflow/example_dags/example_branch_datetime_operator.py
[2022-05-23 16:56:10,032] {processor.py:641} INFO - Processing file /Users/mohammadrezakhorasanchian/.pyenv/versions/3.10.4/lib/python3.10/site-packages/airflow/example_dags/example_branch_datetime_operator.py for tasks to queue
[2022-05-23 16:56:10,032] {logging_mixin.py:115} INFO - [2022-05-23 16:56:10,032] {dagbag.py:507} INFO - Filling up the DagBag from /Users/mohammadrezakhorasanchian/.pyenv/versions/3.10.4/lib/python3.10/site-packages/airflow/example_dags/example_branch_datetime_operator.py
[2022-05-23 16:56:10,042] {processor.py:651} INFO - DAG(s) dict_keys(['example_branch_datetime_operator_2']) retrieved from /Users/mohammadrezakhorasanchian/.pyenv/versions/3.10.4/lib/python3.10/site-packages/airflow/example_dags/example_branch_datetime_operator.py
[2022-05-23 16:56:10,086] {logging_mixin.py:115} INFO - [2022-05-23 16:56:10,086] {dag.py:2371} INFO - Sync 1 DAGs
[2022-05-23 16:56:10,096] {logging_mixin.py:115} INFO - [2022-05-23 16:56:10,096] {dag.py:2915} INFO - Setting next_dagrun for example_branch_datetime_operator_2 to 2022-05-22T00:00:00+00:00, run_after=2022-05-23T00:00:00+00:00
[2022-05-23 16:56:10,104] {processor.py:161} INFO - Processing /Users/mohammadrezakhorasanchian/.pyenv/versions/3.10.4/lib/python3.10/site-packages/airflow/example_dags/example_branch_datetime_operator.py took 0.073 seconds
[2022-05-23 16:57:36,183] {processor.py:153} INFO - Started process (PID=37105) to work on /Users/mohammadrezakhorasanchian/.pyenv/versions/3.10.4/lib/python3.10/site-packages/airflow/example_dags/example_branch_datetime_operator.py
[2022-05-23 16:57:36,183] {processor.py:641} INFO - Processing file /Users/mohammadrezakhorasanchian/.pyenv/versions/3.10.4/lib/python3.10/site-packages/airflow/example_dags/example_branch_datetime_operator.py for tasks to queue
[2022-05-23 16:57:36,183] {logging_mixin.py:115} INFO - [2022-05-23 16:57:36,183] {dagbag.py:507} INFO - Filling up the DagBag from /Users/mohammadrezakhorasanchian/.pyenv/versions/3.10.4/lib/python3.10/site-packages/airflow/example_dags/example_branch_datetime_operator.py
[2022-05-23 16:57:36,193] {processor.py:651} INFO - DAG(s) dict_keys(['example_branch_datetime_operator_2']) retrieved from /Users/mohammadrezakhorasanchian/.pyenv/versions/3.10.4/lib/python3.10/site-packages/airflow/example_dags/example_branch_datetime_operator.py
[2022-05-23 16:57:36,235] {logging_mixin.py:115} INFO - [2022-05-23 16:57:36,234] {dag.py:2371} INFO - Sync 1 DAGs
[2022-05-23 16:57:36,247] {logging_mixin.py:115} INFO - [2022-05-23 16:57:36,247] {dag.py:2915} INFO - Setting next_dagrun for example_branch_datetime_operator_2 to 2022-05-22T00:00:00+00:00, run_after=2022-05-23T00:00:00+00:00
[2022-05-23 16:57:36,256] {processor.py:161} INFO - Processing /Users/mohammadrezakhorasanchian/.pyenv/versions/3.10.4/lib/python3.10/site-packages/airflow/example_dags/example_branch_datetime_operator.py took 0.074 seconds
[2022-05-23 16:58:35,732] {processor.py:153} INFO - Started process (PID=37143) to work on /Users/mohammadrezakhorasanchian/.pyenv/versions/3.10.4/lib/python3.10/site-packages/airflow/example_dags/example_branch_datetime_operator.py
[2022-05-23 16:58:35,732] {processor.py:641} INFO - Processing file /Users/mohammadrezakhorasanchian/.pyenv/versions/3.10.4/lib/python3.10/site-packages/airflow/example_dags/example_branch_datetime_operator.py for tasks to queue
[2022-05-23 16:58:35,732] {logging_mixin.py:115} INFO - [2022-05-23 16:58:35,732] {dagbag.py:507} INFO - Filling up the DagBag from /Users/mohammadrezakhorasanchian/.pyenv/versions/3.10.4/lib/python3.10/site-packages/airflow/example_dags/example_branch_datetime_operator.py
[2022-05-23 16:58:35,742] {processor.py:651} INFO - DAG(s) dict_keys(['example_branch_datetime_operator_2']) retrieved from /Users/mohammadrezakhorasanchian/.pyenv/versions/3.10.4/lib/python3.10/site-packages/airflow/example_dags/example_branch_datetime_operator.py
[2022-05-23 16:58:35,783] {logging_mixin.py:115} INFO - [2022-05-23 16:58:35,783] {dag.py:2371} INFO - Sync 1 DAGs
[2022-05-23 16:58:35,793] {logging_mixin.py:115} INFO - [2022-05-23 16:58:35,793] {dag.py:2915} INFO - Setting next_dagrun for example_branch_datetime_operator_2 to 2022-05-22T00:00:00+00:00, run_after=2022-05-23T00:00:00+00:00
[2022-05-23 16:58:35,801] {processor.py:161} INFO - Processing /Users/mohammadrezakhorasanchian/.pyenv/versions/3.10.4/lib/python3.10/site-packages/airflow/example_dags/example_branch_datetime_operator.py took 0.069 seconds
[2022-05-23 16:59:33,251] {processor.py:153} INFO - Started process (PID=37179) to work on /Users/mohammadrezakhorasanchian/.pyenv/versions/3.10.4/lib/python3.10/site-packages/airflow/example_dags/example_branch_datetime_operator.py
[2022-05-23 16:59:33,251] {processor.py:641} INFO - Processing file /Users/mohammadrezakhorasanchian/.pyenv/versions/3.10.4/lib/python3.10/site-packages/airflow/example_dags/example_branch_datetime_operator.py for tasks to queue
[2022-05-23 16:59:33,251] {logging_mixin.py:115} INFO - [2022-05-23 16:59:33,251] {dagbag.py:507} INFO - Filling up the DagBag from /Users/mohammadrezakhorasanchian/.pyenv/versions/3.10.4/lib/python3.10/site-packages/airflow/example_dags/example_branch_datetime_operator.py
[2022-05-23 16:59:33,261] {processor.py:651} INFO - DAG(s) dict_keys(['example_branch_datetime_operator_2']) retrieved from /Users/mohammadrezakhorasanchian/.pyenv/versions/3.10.4/lib/python3.10/site-packages/airflow/example_dags/example_branch_datetime_operator.py
[2022-05-23 16:59:33,302] {logging_mixin.py:115} INFO - [2022-05-23 16:59:33,302] {dag.py:2371} INFO - Sync 1 DAGs
[2022-05-23 16:59:33,312] {logging_mixin.py:115} INFO - [2022-05-23 16:59:33,312] {dag.py:2915} INFO - Setting next_dagrun for example_branch_datetime_operator_2 to 2022-05-22T00:00:00+00:00, run_after=2022-05-23T00:00:00+00:00
[2022-05-23 16:59:33,319] {processor.py:161} INFO - Processing /Users/mohammadrezakhorasanchian/.pyenv/versions/3.10.4/lib/python3.10/site-packages/airflow/example_dags/example_branch_datetime_operator.py took 0.068 seconds
[2022-05-23 17:01:00,072] {processor.py:153} INFO - Started process (PID=37305) to work on /Users/mohammadrezakhorasanchian/.pyenv/versions/3.10.4/lib/python3.10/site-packages/airflow/example_dags/example_branch_datetime_operator.py
[2022-05-23 17:01:00,072] {processor.py:641} INFO - Processing file /Users/mohammadrezakhorasanchian/.pyenv/versions/3.10.4/lib/python3.10/site-packages/airflow/example_dags/example_branch_datetime_operator.py for tasks to queue
[2022-05-23 17:01:00,072] {logging_mixin.py:115} INFO - [2022-05-23 17:01:00,072] {dagbag.py:507} INFO - Filling up the DagBag from /Users/mohammadrezakhorasanchian/.pyenv/versions/3.10.4/lib/python3.10/site-packages/airflow/example_dags/example_branch_datetime_operator.py
[2022-05-23 17:01:00,087] {processor.py:651} INFO - DAG(s) dict_keys(['example_branch_datetime_operator_2']) retrieved from /Users/mohammadrezakhorasanchian/.pyenv/versions/3.10.4/lib/python3.10/site-packages/airflow/example_dags/example_branch_datetime_operator.py
[2022-05-23 17:01:00,143] {logging_mixin.py:115} INFO - [2022-05-23 17:01:00,143] {dag.py:2371} INFO - Sync 1 DAGs
[2022-05-23 17:01:00,157] {logging_mixin.py:115} INFO - [2022-05-23 17:01:00,157] {dag.py:2915} INFO - Setting next_dagrun for example_branch_datetime_operator_2 to 2022-05-22T00:00:00+00:00, run_after=2022-05-23T00:00:00+00:00
[2022-05-23 17:01:00,167] {processor.py:161} INFO - Processing /Users/mohammadrezakhorasanchian/.pyenv/versions/3.10.4/lib/python3.10/site-packages/airflow/example_dags/example_branch_datetime_operator.py took 0.096 seconds
[2022-05-23 17:01:57,704] {processor.py:153} INFO - Started process (PID=37418) to work on /Users/mohammadrezakhorasanchian/.pyenv/versions/3.10.4/lib/python3.10/site-packages/airflow/example_dags/example_branch_datetime_operator.py
[2022-05-23 17:01:57,704] {processor.py:641} INFO - Processing file /Users/mohammadrezakhorasanchian/.pyenv/versions/3.10.4/lib/python3.10/site-packages/airflow/example_dags/example_branch_datetime_operator.py for tasks to queue
[2022-05-23 17:01:57,704] {logging_mixin.py:115} INFO - [2022-05-23 17:01:57,704] {dagbag.py:507} INFO - Filling up the DagBag from /Users/mohammadrezakhorasanchian/.pyenv/versions/3.10.4/lib/python3.10/site-packages/airflow/example_dags/example_branch_datetime_operator.py
[2022-05-23 17:01:57,714] {processor.py:651} INFO - DAG(s) dict_keys(['example_branch_datetime_operator_2']) retrieved from /Users/mohammadrezakhorasanchian/.pyenv/versions/3.10.4/lib/python3.10/site-packages/airflow/example_dags/example_branch_datetime_operator.py
[2022-05-23 17:01:57,755] {logging_mixin.py:115} INFO - [2022-05-23 17:01:57,755] {dag.py:2371} INFO - Sync 1 DAGs
[2022-05-23 17:01:57,765] {logging_mixin.py:115} INFO - [2022-05-23 17:01:57,765] {dag.py:2915} INFO - Setting next_dagrun for example_branch_datetime_operator_2 to 2022-05-22T00:00:00+00:00, run_after=2022-05-23T00:00:00+00:00
[2022-05-23 17:01:57,772] {processor.py:161} INFO - Processing /Users/mohammadrezakhorasanchian/.pyenv/versions/3.10.4/lib/python3.10/site-packages/airflow/example_dags/example_branch_datetime_operator.py took 0.069 seconds
[2022-05-23 17:02:58,350] {processor.py:153} INFO - Started process (PID=37532) to work on /Users/mohammadrezakhorasanchian/.pyenv/versions/3.10.4/lib/python3.10/site-packages/airflow/example_dags/example_branch_datetime_operator.py
[2022-05-23 17:02:58,350] {processor.py:641} INFO - Processing file /Users/mohammadrezakhorasanchian/.pyenv/versions/3.10.4/lib/python3.10/site-packages/airflow/example_dags/example_branch_datetime_operator.py for tasks to queue
[2022-05-23 17:02:58,350] {logging_mixin.py:115} INFO - [2022-05-23 17:02:58,350] {dagbag.py:507} INFO - Filling up the DagBag from /Users/mohammadrezakhorasanchian/.pyenv/versions/3.10.4/lib/python3.10/site-packages/airflow/example_dags/example_branch_datetime_operator.py
[2022-05-23 17:02:58,360] {processor.py:651} INFO - DAG(s) dict_keys(['example_branch_datetime_operator_2']) retrieved from /Users/mohammadrezakhorasanchian/.pyenv/versions/3.10.4/lib/python3.10/site-packages/airflow/example_dags/example_branch_datetime_operator.py
[2022-05-23 17:02:58,409] {logging_mixin.py:115} INFO - [2022-05-23 17:02:58,409] {dag.py:2371} INFO - Sync 1 DAGs
[2022-05-23 17:02:58,420] {logging_mixin.py:115} INFO - [2022-05-23 17:02:58,420] {dag.py:2915} INFO - Setting next_dagrun for example_branch_datetime_operator_2 to 2022-05-22T00:00:00+00:00, run_after=2022-05-23T00:00:00+00:00
[2022-05-23 17:02:58,427] {processor.py:161} INFO - Processing /Users/mohammadrezakhorasanchian/.pyenv/versions/3.10.4/lib/python3.10/site-packages/airflow/example_dags/example_branch_datetime_operator.py took 0.077 seconds
[2022-05-23 17:04:25,177] {processor.py:153} INFO - Started process (PID=37690) to work on /Users/mohammadrezakhorasanchian/.pyenv/versions/3.10.4/lib/python3.10/site-packages/airflow/example_dags/example_branch_datetime_operator.py
[2022-05-23 17:04:25,177] {processor.py:641} INFO - Processing file /Users/mohammadrezakhorasanchian/.pyenv/versions/3.10.4/lib/python3.10/site-packages/airflow/example_dags/example_branch_datetime_operator.py for tasks to queue
[2022-05-23 17:04:25,177] {logging_mixin.py:115} INFO - [2022-05-23 17:04:25,177] {dagbag.py:507} INFO - Filling up the DagBag from /Users/mohammadrezakhorasanchian/.pyenv/versions/3.10.4/lib/python3.10/site-packages/airflow/example_dags/example_branch_datetime_operator.py
[2022-05-23 17:04:25,188] {processor.py:651} INFO - DAG(s) dict_keys(['example_branch_datetime_operator_2']) retrieved from /Users/mohammadrezakhorasanchian/.pyenv/versions/3.10.4/lib/python3.10/site-packages/airflow/example_dags/example_branch_datetime_operator.py
[2022-05-23 17:04:25,230] {logging_mixin.py:115} INFO - [2022-05-23 17:04:25,230] {dag.py:2371} INFO - Sync 1 DAGs
[2022-05-23 17:04:25,241] {logging_mixin.py:115} INFO - [2022-05-23 17:04:25,241] {dag.py:2915} INFO - Setting next_dagrun for example_branch_datetime_operator_2 to 2022-05-22T00:00:00+00:00, run_after=2022-05-23T00:00:00+00:00
[2022-05-23 17:04:25,249] {processor.py:161} INFO - Processing /Users/mohammadrezakhorasanchian/.pyenv/versions/3.10.4/lib/python3.10/site-packages/airflow/example_dags/example_branch_datetime_operator.py took 0.073 seconds
[2022-05-23 17:05:27,510] {processor.py:153} INFO - Started process (PID=37805) to work on /Users/mohammadrezakhorasanchian/.pyenv/versions/3.10.4/lib/python3.10/site-packages/airflow/example_dags/example_branch_datetime_operator.py
[2022-05-23 17:05:27,510] {processor.py:641} INFO - Processing file /Users/mohammadrezakhorasanchian/.pyenv/versions/3.10.4/lib/python3.10/site-packages/airflow/example_dags/example_branch_datetime_operator.py for tasks to queue
[2022-05-23 17:05:27,510] {logging_mixin.py:115} INFO - [2022-05-23 17:05:27,510] {dagbag.py:507} INFO - Filling up the DagBag from /Users/mohammadrezakhorasanchian/.pyenv/versions/3.10.4/lib/python3.10/site-packages/airflow/example_dags/example_branch_datetime_operator.py
[2022-05-23 17:05:27,520] {processor.py:651} INFO - DAG(s) dict_keys(['example_branch_datetime_operator_2']) retrieved from /Users/mohammadrezakhorasanchian/.pyenv/versions/3.10.4/lib/python3.10/site-packages/airflow/example_dags/example_branch_datetime_operator.py
[2022-05-23 17:05:27,561] {logging_mixin.py:115} INFO - [2022-05-23 17:05:27,561] {dag.py:2371} INFO - Sync 1 DAGs
[2022-05-23 17:05:27,571] {logging_mixin.py:115} INFO - [2022-05-23 17:05:27,571] {dag.py:2915} INFO - Setting next_dagrun for example_branch_datetime_operator_2 to 2022-05-22T00:00:00+00:00, run_after=2022-05-23T00:00:00+00:00
[2022-05-23 17:05:27,579] {processor.py:161} INFO - Processing /Users/mohammadrezakhorasanchian/.pyenv/versions/3.10.4/lib/python3.10/site-packages/airflow/example_dags/example_branch_datetime_operator.py took 0.069 seconds
[2022-05-23 17:06:57,208] {processor.py:153} INFO - Started process (PID=37969) to work on /Users/mohammadrezakhorasanchian/.pyenv/versions/3.10.4/lib/python3.10/site-packages/airflow/example_dags/example_branch_datetime_operator.py
[2022-05-23 17:06:57,208] {processor.py:641} INFO - Processing file /Users/mohammadrezakhorasanchian/.pyenv/versions/3.10.4/lib/python3.10/site-packages/airflow/example_dags/example_branch_datetime_operator.py for tasks to queue
[2022-05-23 17:06:57,208] {logging_mixin.py:115} INFO - [2022-05-23 17:06:57,208] {dagbag.py:507} INFO - Filling up the DagBag from /Users/mohammadrezakhorasanchian/.pyenv/versions/3.10.4/lib/python3.10/site-packages/airflow/example_dags/example_branch_datetime_operator.py
[2022-05-23 17:06:57,218] {processor.py:651} INFO - DAG(s) dict_keys(['example_branch_datetime_operator_2']) retrieved from /Users/mohammadrezakhorasanchian/.pyenv/versions/3.10.4/lib/python3.10/site-packages/airflow/example_dags/example_branch_datetime_operator.py
[2022-05-23 17:06:57,263] {logging_mixin.py:115} INFO - [2022-05-23 17:06:57,263] {dag.py:2371} INFO - Sync 1 DAGs
[2022-05-23 17:06:57,274] {logging_mixin.py:115} INFO - [2022-05-23 17:06:57,274] {dag.py:2915} INFO - Setting next_dagrun for example_branch_datetime_operator_2 to 2022-05-22T00:00:00+00:00, run_after=2022-05-23T00:00:00+00:00
[2022-05-23 17:06:57,282] {processor.py:161} INFO - Processing /Users/mohammadrezakhorasanchian/.pyenv/versions/3.10.4/lib/python3.10/site-packages/airflow/example_dags/example_branch_datetime_operator.py took 0.074 seconds
[2022-05-23 17:08:00,051] {processor.py:153} INFO - Started process (PID=38082) to work on /Users/mohammadrezakhorasanchian/.pyenv/versions/3.10.4/lib/python3.10/site-packages/airflow/example_dags/example_branch_datetime_operator.py
[2022-05-23 17:08:00,051] {processor.py:641} INFO - Processing file /Users/mohammadrezakhorasanchian/.pyenv/versions/3.10.4/lib/python3.10/site-packages/airflow/example_dags/example_branch_datetime_operator.py for tasks to queue
[2022-05-23 17:08:00,051] {logging_mixin.py:115} INFO - [2022-05-23 17:08:00,051] {dagbag.py:507} INFO - Filling up the DagBag from /Users/mohammadrezakhorasanchian/.pyenv/versions/3.10.4/lib/python3.10/site-packages/airflow/example_dags/example_branch_datetime_operator.py
[2022-05-23 17:08:00,061] {processor.py:651} INFO - DAG(s) dict_keys(['example_branch_datetime_operator_2']) retrieved from /Users/mohammadrezakhorasanchian/.pyenv/versions/3.10.4/lib/python3.10/site-packages/airflow/example_dags/example_branch_datetime_operator.py
[2022-05-23 17:08:00,104] {logging_mixin.py:115} INFO - [2022-05-23 17:08:00,104] {dag.py:2371} INFO - Sync 1 DAGs
[2022-05-23 17:08:00,114] {logging_mixin.py:115} INFO - [2022-05-23 17:08:00,114] {dag.py:2915} INFO - Setting next_dagrun for example_branch_datetime_operator_2 to 2022-05-22T00:00:00+00:00, run_after=2022-05-23T00:00:00+00:00
[2022-05-23 17:08:00,121] {processor.py:161} INFO - Processing /Users/mohammadrezakhorasanchian/.pyenv/versions/3.10.4/lib/python3.10/site-packages/airflow/example_dags/example_branch_datetime_operator.py took 0.071 seconds
[2022-05-23 17:09:03,677] {processor.py:153} INFO - Started process (PID=38199) to work on /Users/mohammadrezakhorasanchian/.pyenv/versions/3.10.4/lib/python3.10/site-packages/airflow/example_dags/example_branch_datetime_operator.py
[2022-05-23 17:09:03,677] {processor.py:641} INFO - Processing file /Users/mohammadrezakhorasanchian/.pyenv/versions/3.10.4/lib/python3.10/site-packages/airflow/example_dags/example_branch_datetime_operator.py for tasks to queue
[2022-05-23 17:09:03,678] {logging_mixin.py:115} INFO - [2022-05-23 17:09:03,677] {dagbag.py:507} INFO - Filling up the DagBag from /Users/mohammadrezakhorasanchian/.pyenv/versions/3.10.4/lib/python3.10/site-packages/airflow/example_dags/example_branch_datetime_operator.py
[2022-05-23 17:09:03,688] {processor.py:651} INFO - DAG(s) dict_keys(['example_branch_datetime_operator_2']) retrieved from /Users/mohammadrezakhorasanchian/.pyenv/versions/3.10.4/lib/python3.10/site-packages/airflow/example_dags/example_branch_datetime_operator.py
[2022-05-23 17:09:03,729] {logging_mixin.py:115} INFO - [2022-05-23 17:09:03,729] {dag.py:2371} INFO - Sync 1 DAGs
[2022-05-23 17:09:03,740] {logging_mixin.py:115} INFO - [2022-05-23 17:09:03,740] {dag.py:2915} INFO - Setting next_dagrun for example_branch_datetime_operator_2 to 2022-05-22T00:00:00+00:00, run_after=2022-05-23T00:00:00+00:00
[2022-05-23 17:09:03,747] {processor.py:161} INFO - Processing /Users/mohammadrezakhorasanchian/.pyenv/versions/3.10.4/lib/python3.10/site-packages/airflow/example_dags/example_branch_datetime_operator.py took 0.070 seconds
[2022-05-23 17:10:06,543] {processor.py:153} INFO - Started process (PID=38309) to work on /Users/mohammadrezakhorasanchian/.pyenv/versions/3.10.4/lib/python3.10/site-packages/airflow/example_dags/example_branch_datetime_operator.py
[2022-05-23 17:10:06,543] {processor.py:641} INFO - Processing file /Users/mohammadrezakhorasanchian/.pyenv/versions/3.10.4/lib/python3.10/site-packages/airflow/example_dags/example_branch_datetime_operator.py for tasks to queue
[2022-05-23 17:10:06,543] {logging_mixin.py:115} INFO - [2022-05-23 17:10:06,543] {dagbag.py:507} INFO - Filling up the DagBag from /Users/mohammadrezakhorasanchian/.pyenv/versions/3.10.4/lib/python3.10/site-packages/airflow/example_dags/example_branch_datetime_operator.py
[2022-05-23 17:10:06,554] {processor.py:651} INFO - DAG(s) dict_keys(['example_branch_datetime_operator_2']) retrieved from /Users/mohammadrezakhorasanchian/.pyenv/versions/3.10.4/lib/python3.10/site-packages/airflow/example_dags/example_branch_datetime_operator.py
[2022-05-23 17:10:06,595] {logging_mixin.py:115} INFO - [2022-05-23 17:10:06,595] {dag.py:2371} INFO - Sync 1 DAGs
[2022-05-23 17:10:06,606] {logging_mixin.py:115} INFO - [2022-05-23 17:10:06,606] {dag.py:2915} INFO - Setting next_dagrun for example_branch_datetime_operator_2 to 2022-05-22T00:00:00+00:00, run_after=2022-05-23T00:00:00+00:00
[2022-05-23 17:10:06,612] {processor.py:161} INFO - Processing /Users/mohammadrezakhorasanchian/.pyenv/versions/3.10.4/lib/python3.10/site-packages/airflow/example_dags/example_branch_datetime_operator.py took 0.070 seconds
[2022-05-23 17:11:08,077] {processor.py:153} INFO - Started process (PID=38417) to work on /Users/mohammadrezakhorasanchian/.pyenv/versions/3.10.4/lib/python3.10/site-packages/airflow/example_dags/example_branch_datetime_operator.py
[2022-05-23 17:11:08,077] {processor.py:641} INFO - Processing file /Users/mohammadrezakhorasanchian/.pyenv/versions/3.10.4/lib/python3.10/site-packages/airflow/example_dags/example_branch_datetime_operator.py for tasks to queue
[2022-05-23 17:11:08,078] {logging_mixin.py:115} INFO - [2022-05-23 17:11:08,078] {dagbag.py:507} INFO - Filling up the DagBag from /Users/mohammadrezakhorasanchian/.pyenv/versions/3.10.4/lib/python3.10/site-packages/airflow/example_dags/example_branch_datetime_operator.py
[2022-05-23 17:11:08,087] {processor.py:651} INFO - DAG(s) dict_keys(['example_branch_datetime_operator_2']) retrieved from /Users/mohammadrezakhorasanchian/.pyenv/versions/3.10.4/lib/python3.10/site-packages/airflow/example_dags/example_branch_datetime_operator.py
[2022-05-23 17:11:08,130] {logging_mixin.py:115} INFO - [2022-05-23 17:11:08,130] {dag.py:2371} INFO - Sync 1 DAGs
[2022-05-23 17:11:08,140] {logging_mixin.py:115} INFO - [2022-05-23 17:11:08,140] {dag.py:2915} INFO - Setting next_dagrun for example_branch_datetime_operator_2 to 2022-05-22T00:00:00+00:00, run_after=2022-05-23T00:00:00+00:00
[2022-05-23 17:11:08,148] {processor.py:161} INFO - Processing /Users/mohammadrezakhorasanchian/.pyenv/versions/3.10.4/lib/python3.10/site-packages/airflow/example_dags/example_branch_datetime_operator.py took 0.071 seconds
[2022-05-23 17:12:07,011] {processor.py:153} INFO - Started process (PID=38517) to work on /Users/mohammadrezakhorasanchian/.pyenv/versions/3.10.4/lib/python3.10/site-packages/airflow/example_dags/example_branch_datetime_operator.py
[2022-05-23 17:12:07,011] {processor.py:641} INFO - Processing file /Users/mohammadrezakhorasanchian/.pyenv/versions/3.10.4/lib/python3.10/site-packages/airflow/example_dags/example_branch_datetime_operator.py for tasks to queue
[2022-05-23 17:12:07,012] {logging_mixin.py:115} INFO - [2022-05-23 17:12:07,011] {dagbag.py:507} INFO - Filling up the DagBag from /Users/mohammadrezakhorasanchian/.pyenv/versions/3.10.4/lib/python3.10/site-packages/airflow/example_dags/example_branch_datetime_operator.py
[2022-05-23 17:12:07,024] {processor.py:651} INFO - DAG(s) dict_keys(['example_branch_datetime_operator_2']) retrieved from /Users/mohammadrezakhorasanchian/.pyenv/versions/3.10.4/lib/python3.10/site-packages/airflow/example_dags/example_branch_datetime_operator.py
[2022-05-23 17:12:07,097] {logging_mixin.py:115} INFO - [2022-05-23 17:12:07,097] {dag.py:2371} INFO - Sync 1 DAGs
[2022-05-23 17:12:07,115] {logging_mixin.py:115} INFO - [2022-05-23 17:12:07,115] {dag.py:2915} INFO - Setting next_dagrun for example_branch_datetime_operator_2 to 2022-05-22T00:00:00+00:00, run_after=2022-05-23T00:00:00+00:00
[2022-05-23 17:12:07,126] {processor.py:161} INFO - Processing /Users/mohammadrezakhorasanchian/.pyenv/versions/3.10.4/lib/python3.10/site-packages/airflow/example_dags/example_branch_datetime_operator.py took 0.115 seconds
[2022-05-23 17:13:08,464] {processor.py:153} INFO - Started process (PID=38571) to work on /Users/mohammadrezakhorasanchian/.pyenv/versions/3.10.4/lib/python3.10/site-packages/airflow/example_dags/example_branch_datetime_operator.py
[2022-05-23 17:13:08,464] {processor.py:641} INFO - Processing file /Users/mohammadrezakhorasanchian/.pyenv/versions/3.10.4/lib/python3.10/site-packages/airflow/example_dags/example_branch_datetime_operator.py for tasks to queue
[2022-05-23 17:13:08,465] {logging_mixin.py:115} INFO - [2022-05-23 17:13:08,465] {dagbag.py:507} INFO - Filling up the DagBag from /Users/mohammadrezakhorasanchian/.pyenv/versions/3.10.4/lib/python3.10/site-packages/airflow/example_dags/example_branch_datetime_operator.py
[2022-05-23 17:13:08,474] {processor.py:651} INFO - DAG(s) dict_keys(['example_branch_datetime_operator_2']) retrieved from /Users/mohammadrezakhorasanchian/.pyenv/versions/3.10.4/lib/python3.10/site-packages/airflow/example_dags/example_branch_datetime_operator.py
[2022-05-23 17:13:08,515] {logging_mixin.py:115} INFO - [2022-05-23 17:13:08,515] {dag.py:2371} INFO - Sync 1 DAGs
[2022-05-23 17:13:08,526] {logging_mixin.py:115} INFO - [2022-05-23 17:13:08,526] {dag.py:2915} INFO - Setting next_dagrun for example_branch_datetime_operator_2 to 2022-05-22T00:00:00+00:00, run_after=2022-05-23T00:00:00+00:00
[2022-05-23 17:13:08,533] {processor.py:161} INFO - Processing /Users/mohammadrezakhorasanchian/.pyenv/versions/3.10.4/lib/python3.10/site-packages/airflow/example_dags/example_branch_datetime_operator.py took 0.069 seconds
[2022-05-23 17:14:08,199] {processor.py:153} INFO - Started process (PID=38676) to work on /Users/mohammadrezakhorasanchian/.pyenv/versions/3.10.4/lib/python3.10/site-packages/airflow/example_dags/example_branch_datetime_operator.py
[2022-05-23 17:14:08,199] {processor.py:641} INFO - Processing file /Users/mohammadrezakhorasanchian/.pyenv/versions/3.10.4/lib/python3.10/site-packages/airflow/example_dags/example_branch_datetime_operator.py for tasks to queue
[2022-05-23 17:14:08,199] {logging_mixin.py:115} INFO - [2022-05-23 17:14:08,199] {dagbag.py:507} INFO - Filling up the DagBag from /Users/mohammadrezakhorasanchian/.pyenv/versions/3.10.4/lib/python3.10/site-packages/airflow/example_dags/example_branch_datetime_operator.py
[2022-05-23 17:14:08,209] {processor.py:651} INFO - DAG(s) dict_keys(['example_branch_datetime_operator_2']) retrieved from /Users/mohammadrezakhorasanchian/.pyenv/versions/3.10.4/lib/python3.10/site-packages/airflow/example_dags/example_branch_datetime_operator.py
[2022-05-23 17:14:08,252] {logging_mixin.py:115} INFO - [2022-05-23 17:14:08,252] {dag.py:2371} INFO - Sync 1 DAGs
[2022-05-23 17:14:08,262] {logging_mixin.py:115} INFO - [2022-05-23 17:14:08,262] {dag.py:2915} INFO - Setting next_dagrun for example_branch_datetime_operator_2 to 2022-05-22T00:00:00+00:00, run_after=2022-05-23T00:00:00+00:00
[2022-05-23 17:14:08,272] {processor.py:161} INFO - Processing /Users/mohammadrezakhorasanchian/.pyenv/versions/3.10.4/lib/python3.10/site-packages/airflow/example_dags/example_branch_datetime_operator.py took 0.074 seconds
[2022-05-23 17:15:07,201] {processor.py:153} INFO - Started process (PID=38773) to work on /Users/mohammadrezakhorasanchian/.pyenv/versions/3.10.4/lib/python3.10/site-packages/airflow/example_dags/example_branch_datetime_operator.py
[2022-05-23 17:15:07,201] {processor.py:641} INFO - Processing file /Users/mohammadrezakhorasanchian/.pyenv/versions/3.10.4/lib/python3.10/site-packages/airflow/example_dags/example_branch_datetime_operator.py for tasks to queue
[2022-05-23 17:15:07,202] {logging_mixin.py:115} INFO - [2022-05-23 17:15:07,202] {dagbag.py:507} INFO - Filling up the DagBag from /Users/mohammadrezakhorasanchian/.pyenv/versions/3.10.4/lib/python3.10/site-packages/airflow/example_dags/example_branch_datetime_operator.py
[2022-05-23 17:15:07,216] {processor.py:651} INFO - DAG(s) dict_keys(['example_branch_datetime_operator_2']) retrieved from /Users/mohammadrezakhorasanchian/.pyenv/versions/3.10.4/lib/python3.10/site-packages/airflow/example_dags/example_branch_datetime_operator.py
[2022-05-23 17:15:07,274] {logging_mixin.py:115} INFO - [2022-05-23 17:15:07,274] {dag.py:2371} INFO - Sync 1 DAGs
[2022-05-23 17:15:07,289] {logging_mixin.py:115} INFO - [2022-05-23 17:15:07,289] {dag.py:2915} INFO - Setting next_dagrun for example_branch_datetime_operator_2 to 2022-05-22T00:00:00+00:00, run_after=2022-05-23T00:00:00+00:00
[2022-05-23 17:15:07,299] {processor.py:161} INFO - Processing /Users/mohammadrezakhorasanchian/.pyenv/versions/3.10.4/lib/python3.10/site-packages/airflow/example_dags/example_branch_datetime_operator.py took 0.098 seconds
[2022-05-23 17:16:05,006] {processor.py:153} INFO - Started process (PID=38823) to work on /Users/mohammadrezakhorasanchian/.pyenv/versions/3.10.4/lib/python3.10/site-packages/airflow/example_dags/example_branch_datetime_operator.py
[2022-05-23 17:16:05,006] {processor.py:641} INFO - Processing file /Users/mohammadrezakhorasanchian/.pyenv/versions/3.10.4/lib/python3.10/site-packages/airflow/example_dags/example_branch_datetime_operator.py for tasks to queue
[2022-05-23 17:16:05,006] {logging_mixin.py:115} INFO - [2022-05-23 17:16:05,006] {dagbag.py:507} INFO - Filling up the DagBag from /Users/mohammadrezakhorasanchian/.pyenv/versions/3.10.4/lib/python3.10/site-packages/airflow/example_dags/example_branch_datetime_operator.py
[2022-05-23 17:16:05,018] {processor.py:651} INFO - DAG(s) dict_keys(['example_branch_datetime_operator_2']) retrieved from /Users/mohammadrezakhorasanchian/.pyenv/versions/3.10.4/lib/python3.10/site-packages/airflow/example_dags/example_branch_datetime_operator.py
[2022-05-23 17:16:05,063] {logging_mixin.py:115} INFO - [2022-05-23 17:16:05,063] {dag.py:2371} INFO - Sync 1 DAGs
[2022-05-23 17:16:05,074] {logging_mixin.py:115} INFO - [2022-05-23 17:16:05,074] {dag.py:2915} INFO - Setting next_dagrun for example_branch_datetime_operator_2 to 2022-05-22T00:00:00+00:00, run_after=2022-05-23T00:00:00+00:00
[2022-05-23 17:16:05,084] {processor.py:161} INFO - Processing /Users/mohammadrezakhorasanchian/.pyenv/versions/3.10.4/lib/python3.10/site-packages/airflow/example_dags/example_branch_datetime_operator.py took 0.078 seconds
[2022-05-23 17:17:05,681] {processor.py:153} INFO - Started process (PID=38867) to work on /Users/mohammadrezakhorasanchian/.pyenv/versions/3.10.4/lib/python3.10/site-packages/airflow/example_dags/example_branch_datetime_operator.py
[2022-05-23 17:17:05,681] {processor.py:641} INFO - Processing file /Users/mohammadrezakhorasanchian/.pyenv/versions/3.10.4/lib/python3.10/site-packages/airflow/example_dags/example_branch_datetime_operator.py for tasks to queue
[2022-05-23 17:17:05,681] {logging_mixin.py:115} INFO - [2022-05-23 17:17:05,681] {dagbag.py:507} INFO - Filling up the DagBag from /Users/mohammadrezakhorasanchian/.pyenv/versions/3.10.4/lib/python3.10/site-packages/airflow/example_dags/example_branch_datetime_operator.py
[2022-05-23 17:17:05,692] {processor.py:651} INFO - DAG(s) dict_keys(['example_branch_datetime_operator_2']) retrieved from /Users/mohammadrezakhorasanchian/.pyenv/versions/3.10.4/lib/python3.10/site-packages/airflow/example_dags/example_branch_datetime_operator.py
[2022-05-23 17:17:05,744] {logging_mixin.py:115} INFO - [2022-05-23 17:17:05,744] {dag.py:2371} INFO - Sync 1 DAGs
[2022-05-23 17:17:05,757] {logging_mixin.py:115} INFO - [2022-05-23 17:17:05,757] {dag.py:2915} INFO - Setting next_dagrun for example_branch_datetime_operator_2 to 2022-05-22T00:00:00+00:00, run_after=2022-05-23T00:00:00+00:00
[2022-05-23 17:17:05,766] {processor.py:161} INFO - Processing /Users/mohammadrezakhorasanchian/.pyenv/versions/3.10.4/lib/python3.10/site-packages/airflow/example_dags/example_branch_datetime_operator.py took 0.086 seconds
[2022-05-23 17:18:07,735] {processor.py:153} INFO - Started process (PID=38912) to work on /Users/mohammadrezakhorasanchian/.pyenv/versions/3.10.4/lib/python3.10/site-packages/airflow/example_dags/example_branch_datetime_operator.py
[2022-05-23 17:18:07,735] {processor.py:641} INFO - Processing file /Users/mohammadrezakhorasanchian/.pyenv/versions/3.10.4/lib/python3.10/site-packages/airflow/example_dags/example_branch_datetime_operator.py for tasks to queue
[2022-05-23 17:18:07,735] {logging_mixin.py:115} INFO - [2022-05-23 17:18:07,735] {dagbag.py:507} INFO - Filling up the DagBag from /Users/mohammadrezakhorasanchian/.pyenv/versions/3.10.4/lib/python3.10/site-packages/airflow/example_dags/example_branch_datetime_operator.py
[2022-05-23 17:18:07,748] {processor.py:651} INFO - DAG(s) dict_keys(['example_branch_datetime_operator_2']) retrieved from /Users/mohammadrezakhorasanchian/.pyenv/versions/3.10.4/lib/python3.10/site-packages/airflow/example_dags/example_branch_datetime_operator.py
[2022-05-23 17:18:07,798] {logging_mixin.py:115} INFO - [2022-05-23 17:18:07,798] {dag.py:2371} INFO - Sync 1 DAGs
[2022-05-23 17:18:07,810] {logging_mixin.py:115} INFO - [2022-05-23 17:18:07,810] {dag.py:2915} INFO - Setting next_dagrun for example_branch_datetime_operator_2 to 2022-05-22T00:00:00+00:00, run_after=2022-05-23T00:00:00+00:00
[2022-05-23 17:18:07,818] {processor.py:161} INFO - Processing /Users/mohammadrezakhorasanchian/.pyenv/versions/3.10.4/lib/python3.10/site-packages/airflow/example_dags/example_branch_datetime_operator.py took 0.084 seconds
[2022-05-23 17:19:09,415] {processor.py:153} INFO - Started process (PID=39015) to work on /Users/mohammadrezakhorasanchian/.pyenv/versions/3.10.4/lib/python3.10/site-packages/airflow/example_dags/example_branch_datetime_operator.py
[2022-05-23 17:19:09,415] {processor.py:641} INFO - Processing file /Users/mohammadrezakhorasanchian/.pyenv/versions/3.10.4/lib/python3.10/site-packages/airflow/example_dags/example_branch_datetime_operator.py for tasks to queue
[2022-05-23 17:19:09,415] {logging_mixin.py:115} INFO - [2022-05-23 17:19:09,415] {dagbag.py:507} INFO - Filling up the DagBag from /Users/mohammadrezakhorasanchian/.pyenv/versions/3.10.4/lib/python3.10/site-packages/airflow/example_dags/example_branch_datetime_operator.py
[2022-05-23 17:19:09,426] {processor.py:651} INFO - DAG(s) dict_keys(['example_branch_datetime_operator_2']) retrieved from /Users/mohammadrezakhorasanchian/.pyenv/versions/3.10.4/lib/python3.10/site-packages/airflow/example_dags/example_branch_datetime_operator.py
[2022-05-23 17:19:09,472] {logging_mixin.py:115} INFO - [2022-05-23 17:19:09,472] {dag.py:2371} INFO - Sync 1 DAGs
[2022-05-23 17:19:09,485] {logging_mixin.py:115} INFO - [2022-05-23 17:19:09,485] {dag.py:2915} INFO - Setting next_dagrun for example_branch_datetime_operator_2 to 2022-05-22T00:00:00+00:00, run_after=2022-05-23T00:00:00+00:00
[2022-05-23 17:19:09,494] {processor.py:161} INFO - Processing /Users/mohammadrezakhorasanchian/.pyenv/versions/3.10.4/lib/python3.10/site-packages/airflow/example_dags/example_branch_datetime_operator.py took 0.079 seconds
[2022-05-23 17:20:13,535] {processor.py:153} INFO - Started process (PID=39125) to work on /Users/mohammadrezakhorasanchian/.pyenv/versions/3.10.4/lib/python3.10/site-packages/airflow/example_dags/example_branch_datetime_operator.py
[2022-05-23 17:20:13,535] {processor.py:641} INFO - Processing file /Users/mohammadrezakhorasanchian/.pyenv/versions/3.10.4/lib/python3.10/site-packages/airflow/example_dags/example_branch_datetime_operator.py for tasks to queue
[2022-05-23 17:20:13,535] {logging_mixin.py:115} INFO - [2022-05-23 17:20:13,535] {dagbag.py:507} INFO - Filling up the DagBag from /Users/mohammadrezakhorasanchian/.pyenv/versions/3.10.4/lib/python3.10/site-packages/airflow/example_dags/example_branch_datetime_operator.py
[2022-05-23 17:20:13,546] {processor.py:651} INFO - DAG(s) dict_keys(['example_branch_datetime_operator_2']) retrieved from /Users/mohammadrezakhorasanchian/.pyenv/versions/3.10.4/lib/python3.10/site-packages/airflow/example_dags/example_branch_datetime_operator.py
[2022-05-23 17:20:13,592] {logging_mixin.py:115} INFO - [2022-05-23 17:20:13,592] {dag.py:2371} INFO - Sync 1 DAGs
[2022-05-23 17:20:13,603] {logging_mixin.py:115} INFO - [2022-05-23 17:20:13,603] {dag.py:2915} INFO - Setting next_dagrun for example_branch_datetime_operator_2 to 2022-05-22T00:00:00+00:00, run_after=2022-05-23T00:00:00+00:00
[2022-05-23 17:20:13,610] {processor.py:161} INFO - Processing /Users/mohammadrezakhorasanchian/.pyenv/versions/3.10.4/lib/python3.10/site-packages/airflow/example_dags/example_branch_datetime_operator.py took 0.076 seconds
[2022-05-23 17:21:13,880] {processor.py:153} INFO - Started process (PID=39205) to work on /Users/mohammadrezakhorasanchian/.pyenv/versions/3.10.4/lib/python3.10/site-packages/airflow/example_dags/example_branch_datetime_operator.py
[2022-05-23 17:21:13,880] {processor.py:641} INFO - Processing file /Users/mohammadrezakhorasanchian/.pyenv/versions/3.10.4/lib/python3.10/site-packages/airflow/example_dags/example_branch_datetime_operator.py for tasks to queue
[2022-05-23 17:21:13,880] {logging_mixin.py:115} INFO - [2022-05-23 17:21:13,880] {dagbag.py:507} INFO - Filling up the DagBag from /Users/mohammadrezakhorasanchian/.pyenv/versions/3.10.4/lib/python3.10/site-packages/airflow/example_dags/example_branch_datetime_operator.py
[2022-05-23 17:21:13,890] {processor.py:651} INFO - DAG(s) dict_keys(['example_branch_datetime_operator_2']) retrieved from /Users/mohammadrezakhorasanchian/.pyenv/versions/3.10.4/lib/python3.10/site-packages/airflow/example_dags/example_branch_datetime_operator.py
[2022-05-23 17:21:13,931] {logging_mixin.py:115} INFO - [2022-05-23 17:21:13,931] {dag.py:2371} INFO - Sync 1 DAGs
[2022-05-23 17:21:13,941] {logging_mixin.py:115} INFO - [2022-05-23 17:21:13,941] {dag.py:2915} INFO - Setting next_dagrun for example_branch_datetime_operator_2 to 2022-05-22T00:00:00+00:00, run_after=2022-05-23T00:00:00+00:00
[2022-05-23 17:21:13,948] {processor.py:161} INFO - Processing /Users/mohammadrezakhorasanchian/.pyenv/versions/3.10.4/lib/python3.10/site-packages/airflow/example_dags/example_branch_datetime_operator.py took 0.069 seconds
[2022-05-23 17:22:15,383] {processor.py:153} INFO - Started process (PID=39280) to work on /Users/mohammadrezakhorasanchian/.pyenv/versions/3.10.4/lib/python3.10/site-packages/airflow/example_dags/example_branch_datetime_operator.py
[2022-05-23 17:22:15,383] {processor.py:641} INFO - Processing file /Users/mohammadrezakhorasanchian/.pyenv/versions/3.10.4/lib/python3.10/site-packages/airflow/example_dags/example_branch_datetime_operator.py for tasks to queue
[2022-05-23 17:22:15,383] {logging_mixin.py:115} INFO - [2022-05-23 17:22:15,383] {dagbag.py:507} INFO - Filling up the DagBag from /Users/mohammadrezakhorasanchian/.pyenv/versions/3.10.4/lib/python3.10/site-packages/airflow/example_dags/example_branch_datetime_operator.py
[2022-05-23 17:22:15,393] {processor.py:651} INFO - DAG(s) dict_keys(['example_branch_datetime_operator_2']) retrieved from /Users/mohammadrezakhorasanchian/.pyenv/versions/3.10.4/lib/python3.10/site-packages/airflow/example_dags/example_branch_datetime_operator.py
[2022-05-23 17:22:15,437] {logging_mixin.py:115} INFO - [2022-05-23 17:22:15,437] {dag.py:2371} INFO - Sync 1 DAGs
[2022-05-23 17:22:15,448] {logging_mixin.py:115} INFO - [2022-05-23 17:22:15,448] {dag.py:2915} INFO - Setting next_dagrun for example_branch_datetime_operator_2 to 2022-05-22T00:00:00+00:00, run_after=2022-05-23T00:00:00+00:00
[2022-05-23 17:22:15,456] {processor.py:161} INFO - Processing /Users/mohammadrezakhorasanchian/.pyenv/versions/3.10.4/lib/python3.10/site-packages/airflow/example_dags/example_branch_datetime_operator.py took 0.074 seconds
[2022-05-23 17:23:27,817] {processor.py:153} INFO - Started process (PID=39335) to work on /Users/mohammadrezakhorasanchian/.pyenv/versions/3.10.4/lib/python3.10/site-packages/airflow/example_dags/example_branch_datetime_operator.py
[2022-05-23 17:23:27,818] {processor.py:641} INFO - Processing file /Users/mohammadrezakhorasanchian/.pyenv/versions/3.10.4/lib/python3.10/site-packages/airflow/example_dags/example_branch_datetime_operator.py for tasks to queue
[2022-05-23 17:23:27,818] {logging_mixin.py:115} INFO - [2022-05-23 17:23:27,818] {dagbag.py:507} INFO - Filling up the DagBag from /Users/mohammadrezakhorasanchian/.pyenv/versions/3.10.4/lib/python3.10/site-packages/airflow/example_dags/example_branch_datetime_operator.py
[2022-05-23 17:23:27,828] {processor.py:651} INFO - DAG(s) dict_keys(['example_branch_datetime_operator_2']) retrieved from /Users/mohammadrezakhorasanchian/.pyenv/versions/3.10.4/lib/python3.10/site-packages/airflow/example_dags/example_branch_datetime_operator.py
[2022-05-23 17:23:27,868] {logging_mixin.py:115} INFO - [2022-05-23 17:23:27,868] {dag.py:2371} INFO - Sync 1 DAGs
[2022-05-23 17:23:27,878] {logging_mixin.py:115} INFO - [2022-05-23 17:23:27,878] {dag.py:2915} INFO - Setting next_dagrun for example_branch_datetime_operator_2 to 2022-05-22T00:00:00+00:00, run_after=2022-05-23T00:00:00+00:00
[2022-05-23 17:23:27,886] {processor.py:161} INFO - Processing /Users/mohammadrezakhorasanchian/.pyenv/versions/3.10.4/lib/python3.10/site-packages/airflow/example_dags/example_branch_datetime_operator.py took 0.069 seconds
[2022-05-23 17:24:35,133] {processor.py:153} INFO - Started process (PID=39437) to work on /Users/mohammadrezakhorasanchian/.pyenv/versions/3.10.4/lib/python3.10/site-packages/airflow/example_dags/example_branch_datetime_operator.py
[2022-05-23 17:24:35,134] {processor.py:641} INFO - Processing file /Users/mohammadrezakhorasanchian/.pyenv/versions/3.10.4/lib/python3.10/site-packages/airflow/example_dags/example_branch_datetime_operator.py for tasks to queue
[2022-05-23 17:24:35,134] {logging_mixin.py:115} INFO - [2022-05-23 17:24:35,134] {dagbag.py:507} INFO - Filling up the DagBag from /Users/mohammadrezakhorasanchian/.pyenv/versions/3.10.4/lib/python3.10/site-packages/airflow/example_dags/example_branch_datetime_operator.py
[2022-05-23 17:24:35,147] {processor.py:651} INFO - DAG(s) dict_keys(['example_branch_datetime_operator_2']) retrieved from /Users/mohammadrezakhorasanchian/.pyenv/versions/3.10.4/lib/python3.10/site-packages/airflow/example_dags/example_branch_datetime_operator.py
[2022-05-23 17:24:35,191] {logging_mixin.py:115} INFO - [2022-05-23 17:24:35,191] {dag.py:2371} INFO - Sync 1 DAGs
[2022-05-23 17:24:35,201] {logging_mixin.py:115} INFO - [2022-05-23 17:24:35,201] {dag.py:2915} INFO - Setting next_dagrun for example_branch_datetime_operator_2 to 2022-05-22T00:00:00+00:00, run_after=2022-05-23T00:00:00+00:00
[2022-05-23 17:24:35,211] {processor.py:161} INFO - Processing /Users/mohammadrezakhorasanchian/.pyenv/versions/3.10.4/lib/python3.10/site-packages/airflow/example_dags/example_branch_datetime_operator.py took 0.079 seconds
[2022-05-23 17:34:29,501] {processor.py:153} INFO - Started process (PID=39765) to work on /Users/mohammadrezakhorasanchian/.pyenv/versions/3.10.4/lib/python3.10/site-packages/airflow/example_dags/example_branch_datetime_operator.py
[2022-05-23 17:34:29,502] {processor.py:641} INFO - Processing file /Users/mohammadrezakhorasanchian/.pyenv/versions/3.10.4/lib/python3.10/site-packages/airflow/example_dags/example_branch_datetime_operator.py for tasks to queue
[2022-05-23 17:34:29,502] {logging_mixin.py:115} INFO - [2022-05-23 17:34:29,502] {dagbag.py:507} INFO - Filling up the DagBag from /Users/mohammadrezakhorasanchian/.pyenv/versions/3.10.4/lib/python3.10/site-packages/airflow/example_dags/example_branch_datetime_operator.py
[2022-05-23 17:34:29,513] {processor.py:651} INFO - DAG(s) dict_keys(['example_branch_datetime_operator_2']) retrieved from /Users/mohammadrezakhorasanchian/.pyenv/versions/3.10.4/lib/python3.10/site-packages/airflow/example_dags/example_branch_datetime_operator.py
[2022-05-23 17:34:29,554] {logging_mixin.py:115} INFO - [2022-05-23 17:34:29,554] {dag.py:2371} INFO - Sync 1 DAGs
[2022-05-23 17:34:29,565] {logging_mixin.py:115} INFO - [2022-05-23 17:34:29,565] {dag.py:2915} INFO - Setting next_dagrun for example_branch_datetime_operator_2 to 2022-05-22T00:00:00+00:00, run_after=2022-05-23T00:00:00+00:00
[2022-05-23 17:34:29,575] {processor.py:161} INFO - Processing /Users/mohammadrezakhorasanchian/.pyenv/versions/3.10.4/lib/python3.10/site-packages/airflow/example_dags/example_branch_datetime_operator.py took 0.074 seconds
[2022-05-23 17:36:00,172] {processor.py:153} INFO - Started process (PID=39828) to work on /Users/mohammadrezakhorasanchian/.pyenv/versions/3.10.4/lib/python3.10/site-packages/airflow/example_dags/example_branch_datetime_operator.py
[2022-05-23 17:36:00,172] {processor.py:641} INFO - Processing file /Users/mohammadrezakhorasanchian/.pyenv/versions/3.10.4/lib/python3.10/site-packages/airflow/example_dags/example_branch_datetime_operator.py for tasks to queue
[2022-05-23 17:36:00,172] {logging_mixin.py:115} INFO - [2022-05-23 17:36:00,172] {dagbag.py:507} INFO - Filling up the DagBag from /Users/mohammadrezakhorasanchian/.pyenv/versions/3.10.4/lib/python3.10/site-packages/airflow/example_dags/example_branch_datetime_operator.py
[2022-05-23 17:36:00,184] {processor.py:651} INFO - DAG(s) dict_keys(['example_branch_datetime_operator_2']) retrieved from /Users/mohammadrezakhorasanchian/.pyenv/versions/3.10.4/lib/python3.10/site-packages/airflow/example_dags/example_branch_datetime_operator.py
[2022-05-23 17:36:00,237] {logging_mixin.py:115} INFO - [2022-05-23 17:36:00,237] {dag.py:2371} INFO - Sync 1 DAGs
[2022-05-23 17:36:00,250] {logging_mixin.py:115} INFO - [2022-05-23 17:36:00,250] {dag.py:2915} INFO - Setting next_dagrun for example_branch_datetime_operator_2 to 2022-05-22T00:00:00+00:00, run_after=2022-05-23T00:00:00+00:00
[2022-05-23 17:36:00,259] {processor.py:161} INFO - Processing /Users/mohammadrezakhorasanchian/.pyenv/versions/3.10.4/lib/python3.10/site-packages/airflow/example_dags/example_branch_datetime_operator.py took 0.088 seconds
[2022-05-23 17:37:00,282] {processor.py:153} INFO - Started process (PID=39869) to work on /Users/mohammadrezakhorasanchian/.pyenv/versions/3.10.4/lib/python3.10/site-packages/airflow/example_dags/example_branch_datetime_operator.py
[2022-05-23 17:37:00,282] {processor.py:641} INFO - Processing file /Users/mohammadrezakhorasanchian/.pyenv/versions/3.10.4/lib/python3.10/site-packages/airflow/example_dags/example_branch_datetime_operator.py for tasks to queue
[2022-05-23 17:37:00,282] {logging_mixin.py:115} INFO - [2022-05-23 17:37:00,282] {dagbag.py:507} INFO - Filling up the DagBag from /Users/mohammadrezakhorasanchian/.pyenv/versions/3.10.4/lib/python3.10/site-packages/airflow/example_dags/example_branch_datetime_operator.py
[2022-05-23 17:37:00,292] {processor.py:651} INFO - DAG(s) dict_keys(['example_branch_datetime_operator_2']) retrieved from /Users/mohammadrezakhorasanchian/.pyenv/versions/3.10.4/lib/python3.10/site-packages/airflow/example_dags/example_branch_datetime_operator.py
[2022-05-23 17:37:00,333] {logging_mixin.py:115} INFO - [2022-05-23 17:37:00,333] {dag.py:2371} INFO - Sync 1 DAGs
[2022-05-23 17:37:00,343] {logging_mixin.py:115} INFO - [2022-05-23 17:37:00,343] {dag.py:2915} INFO - Setting next_dagrun for example_branch_datetime_operator_2 to 2022-05-22T00:00:00+00:00, run_after=2022-05-23T00:00:00+00:00
[2022-05-23 17:37:00,351] {processor.py:161} INFO - Processing /Users/mohammadrezakhorasanchian/.pyenv/versions/3.10.4/lib/python3.10/site-packages/airflow/example_dags/example_branch_datetime_operator.py took 0.069 seconds
[2022-05-23 17:37:57,306] {processor.py:153} INFO - Started process (PID=39907) to work on /Users/mohammadrezakhorasanchian/.pyenv/versions/3.10.4/lib/python3.10/site-packages/airflow/example_dags/example_branch_datetime_operator.py
[2022-05-23 17:37:57,306] {processor.py:641} INFO - Processing file /Users/mohammadrezakhorasanchian/.pyenv/versions/3.10.4/lib/python3.10/site-packages/airflow/example_dags/example_branch_datetime_operator.py for tasks to queue
[2022-05-23 17:37:57,306] {logging_mixin.py:115} INFO - [2022-05-23 17:37:57,306] {dagbag.py:507} INFO - Filling up the DagBag from /Users/mohammadrezakhorasanchian/.pyenv/versions/3.10.4/lib/python3.10/site-packages/airflow/example_dags/example_branch_datetime_operator.py
[2022-05-23 17:37:57,316] {processor.py:651} INFO - DAG(s) dict_keys(['example_branch_datetime_operator_2']) retrieved from /Users/mohammadrezakhorasanchian/.pyenv/versions/3.10.4/lib/python3.10/site-packages/airflow/example_dags/example_branch_datetime_operator.py
[2022-05-23 17:37:57,356] {logging_mixin.py:115} INFO - [2022-05-23 17:37:57,356] {dag.py:2371} INFO - Sync 1 DAGs
[2022-05-23 17:37:57,367] {logging_mixin.py:115} INFO - [2022-05-23 17:37:57,367] {dag.py:2915} INFO - Setting next_dagrun for example_branch_datetime_operator_2 to 2022-05-22T00:00:00+00:00, run_after=2022-05-23T00:00:00+00:00
[2022-05-23 17:37:57,374] {processor.py:161} INFO - Processing /Users/mohammadrezakhorasanchian/.pyenv/versions/3.10.4/lib/python3.10/site-packages/airflow/example_dags/example_branch_datetime_operator.py took 0.069 seconds
[2022-05-23 17:39:23,229] {processor.py:153} INFO - Started process (PID=39965) to work on /Users/mohammadrezakhorasanchian/.pyenv/versions/3.10.4/lib/python3.10/site-packages/airflow/example_dags/example_branch_datetime_operator.py
[2022-05-23 17:39:23,229] {processor.py:641} INFO - Processing file /Users/mohammadrezakhorasanchian/.pyenv/versions/3.10.4/lib/python3.10/site-packages/airflow/example_dags/example_branch_datetime_operator.py for tasks to queue
[2022-05-23 17:39:23,229] {logging_mixin.py:115} INFO - [2022-05-23 17:39:23,229] {dagbag.py:507} INFO - Filling up the DagBag from /Users/mohammadrezakhorasanchian/.pyenv/versions/3.10.4/lib/python3.10/site-packages/airflow/example_dags/example_branch_datetime_operator.py
[2022-05-23 17:39:23,239] {processor.py:651} INFO - DAG(s) dict_keys(['example_branch_datetime_operator_2']) retrieved from /Users/mohammadrezakhorasanchian/.pyenv/versions/3.10.4/lib/python3.10/site-packages/airflow/example_dags/example_branch_datetime_operator.py
[2022-05-23 17:39:23,281] {logging_mixin.py:115} INFO - [2022-05-23 17:39:23,281] {dag.py:2371} INFO - Sync 1 DAGs
[2022-05-23 17:39:23,292] {logging_mixin.py:115} INFO - [2022-05-23 17:39:23,292] {dag.py:2915} INFO - Setting next_dagrun for example_branch_datetime_operator_2 to 2022-05-22T00:00:00+00:00, run_after=2022-05-23T00:00:00+00:00
[2022-05-23 17:39:23,299] {processor.py:161} INFO - Processing /Users/mohammadrezakhorasanchian/.pyenv/versions/3.10.4/lib/python3.10/site-packages/airflow/example_dags/example_branch_datetime_operator.py took 0.071 seconds
[2022-05-23 17:40:22,834] {processor.py:153} INFO - Started process (PID=40002) to work on /Users/mohammadrezakhorasanchian/.pyenv/versions/3.10.4/lib/python3.10/site-packages/airflow/example_dags/example_branch_datetime_operator.py
[2022-05-23 17:40:22,834] {processor.py:641} INFO - Processing file /Users/mohammadrezakhorasanchian/.pyenv/versions/3.10.4/lib/python3.10/site-packages/airflow/example_dags/example_branch_datetime_operator.py for tasks to queue
[2022-05-23 17:40:22,834] {logging_mixin.py:115} INFO - [2022-05-23 17:40:22,834] {dagbag.py:507} INFO - Filling up the DagBag from /Users/mohammadrezakhorasanchian/.pyenv/versions/3.10.4/lib/python3.10/site-packages/airflow/example_dags/example_branch_datetime_operator.py
[2022-05-23 17:40:22,844] {processor.py:651} INFO - DAG(s) dict_keys(['example_branch_datetime_operator_2']) retrieved from /Users/mohammadrezakhorasanchian/.pyenv/versions/3.10.4/lib/python3.10/site-packages/airflow/example_dags/example_branch_datetime_operator.py
[2022-05-23 17:40:22,886] {logging_mixin.py:115} INFO - [2022-05-23 17:40:22,886] {dag.py:2371} INFO - Sync 1 DAGs
[2022-05-23 17:40:22,896] {logging_mixin.py:115} INFO - [2022-05-23 17:40:22,896] {dag.py:2915} INFO - Setting next_dagrun for example_branch_datetime_operator_2 to 2022-05-22T00:00:00+00:00, run_after=2022-05-23T00:00:00+00:00
[2022-05-23 17:40:22,904] {processor.py:161} INFO - Processing /Users/mohammadrezakhorasanchian/.pyenv/versions/3.10.4/lib/python3.10/site-packages/airflow/example_dags/example_branch_datetime_operator.py took 0.071 seconds
[2022-05-23 17:41:21,716] {processor.py:153} INFO - Started process (PID=40038) to work on /Users/mohammadrezakhorasanchian/.pyenv/versions/3.10.4/lib/python3.10/site-packages/airflow/example_dags/example_branch_datetime_operator.py
[2022-05-23 17:41:21,716] {processor.py:641} INFO - Processing file /Users/mohammadrezakhorasanchian/.pyenv/versions/3.10.4/lib/python3.10/site-packages/airflow/example_dags/example_branch_datetime_operator.py for tasks to queue
[2022-05-23 17:41:21,717] {logging_mixin.py:115} INFO - [2022-05-23 17:41:21,717] {dagbag.py:507} INFO - Filling up the DagBag from /Users/mohammadrezakhorasanchian/.pyenv/versions/3.10.4/lib/python3.10/site-packages/airflow/example_dags/example_branch_datetime_operator.py
[2022-05-23 17:41:21,726] {processor.py:651} INFO - DAG(s) dict_keys(['example_branch_datetime_operator_2']) retrieved from /Users/mohammadrezakhorasanchian/.pyenv/versions/3.10.4/lib/python3.10/site-packages/airflow/example_dags/example_branch_datetime_operator.py
[2022-05-23 17:41:21,767] {logging_mixin.py:115} INFO - [2022-05-23 17:41:21,767] {dag.py:2371} INFO - Sync 1 DAGs
[2022-05-23 17:41:21,778] {logging_mixin.py:115} INFO - [2022-05-23 17:41:21,778] {dag.py:2915} INFO - Setting next_dagrun for example_branch_datetime_operator_2 to 2022-05-22T00:00:00+00:00, run_after=2022-05-23T00:00:00+00:00
[2022-05-23 17:41:21,786] {processor.py:161} INFO - Processing /Users/mohammadrezakhorasanchian/.pyenv/versions/3.10.4/lib/python3.10/site-packages/airflow/example_dags/example_branch_datetime_operator.py took 0.070 seconds
[2022-05-23 17:42:48,787] {processor.py:153} INFO - Started process (PID=40092) to work on /Users/mohammadrezakhorasanchian/.pyenv/versions/3.10.4/lib/python3.10/site-packages/airflow/example_dags/example_branch_datetime_operator.py
[2022-05-23 17:42:48,787] {processor.py:641} INFO - Processing file /Users/mohammadrezakhorasanchian/.pyenv/versions/3.10.4/lib/python3.10/site-packages/airflow/example_dags/example_branch_datetime_operator.py for tasks to queue
[2022-05-23 17:42:48,787] {logging_mixin.py:115} INFO - [2022-05-23 17:42:48,787] {dagbag.py:507} INFO - Filling up the DagBag from /Users/mohammadrezakhorasanchian/.pyenv/versions/3.10.4/lib/python3.10/site-packages/airflow/example_dags/example_branch_datetime_operator.py
[2022-05-23 17:42:48,797] {processor.py:651} INFO - DAG(s) dict_keys(['example_branch_datetime_operator_2']) retrieved from /Users/mohammadrezakhorasanchian/.pyenv/versions/3.10.4/lib/python3.10/site-packages/airflow/example_dags/example_branch_datetime_operator.py
[2022-05-23 17:42:48,838] {logging_mixin.py:115} INFO - [2022-05-23 17:42:48,838] {dag.py:2371} INFO - Sync 1 DAGs
[2022-05-23 17:42:48,849] {logging_mixin.py:115} INFO - [2022-05-23 17:42:48,849] {dag.py:2915} INFO - Setting next_dagrun for example_branch_datetime_operator_2 to 2022-05-22T00:00:00+00:00, run_after=2022-05-23T00:00:00+00:00
[2022-05-23 17:42:48,859] {processor.py:161} INFO - Processing /Users/mohammadrezakhorasanchian/.pyenv/versions/3.10.4/lib/python3.10/site-packages/airflow/example_dags/example_branch_datetime_operator.py took 0.072 seconds
[2022-05-23 17:43:48,498] {processor.py:153} INFO - Started process (PID=40132) to work on /Users/mohammadrezakhorasanchian/.pyenv/versions/3.10.4/lib/python3.10/site-packages/airflow/example_dags/example_branch_datetime_operator.py
[2022-05-23 17:43:48,498] {processor.py:641} INFO - Processing file /Users/mohammadrezakhorasanchian/.pyenv/versions/3.10.4/lib/python3.10/site-packages/airflow/example_dags/example_branch_datetime_operator.py for tasks to queue
[2022-05-23 17:43:48,498] {logging_mixin.py:115} INFO - [2022-05-23 17:43:48,498] {dagbag.py:507} INFO - Filling up the DagBag from /Users/mohammadrezakhorasanchian/.pyenv/versions/3.10.4/lib/python3.10/site-packages/airflow/example_dags/example_branch_datetime_operator.py
[2022-05-23 17:43:48,508] {processor.py:651} INFO - DAG(s) dict_keys(['example_branch_datetime_operator_2']) retrieved from /Users/mohammadrezakhorasanchian/.pyenv/versions/3.10.4/lib/python3.10/site-packages/airflow/example_dags/example_branch_datetime_operator.py
[2022-05-23 17:43:48,549] {logging_mixin.py:115} INFO - [2022-05-23 17:43:48,549] {dag.py:2371} INFO - Sync 1 DAGs
[2022-05-23 17:43:48,560] {logging_mixin.py:115} INFO - [2022-05-23 17:43:48,560] {dag.py:2915} INFO - Setting next_dagrun for example_branch_datetime_operator_2 to 2022-05-22T00:00:00+00:00, run_after=2022-05-23T00:00:00+00:00
[2022-05-23 17:43:48,567] {processor.py:161} INFO - Processing /Users/mohammadrezakhorasanchian/.pyenv/versions/3.10.4/lib/python3.10/site-packages/airflow/example_dags/example_branch_datetime_operator.py took 0.069 seconds
[2022-05-23 17:44:46,892] {processor.py:153} INFO - Started process (PID=40172) to work on /Users/mohammadrezakhorasanchian/.pyenv/versions/3.10.4/lib/python3.10/site-packages/airflow/example_dags/example_branch_datetime_operator.py
[2022-05-23 17:44:46,892] {processor.py:641} INFO - Processing file /Users/mohammadrezakhorasanchian/.pyenv/versions/3.10.4/lib/python3.10/site-packages/airflow/example_dags/example_branch_datetime_operator.py for tasks to queue
[2022-05-23 17:44:46,892] {logging_mixin.py:115} INFO - [2022-05-23 17:44:46,892] {dagbag.py:507} INFO - Filling up the DagBag from /Users/mohammadrezakhorasanchian/.pyenv/versions/3.10.4/lib/python3.10/site-packages/airflow/example_dags/example_branch_datetime_operator.py
[2022-05-23 17:44:46,902] {processor.py:651} INFO - DAG(s) dict_keys(['example_branch_datetime_operator_2']) retrieved from /Users/mohammadrezakhorasanchian/.pyenv/versions/3.10.4/lib/python3.10/site-packages/airflow/example_dags/example_branch_datetime_operator.py
[2022-05-23 17:44:46,946] {logging_mixin.py:115} INFO - [2022-05-23 17:44:46,946] {dag.py:2371} INFO - Sync 1 DAGs
[2022-05-23 17:44:46,957] {logging_mixin.py:115} INFO - [2022-05-23 17:44:46,956] {dag.py:2915} INFO - Setting next_dagrun for example_branch_datetime_operator_2 to 2022-05-22T00:00:00+00:00, run_after=2022-05-23T00:00:00+00:00
[2022-05-23 17:44:46,963] {processor.py:161} INFO - Processing /Users/mohammadrezakhorasanchian/.pyenv/versions/3.10.4/lib/python3.10/site-packages/airflow/example_dags/example_branch_datetime_operator.py took 0.072 seconds
[2022-05-23 17:45:47,094] {processor.py:153} INFO - Started process (PID=40209) to work on /Users/mohammadrezakhorasanchian/.pyenv/versions/3.10.4/lib/python3.10/site-packages/airflow/example_dags/example_branch_datetime_operator.py
[2022-05-23 17:45:47,095] {processor.py:641} INFO - Processing file /Users/mohammadrezakhorasanchian/.pyenv/versions/3.10.4/lib/python3.10/site-packages/airflow/example_dags/example_branch_datetime_operator.py for tasks to queue
[2022-05-23 17:45:47,095] {logging_mixin.py:115} INFO - [2022-05-23 17:45:47,095] {dagbag.py:507} INFO - Filling up the DagBag from /Users/mohammadrezakhorasanchian/.pyenv/versions/3.10.4/lib/python3.10/site-packages/airflow/example_dags/example_branch_datetime_operator.py
[2022-05-23 17:45:47,105] {processor.py:651} INFO - DAG(s) dict_keys(['example_branch_datetime_operator_2']) retrieved from /Users/mohammadrezakhorasanchian/.pyenv/versions/3.10.4/lib/python3.10/site-packages/airflow/example_dags/example_branch_datetime_operator.py
[2022-05-23 17:45:47,146] {logging_mixin.py:115} INFO - [2022-05-23 17:45:47,146] {dag.py:2371} INFO - Sync 1 DAGs
[2022-05-23 17:45:47,157] {logging_mixin.py:115} INFO - [2022-05-23 17:45:47,157] {dag.py:2915} INFO - Setting next_dagrun for example_branch_datetime_operator_2 to 2022-05-22T00:00:00+00:00, run_after=2022-05-23T00:00:00+00:00
[2022-05-23 17:45:47,167] {processor.py:161} INFO - Processing /Users/mohammadrezakhorasanchian/.pyenv/versions/3.10.4/lib/python3.10/site-packages/airflow/example_dags/example_branch_datetime_operator.py took 0.073 seconds
[2022-05-23 17:47:17,240] {processor.py:153} INFO - Started process (PID=40275) to work on /Users/mohammadrezakhorasanchian/.pyenv/versions/3.10.4/lib/python3.10/site-packages/airflow/example_dags/example_branch_datetime_operator.py
[2022-05-23 17:47:17,240] {processor.py:641} INFO - Processing file /Users/mohammadrezakhorasanchian/.pyenv/versions/3.10.4/lib/python3.10/site-packages/airflow/example_dags/example_branch_datetime_operator.py for tasks to queue
[2022-05-23 17:47:17,240] {logging_mixin.py:115} INFO - [2022-05-23 17:47:17,240] {dagbag.py:507} INFO - Filling up the DagBag from /Users/mohammadrezakhorasanchian/.pyenv/versions/3.10.4/lib/python3.10/site-packages/airflow/example_dags/example_branch_datetime_operator.py
[2022-05-23 17:47:17,250] {processor.py:651} INFO - DAG(s) dict_keys(['example_branch_datetime_operator_2']) retrieved from /Users/mohammadrezakhorasanchian/.pyenv/versions/3.10.4/lib/python3.10/site-packages/airflow/example_dags/example_branch_datetime_operator.py
[2022-05-23 17:47:17,292] {logging_mixin.py:115} INFO - [2022-05-23 17:47:17,292] {dag.py:2371} INFO - Sync 1 DAGs
[2022-05-23 17:47:17,302] {logging_mixin.py:115} INFO - [2022-05-23 17:47:17,302] {dag.py:2915} INFO - Setting next_dagrun for example_branch_datetime_operator_2 to 2022-05-22T00:00:00+00:00, run_after=2022-05-23T00:00:00+00:00
[2022-05-23 17:47:17,312] {processor.py:161} INFO - Processing /Users/mohammadrezakhorasanchian/.pyenv/versions/3.10.4/lib/python3.10/site-packages/airflow/example_dags/example_branch_datetime_operator.py took 0.072 seconds
[2022-05-23 17:48:40,174] {processor.py:153} INFO - Started process (PID=40335) to work on /Users/mohammadrezakhorasanchian/.pyenv/versions/3.10.4/lib/python3.10/site-packages/airflow/example_dags/example_branch_datetime_operator.py
[2022-05-23 17:48:40,174] {processor.py:641} INFO - Processing file /Users/mohammadrezakhorasanchian/.pyenv/versions/3.10.4/lib/python3.10/site-packages/airflow/example_dags/example_branch_datetime_operator.py for tasks to queue
[2022-05-23 17:48:40,174] {logging_mixin.py:115} INFO - [2022-05-23 17:48:40,174] {dagbag.py:507} INFO - Filling up the DagBag from /Users/mohammadrezakhorasanchian/.pyenv/versions/3.10.4/lib/python3.10/site-packages/airflow/example_dags/example_branch_datetime_operator.py
[2022-05-23 17:48:40,185] {processor.py:651} INFO - DAG(s) dict_keys(['example_branch_datetime_operator_2']) retrieved from /Users/mohammadrezakhorasanchian/.pyenv/versions/3.10.4/lib/python3.10/site-packages/airflow/example_dags/example_branch_datetime_operator.py
[2022-05-23 17:48:40,231] {logging_mixin.py:115} INFO - [2022-05-23 17:48:40,231] {dag.py:2371} INFO - Sync 1 DAGs
[2022-05-23 17:48:40,242] {logging_mixin.py:115} INFO - [2022-05-23 17:48:40,242] {dag.py:2915} INFO - Setting next_dagrun for example_branch_datetime_operator_2 to 2022-05-22T00:00:00+00:00, run_after=2022-05-23T00:00:00+00:00
[2022-05-23 17:48:40,249] {processor.py:161} INFO - Processing /Users/mohammadrezakhorasanchian/.pyenv/versions/3.10.4/lib/python3.10/site-packages/airflow/example_dags/example_branch_datetime_operator.py took 0.076 seconds
[2022-05-23 17:49:43,874] {processor.py:153} INFO - Started process (PID=40375) to work on /Users/mohammadrezakhorasanchian/.pyenv/versions/3.10.4/lib/python3.10/site-packages/airflow/example_dags/example_branch_datetime_operator.py
[2022-05-23 17:49:43,874] {processor.py:641} INFO - Processing file /Users/mohammadrezakhorasanchian/.pyenv/versions/3.10.4/lib/python3.10/site-packages/airflow/example_dags/example_branch_datetime_operator.py for tasks to queue
[2022-05-23 17:49:43,874] {logging_mixin.py:115} INFO - [2022-05-23 17:49:43,874] {dagbag.py:507} INFO - Filling up the DagBag from /Users/mohammadrezakhorasanchian/.pyenv/versions/3.10.4/lib/python3.10/site-packages/airflow/example_dags/example_branch_datetime_operator.py
[2022-05-23 17:49:43,888] {processor.py:651} INFO - DAG(s) dict_keys(['example_branch_datetime_operator_2']) retrieved from /Users/mohammadrezakhorasanchian/.pyenv/versions/3.10.4/lib/python3.10/site-packages/airflow/example_dags/example_branch_datetime_operator.py
[2022-05-23 17:49:43,943] {logging_mixin.py:115} INFO - [2022-05-23 17:49:43,943] {dag.py:2371} INFO - Sync 1 DAGs
[2022-05-23 17:49:43,956] {logging_mixin.py:115} INFO - [2022-05-23 17:49:43,956] {dag.py:2915} INFO - Setting next_dagrun for example_branch_datetime_operator_2 to 2022-05-22T00:00:00+00:00, run_after=2022-05-23T00:00:00+00:00
[2022-05-23 17:49:43,965] {processor.py:161} INFO - Processing /Users/mohammadrezakhorasanchian/.pyenv/versions/3.10.4/lib/python3.10/site-packages/airflow/example_dags/example_branch_datetime_operator.py took 0.092 seconds
[2022-05-23 17:52:13,810] {processor.py:153} INFO - Started process (PID=40512) to work on /Users/mohammadrezakhorasanchian/.pyenv/versions/3.10.4/lib/python3.10/site-packages/airflow/example_dags/example_branch_datetime_operator.py
[2022-05-23 17:52:13,810] {processor.py:641} INFO - Processing file /Users/mohammadrezakhorasanchian/.pyenv/versions/3.10.4/lib/python3.10/site-packages/airflow/example_dags/example_branch_datetime_operator.py for tasks to queue
[2022-05-23 17:52:13,811] {logging_mixin.py:115} INFO - [2022-05-23 17:52:13,810] {dagbag.py:507} INFO - Filling up the DagBag from /Users/mohammadrezakhorasanchian/.pyenv/versions/3.10.4/lib/python3.10/site-packages/airflow/example_dags/example_branch_datetime_operator.py
[2022-05-23 17:52:13,820] {processor.py:651} INFO - DAG(s) dict_keys(['example_branch_datetime_operator_2']) retrieved from /Users/mohammadrezakhorasanchian/.pyenv/versions/3.10.4/lib/python3.10/site-packages/airflow/example_dags/example_branch_datetime_operator.py
[2022-05-23 17:52:13,861] {logging_mixin.py:115} INFO - [2022-05-23 17:52:13,861] {dag.py:2371} INFO - Sync 1 DAGs
[2022-05-23 17:52:13,871] {logging_mixin.py:115} INFO - [2022-05-23 17:52:13,871] {dag.py:2915} INFO - Setting next_dagrun for example_branch_datetime_operator_2 to 2022-05-22T00:00:00+00:00, run_after=2022-05-23T00:00:00+00:00
[2022-05-23 17:52:13,878] {processor.py:161} INFO - Processing /Users/mohammadrezakhorasanchian/.pyenv/versions/3.10.4/lib/python3.10/site-packages/airflow/example_dags/example_branch_datetime_operator.py took 0.069 seconds
[2022-05-23 17:59:10,358] {processor.py:153} INFO - Started process (PID=40601) to work on /Users/mohammadrezakhorasanchian/.pyenv/versions/3.10.4/lib/python3.10/site-packages/airflow/example_dags/example_branch_datetime_operator.py
[2022-05-23 17:59:10,359] {processor.py:641} INFO - Processing file /Users/mohammadrezakhorasanchian/.pyenv/versions/3.10.4/lib/python3.10/site-packages/airflow/example_dags/example_branch_datetime_operator.py for tasks to queue
[2022-05-23 17:59:10,359] {logging_mixin.py:115} INFO - [2022-05-23 17:59:10,359] {dagbag.py:507} INFO - Filling up the DagBag from /Users/mohammadrezakhorasanchian/.pyenv/versions/3.10.4/lib/python3.10/site-packages/airflow/example_dags/example_branch_datetime_operator.py
[2022-05-23 17:59:10,369] {processor.py:651} INFO - DAG(s) dict_keys(['example_branch_datetime_operator_2']) retrieved from /Users/mohammadrezakhorasanchian/.pyenv/versions/3.10.4/lib/python3.10/site-packages/airflow/example_dags/example_branch_datetime_operator.py
[2022-05-23 17:59:10,410] {logging_mixin.py:115} INFO - [2022-05-23 17:59:10,410] {dag.py:2371} INFO - Sync 1 DAGs
[2022-05-23 17:59:10,421] {logging_mixin.py:115} INFO - [2022-05-23 17:59:10,421] {dag.py:2915} INFO - Setting next_dagrun for example_branch_datetime_operator_2 to 2022-05-22T00:00:00+00:00, run_after=2022-05-23T00:00:00+00:00
[2022-05-23 17:59:10,431] {processor.py:161} INFO - Processing /Users/mohammadrezakhorasanchian/.pyenv/versions/3.10.4/lib/python3.10/site-packages/airflow/example_dags/example_branch_datetime_operator.py took 0.073 seconds
[2022-05-23 18:00:36,785] {processor.py:153} INFO - Started process (PID=40653) to work on /Users/mohammadrezakhorasanchian/.pyenv/versions/3.10.4/lib/python3.10/site-packages/airflow/example_dags/example_branch_datetime_operator.py
[2022-05-23 18:00:36,785] {processor.py:641} INFO - Processing file /Users/mohammadrezakhorasanchian/.pyenv/versions/3.10.4/lib/python3.10/site-packages/airflow/example_dags/example_branch_datetime_operator.py for tasks to queue
[2022-05-23 18:00:36,785] {logging_mixin.py:115} INFO - [2022-05-23 18:00:36,785] {dagbag.py:507} INFO - Filling up the DagBag from /Users/mohammadrezakhorasanchian/.pyenv/versions/3.10.4/lib/python3.10/site-packages/airflow/example_dags/example_branch_datetime_operator.py
[2022-05-23 18:00:36,795] {processor.py:651} INFO - DAG(s) dict_keys(['example_branch_datetime_operator_2']) retrieved from /Users/mohammadrezakhorasanchian/.pyenv/versions/3.10.4/lib/python3.10/site-packages/airflow/example_dags/example_branch_datetime_operator.py
[2022-05-23 18:00:36,836] {logging_mixin.py:115} INFO - [2022-05-23 18:00:36,836] {dag.py:2371} INFO - Sync 1 DAGs
[2022-05-23 18:00:36,847] {logging_mixin.py:115} INFO - [2022-05-23 18:00:36,847] {dag.py:2915} INFO - Setting next_dagrun for example_branch_datetime_operator_2 to 2022-05-22T00:00:00+00:00, run_after=2022-05-23T00:00:00+00:00
[2022-05-23 18:00:36,854] {processor.py:161} INFO - Processing /Users/mohammadrezakhorasanchian/.pyenv/versions/3.10.4/lib/python3.10/site-packages/airflow/example_dags/example_branch_datetime_operator.py took 0.069 seconds
[2022-05-23 18:01:36,608] {processor.py:153} INFO - Started process (PID=40691) to work on /Users/mohammadrezakhorasanchian/.pyenv/versions/3.10.4/lib/python3.10/site-packages/airflow/example_dags/example_branch_datetime_operator.py
[2022-05-23 18:01:36,608] {processor.py:641} INFO - Processing file /Users/mohammadrezakhorasanchian/.pyenv/versions/3.10.4/lib/python3.10/site-packages/airflow/example_dags/example_branch_datetime_operator.py for tasks to queue
[2022-05-23 18:01:36,609] {logging_mixin.py:115} INFO - [2022-05-23 18:01:36,609] {dagbag.py:507} INFO - Filling up the DagBag from /Users/mohammadrezakhorasanchian/.pyenv/versions/3.10.4/lib/python3.10/site-packages/airflow/example_dags/example_branch_datetime_operator.py
[2022-05-23 18:01:36,625] {processor.py:651} INFO - DAG(s) dict_keys(['example_branch_datetime_operator_2']) retrieved from /Users/mohammadrezakhorasanchian/.pyenv/versions/3.10.4/lib/python3.10/site-packages/airflow/example_dags/example_branch_datetime_operator.py
[2022-05-23 18:01:36,691] {logging_mixin.py:115} INFO - [2022-05-23 18:01:36,691] {dag.py:2371} INFO - Sync 1 DAGs
[2022-05-23 18:01:36,706] {logging_mixin.py:115} INFO - [2022-05-23 18:01:36,706] {dag.py:2915} INFO - Setting next_dagrun for example_branch_datetime_operator_2 to 2022-05-22T00:00:00+00:00, run_after=2022-05-23T00:00:00+00:00
[2022-05-23 18:01:36,714] {processor.py:161} INFO - Processing /Users/mohammadrezakhorasanchian/.pyenv/versions/3.10.4/lib/python3.10/site-packages/airflow/example_dags/example_branch_datetime_operator.py took 0.106 seconds
[2022-05-23 18:02:35,438] {processor.py:153} INFO - Started process (PID=40730) to work on /Users/mohammadrezakhorasanchian/.pyenv/versions/3.10.4/lib/python3.10/site-packages/airflow/example_dags/example_branch_datetime_operator.py
[2022-05-23 18:02:35,438] {processor.py:641} INFO - Processing file /Users/mohammadrezakhorasanchian/.pyenv/versions/3.10.4/lib/python3.10/site-packages/airflow/example_dags/example_branch_datetime_operator.py for tasks to queue
[2022-05-23 18:02:35,438] {logging_mixin.py:115} INFO - [2022-05-23 18:02:35,438] {dagbag.py:507} INFO - Filling up the DagBag from /Users/mohammadrezakhorasanchian/.pyenv/versions/3.10.4/lib/python3.10/site-packages/airflow/example_dags/example_branch_datetime_operator.py
[2022-05-23 18:02:35,448] {processor.py:651} INFO - DAG(s) dict_keys(['example_branch_datetime_operator_2']) retrieved from /Users/mohammadrezakhorasanchian/.pyenv/versions/3.10.4/lib/python3.10/site-packages/airflow/example_dags/example_branch_datetime_operator.py
[2022-05-23 18:02:35,489] {logging_mixin.py:115} INFO - [2022-05-23 18:02:35,489] {dag.py:2371} INFO - Sync 1 DAGs
[2022-05-23 18:02:35,499] {logging_mixin.py:115} INFO - [2022-05-23 18:02:35,499] {dag.py:2915} INFO - Setting next_dagrun for example_branch_datetime_operator_2 to 2022-05-22T00:00:00+00:00, run_after=2022-05-23T00:00:00+00:00
[2022-05-23 18:02:35,507] {processor.py:161} INFO - Processing /Users/mohammadrezakhorasanchian/.pyenv/versions/3.10.4/lib/python3.10/site-packages/airflow/example_dags/example_branch_datetime_operator.py took 0.069 seconds
[2022-05-23 18:03:32,151] {processor.py:153} INFO - Started process (PID=40770) to work on /Users/mohammadrezakhorasanchian/.pyenv/versions/3.10.4/lib/python3.10/site-packages/airflow/example_dags/example_branch_datetime_operator.py
[2022-05-23 18:03:32,151] {processor.py:641} INFO - Processing file /Users/mohammadrezakhorasanchian/.pyenv/versions/3.10.4/lib/python3.10/site-packages/airflow/example_dags/example_branch_datetime_operator.py for tasks to queue
[2022-05-23 18:03:32,152] {logging_mixin.py:115} INFO - [2022-05-23 18:03:32,152] {dagbag.py:507} INFO - Filling up the DagBag from /Users/mohammadrezakhorasanchian/.pyenv/versions/3.10.4/lib/python3.10/site-packages/airflow/example_dags/example_branch_datetime_operator.py
[2022-05-23 18:03:32,161] {processor.py:651} INFO - DAG(s) dict_keys(['example_branch_datetime_operator_2']) retrieved from /Users/mohammadrezakhorasanchian/.pyenv/versions/3.10.4/lib/python3.10/site-packages/airflow/example_dags/example_branch_datetime_operator.py
[2022-05-23 18:03:32,202] {logging_mixin.py:115} INFO - [2022-05-23 18:03:32,202] {dag.py:2371} INFO - Sync 1 DAGs
[2022-05-23 18:03:32,212] {logging_mixin.py:115} INFO - [2022-05-23 18:03:32,212] {dag.py:2915} INFO - Setting next_dagrun for example_branch_datetime_operator_2 to 2022-05-22T00:00:00+00:00, run_after=2022-05-23T00:00:00+00:00
[2022-05-23 18:03:32,220] {processor.py:161} INFO - Processing /Users/mohammadrezakhorasanchian/.pyenv/versions/3.10.4/lib/python3.10/site-packages/airflow/example_dags/example_branch_datetime_operator.py took 0.069 seconds
[2022-05-23 18:04:52,945] {processor.py:153} INFO - Started process (PID=40823) to work on /Users/mohammadrezakhorasanchian/.pyenv/versions/3.10.4/lib/python3.10/site-packages/airflow/example_dags/example_branch_datetime_operator.py
[2022-05-23 18:04:52,945] {processor.py:641} INFO - Processing file /Users/mohammadrezakhorasanchian/.pyenv/versions/3.10.4/lib/python3.10/site-packages/airflow/example_dags/example_branch_datetime_operator.py for tasks to queue
[2022-05-23 18:04:52,946] {logging_mixin.py:115} INFO - [2022-05-23 18:04:52,946] {dagbag.py:507} INFO - Filling up the DagBag from /Users/mohammadrezakhorasanchian/.pyenv/versions/3.10.4/lib/python3.10/site-packages/airflow/example_dags/example_branch_datetime_operator.py
[2022-05-23 18:04:52,956] {processor.py:651} INFO - DAG(s) dict_keys(['example_branch_datetime_operator_2']) retrieved from /Users/mohammadrezakhorasanchian/.pyenv/versions/3.10.4/lib/python3.10/site-packages/airflow/example_dags/example_branch_datetime_operator.py
[2022-05-23 18:04:52,997] {logging_mixin.py:115} INFO - [2022-05-23 18:04:52,997] {dag.py:2371} INFO - Sync 1 DAGs
[2022-05-23 18:04:53,008] {logging_mixin.py:115} INFO - [2022-05-23 18:04:53,008] {dag.py:2915} INFO - Setting next_dagrun for example_branch_datetime_operator_2 to 2022-05-22T00:00:00+00:00, run_after=2022-05-23T00:00:00+00:00
[2022-05-23 18:04:53,017] {processor.py:161} INFO - Processing /Users/mohammadrezakhorasanchian/.pyenv/versions/3.10.4/lib/python3.10/site-packages/airflow/example_dags/example_branch_datetime_operator.py took 0.072 seconds
[2022-05-23 18:06:19,280] {processor.py:153} INFO - Started process (PID=40877) to work on /Users/mohammadrezakhorasanchian/.pyenv/versions/3.10.4/lib/python3.10/site-packages/airflow/example_dags/example_branch_datetime_operator.py
[2022-05-23 18:06:19,281] {processor.py:641} INFO - Processing file /Users/mohammadrezakhorasanchian/.pyenv/versions/3.10.4/lib/python3.10/site-packages/airflow/example_dags/example_branch_datetime_operator.py for tasks to queue
[2022-05-23 18:06:19,281] {logging_mixin.py:115} INFO - [2022-05-23 18:06:19,281] {dagbag.py:507} INFO - Filling up the DagBag from /Users/mohammadrezakhorasanchian/.pyenv/versions/3.10.4/lib/python3.10/site-packages/airflow/example_dags/example_branch_datetime_operator.py
[2022-05-23 18:06:19,291] {processor.py:651} INFO - DAG(s) dict_keys(['example_branch_datetime_operator_2']) retrieved from /Users/mohammadrezakhorasanchian/.pyenv/versions/3.10.4/lib/python3.10/site-packages/airflow/example_dags/example_branch_datetime_operator.py
[2022-05-23 18:06:19,332] {logging_mixin.py:115} INFO - [2022-05-23 18:06:19,331] {dag.py:2371} INFO - Sync 1 DAGs
[2022-05-23 18:06:19,342] {logging_mixin.py:115} INFO - [2022-05-23 18:06:19,342] {dag.py:2915} INFO - Setting next_dagrun for example_branch_datetime_operator_2 to 2022-05-22T00:00:00+00:00, run_after=2022-05-23T00:00:00+00:00
[2022-05-23 18:06:19,349] {processor.py:161} INFO - Processing /Users/mohammadrezakhorasanchian/.pyenv/versions/3.10.4/lib/python3.10/site-packages/airflow/example_dags/example_branch_datetime_operator.py took 0.069 seconds
[2022-05-23 18:07:48,424] {processor.py:153} INFO - Started process (PID=40934) to work on /Users/mohammadrezakhorasanchian/.pyenv/versions/3.10.4/lib/python3.10/site-packages/airflow/example_dags/example_branch_datetime_operator.py
[2022-05-23 18:07:48,424] {processor.py:641} INFO - Processing file /Users/mohammadrezakhorasanchian/.pyenv/versions/3.10.4/lib/python3.10/site-packages/airflow/example_dags/example_branch_datetime_operator.py for tasks to queue
[2022-05-23 18:07:48,424] {logging_mixin.py:115} INFO - [2022-05-23 18:07:48,424] {dagbag.py:507} INFO - Filling up the DagBag from /Users/mohammadrezakhorasanchian/.pyenv/versions/3.10.4/lib/python3.10/site-packages/airflow/example_dags/example_branch_datetime_operator.py
[2022-05-23 18:07:48,435] {processor.py:651} INFO - DAG(s) dict_keys(['example_branch_datetime_operator_2']) retrieved from /Users/mohammadrezakhorasanchian/.pyenv/versions/3.10.4/lib/python3.10/site-packages/airflow/example_dags/example_branch_datetime_operator.py
[2022-05-23 18:07:48,480] {logging_mixin.py:115} INFO - [2022-05-23 18:07:48,480] {dag.py:2371} INFO - Sync 1 DAGs
[2022-05-23 18:07:48,491] {logging_mixin.py:115} INFO - [2022-05-23 18:07:48,491] {dag.py:2915} INFO - Setting next_dagrun for example_branch_datetime_operator_2 to 2022-05-22T00:00:00+00:00, run_after=2022-05-23T00:00:00+00:00
[2022-05-23 18:07:48,499] {processor.py:161} INFO - Processing /Users/mohammadrezakhorasanchian/.pyenv/versions/3.10.4/lib/python3.10/site-packages/airflow/example_dags/example_branch_datetime_operator.py took 0.076 seconds
[2022-05-23 18:14:57,737] {processor.py:153} INFO - Started process (PID=41145) to work on /Users/mohammadrezakhorasanchian/.pyenv/versions/3.10.4/lib/python3.10/site-packages/airflow/example_dags/example_branch_datetime_operator.py
[2022-05-23 18:14:57,739] {processor.py:641} INFO - Processing file /Users/mohammadrezakhorasanchian/.pyenv/versions/3.10.4/lib/python3.10/site-packages/airflow/example_dags/example_branch_datetime_operator.py for tasks to queue
[2022-05-23 18:14:57,739] {logging_mixin.py:115} INFO - [2022-05-23 18:14:57,739] {dagbag.py:507} INFO - Filling up the DagBag from /Users/mohammadrezakhorasanchian/.pyenv/versions/3.10.4/lib/python3.10/site-packages/airflow/example_dags/example_branch_datetime_operator.py
[2022-05-23 18:14:57,752] {processor.py:651} INFO - DAG(s) dict_keys(['example_branch_datetime_operator_2']) retrieved from /Users/mohammadrezakhorasanchian/.pyenv/versions/3.10.4/lib/python3.10/site-packages/airflow/example_dags/example_branch_datetime_operator.py
[2022-05-23 18:14:57,799] {logging_mixin.py:115} INFO - [2022-05-23 18:14:57,799] {dag.py:2371} INFO - Sync 1 DAGs
[2022-05-23 18:14:57,816] {logging_mixin.py:115} INFO - [2022-05-23 18:14:57,816] {dag.py:2915} INFO - Setting next_dagrun for example_branch_datetime_operator_2 to 2022-05-22T00:00:00+00:00, run_after=2022-05-23T00:00:00+00:00
[2022-05-23 18:14:57,872] {processor.py:161} INFO - Processing /Users/mohammadrezakhorasanchian/.pyenv/versions/3.10.4/lib/python3.10/site-packages/airflow/example_dags/example_branch_datetime_operator.py took 0.135 seconds
