[2022-05-23 16:13:54,230] {processor.py:153} INFO - Started process (PID=36365) to work on /Users/mohammadrezakhorasanchian/.pyenv/versions/3.10.4/lib/python3.10/site-packages/airflow/example_dags/example_branch_labels.py
[2022-05-23 16:13:54,230] {processor.py:641} INFO - Processing file /Users/mohammadrezakhorasanchian/.pyenv/versions/3.10.4/lib/python3.10/site-packages/airflow/example_dags/example_branch_labels.py for tasks to queue
[2022-05-23 16:13:54,230] {logging_mixin.py:115} INFO - [2022-05-23 16:13:54,230] {dagbag.py:507} INFO - Filling up the DagBag from /Users/mohammadrezakhorasanchian/.pyenv/versions/3.10.4/lib/python3.10/site-packages/airflow/example_dags/example_branch_labels.py
[2022-05-23 16:13:54,243] {processor.py:651} INFO - DAG(s) dict_keys(['example_branch_labels']) retrieved from /Users/mohammadrezakhorasanchian/.pyenv/versions/3.10.4/lib/python3.10/site-packages/airflow/example_dags/example_branch_labels.py
[2022-05-23 16:13:54,296] {logging_mixin.py:115} INFO - [2022-05-23 16:13:54,296] {dag.py:2371} INFO - Sync 1 DAGs
[2022-05-23 16:13:54,311] {logging_mixin.py:115} INFO - [2022-05-23 16:13:54,311] {dag.py:2915} INFO - Setting next_dagrun for example_branch_labels to 2022-05-22T00:00:00+00:00, run_after=2022-05-23T00:00:00+00:00
[2022-05-23 16:13:54,319] {processor.py:161} INFO - Processing /Users/mohammadrezakhorasanchian/.pyenv/versions/3.10.4/lib/python3.10/site-packages/airflow/example_dags/example_branch_labels.py took 0.090 seconds
[2022-05-23 16:14:56,925] {processor.py:153} INFO - Started process (PID=36458) to work on /Users/mohammadrezakhorasanchian/.pyenv/versions/3.10.4/lib/python3.10/site-packages/airflow/example_dags/example_branch_labels.py
[2022-05-23 16:14:56,925] {processor.py:641} INFO - Processing file /Users/mohammadrezakhorasanchian/.pyenv/versions/3.10.4/lib/python3.10/site-packages/airflow/example_dags/example_branch_labels.py for tasks to queue
[2022-05-23 16:14:56,926] {logging_mixin.py:115} INFO - [2022-05-23 16:14:56,925] {dagbag.py:507} INFO - Filling up the DagBag from /Users/mohammadrezakhorasanchian/.pyenv/versions/3.10.4/lib/python3.10/site-packages/airflow/example_dags/example_branch_labels.py
[2022-05-23 16:14:56,938] {processor.py:651} INFO - DAG(s) dict_keys(['example_branch_labels']) retrieved from /Users/mohammadrezakhorasanchian/.pyenv/versions/3.10.4/lib/python3.10/site-packages/airflow/example_dags/example_branch_labels.py
[2022-05-23 16:14:56,995] {logging_mixin.py:115} INFO - [2022-05-23 16:14:56,994] {dag.py:2371} INFO - Sync 1 DAGs
[2022-05-23 16:14:57,009] {logging_mixin.py:115} INFO - [2022-05-23 16:14:57,009] {dag.py:2915} INFO - Setting next_dagrun for example_branch_labels to 2022-05-22T00:00:00+00:00, run_after=2022-05-23T00:00:00+00:00
[2022-05-23 16:14:57,019] {processor.py:161} INFO - Processing /Users/mohammadrezakhorasanchian/.pyenv/versions/3.10.4/lib/python3.10/site-packages/airflow/example_dags/example_branch_labels.py took 0.094 seconds
[2022-05-23 16:16:01,622] {processor.py:153} INFO - Started process (PID=36546) to work on /Users/mohammadrezakhorasanchian/.pyenv/versions/3.10.4/lib/python3.10/site-packages/airflow/example_dags/example_branch_labels.py
[2022-05-23 16:16:01,622] {processor.py:641} INFO - Processing file /Users/mohammadrezakhorasanchian/.pyenv/versions/3.10.4/lib/python3.10/site-packages/airflow/example_dags/example_branch_labels.py for tasks to queue
[2022-05-23 16:16:01,622] {logging_mixin.py:115} INFO - [2022-05-23 16:16:01,622] {dagbag.py:507} INFO - Filling up the DagBag from /Users/mohammadrezakhorasanchian/.pyenv/versions/3.10.4/lib/python3.10/site-packages/airflow/example_dags/example_branch_labels.py
[2022-05-23 16:16:01,634] {processor.py:651} INFO - DAG(s) dict_keys(['example_branch_labels']) retrieved from /Users/mohammadrezakhorasanchian/.pyenv/versions/3.10.4/lib/python3.10/site-packages/airflow/example_dags/example_branch_labels.py
[2022-05-23 16:16:01,683] {logging_mixin.py:115} INFO - [2022-05-23 16:16:01,683] {dag.py:2371} INFO - Sync 1 DAGs
[2022-05-23 16:16:01,694] {logging_mixin.py:115} INFO - [2022-05-23 16:16:01,694] {dag.py:2915} INFO - Setting next_dagrun for example_branch_labels to 2022-05-22T00:00:00+00:00, run_after=2022-05-23T00:00:00+00:00
[2022-05-23 16:16:01,701] {processor.py:161} INFO - Processing /Users/mohammadrezakhorasanchian/.pyenv/versions/3.10.4/lib/python3.10/site-packages/airflow/example_dags/example_branch_labels.py took 0.080 seconds
[2022-05-23 16:17:01,201] {processor.py:153} INFO - Started process (PID=36651) to work on /Users/mohammadrezakhorasanchian/.pyenv/versions/3.10.4/lib/python3.10/site-packages/airflow/example_dags/example_branch_labels.py
[2022-05-23 16:17:01,201] {processor.py:641} INFO - Processing file /Users/mohammadrezakhorasanchian/.pyenv/versions/3.10.4/lib/python3.10/site-packages/airflow/example_dags/example_branch_labels.py for tasks to queue
[2022-05-23 16:17:01,201] {logging_mixin.py:115} INFO - [2022-05-23 16:17:01,201] {dagbag.py:507} INFO - Filling up the DagBag from /Users/mohammadrezakhorasanchian/.pyenv/versions/3.10.4/lib/python3.10/site-packages/airflow/example_dags/example_branch_labels.py
[2022-05-23 16:17:01,210] {processor.py:651} INFO - DAG(s) dict_keys(['example_branch_labels']) retrieved from /Users/mohammadrezakhorasanchian/.pyenv/versions/3.10.4/lib/python3.10/site-packages/airflow/example_dags/example_branch_labels.py
[2022-05-23 16:17:01,252] {logging_mixin.py:115} INFO - [2022-05-23 16:17:01,252] {dag.py:2371} INFO - Sync 1 DAGs
[2022-05-23 16:17:01,263] {logging_mixin.py:115} INFO - [2022-05-23 16:17:01,263] {dag.py:2915} INFO - Setting next_dagrun for example_branch_labels to 2022-05-22T00:00:00+00:00, run_after=2022-05-23T00:00:00+00:00
[2022-05-23 16:17:01,270] {processor.py:161} INFO - Processing /Users/mohammadrezakhorasanchian/.pyenv/versions/3.10.4/lib/python3.10/site-packages/airflow/example_dags/example_branch_labels.py took 0.069 seconds
[2022-05-23 16:18:02,061] {processor.py:153} INFO - Started process (PID=36698) to work on /Users/mohammadrezakhorasanchian/.pyenv/versions/3.10.4/lib/python3.10/site-packages/airflow/example_dags/example_branch_labels.py
[2022-05-23 16:18:02,061] {processor.py:641} INFO - Processing file /Users/mohammadrezakhorasanchian/.pyenv/versions/3.10.4/lib/python3.10/site-packages/airflow/example_dags/example_branch_labels.py for tasks to queue
[2022-05-23 16:18:02,062] {logging_mixin.py:115} INFO - [2022-05-23 16:18:02,062] {dagbag.py:507} INFO - Filling up the DagBag from /Users/mohammadrezakhorasanchian/.pyenv/versions/3.10.4/lib/python3.10/site-packages/airflow/example_dags/example_branch_labels.py
[2022-05-23 16:18:02,076] {processor.py:651} INFO - DAG(s) dict_keys(['example_branch_labels']) retrieved from /Users/mohammadrezakhorasanchian/.pyenv/versions/3.10.4/lib/python3.10/site-packages/airflow/example_dags/example_branch_labels.py
[2022-05-23 16:18:02,132] {logging_mixin.py:115} INFO - [2022-05-23 16:18:02,132] {dag.py:2371} INFO - Sync 1 DAGs
[2022-05-23 16:18:02,146] {logging_mixin.py:115} INFO - [2022-05-23 16:18:02,146] {dag.py:2915} INFO - Setting next_dagrun for example_branch_labels to 2022-05-22T00:00:00+00:00, run_after=2022-05-23T00:00:00+00:00
[2022-05-23 16:18:02,155] {processor.py:161} INFO - Processing /Users/mohammadrezakhorasanchian/.pyenv/versions/3.10.4/lib/python3.10/site-packages/airflow/example_dags/example_branch_labels.py took 0.095 seconds
[2022-05-23 16:19:07,593] {processor.py:153} INFO - Started process (PID=36804) to work on /Users/mohammadrezakhorasanchian/.pyenv/versions/3.10.4/lib/python3.10/site-packages/airflow/example_dags/example_branch_labels.py
[2022-05-23 16:19:07,593] {processor.py:641} INFO - Processing file /Users/mohammadrezakhorasanchian/.pyenv/versions/3.10.4/lib/python3.10/site-packages/airflow/example_dags/example_branch_labels.py for tasks to queue
[2022-05-23 16:19:07,593] {logging_mixin.py:115} INFO - [2022-05-23 16:19:07,593] {dagbag.py:507} INFO - Filling up the DagBag from /Users/mohammadrezakhorasanchian/.pyenv/versions/3.10.4/lib/python3.10/site-packages/airflow/example_dags/example_branch_labels.py
[2022-05-23 16:19:07,602] {processor.py:651} INFO - DAG(s) dict_keys(['example_branch_labels']) retrieved from /Users/mohammadrezakhorasanchian/.pyenv/versions/3.10.4/lib/python3.10/site-packages/airflow/example_dags/example_branch_labels.py
[2022-05-23 16:19:07,644] {logging_mixin.py:115} INFO - [2022-05-23 16:19:07,643] {dag.py:2371} INFO - Sync 1 DAGs
[2022-05-23 16:19:07,654] {logging_mixin.py:115} INFO - [2022-05-23 16:19:07,654] {dag.py:2915} INFO - Setting next_dagrun for example_branch_labels to 2022-05-22T00:00:00+00:00, run_after=2022-05-23T00:00:00+00:00
[2022-05-23 16:19:07,662] {processor.py:161} INFO - Processing /Users/mohammadrezakhorasanchian/.pyenv/versions/3.10.4/lib/python3.10/site-packages/airflow/example_dags/example_branch_labels.py took 0.069 seconds
[2022-05-23 16:51:36,834] {processor.py:153} INFO - Started process (PID=36858) to work on /Users/mohammadrezakhorasanchian/.pyenv/versions/3.10.4/lib/python3.10/site-packages/airflow/example_dags/example_branch_labels.py
[2022-05-23 16:51:36,834] {processor.py:641} INFO - Processing file /Users/mohammadrezakhorasanchian/.pyenv/versions/3.10.4/lib/python3.10/site-packages/airflow/example_dags/example_branch_labels.py for tasks to queue
[2022-05-23 16:51:36,835] {logging_mixin.py:115} INFO - [2022-05-23 16:51:36,835] {dagbag.py:507} INFO - Filling up the DagBag from /Users/mohammadrezakhorasanchian/.pyenv/versions/3.10.4/lib/python3.10/site-packages/airflow/example_dags/example_branch_labels.py
[2022-05-23 16:51:36,864] {processor.py:651} INFO - DAG(s) dict_keys(['example_branch_labels']) retrieved from /Users/mohammadrezakhorasanchian/.pyenv/versions/3.10.4/lib/python3.10/site-packages/airflow/example_dags/example_branch_labels.py
[2022-05-23 16:51:36,998] {logging_mixin.py:115} INFO - [2022-05-23 16:51:36,998] {dag.py:2371} INFO - Sync 1 DAGs
[2022-05-23 16:51:37,031] {logging_mixin.py:115} INFO - [2022-05-23 16:51:37,031] {dag.py:2915} INFO - Setting next_dagrun for example_branch_labels to 2022-05-22T00:00:00+00:00, run_after=2022-05-23T00:00:00+00:00
[2022-05-23 16:51:37,050] {processor.py:161} INFO - Processing /Users/mohammadrezakhorasanchian/.pyenv/versions/3.10.4/lib/python3.10/site-packages/airflow/example_dags/example_branch_labels.py took 0.217 seconds
[2022-05-23 16:56:06,660] {processor.py:153} INFO - Started process (PID=36986) to work on /Users/mohammadrezakhorasanchian/.pyenv/versions/3.10.4/lib/python3.10/site-packages/airflow/example_dags/example_branch_labels.py
[2022-05-23 16:56:06,660] {processor.py:641} INFO - Processing file /Users/mohammadrezakhorasanchian/.pyenv/versions/3.10.4/lib/python3.10/site-packages/airflow/example_dags/example_branch_labels.py for tasks to queue
[2022-05-23 16:56:06,660] {logging_mixin.py:115} INFO - [2022-05-23 16:56:06,660] {dagbag.py:507} INFO - Filling up the DagBag from /Users/mohammadrezakhorasanchian/.pyenv/versions/3.10.4/lib/python3.10/site-packages/airflow/example_dags/example_branch_labels.py
[2022-05-23 16:56:06,669] {processor.py:651} INFO - DAG(s) dict_keys(['example_branch_labels']) retrieved from /Users/mohammadrezakhorasanchian/.pyenv/versions/3.10.4/lib/python3.10/site-packages/airflow/example_dags/example_branch_labels.py
[2022-05-23 16:56:06,710] {logging_mixin.py:115} INFO - [2022-05-23 16:56:06,710] {dag.py:2371} INFO - Sync 1 DAGs
[2022-05-23 16:56:06,720] {logging_mixin.py:115} INFO - [2022-05-23 16:56:06,720] {dag.py:2915} INFO - Setting next_dagrun for example_branch_labels to 2022-05-22T00:00:00+00:00, run_after=2022-05-23T00:00:00+00:00
[2022-05-23 16:56:06,727] {processor.py:161} INFO - Processing /Users/mohammadrezakhorasanchian/.pyenv/versions/3.10.4/lib/python3.10/site-packages/airflow/example_dags/example_branch_labels.py took 0.068 seconds
[2022-05-23 16:57:07,991] {processor.py:153} INFO - Started process (PID=37084) to work on /Users/mohammadrezakhorasanchian/.pyenv/versions/3.10.4/lib/python3.10/site-packages/airflow/example_dags/example_branch_labels.py
[2022-05-23 16:57:07,991] {processor.py:641} INFO - Processing file /Users/mohammadrezakhorasanchian/.pyenv/versions/3.10.4/lib/python3.10/site-packages/airflow/example_dags/example_branch_labels.py for tasks to queue
[2022-05-23 16:57:07,991] {logging_mixin.py:115} INFO - [2022-05-23 16:57:07,991] {dagbag.py:507} INFO - Filling up the DagBag from /Users/mohammadrezakhorasanchian/.pyenv/versions/3.10.4/lib/python3.10/site-packages/airflow/example_dags/example_branch_labels.py
[2022-05-23 16:57:08,003] {processor.py:651} INFO - DAG(s) dict_keys(['example_branch_labels']) retrieved from /Users/mohammadrezakhorasanchian/.pyenv/versions/3.10.4/lib/python3.10/site-packages/airflow/example_dags/example_branch_labels.py
[2022-05-23 16:57:08,051] {logging_mixin.py:115} INFO - [2022-05-23 16:57:08,051] {dag.py:2371} INFO - Sync 1 DAGs
[2022-05-23 16:57:08,061] {logging_mixin.py:115} INFO - [2022-05-23 16:57:08,061] {dag.py:2915} INFO - Setting next_dagrun for example_branch_labels to 2022-05-22T00:00:00+00:00, run_after=2022-05-23T00:00:00+00:00
[2022-05-23 16:57:08,068] {processor.py:161} INFO - Processing /Users/mohammadrezakhorasanchian/.pyenv/versions/3.10.4/lib/python3.10/site-packages/airflow/example_dags/example_branch_labels.py took 0.078 seconds
[2022-05-23 16:58:07,673] {processor.py:153} INFO - Started process (PID=37125) to work on /Users/mohammadrezakhorasanchian/.pyenv/versions/3.10.4/lib/python3.10/site-packages/airflow/example_dags/example_branch_labels.py
[2022-05-23 16:58:07,674] {processor.py:641} INFO - Processing file /Users/mohammadrezakhorasanchian/.pyenv/versions/3.10.4/lib/python3.10/site-packages/airflow/example_dags/example_branch_labels.py for tasks to queue
[2022-05-23 16:58:07,674] {logging_mixin.py:115} INFO - [2022-05-23 16:58:07,674] {dagbag.py:507} INFO - Filling up the DagBag from /Users/mohammadrezakhorasanchian/.pyenv/versions/3.10.4/lib/python3.10/site-packages/airflow/example_dags/example_branch_labels.py
[2022-05-23 16:58:07,683] {processor.py:651} INFO - DAG(s) dict_keys(['example_branch_labels']) retrieved from /Users/mohammadrezakhorasanchian/.pyenv/versions/3.10.4/lib/python3.10/site-packages/airflow/example_dags/example_branch_labels.py
[2022-05-23 16:58:07,724] {logging_mixin.py:115} INFO - [2022-05-23 16:58:07,724] {dag.py:2371} INFO - Sync 1 DAGs
[2022-05-23 16:58:07,734] {logging_mixin.py:115} INFO - [2022-05-23 16:58:07,734] {dag.py:2915} INFO - Setting next_dagrun for example_branch_labels to 2022-05-22T00:00:00+00:00, run_after=2022-05-23T00:00:00+00:00
[2022-05-23 16:58:07,742] {processor.py:161} INFO - Processing /Users/mohammadrezakhorasanchian/.pyenv/versions/3.10.4/lib/python3.10/site-packages/airflow/example_dags/example_branch_labels.py took 0.068 seconds
[2022-05-23 16:59:07,018] {processor.py:153} INFO - Started process (PID=37161) to work on /Users/mohammadrezakhorasanchian/.pyenv/versions/3.10.4/lib/python3.10/site-packages/airflow/example_dags/example_branch_labels.py
[2022-05-23 16:59:07,018] {processor.py:641} INFO - Processing file /Users/mohammadrezakhorasanchian/.pyenv/versions/3.10.4/lib/python3.10/site-packages/airflow/example_dags/example_branch_labels.py for tasks to queue
[2022-05-23 16:59:07,018] {logging_mixin.py:115} INFO - [2022-05-23 16:59:07,018] {dagbag.py:507} INFO - Filling up the DagBag from /Users/mohammadrezakhorasanchian/.pyenv/versions/3.10.4/lib/python3.10/site-packages/airflow/example_dags/example_branch_labels.py
[2022-05-23 16:59:07,027] {processor.py:651} INFO - DAG(s) dict_keys(['example_branch_labels']) retrieved from /Users/mohammadrezakhorasanchian/.pyenv/versions/3.10.4/lib/python3.10/site-packages/airflow/example_dags/example_branch_labels.py
[2022-05-23 16:59:07,068] {logging_mixin.py:115} INFO - [2022-05-23 16:59:07,068] {dag.py:2371} INFO - Sync 1 DAGs
[2022-05-23 16:59:07,078] {logging_mixin.py:115} INFO - [2022-05-23 16:59:07,078] {dag.py:2915} INFO - Setting next_dagrun for example_branch_labels to 2022-05-22T00:00:00+00:00, run_after=2022-05-23T00:00:00+00:00
[2022-05-23 16:59:07,086] {processor.py:161} INFO - Processing /Users/mohammadrezakhorasanchian/.pyenv/versions/3.10.4/lib/python3.10/site-packages/airflow/example_dags/example_branch_labels.py took 0.068 seconds
[2022-05-23 17:00:31,397] {processor.py:153} INFO - Started process (PID=37251) to work on /Users/mohammadrezakhorasanchian/.pyenv/versions/3.10.4/lib/python3.10/site-packages/airflow/example_dags/example_branch_labels.py
[2022-05-23 17:00:31,398] {processor.py:641} INFO - Processing file /Users/mohammadrezakhorasanchian/.pyenv/versions/3.10.4/lib/python3.10/site-packages/airflow/example_dags/example_branch_labels.py for tasks to queue
[2022-05-23 17:00:31,398] {logging_mixin.py:115} INFO - [2022-05-23 17:00:31,398] {dagbag.py:507} INFO - Filling up the DagBag from /Users/mohammadrezakhorasanchian/.pyenv/versions/3.10.4/lib/python3.10/site-packages/airflow/example_dags/example_branch_labels.py
[2022-05-23 17:00:31,407] {processor.py:651} INFO - DAG(s) dict_keys(['example_branch_labels']) retrieved from /Users/mohammadrezakhorasanchian/.pyenv/versions/3.10.4/lib/python3.10/site-packages/airflow/example_dags/example_branch_labels.py
[2022-05-23 17:00:31,449] {logging_mixin.py:115} INFO - [2022-05-23 17:00:31,449] {dag.py:2371} INFO - Sync 1 DAGs
[2022-05-23 17:00:31,460] {logging_mixin.py:115} INFO - [2022-05-23 17:00:31,460] {dag.py:2915} INFO - Setting next_dagrun for example_branch_labels to 2022-05-22T00:00:00+00:00, run_after=2022-05-23T00:00:00+00:00
[2022-05-23 17:00:31,468] {processor.py:161} INFO - Processing /Users/mohammadrezakhorasanchian/.pyenv/versions/3.10.4/lib/python3.10/site-packages/airflow/example_dags/example_branch_labels.py took 0.071 seconds
[2022-05-23 17:01:30,469] {processor.py:153} INFO - Started process (PID=37369) to work on /Users/mohammadrezakhorasanchian/.pyenv/versions/3.10.4/lib/python3.10/site-packages/airflow/example_dags/example_branch_labels.py
[2022-05-23 17:01:30,469] {processor.py:641} INFO - Processing file /Users/mohammadrezakhorasanchian/.pyenv/versions/3.10.4/lib/python3.10/site-packages/airflow/example_dags/example_branch_labels.py for tasks to queue
[2022-05-23 17:01:30,470] {logging_mixin.py:115} INFO - [2022-05-23 17:01:30,470] {dagbag.py:507} INFO - Filling up the DagBag from /Users/mohammadrezakhorasanchian/.pyenv/versions/3.10.4/lib/python3.10/site-packages/airflow/example_dags/example_branch_labels.py
[2022-05-23 17:01:30,483] {processor.py:651} INFO - DAG(s) dict_keys(['example_branch_labels']) retrieved from /Users/mohammadrezakhorasanchian/.pyenv/versions/3.10.4/lib/python3.10/site-packages/airflow/example_dags/example_branch_labels.py
[2022-05-23 17:01:30,545] {logging_mixin.py:115} INFO - [2022-05-23 17:01:30,545] {dag.py:2371} INFO - Sync 1 DAGs
[2022-05-23 17:01:30,561] {logging_mixin.py:115} INFO - [2022-05-23 17:01:30,561] {dag.py:2915} INFO - Setting next_dagrun for example_branch_labels to 2022-05-22T00:00:00+00:00, run_after=2022-05-23T00:00:00+00:00
[2022-05-23 17:01:30,571] {processor.py:161} INFO - Processing /Users/mohammadrezakhorasanchian/.pyenv/versions/3.10.4/lib/python3.10/site-packages/airflow/example_dags/example_branch_labels.py took 0.102 seconds
[2022-05-23 17:02:55,476] {processor.py:153} INFO - Started process (PID=37528) to work on /Users/mohammadrezakhorasanchian/.pyenv/versions/3.10.4/lib/python3.10/site-packages/airflow/example_dags/example_branch_labels.py
[2022-05-23 17:02:55,477] {processor.py:641} INFO - Processing file /Users/mohammadrezakhorasanchian/.pyenv/versions/3.10.4/lib/python3.10/site-packages/airflow/example_dags/example_branch_labels.py for tasks to queue
[2022-05-23 17:02:55,477] {logging_mixin.py:115} INFO - [2022-05-23 17:02:55,477] {dagbag.py:507} INFO - Filling up the DagBag from /Users/mohammadrezakhorasanchian/.pyenv/versions/3.10.4/lib/python3.10/site-packages/airflow/example_dags/example_branch_labels.py
[2022-05-23 17:02:55,486] {processor.py:651} INFO - DAG(s) dict_keys(['example_branch_labels']) retrieved from /Users/mohammadrezakhorasanchian/.pyenv/versions/3.10.4/lib/python3.10/site-packages/airflow/example_dags/example_branch_labels.py
[2022-05-23 17:02:55,528] {logging_mixin.py:115} INFO - [2022-05-23 17:02:55,528] {dag.py:2371} INFO - Sync 1 DAGs
[2022-05-23 17:02:55,539] {logging_mixin.py:115} INFO - [2022-05-23 17:02:55,539] {dag.py:2915} INFO - Setting next_dagrun for example_branch_labels to 2022-05-22T00:00:00+00:00, run_after=2022-05-23T00:00:00+00:00
[2022-05-23 17:02:55,546] {processor.py:161} INFO - Processing /Users/mohammadrezakhorasanchian/.pyenv/versions/3.10.4/lib/python3.10/site-packages/airflow/example_dags/example_branch_labels.py took 0.070 seconds
[2022-05-23 17:03:55,200] {processor.py:153} INFO - Started process (PID=37635) to work on /Users/mohammadrezakhorasanchian/.pyenv/versions/3.10.4/lib/python3.10/site-packages/airflow/example_dags/example_branch_labels.py
[2022-05-23 17:03:55,200] {processor.py:641} INFO - Processing file /Users/mohammadrezakhorasanchian/.pyenv/versions/3.10.4/lib/python3.10/site-packages/airflow/example_dags/example_branch_labels.py for tasks to queue
[2022-05-23 17:03:55,201] {logging_mixin.py:115} INFO - [2022-05-23 17:03:55,200] {dagbag.py:507} INFO - Filling up the DagBag from /Users/mohammadrezakhorasanchian/.pyenv/versions/3.10.4/lib/python3.10/site-packages/airflow/example_dags/example_branch_labels.py
[2022-05-23 17:03:55,210] {processor.py:651} INFO - DAG(s) dict_keys(['example_branch_labels']) retrieved from /Users/mohammadrezakhorasanchian/.pyenv/versions/3.10.4/lib/python3.10/site-packages/airflow/example_dags/example_branch_labels.py
[2022-05-23 17:03:55,252] {logging_mixin.py:115} INFO - [2022-05-23 17:03:55,252] {dag.py:2371} INFO - Sync 1 DAGs
[2022-05-23 17:03:55,263] {logging_mixin.py:115} INFO - [2022-05-23 17:03:55,263] {dag.py:2915} INFO - Setting next_dagrun for example_branch_labels to 2022-05-22T00:00:00+00:00, run_after=2022-05-23T00:00:00+00:00
[2022-05-23 17:03:55,270] {processor.py:161} INFO - Processing /Users/mohammadrezakhorasanchian/.pyenv/versions/3.10.4/lib/python3.10/site-packages/airflow/example_dags/example_branch_labels.py took 0.070 seconds
[2022-05-23 17:04:55,905] {processor.py:153} INFO - Started process (PID=37747) to work on /Users/mohammadrezakhorasanchian/.pyenv/versions/3.10.4/lib/python3.10/site-packages/airflow/example_dags/example_branch_labels.py
[2022-05-23 17:04:55,905] {processor.py:641} INFO - Processing file /Users/mohammadrezakhorasanchian/.pyenv/versions/3.10.4/lib/python3.10/site-packages/airflow/example_dags/example_branch_labels.py for tasks to queue
[2022-05-23 17:04:55,905] {logging_mixin.py:115} INFO - [2022-05-23 17:04:55,905] {dagbag.py:507} INFO - Filling up the DagBag from /Users/mohammadrezakhorasanchian/.pyenv/versions/3.10.4/lib/python3.10/site-packages/airflow/example_dags/example_branch_labels.py
[2022-05-23 17:04:55,916] {processor.py:651} INFO - DAG(s) dict_keys(['example_branch_labels']) retrieved from /Users/mohammadrezakhorasanchian/.pyenv/versions/3.10.4/lib/python3.10/site-packages/airflow/example_dags/example_branch_labels.py
[2022-05-23 17:04:55,984] {logging_mixin.py:115} INFO - [2022-05-23 17:04:55,984] {dag.py:2371} INFO - Sync 1 DAGs
[2022-05-23 17:04:55,995] {logging_mixin.py:115} INFO - [2022-05-23 17:04:55,995] {dag.py:2915} INFO - Setting next_dagrun for example_branch_labels to 2022-05-22T00:00:00+00:00, run_after=2022-05-23T00:00:00+00:00
[2022-05-23 17:04:56,001] {processor.py:161} INFO - Processing /Users/mohammadrezakhorasanchian/.pyenv/versions/3.10.4/lib/python3.10/site-packages/airflow/example_dags/example_branch_labels.py took 0.097 seconds
[2022-05-23 17:05:55,541] {processor.py:153} INFO - Started process (PID=37855) to work on /Users/mohammadrezakhorasanchian/.pyenv/versions/3.10.4/lib/python3.10/site-packages/airflow/example_dags/example_branch_labels.py
[2022-05-23 17:05:55,541] {processor.py:641} INFO - Processing file /Users/mohammadrezakhorasanchian/.pyenv/versions/3.10.4/lib/python3.10/site-packages/airflow/example_dags/example_branch_labels.py for tasks to queue
[2022-05-23 17:05:55,541] {logging_mixin.py:115} INFO - [2022-05-23 17:05:55,541] {dagbag.py:507} INFO - Filling up the DagBag from /Users/mohammadrezakhorasanchian/.pyenv/versions/3.10.4/lib/python3.10/site-packages/airflow/example_dags/example_branch_labels.py
[2022-05-23 17:05:55,550] {processor.py:651} INFO - DAG(s) dict_keys(['example_branch_labels']) retrieved from /Users/mohammadrezakhorasanchian/.pyenv/versions/3.10.4/lib/python3.10/site-packages/airflow/example_dags/example_branch_labels.py
[2022-05-23 17:05:55,591] {logging_mixin.py:115} INFO - [2022-05-23 17:05:55,591] {dag.py:2371} INFO - Sync 1 DAGs
[2022-05-23 17:05:55,602] {logging_mixin.py:115} INFO - [2022-05-23 17:05:55,602] {dag.py:2915} INFO - Setting next_dagrun for example_branch_labels to 2022-05-22T00:00:00+00:00, run_after=2022-05-23T00:00:00+00:00
[2022-05-23 17:05:55,612] {processor.py:161} INFO - Processing /Users/mohammadrezakhorasanchian/.pyenv/versions/3.10.4/lib/python3.10/site-packages/airflow/example_dags/example_branch_labels.py took 0.071 seconds
[2022-05-23 17:06:55,477] {processor.py:153} INFO - Started process (PID=37962) to work on /Users/mohammadrezakhorasanchian/.pyenv/versions/3.10.4/lib/python3.10/site-packages/airflow/example_dags/example_branch_labels.py
[2022-05-23 17:06:55,477] {processor.py:641} INFO - Processing file /Users/mohammadrezakhorasanchian/.pyenv/versions/3.10.4/lib/python3.10/site-packages/airflow/example_dags/example_branch_labels.py for tasks to queue
[2022-05-23 17:06:55,478] {logging_mixin.py:115} INFO - [2022-05-23 17:06:55,478] {dagbag.py:507} INFO - Filling up the DagBag from /Users/mohammadrezakhorasanchian/.pyenv/versions/3.10.4/lib/python3.10/site-packages/airflow/example_dags/example_branch_labels.py
[2022-05-23 17:06:55,487] {processor.py:651} INFO - DAG(s) dict_keys(['example_branch_labels']) retrieved from /Users/mohammadrezakhorasanchian/.pyenv/versions/3.10.4/lib/python3.10/site-packages/airflow/example_dags/example_branch_labels.py
[2022-05-23 17:06:55,529] {logging_mixin.py:115} INFO - [2022-05-23 17:06:55,529] {dag.py:2371} INFO - Sync 1 DAGs
[2022-05-23 17:06:55,539] {logging_mixin.py:115} INFO - [2022-05-23 17:06:55,539] {dag.py:2915} INFO - Setting next_dagrun for example_branch_labels to 2022-05-22T00:00:00+00:00, run_after=2022-05-23T00:00:00+00:00
[2022-05-23 17:06:55,546] {processor.py:161} INFO - Processing /Users/mohammadrezakhorasanchian/.pyenv/versions/3.10.4/lib/python3.10/site-packages/airflow/example_dags/example_branch_labels.py took 0.069 seconds
[2022-05-23 17:07:58,346] {processor.py:153} INFO - Started process (PID=38081) to work on /Users/mohammadrezakhorasanchian/.pyenv/versions/3.10.4/lib/python3.10/site-packages/airflow/example_dags/example_branch_labels.py
[2022-05-23 17:07:58,346] {processor.py:641} INFO - Processing file /Users/mohammadrezakhorasanchian/.pyenv/versions/3.10.4/lib/python3.10/site-packages/airflow/example_dags/example_branch_labels.py for tasks to queue
[2022-05-23 17:07:58,347] {logging_mixin.py:115} INFO - [2022-05-23 17:07:58,347] {dagbag.py:507} INFO - Filling up the DagBag from /Users/mohammadrezakhorasanchian/.pyenv/versions/3.10.4/lib/python3.10/site-packages/airflow/example_dags/example_branch_labels.py
[2022-05-23 17:07:58,358] {processor.py:651} INFO - DAG(s) dict_keys(['example_branch_labels']) retrieved from /Users/mohammadrezakhorasanchian/.pyenv/versions/3.10.4/lib/python3.10/site-packages/airflow/example_dags/example_branch_labels.py
[2022-05-23 17:07:58,405] {logging_mixin.py:115} INFO - [2022-05-23 17:07:58,405] {dag.py:2371} INFO - Sync 1 DAGs
[2022-05-23 17:07:58,416] {logging_mixin.py:115} INFO - [2022-05-23 17:07:58,416] {dag.py:2915} INFO - Setting next_dagrun for example_branch_labels to 2022-05-22T00:00:00+00:00, run_after=2022-05-23T00:00:00+00:00
[2022-05-23 17:07:58,423] {processor.py:161} INFO - Processing /Users/mohammadrezakhorasanchian/.pyenv/versions/3.10.4/lib/python3.10/site-packages/airflow/example_dags/example_branch_labels.py took 0.077 seconds
[2022-05-23 17:09:01,992] {processor.py:153} INFO - Started process (PID=38192) to work on /Users/mohammadrezakhorasanchian/.pyenv/versions/3.10.4/lib/python3.10/site-packages/airflow/example_dags/example_branch_labels.py
[2022-05-23 17:09:01,992] {processor.py:641} INFO - Processing file /Users/mohammadrezakhorasanchian/.pyenv/versions/3.10.4/lib/python3.10/site-packages/airflow/example_dags/example_branch_labels.py for tasks to queue
[2022-05-23 17:09:01,992] {logging_mixin.py:115} INFO - [2022-05-23 17:09:01,992] {dagbag.py:507} INFO - Filling up the DagBag from /Users/mohammadrezakhorasanchian/.pyenv/versions/3.10.4/lib/python3.10/site-packages/airflow/example_dags/example_branch_labels.py
[2022-05-23 17:09:02,001] {processor.py:651} INFO - DAG(s) dict_keys(['example_branch_labels']) retrieved from /Users/mohammadrezakhorasanchian/.pyenv/versions/3.10.4/lib/python3.10/site-packages/airflow/example_dags/example_branch_labels.py
[2022-05-23 17:09:02,045] {logging_mixin.py:115} INFO - [2022-05-23 17:09:02,045] {dag.py:2371} INFO - Sync 1 DAGs
[2022-05-23 17:09:02,056] {logging_mixin.py:115} INFO - [2022-05-23 17:09:02,056] {dag.py:2915} INFO - Setting next_dagrun for example_branch_labels to 2022-05-22T00:00:00+00:00, run_after=2022-05-23T00:00:00+00:00
[2022-05-23 17:09:02,063] {processor.py:161} INFO - Processing /Users/mohammadrezakhorasanchian/.pyenv/versions/3.10.4/lib/python3.10/site-packages/airflow/example_dags/example_branch_labels.py took 0.072 seconds
[2022-05-23 17:10:04,874] {processor.py:153} INFO - Started process (PID=38308) to work on /Users/mohammadrezakhorasanchian/.pyenv/versions/3.10.4/lib/python3.10/site-packages/airflow/example_dags/example_branch_labels.py
[2022-05-23 17:10:04,874] {processor.py:641} INFO - Processing file /Users/mohammadrezakhorasanchian/.pyenv/versions/3.10.4/lib/python3.10/site-packages/airflow/example_dags/example_branch_labels.py for tasks to queue
[2022-05-23 17:10:04,874] {logging_mixin.py:115} INFO - [2022-05-23 17:10:04,874] {dagbag.py:507} INFO - Filling up the DagBag from /Users/mohammadrezakhorasanchian/.pyenv/versions/3.10.4/lib/python3.10/site-packages/airflow/example_dags/example_branch_labels.py
[2022-05-23 17:10:04,883] {processor.py:651} INFO - DAG(s) dict_keys(['example_branch_labels']) retrieved from /Users/mohammadrezakhorasanchian/.pyenv/versions/3.10.4/lib/python3.10/site-packages/airflow/example_dags/example_branch_labels.py
[2022-05-23 17:10:04,925] {logging_mixin.py:115} INFO - [2022-05-23 17:10:04,925] {dag.py:2371} INFO - Sync 1 DAGs
[2022-05-23 17:10:04,935] {logging_mixin.py:115} INFO - [2022-05-23 17:10:04,935] {dag.py:2915} INFO - Setting next_dagrun for example_branch_labels to 2022-05-22T00:00:00+00:00, run_after=2022-05-23T00:00:00+00:00
[2022-05-23 17:10:04,945] {processor.py:161} INFO - Processing /Users/mohammadrezakhorasanchian/.pyenv/versions/3.10.4/lib/python3.10/site-packages/airflow/example_dags/example_branch_labels.py took 0.072 seconds
[2022-05-23 17:11:06,408] {processor.py:153} INFO - Started process (PID=38416) to work on /Users/mohammadrezakhorasanchian/.pyenv/versions/3.10.4/lib/python3.10/site-packages/airflow/example_dags/example_branch_labels.py
[2022-05-23 17:11:06,408] {processor.py:641} INFO - Processing file /Users/mohammadrezakhorasanchian/.pyenv/versions/3.10.4/lib/python3.10/site-packages/airflow/example_dags/example_branch_labels.py for tasks to queue
[2022-05-23 17:11:06,408] {logging_mixin.py:115} INFO - [2022-05-23 17:11:06,408] {dagbag.py:507} INFO - Filling up the DagBag from /Users/mohammadrezakhorasanchian/.pyenv/versions/3.10.4/lib/python3.10/site-packages/airflow/example_dags/example_branch_labels.py
[2022-05-23 17:11:06,417] {processor.py:651} INFO - DAG(s) dict_keys(['example_branch_labels']) retrieved from /Users/mohammadrezakhorasanchian/.pyenv/versions/3.10.4/lib/python3.10/site-packages/airflow/example_dags/example_branch_labels.py
[2022-05-23 17:11:06,459] {logging_mixin.py:115} INFO - [2022-05-23 17:11:06,459] {dag.py:2371} INFO - Sync 1 DAGs
[2022-05-23 17:11:06,470] {logging_mixin.py:115} INFO - [2022-05-23 17:11:06,470] {dag.py:2915} INFO - Setting next_dagrun for example_branch_labels to 2022-05-22T00:00:00+00:00, run_after=2022-05-23T00:00:00+00:00
[2022-05-23 17:11:06,478] {processor.py:161} INFO - Processing /Users/mohammadrezakhorasanchian/.pyenv/versions/3.10.4/lib/python3.10/site-packages/airflow/example_dags/example_branch_labels.py took 0.070 seconds
[2022-05-23 17:12:05,889] {processor.py:153} INFO - Started process (PID=38516) to work on /Users/mohammadrezakhorasanchian/.pyenv/versions/3.10.4/lib/python3.10/site-packages/airflow/example_dags/example_branch_labels.py
[2022-05-23 17:12:05,889] {processor.py:641} INFO - Processing file /Users/mohammadrezakhorasanchian/.pyenv/versions/3.10.4/lib/python3.10/site-packages/airflow/example_dags/example_branch_labels.py for tasks to queue
[2022-05-23 17:12:05,889] {logging_mixin.py:115} INFO - [2022-05-23 17:12:05,889] {dagbag.py:507} INFO - Filling up the DagBag from /Users/mohammadrezakhorasanchian/.pyenv/versions/3.10.4/lib/python3.10/site-packages/airflow/example_dags/example_branch_labels.py
[2022-05-23 17:12:05,898] {processor.py:651} INFO - DAG(s) dict_keys(['example_branch_labels']) retrieved from /Users/mohammadrezakhorasanchian/.pyenv/versions/3.10.4/lib/python3.10/site-packages/airflow/example_dags/example_branch_labels.py
[2022-05-23 17:12:05,940] {logging_mixin.py:115} INFO - [2022-05-23 17:12:05,940] {dag.py:2371} INFO - Sync 1 DAGs
[2022-05-23 17:12:05,951] {logging_mixin.py:115} INFO - [2022-05-23 17:12:05,951] {dag.py:2915} INFO - Setting next_dagrun for example_branch_labels to 2022-05-22T00:00:00+00:00, run_after=2022-05-23T00:00:00+00:00
[2022-05-23 17:12:05,957] {processor.py:161} INFO - Processing /Users/mohammadrezakhorasanchian/.pyenv/versions/3.10.4/lib/python3.10/site-packages/airflow/example_dags/example_branch_labels.py took 0.069 seconds
[2022-05-23 17:13:06,790] {processor.py:153} INFO - Started process (PID=38570) to work on /Users/mohammadrezakhorasanchian/.pyenv/versions/3.10.4/lib/python3.10/site-packages/airflow/example_dags/example_branch_labels.py
[2022-05-23 17:13:06,791] {processor.py:641} INFO - Processing file /Users/mohammadrezakhorasanchian/.pyenv/versions/3.10.4/lib/python3.10/site-packages/airflow/example_dags/example_branch_labels.py for tasks to queue
[2022-05-23 17:13:06,791] {logging_mixin.py:115} INFO - [2022-05-23 17:13:06,791] {dagbag.py:507} INFO - Filling up the DagBag from /Users/mohammadrezakhorasanchian/.pyenv/versions/3.10.4/lib/python3.10/site-packages/airflow/example_dags/example_branch_labels.py
[2022-05-23 17:13:06,802] {processor.py:651} INFO - DAG(s) dict_keys(['example_branch_labels']) retrieved from /Users/mohammadrezakhorasanchian/.pyenv/versions/3.10.4/lib/python3.10/site-packages/airflow/example_dags/example_branch_labels.py
[2022-05-23 17:13:06,852] {logging_mixin.py:115} INFO - [2022-05-23 17:13:06,852] {dag.py:2371} INFO - Sync 1 DAGs
[2022-05-23 17:13:06,864] {logging_mixin.py:115} INFO - [2022-05-23 17:13:06,864] {dag.py:2915} INFO - Setting next_dagrun for example_branch_labels to 2022-05-22T00:00:00+00:00, run_after=2022-05-23T00:00:00+00:00
[2022-05-23 17:13:06,872] {processor.py:161} INFO - Processing /Users/mohammadrezakhorasanchian/.pyenv/versions/3.10.4/lib/python3.10/site-packages/airflow/example_dags/example_branch_labels.py took 0.082 seconds
[2022-05-23 17:14:06,524] {processor.py:153} INFO - Started process (PID=38674) to work on /Users/mohammadrezakhorasanchian/.pyenv/versions/3.10.4/lib/python3.10/site-packages/airflow/example_dags/example_branch_labels.py
[2022-05-23 17:14:06,524] {processor.py:641} INFO - Processing file /Users/mohammadrezakhorasanchian/.pyenv/versions/3.10.4/lib/python3.10/site-packages/airflow/example_dags/example_branch_labels.py for tasks to queue
[2022-05-23 17:14:06,524] {logging_mixin.py:115} INFO - [2022-05-23 17:14:06,524] {dagbag.py:507} INFO - Filling up the DagBag from /Users/mohammadrezakhorasanchian/.pyenv/versions/3.10.4/lib/python3.10/site-packages/airflow/example_dags/example_branch_labels.py
[2022-05-23 17:14:06,534] {processor.py:651} INFO - DAG(s) dict_keys(['example_branch_labels']) retrieved from /Users/mohammadrezakhorasanchian/.pyenv/versions/3.10.4/lib/python3.10/site-packages/airflow/example_dags/example_branch_labels.py
[2022-05-23 17:14:06,574] {logging_mixin.py:115} INFO - [2022-05-23 17:14:06,574] {dag.py:2371} INFO - Sync 1 DAGs
[2022-05-23 17:14:06,585] {logging_mixin.py:115} INFO - [2022-05-23 17:14:06,585] {dag.py:2915} INFO - Setting next_dagrun for example_branch_labels to 2022-05-22T00:00:00+00:00, run_after=2022-05-23T00:00:00+00:00
[2022-05-23 17:14:06,592] {processor.py:161} INFO - Processing /Users/mohammadrezakhorasanchian/.pyenv/versions/3.10.4/lib/python3.10/site-packages/airflow/example_dags/example_branch_labels.py took 0.068 seconds
[2022-05-23 17:15:05,429] {processor.py:153} INFO - Started process (PID=38772) to work on /Users/mohammadrezakhorasanchian/.pyenv/versions/3.10.4/lib/python3.10/site-packages/airflow/example_dags/example_branch_labels.py
[2022-05-23 17:15:05,429] {processor.py:641} INFO - Processing file /Users/mohammadrezakhorasanchian/.pyenv/versions/3.10.4/lib/python3.10/site-packages/airflow/example_dags/example_branch_labels.py for tasks to queue
[2022-05-23 17:15:05,429] {logging_mixin.py:115} INFO - [2022-05-23 17:15:05,429] {dagbag.py:507} INFO - Filling up the DagBag from /Users/mohammadrezakhorasanchian/.pyenv/versions/3.10.4/lib/python3.10/site-packages/airflow/example_dags/example_branch_labels.py
[2022-05-23 17:15:05,439] {processor.py:651} INFO - DAG(s) dict_keys(['example_branch_labels']) retrieved from /Users/mohammadrezakhorasanchian/.pyenv/versions/3.10.4/lib/python3.10/site-packages/airflow/example_dags/example_branch_labels.py
[2022-05-23 17:15:05,485] {logging_mixin.py:115} INFO - [2022-05-23 17:15:05,485] {dag.py:2371} INFO - Sync 1 DAGs
[2022-05-23 17:15:05,497] {logging_mixin.py:115} INFO - [2022-05-23 17:15:05,497] {dag.py:2915} INFO - Setting next_dagrun for example_branch_labels to 2022-05-22T00:00:00+00:00, run_after=2022-05-23T00:00:00+00:00
[2022-05-23 17:15:05,504] {processor.py:161} INFO - Processing /Users/mohammadrezakhorasanchian/.pyenv/versions/3.10.4/lib/python3.10/site-packages/airflow/example_dags/example_branch_labels.py took 0.076 seconds
[2022-05-23 17:16:03,343] {processor.py:153} INFO - Started process (PID=38822) to work on /Users/mohammadrezakhorasanchian/.pyenv/versions/3.10.4/lib/python3.10/site-packages/airflow/example_dags/example_branch_labels.py
[2022-05-23 17:16:03,343] {processor.py:641} INFO - Processing file /Users/mohammadrezakhorasanchian/.pyenv/versions/3.10.4/lib/python3.10/site-packages/airflow/example_dags/example_branch_labels.py for tasks to queue
[2022-05-23 17:16:03,344] {logging_mixin.py:115} INFO - [2022-05-23 17:16:03,344] {dagbag.py:507} INFO - Filling up the DagBag from /Users/mohammadrezakhorasanchian/.pyenv/versions/3.10.4/lib/python3.10/site-packages/airflow/example_dags/example_branch_labels.py
[2022-05-23 17:16:03,353] {processor.py:651} INFO - DAG(s) dict_keys(['example_branch_labels']) retrieved from /Users/mohammadrezakhorasanchian/.pyenv/versions/3.10.4/lib/python3.10/site-packages/airflow/example_dags/example_branch_labels.py
[2022-05-23 17:16:03,394] {logging_mixin.py:115} INFO - [2022-05-23 17:16:03,394] {dag.py:2371} INFO - Sync 1 DAGs
[2022-05-23 17:16:03,405] {logging_mixin.py:115} INFO - [2022-05-23 17:16:03,405] {dag.py:2915} INFO - Setting next_dagrun for example_branch_labels to 2022-05-22T00:00:00+00:00, run_after=2022-05-23T00:00:00+00:00
[2022-05-23 17:16:03,413] {processor.py:161} INFO - Processing /Users/mohammadrezakhorasanchian/.pyenv/versions/3.10.4/lib/python3.10/site-packages/airflow/example_dags/example_branch_labels.py took 0.070 seconds
[2022-05-23 17:17:03,894] {processor.py:153} INFO - Started process (PID=38866) to work on /Users/mohammadrezakhorasanchian/.pyenv/versions/3.10.4/lib/python3.10/site-packages/airflow/example_dags/example_branch_labels.py
[2022-05-23 17:17:03,895] {processor.py:641} INFO - Processing file /Users/mohammadrezakhorasanchian/.pyenv/versions/3.10.4/lib/python3.10/site-packages/airflow/example_dags/example_branch_labels.py for tasks to queue
[2022-05-23 17:17:03,895] {logging_mixin.py:115} INFO - [2022-05-23 17:17:03,895] {dagbag.py:507} INFO - Filling up the DagBag from /Users/mohammadrezakhorasanchian/.pyenv/versions/3.10.4/lib/python3.10/site-packages/airflow/example_dags/example_branch_labels.py
[2022-05-23 17:17:03,907] {processor.py:651} INFO - DAG(s) dict_keys(['example_branch_labels']) retrieved from /Users/mohammadrezakhorasanchian/.pyenv/versions/3.10.4/lib/python3.10/site-packages/airflow/example_dags/example_branch_labels.py
[2022-05-23 17:17:03,961] {logging_mixin.py:115} INFO - [2022-05-23 17:17:03,961] {dag.py:2371} INFO - Sync 1 DAGs
[2022-05-23 17:17:03,975] {logging_mixin.py:115} INFO - [2022-05-23 17:17:03,975] {dag.py:2915} INFO - Setting next_dagrun for example_branch_labels to 2022-05-22T00:00:00+00:00, run_after=2022-05-23T00:00:00+00:00
[2022-05-23 17:17:03,984] {processor.py:161} INFO - Processing /Users/mohammadrezakhorasanchian/.pyenv/versions/3.10.4/lib/python3.10/site-packages/airflow/example_dags/example_branch_labels.py took 0.090 seconds
[2022-05-23 17:18:05,956] {processor.py:153} INFO - Started process (PID=38911) to work on /Users/mohammadrezakhorasanchian/.pyenv/versions/3.10.4/lib/python3.10/site-packages/airflow/example_dags/example_branch_labels.py
[2022-05-23 17:18:05,956] {processor.py:641} INFO - Processing file /Users/mohammadrezakhorasanchian/.pyenv/versions/3.10.4/lib/python3.10/site-packages/airflow/example_dags/example_branch_labels.py for tasks to queue
[2022-05-23 17:18:05,956] {logging_mixin.py:115} INFO - [2022-05-23 17:18:05,956] {dagbag.py:507} INFO - Filling up the DagBag from /Users/mohammadrezakhorasanchian/.pyenv/versions/3.10.4/lib/python3.10/site-packages/airflow/example_dags/example_branch_labels.py
[2022-05-23 17:18:05,965] {processor.py:651} INFO - DAG(s) dict_keys(['example_branch_labels']) retrieved from /Users/mohammadrezakhorasanchian/.pyenv/versions/3.10.4/lib/python3.10/site-packages/airflow/example_dags/example_branch_labels.py
[2022-05-23 17:18:06,010] {logging_mixin.py:115} INFO - [2022-05-23 17:18:06,010] {dag.py:2371} INFO - Sync 1 DAGs
[2022-05-23 17:18:06,021] {logging_mixin.py:115} INFO - [2022-05-23 17:18:06,021] {dag.py:2915} INFO - Setting next_dagrun for example_branch_labels to 2022-05-22T00:00:00+00:00, run_after=2022-05-23T00:00:00+00:00
[2022-05-23 17:18:06,029] {processor.py:161} INFO - Processing /Users/mohammadrezakhorasanchian/.pyenv/versions/3.10.4/lib/python3.10/site-packages/airflow/example_dags/example_branch_labels.py took 0.074 seconds
[2022-05-23 17:19:07,673] {processor.py:153} INFO - Started process (PID=39006) to work on /Users/mohammadrezakhorasanchian/.pyenv/versions/3.10.4/lib/python3.10/site-packages/airflow/example_dags/example_branch_labels.py
[2022-05-23 17:19:07,673] {processor.py:641} INFO - Processing file /Users/mohammadrezakhorasanchian/.pyenv/versions/3.10.4/lib/python3.10/site-packages/airflow/example_dags/example_branch_labels.py for tasks to queue
[2022-05-23 17:19:07,673] {logging_mixin.py:115} INFO - [2022-05-23 17:19:07,673] {dagbag.py:507} INFO - Filling up the DagBag from /Users/mohammadrezakhorasanchian/.pyenv/versions/3.10.4/lib/python3.10/site-packages/airflow/example_dags/example_branch_labels.py
[2022-05-23 17:19:07,685] {processor.py:651} INFO - DAG(s) dict_keys(['example_branch_labels']) retrieved from /Users/mohammadrezakhorasanchian/.pyenv/versions/3.10.4/lib/python3.10/site-packages/airflow/example_dags/example_branch_labels.py
[2022-05-23 17:19:07,736] {logging_mixin.py:115} INFO - [2022-05-23 17:19:07,736] {dag.py:2371} INFO - Sync 1 DAGs
[2022-05-23 17:19:07,749] {logging_mixin.py:115} INFO - [2022-05-23 17:19:07,749] {dag.py:2915} INFO - Setting next_dagrun for example_branch_labels to 2022-05-22T00:00:00+00:00, run_after=2022-05-23T00:00:00+00:00
[2022-05-23 17:19:07,757] {processor.py:161} INFO - Processing /Users/mohammadrezakhorasanchian/.pyenv/versions/3.10.4/lib/python3.10/site-packages/airflow/example_dags/example_branch_labels.py took 0.085 seconds
[2022-05-23 17:20:11,807] {processor.py:153} INFO - Started process (PID=39124) to work on /Users/mohammadrezakhorasanchian/.pyenv/versions/3.10.4/lib/python3.10/site-packages/airflow/example_dags/example_branch_labels.py
[2022-05-23 17:20:11,807] {processor.py:641} INFO - Processing file /Users/mohammadrezakhorasanchian/.pyenv/versions/3.10.4/lib/python3.10/site-packages/airflow/example_dags/example_branch_labels.py for tasks to queue
[2022-05-23 17:20:11,808] {logging_mixin.py:115} INFO - [2022-05-23 17:20:11,807] {dagbag.py:507} INFO - Filling up the DagBag from /Users/mohammadrezakhorasanchian/.pyenv/versions/3.10.4/lib/python3.10/site-packages/airflow/example_dags/example_branch_labels.py
[2022-05-23 17:20:11,817] {processor.py:651} INFO - DAG(s) dict_keys(['example_branch_labels']) retrieved from /Users/mohammadrezakhorasanchian/.pyenv/versions/3.10.4/lib/python3.10/site-packages/airflow/example_dags/example_branch_labels.py
[2022-05-23 17:20:11,859] {logging_mixin.py:115} INFO - [2022-05-23 17:20:11,859] {dag.py:2371} INFO - Sync 1 DAGs
[2022-05-23 17:20:11,869] {logging_mixin.py:115} INFO - [2022-05-23 17:20:11,869] {dag.py:2915} INFO - Setting next_dagrun for example_branch_labels to 2022-05-22T00:00:00+00:00, run_after=2022-05-23T00:00:00+00:00
[2022-05-23 17:20:11,876] {processor.py:161} INFO - Processing /Users/mohammadrezakhorasanchian/.pyenv/versions/3.10.4/lib/python3.10/site-packages/airflow/example_dags/example_branch_labels.py took 0.070 seconds
[2022-05-23 17:21:12,208] {processor.py:153} INFO - Started process (PID=39204) to work on /Users/mohammadrezakhorasanchian/.pyenv/versions/3.10.4/lib/python3.10/site-packages/airflow/example_dags/example_branch_labels.py
[2022-05-23 17:21:12,208] {processor.py:641} INFO - Processing file /Users/mohammadrezakhorasanchian/.pyenv/versions/3.10.4/lib/python3.10/site-packages/airflow/example_dags/example_branch_labels.py for tasks to queue
[2022-05-23 17:21:12,208] {logging_mixin.py:115} INFO - [2022-05-23 17:21:12,208] {dagbag.py:507} INFO - Filling up the DagBag from /Users/mohammadrezakhorasanchian/.pyenv/versions/3.10.4/lib/python3.10/site-packages/airflow/example_dags/example_branch_labels.py
[2022-05-23 17:21:12,217] {processor.py:651} INFO - DAG(s) dict_keys(['example_branch_labels']) retrieved from /Users/mohammadrezakhorasanchian/.pyenv/versions/3.10.4/lib/python3.10/site-packages/airflow/example_dags/example_branch_labels.py
[2022-05-23 17:21:12,258] {logging_mixin.py:115} INFO - [2022-05-23 17:21:12,258] {dag.py:2371} INFO - Sync 1 DAGs
[2022-05-23 17:21:12,269] {logging_mixin.py:115} INFO - [2022-05-23 17:21:12,269] {dag.py:2915} INFO - Setting next_dagrun for example_branch_labels to 2022-05-22T00:00:00+00:00, run_after=2022-05-23T00:00:00+00:00
[2022-05-23 17:21:12,276] {processor.py:161} INFO - Processing /Users/mohammadrezakhorasanchian/.pyenv/versions/3.10.4/lib/python3.10/site-packages/airflow/example_dags/example_branch_labels.py took 0.068 seconds
[2022-05-23 17:22:13,564] {processor.py:153} INFO - Started process (PID=39279) to work on /Users/mohammadrezakhorasanchian/.pyenv/versions/3.10.4/lib/python3.10/site-packages/airflow/example_dags/example_branch_labels.py
[2022-05-23 17:22:13,564] {processor.py:641} INFO - Processing file /Users/mohammadrezakhorasanchian/.pyenv/versions/3.10.4/lib/python3.10/site-packages/airflow/example_dags/example_branch_labels.py for tasks to queue
[2022-05-23 17:22:13,564] {logging_mixin.py:115} INFO - [2022-05-23 17:22:13,564] {dagbag.py:507} INFO - Filling up the DagBag from /Users/mohammadrezakhorasanchian/.pyenv/versions/3.10.4/lib/python3.10/site-packages/airflow/example_dags/example_branch_labels.py
[2022-05-23 17:22:13,575] {processor.py:651} INFO - DAG(s) dict_keys(['example_branch_labels']) retrieved from /Users/mohammadrezakhorasanchian/.pyenv/versions/3.10.4/lib/python3.10/site-packages/airflow/example_dags/example_branch_labels.py
[2022-05-23 17:22:13,631] {logging_mixin.py:115} INFO - [2022-05-23 17:22:13,631] {dag.py:2371} INFO - Sync 1 DAGs
[2022-05-23 17:22:13,644] {logging_mixin.py:115} INFO - [2022-05-23 17:22:13,644] {dag.py:2915} INFO - Setting next_dagrun for example_branch_labels to 2022-05-22T00:00:00+00:00, run_after=2022-05-23T00:00:00+00:00
[2022-05-23 17:22:13,652] {processor.py:161} INFO - Processing /Users/mohammadrezakhorasanchian/.pyenv/versions/3.10.4/lib/python3.10/site-packages/airflow/example_dags/example_branch_labels.py took 0.089 seconds
[2022-05-23 17:23:26,434] {processor.py:153} INFO - Started process (PID=39327) to work on /Users/mohammadrezakhorasanchian/.pyenv/versions/3.10.4/lib/python3.10/site-packages/airflow/example_dags/example_branch_labels.py
[2022-05-23 17:23:26,435] {processor.py:641} INFO - Processing file /Users/mohammadrezakhorasanchian/.pyenv/versions/3.10.4/lib/python3.10/site-packages/airflow/example_dags/example_branch_labels.py for tasks to queue
[2022-05-23 17:23:26,435] {logging_mixin.py:115} INFO - [2022-05-23 17:23:26,435] {dagbag.py:507} INFO - Filling up the DagBag from /Users/mohammadrezakhorasanchian/.pyenv/versions/3.10.4/lib/python3.10/site-packages/airflow/example_dags/example_branch_labels.py
[2022-05-23 17:23:26,457] {processor.py:651} INFO - DAG(s) dict_keys(['example_branch_labels']) retrieved from /Users/mohammadrezakhorasanchian/.pyenv/versions/3.10.4/lib/python3.10/site-packages/airflow/example_dags/example_branch_labels.py
[2022-05-23 17:23:26,520] {logging_mixin.py:115} INFO - [2022-05-23 17:23:26,520] {dag.py:2371} INFO - Sync 1 DAGs
[2022-05-23 17:23:26,533] {logging_mixin.py:115} INFO - [2022-05-23 17:23:26,533] {dag.py:2915} INFO - Setting next_dagrun for example_branch_labels to 2022-05-22T00:00:00+00:00, run_after=2022-05-23T00:00:00+00:00
[2022-05-23 17:23:26,541] {processor.py:161} INFO - Processing /Users/mohammadrezakhorasanchian/.pyenv/versions/3.10.4/lib/python3.10/site-packages/airflow/example_dags/example_branch_labels.py took 0.107 seconds
[2022-05-23 17:24:33,411] {processor.py:153} INFO - Started process (PID=39436) to work on /Users/mohammadrezakhorasanchian/.pyenv/versions/3.10.4/lib/python3.10/site-packages/airflow/example_dags/example_branch_labels.py
[2022-05-23 17:24:33,412] {processor.py:641} INFO - Processing file /Users/mohammadrezakhorasanchian/.pyenv/versions/3.10.4/lib/python3.10/site-packages/airflow/example_dags/example_branch_labels.py for tasks to queue
[2022-05-23 17:24:33,412] {logging_mixin.py:115} INFO - [2022-05-23 17:24:33,412] {dagbag.py:507} INFO - Filling up the DagBag from /Users/mohammadrezakhorasanchian/.pyenv/versions/3.10.4/lib/python3.10/site-packages/airflow/example_dags/example_branch_labels.py
[2022-05-23 17:24:33,423] {processor.py:651} INFO - DAG(s) dict_keys(['example_branch_labels']) retrieved from /Users/mohammadrezakhorasanchian/.pyenv/versions/3.10.4/lib/python3.10/site-packages/airflow/example_dags/example_branch_labels.py
[2022-05-23 17:24:33,472] {logging_mixin.py:115} INFO - [2022-05-23 17:24:33,472] {dag.py:2371} INFO - Sync 1 DAGs
[2022-05-23 17:24:33,484] {logging_mixin.py:115} INFO - [2022-05-23 17:24:33,484] {dag.py:2915} INFO - Setting next_dagrun for example_branch_labels to 2022-05-22T00:00:00+00:00, run_after=2022-05-23T00:00:00+00:00
[2022-05-23 17:24:33,491] {processor.py:161} INFO - Processing /Users/mohammadrezakhorasanchian/.pyenv/versions/3.10.4/lib/python3.10/site-packages/airflow/example_dags/example_branch_labels.py took 0.081 seconds
[2022-05-23 17:34:26,177] {processor.py:153} INFO - Started process (PID=39763) to work on /Users/mohammadrezakhorasanchian/.pyenv/versions/3.10.4/lib/python3.10/site-packages/airflow/example_dags/example_branch_labels.py
[2022-05-23 17:34:26,177] {processor.py:641} INFO - Processing file /Users/mohammadrezakhorasanchian/.pyenv/versions/3.10.4/lib/python3.10/site-packages/airflow/example_dags/example_branch_labels.py for tasks to queue
[2022-05-23 17:34:26,178] {logging_mixin.py:115} INFO - [2022-05-23 17:34:26,178] {dagbag.py:507} INFO - Filling up the DagBag from /Users/mohammadrezakhorasanchian/.pyenv/versions/3.10.4/lib/python3.10/site-packages/airflow/example_dags/example_branch_labels.py
[2022-05-23 17:34:26,187] {processor.py:651} INFO - DAG(s) dict_keys(['example_branch_labels']) retrieved from /Users/mohammadrezakhorasanchian/.pyenv/versions/3.10.4/lib/python3.10/site-packages/airflow/example_dags/example_branch_labels.py
[2022-05-23 17:34:26,228] {logging_mixin.py:115} INFO - [2022-05-23 17:34:26,228] {dag.py:2371} INFO - Sync 1 DAGs
[2022-05-23 17:34:26,239] {logging_mixin.py:115} INFO - [2022-05-23 17:34:26,239] {dag.py:2915} INFO - Setting next_dagrun for example_branch_labels to 2022-05-22T00:00:00+00:00, run_after=2022-05-23T00:00:00+00:00
[2022-05-23 17:34:26,246] {processor.py:161} INFO - Processing /Users/mohammadrezakhorasanchian/.pyenv/versions/3.10.4/lib/python3.10/site-packages/airflow/example_dags/example_branch_labels.py took 0.070 seconds
[2022-05-23 17:35:27,764] {processor.py:153} INFO - Started process (PID=39803) to work on /Users/mohammadrezakhorasanchian/.pyenv/versions/3.10.4/lib/python3.10/site-packages/airflow/example_dags/example_branch_labels.py
[2022-05-23 17:35:27,764] {processor.py:641} INFO - Processing file /Users/mohammadrezakhorasanchian/.pyenv/versions/3.10.4/lib/python3.10/site-packages/airflow/example_dags/example_branch_labels.py for tasks to queue
[2022-05-23 17:35:27,765] {logging_mixin.py:115} INFO - [2022-05-23 17:35:27,765] {dagbag.py:507} INFO - Filling up the DagBag from /Users/mohammadrezakhorasanchian/.pyenv/versions/3.10.4/lib/python3.10/site-packages/airflow/example_dags/example_branch_labels.py
[2022-05-23 17:35:27,777] {processor.py:651} INFO - DAG(s) dict_keys(['example_branch_labels']) retrieved from /Users/mohammadrezakhorasanchian/.pyenv/versions/3.10.4/lib/python3.10/site-packages/airflow/example_dags/example_branch_labels.py
[2022-05-23 17:35:27,832] {logging_mixin.py:115} INFO - [2022-05-23 17:35:27,832] {dag.py:2371} INFO - Sync 1 DAGs
[2022-05-23 17:35:27,846] {logging_mixin.py:115} INFO - [2022-05-23 17:35:27,846] {dag.py:2915} INFO - Setting next_dagrun for example_branch_labels to 2022-05-22T00:00:00+00:00, run_after=2022-05-23T00:00:00+00:00
[2022-05-23 17:35:27,854] {processor.py:161} INFO - Processing /Users/mohammadrezakhorasanchian/.pyenv/versions/3.10.4/lib/python3.10/site-packages/airflow/example_dags/example_branch_labels.py took 0.091 seconds
[2022-05-23 17:36:30,586] {processor.py:153} INFO - Started process (PID=39850) to work on /Users/mohammadrezakhorasanchian/.pyenv/versions/3.10.4/lib/python3.10/site-packages/airflow/example_dags/example_branch_labels.py
[2022-05-23 17:36:30,586] {processor.py:641} INFO - Processing file /Users/mohammadrezakhorasanchian/.pyenv/versions/3.10.4/lib/python3.10/site-packages/airflow/example_dags/example_branch_labels.py for tasks to queue
[2022-05-23 17:36:30,586] {logging_mixin.py:115} INFO - [2022-05-23 17:36:30,586] {dagbag.py:507} INFO - Filling up the DagBag from /Users/mohammadrezakhorasanchian/.pyenv/versions/3.10.4/lib/python3.10/site-packages/airflow/example_dags/example_branch_labels.py
[2022-05-23 17:36:30,595] {processor.py:651} INFO - DAG(s) dict_keys(['example_branch_labels']) retrieved from /Users/mohammadrezakhorasanchian/.pyenv/versions/3.10.4/lib/python3.10/site-packages/airflow/example_dags/example_branch_labels.py
[2022-05-23 17:36:30,637] {logging_mixin.py:115} INFO - [2022-05-23 17:36:30,637] {dag.py:2371} INFO - Sync 1 DAGs
[2022-05-23 17:36:30,649] {logging_mixin.py:115} INFO - [2022-05-23 17:36:30,649] {dag.py:2915} INFO - Setting next_dagrun for example_branch_labels to 2022-05-22T00:00:00+00:00, run_after=2022-05-23T00:00:00+00:00
[2022-05-23 17:36:30,659] {processor.py:161} INFO - Processing /Users/mohammadrezakhorasanchian/.pyenv/versions/3.10.4/lib/python3.10/site-packages/airflow/example_dags/example_branch_labels.py took 0.073 seconds
[2022-05-23 17:37:29,330] {processor.py:153} INFO - Started process (PID=39888) to work on /Users/mohammadrezakhorasanchian/.pyenv/versions/3.10.4/lib/python3.10/site-packages/airflow/example_dags/example_branch_labels.py
[2022-05-23 17:37:29,330] {processor.py:641} INFO - Processing file /Users/mohammadrezakhorasanchian/.pyenv/versions/3.10.4/lib/python3.10/site-packages/airflow/example_dags/example_branch_labels.py for tasks to queue
[2022-05-23 17:37:29,330] {logging_mixin.py:115} INFO - [2022-05-23 17:37:29,330] {dagbag.py:507} INFO - Filling up the DagBag from /Users/mohammadrezakhorasanchian/.pyenv/versions/3.10.4/lib/python3.10/site-packages/airflow/example_dags/example_branch_labels.py
[2022-05-23 17:37:29,339] {processor.py:651} INFO - DAG(s) dict_keys(['example_branch_labels']) retrieved from /Users/mohammadrezakhorasanchian/.pyenv/versions/3.10.4/lib/python3.10/site-packages/airflow/example_dags/example_branch_labels.py
[2022-05-23 17:37:29,381] {logging_mixin.py:115} INFO - [2022-05-23 17:37:29,380] {dag.py:2371} INFO - Sync 1 DAGs
[2022-05-23 17:37:29,391] {logging_mixin.py:115} INFO - [2022-05-23 17:37:29,391] {dag.py:2915} INFO - Setting next_dagrun for example_branch_labels to 2022-05-22T00:00:00+00:00, run_after=2022-05-23T00:00:00+00:00
[2022-05-23 17:37:29,399] {processor.py:161} INFO - Processing /Users/mohammadrezakhorasanchian/.pyenv/versions/3.10.4/lib/python3.10/site-packages/airflow/example_dags/example_branch_labels.py took 0.069 seconds
[2022-05-23 17:38:26,127] {processor.py:153} INFO - Started process (PID=39930) to work on /Users/mohammadrezakhorasanchian/.pyenv/versions/3.10.4/lib/python3.10/site-packages/airflow/example_dags/example_branch_labels.py
[2022-05-23 17:38:26,127] {processor.py:641} INFO - Processing file /Users/mohammadrezakhorasanchian/.pyenv/versions/3.10.4/lib/python3.10/site-packages/airflow/example_dags/example_branch_labels.py for tasks to queue
[2022-05-23 17:38:26,127] {logging_mixin.py:115} INFO - [2022-05-23 17:38:26,127] {dagbag.py:507} INFO - Filling up the DagBag from /Users/mohammadrezakhorasanchian/.pyenv/versions/3.10.4/lib/python3.10/site-packages/airflow/example_dags/example_branch_labels.py
[2022-05-23 17:38:26,136] {processor.py:651} INFO - DAG(s) dict_keys(['example_branch_labels']) retrieved from /Users/mohammadrezakhorasanchian/.pyenv/versions/3.10.4/lib/python3.10/site-packages/airflow/example_dags/example_branch_labels.py
[2022-05-23 17:38:26,178] {logging_mixin.py:115} INFO - [2022-05-23 17:38:26,177] {dag.py:2371} INFO - Sync 1 DAGs
[2022-05-23 17:38:26,188] {logging_mixin.py:115} INFO - [2022-05-23 17:38:26,188] {dag.py:2915} INFO - Setting next_dagrun for example_branch_labels to 2022-05-22T00:00:00+00:00, run_after=2022-05-23T00:00:00+00:00
[2022-05-23 17:38:26,195] {processor.py:161} INFO - Processing /Users/mohammadrezakhorasanchian/.pyenv/versions/3.10.4/lib/python3.10/site-packages/airflow/example_dags/example_branch_labels.py took 0.068 seconds
[2022-05-23 17:39:52,845] {processor.py:153} INFO - Started process (PID=39982) to work on /Users/mohammadrezakhorasanchian/.pyenv/versions/3.10.4/lib/python3.10/site-packages/airflow/example_dags/example_branch_labels.py
[2022-05-23 17:39:52,845] {processor.py:641} INFO - Processing file /Users/mohammadrezakhorasanchian/.pyenv/versions/3.10.4/lib/python3.10/site-packages/airflow/example_dags/example_branch_labels.py for tasks to queue
[2022-05-23 17:39:52,845] {logging_mixin.py:115} INFO - [2022-05-23 17:39:52,845] {dagbag.py:507} INFO - Filling up the DagBag from /Users/mohammadrezakhorasanchian/.pyenv/versions/3.10.4/lib/python3.10/site-packages/airflow/example_dags/example_branch_labels.py
[2022-05-23 17:39:52,854] {processor.py:651} INFO - DAG(s) dict_keys(['example_branch_labels']) retrieved from /Users/mohammadrezakhorasanchian/.pyenv/versions/3.10.4/lib/python3.10/site-packages/airflow/example_dags/example_branch_labels.py
[2022-05-23 17:39:52,896] {logging_mixin.py:115} INFO - [2022-05-23 17:39:52,896] {dag.py:2371} INFO - Sync 1 DAGs
[2022-05-23 17:39:52,906] {logging_mixin.py:115} INFO - [2022-05-23 17:39:52,906] {dag.py:2915} INFO - Setting next_dagrun for example_branch_labels to 2022-05-22T00:00:00+00:00, run_after=2022-05-23T00:00:00+00:00
[2022-05-23 17:39:52,913] {processor.py:161} INFO - Processing /Users/mohammadrezakhorasanchian/.pyenv/versions/3.10.4/lib/python3.10/site-packages/airflow/example_dags/example_branch_labels.py took 0.069 seconds
[2022-05-23 17:40:52,177] {processor.py:153} INFO - Started process (PID=40019) to work on /Users/mohammadrezakhorasanchian/.pyenv/versions/3.10.4/lib/python3.10/site-packages/airflow/example_dags/example_branch_labels.py
[2022-05-23 17:40:52,177] {processor.py:641} INFO - Processing file /Users/mohammadrezakhorasanchian/.pyenv/versions/3.10.4/lib/python3.10/site-packages/airflow/example_dags/example_branch_labels.py for tasks to queue
[2022-05-23 17:40:52,177] {logging_mixin.py:115} INFO - [2022-05-23 17:40:52,177] {dagbag.py:507} INFO - Filling up the DagBag from /Users/mohammadrezakhorasanchian/.pyenv/versions/3.10.4/lib/python3.10/site-packages/airflow/example_dags/example_branch_labels.py
[2022-05-23 17:40:52,186] {processor.py:651} INFO - DAG(s) dict_keys(['example_branch_labels']) retrieved from /Users/mohammadrezakhorasanchian/.pyenv/versions/3.10.4/lib/python3.10/site-packages/airflow/example_dags/example_branch_labels.py
[2022-05-23 17:40:52,228] {logging_mixin.py:115} INFO - [2022-05-23 17:40:52,228] {dag.py:2371} INFO - Sync 1 DAGs
[2022-05-23 17:40:52,238] {logging_mixin.py:115} INFO - [2022-05-23 17:40:52,238] {dag.py:2915} INFO - Setting next_dagrun for example_branch_labels to 2022-05-22T00:00:00+00:00, run_after=2022-05-23T00:00:00+00:00
[2022-05-23 17:40:52,245] {processor.py:161} INFO - Processing /Users/mohammadrezakhorasanchian/.pyenv/versions/3.10.4/lib/python3.10/site-packages/airflow/example_dags/example_branch_labels.py took 0.069 seconds
[2022-05-23 17:41:48,953] {processor.py:153} INFO - Started process (PID=40055) to work on /Users/mohammadrezakhorasanchian/.pyenv/versions/3.10.4/lib/python3.10/site-packages/airflow/example_dags/example_branch_labels.py
[2022-05-23 17:41:48,953] {processor.py:641} INFO - Processing file /Users/mohammadrezakhorasanchian/.pyenv/versions/3.10.4/lib/python3.10/site-packages/airflow/example_dags/example_branch_labels.py for tasks to queue
[2022-05-23 17:41:48,954] {logging_mixin.py:115} INFO - [2022-05-23 17:41:48,954] {dagbag.py:507} INFO - Filling up the DagBag from /Users/mohammadrezakhorasanchian/.pyenv/versions/3.10.4/lib/python3.10/site-packages/airflow/example_dags/example_branch_labels.py
[2022-05-23 17:41:48,962] {processor.py:651} INFO - DAG(s) dict_keys(['example_branch_labels']) retrieved from /Users/mohammadrezakhorasanchian/.pyenv/versions/3.10.4/lib/python3.10/site-packages/airflow/example_dags/example_branch_labels.py
[2022-05-23 17:41:49,004] {logging_mixin.py:115} INFO - [2022-05-23 17:41:49,004] {dag.py:2371} INFO - Sync 1 DAGs
[2022-05-23 17:41:49,014] {logging_mixin.py:115} INFO - [2022-05-23 17:41:49,014] {dag.py:2915} INFO - Setting next_dagrun for example_branch_labels to 2022-05-22T00:00:00+00:00, run_after=2022-05-23T00:00:00+00:00
[2022-05-23 17:41:49,024] {processor.py:161} INFO - Processing /Users/mohammadrezakhorasanchian/.pyenv/versions/3.10.4/lib/python3.10/site-packages/airflow/example_dags/example_branch_labels.py took 0.071 seconds
[2022-05-23 17:42:47,115] {processor.py:153} INFO - Started process (PID=40091) to work on /Users/mohammadrezakhorasanchian/.pyenv/versions/3.10.4/lib/python3.10/site-packages/airflow/example_dags/example_branch_labels.py
[2022-05-23 17:42:47,115] {processor.py:641} INFO - Processing file /Users/mohammadrezakhorasanchian/.pyenv/versions/3.10.4/lib/python3.10/site-packages/airflow/example_dags/example_branch_labels.py for tasks to queue
[2022-05-23 17:42:47,115] {logging_mixin.py:115} INFO - [2022-05-23 17:42:47,115] {dagbag.py:507} INFO - Filling up the DagBag from /Users/mohammadrezakhorasanchian/.pyenv/versions/3.10.4/lib/python3.10/site-packages/airflow/example_dags/example_branch_labels.py
[2022-05-23 17:42:47,124] {processor.py:651} INFO - DAG(s) dict_keys(['example_branch_labels']) retrieved from /Users/mohammadrezakhorasanchian/.pyenv/versions/3.10.4/lib/python3.10/site-packages/airflow/example_dags/example_branch_labels.py
[2022-05-23 17:42:47,165] {logging_mixin.py:115} INFO - [2022-05-23 17:42:47,165] {dag.py:2371} INFO - Sync 1 DAGs
[2022-05-23 17:42:47,176] {logging_mixin.py:115} INFO - [2022-05-23 17:42:47,176] {dag.py:2915} INFO - Setting next_dagrun for example_branch_labels to 2022-05-22T00:00:00+00:00, run_after=2022-05-23T00:00:00+00:00
[2022-05-23 17:42:47,183] {processor.py:161} INFO - Processing /Users/mohammadrezakhorasanchian/.pyenv/versions/3.10.4/lib/python3.10/site-packages/airflow/example_dags/example_branch_labels.py took 0.069 seconds
[2022-05-23 17:43:46,830] {processor.py:153} INFO - Started process (PID=40131) to work on /Users/mohammadrezakhorasanchian/.pyenv/versions/3.10.4/lib/python3.10/site-packages/airflow/example_dags/example_branch_labels.py
[2022-05-23 17:43:46,830] {processor.py:641} INFO - Processing file /Users/mohammadrezakhorasanchian/.pyenv/versions/3.10.4/lib/python3.10/site-packages/airflow/example_dags/example_branch_labels.py for tasks to queue
[2022-05-23 17:43:46,830] {logging_mixin.py:115} INFO - [2022-05-23 17:43:46,830] {dagbag.py:507} INFO - Filling up the DagBag from /Users/mohammadrezakhorasanchian/.pyenv/versions/3.10.4/lib/python3.10/site-packages/airflow/example_dags/example_branch_labels.py
[2022-05-23 17:43:46,839] {processor.py:651} INFO - DAG(s) dict_keys(['example_branch_labels']) retrieved from /Users/mohammadrezakhorasanchian/.pyenv/versions/3.10.4/lib/python3.10/site-packages/airflow/example_dags/example_branch_labels.py
[2022-05-23 17:43:46,881] {logging_mixin.py:115} INFO - [2022-05-23 17:43:46,881] {dag.py:2371} INFO - Sync 1 DAGs
[2022-05-23 17:43:46,891] {logging_mixin.py:115} INFO - [2022-05-23 17:43:46,891] {dag.py:2915} INFO - Setting next_dagrun for example_branch_labels to 2022-05-22T00:00:00+00:00, run_after=2022-05-23T00:00:00+00:00
[2022-05-23 17:43:46,898] {processor.py:161} INFO - Processing /Users/mohammadrezakhorasanchian/.pyenv/versions/3.10.4/lib/python3.10/site-packages/airflow/example_dags/example_branch_labels.py took 0.069 seconds
[2022-05-23 17:44:45,795] {processor.py:153} INFO - Started process (PID=40171) to work on /Users/mohammadrezakhorasanchian/.pyenv/versions/3.10.4/lib/python3.10/site-packages/airflow/example_dags/example_branch_labels.py
[2022-05-23 17:44:45,795] {processor.py:641} INFO - Processing file /Users/mohammadrezakhorasanchian/.pyenv/versions/3.10.4/lib/python3.10/site-packages/airflow/example_dags/example_branch_labels.py for tasks to queue
[2022-05-23 17:44:45,795] {logging_mixin.py:115} INFO - [2022-05-23 17:44:45,795] {dagbag.py:507} INFO - Filling up the DagBag from /Users/mohammadrezakhorasanchian/.pyenv/versions/3.10.4/lib/python3.10/site-packages/airflow/example_dags/example_branch_labels.py
[2022-05-23 17:44:45,805] {processor.py:651} INFO - DAG(s) dict_keys(['example_branch_labels']) retrieved from /Users/mohammadrezakhorasanchian/.pyenv/versions/3.10.4/lib/python3.10/site-packages/airflow/example_dags/example_branch_labels.py
[2022-05-23 17:44:45,849] {logging_mixin.py:115} INFO - [2022-05-23 17:44:45,849] {dag.py:2371} INFO - Sync 1 DAGs
[2022-05-23 17:44:45,860] {logging_mixin.py:115} INFO - [2022-05-23 17:44:45,860] {dag.py:2915} INFO - Setting next_dagrun for example_branch_labels to 2022-05-22T00:00:00+00:00, run_after=2022-05-23T00:00:00+00:00
[2022-05-23 17:44:45,866] {processor.py:161} INFO - Processing /Users/mohammadrezakhorasanchian/.pyenv/versions/3.10.4/lib/python3.10/site-packages/airflow/example_dags/example_branch_labels.py took 0.072 seconds
[2022-05-23 17:45:46,125] {processor.py:153} INFO - Started process (PID=40208) to work on /Users/mohammadrezakhorasanchian/.pyenv/versions/3.10.4/lib/python3.10/site-packages/airflow/example_dags/example_branch_labels.py
[2022-05-23 17:45:46,126] {processor.py:641} INFO - Processing file /Users/mohammadrezakhorasanchian/.pyenv/versions/3.10.4/lib/python3.10/site-packages/airflow/example_dags/example_branch_labels.py for tasks to queue
[2022-05-23 17:45:46,126] {logging_mixin.py:115} INFO - [2022-05-23 17:45:46,126] {dagbag.py:507} INFO - Filling up the DagBag from /Users/mohammadrezakhorasanchian/.pyenv/versions/3.10.4/lib/python3.10/site-packages/airflow/example_dags/example_branch_labels.py
[2022-05-23 17:45:46,135] {processor.py:651} INFO - DAG(s) dict_keys(['example_branch_labels']) retrieved from /Users/mohammadrezakhorasanchian/.pyenv/versions/3.10.4/lib/python3.10/site-packages/airflow/example_dags/example_branch_labels.py
[2022-05-23 17:45:46,177] {logging_mixin.py:115} INFO - [2022-05-23 17:45:46,177] {dag.py:2371} INFO - Sync 1 DAGs
[2022-05-23 17:45:46,188] {logging_mixin.py:115} INFO - [2022-05-23 17:45:46,188] {dag.py:2915} INFO - Setting next_dagrun for example_branch_labels to 2022-05-22T00:00:00+00:00, run_after=2022-05-23T00:00:00+00:00
[2022-05-23 17:45:46,195] {processor.py:161} INFO - Processing /Users/mohammadrezakhorasanchian/.pyenv/versions/3.10.4/lib/python3.10/site-packages/airflow/example_dags/example_branch_labels.py took 0.070 seconds
[2022-05-23 17:47:13,864] {processor.py:153} INFO - Started process (PID=40273) to work on /Users/mohammadrezakhorasanchian/.pyenv/versions/3.10.4/lib/python3.10/site-packages/airflow/example_dags/example_branch_labels.py
[2022-05-23 17:47:13,865] {processor.py:641} INFO - Processing file /Users/mohammadrezakhorasanchian/.pyenv/versions/3.10.4/lib/python3.10/site-packages/airflow/example_dags/example_branch_labels.py for tasks to queue
[2022-05-23 17:47:13,865] {logging_mixin.py:115} INFO - [2022-05-23 17:47:13,865] {dagbag.py:507} INFO - Filling up the DagBag from /Users/mohammadrezakhorasanchian/.pyenv/versions/3.10.4/lib/python3.10/site-packages/airflow/example_dags/example_branch_labels.py
[2022-05-23 17:47:13,874] {processor.py:651} INFO - DAG(s) dict_keys(['example_branch_labels']) retrieved from /Users/mohammadrezakhorasanchian/.pyenv/versions/3.10.4/lib/python3.10/site-packages/airflow/example_dags/example_branch_labels.py
[2022-05-23 17:47:13,917] {logging_mixin.py:115} INFO - [2022-05-23 17:47:13,917] {dag.py:2371} INFO - Sync 1 DAGs
[2022-05-23 17:47:13,928] {logging_mixin.py:115} INFO - [2022-05-23 17:47:13,928] {dag.py:2915} INFO - Setting next_dagrun for example_branch_labels to 2022-05-22T00:00:00+00:00, run_after=2022-05-23T00:00:00+00:00
[2022-05-23 17:47:13,935] {processor.py:161} INFO - Processing /Users/mohammadrezakhorasanchian/.pyenv/versions/3.10.4/lib/python3.10/site-packages/airflow/example_dags/example_branch_labels.py took 0.071 seconds
[2022-05-23 17:48:11,417] {processor.py:153} INFO - Started process (PID=40313) to work on /Users/mohammadrezakhorasanchian/.pyenv/versions/3.10.4/lib/python3.10/site-packages/airflow/example_dags/example_branch_labels.py
[2022-05-23 17:48:11,418] {processor.py:641} INFO - Processing file /Users/mohammadrezakhorasanchian/.pyenv/versions/3.10.4/lib/python3.10/site-packages/airflow/example_dags/example_branch_labels.py for tasks to queue
[2022-05-23 17:48:11,418] {logging_mixin.py:115} INFO - [2022-05-23 17:48:11,418] {dagbag.py:507} INFO - Filling up the DagBag from /Users/mohammadrezakhorasanchian/.pyenv/versions/3.10.4/lib/python3.10/site-packages/airflow/example_dags/example_branch_labels.py
[2022-05-23 17:48:11,427] {processor.py:651} INFO - DAG(s) dict_keys(['example_branch_labels']) retrieved from /Users/mohammadrezakhorasanchian/.pyenv/versions/3.10.4/lib/python3.10/site-packages/airflow/example_dags/example_branch_labels.py
[2022-05-23 17:48:11,472] {logging_mixin.py:115} INFO - [2022-05-23 17:48:11,472] {dag.py:2371} INFO - Sync 1 DAGs
[2022-05-23 17:48:11,482] {logging_mixin.py:115} INFO - [2022-05-23 17:48:11,482] {dag.py:2915} INFO - Setting next_dagrun for example_branch_labels to 2022-05-22T00:00:00+00:00, run_after=2022-05-23T00:00:00+00:00
[2022-05-23 17:48:11,492] {processor.py:161} INFO - Processing /Users/mohammadrezakhorasanchian/.pyenv/versions/3.10.4/lib/python3.10/site-packages/airflow/example_dags/example_branch_labels.py took 0.075 seconds
[2022-05-23 17:49:40,703] {processor.py:153} INFO - Started process (PID=40371) to work on /Users/mohammadrezakhorasanchian/.pyenv/versions/3.10.4/lib/python3.10/site-packages/airflow/example_dags/example_branch_labels.py
[2022-05-23 17:49:40,703] {processor.py:641} INFO - Processing file /Users/mohammadrezakhorasanchian/.pyenv/versions/3.10.4/lib/python3.10/site-packages/airflow/example_dags/example_branch_labels.py for tasks to queue
[2022-05-23 17:49:40,703] {logging_mixin.py:115} INFO - [2022-05-23 17:49:40,703] {dagbag.py:507} INFO - Filling up the DagBag from /Users/mohammadrezakhorasanchian/.pyenv/versions/3.10.4/lib/python3.10/site-packages/airflow/example_dags/example_branch_labels.py
[2022-05-23 17:49:40,716] {processor.py:651} INFO - DAG(s) dict_keys(['example_branch_labels']) retrieved from /Users/mohammadrezakhorasanchian/.pyenv/versions/3.10.4/lib/python3.10/site-packages/airflow/example_dags/example_branch_labels.py
[2022-05-23 17:49:40,771] {logging_mixin.py:115} INFO - [2022-05-23 17:49:40,771] {dag.py:2371} INFO - Sync 1 DAGs
[2022-05-23 17:49:40,786] {logging_mixin.py:115} INFO - [2022-05-23 17:49:40,786] {dag.py:2915} INFO - Setting next_dagrun for example_branch_labels to 2022-05-22T00:00:00+00:00, run_after=2022-05-23T00:00:00+00:00
[2022-05-23 17:49:40,794] {processor.py:161} INFO - Processing /Users/mohammadrezakhorasanchian/.pyenv/versions/3.10.4/lib/python3.10/site-packages/airflow/example_dags/example_branch_labels.py took 0.092 seconds
[2022-05-23 17:52:10,480] {processor.py:153} INFO - Started process (PID=40510) to work on /Users/mohammadrezakhorasanchian/.pyenv/versions/3.10.4/lib/python3.10/site-packages/airflow/example_dags/example_branch_labels.py
[2022-05-23 17:52:10,480] {processor.py:641} INFO - Processing file /Users/mohammadrezakhorasanchian/.pyenv/versions/3.10.4/lib/python3.10/site-packages/airflow/example_dags/example_branch_labels.py for tasks to queue
[2022-05-23 17:52:10,480] {logging_mixin.py:115} INFO - [2022-05-23 17:52:10,480] {dagbag.py:507} INFO - Filling up the DagBag from /Users/mohammadrezakhorasanchian/.pyenv/versions/3.10.4/lib/python3.10/site-packages/airflow/example_dags/example_branch_labels.py
[2022-05-23 17:52:10,489] {processor.py:651} INFO - DAG(s) dict_keys(['example_branch_labels']) retrieved from /Users/mohammadrezakhorasanchian/.pyenv/versions/3.10.4/lib/python3.10/site-packages/airflow/example_dags/example_branch_labels.py
[2022-05-23 17:52:10,531] {logging_mixin.py:115} INFO - [2022-05-23 17:52:10,531] {dag.py:2371} INFO - Sync 1 DAGs
[2022-05-23 17:52:10,541] {logging_mixin.py:115} INFO - [2022-05-23 17:52:10,541] {dag.py:2915} INFO - Setting next_dagrun for example_branch_labels to 2022-05-22T00:00:00+00:00, run_after=2022-05-23T00:00:00+00:00
[2022-05-23 17:52:10,554] {processor.py:161} INFO - Processing /Users/mohammadrezakhorasanchian/.pyenv/versions/3.10.4/lib/python3.10/site-packages/airflow/example_dags/example_branch_labels.py took 0.075 seconds
[2022-05-23 17:59:07,338] {processor.py:153} INFO - Started process (PID=40599) to work on /Users/mohammadrezakhorasanchian/.pyenv/versions/3.10.4/lib/python3.10/site-packages/airflow/example_dags/example_branch_labels.py
[2022-05-23 17:59:07,339] {processor.py:641} INFO - Processing file /Users/mohammadrezakhorasanchian/.pyenv/versions/3.10.4/lib/python3.10/site-packages/airflow/example_dags/example_branch_labels.py for tasks to queue
[2022-05-23 17:59:07,339] {logging_mixin.py:115} INFO - [2022-05-23 17:59:07,339] {dagbag.py:507} INFO - Filling up the DagBag from /Users/mohammadrezakhorasanchian/.pyenv/versions/3.10.4/lib/python3.10/site-packages/airflow/example_dags/example_branch_labels.py
[2022-05-23 17:59:07,349] {processor.py:651} INFO - DAG(s) dict_keys(['example_branch_labels']) retrieved from /Users/mohammadrezakhorasanchian/.pyenv/versions/3.10.4/lib/python3.10/site-packages/airflow/example_dags/example_branch_labels.py
[2022-05-23 17:59:07,393] {logging_mixin.py:115} INFO - [2022-05-23 17:59:07,393] {dag.py:2371} INFO - Sync 1 DAGs
[2022-05-23 17:59:07,403] {logging_mixin.py:115} INFO - [2022-05-23 17:59:07,403] {dag.py:2915} INFO - Setting next_dagrun for example_branch_labels to 2022-05-22T00:00:00+00:00, run_after=2022-05-23T00:00:00+00:00
[2022-05-23 17:59:07,411] {processor.py:161} INFO - Processing /Users/mohammadrezakhorasanchian/.pyenv/versions/3.10.4/lib/python3.10/site-packages/airflow/example_dags/example_branch_labels.py took 0.074 seconds
[2022-05-23 18:00:07,371] {processor.py:153} INFO - Started process (PID=40636) to work on /Users/mohammadrezakhorasanchian/.pyenv/versions/3.10.4/lib/python3.10/site-packages/airflow/example_dags/example_branch_labels.py
[2022-05-23 18:00:07,371] {processor.py:641} INFO - Processing file /Users/mohammadrezakhorasanchian/.pyenv/versions/3.10.4/lib/python3.10/site-packages/airflow/example_dags/example_branch_labels.py for tasks to queue
[2022-05-23 18:00:07,371] {logging_mixin.py:115} INFO - [2022-05-23 18:00:07,371] {dagbag.py:507} INFO - Filling up the DagBag from /Users/mohammadrezakhorasanchian/.pyenv/versions/3.10.4/lib/python3.10/site-packages/airflow/example_dags/example_branch_labels.py
[2022-05-23 18:00:07,380] {processor.py:651} INFO - DAG(s) dict_keys(['example_branch_labels']) retrieved from /Users/mohammadrezakhorasanchian/.pyenv/versions/3.10.4/lib/python3.10/site-packages/airflow/example_dags/example_branch_labels.py
[2022-05-23 18:00:07,453] {logging_mixin.py:115} INFO - [2022-05-23 18:00:07,453] {dag.py:2371} INFO - Sync 1 DAGs
[2022-05-23 18:00:07,465] {logging_mixin.py:115} INFO - [2022-05-23 18:00:07,465] {dag.py:2915} INFO - Setting next_dagrun for example_branch_labels to 2022-05-22T00:00:00+00:00, run_after=2022-05-23T00:00:00+00:00
[2022-05-23 18:00:07,472] {processor.py:161} INFO - Processing /Users/mohammadrezakhorasanchian/.pyenv/versions/3.10.4/lib/python3.10/site-packages/airflow/example_dags/example_branch_labels.py took 0.102 seconds
[2022-05-23 18:01:07,400] {processor.py:153} INFO - Started process (PID=40673) to work on /Users/mohammadrezakhorasanchian/.pyenv/versions/3.10.4/lib/python3.10/site-packages/airflow/example_dags/example_branch_labels.py
[2022-05-23 18:01:07,401] {processor.py:641} INFO - Processing file /Users/mohammadrezakhorasanchian/.pyenv/versions/3.10.4/lib/python3.10/site-packages/airflow/example_dags/example_branch_labels.py for tasks to queue
[2022-05-23 18:01:07,401] {logging_mixin.py:115} INFO - [2022-05-23 18:01:07,401] {dagbag.py:507} INFO - Filling up the DagBag from /Users/mohammadrezakhorasanchian/.pyenv/versions/3.10.4/lib/python3.10/site-packages/airflow/example_dags/example_branch_labels.py
[2022-05-23 18:01:07,410] {processor.py:651} INFO - DAG(s) dict_keys(['example_branch_labels']) retrieved from /Users/mohammadrezakhorasanchian/.pyenv/versions/3.10.4/lib/python3.10/site-packages/airflow/example_dags/example_branch_labels.py
[2022-05-23 18:01:07,451] {logging_mixin.py:115} INFO - [2022-05-23 18:01:07,451] {dag.py:2371} INFO - Sync 1 DAGs
[2022-05-23 18:01:07,487] {logging_mixin.py:115} INFO - [2022-05-23 18:01:07,487] {dag.py:2915} INFO - Setting next_dagrun for example_branch_labels to 2022-05-22T00:00:00+00:00, run_after=2022-05-23T00:00:00+00:00
[2022-05-23 18:01:07,495] {processor.py:161} INFO - Processing /Users/mohammadrezakhorasanchian/.pyenv/versions/3.10.4/lib/python3.10/site-packages/airflow/example_dags/example_branch_labels.py took 0.095 seconds
[2022-05-23 18:02:06,565] {processor.py:153} INFO - Started process (PID=40713) to work on /Users/mohammadrezakhorasanchian/.pyenv/versions/3.10.4/lib/python3.10/site-packages/airflow/example_dags/example_branch_labels.py
[2022-05-23 18:02:06,565] {processor.py:641} INFO - Processing file /Users/mohammadrezakhorasanchian/.pyenv/versions/3.10.4/lib/python3.10/site-packages/airflow/example_dags/example_branch_labels.py for tasks to queue
[2022-05-23 18:02:06,565] {logging_mixin.py:115} INFO - [2022-05-23 18:02:06,565] {dagbag.py:507} INFO - Filling up the DagBag from /Users/mohammadrezakhorasanchian/.pyenv/versions/3.10.4/lib/python3.10/site-packages/airflow/example_dags/example_branch_labels.py
[2022-05-23 18:02:06,574] {processor.py:651} INFO - DAG(s) dict_keys(['example_branch_labels']) retrieved from /Users/mohammadrezakhorasanchian/.pyenv/versions/3.10.4/lib/python3.10/site-packages/airflow/example_dags/example_branch_labels.py
[2022-05-23 18:02:06,616] {logging_mixin.py:115} INFO - [2022-05-23 18:02:06,615] {dag.py:2371} INFO - Sync 1 DAGs
[2022-05-23 18:02:06,626] {logging_mixin.py:115} INFO - [2022-05-23 18:02:06,626] {dag.py:2915} INFO - Setting next_dagrun for example_branch_labels to 2022-05-22T00:00:00+00:00, run_after=2022-05-23T00:00:00+00:00
[2022-05-23 18:02:06,632] {processor.py:161} INFO - Processing /Users/mohammadrezakhorasanchian/.pyenv/versions/3.10.4/lib/python3.10/site-packages/airflow/example_dags/example_branch_labels.py took 0.068 seconds
[2022-05-23 18:03:04,965] {processor.py:153} INFO - Started process (PID=40753) to work on /Users/mohammadrezakhorasanchian/.pyenv/versions/3.10.4/lib/python3.10/site-packages/airflow/example_dags/example_branch_labels.py
[2022-05-23 18:03:04,965] {processor.py:641} INFO - Processing file /Users/mohammadrezakhorasanchian/.pyenv/versions/3.10.4/lib/python3.10/site-packages/airflow/example_dags/example_branch_labels.py for tasks to queue
[2022-05-23 18:03:04,965] {logging_mixin.py:115} INFO - [2022-05-23 18:03:04,965] {dagbag.py:507} INFO - Filling up the DagBag from /Users/mohammadrezakhorasanchian/.pyenv/versions/3.10.4/lib/python3.10/site-packages/airflow/example_dags/example_branch_labels.py
[2022-05-23 18:03:04,975] {processor.py:651} INFO - DAG(s) dict_keys(['example_branch_labels']) retrieved from /Users/mohammadrezakhorasanchian/.pyenv/versions/3.10.4/lib/python3.10/site-packages/airflow/example_dags/example_branch_labels.py
[2022-05-23 18:03:05,017] {logging_mixin.py:115} INFO - [2022-05-23 18:03:05,017] {dag.py:2371} INFO - Sync 1 DAGs
[2022-05-23 18:03:05,028] {logging_mixin.py:115} INFO - [2022-05-23 18:03:05,028] {dag.py:2915} INFO - Setting next_dagrun for example_branch_labels to 2022-05-22T00:00:00+00:00, run_after=2022-05-23T00:00:00+00:00
[2022-05-23 18:03:05,035] {processor.py:161} INFO - Processing /Users/mohammadrezakhorasanchian/.pyenv/versions/3.10.4/lib/python3.10/site-packages/airflow/example_dags/example_branch_labels.py took 0.070 seconds
[2022-05-23 18:04:25,076] {processor.py:153} INFO - Started process (PID=40805) to work on /Users/mohammadrezakhorasanchian/.pyenv/versions/3.10.4/lib/python3.10/site-packages/airflow/example_dags/example_branch_labels.py
[2022-05-23 18:04:25,076] {processor.py:641} INFO - Processing file /Users/mohammadrezakhorasanchian/.pyenv/versions/3.10.4/lib/python3.10/site-packages/airflow/example_dags/example_branch_labels.py for tasks to queue
[2022-05-23 18:04:25,076] {logging_mixin.py:115} INFO - [2022-05-23 18:04:25,076] {dagbag.py:507} INFO - Filling up the DagBag from /Users/mohammadrezakhorasanchian/.pyenv/versions/3.10.4/lib/python3.10/site-packages/airflow/example_dags/example_branch_labels.py
[2022-05-23 18:04:25,085] {processor.py:651} INFO - DAG(s) dict_keys(['example_branch_labels']) retrieved from /Users/mohammadrezakhorasanchian/.pyenv/versions/3.10.4/lib/python3.10/site-packages/airflow/example_dags/example_branch_labels.py
[2022-05-23 18:04:25,126] {logging_mixin.py:115} INFO - [2022-05-23 18:04:25,126] {dag.py:2371} INFO - Sync 1 DAGs
[2022-05-23 18:04:25,136] {logging_mixin.py:115} INFO - [2022-05-23 18:04:25,136] {dag.py:2915} INFO - Setting next_dagrun for example_branch_labels to 2022-05-22T00:00:00+00:00, run_after=2022-05-23T00:00:00+00:00
[2022-05-23 18:04:25,143] {processor.py:161} INFO - Processing /Users/mohammadrezakhorasanchian/.pyenv/versions/3.10.4/lib/python3.10/site-packages/airflow/example_dags/example_branch_labels.py took 0.068 seconds
[2022-05-23 18:05:48,466] {processor.py:153} INFO - Started process (PID=40858) to work on /Users/mohammadrezakhorasanchian/.pyenv/versions/3.10.4/lib/python3.10/site-packages/airflow/example_dags/example_branch_labels.py
[2022-05-23 18:05:48,466] {processor.py:641} INFO - Processing file /Users/mohammadrezakhorasanchian/.pyenv/versions/3.10.4/lib/python3.10/site-packages/airflow/example_dags/example_branch_labels.py for tasks to queue
[2022-05-23 18:05:48,467] {logging_mixin.py:115} INFO - [2022-05-23 18:05:48,467] {dagbag.py:507} INFO - Filling up the DagBag from /Users/mohammadrezakhorasanchian/.pyenv/versions/3.10.4/lib/python3.10/site-packages/airflow/example_dags/example_branch_labels.py
[2022-05-23 18:05:48,476] {processor.py:651} INFO - DAG(s) dict_keys(['example_branch_labels']) retrieved from /Users/mohammadrezakhorasanchian/.pyenv/versions/3.10.4/lib/python3.10/site-packages/airflow/example_dags/example_branch_labels.py
[2022-05-23 18:05:48,517] {logging_mixin.py:115} INFO - [2022-05-23 18:05:48,517] {dag.py:2371} INFO - Sync 1 DAGs
[2022-05-23 18:05:48,527] {logging_mixin.py:115} INFO - [2022-05-23 18:05:48,527] {dag.py:2915} INFO - Setting next_dagrun for example_branch_labels to 2022-05-22T00:00:00+00:00, run_after=2022-05-23T00:00:00+00:00
[2022-05-23 18:05:48,535] {processor.py:161} INFO - Processing /Users/mohammadrezakhorasanchian/.pyenv/versions/3.10.4/lib/python3.10/site-packages/airflow/example_dags/example_branch_labels.py took 0.069 seconds
[2022-05-23 18:06:46,563] {processor.py:153} INFO - Started process (PID=40896) to work on /Users/mohammadrezakhorasanchian/.pyenv/versions/3.10.4/lib/python3.10/site-packages/airflow/example_dags/example_branch_labels.py
[2022-05-23 18:06:46,563] {processor.py:641} INFO - Processing file /Users/mohammadrezakhorasanchian/.pyenv/versions/3.10.4/lib/python3.10/site-packages/airflow/example_dags/example_branch_labels.py for tasks to queue
[2022-05-23 18:06:46,564] {logging_mixin.py:115} INFO - [2022-05-23 18:06:46,564] {dagbag.py:507} INFO - Filling up the DagBag from /Users/mohammadrezakhorasanchian/.pyenv/versions/3.10.4/lib/python3.10/site-packages/airflow/example_dags/example_branch_labels.py
[2022-05-23 18:06:46,573] {processor.py:651} INFO - DAG(s) dict_keys(['example_branch_labels']) retrieved from /Users/mohammadrezakhorasanchian/.pyenv/versions/3.10.4/lib/python3.10/site-packages/airflow/example_dags/example_branch_labels.py
[2022-05-23 18:06:46,616] {logging_mixin.py:115} INFO - [2022-05-23 18:06:46,616] {dag.py:2371} INFO - Sync 1 DAGs
[2022-05-23 18:06:46,627] {logging_mixin.py:115} INFO - [2022-05-23 18:06:46,627] {dag.py:2915} INFO - Setting next_dagrun for example_branch_labels to 2022-05-22T00:00:00+00:00, run_after=2022-05-23T00:00:00+00:00
[2022-05-23 18:06:46,634] {processor.py:161} INFO - Processing /Users/mohammadrezakhorasanchian/.pyenv/versions/3.10.4/lib/python3.10/site-packages/airflow/example_dags/example_branch_labels.py took 0.071 seconds
[2022-05-23 18:07:46,685] {processor.py:153} INFO - Started process (PID=40933) to work on /Users/mohammadrezakhorasanchian/.pyenv/versions/3.10.4/lib/python3.10/site-packages/airflow/example_dags/example_branch_labels.py
[2022-05-23 18:07:46,685] {processor.py:641} INFO - Processing file /Users/mohammadrezakhorasanchian/.pyenv/versions/3.10.4/lib/python3.10/site-packages/airflow/example_dags/example_branch_labels.py for tasks to queue
[2022-05-23 18:07:46,685] {logging_mixin.py:115} INFO - [2022-05-23 18:07:46,685] {dagbag.py:507} INFO - Filling up the DagBag from /Users/mohammadrezakhorasanchian/.pyenv/versions/3.10.4/lib/python3.10/site-packages/airflow/example_dags/example_branch_labels.py
[2022-05-23 18:07:46,695] {processor.py:651} INFO - DAG(s) dict_keys(['example_branch_labels']) retrieved from /Users/mohammadrezakhorasanchian/.pyenv/versions/3.10.4/lib/python3.10/site-packages/airflow/example_dags/example_branch_labels.py
[2022-05-23 18:07:46,741] {logging_mixin.py:115} INFO - [2022-05-23 18:07:46,741] {dag.py:2371} INFO - Sync 1 DAGs
[2022-05-23 18:07:46,753] {logging_mixin.py:115} INFO - [2022-05-23 18:07:46,753] {dag.py:2915} INFO - Setting next_dagrun for example_branch_labels to 2022-05-22T00:00:00+00:00, run_after=2022-05-23T00:00:00+00:00
[2022-05-23 18:07:46,760] {processor.py:161} INFO - Processing /Users/mohammadrezakhorasanchian/.pyenv/versions/3.10.4/lib/python3.10/site-packages/airflow/example_dags/example_branch_labels.py took 0.076 seconds
[2022-05-23 18:14:54,179] {processor.py:153} INFO - Started process (PID=41135) to work on /Users/mohammadrezakhorasanchian/.pyenv/versions/3.10.4/lib/python3.10/site-packages/airflow/example_dags/example_branch_labels.py
[2022-05-23 18:14:54,182] {processor.py:641} INFO - Processing file /Users/mohammadrezakhorasanchian/.pyenv/versions/3.10.4/lib/python3.10/site-packages/airflow/example_dags/example_branch_labels.py for tasks to queue
[2022-05-23 18:14:54,183] {logging_mixin.py:115} INFO - [2022-05-23 18:14:54,183] {dagbag.py:507} INFO - Filling up the DagBag from /Users/mohammadrezakhorasanchian/.pyenv/versions/3.10.4/lib/python3.10/site-packages/airflow/example_dags/example_branch_labels.py
[2022-05-23 18:14:54,194] {processor.py:651} INFO - DAG(s) dict_keys(['example_branch_labels']) retrieved from /Users/mohammadrezakhorasanchian/.pyenv/versions/3.10.4/lib/python3.10/site-packages/airflow/example_dags/example_branch_labels.py
[2022-05-23 18:14:54,244] {logging_mixin.py:115} INFO - [2022-05-23 18:14:54,244] {dag.py:2371} INFO - Sync 1 DAGs
[2022-05-23 18:14:54,255] {logging_mixin.py:115} INFO - [2022-05-23 18:14:54,255] {dag.py:2915} INFO - Setting next_dagrun for example_branch_labels to 2022-05-22T00:00:00+00:00, run_after=2022-05-23T00:00:00+00:00
[2022-05-23 18:14:54,263] {processor.py:161} INFO - Processing /Users/mohammadrezakhorasanchian/.pyenv/versions/3.10.4/lib/python3.10/site-packages/airflow/example_dags/example_branch_labels.py took 0.084 seconds
