[2022-05-23 16:13:39,881] {processor.py:153} INFO - Started process (PID=36344) to work on /Users/mohammadrezakhorasanchian/.pyenv/versions/3.10.4/lib/python3.10/site-packages/airflow/example_dags/example_latest_only.py
[2022-05-23 16:13:39,881] {processor.py:641} INFO - Processing file /Users/mohammadrezakhorasanchian/.pyenv/versions/3.10.4/lib/python3.10/site-packages/airflow/example_dags/example_latest_only.py for tasks to queue
[2022-05-23 16:13:39,881] {logging_mixin.py:115} INFO - [2022-05-23 16:13:39,881] {dagbag.py:507} INFO - Filling up the DagBag from /Users/mohammadrezakhorasanchian/.pyenv/versions/3.10.4/lib/python3.10/site-packages/airflow/example_dags/example_latest_only.py
[2022-05-23 16:13:39,890] {processor.py:651} INFO - DAG(s) dict_keys(['latest_only']) retrieved from /Users/mohammadrezakhorasanchian/.pyenv/versions/3.10.4/lib/python3.10/site-packages/airflow/example_dags/example_latest_only.py
[2022-05-23 16:13:39,931] {logging_mixin.py:115} INFO - [2022-05-23 16:13:39,931] {dag.py:2371} INFO - Sync 1 DAGs
[2022-05-23 16:13:39,941] {logging_mixin.py:115} INFO - [2022-05-23 16:13:39,941] {dag.py:2915} INFO - Setting next_dagrun for latest_only to 2022-05-23T09:13:39.940968+00:00, run_after=2022-05-23T13:13:39.940968+00:00
[2022-05-23 16:13:39,948] {processor.py:161} INFO - Processing /Users/mohammadrezakhorasanchian/.pyenv/versions/3.10.4/lib/python3.10/site-packages/airflow/example_dags/example_latest_only.py took 0.068 seconds
[2022-05-23 16:14:43,237] {processor.py:153} INFO - Started process (PID=36449) to work on /Users/mohammadrezakhorasanchian/.pyenv/versions/3.10.4/lib/python3.10/site-packages/airflow/example_dags/example_latest_only.py
[2022-05-23 16:14:43,237] {processor.py:641} INFO - Processing file /Users/mohammadrezakhorasanchian/.pyenv/versions/3.10.4/lib/python3.10/site-packages/airflow/example_dags/example_latest_only.py for tasks to queue
[2022-05-23 16:14:43,237] {logging_mixin.py:115} INFO - [2022-05-23 16:14:43,237] {dagbag.py:507} INFO - Filling up the DagBag from /Users/mohammadrezakhorasanchian/.pyenv/versions/3.10.4/lib/python3.10/site-packages/airflow/example_dags/example_latest_only.py
[2022-05-23 16:14:43,247] {processor.py:651} INFO - DAG(s) dict_keys(['latest_only']) retrieved from /Users/mohammadrezakhorasanchian/.pyenv/versions/3.10.4/lib/python3.10/site-packages/airflow/example_dags/example_latest_only.py
[2022-05-23 16:14:43,294] {logging_mixin.py:115} INFO - [2022-05-23 16:14:43,293] {dag.py:2371} INFO - Sync 1 DAGs
[2022-05-23 16:14:43,304] {logging_mixin.py:115} INFO - [2022-05-23 16:14:43,304] {dag.py:2915} INFO - Setting next_dagrun for latest_only to 2022-05-23T09:14:43.304297+00:00, run_after=2022-05-23T13:14:43.304297+00:00
[2022-05-23 16:14:43,311] {processor.py:161} INFO - Processing /Users/mohammadrezakhorasanchian/.pyenv/versions/3.10.4/lib/python3.10/site-packages/airflow/example_dags/example_latest_only.py took 0.075 seconds
[2022-05-23 16:15:48,257] {processor.py:153} INFO - Started process (PID=36525) to work on /Users/mohammadrezakhorasanchian/.pyenv/versions/3.10.4/lib/python3.10/site-packages/airflow/example_dags/example_latest_only.py
[2022-05-23 16:15:48,257] {processor.py:641} INFO - Processing file /Users/mohammadrezakhorasanchian/.pyenv/versions/3.10.4/lib/python3.10/site-packages/airflow/example_dags/example_latest_only.py for tasks to queue
[2022-05-23 16:15:48,257] {logging_mixin.py:115} INFO - [2022-05-23 16:15:48,257] {dagbag.py:507} INFO - Filling up the DagBag from /Users/mohammadrezakhorasanchian/.pyenv/versions/3.10.4/lib/python3.10/site-packages/airflow/example_dags/example_latest_only.py
[2022-05-23 16:15:48,266] {processor.py:651} INFO - DAG(s) dict_keys(['latest_only']) retrieved from /Users/mohammadrezakhorasanchian/.pyenv/versions/3.10.4/lib/python3.10/site-packages/airflow/example_dags/example_latest_only.py
[2022-05-23 16:15:48,314] {logging_mixin.py:115} INFO - [2022-05-23 16:15:48,313] {dag.py:2371} INFO - Sync 1 DAGs
[2022-05-23 16:15:48,325] {logging_mixin.py:115} INFO - [2022-05-23 16:15:48,325] {dag.py:2915} INFO - Setting next_dagrun for latest_only to 2022-05-23T09:15:48.325150+00:00, run_after=2022-05-23T13:15:48.325150+00:00
[2022-05-23 16:15:48,334] {processor.py:161} INFO - Processing /Users/mohammadrezakhorasanchian/.pyenv/versions/3.10.4/lib/python3.10/site-packages/airflow/example_dags/example_latest_only.py took 0.078 seconds
[2022-05-23 16:16:47,370] {processor.py:153} INFO - Started process (PID=36625) to work on /Users/mohammadrezakhorasanchian/.pyenv/versions/3.10.4/lib/python3.10/site-packages/airflow/example_dags/example_latest_only.py
[2022-05-23 16:16:47,370] {processor.py:641} INFO - Processing file /Users/mohammadrezakhorasanchian/.pyenv/versions/3.10.4/lib/python3.10/site-packages/airflow/example_dags/example_latest_only.py for tasks to queue
[2022-05-23 16:16:47,370] {logging_mixin.py:115} INFO - [2022-05-23 16:16:47,370] {dagbag.py:507} INFO - Filling up the DagBag from /Users/mohammadrezakhorasanchian/.pyenv/versions/3.10.4/lib/python3.10/site-packages/airflow/example_dags/example_latest_only.py
[2022-05-23 16:16:47,379] {processor.py:651} INFO - DAG(s) dict_keys(['latest_only']) retrieved from /Users/mohammadrezakhorasanchian/.pyenv/versions/3.10.4/lib/python3.10/site-packages/airflow/example_dags/example_latest_only.py
[2022-05-23 16:16:47,422] {logging_mixin.py:115} INFO - [2022-05-23 16:16:47,422] {dag.py:2371} INFO - Sync 1 DAGs
[2022-05-23 16:16:47,431] {logging_mixin.py:115} INFO - [2022-05-23 16:16:47,431] {dag.py:2915} INFO - Setting next_dagrun for latest_only to 2022-05-23T09:16:47.431727+00:00, run_after=2022-05-23T13:16:47.431727+00:00
[2022-05-23 16:16:47,439] {processor.py:161} INFO - Processing /Users/mohammadrezakhorasanchian/.pyenv/versions/3.10.4/lib/python3.10/site-packages/airflow/example_dags/example_latest_only.py took 0.070 seconds
[2022-05-23 16:17:50,130] {processor.py:153} INFO - Started process (PID=36688) to work on /Users/mohammadrezakhorasanchian/.pyenv/versions/3.10.4/lib/python3.10/site-packages/airflow/example_dags/example_latest_only.py
[2022-05-23 16:17:50,130] {processor.py:641} INFO - Processing file /Users/mohammadrezakhorasanchian/.pyenv/versions/3.10.4/lib/python3.10/site-packages/airflow/example_dags/example_latest_only.py for tasks to queue
[2022-05-23 16:17:50,130] {logging_mixin.py:115} INFO - [2022-05-23 16:17:50,130] {dagbag.py:507} INFO - Filling up the DagBag from /Users/mohammadrezakhorasanchian/.pyenv/versions/3.10.4/lib/python3.10/site-packages/airflow/example_dags/example_latest_only.py
[2022-05-23 16:17:50,139] {processor.py:651} INFO - DAG(s) dict_keys(['latest_only']) retrieved from /Users/mohammadrezakhorasanchian/.pyenv/versions/3.10.4/lib/python3.10/site-packages/airflow/example_dags/example_latest_only.py
[2022-05-23 16:17:50,179] {logging_mixin.py:115} INFO - [2022-05-23 16:17:50,179] {dag.py:2371} INFO - Sync 1 DAGs
[2022-05-23 16:17:50,188] {logging_mixin.py:115} INFO - [2022-05-23 16:17:50,188] {dag.py:2915} INFO - Setting next_dagrun for latest_only to 2022-05-23T09:17:50.188797+00:00, run_after=2022-05-23T13:17:50.188797+00:00
[2022-05-23 16:17:50,196] {processor.py:161} INFO - Processing /Users/mohammadrezakhorasanchian/.pyenv/versions/3.10.4/lib/python3.10/site-packages/airflow/example_dags/example_latest_only.py took 0.067 seconds
[2022-05-23 16:18:54,239] {processor.py:153} INFO - Started process (PID=36789) to work on /Users/mohammadrezakhorasanchian/.pyenv/versions/3.10.4/lib/python3.10/site-packages/airflow/example_dags/example_latest_only.py
[2022-05-23 16:18:54,239] {processor.py:641} INFO - Processing file /Users/mohammadrezakhorasanchian/.pyenv/versions/3.10.4/lib/python3.10/site-packages/airflow/example_dags/example_latest_only.py for tasks to queue
[2022-05-23 16:18:54,239] {logging_mixin.py:115} INFO - [2022-05-23 16:18:54,239] {dagbag.py:507} INFO - Filling up the DagBag from /Users/mohammadrezakhorasanchian/.pyenv/versions/3.10.4/lib/python3.10/site-packages/airflow/example_dags/example_latest_only.py
[2022-05-23 16:18:54,248] {processor.py:651} INFO - DAG(s) dict_keys(['latest_only']) retrieved from /Users/mohammadrezakhorasanchian/.pyenv/versions/3.10.4/lib/python3.10/site-packages/airflow/example_dags/example_latest_only.py
[2022-05-23 16:18:54,292] {logging_mixin.py:115} INFO - [2022-05-23 16:18:54,292] {dag.py:2371} INFO - Sync 1 DAGs
[2022-05-23 16:18:54,302] {logging_mixin.py:115} INFO - [2022-05-23 16:18:54,302] {dag.py:2915} INFO - Setting next_dagrun for latest_only to 2022-05-23T09:18:54.302322+00:00, run_after=2022-05-23T13:18:54.302322+00:00
[2022-05-23 16:18:54,309] {processor.py:161} INFO - Processing /Users/mohammadrezakhorasanchian/.pyenv/versions/3.10.4/lib/python3.10/site-packages/airflow/example_dags/example_latest_only.py took 0.070 seconds
[2022-05-23 16:51:09,891] {processor.py:153} INFO - Started process (PID=36849) to work on /Users/mohammadrezakhorasanchian/.pyenv/versions/3.10.4/lib/python3.10/site-packages/airflow/example_dags/example_latest_only.py
[2022-05-23 16:51:09,892] {processor.py:641} INFO - Processing file /Users/mohammadrezakhorasanchian/.pyenv/versions/3.10.4/lib/python3.10/site-packages/airflow/example_dags/example_latest_only.py for tasks to queue
[2022-05-23 16:51:09,893] {logging_mixin.py:115} INFO - [2022-05-23 16:51:09,892] {dagbag.py:507} INFO - Filling up the DagBag from /Users/mohammadrezakhorasanchian/.pyenv/versions/3.10.4/lib/python3.10/site-packages/airflow/example_dags/example_latest_only.py
[2022-05-23 16:51:09,928] {processor.py:651} INFO - DAG(s) dict_keys(['latest_only']) retrieved from /Users/mohammadrezakhorasanchian/.pyenv/versions/3.10.4/lib/python3.10/site-packages/airflow/example_dags/example_latest_only.py
[2022-05-23 16:51:10,101] {logging_mixin.py:115} INFO - [2022-05-23 16:51:10,101] {dag.py:2371} INFO - Sync 1 DAGs
[2022-05-23 16:51:10,140] {logging_mixin.py:115} INFO - [2022-05-23 16:51:10,140] {dag.py:2915} INFO - Setting next_dagrun for latest_only to 2022-05-23T09:51:10.140187+00:00, run_after=2022-05-23T13:51:10.140187+00:00
[2022-05-23 16:51:10,166] {processor.py:161} INFO - Processing /Users/mohammadrezakhorasanchian/.pyenv/versions/3.10.4/lib/python3.10/site-packages/airflow/example_dags/example_latest_only.py took 0.277 seconds
[2022-05-23 16:55:35,077] {processor.py:153} INFO - Started process (PID=36924) to work on /Users/mohammadrezakhorasanchian/.pyenv/versions/3.10.4/lib/python3.10/site-packages/airflow/example_dags/example_latest_only.py
[2022-05-23 16:55:35,077] {processor.py:641} INFO - Processing file /Users/mohammadrezakhorasanchian/.pyenv/versions/3.10.4/lib/python3.10/site-packages/airflow/example_dags/example_latest_only.py for tasks to queue
[2022-05-23 16:55:35,077] {logging_mixin.py:115} INFO - [2022-05-23 16:55:35,077] {dagbag.py:507} INFO - Filling up the DagBag from /Users/mohammadrezakhorasanchian/.pyenv/versions/3.10.4/lib/python3.10/site-packages/airflow/example_dags/example_latest_only.py
[2022-05-23 16:55:35,085] {processor.py:651} INFO - DAG(s) dict_keys(['latest_only']) retrieved from /Users/mohammadrezakhorasanchian/.pyenv/versions/3.10.4/lib/python3.10/site-packages/airflow/example_dags/example_latest_only.py
[2022-05-23 16:55:35,128] {logging_mixin.py:115} INFO - [2022-05-23 16:55:35,127] {dag.py:2371} INFO - Sync 1 DAGs
[2022-05-23 16:55:35,137] {logging_mixin.py:115} INFO - [2022-05-23 16:55:35,137] {dag.py:2915} INFO - Setting next_dagrun for latest_only to 2022-05-23T09:55:35.137036+00:00, run_after=2022-05-23T13:55:35.137036+00:00
[2022-05-23 16:55:35,144] {processor.py:161} INFO - Processing /Users/mohammadrezakhorasanchian/.pyenv/versions/3.10.4/lib/python3.10/site-packages/airflow/example_dags/example_latest_only.py took 0.068 seconds
[2022-05-23 16:56:37,457] {processor.py:153} INFO - Started process (PID=37041) to work on /Users/mohammadrezakhorasanchian/.pyenv/versions/3.10.4/lib/python3.10/site-packages/airflow/example_dags/example_latest_only.py
[2022-05-23 16:56:37,458] {processor.py:641} INFO - Processing file /Users/mohammadrezakhorasanchian/.pyenv/versions/3.10.4/lib/python3.10/site-packages/airflow/example_dags/example_latest_only.py for tasks to queue
[2022-05-23 16:56:37,458] {logging_mixin.py:115} INFO - [2022-05-23 16:56:37,458] {dagbag.py:507} INFO - Filling up the DagBag from /Users/mohammadrezakhorasanchian/.pyenv/versions/3.10.4/lib/python3.10/site-packages/airflow/example_dags/example_latest_only.py
[2022-05-23 16:56:37,466] {processor.py:651} INFO - DAG(s) dict_keys(['latest_only']) retrieved from /Users/mohammadrezakhorasanchian/.pyenv/versions/3.10.4/lib/python3.10/site-packages/airflow/example_dags/example_latest_only.py
[2022-05-23 16:56:37,507] {logging_mixin.py:115} INFO - [2022-05-23 16:56:37,507] {dag.py:2371} INFO - Sync 1 DAGs
[2022-05-23 16:56:37,516] {logging_mixin.py:115} INFO - [2022-05-23 16:56:37,516] {dag.py:2915} INFO - Setting next_dagrun for latest_only to 2022-05-23T09:56:37.516256+00:00, run_after=2022-05-23T13:56:37.516256+00:00
[2022-05-23 16:56:37,524] {processor.py:161} INFO - Processing /Users/mohammadrezakhorasanchian/.pyenv/versions/3.10.4/lib/python3.10/site-packages/airflow/example_dags/example_latest_only.py took 0.067 seconds
[2022-05-23 16:57:35,326] {processor.py:153} INFO - Started process (PID=37104) to work on /Users/mohammadrezakhorasanchian/.pyenv/versions/3.10.4/lib/python3.10/site-packages/airflow/example_dags/example_latest_only.py
[2022-05-23 16:57:35,326] {processor.py:641} INFO - Processing file /Users/mohammadrezakhorasanchian/.pyenv/versions/3.10.4/lib/python3.10/site-packages/airflow/example_dags/example_latest_only.py for tasks to queue
[2022-05-23 16:57:35,327] {logging_mixin.py:115} INFO - [2022-05-23 16:57:35,327] {dagbag.py:507} INFO - Filling up the DagBag from /Users/mohammadrezakhorasanchian/.pyenv/versions/3.10.4/lib/python3.10/site-packages/airflow/example_dags/example_latest_only.py
[2022-05-23 16:57:35,335] {processor.py:651} INFO - DAG(s) dict_keys(['latest_only']) retrieved from /Users/mohammadrezakhorasanchian/.pyenv/versions/3.10.4/lib/python3.10/site-packages/airflow/example_dags/example_latest_only.py
[2022-05-23 16:57:35,376] {logging_mixin.py:115} INFO - [2022-05-23 16:57:35,375] {dag.py:2371} INFO - Sync 1 DAGs
[2022-05-23 16:57:35,385] {logging_mixin.py:115} INFO - [2022-05-23 16:57:35,385] {dag.py:2915} INFO - Setting next_dagrun for latest_only to 2022-05-23T09:57:35.385168+00:00, run_after=2022-05-23T13:57:35.385168+00:00
[2022-05-23 16:57:35,392] {processor.py:161} INFO - Processing /Users/mohammadrezakhorasanchian/.pyenv/versions/3.10.4/lib/python3.10/site-packages/airflow/example_dags/example_latest_only.py took 0.066 seconds
[2022-05-23 16:58:32,407] {processor.py:153} INFO - Started process (PID=37141) to work on /Users/mohammadrezakhorasanchian/.pyenv/versions/3.10.4/lib/python3.10/site-packages/airflow/example_dags/example_latest_only.py
[2022-05-23 16:58:32,407] {processor.py:641} INFO - Processing file /Users/mohammadrezakhorasanchian/.pyenv/versions/3.10.4/lib/python3.10/site-packages/airflow/example_dags/example_latest_only.py for tasks to queue
[2022-05-23 16:58:32,407] {logging_mixin.py:115} INFO - [2022-05-23 16:58:32,407] {dagbag.py:507} INFO - Filling up the DagBag from /Users/mohammadrezakhorasanchian/.pyenv/versions/3.10.4/lib/python3.10/site-packages/airflow/example_dags/example_latest_only.py
[2022-05-23 16:58:32,416] {processor.py:651} INFO - DAG(s) dict_keys(['latest_only']) retrieved from /Users/mohammadrezakhorasanchian/.pyenv/versions/3.10.4/lib/python3.10/site-packages/airflow/example_dags/example_latest_only.py
[2022-05-23 16:58:32,456] {logging_mixin.py:115} INFO - [2022-05-23 16:58:32,456] {dag.py:2371} INFO - Sync 1 DAGs
[2022-05-23 16:58:32,465] {logging_mixin.py:115} INFO - [2022-05-23 16:58:32,465] {dag.py:2915} INFO - Setting next_dagrun for latest_only to 2022-05-23T09:58:32.465343+00:00, run_after=2022-05-23T13:58:32.465343+00:00
[2022-05-23 16:58:32,473] {processor.py:161} INFO - Processing /Users/mohammadrezakhorasanchian/.pyenv/versions/3.10.4/lib/python3.10/site-packages/airflow/example_dags/example_latest_only.py took 0.066 seconds
[2022-05-23 16:59:29,925] {processor.py:153} INFO - Started process (PID=37177) to work on /Users/mohammadrezakhorasanchian/.pyenv/versions/3.10.4/lib/python3.10/site-packages/airflow/example_dags/example_latest_only.py
[2022-05-23 16:59:29,925] {processor.py:641} INFO - Processing file /Users/mohammadrezakhorasanchian/.pyenv/versions/3.10.4/lib/python3.10/site-packages/airflow/example_dags/example_latest_only.py for tasks to queue
[2022-05-23 16:59:29,925] {logging_mixin.py:115} INFO - [2022-05-23 16:59:29,925] {dagbag.py:507} INFO - Filling up the DagBag from /Users/mohammadrezakhorasanchian/.pyenv/versions/3.10.4/lib/python3.10/site-packages/airflow/example_dags/example_latest_only.py
[2022-05-23 16:59:29,934] {processor.py:651} INFO - DAG(s) dict_keys(['latest_only']) retrieved from /Users/mohammadrezakhorasanchian/.pyenv/versions/3.10.4/lib/python3.10/site-packages/airflow/example_dags/example_latest_only.py
[2022-05-23 16:59:29,975] {logging_mixin.py:115} INFO - [2022-05-23 16:59:29,975] {dag.py:2371} INFO - Sync 1 DAGs
[2022-05-23 16:59:29,984] {logging_mixin.py:115} INFO - [2022-05-23 16:59:29,984] {dag.py:2915} INFO - Setting next_dagrun for latest_only to 2022-05-23T09:59:29.984588+00:00, run_after=2022-05-23T13:59:29.984588+00:00
[2022-05-23 16:59:29,992] {processor.py:161} INFO - Processing /Users/mohammadrezakhorasanchian/.pyenv/versions/3.10.4/lib/python3.10/site-packages/airflow/example_dags/example_latest_only.py took 0.067 seconds
[2022-05-23 17:00:28,063] {processor.py:153} INFO - Started process (PID=37243) to work on /Users/mohammadrezakhorasanchian/.pyenv/versions/3.10.4/lib/python3.10/site-packages/airflow/example_dags/example_latest_only.py
[2022-05-23 17:00:28,063] {processor.py:641} INFO - Processing file /Users/mohammadrezakhorasanchian/.pyenv/versions/3.10.4/lib/python3.10/site-packages/airflow/example_dags/example_latest_only.py for tasks to queue
[2022-05-23 17:00:28,063] {logging_mixin.py:115} INFO - [2022-05-23 17:00:28,063] {dagbag.py:507} INFO - Filling up the DagBag from /Users/mohammadrezakhorasanchian/.pyenv/versions/3.10.4/lib/python3.10/site-packages/airflow/example_dags/example_latest_only.py
[2022-05-23 17:00:28,072] {processor.py:651} INFO - DAG(s) dict_keys(['latest_only']) retrieved from /Users/mohammadrezakhorasanchian/.pyenv/versions/3.10.4/lib/python3.10/site-packages/airflow/example_dags/example_latest_only.py
[2022-05-23 17:00:28,114] {logging_mixin.py:115} INFO - [2022-05-23 17:00:28,114] {dag.py:2371} INFO - Sync 1 DAGs
[2022-05-23 17:00:28,124] {logging_mixin.py:115} INFO - [2022-05-23 17:00:28,124] {dag.py:2915} INFO - Setting next_dagrun for latest_only to 2022-05-23T10:00:28.124094+00:00, run_after=2022-05-23T14:00:28.124094+00:00
[2022-05-23 17:00:28,131] {processor.py:161} INFO - Processing /Users/mohammadrezakhorasanchian/.pyenv/versions/3.10.4/lib/python3.10/site-packages/airflow/example_dags/example_latest_only.py took 0.069 seconds
[2022-05-23 17:01:26,962] {processor.py:153} INFO - Started process (PID=37359) to work on /Users/mohammadrezakhorasanchian/.pyenv/versions/3.10.4/lib/python3.10/site-packages/airflow/example_dags/example_latest_only.py
[2022-05-23 17:01:26,962] {processor.py:641} INFO - Processing file /Users/mohammadrezakhorasanchian/.pyenv/versions/3.10.4/lib/python3.10/site-packages/airflow/example_dags/example_latest_only.py for tasks to queue
[2022-05-23 17:01:26,962] {logging_mixin.py:115} INFO - [2022-05-23 17:01:26,962] {dagbag.py:507} INFO - Filling up the DagBag from /Users/mohammadrezakhorasanchian/.pyenv/versions/3.10.4/lib/python3.10/site-packages/airflow/example_dags/example_latest_only.py
[2022-05-23 17:01:26,971] {processor.py:651} INFO - DAG(s) dict_keys(['latest_only']) retrieved from /Users/mohammadrezakhorasanchian/.pyenv/versions/3.10.4/lib/python3.10/site-packages/airflow/example_dags/example_latest_only.py
[2022-05-23 17:01:27,012] {logging_mixin.py:115} INFO - [2022-05-23 17:01:27,012] {dag.py:2371} INFO - Sync 1 DAGs
[2022-05-23 17:01:27,021] {logging_mixin.py:115} INFO - [2022-05-23 17:01:27,021] {dag.py:2915} INFO - Setting next_dagrun for latest_only to 2022-05-23T10:01:27.021660+00:00, run_after=2022-05-23T14:01:27.021660+00:00
[2022-05-23 17:01:27,029] {processor.py:161} INFO - Processing /Users/mohammadrezakhorasanchian/.pyenv/versions/3.10.4/lib/python3.10/site-packages/airflow/example_dags/example_latest_only.py took 0.068 seconds
[2022-05-23 17:02:25,114] {processor.py:153} INFO - Started process (PID=37470) to work on /Users/mohammadrezakhorasanchian/.pyenv/versions/3.10.4/lib/python3.10/site-packages/airflow/example_dags/example_latest_only.py
[2022-05-23 17:02:25,115] {processor.py:641} INFO - Processing file /Users/mohammadrezakhorasanchian/.pyenv/versions/3.10.4/lib/python3.10/site-packages/airflow/example_dags/example_latest_only.py for tasks to queue
[2022-05-23 17:02:25,115] {logging_mixin.py:115} INFO - [2022-05-23 17:02:25,115] {dagbag.py:507} INFO - Filling up the DagBag from /Users/mohammadrezakhorasanchian/.pyenv/versions/3.10.4/lib/python3.10/site-packages/airflow/example_dags/example_latest_only.py
[2022-05-23 17:02:25,123] {processor.py:651} INFO - DAG(s) dict_keys(['latest_only']) retrieved from /Users/mohammadrezakhorasanchian/.pyenv/versions/3.10.4/lib/python3.10/site-packages/airflow/example_dags/example_latest_only.py
[2022-05-23 17:02:25,164] {logging_mixin.py:115} INFO - [2022-05-23 17:02:25,164] {dag.py:2371} INFO - Sync 1 DAGs
[2022-05-23 17:02:25,173] {logging_mixin.py:115} INFO - [2022-05-23 17:02:25,173] {dag.py:2915} INFO - Setting next_dagrun for latest_only to 2022-05-23T10:02:25.173773+00:00, run_after=2022-05-23T14:02:25.173773+00:00
[2022-05-23 17:02:25,181] {processor.py:161} INFO - Processing /Users/mohammadrezakhorasanchian/.pyenv/versions/3.10.4/lib/python3.10/site-packages/airflow/example_dags/example_latest_only.py took 0.067 seconds
[2022-05-23 17:03:22,497] {processor.py:153} INFO - Started process (PID=37579) to work on /Users/mohammadrezakhorasanchian/.pyenv/versions/3.10.4/lib/python3.10/site-packages/airflow/example_dags/example_latest_only.py
[2022-05-23 17:03:22,497] {processor.py:641} INFO - Processing file /Users/mohammadrezakhorasanchian/.pyenv/versions/3.10.4/lib/python3.10/site-packages/airflow/example_dags/example_latest_only.py for tasks to queue
[2022-05-23 17:03:22,498] {logging_mixin.py:115} INFO - [2022-05-23 17:03:22,498] {dagbag.py:507} INFO - Filling up the DagBag from /Users/mohammadrezakhorasanchian/.pyenv/versions/3.10.4/lib/python3.10/site-packages/airflow/example_dags/example_latest_only.py
[2022-05-23 17:03:22,506] {processor.py:651} INFO - DAG(s) dict_keys(['latest_only']) retrieved from /Users/mohammadrezakhorasanchian/.pyenv/versions/3.10.4/lib/python3.10/site-packages/airflow/example_dags/example_latest_only.py
[2022-05-23 17:03:22,547] {logging_mixin.py:115} INFO - [2022-05-23 17:03:22,547] {dag.py:2371} INFO - Sync 1 DAGs
[2022-05-23 17:03:22,556] {logging_mixin.py:115} INFO - [2022-05-23 17:03:22,556] {dag.py:2915} INFO - Setting next_dagrun for latest_only to 2022-05-23T10:03:22.556668+00:00, run_after=2022-05-23T14:03:22.556668+00:00
[2022-05-23 17:03:22,566] {processor.py:161} INFO - Processing /Users/mohammadrezakhorasanchian/.pyenv/versions/3.10.4/lib/python3.10/site-packages/airflow/example_dags/example_latest_only.py took 0.070 seconds
[2022-05-23 17:04:22,091] {processor.py:153} INFO - Started process (PID=37687) to work on /Users/mohammadrezakhorasanchian/.pyenv/versions/3.10.4/lib/python3.10/site-packages/airflow/example_dags/example_latest_only.py
[2022-05-23 17:04:22,091] {processor.py:641} INFO - Processing file /Users/mohammadrezakhorasanchian/.pyenv/versions/3.10.4/lib/python3.10/site-packages/airflow/example_dags/example_latest_only.py for tasks to queue
[2022-05-23 17:04:22,091] {logging_mixin.py:115} INFO - [2022-05-23 17:04:22,091] {dagbag.py:507} INFO - Filling up the DagBag from /Users/mohammadrezakhorasanchian/.pyenv/versions/3.10.4/lib/python3.10/site-packages/airflow/example_dags/example_latest_only.py
[2022-05-23 17:04:22,100] {processor.py:651} INFO - DAG(s) dict_keys(['latest_only']) retrieved from /Users/mohammadrezakhorasanchian/.pyenv/versions/3.10.4/lib/python3.10/site-packages/airflow/example_dags/example_latest_only.py
[2022-05-23 17:04:22,143] {logging_mixin.py:115} INFO - [2022-05-23 17:04:22,142] {dag.py:2371} INFO - Sync 1 DAGs
[2022-05-23 17:04:22,152] {logging_mixin.py:115} INFO - [2022-05-23 17:04:22,152] {dag.py:2915} INFO - Setting next_dagrun for latest_only to 2022-05-23T10:04:22.152390+00:00, run_after=2022-05-23T14:04:22.152390+00:00
[2022-05-23 17:04:22,159] {processor.py:161} INFO - Processing /Users/mohammadrezakhorasanchian/.pyenv/versions/3.10.4/lib/python3.10/site-packages/airflow/example_dags/example_latest_only.py took 0.069 seconds
[2022-05-23 17:05:22,510] {processor.py:153} INFO - Started process (PID=37796) to work on /Users/mohammadrezakhorasanchian/.pyenv/versions/3.10.4/lib/python3.10/site-packages/airflow/example_dags/example_latest_only.py
[2022-05-23 17:05:22,510] {processor.py:641} INFO - Processing file /Users/mohammadrezakhorasanchian/.pyenv/versions/3.10.4/lib/python3.10/site-packages/airflow/example_dags/example_latest_only.py for tasks to queue
[2022-05-23 17:05:22,510] {logging_mixin.py:115} INFO - [2022-05-23 17:05:22,510] {dagbag.py:507} INFO - Filling up the DagBag from /Users/mohammadrezakhorasanchian/.pyenv/versions/3.10.4/lib/python3.10/site-packages/airflow/example_dags/example_latest_only.py
[2022-05-23 17:05:22,519] {processor.py:651} INFO - DAG(s) dict_keys(['latest_only']) retrieved from /Users/mohammadrezakhorasanchian/.pyenv/versions/3.10.4/lib/python3.10/site-packages/airflow/example_dags/example_latest_only.py
[2022-05-23 17:05:22,560] {logging_mixin.py:115} INFO - [2022-05-23 17:05:22,560] {dag.py:2371} INFO - Sync 1 DAGs
[2022-05-23 17:05:22,570] {logging_mixin.py:115} INFO - [2022-05-23 17:05:22,570] {dag.py:2915} INFO - Setting next_dagrun for latest_only to 2022-05-23T10:05:22.569973+00:00, run_after=2022-05-23T14:05:22.569973+00:00
[2022-05-23 17:05:22,577] {processor.py:161} INFO - Processing /Users/mohammadrezakhorasanchian/.pyenv/versions/3.10.4/lib/python3.10/site-packages/airflow/example_dags/example_latest_only.py took 0.068 seconds
[2022-05-23 17:06:23,124] {processor.py:153} INFO - Started process (PID=37907) to work on /Users/mohammadrezakhorasanchian/.pyenv/versions/3.10.4/lib/python3.10/site-packages/airflow/example_dags/example_latest_only.py
[2022-05-23 17:06:23,124] {processor.py:641} INFO - Processing file /Users/mohammadrezakhorasanchian/.pyenv/versions/3.10.4/lib/python3.10/site-packages/airflow/example_dags/example_latest_only.py for tasks to queue
[2022-05-23 17:06:23,125] {logging_mixin.py:115} INFO - [2022-05-23 17:06:23,124] {dagbag.py:507} INFO - Filling up the DagBag from /Users/mohammadrezakhorasanchian/.pyenv/versions/3.10.4/lib/python3.10/site-packages/airflow/example_dags/example_latest_only.py
[2022-05-23 17:06:23,133] {processor.py:651} INFO - DAG(s) dict_keys(['latest_only']) retrieved from /Users/mohammadrezakhorasanchian/.pyenv/versions/3.10.4/lib/python3.10/site-packages/airflow/example_dags/example_latest_only.py
[2022-05-23 17:06:23,174] {logging_mixin.py:115} INFO - [2022-05-23 17:06:23,174] {dag.py:2371} INFO - Sync 1 DAGs
[2022-05-23 17:06:23,184] {logging_mixin.py:115} INFO - [2022-05-23 17:06:23,184] {dag.py:2915} INFO - Setting next_dagrun for latest_only to 2022-05-23T10:06:23.183961+00:00, run_after=2022-05-23T14:06:23.183961+00:00
[2022-05-23 17:06:23,190] {processor.py:161} INFO - Processing /Users/mohammadrezakhorasanchian/.pyenv/versions/3.10.4/lib/python3.10/site-packages/airflow/example_dags/example_latest_only.py took 0.066 seconds
[2022-05-23 17:07:25,827] {processor.py:153} INFO - Started process (PID=38017) to work on /Users/mohammadrezakhorasanchian/.pyenv/versions/3.10.4/lib/python3.10/site-packages/airflow/example_dags/example_latest_only.py
[2022-05-23 17:07:25,827] {processor.py:641} INFO - Processing file /Users/mohammadrezakhorasanchian/.pyenv/versions/3.10.4/lib/python3.10/site-packages/airflow/example_dags/example_latest_only.py for tasks to queue
[2022-05-23 17:07:25,828] {logging_mixin.py:115} INFO - [2022-05-23 17:07:25,828] {dagbag.py:507} INFO - Filling up the DagBag from /Users/mohammadrezakhorasanchian/.pyenv/versions/3.10.4/lib/python3.10/site-packages/airflow/example_dags/example_latest_only.py
[2022-05-23 17:07:25,836] {processor.py:651} INFO - DAG(s) dict_keys(['latest_only']) retrieved from /Users/mohammadrezakhorasanchian/.pyenv/versions/3.10.4/lib/python3.10/site-packages/airflow/example_dags/example_latest_only.py
[2022-05-23 17:07:25,878] {logging_mixin.py:115} INFO - [2022-05-23 17:07:25,878] {dag.py:2371} INFO - Sync 1 DAGs
[2022-05-23 17:07:25,888] {logging_mixin.py:115} INFO - [2022-05-23 17:07:25,888] {dag.py:2915} INFO - Setting next_dagrun for latest_only to 2022-05-23T10:07:25.888147+00:00, run_after=2022-05-23T14:07:25.888147+00:00
[2022-05-23 17:07:25,898] {processor.py:161} INFO - Processing /Users/mohammadrezakhorasanchian/.pyenv/versions/3.10.4/lib/python3.10/site-packages/airflow/example_dags/example_latest_only.py took 0.071 seconds
[2022-05-23 17:08:29,551] {processor.py:153} INFO - Started process (PID=38135) to work on /Users/mohammadrezakhorasanchian/.pyenv/versions/3.10.4/lib/python3.10/site-packages/airflow/example_dags/example_latest_only.py
[2022-05-23 17:08:29,551] {processor.py:641} INFO - Processing file /Users/mohammadrezakhorasanchian/.pyenv/versions/3.10.4/lib/python3.10/site-packages/airflow/example_dags/example_latest_only.py for tasks to queue
[2022-05-23 17:08:29,551] {logging_mixin.py:115} INFO - [2022-05-23 17:08:29,551] {dagbag.py:507} INFO - Filling up the DagBag from /Users/mohammadrezakhorasanchian/.pyenv/versions/3.10.4/lib/python3.10/site-packages/airflow/example_dags/example_latest_only.py
[2022-05-23 17:08:29,560] {processor.py:651} INFO - DAG(s) dict_keys(['latest_only']) retrieved from /Users/mohammadrezakhorasanchian/.pyenv/versions/3.10.4/lib/python3.10/site-packages/airflow/example_dags/example_latest_only.py
[2022-05-23 17:08:29,602] {logging_mixin.py:115} INFO - [2022-05-23 17:08:29,602] {dag.py:2371} INFO - Sync 1 DAGs
[2022-05-23 17:08:29,611] {logging_mixin.py:115} INFO - [2022-05-23 17:08:29,611] {dag.py:2915} INFO - Setting next_dagrun for latest_only to 2022-05-23T10:08:29.611379+00:00, run_after=2022-05-23T14:08:29.611379+00:00
[2022-05-23 17:08:29,619] {processor.py:161} INFO - Processing /Users/mohammadrezakhorasanchian/.pyenv/versions/3.10.4/lib/python3.10/site-packages/airflow/example_dags/example_latest_only.py took 0.069 seconds
[2022-05-23 17:09:32,932] {processor.py:153} INFO - Started process (PID=38248) to work on /Users/mohammadrezakhorasanchian/.pyenv/versions/3.10.4/lib/python3.10/site-packages/airflow/example_dags/example_latest_only.py
[2022-05-23 17:09:32,932] {processor.py:641} INFO - Processing file /Users/mohammadrezakhorasanchian/.pyenv/versions/3.10.4/lib/python3.10/site-packages/airflow/example_dags/example_latest_only.py for tasks to queue
[2022-05-23 17:09:32,932] {logging_mixin.py:115} INFO - [2022-05-23 17:09:32,932] {dagbag.py:507} INFO - Filling up the DagBag from /Users/mohammadrezakhorasanchian/.pyenv/versions/3.10.4/lib/python3.10/site-packages/airflow/example_dags/example_latest_only.py
[2022-05-23 17:09:32,940] {processor.py:651} INFO - DAG(s) dict_keys(['latest_only']) retrieved from /Users/mohammadrezakhorasanchian/.pyenv/versions/3.10.4/lib/python3.10/site-packages/airflow/example_dags/example_latest_only.py
[2022-05-23 17:09:32,981] {logging_mixin.py:115} INFO - [2022-05-23 17:09:32,981] {dag.py:2371} INFO - Sync 1 DAGs
[2022-05-23 17:09:32,990] {logging_mixin.py:115} INFO - [2022-05-23 17:09:32,990] {dag.py:2915} INFO - Setting next_dagrun for latest_only to 2022-05-23T10:09:32.990820+00:00, run_after=2022-05-23T14:09:32.990820+00:00
[2022-05-23 17:09:32,998] {processor.py:161} INFO - Processing /Users/mohammadrezakhorasanchian/.pyenv/versions/3.10.4/lib/python3.10/site-packages/airflow/example_dags/example_latest_only.py took 0.067 seconds
[2022-05-23 17:10:35,838] {processor.py:153} INFO - Started process (PID=38362) to work on /Users/mohammadrezakhorasanchian/.pyenv/versions/3.10.4/lib/python3.10/site-packages/airflow/example_dags/example_latest_only.py
[2022-05-23 17:10:35,839] {processor.py:641} INFO - Processing file /Users/mohammadrezakhorasanchian/.pyenv/versions/3.10.4/lib/python3.10/site-packages/airflow/example_dags/example_latest_only.py for tasks to queue
[2022-05-23 17:10:35,839] {logging_mixin.py:115} INFO - [2022-05-23 17:10:35,839] {dagbag.py:507} INFO - Filling up the DagBag from /Users/mohammadrezakhorasanchian/.pyenv/versions/3.10.4/lib/python3.10/site-packages/airflow/example_dags/example_latest_only.py
[2022-05-23 17:10:35,847] {processor.py:651} INFO - DAG(s) dict_keys(['latest_only']) retrieved from /Users/mohammadrezakhorasanchian/.pyenv/versions/3.10.4/lib/python3.10/site-packages/airflow/example_dags/example_latest_only.py
[2022-05-23 17:10:35,888] {logging_mixin.py:115} INFO - [2022-05-23 17:10:35,888] {dag.py:2371} INFO - Sync 1 DAGs
[2022-05-23 17:10:35,897] {logging_mixin.py:115} INFO - [2022-05-23 17:10:35,897] {dag.py:2915} INFO - Setting next_dagrun for latest_only to 2022-05-23T10:10:35.897722+00:00, run_after=2022-05-23T14:10:35.897722+00:00
[2022-05-23 17:10:35,905] {processor.py:161} INFO - Processing /Users/mohammadrezakhorasanchian/.pyenv/versions/3.10.4/lib/python3.10/site-packages/airflow/example_dags/example_latest_only.py took 0.067 seconds
[2022-05-23 17:11:35,772] {processor.py:153} INFO - Started process (PID=38464) to work on /Users/mohammadrezakhorasanchian/.pyenv/versions/3.10.4/lib/python3.10/site-packages/airflow/example_dags/example_latest_only.py
[2022-05-23 17:11:35,772] {processor.py:641} INFO - Processing file /Users/mohammadrezakhorasanchian/.pyenv/versions/3.10.4/lib/python3.10/site-packages/airflow/example_dags/example_latest_only.py for tasks to queue
[2022-05-23 17:11:35,772] {logging_mixin.py:115} INFO - [2022-05-23 17:11:35,772] {dagbag.py:507} INFO - Filling up the DagBag from /Users/mohammadrezakhorasanchian/.pyenv/versions/3.10.4/lib/python3.10/site-packages/airflow/example_dags/example_latest_only.py
[2022-05-23 17:11:35,781] {processor.py:651} INFO - DAG(s) dict_keys(['latest_only']) retrieved from /Users/mohammadrezakhorasanchian/.pyenv/versions/3.10.4/lib/python3.10/site-packages/airflow/example_dags/example_latest_only.py
[2022-05-23 17:11:35,822] {logging_mixin.py:115} INFO - [2022-05-23 17:11:35,822] {dag.py:2371} INFO - Sync 1 DAGs
[2022-05-23 17:11:35,831] {logging_mixin.py:115} INFO - [2022-05-23 17:11:35,831] {dag.py:2915} INFO - Setting next_dagrun for latest_only to 2022-05-23T10:11:35.831355+00:00, run_after=2022-05-23T14:11:35.831355+00:00
[2022-05-23 17:11:35,839] {processor.py:161} INFO - Processing /Users/mohammadrezakhorasanchian/.pyenv/versions/3.10.4/lib/python3.10/site-packages/airflow/example_dags/example_latest_only.py took 0.067 seconds
[2022-05-23 17:12:34,618] {processor.py:153} INFO - Started process (PID=38546) to work on /Users/mohammadrezakhorasanchian/.pyenv/versions/3.10.4/lib/python3.10/site-packages/airflow/example_dags/example_latest_only.py
[2022-05-23 17:12:34,618] {processor.py:641} INFO - Processing file /Users/mohammadrezakhorasanchian/.pyenv/versions/3.10.4/lib/python3.10/site-packages/airflow/example_dags/example_latest_only.py for tasks to queue
[2022-05-23 17:12:34,618] {logging_mixin.py:115} INFO - [2022-05-23 17:12:34,618] {dagbag.py:507} INFO - Filling up the DagBag from /Users/mohammadrezakhorasanchian/.pyenv/versions/3.10.4/lib/python3.10/site-packages/airflow/example_dags/example_latest_only.py
[2022-05-23 17:12:34,627] {processor.py:651} INFO - DAG(s) dict_keys(['latest_only']) retrieved from /Users/mohammadrezakhorasanchian/.pyenv/versions/3.10.4/lib/python3.10/site-packages/airflow/example_dags/example_latest_only.py
[2022-05-23 17:12:34,669] {logging_mixin.py:115} INFO - [2022-05-23 17:12:34,669] {dag.py:2371} INFO - Sync 1 DAGs
[2022-05-23 17:12:34,678] {logging_mixin.py:115} INFO - [2022-05-23 17:12:34,678] {dag.py:2915} INFO - Setting next_dagrun for latest_only to 2022-05-23T10:12:34.678668+00:00, run_after=2022-05-23T14:12:34.678668+00:00
[2022-05-23 17:12:34,686] {processor.py:161} INFO - Processing /Users/mohammadrezakhorasanchian/.pyenv/versions/3.10.4/lib/python3.10/site-packages/airflow/example_dags/example_latest_only.py took 0.069 seconds
[2022-05-23 17:13:34,863] {processor.py:153} INFO - Started process (PID=38611) to work on /Users/mohammadrezakhorasanchian/.pyenv/versions/3.10.4/lib/python3.10/site-packages/airflow/example_dags/example_latest_only.py
[2022-05-23 17:13:34,863] {processor.py:641} INFO - Processing file /Users/mohammadrezakhorasanchian/.pyenv/versions/3.10.4/lib/python3.10/site-packages/airflow/example_dags/example_latest_only.py for tasks to queue
[2022-05-23 17:13:34,863] {logging_mixin.py:115} INFO - [2022-05-23 17:13:34,863] {dagbag.py:507} INFO - Filling up the DagBag from /Users/mohammadrezakhorasanchian/.pyenv/versions/3.10.4/lib/python3.10/site-packages/airflow/example_dags/example_latest_only.py
[2022-05-23 17:13:34,874] {processor.py:651} INFO - DAG(s) dict_keys(['latest_only']) retrieved from /Users/mohammadrezakhorasanchian/.pyenv/versions/3.10.4/lib/python3.10/site-packages/airflow/example_dags/example_latest_only.py
[2022-05-23 17:13:34,925] {logging_mixin.py:115} INFO - [2022-05-23 17:13:34,925] {dag.py:2371} INFO - Sync 1 DAGs
[2022-05-23 17:13:34,937] {logging_mixin.py:115} INFO - [2022-05-23 17:13:34,936] {dag.py:2915} INFO - Setting next_dagrun for latest_only to 2022-05-23T10:13:34.936856+00:00, run_after=2022-05-23T14:13:34.936856+00:00
[2022-05-23 17:13:34,945] {processor.py:161} INFO - Processing /Users/mohammadrezakhorasanchian/.pyenv/versions/3.10.4/lib/python3.10/site-packages/airflow/example_dags/example_latest_only.py took 0.083 seconds
[2022-05-23 17:14:36,274] {processor.py:153} INFO - Started process (PID=38730) to work on /Users/mohammadrezakhorasanchian/.pyenv/versions/3.10.4/lib/python3.10/site-packages/airflow/example_dags/example_latest_only.py
[2022-05-23 17:14:36,274] {processor.py:641} INFO - Processing file /Users/mohammadrezakhorasanchian/.pyenv/versions/3.10.4/lib/python3.10/site-packages/airflow/example_dags/example_latest_only.py for tasks to queue
[2022-05-23 17:14:36,274] {logging_mixin.py:115} INFO - [2022-05-23 17:14:36,274] {dagbag.py:507} INFO - Filling up the DagBag from /Users/mohammadrezakhorasanchian/.pyenv/versions/3.10.4/lib/python3.10/site-packages/airflow/example_dags/example_latest_only.py
[2022-05-23 17:14:36,283] {processor.py:651} INFO - DAG(s) dict_keys(['latest_only']) retrieved from /Users/mohammadrezakhorasanchian/.pyenv/versions/3.10.4/lib/python3.10/site-packages/airflow/example_dags/example_latest_only.py
[2022-05-23 17:14:36,324] {logging_mixin.py:115} INFO - [2022-05-23 17:14:36,323] {dag.py:2371} INFO - Sync 1 DAGs
[2022-05-23 17:14:36,333] {logging_mixin.py:115} INFO - [2022-05-23 17:14:36,333] {dag.py:2915} INFO - Setting next_dagrun for latest_only to 2022-05-23T10:14:36.333094+00:00, run_after=2022-05-23T14:14:36.333094+00:00
[2022-05-23 17:14:36,340] {processor.py:161} INFO - Processing /Users/mohammadrezakhorasanchian/.pyenv/versions/3.10.4/lib/python3.10/site-packages/airflow/example_dags/example_latest_only.py took 0.067 seconds
[2022-05-23 17:15:32,494] {processor.py:153} INFO - Started process (PID=38789) to work on /Users/mohammadrezakhorasanchian/.pyenv/versions/3.10.4/lib/python3.10/site-packages/airflow/example_dags/example_latest_only.py
[2022-05-23 17:15:32,494] {processor.py:641} INFO - Processing file /Users/mohammadrezakhorasanchian/.pyenv/versions/3.10.4/lib/python3.10/site-packages/airflow/example_dags/example_latest_only.py for tasks to queue
[2022-05-23 17:15:32,495] {logging_mixin.py:115} INFO - [2022-05-23 17:15:32,495] {dagbag.py:507} INFO - Filling up the DagBag from /Users/mohammadrezakhorasanchian/.pyenv/versions/3.10.4/lib/python3.10/site-packages/airflow/example_dags/example_latest_only.py
[2022-05-23 17:15:32,503] {processor.py:651} INFO - DAG(s) dict_keys(['latest_only']) retrieved from /Users/mohammadrezakhorasanchian/.pyenv/versions/3.10.4/lib/python3.10/site-packages/airflow/example_dags/example_latest_only.py
[2022-05-23 17:15:32,544] {logging_mixin.py:115} INFO - [2022-05-23 17:15:32,544] {dag.py:2371} INFO - Sync 1 DAGs
[2022-05-23 17:15:32,553] {logging_mixin.py:115} INFO - [2022-05-23 17:15:32,553] {dag.py:2915} INFO - Setting next_dagrun for latest_only to 2022-05-23T10:15:32.553414+00:00, run_after=2022-05-23T14:15:32.553414+00:00
[2022-05-23 17:15:32,561] {processor.py:161} INFO - Processing /Users/mohammadrezakhorasanchian/.pyenv/versions/3.10.4/lib/python3.10/site-packages/airflow/example_dags/example_latest_only.py took 0.067 seconds
[2022-05-23 17:16:32,403] {processor.py:153} INFO - Started process (PID=38848) to work on /Users/mohammadrezakhorasanchian/.pyenv/versions/3.10.4/lib/python3.10/site-packages/airflow/example_dags/example_latest_only.py
[2022-05-23 17:16:32,403] {processor.py:641} INFO - Processing file /Users/mohammadrezakhorasanchian/.pyenv/versions/3.10.4/lib/python3.10/site-packages/airflow/example_dags/example_latest_only.py for tasks to queue
[2022-05-23 17:16:32,403] {logging_mixin.py:115} INFO - [2022-05-23 17:16:32,403] {dagbag.py:507} INFO - Filling up the DagBag from /Users/mohammadrezakhorasanchian/.pyenv/versions/3.10.4/lib/python3.10/site-packages/airflow/example_dags/example_latest_only.py
[2022-05-23 17:16:32,412] {processor.py:651} INFO - DAG(s) dict_keys(['latest_only']) retrieved from /Users/mohammadrezakhorasanchian/.pyenv/versions/3.10.4/lib/python3.10/site-packages/airflow/example_dags/example_latest_only.py
[2022-05-23 17:16:32,453] {logging_mixin.py:115} INFO - [2022-05-23 17:16:32,453] {dag.py:2371} INFO - Sync 1 DAGs
[2022-05-23 17:16:32,463] {logging_mixin.py:115} INFO - [2022-05-23 17:16:32,462] {dag.py:2915} INFO - Setting next_dagrun for latest_only to 2022-05-23T10:16:32.462848+00:00, run_after=2022-05-23T14:16:32.462848+00:00
[2022-05-23 17:16:32,470] {processor.py:161} INFO - Processing /Users/mohammadrezakhorasanchian/.pyenv/versions/3.10.4/lib/python3.10/site-packages/airflow/example_dags/example_latest_only.py took 0.067 seconds
[2022-05-23 17:17:34,238] {processor.py:153} INFO - Started process (PID=38884) to work on /Users/mohammadrezakhorasanchian/.pyenv/versions/3.10.4/lib/python3.10/site-packages/airflow/example_dags/example_latest_only.py
[2022-05-23 17:17:34,238] {processor.py:641} INFO - Processing file /Users/mohammadrezakhorasanchian/.pyenv/versions/3.10.4/lib/python3.10/site-packages/airflow/example_dags/example_latest_only.py for tasks to queue
[2022-05-23 17:17:34,238] {logging_mixin.py:115} INFO - [2022-05-23 17:17:34,238] {dagbag.py:507} INFO - Filling up the DagBag from /Users/mohammadrezakhorasanchian/.pyenv/versions/3.10.4/lib/python3.10/site-packages/airflow/example_dags/example_latest_only.py
[2022-05-23 17:17:34,247] {processor.py:651} INFO - DAG(s) dict_keys(['latest_only']) retrieved from /Users/mohammadrezakhorasanchian/.pyenv/versions/3.10.4/lib/python3.10/site-packages/airflow/example_dags/example_latest_only.py
[2022-05-23 17:17:34,293] {logging_mixin.py:115} INFO - [2022-05-23 17:17:34,293] {dag.py:2371} INFO - Sync 1 DAGs
[2022-05-23 17:17:34,303] {logging_mixin.py:115} INFO - [2022-05-23 17:17:34,303] {dag.py:2915} INFO - Setting next_dagrun for latest_only to 2022-05-23T10:17:34.303677+00:00, run_after=2022-05-23T14:17:34.303677+00:00
[2022-05-23 17:17:34,312] {processor.py:161} INFO - Processing /Users/mohammadrezakhorasanchian/.pyenv/versions/3.10.4/lib/python3.10/site-packages/airflow/example_dags/example_latest_only.py took 0.075 seconds
[2022-05-23 17:18:35,886] {processor.py:153} INFO - Started process (PID=38970) to work on /Users/mohammadrezakhorasanchian/.pyenv/versions/3.10.4/lib/python3.10/site-packages/airflow/example_dags/example_latest_only.py
[2022-05-23 17:18:35,886] {processor.py:641} INFO - Processing file /Users/mohammadrezakhorasanchian/.pyenv/versions/3.10.4/lib/python3.10/site-packages/airflow/example_dags/example_latest_only.py for tasks to queue
[2022-05-23 17:18:35,886] {logging_mixin.py:115} INFO - [2022-05-23 17:18:35,886] {dagbag.py:507} INFO - Filling up the DagBag from /Users/mohammadrezakhorasanchian/.pyenv/versions/3.10.4/lib/python3.10/site-packages/airflow/example_dags/example_latest_only.py
[2022-05-23 17:18:35,896] {processor.py:651} INFO - DAG(s) dict_keys(['latest_only']) retrieved from /Users/mohammadrezakhorasanchian/.pyenv/versions/3.10.4/lib/python3.10/site-packages/airflow/example_dags/example_latest_only.py
[2022-05-23 17:18:35,940] {logging_mixin.py:115} INFO - [2022-05-23 17:18:35,940] {dag.py:2371} INFO - Sync 1 DAGs
[2022-05-23 17:18:35,949] {logging_mixin.py:115} INFO - [2022-05-23 17:18:35,949] {dag.py:2915} INFO - Setting next_dagrun for latest_only to 2022-05-23T10:18:35.949769+00:00, run_after=2022-05-23T14:18:35.949769+00:00
[2022-05-23 17:18:35,957] {processor.py:161} INFO - Processing /Users/mohammadrezakhorasanchian/.pyenv/versions/3.10.4/lib/python3.10/site-packages/airflow/example_dags/example_latest_only.py took 0.072 seconds
[2022-05-23 17:19:39,248] {processor.py:153} INFO - Started process (PID=39068) to work on /Users/mohammadrezakhorasanchian/.pyenv/versions/3.10.4/lib/python3.10/site-packages/airflow/example_dags/example_latest_only.py
[2022-05-23 17:19:39,248] {processor.py:641} INFO - Processing file /Users/mohammadrezakhorasanchian/.pyenv/versions/3.10.4/lib/python3.10/site-packages/airflow/example_dags/example_latest_only.py for tasks to queue
[2022-05-23 17:19:39,248] {logging_mixin.py:115} INFO - [2022-05-23 17:19:39,248] {dagbag.py:507} INFO - Filling up the DagBag from /Users/mohammadrezakhorasanchian/.pyenv/versions/3.10.4/lib/python3.10/site-packages/airflow/example_dags/example_latest_only.py
[2022-05-23 17:19:39,257] {processor.py:651} INFO - DAG(s) dict_keys(['latest_only']) retrieved from /Users/mohammadrezakhorasanchian/.pyenv/versions/3.10.4/lib/python3.10/site-packages/airflow/example_dags/example_latest_only.py
[2022-05-23 17:19:39,303] {logging_mixin.py:115} INFO - [2022-05-23 17:19:39,303] {dag.py:2371} INFO - Sync 1 DAGs
[2022-05-23 17:19:39,314] {logging_mixin.py:115} INFO - [2022-05-23 17:19:39,314] {dag.py:2915} INFO - Setting next_dagrun for latest_only to 2022-05-23T10:19:39.314708+00:00, run_after=2022-05-23T14:19:39.314708+00:00
[2022-05-23 17:19:39,323] {processor.py:161} INFO - Processing /Users/mohammadrezakhorasanchian/.pyenv/versions/3.10.4/lib/python3.10/site-packages/airflow/example_dags/example_latest_only.py took 0.076 seconds
[2022-05-23 17:20:43,003] {processor.py:153} INFO - Started process (PID=39179) to work on /Users/mohammadrezakhorasanchian/.pyenv/versions/3.10.4/lib/python3.10/site-packages/airflow/example_dags/example_latest_only.py
[2022-05-23 17:20:43,003] {processor.py:641} INFO - Processing file /Users/mohammadrezakhorasanchian/.pyenv/versions/3.10.4/lib/python3.10/site-packages/airflow/example_dags/example_latest_only.py for tasks to queue
[2022-05-23 17:20:43,004] {logging_mixin.py:115} INFO - [2022-05-23 17:20:43,004] {dagbag.py:507} INFO - Filling up the DagBag from /Users/mohammadrezakhorasanchian/.pyenv/versions/3.10.4/lib/python3.10/site-packages/airflow/example_dags/example_latest_only.py
[2022-05-23 17:20:43,014] {processor.py:651} INFO - DAG(s) dict_keys(['latest_only']) retrieved from /Users/mohammadrezakhorasanchian/.pyenv/versions/3.10.4/lib/python3.10/site-packages/airflow/example_dags/example_latest_only.py
[2022-05-23 17:20:43,060] {logging_mixin.py:115} INFO - [2022-05-23 17:20:43,060] {dag.py:2371} INFO - Sync 1 DAGs
[2022-05-23 17:20:43,070] {logging_mixin.py:115} INFO - [2022-05-23 17:20:43,070] {dag.py:2915} INFO - Setting next_dagrun for latest_only to 2022-05-23T10:20:43.070188+00:00, run_after=2022-05-23T14:20:43.070188+00:00
[2022-05-23 17:20:43,078] {processor.py:161} INFO - Processing /Users/mohammadrezakhorasanchian/.pyenv/versions/3.10.4/lib/python3.10/site-packages/airflow/example_dags/example_latest_only.py took 0.075 seconds
[2022-05-23 17:21:41,966] {processor.py:153} INFO - Started process (PID=39247) to work on /Users/mohammadrezakhorasanchian/.pyenv/versions/3.10.4/lib/python3.10/site-packages/airflow/example_dags/example_latest_only.py
[2022-05-23 17:21:41,966] {processor.py:641} INFO - Processing file /Users/mohammadrezakhorasanchian/.pyenv/versions/3.10.4/lib/python3.10/site-packages/airflow/example_dags/example_latest_only.py for tasks to queue
[2022-05-23 17:21:41,966] {logging_mixin.py:115} INFO - [2022-05-23 17:21:41,966] {dagbag.py:507} INFO - Filling up the DagBag from /Users/mohammadrezakhorasanchian/.pyenv/versions/3.10.4/lib/python3.10/site-packages/airflow/example_dags/example_latest_only.py
[2022-05-23 17:21:41,975] {processor.py:651} INFO - DAG(s) dict_keys(['latest_only']) retrieved from /Users/mohammadrezakhorasanchian/.pyenv/versions/3.10.4/lib/python3.10/site-packages/airflow/example_dags/example_latest_only.py
[2022-05-23 17:21:42,017] {logging_mixin.py:115} INFO - [2022-05-23 17:21:42,017] {dag.py:2371} INFO - Sync 1 DAGs
[2022-05-23 17:21:42,026] {logging_mixin.py:115} INFO - [2022-05-23 17:21:42,026] {dag.py:2915} INFO - Setting next_dagrun for latest_only to 2022-05-23T10:21:42.026466+00:00, run_after=2022-05-23T14:21:42.026466+00:00
[2022-05-23 17:21:42,035] {processor.py:161} INFO - Processing /Users/mohammadrezakhorasanchian/.pyenv/versions/3.10.4/lib/python3.10/site-packages/airflow/example_dags/example_latest_only.py took 0.070 seconds
[2022-05-23 17:22:54,320] {processor.py:153} INFO - Started process (PID=39302) to work on /Users/mohammadrezakhorasanchian/.pyenv/versions/3.10.4/lib/python3.10/site-packages/airflow/example_dags/example_latest_only.py
[2022-05-23 17:22:54,320] {processor.py:641} INFO - Processing file /Users/mohammadrezakhorasanchian/.pyenv/versions/3.10.4/lib/python3.10/site-packages/airflow/example_dags/example_latest_only.py for tasks to queue
[2022-05-23 17:22:54,321] {logging_mixin.py:115} INFO - [2022-05-23 17:22:54,321] {dagbag.py:507} INFO - Filling up the DagBag from /Users/mohammadrezakhorasanchian/.pyenv/versions/3.10.4/lib/python3.10/site-packages/airflow/example_dags/example_latest_only.py
[2022-05-23 17:22:54,329] {processor.py:651} INFO - DAG(s) dict_keys(['latest_only']) retrieved from /Users/mohammadrezakhorasanchian/.pyenv/versions/3.10.4/lib/python3.10/site-packages/airflow/example_dags/example_latest_only.py
[2022-05-23 17:22:54,370] {logging_mixin.py:115} INFO - [2022-05-23 17:22:54,370] {dag.py:2371} INFO - Sync 1 DAGs
[2022-05-23 17:22:54,379] {logging_mixin.py:115} INFO - [2022-05-23 17:22:54,379] {dag.py:2915} INFO - Setting next_dagrun for latest_only to 2022-05-23T10:22:54.379140+00:00, run_after=2022-05-23T14:22:54.379140+00:00
[2022-05-23 17:22:54,386] {processor.py:161} INFO - Processing /Users/mohammadrezakhorasanchian/.pyenv/versions/3.10.4/lib/python3.10/site-packages/airflow/example_dags/example_latest_only.py took 0.066 seconds
[2022-05-23 17:23:59,235] {processor.py:153} INFO - Started process (PID=39402) to work on /Users/mohammadrezakhorasanchian/.pyenv/versions/3.10.4/lib/python3.10/site-packages/airflow/example_dags/example_latest_only.py
[2022-05-23 17:23:59,236] {processor.py:641} INFO - Processing file /Users/mohammadrezakhorasanchian/.pyenv/versions/3.10.4/lib/python3.10/site-packages/airflow/example_dags/example_latest_only.py for tasks to queue
[2022-05-23 17:23:59,236] {logging_mixin.py:115} INFO - [2022-05-23 17:23:59,236] {dagbag.py:507} INFO - Filling up the DagBag from /Users/mohammadrezakhorasanchian/.pyenv/versions/3.10.4/lib/python3.10/site-packages/airflow/example_dags/example_latest_only.py
[2022-05-23 17:23:59,246] {processor.py:651} INFO - DAG(s) dict_keys(['latest_only']) retrieved from /Users/mohammadrezakhorasanchian/.pyenv/versions/3.10.4/lib/python3.10/site-packages/airflow/example_dags/example_latest_only.py
[2022-05-23 17:23:59,291] {logging_mixin.py:115} INFO - [2022-05-23 17:23:59,290] {dag.py:2371} INFO - Sync 1 DAGs
[2022-05-23 17:23:59,304] {logging_mixin.py:115} INFO - [2022-05-23 17:23:59,304] {dag.py:2915} INFO - Setting next_dagrun for latest_only to 2022-05-23T10:23:59.303969+00:00, run_after=2022-05-23T14:23:59.303969+00:00
[2022-05-23 17:23:59,314] {processor.py:161} INFO - Processing /Users/mohammadrezakhorasanchian/.pyenv/versions/3.10.4/lib/python3.10/site-packages/airflow/example_dags/example_latest_only.py took 0.080 seconds
[2022-05-23 17:34:14,389] {processor.py:153} INFO - Started process (PID=39755) to work on /Users/mohammadrezakhorasanchian/.pyenv/versions/3.10.4/lib/python3.10/site-packages/airflow/example_dags/example_latest_only.py
[2022-05-23 17:34:14,390] {processor.py:641} INFO - Processing file /Users/mohammadrezakhorasanchian/.pyenv/versions/3.10.4/lib/python3.10/site-packages/airflow/example_dags/example_latest_only.py for tasks to queue
[2022-05-23 17:34:14,391] {logging_mixin.py:115} INFO - [2022-05-23 17:34:14,390] {dagbag.py:507} INFO - Filling up the DagBag from /Users/mohammadrezakhorasanchian/.pyenv/versions/3.10.4/lib/python3.10/site-packages/airflow/example_dags/example_latest_only.py
[2022-05-23 17:34:14,399] {processor.py:651} INFO - DAG(s) dict_keys(['latest_only']) retrieved from /Users/mohammadrezakhorasanchian/.pyenv/versions/3.10.4/lib/python3.10/site-packages/airflow/example_dags/example_latest_only.py
[2022-05-23 17:34:14,441] {logging_mixin.py:115} INFO - [2022-05-23 17:34:14,441] {dag.py:2371} INFO - Sync 1 DAGs
[2022-05-23 17:34:14,450] {logging_mixin.py:115} INFO - [2022-05-23 17:34:14,450] {dag.py:2915} INFO - Setting next_dagrun for latest_only to 2022-05-23T10:34:14.450841+00:00, run_after=2022-05-23T14:34:14.450841+00:00
[2022-05-23 17:34:14,458] {processor.py:161} INFO - Processing /Users/mohammadrezakhorasanchian/.pyenv/versions/3.10.4/lib/python3.10/site-packages/airflow/example_dags/example_latest_only.py took 0.069 seconds
[2022-05-23 17:35:14,327] {processor.py:153} INFO - Started process (PID=39793) to work on /Users/mohammadrezakhorasanchian/.pyenv/versions/3.10.4/lib/python3.10/site-packages/airflow/example_dags/example_latest_only.py
[2022-05-23 17:35:14,327] {processor.py:641} INFO - Processing file /Users/mohammadrezakhorasanchian/.pyenv/versions/3.10.4/lib/python3.10/site-packages/airflow/example_dags/example_latest_only.py for tasks to queue
[2022-05-23 17:35:14,327] {logging_mixin.py:115} INFO - [2022-05-23 17:35:14,327] {dagbag.py:507} INFO - Filling up the DagBag from /Users/mohammadrezakhorasanchian/.pyenv/versions/3.10.4/lib/python3.10/site-packages/airflow/example_dags/example_latest_only.py
[2022-05-23 17:35:14,341] {processor.py:651} INFO - DAG(s) dict_keys(['latest_only']) retrieved from /Users/mohammadrezakhorasanchian/.pyenv/versions/3.10.4/lib/python3.10/site-packages/airflow/example_dags/example_latest_only.py
[2022-05-23 17:35:14,422] {logging_mixin.py:115} INFO - [2022-05-23 17:35:14,421] {dag.py:2371} INFO - Sync 1 DAGs
[2022-05-23 17:35:14,437] {logging_mixin.py:115} INFO - [2022-05-23 17:35:14,437] {dag.py:2915} INFO - Setting next_dagrun for latest_only to 2022-05-23T10:35:14.436918+00:00, run_after=2022-05-23T14:35:14.436918+00:00
[2022-05-23 17:35:14,449] {processor.py:161} INFO - Processing /Users/mohammadrezakhorasanchian/.pyenv/versions/3.10.4/lib/python3.10/site-packages/airflow/example_dags/example_latest_only.py took 0.123 seconds
[2022-05-23 17:36:18,199] {processor.py:153} INFO - Started process (PID=39841) to work on /Users/mohammadrezakhorasanchian/.pyenv/versions/3.10.4/lib/python3.10/site-packages/airflow/example_dags/example_latest_only.py
[2022-05-23 17:36:18,199] {processor.py:641} INFO - Processing file /Users/mohammadrezakhorasanchian/.pyenv/versions/3.10.4/lib/python3.10/site-packages/airflow/example_dags/example_latest_only.py for tasks to queue
[2022-05-23 17:36:18,199] {logging_mixin.py:115} INFO - [2022-05-23 17:36:18,199] {dagbag.py:507} INFO - Filling up the DagBag from /Users/mohammadrezakhorasanchian/.pyenv/versions/3.10.4/lib/python3.10/site-packages/airflow/example_dags/example_latest_only.py
[2022-05-23 17:36:18,208] {processor.py:651} INFO - DAG(s) dict_keys(['latest_only']) retrieved from /Users/mohammadrezakhorasanchian/.pyenv/versions/3.10.4/lib/python3.10/site-packages/airflow/example_dags/example_latest_only.py
[2022-05-23 17:36:18,249] {logging_mixin.py:115} INFO - [2022-05-23 17:36:18,249] {dag.py:2371} INFO - Sync 1 DAGs
[2022-05-23 17:36:18,258] {logging_mixin.py:115} INFO - [2022-05-23 17:36:18,258] {dag.py:2915} INFO - Setting next_dagrun for latest_only to 2022-05-23T10:36:18.258584+00:00, run_after=2022-05-23T14:36:18.258584+00:00
[2022-05-23 17:36:18,266] {processor.py:161} INFO - Processing /Users/mohammadrezakhorasanchian/.pyenv/versions/3.10.4/lib/python3.10/site-packages/airflow/example_dags/example_latest_only.py took 0.067 seconds
[2022-05-23 17:37:16,483] {processor.py:153} INFO - Started process (PID=39880) to work on /Users/mohammadrezakhorasanchian/.pyenv/versions/3.10.4/lib/python3.10/site-packages/airflow/example_dags/example_latest_only.py
[2022-05-23 17:37:16,483] {processor.py:641} INFO - Processing file /Users/mohammadrezakhorasanchian/.pyenv/versions/3.10.4/lib/python3.10/site-packages/airflow/example_dags/example_latest_only.py for tasks to queue
[2022-05-23 17:37:16,483] {logging_mixin.py:115} INFO - [2022-05-23 17:37:16,483] {dagbag.py:507} INFO - Filling up the DagBag from /Users/mohammadrezakhorasanchian/.pyenv/versions/3.10.4/lib/python3.10/site-packages/airflow/example_dags/example_latest_only.py
[2022-05-23 17:37:16,491] {processor.py:651} INFO - DAG(s) dict_keys(['latest_only']) retrieved from /Users/mohammadrezakhorasanchian/.pyenv/versions/3.10.4/lib/python3.10/site-packages/airflow/example_dags/example_latest_only.py
[2022-05-23 17:37:16,532] {logging_mixin.py:115} INFO - [2022-05-23 17:37:16,532] {dag.py:2371} INFO - Sync 1 DAGs
[2022-05-23 17:37:16,542] {logging_mixin.py:115} INFO - [2022-05-23 17:37:16,542] {dag.py:2915} INFO - Setting next_dagrun for latest_only to 2022-05-23T10:37:16.542486+00:00, run_after=2022-05-23T14:37:16.542486+00:00
[2022-05-23 17:37:16,550] {processor.py:161} INFO - Processing /Users/mohammadrezakhorasanchian/.pyenv/versions/3.10.4/lib/python3.10/site-packages/airflow/example_dags/example_latest_only.py took 0.067 seconds
[2022-05-23 17:38:14,073] {processor.py:153} INFO - Started process (PID=39922) to work on /Users/mohammadrezakhorasanchian/.pyenv/versions/3.10.4/lib/python3.10/site-packages/airflow/example_dags/example_latest_only.py
[2022-05-23 17:38:14,073] {processor.py:641} INFO - Processing file /Users/mohammadrezakhorasanchian/.pyenv/versions/3.10.4/lib/python3.10/site-packages/airflow/example_dags/example_latest_only.py for tasks to queue
[2022-05-23 17:38:14,073] {logging_mixin.py:115} INFO - [2022-05-23 17:38:14,073] {dagbag.py:507} INFO - Filling up the DagBag from /Users/mohammadrezakhorasanchian/.pyenv/versions/3.10.4/lib/python3.10/site-packages/airflow/example_dags/example_latest_only.py
[2022-05-23 17:38:14,082] {processor.py:651} INFO - DAG(s) dict_keys(['latest_only']) retrieved from /Users/mohammadrezakhorasanchian/.pyenv/versions/3.10.4/lib/python3.10/site-packages/airflow/example_dags/example_latest_only.py
[2022-05-23 17:38:14,124] {logging_mixin.py:115} INFO - [2022-05-23 17:38:14,124] {dag.py:2371} INFO - Sync 1 DAGs
[2022-05-23 17:38:14,133] {logging_mixin.py:115} INFO - [2022-05-23 17:38:14,133] {dag.py:2915} INFO - Setting next_dagrun for latest_only to 2022-05-23T10:38:14.133595+00:00, run_after=2022-05-23T14:38:14.133595+00:00
[2022-05-23 17:38:14,141] {processor.py:161} INFO - Processing /Users/mohammadrezakhorasanchian/.pyenv/versions/3.10.4/lib/python3.10/site-packages/airflow/example_dags/example_latest_only.py took 0.068 seconds
[2022-05-23 17:39:11,854] {processor.py:153} INFO - Started process (PID=39956) to work on /Users/mohammadrezakhorasanchian/.pyenv/versions/3.10.4/lib/python3.10/site-packages/airflow/example_dags/example_latest_only.py
[2022-05-23 17:39:11,854] {processor.py:641} INFO - Processing file /Users/mohammadrezakhorasanchian/.pyenv/versions/3.10.4/lib/python3.10/site-packages/airflow/example_dags/example_latest_only.py for tasks to queue
[2022-05-23 17:39:11,854] {logging_mixin.py:115} INFO - [2022-05-23 17:39:11,854] {dagbag.py:507} INFO - Filling up the DagBag from /Users/mohammadrezakhorasanchian/.pyenv/versions/3.10.4/lib/python3.10/site-packages/airflow/example_dags/example_latest_only.py
[2022-05-23 17:39:11,863] {processor.py:651} INFO - DAG(s) dict_keys(['latest_only']) retrieved from /Users/mohammadrezakhorasanchian/.pyenv/versions/3.10.4/lib/python3.10/site-packages/airflow/example_dags/example_latest_only.py
[2022-05-23 17:39:11,905] {logging_mixin.py:115} INFO - [2022-05-23 17:39:11,904] {dag.py:2371} INFO - Sync 1 DAGs
[2022-05-23 17:39:11,914] {logging_mixin.py:115} INFO - [2022-05-23 17:39:11,914] {dag.py:2915} INFO - Setting next_dagrun for latest_only to 2022-05-23T10:39:11.914036+00:00, run_after=2022-05-23T14:39:11.914036+00:00
[2022-05-23 17:39:11,920] {processor.py:161} INFO - Processing /Users/mohammadrezakhorasanchian/.pyenv/versions/3.10.4/lib/python3.10/site-packages/airflow/example_dags/example_latest_only.py took 0.067 seconds
[2022-05-23 17:40:09,478] {processor.py:153} INFO - Started process (PID=39993) to work on /Users/mohammadrezakhorasanchian/.pyenv/versions/3.10.4/lib/python3.10/site-packages/airflow/example_dags/example_latest_only.py
[2022-05-23 17:40:09,478] {processor.py:641} INFO - Processing file /Users/mohammadrezakhorasanchian/.pyenv/versions/3.10.4/lib/python3.10/site-packages/airflow/example_dags/example_latest_only.py for tasks to queue
[2022-05-23 17:40:09,478] {logging_mixin.py:115} INFO - [2022-05-23 17:40:09,478] {dagbag.py:507} INFO - Filling up the DagBag from /Users/mohammadrezakhorasanchian/.pyenv/versions/3.10.4/lib/python3.10/site-packages/airflow/example_dags/example_latest_only.py
[2022-05-23 17:40:09,487] {processor.py:651} INFO - DAG(s) dict_keys(['latest_only']) retrieved from /Users/mohammadrezakhorasanchian/.pyenv/versions/3.10.4/lib/python3.10/site-packages/airflow/example_dags/example_latest_only.py
[2022-05-23 17:40:09,527] {logging_mixin.py:115} INFO - [2022-05-23 17:40:09,527] {dag.py:2371} INFO - Sync 1 DAGs
[2022-05-23 17:40:09,537] {logging_mixin.py:115} INFO - [2022-05-23 17:40:09,536] {dag.py:2915} INFO - Setting next_dagrun for latest_only to 2022-05-23T10:40:09.536858+00:00, run_after=2022-05-23T14:40:09.536858+00:00
[2022-05-23 17:40:09,545] {processor.py:161} INFO - Processing /Users/mohammadrezakhorasanchian/.pyenv/versions/3.10.4/lib/python3.10/site-packages/airflow/example_dags/example_latest_only.py took 0.067 seconds
[2022-05-23 17:41:08,883] {processor.py:153} INFO - Started process (PID=40030) to work on /Users/mohammadrezakhorasanchian/.pyenv/versions/3.10.4/lib/python3.10/site-packages/airflow/example_dags/example_latest_only.py
[2022-05-23 17:41:08,883] {processor.py:641} INFO - Processing file /Users/mohammadrezakhorasanchian/.pyenv/versions/3.10.4/lib/python3.10/site-packages/airflow/example_dags/example_latest_only.py for tasks to queue
[2022-05-23 17:41:08,883] {logging_mixin.py:115} INFO - [2022-05-23 17:41:08,883] {dagbag.py:507} INFO - Filling up the DagBag from /Users/mohammadrezakhorasanchian/.pyenv/versions/3.10.4/lib/python3.10/site-packages/airflow/example_dags/example_latest_only.py
[2022-05-23 17:41:08,891] {processor.py:651} INFO - DAG(s) dict_keys(['latest_only']) retrieved from /Users/mohammadrezakhorasanchian/.pyenv/versions/3.10.4/lib/python3.10/site-packages/airflow/example_dags/example_latest_only.py
[2022-05-23 17:41:08,933] {logging_mixin.py:115} INFO - [2022-05-23 17:41:08,933] {dag.py:2371} INFO - Sync 1 DAGs
[2022-05-23 17:41:08,943] {logging_mixin.py:115} INFO - [2022-05-23 17:41:08,943] {dag.py:2915} INFO - Setting next_dagrun for latest_only to 2022-05-23T10:41:08.943009+00:00, run_after=2022-05-23T14:41:08.943009+00:00
[2022-05-23 17:41:08,953] {processor.py:161} INFO - Processing /Users/mohammadrezakhorasanchian/.pyenv/versions/3.10.4/lib/python3.10/site-packages/airflow/example_dags/example_latest_only.py took 0.071 seconds
[2022-05-23 17:42:06,351] {processor.py:153} INFO - Started process (PID=40066) to work on /Users/mohammadrezakhorasanchian/.pyenv/versions/3.10.4/lib/python3.10/site-packages/airflow/example_dags/example_latest_only.py
[2022-05-23 17:42:06,351] {processor.py:641} INFO - Processing file /Users/mohammadrezakhorasanchian/.pyenv/versions/3.10.4/lib/python3.10/site-packages/airflow/example_dags/example_latest_only.py for tasks to queue
[2022-05-23 17:42:06,351] {logging_mixin.py:115} INFO - [2022-05-23 17:42:06,351] {dagbag.py:507} INFO - Filling up the DagBag from /Users/mohammadrezakhorasanchian/.pyenv/versions/3.10.4/lib/python3.10/site-packages/airflow/example_dags/example_latest_only.py
[2022-05-23 17:42:06,360] {processor.py:651} INFO - DAG(s) dict_keys(['latest_only']) retrieved from /Users/mohammadrezakhorasanchian/.pyenv/versions/3.10.4/lib/python3.10/site-packages/airflow/example_dags/example_latest_only.py
[2022-05-23 17:42:06,402] {logging_mixin.py:115} INFO - [2022-05-23 17:42:06,402] {dag.py:2371} INFO - Sync 1 DAGs
[2022-05-23 17:42:06,411] {logging_mixin.py:115} INFO - [2022-05-23 17:42:06,411] {dag.py:2915} INFO - Setting next_dagrun for latest_only to 2022-05-23T10:42:06.411262+00:00, run_after=2022-05-23T14:42:06.411262+00:00
[2022-05-23 17:42:06,419] {processor.py:161} INFO - Processing /Users/mohammadrezakhorasanchian/.pyenv/versions/3.10.4/lib/python3.10/site-packages/airflow/example_dags/example_latest_only.py took 0.068 seconds
[2022-05-23 17:43:05,779] {processor.py:153} INFO - Started process (PID=40104) to work on /Users/mohammadrezakhorasanchian/.pyenv/versions/3.10.4/lib/python3.10/site-packages/airflow/example_dags/example_latest_only.py
[2022-05-23 17:43:05,779] {processor.py:641} INFO - Processing file /Users/mohammadrezakhorasanchian/.pyenv/versions/3.10.4/lib/python3.10/site-packages/airflow/example_dags/example_latest_only.py for tasks to queue
[2022-05-23 17:43:05,779] {logging_mixin.py:115} INFO - [2022-05-23 17:43:05,779] {dagbag.py:507} INFO - Filling up the DagBag from /Users/mohammadrezakhorasanchian/.pyenv/versions/3.10.4/lib/python3.10/site-packages/airflow/example_dags/example_latest_only.py
[2022-05-23 17:43:05,788] {processor.py:651} INFO - DAG(s) dict_keys(['latest_only']) retrieved from /Users/mohammadrezakhorasanchian/.pyenv/versions/3.10.4/lib/python3.10/site-packages/airflow/example_dags/example_latest_only.py
[2022-05-23 17:43:05,830] {logging_mixin.py:115} INFO - [2022-05-23 17:43:05,830] {dag.py:2371} INFO - Sync 1 DAGs
[2022-05-23 17:43:05,839] {logging_mixin.py:115} INFO - [2022-05-23 17:43:05,839] {dag.py:2915} INFO - Setting next_dagrun for latest_only to 2022-05-23T10:43:05.839610+00:00, run_after=2022-05-23T14:43:05.839610+00:00
[2022-05-23 17:43:05,847] {processor.py:161} INFO - Processing /Users/mohammadrezakhorasanchian/.pyenv/versions/3.10.4/lib/python3.10/site-packages/airflow/example_dags/example_latest_only.py took 0.069 seconds
[2022-05-23 17:44:03,664] {processor.py:153} INFO - Started process (PID=40144) to work on /Users/mohammadrezakhorasanchian/.pyenv/versions/3.10.4/lib/python3.10/site-packages/airflow/example_dags/example_latest_only.py
[2022-05-23 17:44:03,664] {processor.py:641} INFO - Processing file /Users/mohammadrezakhorasanchian/.pyenv/versions/3.10.4/lib/python3.10/site-packages/airflow/example_dags/example_latest_only.py for tasks to queue
[2022-05-23 17:44:03,665] {logging_mixin.py:115} INFO - [2022-05-23 17:44:03,665] {dagbag.py:507} INFO - Filling up the DagBag from /Users/mohammadrezakhorasanchian/.pyenv/versions/3.10.4/lib/python3.10/site-packages/airflow/example_dags/example_latest_only.py
[2022-05-23 17:44:03,673] {processor.py:651} INFO - DAG(s) dict_keys(['latest_only']) retrieved from /Users/mohammadrezakhorasanchian/.pyenv/versions/3.10.4/lib/python3.10/site-packages/airflow/example_dags/example_latest_only.py
[2022-05-23 17:44:03,714] {logging_mixin.py:115} INFO - [2022-05-23 17:44:03,714] {dag.py:2371} INFO - Sync 1 DAGs
[2022-05-23 17:44:03,724] {logging_mixin.py:115} INFO - [2022-05-23 17:44:03,724] {dag.py:2915} INFO - Setting next_dagrun for latest_only to 2022-05-23T10:44:03.724032+00:00, run_after=2022-05-23T14:44:03.724032+00:00
[2022-05-23 17:44:03,732] {processor.py:161} INFO - Processing /Users/mohammadrezakhorasanchian/.pyenv/versions/3.10.4/lib/python3.10/site-packages/airflow/example_dags/example_latest_only.py took 0.068 seconds
[2022-05-23 17:45:02,951] {processor.py:153} INFO - Started process (PID=40182) to work on /Users/mohammadrezakhorasanchian/.pyenv/versions/3.10.4/lib/python3.10/site-packages/airflow/example_dags/example_latest_only.py
[2022-05-23 17:45:02,951] {processor.py:641} INFO - Processing file /Users/mohammadrezakhorasanchian/.pyenv/versions/3.10.4/lib/python3.10/site-packages/airflow/example_dags/example_latest_only.py for tasks to queue
[2022-05-23 17:45:02,951] {logging_mixin.py:115} INFO - [2022-05-23 17:45:02,951] {dagbag.py:507} INFO - Filling up the DagBag from /Users/mohammadrezakhorasanchian/.pyenv/versions/3.10.4/lib/python3.10/site-packages/airflow/example_dags/example_latest_only.py
[2022-05-23 17:45:02,961] {processor.py:651} INFO - DAG(s) dict_keys(['latest_only']) retrieved from /Users/mohammadrezakhorasanchian/.pyenv/versions/3.10.4/lib/python3.10/site-packages/airflow/example_dags/example_latest_only.py
[2022-05-23 17:45:03,011] {logging_mixin.py:115} INFO - [2022-05-23 17:45:03,011] {dag.py:2371} INFO - Sync 1 DAGs
[2022-05-23 17:45:03,021] {logging_mixin.py:115} INFO - [2022-05-23 17:45:03,021] {dag.py:2915} INFO - Setting next_dagrun for latest_only to 2022-05-23T10:45:03.020983+00:00, run_after=2022-05-23T14:45:03.020983+00:00
[2022-05-23 17:45:03,028] {processor.py:161} INFO - Processing /Users/mohammadrezakhorasanchian/.pyenv/versions/3.10.4/lib/python3.10/site-packages/airflow/example_dags/example_latest_only.py took 0.078 seconds
[2022-05-23 17:46:01,817] {processor.py:153} INFO - Started process (PID=40220) to work on /Users/mohammadrezakhorasanchian/.pyenv/versions/3.10.4/lib/python3.10/site-packages/airflow/example_dags/example_latest_only.py
[2022-05-23 17:46:01,817] {processor.py:641} INFO - Processing file /Users/mohammadrezakhorasanchian/.pyenv/versions/3.10.4/lib/python3.10/site-packages/airflow/example_dags/example_latest_only.py for tasks to queue
[2022-05-23 17:46:01,817] {logging_mixin.py:115} INFO - [2022-05-23 17:46:01,817] {dagbag.py:507} INFO - Filling up the DagBag from /Users/mohammadrezakhorasanchian/.pyenv/versions/3.10.4/lib/python3.10/site-packages/airflow/example_dags/example_latest_only.py
[2022-05-23 17:46:01,827] {processor.py:651} INFO - DAG(s) dict_keys(['latest_only']) retrieved from /Users/mohammadrezakhorasanchian/.pyenv/versions/3.10.4/lib/python3.10/site-packages/airflow/example_dags/example_latest_only.py
[2022-05-23 17:46:01,872] {logging_mixin.py:115} INFO - [2022-05-23 17:46:01,871] {dag.py:2371} INFO - Sync 1 DAGs
[2022-05-23 17:46:01,882] {logging_mixin.py:115} INFO - [2022-05-23 17:46:01,882] {dag.py:2915} INFO - Setting next_dagrun for latest_only to 2022-05-23T10:46:01.882515+00:00, run_after=2022-05-23T14:46:01.882515+00:00
[2022-05-23 17:46:01,890] {processor.py:161} INFO - Processing /Users/mohammadrezakhorasanchian/.pyenv/versions/3.10.4/lib/python3.10/site-packages/airflow/example_dags/example_latest_only.py took 0.074 seconds
[2022-05-23 17:47:00,981] {processor.py:153} INFO - Started process (PID=40265) to work on /Users/mohammadrezakhorasanchian/.pyenv/versions/3.10.4/lib/python3.10/site-packages/airflow/example_dags/example_latest_only.py
[2022-05-23 17:47:00,981] {processor.py:641} INFO - Processing file /Users/mohammadrezakhorasanchian/.pyenv/versions/3.10.4/lib/python3.10/site-packages/airflow/example_dags/example_latest_only.py for tasks to queue
[2022-05-23 17:47:00,981] {logging_mixin.py:115} INFO - [2022-05-23 17:47:00,981] {dagbag.py:507} INFO - Filling up the DagBag from /Users/mohammadrezakhorasanchian/.pyenv/versions/3.10.4/lib/python3.10/site-packages/airflow/example_dags/example_latest_only.py
[2022-05-23 17:47:00,989] {processor.py:651} INFO - DAG(s) dict_keys(['latest_only']) retrieved from /Users/mohammadrezakhorasanchian/.pyenv/versions/3.10.4/lib/python3.10/site-packages/airflow/example_dags/example_latest_only.py
[2022-05-23 17:47:01,030] {logging_mixin.py:115} INFO - [2022-05-23 17:47:01,030] {dag.py:2371} INFO - Sync 1 DAGs
[2022-05-23 17:47:01,040] {logging_mixin.py:115} INFO - [2022-05-23 17:47:01,040] {dag.py:2915} INFO - Setting next_dagrun for latest_only to 2022-05-23T10:47:01.040012+00:00, run_after=2022-05-23T14:47:01.040012+00:00
[2022-05-23 17:47:01,046] {processor.py:161} INFO - Processing /Users/mohammadrezakhorasanchian/.pyenv/versions/3.10.4/lib/python3.10/site-packages/airflow/example_dags/example_latest_only.py took 0.066 seconds
[2022-05-23 17:47:59,615] {processor.py:153} INFO - Started process (PID=40305) to work on /Users/mohammadrezakhorasanchian/.pyenv/versions/3.10.4/lib/python3.10/site-packages/airflow/example_dags/example_latest_only.py
[2022-05-23 17:47:59,616] {processor.py:641} INFO - Processing file /Users/mohammadrezakhorasanchian/.pyenv/versions/3.10.4/lib/python3.10/site-packages/airflow/example_dags/example_latest_only.py for tasks to queue
[2022-05-23 17:47:59,616] {logging_mixin.py:115} INFO - [2022-05-23 17:47:59,616] {dagbag.py:507} INFO - Filling up the DagBag from /Users/mohammadrezakhorasanchian/.pyenv/versions/3.10.4/lib/python3.10/site-packages/airflow/example_dags/example_latest_only.py
[2022-05-23 17:47:59,624] {processor.py:651} INFO - DAG(s) dict_keys(['latest_only']) retrieved from /Users/mohammadrezakhorasanchian/.pyenv/versions/3.10.4/lib/python3.10/site-packages/airflow/example_dags/example_latest_only.py
[2022-05-23 17:47:59,665] {logging_mixin.py:115} INFO - [2022-05-23 17:47:59,665] {dag.py:2371} INFO - Sync 1 DAGs
[2022-05-23 17:47:59,674] {logging_mixin.py:115} INFO - [2022-05-23 17:47:59,674] {dag.py:2915} INFO - Setting next_dagrun for latest_only to 2022-05-23T10:47:59.674450+00:00, run_after=2022-05-23T14:47:59.674450+00:00
[2022-05-23 17:47:59,682] {processor.py:161} INFO - Processing /Users/mohammadrezakhorasanchian/.pyenv/versions/3.10.4/lib/python3.10/site-packages/airflow/example_dags/example_latest_only.py took 0.067 seconds
[2022-05-23 17:48:56,212] {processor.py:153} INFO - Started process (PID=40345) to work on /Users/mohammadrezakhorasanchian/.pyenv/versions/3.10.4/lib/python3.10/site-packages/airflow/example_dags/example_latest_only.py
[2022-05-23 17:48:56,212] {processor.py:641} INFO - Processing file /Users/mohammadrezakhorasanchian/.pyenv/versions/3.10.4/lib/python3.10/site-packages/airflow/example_dags/example_latest_only.py for tasks to queue
[2022-05-23 17:48:56,212] {logging_mixin.py:115} INFO - [2022-05-23 17:48:56,212] {dagbag.py:507} INFO - Filling up the DagBag from /Users/mohammadrezakhorasanchian/.pyenv/versions/3.10.4/lib/python3.10/site-packages/airflow/example_dags/example_latest_only.py
[2022-05-23 17:48:56,223] {processor.py:651} INFO - DAG(s) dict_keys(['latest_only']) retrieved from /Users/mohammadrezakhorasanchian/.pyenv/versions/3.10.4/lib/python3.10/site-packages/airflow/example_dags/example_latest_only.py
[2022-05-23 17:48:56,274] {logging_mixin.py:115} INFO - [2022-05-23 17:48:56,274] {dag.py:2371} INFO - Sync 1 DAGs
[2022-05-23 17:48:56,285] {logging_mixin.py:115} INFO - [2022-05-23 17:48:56,285] {dag.py:2915} INFO - Setting next_dagrun for latest_only to 2022-05-23T10:48:56.285252+00:00, run_after=2022-05-23T14:48:56.285252+00:00
[2022-05-23 17:48:56,292] {processor.py:161} INFO - Processing /Users/mohammadrezakhorasanchian/.pyenv/versions/3.10.4/lib/python3.10/site-packages/airflow/example_dags/example_latest_only.py took 0.081 seconds
[2022-05-23 17:51:56,671] {processor.py:153} INFO - Started process (PID=40502) to work on /Users/mohammadrezakhorasanchian/.pyenv/versions/3.10.4/lib/python3.10/site-packages/airflow/example_dags/example_latest_only.py
[2022-05-23 17:51:56,671] {processor.py:641} INFO - Processing file /Users/mohammadrezakhorasanchian/.pyenv/versions/3.10.4/lib/python3.10/site-packages/airflow/example_dags/example_latest_only.py for tasks to queue
[2022-05-23 17:51:56,672] {logging_mixin.py:115} INFO - [2022-05-23 17:51:56,672] {dagbag.py:507} INFO - Filling up the DagBag from /Users/mohammadrezakhorasanchian/.pyenv/versions/3.10.4/lib/python3.10/site-packages/airflow/example_dags/example_latest_only.py
[2022-05-23 17:51:56,680] {processor.py:651} INFO - DAG(s) dict_keys(['latest_only']) retrieved from /Users/mohammadrezakhorasanchian/.pyenv/versions/3.10.4/lib/python3.10/site-packages/airflow/example_dags/example_latest_only.py
[2022-05-23 17:51:56,724] {logging_mixin.py:115} INFO - [2022-05-23 17:51:56,724] {dag.py:2371} INFO - Sync 1 DAGs
[2022-05-23 17:51:56,736] {logging_mixin.py:115} INFO - [2022-05-23 17:51:56,736] {dag.py:2915} INFO - Setting next_dagrun for latest_only to 2022-05-23T10:51:56.735993+00:00, run_after=2022-05-23T14:51:56.735993+00:00
[2022-05-23 17:51:56,744] {processor.py:161} INFO - Processing /Users/mohammadrezakhorasanchian/.pyenv/versions/3.10.4/lib/python3.10/site-packages/airflow/example_dags/example_latest_only.py took 0.073 seconds
[2022-05-23 17:58:56,656] {processor.py:153} INFO - Started process (PID=40591) to work on /Users/mohammadrezakhorasanchian/.pyenv/versions/3.10.4/lib/python3.10/site-packages/airflow/example_dags/example_latest_only.py
[2022-05-23 17:58:56,656] {processor.py:641} INFO - Processing file /Users/mohammadrezakhorasanchian/.pyenv/versions/3.10.4/lib/python3.10/site-packages/airflow/example_dags/example_latest_only.py for tasks to queue
[2022-05-23 17:58:56,656] {logging_mixin.py:115} INFO - [2022-05-23 17:58:56,656] {dagbag.py:507} INFO - Filling up the DagBag from /Users/mohammadrezakhorasanchian/.pyenv/versions/3.10.4/lib/python3.10/site-packages/airflow/example_dags/example_latest_only.py
[2022-05-23 17:58:56,665] {processor.py:651} INFO - DAG(s) dict_keys(['latest_only']) retrieved from /Users/mohammadrezakhorasanchian/.pyenv/versions/3.10.4/lib/python3.10/site-packages/airflow/example_dags/example_latest_only.py
[2022-05-23 17:58:56,708] {logging_mixin.py:115} INFO - [2022-05-23 17:58:56,708] {dag.py:2371} INFO - Sync 1 DAGs
[2022-05-23 17:58:56,718] {logging_mixin.py:115} INFO - [2022-05-23 17:58:56,718] {dag.py:2915} INFO - Setting next_dagrun for latest_only to 2022-05-23T10:58:56.718394+00:00, run_after=2022-05-23T14:58:56.718394+00:00
[2022-05-23 17:58:56,725] {processor.py:161} INFO - Processing /Users/mohammadrezakhorasanchian/.pyenv/versions/3.10.4/lib/python3.10/site-packages/airflow/example_dags/example_latest_only.py took 0.069 seconds
[2022-05-23 17:59:55,010] {processor.py:153} INFO - Started process (PID=40627) to work on /Users/mohammadrezakhorasanchian/.pyenv/versions/3.10.4/lib/python3.10/site-packages/airflow/example_dags/example_latest_only.py
[2022-05-23 17:59:55,010] {processor.py:641} INFO - Processing file /Users/mohammadrezakhorasanchian/.pyenv/versions/3.10.4/lib/python3.10/site-packages/airflow/example_dags/example_latest_only.py for tasks to queue
[2022-05-23 17:59:55,011] {logging_mixin.py:115} INFO - [2022-05-23 17:59:55,011] {dagbag.py:507} INFO - Filling up the DagBag from /Users/mohammadrezakhorasanchian/.pyenv/versions/3.10.4/lib/python3.10/site-packages/airflow/example_dags/example_latest_only.py
[2022-05-23 17:59:55,019] {processor.py:651} INFO - DAG(s) dict_keys(['latest_only']) retrieved from /Users/mohammadrezakhorasanchian/.pyenv/versions/3.10.4/lib/python3.10/site-packages/airflow/example_dags/example_latest_only.py
[2022-05-23 17:59:55,060] {logging_mixin.py:115} INFO - [2022-05-23 17:59:55,060] {dag.py:2371} INFO - Sync 1 DAGs
[2022-05-23 17:59:55,069] {logging_mixin.py:115} INFO - [2022-05-23 17:59:55,069] {dag.py:2915} INFO - Setting next_dagrun for latest_only to 2022-05-23T10:59:55.069765+00:00, run_after=2022-05-23T14:59:55.069765+00:00
[2022-05-23 17:59:55,077] {processor.py:161} INFO - Processing /Users/mohammadrezakhorasanchian/.pyenv/versions/3.10.4/lib/python3.10/site-packages/airflow/example_dags/example_latest_only.py took 0.067 seconds
[2022-05-23 18:00:55,595] {processor.py:153} INFO - Started process (PID=40664) to work on /Users/mohammadrezakhorasanchian/.pyenv/versions/3.10.4/lib/python3.10/site-packages/airflow/example_dags/example_latest_only.py
[2022-05-23 18:00:55,595] {processor.py:641} INFO - Processing file /Users/mohammadrezakhorasanchian/.pyenv/versions/3.10.4/lib/python3.10/site-packages/airflow/example_dags/example_latest_only.py for tasks to queue
[2022-05-23 18:00:55,595] {logging_mixin.py:115} INFO - [2022-05-23 18:00:55,595] {dagbag.py:507} INFO - Filling up the DagBag from /Users/mohammadrezakhorasanchian/.pyenv/versions/3.10.4/lib/python3.10/site-packages/airflow/example_dags/example_latest_only.py
[2022-05-23 18:00:55,604] {processor.py:651} INFO - DAG(s) dict_keys(['latest_only']) retrieved from /Users/mohammadrezakhorasanchian/.pyenv/versions/3.10.4/lib/python3.10/site-packages/airflow/example_dags/example_latest_only.py
[2022-05-23 18:00:55,645] {logging_mixin.py:115} INFO - [2022-05-23 18:00:55,645] {dag.py:2371} INFO - Sync 1 DAGs
[2022-05-23 18:00:55,654] {logging_mixin.py:115} INFO - [2022-05-23 18:00:55,654] {dag.py:2915} INFO - Setting next_dagrun for latest_only to 2022-05-23T11:00:55.654673+00:00, run_after=2022-05-23T15:00:55.654673+00:00
[2022-05-23 18:00:55,663] {processor.py:161} INFO - Processing /Users/mohammadrezakhorasanchian/.pyenv/versions/3.10.4/lib/python3.10/site-packages/airflow/example_dags/example_latest_only.py took 0.068 seconds
[2022-05-23 18:01:54,249] {processor.py:153} INFO - Started process (PID=40705) to work on /Users/mohammadrezakhorasanchian/.pyenv/versions/3.10.4/lib/python3.10/site-packages/airflow/example_dags/example_latest_only.py
[2022-05-23 18:01:54,250] {processor.py:641} INFO - Processing file /Users/mohammadrezakhorasanchian/.pyenv/versions/3.10.4/lib/python3.10/site-packages/airflow/example_dags/example_latest_only.py for tasks to queue
[2022-05-23 18:01:54,250] {logging_mixin.py:115} INFO - [2022-05-23 18:01:54,250] {dagbag.py:507} INFO - Filling up the DagBag from /Users/mohammadrezakhorasanchian/.pyenv/versions/3.10.4/lib/python3.10/site-packages/airflow/example_dags/example_latest_only.py
[2022-05-23 18:01:54,258] {processor.py:651} INFO - DAG(s) dict_keys(['latest_only']) retrieved from /Users/mohammadrezakhorasanchian/.pyenv/versions/3.10.4/lib/python3.10/site-packages/airflow/example_dags/example_latest_only.py
[2022-05-23 18:01:54,301] {logging_mixin.py:115} INFO - [2022-05-23 18:01:54,301] {dag.py:2371} INFO - Sync 1 DAGs
[2022-05-23 18:01:54,310] {logging_mixin.py:115} INFO - [2022-05-23 18:01:54,310] {dag.py:2915} INFO - Setting next_dagrun for latest_only to 2022-05-23T11:01:54.310705+00:00, run_after=2022-05-23T15:01:54.310705+00:00
[2022-05-23 18:01:54,317] {processor.py:161} INFO - Processing /Users/mohammadrezakhorasanchian/.pyenv/versions/3.10.4/lib/python3.10/site-packages/airflow/example_dags/example_latest_only.py took 0.068 seconds
[2022-05-23 18:02:52,159] {processor.py:153} INFO - Started process (PID=40741) to work on /Users/mohammadrezakhorasanchian/.pyenv/versions/3.10.4/lib/python3.10/site-packages/airflow/example_dags/example_latest_only.py
[2022-05-23 18:02:52,160] {processor.py:641} INFO - Processing file /Users/mohammadrezakhorasanchian/.pyenv/versions/3.10.4/lib/python3.10/site-packages/airflow/example_dags/example_latest_only.py for tasks to queue
[2022-05-23 18:02:52,160] {logging_mixin.py:115} INFO - [2022-05-23 18:02:52,160] {dagbag.py:507} INFO - Filling up the DagBag from /Users/mohammadrezakhorasanchian/.pyenv/versions/3.10.4/lib/python3.10/site-packages/airflow/example_dags/example_latest_only.py
[2022-05-23 18:02:52,168] {processor.py:651} INFO - DAG(s) dict_keys(['latest_only']) retrieved from /Users/mohammadrezakhorasanchian/.pyenv/versions/3.10.4/lib/python3.10/site-packages/airflow/example_dags/example_latest_only.py
[2022-05-23 18:02:52,210] {logging_mixin.py:115} INFO - [2022-05-23 18:02:52,210] {dag.py:2371} INFO - Sync 1 DAGs
[2022-05-23 18:02:52,220] {logging_mixin.py:115} INFO - [2022-05-23 18:02:52,220] {dag.py:2915} INFO - Setting next_dagrun for latest_only to 2022-05-23T11:02:52.219954+00:00, run_after=2022-05-23T15:02:52.219954+00:00
[2022-05-23 18:02:52,228] {processor.py:161} INFO - Processing /Users/mohammadrezakhorasanchian/.pyenv/versions/3.10.4/lib/python3.10/site-packages/airflow/example_dags/example_latest_only.py took 0.069 seconds
[2022-05-23 18:03:46,650] {processor.py:153} INFO - Started process (PID=40781) to work on /Users/mohammadrezakhorasanchian/.pyenv/versions/3.10.4/lib/python3.10/site-packages/airflow/example_dags/example_latest_only.py
[2022-05-23 18:03:46,650] {processor.py:641} INFO - Processing file /Users/mohammadrezakhorasanchian/.pyenv/versions/3.10.4/lib/python3.10/site-packages/airflow/example_dags/example_latest_only.py for tasks to queue
[2022-05-23 18:03:46,650] {logging_mixin.py:115} INFO - [2022-05-23 18:03:46,650] {dagbag.py:507} INFO - Filling up the DagBag from /Users/mohammadrezakhorasanchian/.pyenv/versions/3.10.4/lib/python3.10/site-packages/airflow/example_dags/example_latest_only.py
[2022-05-23 18:03:46,659] {processor.py:651} INFO - DAG(s) dict_keys(['latest_only']) retrieved from /Users/mohammadrezakhorasanchian/.pyenv/versions/3.10.4/lib/python3.10/site-packages/airflow/example_dags/example_latest_only.py
[2022-05-23 18:03:46,701] {logging_mixin.py:115} INFO - [2022-05-23 18:03:46,701] {dag.py:2371} INFO - Sync 1 DAGs
[2022-05-23 18:03:46,710] {logging_mixin.py:115} INFO - [2022-05-23 18:03:46,710] {dag.py:2915} INFO - Setting next_dagrun for latest_only to 2022-05-23T11:03:46.710256+00:00, run_after=2022-05-23T15:03:46.710256+00:00
[2022-05-23 18:03:46,717] {processor.py:161} INFO - Processing /Users/mohammadrezakhorasanchian/.pyenv/versions/3.10.4/lib/python3.10/site-packages/airflow/example_dags/example_latest_only.py took 0.068 seconds
[2022-05-23 18:04:41,829] {processor.py:153} INFO - Started process (PID=40816) to work on /Users/mohammadrezakhorasanchian/.pyenv/versions/3.10.4/lib/python3.10/site-packages/airflow/example_dags/example_latest_only.py
[2022-05-23 18:04:41,829] {processor.py:641} INFO - Processing file /Users/mohammadrezakhorasanchian/.pyenv/versions/3.10.4/lib/python3.10/site-packages/airflow/example_dags/example_latest_only.py for tasks to queue
[2022-05-23 18:04:41,829] {logging_mixin.py:115} INFO - [2022-05-23 18:04:41,829] {dagbag.py:507} INFO - Filling up the DagBag from /Users/mohammadrezakhorasanchian/.pyenv/versions/3.10.4/lib/python3.10/site-packages/airflow/example_dags/example_latest_only.py
[2022-05-23 18:04:41,838] {processor.py:651} INFO - DAG(s) dict_keys(['latest_only']) retrieved from /Users/mohammadrezakhorasanchian/.pyenv/versions/3.10.4/lib/python3.10/site-packages/airflow/example_dags/example_latest_only.py
[2022-05-23 18:04:41,879] {logging_mixin.py:115} INFO - [2022-05-23 18:04:41,879] {dag.py:2371} INFO - Sync 1 DAGs
[2022-05-23 18:04:41,888] {logging_mixin.py:115} INFO - [2022-05-23 18:04:41,888] {dag.py:2915} INFO - Setting next_dagrun for latest_only to 2022-05-23T11:04:41.888642+00:00, run_after=2022-05-23T15:04:41.888642+00:00
[2022-05-23 18:04:41,896] {processor.py:161} INFO - Processing /Users/mohammadrezakhorasanchian/.pyenv/versions/3.10.4/lib/python3.10/site-packages/airflow/example_dags/example_latest_only.py took 0.067 seconds
[2022-05-23 18:05:39,007] {processor.py:153} INFO - Started process (PID=40852) to work on /Users/mohammadrezakhorasanchian/.pyenv/versions/3.10.4/lib/python3.10/site-packages/airflow/example_dags/example_latest_only.py
[2022-05-23 18:05:39,007] {processor.py:641} INFO - Processing file /Users/mohammadrezakhorasanchian/.pyenv/versions/3.10.4/lib/python3.10/site-packages/airflow/example_dags/example_latest_only.py for tasks to queue
[2022-05-23 18:05:39,007] {logging_mixin.py:115} INFO - [2022-05-23 18:05:39,007] {dagbag.py:507} INFO - Filling up the DagBag from /Users/mohammadrezakhorasanchian/.pyenv/versions/3.10.4/lib/python3.10/site-packages/airflow/example_dags/example_latest_only.py
[2022-05-23 18:05:39,016] {processor.py:651} INFO - DAG(s) dict_keys(['latest_only']) retrieved from /Users/mohammadrezakhorasanchian/.pyenv/versions/3.10.4/lib/python3.10/site-packages/airflow/example_dags/example_latest_only.py
[2022-05-23 18:05:39,057] {logging_mixin.py:115} INFO - [2022-05-23 18:05:39,057] {dag.py:2371} INFO - Sync 1 DAGs
[2022-05-23 18:05:39,067] {logging_mixin.py:115} INFO - [2022-05-23 18:05:39,067] {dag.py:2915} INFO - Setting next_dagrun for latest_only to 2022-05-23T11:05:39.067117+00:00, run_after=2022-05-23T15:05:39.067117+00:00
[2022-05-23 18:05:39,075] {processor.py:161} INFO - Processing /Users/mohammadrezakhorasanchian/.pyenv/versions/3.10.4/lib/python3.10/site-packages/airflow/example_dags/example_latest_only.py took 0.069 seconds
[2022-05-23 18:06:36,949] {processor.py:153} INFO - Started process (PID=40888) to work on /Users/mohammadrezakhorasanchian/.pyenv/versions/3.10.4/lib/python3.10/site-packages/airflow/example_dags/example_latest_only.py
[2022-05-23 18:06:36,949] {processor.py:641} INFO - Processing file /Users/mohammadrezakhorasanchian/.pyenv/versions/3.10.4/lib/python3.10/site-packages/airflow/example_dags/example_latest_only.py for tasks to queue
[2022-05-23 18:06:36,949] {logging_mixin.py:115} INFO - [2022-05-23 18:06:36,949] {dagbag.py:507} INFO - Filling up the DagBag from /Users/mohammadrezakhorasanchian/.pyenv/versions/3.10.4/lib/python3.10/site-packages/airflow/example_dags/example_latest_only.py
[2022-05-23 18:06:36,958] {processor.py:651} INFO - DAG(s) dict_keys(['latest_only']) retrieved from /Users/mohammadrezakhorasanchian/.pyenv/versions/3.10.4/lib/python3.10/site-packages/airflow/example_dags/example_latest_only.py
[2022-05-23 18:06:37,001] {logging_mixin.py:115} INFO - [2022-05-23 18:06:37,001] {dag.py:2371} INFO - Sync 1 DAGs
[2022-05-23 18:06:37,010] {logging_mixin.py:115} INFO - [2022-05-23 18:06:37,010] {dag.py:2915} INFO - Setting next_dagrun for latest_only to 2022-05-23T11:06:37.010701+00:00, run_after=2022-05-23T15:06:37.010701+00:00
[2022-05-23 18:06:37,018] {processor.py:161} INFO - Processing /Users/mohammadrezakhorasanchian/.pyenv/versions/3.10.4/lib/python3.10/site-packages/airflow/example_dags/example_latest_only.py took 0.070 seconds
[2022-05-23 18:07:35,960] {processor.py:153} INFO - Started process (PID=40927) to work on /Users/mohammadrezakhorasanchian/.pyenv/versions/3.10.4/lib/python3.10/site-packages/airflow/example_dags/example_latest_only.py
[2022-05-23 18:07:35,960] {processor.py:641} INFO - Processing file /Users/mohammadrezakhorasanchian/.pyenv/versions/3.10.4/lib/python3.10/site-packages/airflow/example_dags/example_latest_only.py for tasks to queue
[2022-05-23 18:07:35,960] {logging_mixin.py:115} INFO - [2022-05-23 18:07:35,960] {dagbag.py:507} INFO - Filling up the DagBag from /Users/mohammadrezakhorasanchian/.pyenv/versions/3.10.4/lib/python3.10/site-packages/airflow/example_dags/example_latest_only.py
[2022-05-23 18:07:35,969] {processor.py:651} INFO - DAG(s) dict_keys(['latest_only']) retrieved from /Users/mohammadrezakhorasanchian/.pyenv/versions/3.10.4/lib/python3.10/site-packages/airflow/example_dags/example_latest_only.py
[2022-05-23 18:07:36,012] {logging_mixin.py:115} INFO - [2022-05-23 18:07:36,012] {dag.py:2371} INFO - Sync 1 DAGs
[2022-05-23 18:07:36,022] {logging_mixin.py:115} INFO - [2022-05-23 18:07:36,022] {dag.py:2915} INFO - Setting next_dagrun for latest_only to 2022-05-23T11:07:36.022081+00:00, run_after=2022-05-23T15:07:36.022081+00:00
[2022-05-23 18:07:36,030] {processor.py:161} INFO - Processing /Users/mohammadrezakhorasanchian/.pyenv/versions/3.10.4/lib/python3.10/site-packages/airflow/example_dags/example_latest_only.py took 0.071 seconds
[2022-05-23 18:08:37,204] {processor.py:153} INFO - Started process (PID=40969) to work on /Users/mohammadrezakhorasanchian/.pyenv/versions/3.10.4/lib/python3.10/site-packages/airflow/example_dags/example_latest_only.py
[2022-05-23 18:08:37,204] {processor.py:641} INFO - Processing file /Users/mohammadrezakhorasanchian/.pyenv/versions/3.10.4/lib/python3.10/site-packages/airflow/example_dags/example_latest_only.py for tasks to queue
[2022-05-23 18:08:37,204] {logging_mixin.py:115} INFO - [2022-05-23 18:08:37,204] {dagbag.py:507} INFO - Filling up the DagBag from /Users/mohammadrezakhorasanchian/.pyenv/versions/3.10.4/lib/python3.10/site-packages/airflow/example_dags/example_latest_only.py
[2022-05-23 18:08:37,214] {processor.py:651} INFO - DAG(s) dict_keys(['latest_only']) retrieved from /Users/mohammadrezakhorasanchian/.pyenv/versions/3.10.4/lib/python3.10/site-packages/airflow/example_dags/example_latest_only.py
[2022-05-23 18:08:37,259] {logging_mixin.py:115} INFO - [2022-05-23 18:08:37,259] {dag.py:2371} INFO - Sync 1 DAGs
[2022-05-23 18:08:37,269] {logging_mixin.py:115} INFO - [2022-05-23 18:08:37,269] {dag.py:2915} INFO - Setting next_dagrun for latest_only to 2022-05-23T11:08:37.269364+00:00, run_after=2022-05-23T15:08:37.269364+00:00
[2022-05-23 18:08:37,277] {processor.py:161} INFO - Processing /Users/mohammadrezakhorasanchian/.pyenv/versions/3.10.4/lib/python3.10/site-packages/airflow/example_dags/example_latest_only.py took 0.074 seconds
[2022-05-23 18:14:39,731] {processor.py:153} INFO - Started process (PID=41099) to work on /Users/mohammadrezakhorasanchian/.pyenv/versions/3.10.4/lib/python3.10/site-packages/airflow/example_dags/example_latest_only.py
[2022-05-23 18:14:39,732] {processor.py:641} INFO - Processing file /Users/mohammadrezakhorasanchian/.pyenv/versions/3.10.4/lib/python3.10/site-packages/airflow/example_dags/example_latest_only.py for tasks to queue
[2022-05-23 18:14:39,732] {logging_mixin.py:115} INFO - [2022-05-23 18:14:39,732] {dagbag.py:507} INFO - Filling up the DagBag from /Users/mohammadrezakhorasanchian/.pyenv/versions/3.10.4/lib/python3.10/site-packages/airflow/example_dags/example_latest_only.py
[2022-05-23 18:14:39,744] {processor.py:651} INFO - DAG(s) dict_keys(['latest_only']) retrieved from /Users/mohammadrezakhorasanchian/.pyenv/versions/3.10.4/lib/python3.10/site-packages/airflow/example_dags/example_latest_only.py
[2022-05-23 18:14:39,802] {logging_mixin.py:115} INFO - [2022-05-23 18:14:39,802] {dag.py:2371} INFO - Sync 1 DAGs
[2022-05-23 18:14:39,814] {logging_mixin.py:115} INFO - [2022-05-23 18:14:39,814] {dag.py:2915} INFO - Setting next_dagrun for latest_only to 2022-05-23T11:14:39.814688+00:00, run_after=2022-05-23T15:14:39.814688+00:00
[2022-05-23 18:14:39,844] {processor.py:161} INFO - Processing /Users/mohammadrezakhorasanchian/.pyenv/versions/3.10.4/lib/python3.10/site-packages/airflow/example_dags/example_latest_only.py took 0.113 seconds
[2022-05-23 18:15:44,106] {processor.py:153} INFO - Started process (PID=41252) to work on /Users/mohammadrezakhorasanchian/.pyenv/versions/3.10.4/lib/python3.10/site-packages/airflow/example_dags/example_latest_only.py
[2022-05-23 18:15:44,106] {processor.py:641} INFO - Processing file /Users/mohammadrezakhorasanchian/.pyenv/versions/3.10.4/lib/python3.10/site-packages/airflow/example_dags/example_latest_only.py for tasks to queue
[2022-05-23 18:15:44,107] {logging_mixin.py:115} INFO - [2022-05-23 18:15:44,107] {dagbag.py:507} INFO - Filling up the DagBag from /Users/mohammadrezakhorasanchian/.pyenv/versions/3.10.4/lib/python3.10/site-packages/airflow/example_dags/example_latest_only.py
[2022-05-23 18:15:44,129] {processor.py:651} INFO - DAG(s) dict_keys(['latest_only']) retrieved from /Users/mohammadrezakhorasanchian/.pyenv/versions/3.10.4/lib/python3.10/site-packages/airflow/example_dags/example_latest_only.py
[2022-05-23 18:15:44,217] {logging_mixin.py:115} INFO - [2022-05-23 18:15:44,217] {dag.py:2371} INFO - Sync 1 DAGs
[2022-05-23 18:15:44,235] {logging_mixin.py:115} INFO - [2022-05-23 18:15:44,235] {dag.py:2915} INFO - Setting next_dagrun for latest_only to 2022-05-23T11:15:44.234843+00:00, run_after=2022-05-23T15:15:44.234843+00:00
[2022-05-23 18:15:44,245] {processor.py:161} INFO - Processing /Users/mohammadrezakhorasanchian/.pyenv/versions/3.10.4/lib/python3.10/site-packages/airflow/example_dags/example_latest_only.py took 0.140 seconds
