[2022-05-23 16:13:26,289] {processor.py:153} INFO - Started process (PID=36320) to work on /Users/mohammadrezakhorasanchian/.pyenv/versions/3.10.4/lib/python3.10/site-packages/airflow/example_dags/example_sla_dag.py
[2022-05-23 16:13:26,289] {processor.py:641} INFO - Processing file /Users/mohammadrezakhorasanchian/.pyenv/versions/3.10.4/lib/python3.10/site-packages/airflow/example_dags/example_sla_dag.py for tasks to queue
[2022-05-23 16:13:26,289] {logging_mixin.py:115} INFO - [2022-05-23 16:13:26,289] {dagbag.py:507} INFO - Filling up the DagBag from /Users/mohammadrezakhorasanchian/.pyenv/versions/3.10.4/lib/python3.10/site-packages/airflow/example_dags/example_sla_dag.py
[2022-05-23 16:13:26,319] {processor.py:651} INFO - DAG(s) dict_keys(['example_sla_dag']) retrieved from /Users/mohammadrezakhorasanchian/.pyenv/versions/3.10.4/lib/python3.10/site-packages/airflow/example_dags/example_sla_dag.py
[2022-05-23 16:13:26,372] {logging_mixin.py:115} INFO - [2022-05-23 16:13:26,372] {dag.py:2371} INFO - Sync 1 DAGs
[2022-05-23 16:13:26,388] {logging_mixin.py:115} INFO - [2022-05-23 16:13:26,388] {dag.py:2915} INFO - Setting next_dagrun for example_sla_dag to 2022-05-23T13:10:00+00:00, run_after=2022-05-23T13:12:00+00:00
[2022-05-23 16:13:26,396] {processor.py:161} INFO - Processing /Users/mohammadrezakhorasanchian/.pyenv/versions/3.10.4/lib/python3.10/site-packages/airflow/example_dags/example_sla_dag.py took 0.107 seconds
[2022-05-23 16:14:27,129] {processor.py:153} INFO - Started process (PID=36426) to work on /Users/mohammadrezakhorasanchian/.pyenv/versions/3.10.4/lib/python3.10/site-packages/airflow/example_dags/example_sla_dag.py
[2022-05-23 16:14:27,129] {processor.py:641} INFO - Processing file /Users/mohammadrezakhorasanchian/.pyenv/versions/3.10.4/lib/python3.10/site-packages/airflow/example_dags/example_sla_dag.py for tasks to queue
[2022-05-23 16:14:27,129] {logging_mixin.py:115} INFO - [2022-05-23 16:14:27,129] {dagbag.py:507} INFO - Filling up the DagBag from /Users/mohammadrezakhorasanchian/.pyenv/versions/3.10.4/lib/python3.10/site-packages/airflow/example_dags/example_sla_dag.py
[2022-05-23 16:14:27,151] {processor.py:651} INFO - DAG(s) dict_keys(['example_sla_dag']) retrieved from /Users/mohammadrezakhorasanchian/.pyenv/versions/3.10.4/lib/python3.10/site-packages/airflow/example_dags/example_sla_dag.py
[2022-05-23 16:14:27,193] {logging_mixin.py:115} INFO - [2022-05-23 16:14:27,193] {dag.py:2371} INFO - Sync 1 DAGs
[2022-05-23 16:14:27,205] {logging_mixin.py:115} INFO - [2022-05-23 16:14:27,205] {dag.py:2915} INFO - Setting next_dagrun for example_sla_dag to 2022-05-23T13:12:00+00:00, run_after=2022-05-23T13:14:00+00:00
[2022-05-23 16:14:27,212] {processor.py:161} INFO - Processing /Users/mohammadrezakhorasanchian/.pyenv/versions/3.10.4/lib/python3.10/site-packages/airflow/example_dags/example_sla_dag.py took 0.084 seconds
[2022-05-23 16:15:31,531] {processor.py:153} INFO - Started process (PID=36491) to work on /Users/mohammadrezakhorasanchian/.pyenv/versions/3.10.4/lib/python3.10/site-packages/airflow/example_dags/example_sla_dag.py
[2022-05-23 16:15:31,531] {processor.py:641} INFO - Processing file /Users/mohammadrezakhorasanchian/.pyenv/versions/3.10.4/lib/python3.10/site-packages/airflow/example_dags/example_sla_dag.py for tasks to queue
[2022-05-23 16:15:31,531] {logging_mixin.py:115} INFO - [2022-05-23 16:15:31,531] {dagbag.py:507} INFO - Filling up the DagBag from /Users/mohammadrezakhorasanchian/.pyenv/versions/3.10.4/lib/python3.10/site-packages/airflow/example_dags/example_sla_dag.py
[2022-05-23 16:15:31,561] {processor.py:651} INFO - DAG(s) dict_keys(['example_sla_dag']) retrieved from /Users/mohammadrezakhorasanchian/.pyenv/versions/3.10.4/lib/python3.10/site-packages/airflow/example_dags/example_sla_dag.py
[2022-05-23 16:15:31,610] {logging_mixin.py:115} INFO - [2022-05-23 16:15:31,610] {dag.py:2371} INFO - Sync 1 DAGs
[2022-05-23 16:15:31,625] {logging_mixin.py:115} INFO - [2022-05-23 16:15:31,625] {dag.py:2915} INFO - Setting next_dagrun for example_sla_dag to 2022-05-23T13:12:00+00:00, run_after=2022-05-23T13:14:00+00:00
[2022-05-23 16:15:31,633] {processor.py:161} INFO - Processing /Users/mohammadrezakhorasanchian/.pyenv/versions/3.10.4/lib/python3.10/site-packages/airflow/example_dags/example_sla_dag.py took 0.103 seconds
[2022-05-23 16:16:32,407] {processor.py:153} INFO - Started process (PID=36614) to work on /Users/mohammadrezakhorasanchian/.pyenv/versions/3.10.4/lib/python3.10/site-packages/airflow/example_dags/example_sla_dag.py
[2022-05-23 16:16:32,407] {processor.py:641} INFO - Processing file /Users/mohammadrezakhorasanchian/.pyenv/versions/3.10.4/lib/python3.10/site-packages/airflow/example_dags/example_sla_dag.py for tasks to queue
[2022-05-23 16:16:32,407] {logging_mixin.py:115} INFO - [2022-05-23 16:16:32,407] {dagbag.py:507} INFO - Filling up the DagBag from /Users/mohammadrezakhorasanchian/.pyenv/versions/3.10.4/lib/python3.10/site-packages/airflow/example_dags/example_sla_dag.py
[2022-05-23 16:16:32,433] {processor.py:651} INFO - DAG(s) dict_keys(['example_sla_dag']) retrieved from /Users/mohammadrezakhorasanchian/.pyenv/versions/3.10.4/lib/python3.10/site-packages/airflow/example_dags/example_sla_dag.py
[2022-05-23 16:16:32,483] {logging_mixin.py:115} INFO - [2022-05-23 16:16:32,483] {dag.py:2371} INFO - Sync 1 DAGs
[2022-05-23 16:16:32,498] {logging_mixin.py:115} INFO - [2022-05-23 16:16:32,498] {dag.py:2915} INFO - Setting next_dagrun for example_sla_dag to 2022-05-23T13:14:00+00:00, run_after=2022-05-23T13:16:00+00:00
[2022-05-23 16:16:32,505] {processor.py:161} INFO - Processing /Users/mohammadrezakhorasanchian/.pyenv/versions/3.10.4/lib/python3.10/site-packages/airflow/example_dags/example_sla_dag.py took 0.099 seconds
[2022-05-23 16:17:35,584] {processor.py:153} INFO - Started process (PID=36676) to work on /Users/mohammadrezakhorasanchian/.pyenv/versions/3.10.4/lib/python3.10/site-packages/airflow/example_dags/example_sla_dag.py
[2022-05-23 16:17:35,584] {processor.py:641} INFO - Processing file /Users/mohammadrezakhorasanchian/.pyenv/versions/3.10.4/lib/python3.10/site-packages/airflow/example_dags/example_sla_dag.py for tasks to queue
[2022-05-23 16:17:35,584] {logging_mixin.py:115} INFO - [2022-05-23 16:17:35,584] {dagbag.py:507} INFO - Filling up the DagBag from /Users/mohammadrezakhorasanchian/.pyenv/versions/3.10.4/lib/python3.10/site-packages/airflow/example_dags/example_sla_dag.py
[2022-05-23 16:17:35,607] {processor.py:651} INFO - DAG(s) dict_keys(['example_sla_dag']) retrieved from /Users/mohammadrezakhorasanchian/.pyenv/versions/3.10.4/lib/python3.10/site-packages/airflow/example_dags/example_sla_dag.py
[2022-05-23 16:17:35,649] {logging_mixin.py:115} INFO - [2022-05-23 16:17:35,649] {dag.py:2371} INFO - Sync 1 DAGs
[2022-05-23 16:17:35,661] {logging_mixin.py:115} INFO - [2022-05-23 16:17:35,661] {dag.py:2915} INFO - Setting next_dagrun for example_sla_dag to 2022-05-23T13:14:00+00:00, run_after=2022-05-23T13:16:00+00:00
[2022-05-23 16:17:35,670] {processor.py:161} INFO - Processing /Users/mohammadrezakhorasanchian/.pyenv/versions/3.10.4/lib/python3.10/site-packages/airflow/example_dags/example_sla_dag.py took 0.086 seconds
[2022-05-23 16:18:32,825] {processor.py:153} INFO - Started process (PID=36760) to work on /Users/mohammadrezakhorasanchian/.pyenv/versions/3.10.4/lib/python3.10/site-packages/airflow/example_dags/example_sla_dag.py
[2022-05-23 16:18:32,825] {processor.py:641} INFO - Processing file /Users/mohammadrezakhorasanchian/.pyenv/versions/3.10.4/lib/python3.10/site-packages/airflow/example_dags/example_sla_dag.py for tasks to queue
[2022-05-23 16:18:32,825] {logging_mixin.py:115} INFO - [2022-05-23 16:18:32,825] {dagbag.py:507} INFO - Filling up the DagBag from /Users/mohammadrezakhorasanchian/.pyenv/versions/3.10.4/lib/python3.10/site-packages/airflow/example_dags/example_sla_dag.py
[2022-05-23 16:18:32,853] {processor.py:651} INFO - DAG(s) dict_keys(['example_sla_dag']) retrieved from /Users/mohammadrezakhorasanchian/.pyenv/versions/3.10.4/lib/python3.10/site-packages/airflow/example_dags/example_sla_dag.py
[2022-05-23 16:18:32,908] {logging_mixin.py:115} INFO - [2022-05-23 16:18:32,908] {dag.py:2371} INFO - Sync 1 DAGs
[2022-05-23 16:18:32,926] {logging_mixin.py:115} INFO - [2022-05-23 16:18:32,926] {dag.py:2915} INFO - Setting next_dagrun for example_sla_dag to 2022-05-23T13:16:00+00:00, run_after=2022-05-23T13:18:00+00:00
[2022-05-23 16:18:32,935] {processor.py:161} INFO - Processing /Users/mohammadrezakhorasanchian/.pyenv/versions/3.10.4/lib/python3.10/site-packages/airflow/example_dags/example_sla_dag.py took 0.111 seconds
[2022-05-23 16:49:51,406] {processor.py:153} INFO - Started process (PID=36831) to work on /Users/mohammadrezakhorasanchian/.pyenv/versions/3.10.4/lib/python3.10/site-packages/airflow/example_dags/example_sla_dag.py
[2022-05-23 16:49:51,406] {processor.py:641} INFO - Processing file /Users/mohammadrezakhorasanchian/.pyenv/versions/3.10.4/lib/python3.10/site-packages/airflow/example_dags/example_sla_dag.py for tasks to queue
[2022-05-23 16:49:51,407] {logging_mixin.py:115} INFO - [2022-05-23 16:49:51,407] {dagbag.py:507} INFO - Filling up the DagBag from /Users/mohammadrezakhorasanchian/.pyenv/versions/3.10.4/lib/python3.10/site-packages/airflow/example_dags/example_sla_dag.py
[2022-05-23 16:49:51,519] {processor.py:651} INFO - DAG(s) dict_keys(['example_sla_dag']) retrieved from /Users/mohammadrezakhorasanchian/.pyenv/versions/3.10.4/lib/python3.10/site-packages/airflow/example_dags/example_sla_dag.py
[2022-05-23 16:49:51,729] {logging_mixin.py:115} INFO - [2022-05-23 16:49:51,728] {dag.py:2371} INFO - Sync 1 DAGs
[2022-05-23 16:49:51,792] {logging_mixin.py:115} INFO - [2022-05-23 16:49:51,792] {dag.py:2915} INFO - Setting next_dagrun for example_sla_dag to 2022-05-23T13:46:00+00:00, run_after=2022-05-23T13:48:00+00:00
[2022-05-23 16:49:51,822] {processor.py:161} INFO - Processing /Users/mohammadrezakhorasanchian/.pyenv/versions/3.10.4/lib/python3.10/site-packages/airflow/example_dags/example_sla_dag.py took 0.418 seconds
[2022-05-23 16:55:23,167] {processor.py:153} INFO - Started process (PID=36901) to work on /Users/mohammadrezakhorasanchian/.pyenv/versions/3.10.4/lib/python3.10/site-packages/airflow/example_dags/example_sla_dag.py
[2022-05-23 16:55:23,168] {processor.py:641} INFO - Processing file /Users/mohammadrezakhorasanchian/.pyenv/versions/3.10.4/lib/python3.10/site-packages/airflow/example_dags/example_sla_dag.py for tasks to queue
[2022-05-23 16:55:23,168] {logging_mixin.py:115} INFO - [2022-05-23 16:55:23,168] {dagbag.py:507} INFO - Filling up the DagBag from /Users/mohammadrezakhorasanchian/.pyenv/versions/3.10.4/lib/python3.10/site-packages/airflow/example_dags/example_sla_dag.py
[2022-05-23 16:55:23,191] {processor.py:651} INFO - DAG(s) dict_keys(['example_sla_dag']) retrieved from /Users/mohammadrezakhorasanchian/.pyenv/versions/3.10.4/lib/python3.10/site-packages/airflow/example_dags/example_sla_dag.py
[2022-05-23 16:55:23,235] {logging_mixin.py:115} INFO - [2022-05-23 16:55:23,235] {dag.py:2371} INFO - Sync 1 DAGs
[2022-05-23 16:55:23,248] {logging_mixin.py:115} INFO - [2022-05-23 16:55:23,248] {dag.py:2915} INFO - Setting next_dagrun for example_sla_dag to 2022-05-23T13:52:00+00:00, run_after=2022-05-23T13:54:00+00:00
[2022-05-23 16:55:23,254] {processor.py:161} INFO - Processing /Users/mohammadrezakhorasanchian/.pyenv/versions/3.10.4/lib/python3.10/site-packages/airflow/example_dags/example_sla_dag.py took 0.087 seconds
[2022-05-23 16:56:24,669] {processor.py:153} INFO - Started process (PID=37020) to work on /Users/mohammadrezakhorasanchian/.pyenv/versions/3.10.4/lib/python3.10/site-packages/airflow/example_dags/example_sla_dag.py
[2022-05-23 16:56:24,670] {processor.py:641} INFO - Processing file /Users/mohammadrezakhorasanchian/.pyenv/versions/3.10.4/lib/python3.10/site-packages/airflow/example_dags/example_sla_dag.py for tasks to queue
[2022-05-23 16:56:24,670] {logging_mixin.py:115} INFO - [2022-05-23 16:56:24,670] {dagbag.py:507} INFO - Filling up the DagBag from /Users/mohammadrezakhorasanchian/.pyenv/versions/3.10.4/lib/python3.10/site-packages/airflow/example_dags/example_sla_dag.py
[2022-05-23 16:56:24,693] {processor.py:651} INFO - DAG(s) dict_keys(['example_sla_dag']) retrieved from /Users/mohammadrezakhorasanchian/.pyenv/versions/3.10.4/lib/python3.10/site-packages/airflow/example_dags/example_sla_dag.py
[2022-05-23 16:56:24,737] {logging_mixin.py:115} INFO - [2022-05-23 16:56:24,737] {dag.py:2371} INFO - Sync 1 DAGs
[2022-05-23 16:56:24,751] {logging_mixin.py:115} INFO - [2022-05-23 16:56:24,751] {dag.py:2915} INFO - Setting next_dagrun for example_sla_dag to 2022-05-23T13:54:00+00:00, run_after=2022-05-23T13:56:00+00:00
[2022-05-23 16:56:24,757] {processor.py:161} INFO - Processing /Users/mohammadrezakhorasanchian/.pyenv/versions/3.10.4/lib/python3.10/site-packages/airflow/example_dags/example_sla_dag.py took 0.088 seconds
[2022-05-23 16:57:23,045] {processor.py:153} INFO - Started process (PID=37095) to work on /Users/mohammadrezakhorasanchian/.pyenv/versions/3.10.4/lib/python3.10/site-packages/airflow/example_dags/example_sla_dag.py
[2022-05-23 16:57:23,045] {processor.py:641} INFO - Processing file /Users/mohammadrezakhorasanchian/.pyenv/versions/3.10.4/lib/python3.10/site-packages/airflow/example_dags/example_sla_dag.py for tasks to queue
[2022-05-23 16:57:23,045] {logging_mixin.py:115} INFO - [2022-05-23 16:57:23,045] {dagbag.py:507} INFO - Filling up the DagBag from /Users/mohammadrezakhorasanchian/.pyenv/versions/3.10.4/lib/python3.10/site-packages/airflow/example_dags/example_sla_dag.py
[2022-05-23 16:57:23,069] {processor.py:651} INFO - DAG(s) dict_keys(['example_sla_dag']) retrieved from /Users/mohammadrezakhorasanchian/.pyenv/versions/3.10.4/lib/python3.10/site-packages/airflow/example_dags/example_sla_dag.py
[2022-05-23 16:57:23,120] {logging_mixin.py:115} INFO - [2022-05-23 16:57:23,120] {dag.py:2371} INFO - Sync 1 DAGs
[2022-05-23 16:57:23,138] {logging_mixin.py:115} INFO - [2022-05-23 16:57:23,138] {dag.py:2915} INFO - Setting next_dagrun for example_sla_dag to 2022-05-23T13:54:00+00:00, run_after=2022-05-23T13:56:00+00:00
[2022-05-23 16:57:23,146] {processor.py:161} INFO - Processing /Users/mohammadrezakhorasanchian/.pyenv/versions/3.10.4/lib/python3.10/site-packages/airflow/example_dags/example_sla_dag.py took 0.102 seconds
[2022-05-23 16:58:20,864] {processor.py:153} INFO - Started process (PID=37133) to work on /Users/mohammadrezakhorasanchian/.pyenv/versions/3.10.4/lib/python3.10/site-packages/airflow/example_dags/example_sla_dag.py
[2022-05-23 16:58:20,864] {processor.py:641} INFO - Processing file /Users/mohammadrezakhorasanchian/.pyenv/versions/3.10.4/lib/python3.10/site-packages/airflow/example_dags/example_sla_dag.py for tasks to queue
[2022-05-23 16:58:20,864] {logging_mixin.py:115} INFO - [2022-05-23 16:58:20,864] {dagbag.py:507} INFO - Filling up the DagBag from /Users/mohammadrezakhorasanchian/.pyenv/versions/3.10.4/lib/python3.10/site-packages/airflow/example_dags/example_sla_dag.py
[2022-05-23 16:58:20,887] {processor.py:651} INFO - DAG(s) dict_keys(['example_sla_dag']) retrieved from /Users/mohammadrezakhorasanchian/.pyenv/versions/3.10.4/lib/python3.10/site-packages/airflow/example_dags/example_sla_dag.py
[2022-05-23 16:58:20,929] {logging_mixin.py:115} INFO - [2022-05-23 16:58:20,929] {dag.py:2371} INFO - Sync 1 DAGs
[2022-05-23 16:58:20,942] {logging_mixin.py:115} INFO - [2022-05-23 16:58:20,942] {dag.py:2915} INFO - Setting next_dagrun for example_sla_dag to 2022-05-23T13:56:00+00:00, run_after=2022-05-23T13:58:00+00:00
[2022-05-23 16:58:20,949] {processor.py:161} INFO - Processing /Users/mohammadrezakhorasanchian/.pyenv/versions/3.10.4/lib/python3.10/site-packages/airflow/example_dags/example_sla_dag.py took 0.085 seconds
[2022-05-23 16:59:18,425] {processor.py:153} INFO - Started process (PID=37169) to work on /Users/mohammadrezakhorasanchian/.pyenv/versions/3.10.4/lib/python3.10/site-packages/airflow/example_dags/example_sla_dag.py
[2022-05-23 16:59:18,425] {processor.py:641} INFO - Processing file /Users/mohammadrezakhorasanchian/.pyenv/versions/3.10.4/lib/python3.10/site-packages/airflow/example_dags/example_sla_dag.py for tasks to queue
[2022-05-23 16:59:18,425] {logging_mixin.py:115} INFO - [2022-05-23 16:59:18,425] {dagbag.py:507} INFO - Filling up the DagBag from /Users/mohammadrezakhorasanchian/.pyenv/versions/3.10.4/lib/python3.10/site-packages/airflow/example_dags/example_sla_dag.py
[2022-05-23 16:59:18,447] {processor.py:651} INFO - DAG(s) dict_keys(['example_sla_dag']) retrieved from /Users/mohammadrezakhorasanchian/.pyenv/versions/3.10.4/lib/python3.10/site-packages/airflow/example_dags/example_sla_dag.py
[2022-05-23 16:59:18,487] {logging_mixin.py:115} INFO - [2022-05-23 16:59:18,487] {dag.py:2371} INFO - Sync 1 DAGs
[2022-05-23 16:59:18,499] {logging_mixin.py:115} INFO - [2022-05-23 16:59:18,499] {dag.py:2915} INFO - Setting next_dagrun for example_sla_dag to 2022-05-23T13:56:00+00:00, run_after=2022-05-23T13:58:00+00:00
[2022-05-23 16:59:18,509] {processor.py:161} INFO - Processing /Users/mohammadrezakhorasanchian/.pyenv/versions/3.10.4/lib/python3.10/site-packages/airflow/example_dags/example_sla_dag.py took 0.085 seconds
[2022-05-23 17:00:14,531] {processor.py:153} INFO - Started process (PID=37223) to work on /Users/mohammadrezakhorasanchian/.pyenv/versions/3.10.4/lib/python3.10/site-packages/airflow/example_dags/example_sla_dag.py
[2022-05-23 17:00:14,531] {processor.py:641} INFO - Processing file /Users/mohammadrezakhorasanchian/.pyenv/versions/3.10.4/lib/python3.10/site-packages/airflow/example_dags/example_sla_dag.py for tasks to queue
[2022-05-23 17:00:14,531] {logging_mixin.py:115} INFO - [2022-05-23 17:00:14,531] {dagbag.py:507} INFO - Filling up the DagBag from /Users/mohammadrezakhorasanchian/.pyenv/versions/3.10.4/lib/python3.10/site-packages/airflow/example_dags/example_sla_dag.py
[2022-05-23 17:00:14,554] {processor.py:651} INFO - DAG(s) dict_keys(['example_sla_dag']) retrieved from /Users/mohammadrezakhorasanchian/.pyenv/versions/3.10.4/lib/python3.10/site-packages/airflow/example_dags/example_sla_dag.py
[2022-05-23 17:00:14,595] {logging_mixin.py:115} INFO - [2022-05-23 17:00:14,595] {dag.py:2371} INFO - Sync 1 DAGs
[2022-05-23 17:00:14,607] {logging_mixin.py:115} INFO - [2022-05-23 17:00:14,607] {dag.py:2915} INFO - Setting next_dagrun for example_sla_dag to 2022-05-23T13:58:00+00:00, run_after=2022-05-23T14:00:00+00:00
[2022-05-23 17:00:14,613] {processor.py:161} INFO - Processing /Users/mohammadrezakhorasanchian/.pyenv/versions/3.10.4/lib/python3.10/site-packages/airflow/example_dags/example_sla_dag.py took 0.083 seconds
[2022-05-23 17:01:14,434] {processor.py:153} INFO - Started process (PID=37339) to work on /Users/mohammadrezakhorasanchian/.pyenv/versions/3.10.4/lib/python3.10/site-packages/airflow/example_dags/example_sla_dag.py
[2022-05-23 17:01:14,434] {processor.py:641} INFO - Processing file /Users/mohammadrezakhorasanchian/.pyenv/versions/3.10.4/lib/python3.10/site-packages/airflow/example_dags/example_sla_dag.py for tasks to queue
[2022-05-23 17:01:14,434] {logging_mixin.py:115} INFO - [2022-05-23 17:01:14,434] {dagbag.py:507} INFO - Filling up the DagBag from /Users/mohammadrezakhorasanchian/.pyenv/versions/3.10.4/lib/python3.10/site-packages/airflow/example_dags/example_sla_dag.py
[2022-05-23 17:01:14,459] {processor.py:651} INFO - DAG(s) dict_keys(['example_sla_dag']) retrieved from /Users/mohammadrezakhorasanchian/.pyenv/versions/3.10.4/lib/python3.10/site-packages/airflow/example_dags/example_sla_dag.py
[2022-05-23 17:01:14,502] {logging_mixin.py:115} INFO - [2022-05-23 17:01:14,502] {dag.py:2371} INFO - Sync 1 DAGs
[2022-05-23 17:01:14,515] {logging_mixin.py:115} INFO - [2022-05-23 17:01:14,515] {dag.py:2915} INFO - Setting next_dagrun for example_sla_dag to 2022-05-23T13:58:00+00:00, run_after=2022-05-23T14:00:00+00:00
[2022-05-23 17:01:14,524] {processor.py:161} INFO - Processing /Users/mohammadrezakhorasanchian/.pyenv/versions/3.10.4/lib/python3.10/site-packages/airflow/example_dags/example_sla_dag.py took 0.091 seconds
[2022-05-23 17:02:11,748] {processor.py:153} INFO - Started process (PID=37444) to work on /Users/mohammadrezakhorasanchian/.pyenv/versions/3.10.4/lib/python3.10/site-packages/airflow/example_dags/example_sla_dag.py
[2022-05-23 17:02:11,748] {processor.py:641} INFO - Processing file /Users/mohammadrezakhorasanchian/.pyenv/versions/3.10.4/lib/python3.10/site-packages/airflow/example_dags/example_sla_dag.py for tasks to queue
[2022-05-23 17:02:11,748] {logging_mixin.py:115} INFO - [2022-05-23 17:02:11,748] {dagbag.py:507} INFO - Filling up the DagBag from /Users/mohammadrezakhorasanchian/.pyenv/versions/3.10.4/lib/python3.10/site-packages/airflow/example_dags/example_sla_dag.py
[2022-05-23 17:02:11,770] {processor.py:651} INFO - DAG(s) dict_keys(['example_sla_dag']) retrieved from /Users/mohammadrezakhorasanchian/.pyenv/versions/3.10.4/lib/python3.10/site-packages/airflow/example_dags/example_sla_dag.py
[2022-05-23 17:02:11,812] {logging_mixin.py:115} INFO - [2022-05-23 17:02:11,811] {dag.py:2371} INFO - Sync 1 DAGs
[2022-05-23 17:02:11,824] {logging_mixin.py:115} INFO - [2022-05-23 17:02:11,824] {dag.py:2915} INFO - Setting next_dagrun for example_sla_dag to 2022-05-23T14:00:00+00:00, run_after=2022-05-23T14:02:00+00:00
[2022-05-23 17:02:11,831] {processor.py:161} INFO - Processing /Users/mohammadrezakhorasanchian/.pyenv/versions/3.10.4/lib/python3.10/site-packages/airflow/example_dags/example_sla_dag.py took 0.083 seconds
[2022-05-23 17:03:10,079] {processor.py:153} INFO - Started process (PID=37559) to work on /Users/mohammadrezakhorasanchian/.pyenv/versions/3.10.4/lib/python3.10/site-packages/airflow/example_dags/example_sla_dag.py
[2022-05-23 17:03:10,079] {processor.py:641} INFO - Processing file /Users/mohammadrezakhorasanchian/.pyenv/versions/3.10.4/lib/python3.10/site-packages/airflow/example_dags/example_sla_dag.py for tasks to queue
[2022-05-23 17:03:10,079] {logging_mixin.py:115} INFO - [2022-05-23 17:03:10,079] {dagbag.py:507} INFO - Filling up the DagBag from /Users/mohammadrezakhorasanchian/.pyenv/versions/3.10.4/lib/python3.10/site-packages/airflow/example_dags/example_sla_dag.py
[2022-05-23 17:03:10,101] {processor.py:651} INFO - DAG(s) dict_keys(['example_sla_dag']) retrieved from /Users/mohammadrezakhorasanchian/.pyenv/versions/3.10.4/lib/python3.10/site-packages/airflow/example_dags/example_sla_dag.py
[2022-05-23 17:03:10,143] {logging_mixin.py:115} INFO - [2022-05-23 17:03:10,143] {dag.py:2371} INFO - Sync 1 DAGs
[2022-05-23 17:03:10,156] {logging_mixin.py:115} INFO - [2022-05-23 17:03:10,156] {dag.py:2915} INFO - Setting next_dagrun for example_sla_dag to 2022-05-23T14:00:00+00:00, run_after=2022-05-23T14:02:00+00:00
[2022-05-23 17:03:10,163] {processor.py:161} INFO - Processing /Users/mohammadrezakhorasanchian/.pyenv/versions/3.10.4/lib/python3.10/site-packages/airflow/example_dags/example_sla_dag.py took 0.085 seconds
[2022-05-23 17:04:09,619] {processor.py:153} INFO - Started process (PID=37661) to work on /Users/mohammadrezakhorasanchian/.pyenv/versions/3.10.4/lib/python3.10/site-packages/airflow/example_dags/example_sla_dag.py
[2022-05-23 17:04:09,619] {processor.py:641} INFO - Processing file /Users/mohammadrezakhorasanchian/.pyenv/versions/3.10.4/lib/python3.10/site-packages/airflow/example_dags/example_sla_dag.py for tasks to queue
[2022-05-23 17:04:09,619] {logging_mixin.py:115} INFO - [2022-05-23 17:04:09,619] {dagbag.py:507} INFO - Filling up the DagBag from /Users/mohammadrezakhorasanchian/.pyenv/versions/3.10.4/lib/python3.10/site-packages/airflow/example_dags/example_sla_dag.py
[2022-05-23 17:04:09,642] {processor.py:651} INFO - DAG(s) dict_keys(['example_sla_dag']) retrieved from /Users/mohammadrezakhorasanchian/.pyenv/versions/3.10.4/lib/python3.10/site-packages/airflow/example_dags/example_sla_dag.py
[2022-05-23 17:04:09,684] {logging_mixin.py:115} INFO - [2022-05-23 17:04:09,684] {dag.py:2371} INFO - Sync 1 DAGs
[2022-05-23 17:04:09,697] {logging_mixin.py:115} INFO - [2022-05-23 17:04:09,697] {dag.py:2915} INFO - Setting next_dagrun for example_sla_dag to 2022-05-23T14:02:00+00:00, run_after=2022-05-23T14:04:00+00:00
[2022-05-23 17:04:09,704] {processor.py:161} INFO - Processing /Users/mohammadrezakhorasanchian/.pyenv/versions/3.10.4/lib/python3.10/site-packages/airflow/example_dags/example_sla_dag.py took 0.085 seconds
[2022-05-23 17:05:10,047] {processor.py:153} INFO - Started process (PID=37770) to work on /Users/mohammadrezakhorasanchian/.pyenv/versions/3.10.4/lib/python3.10/site-packages/airflow/example_dags/example_sla_dag.py
[2022-05-23 17:05:10,047] {processor.py:641} INFO - Processing file /Users/mohammadrezakhorasanchian/.pyenv/versions/3.10.4/lib/python3.10/site-packages/airflow/example_dags/example_sla_dag.py for tasks to queue
[2022-05-23 17:05:10,047] {logging_mixin.py:115} INFO - [2022-05-23 17:05:10,047] {dagbag.py:507} INFO - Filling up the DagBag from /Users/mohammadrezakhorasanchian/.pyenv/versions/3.10.4/lib/python3.10/site-packages/airflow/example_dags/example_sla_dag.py
[2022-05-23 17:05:10,069] {processor.py:651} INFO - DAG(s) dict_keys(['example_sla_dag']) retrieved from /Users/mohammadrezakhorasanchian/.pyenv/versions/3.10.4/lib/python3.10/site-packages/airflow/example_dags/example_sla_dag.py
[2022-05-23 17:05:10,110] {logging_mixin.py:115} INFO - [2022-05-23 17:05:10,110] {dag.py:2371} INFO - Sync 1 DAGs
[2022-05-23 17:05:10,122] {logging_mixin.py:115} INFO - [2022-05-23 17:05:10,122] {dag.py:2915} INFO - Setting next_dagrun for example_sla_dag to 2022-05-23T14:02:00+00:00, run_after=2022-05-23T14:04:00+00:00
[2022-05-23 17:05:10,131] {processor.py:161} INFO - Processing /Users/mohammadrezakhorasanchian/.pyenv/versions/3.10.4/lib/python3.10/site-packages/airflow/example_dags/example_sla_dag.py took 0.084 seconds
[2022-05-23 17:06:09,611] {processor.py:153} INFO - Started process (PID=37881) to work on /Users/mohammadrezakhorasanchian/.pyenv/versions/3.10.4/lib/python3.10/site-packages/airflow/example_dags/example_sla_dag.py
[2022-05-23 17:06:09,612] {processor.py:641} INFO - Processing file /Users/mohammadrezakhorasanchian/.pyenv/versions/3.10.4/lib/python3.10/site-packages/airflow/example_dags/example_sla_dag.py for tasks to queue
[2022-05-23 17:06:09,612] {logging_mixin.py:115} INFO - [2022-05-23 17:06:09,612] {dagbag.py:507} INFO - Filling up the DagBag from /Users/mohammadrezakhorasanchian/.pyenv/versions/3.10.4/lib/python3.10/site-packages/airflow/example_dags/example_sla_dag.py
[2022-05-23 17:06:09,634] {processor.py:651} INFO - DAG(s) dict_keys(['example_sla_dag']) retrieved from /Users/mohammadrezakhorasanchian/.pyenv/versions/3.10.4/lib/python3.10/site-packages/airflow/example_dags/example_sla_dag.py
[2022-05-23 17:06:09,674] {logging_mixin.py:115} INFO - [2022-05-23 17:06:09,674] {dag.py:2371} INFO - Sync 1 DAGs
[2022-05-23 17:06:09,686] {logging_mixin.py:115} INFO - [2022-05-23 17:06:09,686] {dag.py:2915} INFO - Setting next_dagrun for example_sla_dag to 2022-05-23T14:04:00+00:00, run_after=2022-05-23T14:06:00+00:00
[2022-05-23 17:06:09,693] {processor.py:161} INFO - Processing /Users/mohammadrezakhorasanchian/.pyenv/versions/3.10.4/lib/python3.10/site-packages/airflow/example_dags/example_sla_dag.py took 0.082 seconds
[2022-05-23 17:07:12,146] {processor.py:153} INFO - Started process (PID=37991) to work on /Users/mohammadrezakhorasanchian/.pyenv/versions/3.10.4/lib/python3.10/site-packages/airflow/example_dags/example_sla_dag.py
[2022-05-23 17:07:12,146] {processor.py:641} INFO - Processing file /Users/mohammadrezakhorasanchian/.pyenv/versions/3.10.4/lib/python3.10/site-packages/airflow/example_dags/example_sla_dag.py for tasks to queue
[2022-05-23 17:07:12,146] {logging_mixin.py:115} INFO - [2022-05-23 17:07:12,146] {dagbag.py:507} INFO - Filling up the DagBag from /Users/mohammadrezakhorasanchian/.pyenv/versions/3.10.4/lib/python3.10/site-packages/airflow/example_dags/example_sla_dag.py
[2022-05-23 17:07:12,170] {processor.py:651} INFO - DAG(s) dict_keys(['example_sla_dag']) retrieved from /Users/mohammadrezakhorasanchian/.pyenv/versions/3.10.4/lib/python3.10/site-packages/airflow/example_dags/example_sla_dag.py
[2022-05-23 17:07:12,212] {logging_mixin.py:115} INFO - [2022-05-23 17:07:12,212] {dag.py:2371} INFO - Sync 1 DAGs
[2022-05-23 17:07:12,225] {logging_mixin.py:115} INFO - [2022-05-23 17:07:12,225] {dag.py:2915} INFO - Setting next_dagrun for example_sla_dag to 2022-05-23T14:04:00+00:00, run_after=2022-05-23T14:06:00+00:00
[2022-05-23 17:07:12,232] {processor.py:161} INFO - Processing /Users/mohammadrezakhorasanchian/.pyenv/versions/3.10.4/lib/python3.10/site-packages/airflow/example_dags/example_sla_dag.py took 0.087 seconds
[2022-05-23 17:08:15,992] {processor.py:153} INFO - Started process (PID=38109) to work on /Users/mohammadrezakhorasanchian/.pyenv/versions/3.10.4/lib/python3.10/site-packages/airflow/example_dags/example_sla_dag.py
[2022-05-23 17:08:15,992] {processor.py:641} INFO - Processing file /Users/mohammadrezakhorasanchian/.pyenv/versions/3.10.4/lib/python3.10/site-packages/airflow/example_dags/example_sla_dag.py for tasks to queue
[2022-05-23 17:08:15,992] {logging_mixin.py:115} INFO - [2022-05-23 17:08:15,992] {dagbag.py:507} INFO - Filling up the DagBag from /Users/mohammadrezakhorasanchian/.pyenv/versions/3.10.4/lib/python3.10/site-packages/airflow/example_dags/example_sla_dag.py
[2022-05-23 17:08:16,014] {processor.py:651} INFO - DAG(s) dict_keys(['example_sla_dag']) retrieved from /Users/mohammadrezakhorasanchian/.pyenv/versions/3.10.4/lib/python3.10/site-packages/airflow/example_dags/example_sla_dag.py
[2022-05-23 17:08:16,055] {logging_mixin.py:115} INFO - [2022-05-23 17:08:16,055] {dag.py:2371} INFO - Sync 1 DAGs
[2022-05-23 17:08:16,068] {logging_mixin.py:115} INFO - [2022-05-23 17:08:16,067] {dag.py:2915} INFO - Setting next_dagrun for example_sla_dag to 2022-05-23T14:06:00+00:00, run_after=2022-05-23T14:08:00+00:00
[2022-05-23 17:08:16,076] {processor.py:161} INFO - Processing /Users/mohammadrezakhorasanchian/.pyenv/versions/3.10.4/lib/python3.10/site-packages/airflow/example_dags/example_sla_dag.py took 0.085 seconds
[2022-05-23 17:09:19,482] {processor.py:153} INFO - Started process (PID=38226) to work on /Users/mohammadrezakhorasanchian/.pyenv/versions/3.10.4/lib/python3.10/site-packages/airflow/example_dags/example_sla_dag.py
[2022-05-23 17:09:19,483] {processor.py:641} INFO - Processing file /Users/mohammadrezakhorasanchian/.pyenv/versions/3.10.4/lib/python3.10/site-packages/airflow/example_dags/example_sla_dag.py for tasks to queue
[2022-05-23 17:09:19,483] {logging_mixin.py:115} INFO - [2022-05-23 17:09:19,483] {dagbag.py:507} INFO - Filling up the DagBag from /Users/mohammadrezakhorasanchian/.pyenv/versions/3.10.4/lib/python3.10/site-packages/airflow/example_dags/example_sla_dag.py
[2022-05-23 17:09:19,505] {processor.py:651} INFO - DAG(s) dict_keys(['example_sla_dag']) retrieved from /Users/mohammadrezakhorasanchian/.pyenv/versions/3.10.4/lib/python3.10/site-packages/airflow/example_dags/example_sla_dag.py
[2022-05-23 17:09:19,548] {logging_mixin.py:115} INFO - [2022-05-23 17:09:19,548] {dag.py:2371} INFO - Sync 1 DAGs
[2022-05-23 17:09:19,561] {logging_mixin.py:115} INFO - [2022-05-23 17:09:19,561] {dag.py:2915} INFO - Setting next_dagrun for example_sla_dag to 2022-05-23T14:06:00+00:00, run_after=2022-05-23T14:08:00+00:00
[2022-05-23 17:09:19,568] {processor.py:161} INFO - Processing /Users/mohammadrezakhorasanchian/.pyenv/versions/3.10.4/lib/python3.10/site-packages/airflow/example_dags/example_sla_dag.py took 0.086 seconds
[2022-05-23 17:10:22,334] {processor.py:153} INFO - Started process (PID=38336) to work on /Users/mohammadrezakhorasanchian/.pyenv/versions/3.10.4/lib/python3.10/site-packages/airflow/example_dags/example_sla_dag.py
[2022-05-23 17:10:22,334] {processor.py:641} INFO - Processing file /Users/mohammadrezakhorasanchian/.pyenv/versions/3.10.4/lib/python3.10/site-packages/airflow/example_dags/example_sla_dag.py for tasks to queue
[2022-05-23 17:10:22,335] {logging_mixin.py:115} INFO - [2022-05-23 17:10:22,335] {dagbag.py:507} INFO - Filling up the DagBag from /Users/mohammadrezakhorasanchian/.pyenv/versions/3.10.4/lib/python3.10/site-packages/airflow/example_dags/example_sla_dag.py
[2022-05-23 17:10:22,356] {processor.py:651} INFO - DAG(s) dict_keys(['example_sla_dag']) retrieved from /Users/mohammadrezakhorasanchian/.pyenv/versions/3.10.4/lib/python3.10/site-packages/airflow/example_dags/example_sla_dag.py
[2022-05-23 17:10:22,397] {logging_mixin.py:115} INFO - [2022-05-23 17:10:22,396] {dag.py:2371} INFO - Sync 1 DAGs
[2022-05-23 17:10:22,409] {logging_mixin.py:115} INFO - [2022-05-23 17:10:22,409] {dag.py:2915} INFO - Setting next_dagrun for example_sla_dag to 2022-05-23T14:08:00+00:00, run_after=2022-05-23T14:10:00+00:00
[2022-05-23 17:10:22,415] {processor.py:161} INFO - Processing /Users/mohammadrezakhorasanchian/.pyenv/versions/3.10.4/lib/python3.10/site-packages/airflow/example_dags/example_sla_dag.py took 0.081 seconds
[2022-05-23 17:11:24,542] {processor.py:153} INFO - Started process (PID=38444) to work on /Users/mohammadrezakhorasanchian/.pyenv/versions/3.10.4/lib/python3.10/site-packages/airflow/example_dags/example_sla_dag.py
[2022-05-23 17:11:24,542] {processor.py:641} INFO - Processing file /Users/mohammadrezakhorasanchian/.pyenv/versions/3.10.4/lib/python3.10/site-packages/airflow/example_dags/example_sla_dag.py for tasks to queue
[2022-05-23 17:11:24,542] {logging_mixin.py:115} INFO - [2022-05-23 17:11:24,542] {dagbag.py:507} INFO - Filling up the DagBag from /Users/mohammadrezakhorasanchian/.pyenv/versions/3.10.4/lib/python3.10/site-packages/airflow/example_dags/example_sla_dag.py
[2022-05-23 17:11:24,564] {processor.py:651} INFO - DAG(s) dict_keys(['example_sla_dag']) retrieved from /Users/mohammadrezakhorasanchian/.pyenv/versions/3.10.4/lib/python3.10/site-packages/airflow/example_dags/example_sla_dag.py
[2022-05-23 17:11:24,608] {logging_mixin.py:115} INFO - [2022-05-23 17:11:24,608] {dag.py:2371} INFO - Sync 1 DAGs
[2022-05-23 17:11:24,623] {logging_mixin.py:115} INFO - [2022-05-23 17:11:24,623] {dag.py:2915} INFO - Setting next_dagrun for example_sla_dag to 2022-05-23T14:08:00+00:00, run_after=2022-05-23T14:10:00+00:00
[2022-05-23 17:11:24,631] {processor.py:161} INFO - Processing /Users/mohammadrezakhorasanchian/.pyenv/versions/3.10.4/lib/python3.10/site-packages/airflow/example_dags/example_sla_dag.py took 0.090 seconds
[2022-05-23 17:12:21,672] {processor.py:153} INFO - Started process (PID=38538) to work on /Users/mohammadrezakhorasanchian/.pyenv/versions/3.10.4/lib/python3.10/site-packages/airflow/example_dags/example_sla_dag.py
[2022-05-23 17:12:21,672] {processor.py:641} INFO - Processing file /Users/mohammadrezakhorasanchian/.pyenv/versions/3.10.4/lib/python3.10/site-packages/airflow/example_dags/example_sla_dag.py for tasks to queue
[2022-05-23 17:12:21,672] {logging_mixin.py:115} INFO - [2022-05-23 17:12:21,672] {dagbag.py:507} INFO - Filling up the DagBag from /Users/mohammadrezakhorasanchian/.pyenv/versions/3.10.4/lib/python3.10/site-packages/airflow/example_dags/example_sla_dag.py
[2022-05-23 17:12:21,703] {processor.py:651} INFO - DAG(s) dict_keys(['example_sla_dag']) retrieved from /Users/mohammadrezakhorasanchian/.pyenv/versions/3.10.4/lib/python3.10/site-packages/airflow/example_dags/example_sla_dag.py
[2022-05-23 17:12:21,759] {logging_mixin.py:115} INFO - [2022-05-23 17:12:21,759] {dag.py:2371} INFO - Sync 1 DAGs
[2022-05-23 17:12:21,776] {logging_mixin.py:115} INFO - [2022-05-23 17:12:21,776] {dag.py:2915} INFO - Setting next_dagrun for example_sla_dag to 2022-05-23T14:10:00+00:00, run_after=2022-05-23T14:12:00+00:00
[2022-05-23 17:12:21,786] {processor.py:161} INFO - Processing /Users/mohammadrezakhorasanchian/.pyenv/versions/3.10.4/lib/python3.10/site-packages/airflow/example_dags/example_sla_dag.py took 0.115 seconds
[2022-05-23 17:13:22,435] {processor.py:153} INFO - Started process (PID=38591) to work on /Users/mohammadrezakhorasanchian/.pyenv/versions/3.10.4/lib/python3.10/site-packages/airflow/example_dags/example_sla_dag.py
[2022-05-23 17:13:22,435] {processor.py:641} INFO - Processing file /Users/mohammadrezakhorasanchian/.pyenv/versions/3.10.4/lib/python3.10/site-packages/airflow/example_dags/example_sla_dag.py for tasks to queue
[2022-05-23 17:13:22,435] {logging_mixin.py:115} INFO - [2022-05-23 17:13:22,435] {dagbag.py:507} INFO - Filling up the DagBag from /Users/mohammadrezakhorasanchian/.pyenv/versions/3.10.4/lib/python3.10/site-packages/airflow/example_dags/example_sla_dag.py
[2022-05-23 17:13:22,457] {processor.py:651} INFO - DAG(s) dict_keys(['example_sla_dag']) retrieved from /Users/mohammadrezakhorasanchian/.pyenv/versions/3.10.4/lib/python3.10/site-packages/airflow/example_dags/example_sla_dag.py
[2022-05-23 17:13:22,499] {logging_mixin.py:115} INFO - [2022-05-23 17:13:22,499] {dag.py:2371} INFO - Sync 1 DAGs
[2022-05-23 17:13:22,511] {logging_mixin.py:115} INFO - [2022-05-23 17:13:22,511] {dag.py:2915} INFO - Setting next_dagrun for example_sla_dag to 2022-05-23T14:10:00+00:00, run_after=2022-05-23T14:12:00+00:00
[2022-05-23 17:13:22,519] {processor.py:161} INFO - Processing /Users/mohammadrezakhorasanchian/.pyenv/versions/3.10.4/lib/python3.10/site-packages/airflow/example_dags/example_sla_dag.py took 0.085 seconds
[2022-05-23 17:14:23,879] {processor.py:153} INFO - Started process (PID=38703) to work on /Users/mohammadrezakhorasanchian/.pyenv/versions/3.10.4/lib/python3.10/site-packages/airflow/example_dags/example_sla_dag.py
[2022-05-23 17:14:23,879] {processor.py:641} INFO - Processing file /Users/mohammadrezakhorasanchian/.pyenv/versions/3.10.4/lib/python3.10/site-packages/airflow/example_dags/example_sla_dag.py for tasks to queue
[2022-05-23 17:14:23,879] {logging_mixin.py:115} INFO - [2022-05-23 17:14:23,879] {dagbag.py:507} INFO - Filling up the DagBag from /Users/mohammadrezakhorasanchian/.pyenv/versions/3.10.4/lib/python3.10/site-packages/airflow/example_dags/example_sla_dag.py
[2022-05-23 17:14:23,901] {processor.py:651} INFO - DAG(s) dict_keys(['example_sla_dag']) retrieved from /Users/mohammadrezakhorasanchian/.pyenv/versions/3.10.4/lib/python3.10/site-packages/airflow/example_dags/example_sla_dag.py
[2022-05-23 17:14:23,943] {logging_mixin.py:115} INFO - [2022-05-23 17:14:23,942] {dag.py:2371} INFO - Sync 1 DAGs
[2022-05-23 17:14:23,955] {logging_mixin.py:115} INFO - [2022-05-23 17:14:23,955] {dag.py:2915} INFO - Setting next_dagrun for example_sla_dag to 2022-05-23T14:12:00+00:00, run_after=2022-05-23T14:14:00+00:00
[2022-05-23 17:14:23,962] {processor.py:161} INFO - Processing /Users/mohammadrezakhorasanchian/.pyenv/versions/3.10.4/lib/python3.10/site-packages/airflow/example_dags/example_sla_dag.py took 0.084 seconds
[2022-05-23 17:15:21,637] {processor.py:153} INFO - Started process (PID=38781) to work on /Users/mohammadrezakhorasanchian/.pyenv/versions/3.10.4/lib/python3.10/site-packages/airflow/example_dags/example_sla_dag.py
[2022-05-23 17:15:21,638] {processor.py:641} INFO - Processing file /Users/mohammadrezakhorasanchian/.pyenv/versions/3.10.4/lib/python3.10/site-packages/airflow/example_dags/example_sla_dag.py for tasks to queue
[2022-05-23 17:15:21,638] {logging_mixin.py:115} INFO - [2022-05-23 17:15:21,638] {dagbag.py:507} INFO - Filling up the DagBag from /Users/mohammadrezakhorasanchian/.pyenv/versions/3.10.4/lib/python3.10/site-packages/airflow/example_dags/example_sla_dag.py
[2022-05-23 17:15:21,660] {processor.py:651} INFO - DAG(s) dict_keys(['example_sla_dag']) retrieved from /Users/mohammadrezakhorasanchian/.pyenv/versions/3.10.4/lib/python3.10/site-packages/airflow/example_dags/example_sla_dag.py
[2022-05-23 17:15:21,700] {logging_mixin.py:115} INFO - [2022-05-23 17:15:21,700] {dag.py:2371} INFO - Sync 1 DAGs
[2022-05-23 17:15:21,713] {logging_mixin.py:115} INFO - [2022-05-23 17:15:21,713] {dag.py:2915} INFO - Setting next_dagrun for example_sla_dag to 2022-05-23T14:12:00+00:00, run_after=2022-05-23T14:14:00+00:00
[2022-05-23 17:15:21,720] {processor.py:161} INFO - Processing /Users/mohammadrezakhorasanchian/.pyenv/versions/3.10.4/lib/python3.10/site-packages/airflow/example_dags/example_sla_dag.py took 0.083 seconds
[2022-05-23 17:16:18,583] {processor.py:153} INFO - Started process (PID=38838) to work on /Users/mohammadrezakhorasanchian/.pyenv/versions/3.10.4/lib/python3.10/site-packages/airflow/example_dags/example_sla_dag.py
[2022-05-23 17:16:18,583] {processor.py:641} INFO - Processing file /Users/mohammadrezakhorasanchian/.pyenv/versions/3.10.4/lib/python3.10/site-packages/airflow/example_dags/example_sla_dag.py for tasks to queue
[2022-05-23 17:16:18,584] {logging_mixin.py:115} INFO - [2022-05-23 17:16:18,584] {dagbag.py:507} INFO - Filling up the DagBag from /Users/mohammadrezakhorasanchian/.pyenv/versions/3.10.4/lib/python3.10/site-packages/airflow/example_dags/example_sla_dag.py
[2022-05-23 17:16:18,610] {processor.py:651} INFO - DAG(s) dict_keys(['example_sla_dag']) retrieved from /Users/mohammadrezakhorasanchian/.pyenv/versions/3.10.4/lib/python3.10/site-packages/airflow/example_dags/example_sla_dag.py
[2022-05-23 17:16:18,664] {logging_mixin.py:115} INFO - [2022-05-23 17:16:18,663] {dag.py:2371} INFO - Sync 1 DAGs
[2022-05-23 17:16:18,680] {logging_mixin.py:115} INFO - [2022-05-23 17:16:18,680] {dag.py:2915} INFO - Setting next_dagrun for example_sla_dag to 2022-05-23T14:14:00+00:00, run_after=2022-05-23T14:16:00+00:00
[2022-05-23 17:16:18,688] {processor.py:161} INFO - Processing /Users/mohammadrezakhorasanchian/.pyenv/versions/3.10.4/lib/python3.10/site-packages/airflow/example_dags/example_sla_dag.py took 0.105 seconds
[2022-05-23 17:17:21,701] {processor.py:153} INFO - Started process (PID=38876) to work on /Users/mohammadrezakhorasanchian/.pyenv/versions/3.10.4/lib/python3.10/site-packages/airflow/example_dags/example_sla_dag.py
[2022-05-23 17:17:21,701] {processor.py:641} INFO - Processing file /Users/mohammadrezakhorasanchian/.pyenv/versions/3.10.4/lib/python3.10/site-packages/airflow/example_dags/example_sla_dag.py for tasks to queue
[2022-05-23 17:17:21,702] {logging_mixin.py:115} INFO - [2022-05-23 17:17:21,702] {dagbag.py:507} INFO - Filling up the DagBag from /Users/mohammadrezakhorasanchian/.pyenv/versions/3.10.4/lib/python3.10/site-packages/airflow/example_dags/example_sla_dag.py
[2022-05-23 17:17:21,724] {processor.py:651} INFO - DAG(s) dict_keys(['example_sla_dag']) retrieved from /Users/mohammadrezakhorasanchian/.pyenv/versions/3.10.4/lib/python3.10/site-packages/airflow/example_dags/example_sla_dag.py
[2022-05-23 17:17:21,768] {logging_mixin.py:115} INFO - [2022-05-23 17:17:21,767] {dag.py:2371} INFO - Sync 1 DAGs
[2022-05-23 17:17:21,780] {logging_mixin.py:115} INFO - [2022-05-23 17:17:21,780] {dag.py:2915} INFO - Setting next_dagrun for example_sla_dag to 2022-05-23T14:14:00+00:00, run_after=2022-05-23T14:16:00+00:00
[2022-05-23 17:17:21,787] {processor.py:161} INFO - Processing /Users/mohammadrezakhorasanchian/.pyenv/versions/3.10.4/lib/python3.10/site-packages/airflow/example_dags/example_sla_dag.py took 0.086 seconds
[2022-05-23 17:18:23,293] {processor.py:153} INFO - Started process (PID=38943) to work on /Users/mohammadrezakhorasanchian/.pyenv/versions/3.10.4/lib/python3.10/site-packages/airflow/example_dags/example_sla_dag.py
[2022-05-23 17:18:23,294] {processor.py:641} INFO - Processing file /Users/mohammadrezakhorasanchian/.pyenv/versions/3.10.4/lib/python3.10/site-packages/airflow/example_dags/example_sla_dag.py for tasks to queue
[2022-05-23 17:18:23,294] {logging_mixin.py:115} INFO - [2022-05-23 17:18:23,294] {dagbag.py:507} INFO - Filling up the DagBag from /Users/mohammadrezakhorasanchian/.pyenv/versions/3.10.4/lib/python3.10/site-packages/airflow/example_dags/example_sla_dag.py
[2022-05-23 17:18:23,316] {processor.py:651} INFO - DAG(s) dict_keys(['example_sla_dag']) retrieved from /Users/mohammadrezakhorasanchian/.pyenv/versions/3.10.4/lib/python3.10/site-packages/airflow/example_dags/example_sla_dag.py
[2022-05-23 17:18:23,358] {logging_mixin.py:115} INFO - [2022-05-23 17:18:23,358] {dag.py:2371} INFO - Sync 1 DAGs
[2022-05-23 17:18:23,371] {logging_mixin.py:115} INFO - [2022-05-23 17:18:23,371] {dag.py:2915} INFO - Setting next_dagrun for example_sla_dag to 2022-05-23T14:16:00+00:00, run_after=2022-05-23T14:18:00+00:00
[2022-05-23 17:18:23,378] {processor.py:161} INFO - Processing /Users/mohammadrezakhorasanchian/.pyenv/versions/3.10.4/lib/python3.10/site-packages/airflow/example_dags/example_sla_dag.py took 0.085 seconds
[2022-05-23 17:19:25,671] {processor.py:153} INFO - Started process (PID=39042) to work on /Users/mohammadrezakhorasanchian/.pyenv/versions/3.10.4/lib/python3.10/site-packages/airflow/example_dags/example_sla_dag.py
[2022-05-23 17:19:25,671] {processor.py:641} INFO - Processing file /Users/mohammadrezakhorasanchian/.pyenv/versions/3.10.4/lib/python3.10/site-packages/airflow/example_dags/example_sla_dag.py for tasks to queue
[2022-05-23 17:19:25,671] {logging_mixin.py:115} INFO - [2022-05-23 17:19:25,671] {dagbag.py:507} INFO - Filling up the DagBag from /Users/mohammadrezakhorasanchian/.pyenv/versions/3.10.4/lib/python3.10/site-packages/airflow/example_dags/example_sla_dag.py
[2022-05-23 17:19:25,697] {processor.py:651} INFO - DAG(s) dict_keys(['example_sla_dag']) retrieved from /Users/mohammadrezakhorasanchian/.pyenv/versions/3.10.4/lib/python3.10/site-packages/airflow/example_dags/example_sla_dag.py
[2022-05-23 17:19:25,738] {logging_mixin.py:115} INFO - [2022-05-23 17:19:25,738] {dag.py:2371} INFO - Sync 1 DAGs
[2022-05-23 17:19:25,750] {logging_mixin.py:115} INFO - [2022-05-23 17:19:25,750] {dag.py:2915} INFO - Setting next_dagrun for example_sla_dag to 2022-05-23T14:16:00+00:00, run_after=2022-05-23T14:18:00+00:00
[2022-05-23 17:19:25,757] {processor.py:161} INFO - Processing /Users/mohammadrezakhorasanchian/.pyenv/versions/3.10.4/lib/python3.10/site-packages/airflow/example_dags/example_sla_dag.py took 0.087 seconds
[2022-05-23 17:20:29,628] {processor.py:153} INFO - Started process (PID=39158) to work on /Users/mohammadrezakhorasanchian/.pyenv/versions/3.10.4/lib/python3.10/site-packages/airflow/example_dags/example_sla_dag.py
[2022-05-23 17:20:29,628] {processor.py:641} INFO - Processing file /Users/mohammadrezakhorasanchian/.pyenv/versions/3.10.4/lib/python3.10/site-packages/airflow/example_dags/example_sla_dag.py for tasks to queue
[2022-05-23 17:20:29,628] {logging_mixin.py:115} INFO - [2022-05-23 17:20:29,628] {dagbag.py:507} INFO - Filling up the DagBag from /Users/mohammadrezakhorasanchian/.pyenv/versions/3.10.4/lib/python3.10/site-packages/airflow/example_dags/example_sla_dag.py
[2022-05-23 17:20:29,650] {processor.py:651} INFO - DAG(s) dict_keys(['example_sla_dag']) retrieved from /Users/mohammadrezakhorasanchian/.pyenv/versions/3.10.4/lib/python3.10/site-packages/airflow/example_dags/example_sla_dag.py
[2022-05-23 17:20:29,691] {logging_mixin.py:115} INFO - [2022-05-23 17:20:29,691] {dag.py:2371} INFO - Sync 1 DAGs
[2022-05-23 17:20:29,704] {logging_mixin.py:115} INFO - [2022-05-23 17:20:29,704] {dag.py:2915} INFO - Setting next_dagrun for example_sla_dag to 2022-05-23T14:18:00+00:00, run_after=2022-05-23T14:20:00+00:00
[2022-05-23 17:20:29,711] {processor.py:161} INFO - Processing /Users/mohammadrezakhorasanchian/.pyenv/versions/3.10.4/lib/python3.10/site-packages/airflow/example_dags/example_sla_dag.py took 0.084 seconds
[2022-05-23 17:21:29,357] {processor.py:153} INFO - Started process (PID=39220) to work on /Users/mohammadrezakhorasanchian/.pyenv/versions/3.10.4/lib/python3.10/site-packages/airflow/example_dags/example_sla_dag.py
[2022-05-23 17:21:29,357] {processor.py:641} INFO - Processing file /Users/mohammadrezakhorasanchian/.pyenv/versions/3.10.4/lib/python3.10/site-packages/airflow/example_dags/example_sla_dag.py for tasks to queue
[2022-05-23 17:21:29,357] {logging_mixin.py:115} INFO - [2022-05-23 17:21:29,357] {dagbag.py:507} INFO - Filling up the DagBag from /Users/mohammadrezakhorasanchian/.pyenv/versions/3.10.4/lib/python3.10/site-packages/airflow/example_dags/example_sla_dag.py
[2022-05-23 17:21:29,380] {processor.py:651} INFO - DAG(s) dict_keys(['example_sla_dag']) retrieved from /Users/mohammadrezakhorasanchian/.pyenv/versions/3.10.4/lib/python3.10/site-packages/airflow/example_dags/example_sla_dag.py
[2022-05-23 17:21:29,424] {logging_mixin.py:115} INFO - [2022-05-23 17:21:29,424] {dag.py:2371} INFO - Sync 1 DAGs
[2022-05-23 17:21:29,437] {logging_mixin.py:115} INFO - [2022-05-23 17:21:29,437] {dag.py:2915} INFO - Setting next_dagrun for example_sla_dag to 2022-05-23T14:18:00+00:00, run_after=2022-05-23T14:20:00+00:00
[2022-05-23 17:21:29,445] {processor.py:161} INFO - Processing /Users/mohammadrezakhorasanchian/.pyenv/versions/3.10.4/lib/python3.10/site-packages/airflow/example_dags/example_sla_dag.py took 0.089 seconds
[2022-05-23 17:22:40,595] {processor.py:153} INFO - Started process (PID=39294) to work on /Users/mohammadrezakhorasanchian/.pyenv/versions/3.10.4/lib/python3.10/site-packages/airflow/example_dags/example_sla_dag.py
[2022-05-23 17:22:40,595] {processor.py:641} INFO - Processing file /Users/mohammadrezakhorasanchian/.pyenv/versions/3.10.4/lib/python3.10/site-packages/airflow/example_dags/example_sla_dag.py for tasks to queue
[2022-05-23 17:22:40,595] {logging_mixin.py:115} INFO - [2022-05-23 17:22:40,595] {dagbag.py:507} INFO - Filling up the DagBag from /Users/mohammadrezakhorasanchian/.pyenv/versions/3.10.4/lib/python3.10/site-packages/airflow/example_dags/example_sla_dag.py
[2022-05-23 17:22:40,624] {processor.py:651} INFO - DAG(s) dict_keys(['example_sla_dag']) retrieved from /Users/mohammadrezakhorasanchian/.pyenv/versions/3.10.4/lib/python3.10/site-packages/airflow/example_dags/example_sla_dag.py
[2022-05-23 17:22:40,678] {logging_mixin.py:115} INFO - [2022-05-23 17:22:40,678] {dag.py:2371} INFO - Sync 1 DAGs
[2022-05-23 17:22:40,695] {logging_mixin.py:115} INFO - [2022-05-23 17:22:40,695] {dag.py:2915} INFO - Setting next_dagrun for example_sla_dag to 2022-05-23T14:20:00+00:00, run_after=2022-05-23T14:22:00+00:00
[2022-05-23 17:22:40,704] {processor.py:161} INFO - Processing /Users/mohammadrezakhorasanchian/.pyenv/versions/3.10.4/lib/python3.10/site-packages/airflow/example_dags/example_sla_dag.py took 0.109 seconds
[2022-05-23 17:23:43,519] {processor.py:153} INFO - Started process (PID=39364) to work on /Users/mohammadrezakhorasanchian/.pyenv/versions/3.10.4/lib/python3.10/site-packages/airflow/example_dags/example_sla_dag.py
[2022-05-23 17:23:43,519] {processor.py:641} INFO - Processing file /Users/mohammadrezakhorasanchian/.pyenv/versions/3.10.4/lib/python3.10/site-packages/airflow/example_dags/example_sla_dag.py for tasks to queue
[2022-05-23 17:23:43,519] {logging_mixin.py:115} INFO - [2022-05-23 17:23:43,519] {dagbag.py:507} INFO - Filling up the DagBag from /Users/mohammadrezakhorasanchian/.pyenv/versions/3.10.4/lib/python3.10/site-packages/airflow/example_dags/example_sla_dag.py
[2022-05-23 17:23:43,541] {processor.py:651} INFO - DAG(s) dict_keys(['example_sla_dag']) retrieved from /Users/mohammadrezakhorasanchian/.pyenv/versions/3.10.4/lib/python3.10/site-packages/airflow/example_dags/example_sla_dag.py
[2022-05-23 17:23:43,583] {logging_mixin.py:115} INFO - [2022-05-23 17:23:43,583] {dag.py:2371} INFO - Sync 1 DAGs
[2022-05-23 17:23:43,595] {logging_mixin.py:115} INFO - [2022-05-23 17:23:43,595] {dag.py:2915} INFO - Setting next_dagrun for example_sla_dag to 2022-05-23T14:20:00+00:00, run_after=2022-05-23T14:22:00+00:00
[2022-05-23 17:23:43,603] {processor.py:161} INFO - Processing /Users/mohammadrezakhorasanchian/.pyenv/versions/3.10.4/lib/python3.10/site-packages/airflow/example_dags/example_sla_dag.py took 0.084 seconds
[2022-05-23 17:24:51,551] {processor.py:153} INFO - Started process (PID=39454) to work on /Users/mohammadrezakhorasanchian/.pyenv/versions/3.10.4/lib/python3.10/site-packages/airflow/example_dags/example_sla_dag.py
[2022-05-23 17:24:51,552] {processor.py:641} INFO - Processing file /Users/mohammadrezakhorasanchian/.pyenv/versions/3.10.4/lib/python3.10/site-packages/airflow/example_dags/example_sla_dag.py for tasks to queue
[2022-05-23 17:24:51,553] {logging_mixin.py:115} INFO - [2022-05-23 17:24:51,552] {dagbag.py:507} INFO - Filling up the DagBag from /Users/mohammadrezakhorasanchian/.pyenv/versions/3.10.4/lib/python3.10/site-packages/airflow/example_dags/example_sla_dag.py
[2022-05-23 17:24:51,580] {processor.py:651} INFO - DAG(s) dict_keys(['example_sla_dag']) retrieved from /Users/mohammadrezakhorasanchian/.pyenv/versions/3.10.4/lib/python3.10/site-packages/airflow/example_dags/example_sla_dag.py
[2022-05-23 17:24:51,632] {logging_mixin.py:115} INFO - [2022-05-23 17:24:51,632] {dag.py:2371} INFO - Sync 1 DAGs
[2022-05-23 17:24:51,647] {logging_mixin.py:115} INFO - [2022-05-23 17:24:51,646] {dag.py:2915} INFO - Setting next_dagrun for example_sla_dag to 2022-05-23T14:22:00+00:00, run_after=2022-05-23T14:24:00+00:00
[2022-05-23 17:24:51,655] {processor.py:161} INFO - Processing /Users/mohammadrezakhorasanchian/.pyenv/versions/3.10.4/lib/python3.10/site-packages/airflow/example_dags/example_sla_dag.py took 0.104 seconds
[2022-05-23 17:30:10,975] {processor.py:153} INFO - Started process (PID=39624) to work on /Users/mohammadrezakhorasanchian/.pyenv/versions/3.10.4/lib/python3.10/site-packages/airflow/example_dags/example_sla_dag.py
[2022-05-23 17:30:10,976] {processor.py:641} INFO - Processing file /Users/mohammadrezakhorasanchian/.pyenv/versions/3.10.4/lib/python3.10/site-packages/airflow/example_dags/example_sla_dag.py for tasks to queue
[2022-05-23 17:30:10,976] {logging_mixin.py:115} INFO - [2022-05-23 17:30:10,976] {dagbag.py:507} INFO - Filling up the DagBag from /Users/mohammadrezakhorasanchian/.pyenv/versions/3.10.4/lib/python3.10/site-packages/airflow/example_dags/example_sla_dag.py
[2022-05-23 17:30:11,000] {processor.py:651} INFO - DAG(s) dict_keys(['example_sla_dag']) retrieved from /Users/mohammadrezakhorasanchian/.pyenv/versions/3.10.4/lib/python3.10/site-packages/airflow/example_dags/example_sla_dag.py
[2022-05-23 17:30:11,042] {logging_mixin.py:115} INFO - [2022-05-23 17:30:11,041] {dag.py:2371} INFO - Sync 1 DAGs
[2022-05-23 17:30:11,054] {logging_mixin.py:115} INFO - [2022-05-23 17:30:11,054] {dag.py:2915} INFO - Setting next_dagrun for example_sla_dag to 2022-05-23T14:28:00+00:00, run_after=2022-05-23T14:30:00+00:00
[2022-05-23 17:30:11,061] {processor.py:161} INFO - Processing /Users/mohammadrezakhorasanchian/.pyenv/versions/3.10.4/lib/python3.10/site-packages/airflow/example_dags/example_sla_dag.py took 0.087 seconds
[2022-05-23 17:34:00,953] {processor.py:153} INFO - Started process (PID=39747) to work on /Users/mohammadrezakhorasanchian/.pyenv/versions/3.10.4/lib/python3.10/site-packages/airflow/example_dags/example_sla_dag.py
[2022-05-23 17:34:00,953] {processor.py:641} INFO - Processing file /Users/mohammadrezakhorasanchian/.pyenv/versions/3.10.4/lib/python3.10/site-packages/airflow/example_dags/example_sla_dag.py for tasks to queue
[2022-05-23 17:34:00,953] {logging_mixin.py:115} INFO - [2022-05-23 17:34:00,953] {dagbag.py:507} INFO - Filling up the DagBag from /Users/mohammadrezakhorasanchian/.pyenv/versions/3.10.4/lib/python3.10/site-packages/airflow/example_dags/example_sla_dag.py
[2022-05-23 17:34:00,976] {processor.py:651} INFO - DAG(s) dict_keys(['example_sla_dag']) retrieved from /Users/mohammadrezakhorasanchian/.pyenv/versions/3.10.4/lib/python3.10/site-packages/airflow/example_dags/example_sla_dag.py
[2022-05-23 17:34:01,018] {logging_mixin.py:115} INFO - [2022-05-23 17:34:01,018] {dag.py:2371} INFO - Sync 1 DAGs
[2022-05-23 17:34:01,030] {logging_mixin.py:115} INFO - [2022-05-23 17:34:01,030] {dag.py:2915} INFO - Setting next_dagrun for example_sla_dag to 2022-05-23T14:32:00+00:00, run_after=2022-05-23T14:34:00+00:00
[2022-05-23 17:34:01,037] {processor.py:161} INFO - Processing /Users/mohammadrezakhorasanchian/.pyenv/versions/3.10.4/lib/python3.10/site-packages/airflow/example_dags/example_sla_dag.py took 0.085 seconds
[2022-05-23 17:34:58,164] {processor.py:153} INFO - Started process (PID=39782) to work on /Users/mohammadrezakhorasanchian/.pyenv/versions/3.10.4/lib/python3.10/site-packages/airflow/example_dags/example_sla_dag.py
[2022-05-23 17:34:58,164] {processor.py:641} INFO - Processing file /Users/mohammadrezakhorasanchian/.pyenv/versions/3.10.4/lib/python3.10/site-packages/airflow/example_dags/example_sla_dag.py for tasks to queue
[2022-05-23 17:34:58,164] {logging_mixin.py:115} INFO - [2022-05-23 17:34:58,164] {dagbag.py:507} INFO - Filling up the DagBag from /Users/mohammadrezakhorasanchian/.pyenv/versions/3.10.4/lib/python3.10/site-packages/airflow/example_dags/example_sla_dag.py
[2022-05-23 17:34:58,188] {processor.py:651} INFO - DAG(s) dict_keys(['example_sla_dag']) retrieved from /Users/mohammadrezakhorasanchian/.pyenv/versions/3.10.4/lib/python3.10/site-packages/airflow/example_dags/example_sla_dag.py
[2022-05-23 17:34:58,229] {logging_mixin.py:115} INFO - [2022-05-23 17:34:58,229] {dag.py:2371} INFO - Sync 1 DAGs
[2022-05-23 17:34:58,242] {logging_mixin.py:115} INFO - [2022-05-23 17:34:58,242] {dag.py:2915} INFO - Setting next_dagrun for example_sla_dag to 2022-05-23T14:32:00+00:00, run_after=2022-05-23T14:34:00+00:00
[2022-05-23 17:34:58,250] {processor.py:161} INFO - Processing /Users/mohammadrezakhorasanchian/.pyenv/versions/3.10.4/lib/python3.10/site-packages/airflow/example_dags/example_sla_dag.py took 0.087 seconds
[2022-05-23 17:35:58,290] {processor.py:153} INFO - Started process (PID=39826) to work on /Users/mohammadrezakhorasanchian/.pyenv/versions/3.10.4/lib/python3.10/site-packages/airflow/example_dags/example_sla_dag.py
[2022-05-23 17:35:58,290] {processor.py:641} INFO - Processing file /Users/mohammadrezakhorasanchian/.pyenv/versions/3.10.4/lib/python3.10/site-packages/airflow/example_dags/example_sla_dag.py for tasks to queue
[2022-05-23 17:35:58,290] {logging_mixin.py:115} INFO - [2022-05-23 17:35:58,290] {dagbag.py:507} INFO - Filling up the DagBag from /Users/mohammadrezakhorasanchian/.pyenv/versions/3.10.4/lib/python3.10/site-packages/airflow/example_dags/example_sla_dag.py
[2022-05-23 17:35:58,320] {processor.py:651} INFO - DAG(s) dict_keys(['example_sla_dag']) retrieved from /Users/mohammadrezakhorasanchian/.pyenv/versions/3.10.4/lib/python3.10/site-packages/airflow/example_dags/example_sla_dag.py
[2022-05-23 17:35:58,374] {logging_mixin.py:115} INFO - [2022-05-23 17:35:58,374] {dag.py:2371} INFO - Sync 1 DAGs
[2022-05-23 17:35:58,391] {logging_mixin.py:115} INFO - [2022-05-23 17:35:58,391] {dag.py:2915} INFO - Setting next_dagrun for example_sla_dag to 2022-05-23T14:32:00+00:00, run_after=2022-05-23T14:34:00+00:00
[2022-05-23 17:35:58,400] {processor.py:161} INFO - Processing /Users/mohammadrezakhorasanchian/.pyenv/versions/3.10.4/lib/python3.10/site-packages/airflow/example_dags/example_sla_dag.py took 0.111 seconds
[2022-05-23 17:36:58,579] {processor.py:153} INFO - Started process (PID=39866) to work on /Users/mohammadrezakhorasanchian/.pyenv/versions/3.10.4/lib/python3.10/site-packages/airflow/example_dags/example_sla_dag.py
[2022-05-23 17:36:58,579] {processor.py:641} INFO - Processing file /Users/mohammadrezakhorasanchian/.pyenv/versions/3.10.4/lib/python3.10/site-packages/airflow/example_dags/example_sla_dag.py for tasks to queue
[2022-05-23 17:36:58,579] {logging_mixin.py:115} INFO - [2022-05-23 17:36:58,579] {dagbag.py:507} INFO - Filling up the DagBag from /Users/mohammadrezakhorasanchian/.pyenv/versions/3.10.4/lib/python3.10/site-packages/airflow/example_dags/example_sla_dag.py
[2022-05-23 17:36:58,602] {processor.py:651} INFO - DAG(s) dict_keys(['example_sla_dag']) retrieved from /Users/mohammadrezakhorasanchian/.pyenv/versions/3.10.4/lib/python3.10/site-packages/airflow/example_dags/example_sla_dag.py
[2022-05-23 17:36:58,645] {logging_mixin.py:115} INFO - [2022-05-23 17:36:58,645] {dag.py:2371} INFO - Sync 1 DAGs
[2022-05-23 17:36:58,657] {logging_mixin.py:115} INFO - [2022-05-23 17:36:58,657] {dag.py:2915} INFO - Setting next_dagrun for example_sla_dag to 2022-05-23T14:34:00+00:00, run_after=2022-05-23T14:36:00+00:00
[2022-05-23 17:36:58,665] {processor.py:161} INFO - Processing /Users/mohammadrezakhorasanchian/.pyenv/versions/3.10.4/lib/python3.10/site-packages/airflow/example_dags/example_sla_dag.py took 0.086 seconds
[2022-05-23 17:37:55,620] {processor.py:153} INFO - Started process (PID=39904) to work on /Users/mohammadrezakhorasanchian/.pyenv/versions/3.10.4/lib/python3.10/site-packages/airflow/example_dags/example_sla_dag.py
[2022-05-23 17:37:55,620] {processor.py:641} INFO - Processing file /Users/mohammadrezakhorasanchian/.pyenv/versions/3.10.4/lib/python3.10/site-packages/airflow/example_dags/example_sla_dag.py for tasks to queue
[2022-05-23 17:37:55,620] {logging_mixin.py:115} INFO - [2022-05-23 17:37:55,620] {dagbag.py:507} INFO - Filling up the DagBag from /Users/mohammadrezakhorasanchian/.pyenv/versions/3.10.4/lib/python3.10/site-packages/airflow/example_dags/example_sla_dag.py
[2022-05-23 17:37:55,642] {processor.py:651} INFO - DAG(s) dict_keys(['example_sla_dag']) retrieved from /Users/mohammadrezakhorasanchian/.pyenv/versions/3.10.4/lib/python3.10/site-packages/airflow/example_dags/example_sla_dag.py
[2022-05-23 17:37:55,683] {logging_mixin.py:115} INFO - [2022-05-23 17:37:55,683] {dag.py:2371} INFO - Sync 1 DAGs
[2022-05-23 17:37:55,696] {logging_mixin.py:115} INFO - [2022-05-23 17:37:55,696] {dag.py:2915} INFO - Setting next_dagrun for example_sla_dag to 2022-05-23T14:34:00+00:00, run_after=2022-05-23T14:36:00+00:00
[2022-05-23 17:37:55,703] {processor.py:161} INFO - Processing /Users/mohammadrezakhorasanchian/.pyenv/versions/3.10.4/lib/python3.10/site-packages/airflow/example_dags/example_sla_dag.py took 0.083 seconds
[2022-05-23 17:38:53,133] {processor.py:153} INFO - Started process (PID=39945) to work on /Users/mohammadrezakhorasanchian/.pyenv/versions/3.10.4/lib/python3.10/site-packages/airflow/example_dags/example_sla_dag.py
[2022-05-23 17:38:53,133] {processor.py:641} INFO - Processing file /Users/mohammadrezakhorasanchian/.pyenv/versions/3.10.4/lib/python3.10/site-packages/airflow/example_dags/example_sla_dag.py for tasks to queue
[2022-05-23 17:38:53,133] {logging_mixin.py:115} INFO - [2022-05-23 17:38:53,133] {dagbag.py:507} INFO - Filling up the DagBag from /Users/mohammadrezakhorasanchian/.pyenv/versions/3.10.4/lib/python3.10/site-packages/airflow/example_dags/example_sla_dag.py
[2022-05-23 17:38:53,155] {processor.py:651} INFO - DAG(s) dict_keys(['example_sla_dag']) retrieved from /Users/mohammadrezakhorasanchian/.pyenv/versions/3.10.4/lib/python3.10/site-packages/airflow/example_dags/example_sla_dag.py
[2022-05-23 17:38:53,197] {logging_mixin.py:115} INFO - [2022-05-23 17:38:53,196] {dag.py:2371} INFO - Sync 1 DAGs
[2022-05-23 17:38:53,209] {logging_mixin.py:115} INFO - [2022-05-23 17:38:53,209] {dag.py:2915} INFO - Setting next_dagrun for example_sla_dag to 2022-05-23T14:36:00+00:00, run_after=2022-05-23T14:38:00+00:00
[2022-05-23 17:38:53,219] {processor.py:161} INFO - Processing /Users/mohammadrezakhorasanchian/.pyenv/versions/3.10.4/lib/python3.10/site-packages/airflow/example_dags/example_sla_dag.py took 0.086 seconds
[2022-05-23 17:39:51,773] {processor.py:153} INFO - Started process (PID=39981) to work on /Users/mohammadrezakhorasanchian/.pyenv/versions/3.10.4/lib/python3.10/site-packages/airflow/example_dags/example_sla_dag.py
[2022-05-23 17:39:51,773] {processor.py:641} INFO - Processing file /Users/mohammadrezakhorasanchian/.pyenv/versions/3.10.4/lib/python3.10/site-packages/airflow/example_dags/example_sla_dag.py for tasks to queue
[2022-05-23 17:39:51,773] {logging_mixin.py:115} INFO - [2022-05-23 17:39:51,773] {dagbag.py:507} INFO - Filling up the DagBag from /Users/mohammadrezakhorasanchian/.pyenv/versions/3.10.4/lib/python3.10/site-packages/airflow/example_dags/example_sla_dag.py
[2022-05-23 17:39:51,795] {processor.py:651} INFO - DAG(s) dict_keys(['example_sla_dag']) retrieved from /Users/mohammadrezakhorasanchian/.pyenv/versions/3.10.4/lib/python3.10/site-packages/airflow/example_dags/example_sla_dag.py
[2022-05-23 17:39:51,838] {logging_mixin.py:115} INFO - [2022-05-23 17:39:51,838] {dag.py:2371} INFO - Sync 1 DAGs
[2022-05-23 17:39:51,850] {logging_mixin.py:115} INFO - [2022-05-23 17:39:51,850] {dag.py:2915} INFO - Setting next_dagrun for example_sla_dag to 2022-05-23T14:36:00+00:00, run_after=2022-05-23T14:38:00+00:00
[2022-05-23 17:39:51,858] {processor.py:161} INFO - Processing /Users/mohammadrezakhorasanchian/.pyenv/versions/3.10.4/lib/python3.10/site-packages/airflow/example_dags/example_sla_dag.py took 0.085 seconds
[2022-05-23 17:40:50,560] {processor.py:153} INFO - Started process (PID=40018) to work on /Users/mohammadrezakhorasanchian/.pyenv/versions/3.10.4/lib/python3.10/site-packages/airflow/example_dags/example_sla_dag.py
[2022-05-23 17:40:50,560] {processor.py:641} INFO - Processing file /Users/mohammadrezakhorasanchian/.pyenv/versions/3.10.4/lib/python3.10/site-packages/airflow/example_dags/example_sla_dag.py for tasks to queue
[2022-05-23 17:40:50,560] {logging_mixin.py:115} INFO - [2022-05-23 17:40:50,560] {dagbag.py:507} INFO - Filling up the DagBag from /Users/mohammadrezakhorasanchian/.pyenv/versions/3.10.4/lib/python3.10/site-packages/airflow/example_dags/example_sla_dag.py
[2022-05-23 17:40:50,582] {processor.py:651} INFO - DAG(s) dict_keys(['example_sla_dag']) retrieved from /Users/mohammadrezakhorasanchian/.pyenv/versions/3.10.4/lib/python3.10/site-packages/airflow/example_dags/example_sla_dag.py
[2022-05-23 17:40:50,623] {logging_mixin.py:115} INFO - [2022-05-23 17:40:50,623] {dag.py:2371} INFO - Sync 1 DAGs
[2022-05-23 17:40:50,635] {logging_mixin.py:115} INFO - [2022-05-23 17:40:50,635] {dag.py:2915} INFO - Setting next_dagrun for example_sla_dag to 2022-05-23T14:38:00+00:00, run_after=2022-05-23T14:40:00+00:00
[2022-05-23 17:40:50,642] {processor.py:161} INFO - Processing /Users/mohammadrezakhorasanchian/.pyenv/versions/3.10.4/lib/python3.10/site-packages/airflow/example_dags/example_sla_dag.py took 0.083 seconds
[2022-05-23 17:41:47,260] {processor.py:153} INFO - Started process (PID=40054) to work on /Users/mohammadrezakhorasanchian/.pyenv/versions/3.10.4/lib/python3.10/site-packages/airflow/example_dags/example_sla_dag.py
[2022-05-23 17:41:47,260] {processor.py:641} INFO - Processing file /Users/mohammadrezakhorasanchian/.pyenv/versions/3.10.4/lib/python3.10/site-packages/airflow/example_dags/example_sla_dag.py for tasks to queue
[2022-05-23 17:41:47,261] {logging_mixin.py:115} INFO - [2022-05-23 17:41:47,261] {dagbag.py:507} INFO - Filling up the DagBag from /Users/mohammadrezakhorasanchian/.pyenv/versions/3.10.4/lib/python3.10/site-packages/airflow/example_dags/example_sla_dag.py
[2022-05-23 17:41:47,283] {processor.py:651} INFO - DAG(s) dict_keys(['example_sla_dag']) retrieved from /Users/mohammadrezakhorasanchian/.pyenv/versions/3.10.4/lib/python3.10/site-packages/airflow/example_dags/example_sla_dag.py
[2022-05-23 17:41:47,325] {logging_mixin.py:115} INFO - [2022-05-23 17:41:47,325] {dag.py:2371} INFO - Sync 1 DAGs
[2022-05-23 17:41:47,338] {logging_mixin.py:115} INFO - [2022-05-23 17:41:47,338] {dag.py:2915} INFO - Setting next_dagrun for example_sla_dag to 2022-05-23T14:38:00+00:00, run_after=2022-05-23T14:40:00+00:00
[2022-05-23 17:41:47,344] {processor.py:161} INFO - Processing /Users/mohammadrezakhorasanchian/.pyenv/versions/3.10.4/lib/python3.10/site-packages/airflow/example_dags/example_sla_dag.py took 0.085 seconds
[2022-05-23 17:42:45,430] {processor.py:153} INFO - Started process (PID=40090) to work on /Users/mohammadrezakhorasanchian/.pyenv/versions/3.10.4/lib/python3.10/site-packages/airflow/example_dags/example_sla_dag.py
[2022-05-23 17:42:45,430] {processor.py:641} INFO - Processing file /Users/mohammadrezakhorasanchian/.pyenv/versions/3.10.4/lib/python3.10/site-packages/airflow/example_dags/example_sla_dag.py for tasks to queue
[2022-05-23 17:42:45,431] {logging_mixin.py:115} INFO - [2022-05-23 17:42:45,431] {dagbag.py:507} INFO - Filling up the DagBag from /Users/mohammadrezakhorasanchian/.pyenv/versions/3.10.4/lib/python3.10/site-packages/airflow/example_dags/example_sla_dag.py
[2022-05-23 17:42:45,453] {processor.py:651} INFO - DAG(s) dict_keys(['example_sla_dag']) retrieved from /Users/mohammadrezakhorasanchian/.pyenv/versions/3.10.4/lib/python3.10/site-packages/airflow/example_dags/example_sla_dag.py
[2022-05-23 17:42:45,494] {logging_mixin.py:115} INFO - [2022-05-23 17:42:45,494] {dag.py:2371} INFO - Sync 1 DAGs
[2022-05-23 17:42:45,507] {logging_mixin.py:115} INFO - [2022-05-23 17:42:45,507] {dag.py:2915} INFO - Setting next_dagrun for example_sla_dag to 2022-05-23T14:40:00+00:00, run_after=2022-05-23T14:42:00+00:00
[2022-05-23 17:42:45,514] {processor.py:161} INFO - Processing /Users/mohammadrezakhorasanchian/.pyenv/versions/3.10.4/lib/python3.10/site-packages/airflow/example_dags/example_sla_dag.py took 0.084 seconds
[2022-05-23 17:43:45,663] {processor.py:153} INFO - Started process (PID=40130) to work on /Users/mohammadrezakhorasanchian/.pyenv/versions/3.10.4/lib/python3.10/site-packages/airflow/example_dags/example_sla_dag.py
[2022-05-23 17:43:45,664] {processor.py:641} INFO - Processing file /Users/mohammadrezakhorasanchian/.pyenv/versions/3.10.4/lib/python3.10/site-packages/airflow/example_dags/example_sla_dag.py for tasks to queue
[2022-05-23 17:43:45,664] {logging_mixin.py:115} INFO - [2022-05-23 17:43:45,664] {dagbag.py:507} INFO - Filling up the DagBag from /Users/mohammadrezakhorasanchian/.pyenv/versions/3.10.4/lib/python3.10/site-packages/airflow/example_dags/example_sla_dag.py
[2022-05-23 17:43:45,686] {processor.py:651} INFO - DAG(s) dict_keys(['example_sla_dag']) retrieved from /Users/mohammadrezakhorasanchian/.pyenv/versions/3.10.4/lib/python3.10/site-packages/airflow/example_dags/example_sla_dag.py
[2022-05-23 17:43:45,727] {logging_mixin.py:115} INFO - [2022-05-23 17:43:45,726] {dag.py:2371} INFO - Sync 1 DAGs
[2022-05-23 17:43:45,739] {logging_mixin.py:115} INFO - [2022-05-23 17:43:45,739] {dag.py:2915} INFO - Setting next_dagrun for example_sla_dag to 2022-05-23T14:40:00+00:00, run_after=2022-05-23T14:42:00+00:00
[2022-05-23 17:43:45,749] {processor.py:161} INFO - Processing /Users/mohammadrezakhorasanchian/.pyenv/versions/3.10.4/lib/python3.10/site-packages/airflow/example_dags/example_sla_dag.py took 0.086 seconds
[2022-05-23 17:44:44,093] {processor.py:153} INFO - Started process (PID=40170) to work on /Users/mohammadrezakhorasanchian/.pyenv/versions/3.10.4/lib/python3.10/site-packages/airflow/example_dags/example_sla_dag.py
[2022-05-23 17:44:44,093] {processor.py:641} INFO - Processing file /Users/mohammadrezakhorasanchian/.pyenv/versions/3.10.4/lib/python3.10/site-packages/airflow/example_dags/example_sla_dag.py for tasks to queue
[2022-05-23 17:44:44,093] {logging_mixin.py:115} INFO - [2022-05-23 17:44:44,093] {dagbag.py:507} INFO - Filling up the DagBag from /Users/mohammadrezakhorasanchian/.pyenv/versions/3.10.4/lib/python3.10/site-packages/airflow/example_dags/example_sla_dag.py
[2022-05-23 17:44:44,117] {processor.py:651} INFO - DAG(s) dict_keys(['example_sla_dag']) retrieved from /Users/mohammadrezakhorasanchian/.pyenv/versions/3.10.4/lib/python3.10/site-packages/airflow/example_dags/example_sla_dag.py
[2022-05-23 17:44:44,160] {logging_mixin.py:115} INFO - [2022-05-23 17:44:44,160] {dag.py:2371} INFO - Sync 1 DAGs
[2022-05-23 17:44:44,173] {logging_mixin.py:115} INFO - [2022-05-23 17:44:44,173] {dag.py:2915} INFO - Setting next_dagrun for example_sla_dag to 2022-05-23T14:42:00+00:00, run_after=2022-05-23T14:44:00+00:00
[2022-05-23 17:44:44,180] {processor.py:161} INFO - Processing /Users/mohammadrezakhorasanchian/.pyenv/versions/3.10.4/lib/python3.10/site-packages/airflow/example_dags/example_sla_dag.py took 0.088 seconds
[2022-05-23 17:45:44,778] {processor.py:153} INFO - Started process (PID=40207) to work on /Users/mohammadrezakhorasanchian/.pyenv/versions/3.10.4/lib/python3.10/site-packages/airflow/example_dags/example_sla_dag.py
[2022-05-23 17:45:44,778] {processor.py:641} INFO - Processing file /Users/mohammadrezakhorasanchian/.pyenv/versions/3.10.4/lib/python3.10/site-packages/airflow/example_dags/example_sla_dag.py for tasks to queue
[2022-05-23 17:45:44,779] {logging_mixin.py:115} INFO - [2022-05-23 17:45:44,779] {dagbag.py:507} INFO - Filling up the DagBag from /Users/mohammadrezakhorasanchian/.pyenv/versions/3.10.4/lib/python3.10/site-packages/airflow/example_dags/example_sla_dag.py
[2022-05-23 17:45:44,801] {processor.py:651} INFO - DAG(s) dict_keys(['example_sla_dag']) retrieved from /Users/mohammadrezakhorasanchian/.pyenv/versions/3.10.4/lib/python3.10/site-packages/airflow/example_dags/example_sla_dag.py
[2022-05-23 17:45:44,843] {logging_mixin.py:115} INFO - [2022-05-23 17:45:44,843] {dag.py:2371} INFO - Sync 1 DAGs
[2022-05-23 17:45:44,855] {logging_mixin.py:115} INFO - [2022-05-23 17:45:44,855] {dag.py:2915} INFO - Setting next_dagrun for example_sla_dag to 2022-05-23T14:42:00+00:00, run_after=2022-05-23T14:44:00+00:00
[2022-05-23 17:45:44,862] {processor.py:161} INFO - Processing /Users/mohammadrezakhorasanchian/.pyenv/versions/3.10.4/lib/python3.10/site-packages/airflow/example_dags/example_sla_dag.py took 0.084 seconds
[2022-05-23 17:46:42,386] {processor.py:153} INFO - Started process (PID=40250) to work on /Users/mohammadrezakhorasanchian/.pyenv/versions/3.10.4/lib/python3.10/site-packages/airflow/example_dags/example_sla_dag.py
[2022-05-23 17:46:42,386] {processor.py:641} INFO - Processing file /Users/mohammadrezakhorasanchian/.pyenv/versions/3.10.4/lib/python3.10/site-packages/airflow/example_dags/example_sla_dag.py for tasks to queue
[2022-05-23 17:46:42,386] {logging_mixin.py:115} INFO - [2022-05-23 17:46:42,386] {dagbag.py:507} INFO - Filling up the DagBag from /Users/mohammadrezakhorasanchian/.pyenv/versions/3.10.4/lib/python3.10/site-packages/airflow/example_dags/example_sla_dag.py
[2022-05-23 17:46:42,409] {processor.py:651} INFO - DAG(s) dict_keys(['example_sla_dag']) retrieved from /Users/mohammadrezakhorasanchian/.pyenv/versions/3.10.4/lib/python3.10/site-packages/airflow/example_dags/example_sla_dag.py
[2022-05-23 17:46:42,452] {logging_mixin.py:115} INFO - [2022-05-23 17:46:42,451] {dag.py:2371} INFO - Sync 1 DAGs
[2022-05-23 17:46:42,464] {logging_mixin.py:115} INFO - [2022-05-23 17:46:42,464] {dag.py:2915} INFO - Setting next_dagrun for example_sla_dag to 2022-05-23T14:44:00+00:00, run_after=2022-05-23T14:46:00+00:00
[2022-05-23 17:46:42,470] {processor.py:161} INFO - Processing /Users/mohammadrezakhorasanchian/.pyenv/versions/3.10.4/lib/python3.10/site-packages/airflow/example_dags/example_sla_dag.py took 0.084 seconds
[2022-05-23 17:47:42,456] {processor.py:153} INFO - Started process (PID=40292) to work on /Users/mohammadrezakhorasanchian/.pyenv/versions/3.10.4/lib/python3.10/site-packages/airflow/example_dags/example_sla_dag.py
[2022-05-23 17:47:42,456] {processor.py:641} INFO - Processing file /Users/mohammadrezakhorasanchian/.pyenv/versions/3.10.4/lib/python3.10/site-packages/airflow/example_dags/example_sla_dag.py for tasks to queue
[2022-05-23 17:47:42,456] {logging_mixin.py:115} INFO - [2022-05-23 17:47:42,456] {dagbag.py:507} INFO - Filling up the DagBag from /Users/mohammadrezakhorasanchian/.pyenv/versions/3.10.4/lib/python3.10/site-packages/airflow/example_dags/example_sla_dag.py
[2022-05-23 17:47:42,478] {processor.py:651} INFO - DAG(s) dict_keys(['example_sla_dag']) retrieved from /Users/mohammadrezakhorasanchian/.pyenv/versions/3.10.4/lib/python3.10/site-packages/airflow/example_dags/example_sla_dag.py
[2022-05-23 17:47:42,520] {logging_mixin.py:115} INFO - [2022-05-23 17:47:42,520] {dag.py:2371} INFO - Sync 1 DAGs
[2022-05-23 17:47:42,532] {logging_mixin.py:115} INFO - [2022-05-23 17:47:42,532] {dag.py:2915} INFO - Setting next_dagrun for example_sla_dag to 2022-05-23T14:44:00+00:00, run_after=2022-05-23T14:46:00+00:00
[2022-05-23 17:47:42,539] {processor.py:161} INFO - Processing /Users/mohammadrezakhorasanchian/.pyenv/versions/3.10.4/lib/python3.10/site-packages/airflow/example_dags/example_sla_dag.py took 0.083 seconds
[2022-05-23 17:48:43,377] {processor.py:153} INFO - Started process (PID=40337) to work on /Users/mohammadrezakhorasanchian/.pyenv/versions/3.10.4/lib/python3.10/site-packages/airflow/example_dags/example_sla_dag.py
[2022-05-23 17:48:43,377] {processor.py:641} INFO - Processing file /Users/mohammadrezakhorasanchian/.pyenv/versions/3.10.4/lib/python3.10/site-packages/airflow/example_dags/example_sla_dag.py for tasks to queue
[2022-05-23 17:48:43,378] {logging_mixin.py:115} INFO - [2022-05-23 17:48:43,378] {dagbag.py:507} INFO - Filling up the DagBag from /Users/mohammadrezakhorasanchian/.pyenv/versions/3.10.4/lib/python3.10/site-packages/airflow/example_dags/example_sla_dag.py
[2022-05-23 17:48:43,401] {processor.py:651} INFO - DAG(s) dict_keys(['example_sla_dag']) retrieved from /Users/mohammadrezakhorasanchian/.pyenv/versions/3.10.4/lib/python3.10/site-packages/airflow/example_dags/example_sla_dag.py
[2022-05-23 17:48:43,446] {logging_mixin.py:115} INFO - [2022-05-23 17:48:43,446] {dag.py:2371} INFO - Sync 1 DAGs
[2022-05-23 17:48:43,460] {logging_mixin.py:115} INFO - [2022-05-23 17:48:43,460] {dag.py:2915} INFO - Setting next_dagrun for example_sla_dag to 2022-05-23T14:46:00+00:00, run_after=2022-05-23T14:48:00+00:00
[2022-05-23 17:48:43,467] {processor.py:161} INFO - Processing /Users/mohammadrezakhorasanchian/.pyenv/versions/3.10.4/lib/python3.10/site-packages/airflow/example_dags/example_sla_dag.py took 0.090 seconds
[2022-05-23 17:49:46,835] {processor.py:153} INFO - Started process (PID=40379) to work on /Users/mohammadrezakhorasanchian/.pyenv/versions/3.10.4/lib/python3.10/site-packages/airflow/example_dags/example_sla_dag.py
[2022-05-23 17:49:46,835] {processor.py:641} INFO - Processing file /Users/mohammadrezakhorasanchian/.pyenv/versions/3.10.4/lib/python3.10/site-packages/airflow/example_dags/example_sla_dag.py for tasks to queue
[2022-05-23 17:49:46,835] {logging_mixin.py:115} INFO - [2022-05-23 17:49:46,835] {dagbag.py:507} INFO - Filling up the DagBag from /Users/mohammadrezakhorasanchian/.pyenv/versions/3.10.4/lib/python3.10/site-packages/airflow/example_dags/example_sla_dag.py
[2022-05-23 17:49:46,865] {processor.py:651} INFO - DAG(s) dict_keys(['example_sla_dag']) retrieved from /Users/mohammadrezakhorasanchian/.pyenv/versions/3.10.4/lib/python3.10/site-packages/airflow/example_dags/example_sla_dag.py
[2022-05-23 17:49:46,916] {logging_mixin.py:115} INFO - [2022-05-23 17:49:46,916] {dag.py:2371} INFO - Sync 1 DAGs
[2022-05-23 17:49:46,931] {logging_mixin.py:115} INFO - [2022-05-23 17:49:46,931] {dag.py:2915} INFO - Setting next_dagrun for example_sla_dag to 2022-05-23T14:46:00+00:00, run_after=2022-05-23T14:48:00+00:00
[2022-05-23 17:49:46,939] {processor.py:161} INFO - Processing /Users/mohammadrezakhorasanchian/.pyenv/versions/3.10.4/lib/python3.10/site-packages/airflow/example_dags/example_sla_dag.py took 0.105 seconds
[2022-05-23 17:51:43,177] {processor.py:153} INFO - Started process (PID=40494) to work on /Users/mohammadrezakhorasanchian/.pyenv/versions/3.10.4/lib/python3.10/site-packages/airflow/example_dags/example_sla_dag.py
[2022-05-23 17:51:43,177] {processor.py:641} INFO - Processing file /Users/mohammadrezakhorasanchian/.pyenv/versions/3.10.4/lib/python3.10/site-packages/airflow/example_dags/example_sla_dag.py for tasks to queue
[2022-05-23 17:51:43,178] {logging_mixin.py:115} INFO - [2022-05-23 17:51:43,177] {dagbag.py:507} INFO - Filling up the DagBag from /Users/mohammadrezakhorasanchian/.pyenv/versions/3.10.4/lib/python3.10/site-packages/airflow/example_dags/example_sla_dag.py
[2022-05-23 17:51:43,200] {processor.py:651} INFO - DAG(s) dict_keys(['example_sla_dag']) retrieved from /Users/mohammadrezakhorasanchian/.pyenv/versions/3.10.4/lib/python3.10/site-packages/airflow/example_dags/example_sla_dag.py
[2022-05-23 17:51:43,242] {logging_mixin.py:115} INFO - [2022-05-23 17:51:43,241] {dag.py:2371} INFO - Sync 1 DAGs
[2022-05-23 17:51:43,254] {logging_mixin.py:115} INFO - [2022-05-23 17:51:43,254] {dag.py:2915} INFO - Setting next_dagrun for example_sla_dag to 2022-05-23T14:48:00+00:00, run_after=2022-05-23T14:50:00+00:00
[2022-05-23 17:51:43,261] {processor.py:161} INFO - Processing /Users/mohammadrezakhorasanchian/.pyenv/versions/3.10.4/lib/python3.10/site-packages/airflow/example_dags/example_sla_dag.py took 0.084 seconds
[2022-05-23 17:52:43,903] {processor.py:153} INFO - Started process (PID=40535) to work on /Users/mohammadrezakhorasanchian/.pyenv/versions/3.10.4/lib/python3.10/site-packages/airflow/example_dags/example_sla_dag.py
[2022-05-23 17:52:43,904] {processor.py:641} INFO - Processing file /Users/mohammadrezakhorasanchian/.pyenv/versions/3.10.4/lib/python3.10/site-packages/airflow/example_dags/example_sla_dag.py for tasks to queue
[2022-05-23 17:52:43,904] {logging_mixin.py:115} INFO - [2022-05-23 17:52:43,904] {dagbag.py:507} INFO - Filling up the DagBag from /Users/mohammadrezakhorasanchian/.pyenv/versions/3.10.4/lib/python3.10/site-packages/airflow/example_dags/example_sla_dag.py
[2022-05-23 17:52:43,935] {processor.py:651} INFO - DAG(s) dict_keys(['example_sla_dag']) retrieved from /Users/mohammadrezakhorasanchian/.pyenv/versions/3.10.4/lib/python3.10/site-packages/airflow/example_dags/example_sla_dag.py
[2022-05-23 17:52:43,987] {logging_mixin.py:115} INFO - [2022-05-23 17:52:43,987] {dag.py:2371} INFO - Sync 1 DAGs
[2022-05-23 17:52:44,000] {logging_mixin.py:115} INFO - [2022-05-23 17:52:44,000] {dag.py:2915} INFO - Setting next_dagrun for example_sla_dag to 2022-05-23T14:50:00+00:00, run_after=2022-05-23T14:52:00+00:00
[2022-05-23 17:52:44,007] {processor.py:161} INFO - Processing /Users/mohammadrezakhorasanchian/.pyenv/versions/3.10.4/lib/python3.10/site-packages/airflow/example_dags/example_sla_dag.py took 0.105 seconds
[2022-05-23 17:58:43,246] {processor.py:153} INFO - Started process (PID=40583) to work on /Users/mohammadrezakhorasanchian/.pyenv/versions/3.10.4/lib/python3.10/site-packages/airflow/example_dags/example_sla_dag.py
[2022-05-23 17:58:43,246] {processor.py:641} INFO - Processing file /Users/mohammadrezakhorasanchian/.pyenv/versions/3.10.4/lib/python3.10/site-packages/airflow/example_dags/example_sla_dag.py for tasks to queue
[2022-05-23 17:58:43,246] {logging_mixin.py:115} INFO - [2022-05-23 17:58:43,246] {dagbag.py:507} INFO - Filling up the DagBag from /Users/mohammadrezakhorasanchian/.pyenv/versions/3.10.4/lib/python3.10/site-packages/airflow/example_dags/example_sla_dag.py
[2022-05-23 17:58:43,269] {processor.py:651} INFO - DAG(s) dict_keys(['example_sla_dag']) retrieved from /Users/mohammadrezakhorasanchian/.pyenv/versions/3.10.4/lib/python3.10/site-packages/airflow/example_dags/example_sla_dag.py
[2022-05-23 17:58:43,310] {logging_mixin.py:115} INFO - [2022-05-23 17:58:43,310] {dag.py:2371} INFO - Sync 1 DAGs
[2022-05-23 17:58:43,323] {logging_mixin.py:115} INFO - [2022-05-23 17:58:43,323] {dag.py:2915} INFO - Setting next_dagrun for example_sla_dag to 2022-05-23T14:56:00+00:00, run_after=2022-05-23T14:58:00+00:00
[2022-05-23 17:58:43,330] {processor.py:161} INFO - Processing /Users/mohammadrezakhorasanchian/.pyenv/versions/3.10.4/lib/python3.10/site-packages/airflow/example_dags/example_sla_dag.py took 0.085 seconds
[2022-05-23 17:59:41,523] {processor.py:153} INFO - Started process (PID=40619) to work on /Users/mohammadrezakhorasanchian/.pyenv/versions/3.10.4/lib/python3.10/site-packages/airflow/example_dags/example_sla_dag.py
[2022-05-23 17:59:41,523] {processor.py:641} INFO - Processing file /Users/mohammadrezakhorasanchian/.pyenv/versions/3.10.4/lib/python3.10/site-packages/airflow/example_dags/example_sla_dag.py for tasks to queue
[2022-05-23 17:59:41,524] {logging_mixin.py:115} INFO - [2022-05-23 17:59:41,524] {dagbag.py:507} INFO - Filling up the DagBag from /Users/mohammadrezakhorasanchian/.pyenv/versions/3.10.4/lib/python3.10/site-packages/airflow/example_dags/example_sla_dag.py
[2022-05-23 17:59:41,546] {processor.py:651} INFO - DAG(s) dict_keys(['example_sla_dag']) retrieved from /Users/mohammadrezakhorasanchian/.pyenv/versions/3.10.4/lib/python3.10/site-packages/airflow/example_dags/example_sla_dag.py
[2022-05-23 17:59:41,590] {logging_mixin.py:115} INFO - [2022-05-23 17:59:41,590] {dag.py:2371} INFO - Sync 1 DAGs
[2022-05-23 17:59:41,603] {logging_mixin.py:115} INFO - [2022-05-23 17:59:41,603] {dag.py:2915} INFO - Setting next_dagrun for example_sla_dag to 2022-05-23T14:56:00+00:00, run_after=2022-05-23T14:58:00+00:00
[2022-05-23 17:59:41,610] {processor.py:161} INFO - Processing /Users/mohammadrezakhorasanchian/.pyenv/versions/3.10.4/lib/python3.10/site-packages/airflow/example_dags/example_sla_dag.py took 0.087 seconds
[2022-05-23 18:00:42,119] {processor.py:153} INFO - Started process (PID=40656) to work on /Users/mohammadrezakhorasanchian/.pyenv/versions/3.10.4/lib/python3.10/site-packages/airflow/example_dags/example_sla_dag.py
[2022-05-23 18:00:42,119] {processor.py:641} INFO - Processing file /Users/mohammadrezakhorasanchian/.pyenv/versions/3.10.4/lib/python3.10/site-packages/airflow/example_dags/example_sla_dag.py for tasks to queue
[2022-05-23 18:00:42,120] {logging_mixin.py:115} INFO - [2022-05-23 18:00:42,119] {dagbag.py:507} INFO - Filling up the DagBag from /Users/mohammadrezakhorasanchian/.pyenv/versions/3.10.4/lib/python3.10/site-packages/airflow/example_dags/example_sla_dag.py
[2022-05-23 18:00:42,142] {processor.py:651} INFO - DAG(s) dict_keys(['example_sla_dag']) retrieved from /Users/mohammadrezakhorasanchian/.pyenv/versions/3.10.4/lib/python3.10/site-packages/airflow/example_dags/example_sla_dag.py
[2022-05-23 18:00:42,185] {logging_mixin.py:115} INFO - [2022-05-23 18:00:42,185] {dag.py:2371} INFO - Sync 1 DAGs
[2022-05-23 18:00:42,197] {logging_mixin.py:115} INFO - [2022-05-23 18:00:42,197] {dag.py:2915} INFO - Setting next_dagrun for example_sla_dag to 2022-05-23T14:58:00+00:00, run_after=2022-05-23T15:00:00+00:00
[2022-05-23 18:00:42,204] {processor.py:161} INFO - Processing /Users/mohammadrezakhorasanchian/.pyenv/versions/3.10.4/lib/python3.10/site-packages/airflow/example_dags/example_sla_dag.py took 0.085 seconds
[2022-05-23 18:01:42,246] {processor.py:153} INFO - Started process (PID=40694) to work on /Users/mohammadrezakhorasanchian/.pyenv/versions/3.10.4/lib/python3.10/site-packages/airflow/example_dags/example_sla_dag.py
[2022-05-23 18:01:42,246] {processor.py:641} INFO - Processing file /Users/mohammadrezakhorasanchian/.pyenv/versions/3.10.4/lib/python3.10/site-packages/airflow/example_dags/example_sla_dag.py for tasks to queue
[2022-05-23 18:01:42,246] {logging_mixin.py:115} INFO - [2022-05-23 18:01:42,246] {dagbag.py:507} INFO - Filling up the DagBag from /Users/mohammadrezakhorasanchian/.pyenv/versions/3.10.4/lib/python3.10/site-packages/airflow/example_dags/example_sla_dag.py
[2022-05-23 18:01:42,268] {processor.py:651} INFO - DAG(s) dict_keys(['example_sla_dag']) retrieved from /Users/mohammadrezakhorasanchian/.pyenv/versions/3.10.4/lib/python3.10/site-packages/airflow/example_dags/example_sla_dag.py
[2022-05-23 18:01:42,310] {logging_mixin.py:115} INFO - [2022-05-23 18:01:42,310] {dag.py:2371} INFO - Sync 1 DAGs
[2022-05-23 18:01:42,323] {logging_mixin.py:115} INFO - [2022-05-23 18:01:42,323] {dag.py:2915} INFO - Setting next_dagrun for example_sla_dag to 2022-05-23T14:58:00+00:00, run_after=2022-05-23T15:00:00+00:00
[2022-05-23 18:01:42,353] {processor.py:161} INFO - Processing /Users/mohammadrezakhorasanchian/.pyenv/versions/3.10.4/lib/python3.10/site-packages/airflow/example_dags/example_sla_dag.py took 0.108 seconds
[2022-05-23 18:02:40,758] {processor.py:153} INFO - Started process (PID=40733) to work on /Users/mohammadrezakhorasanchian/.pyenv/versions/3.10.4/lib/python3.10/site-packages/airflow/example_dags/example_sla_dag.py
[2022-05-23 18:02:40,758] {processor.py:641} INFO - Processing file /Users/mohammadrezakhorasanchian/.pyenv/versions/3.10.4/lib/python3.10/site-packages/airflow/example_dags/example_sla_dag.py for tasks to queue
[2022-05-23 18:02:40,759] {logging_mixin.py:115} INFO - [2022-05-23 18:02:40,759] {dagbag.py:507} INFO - Filling up the DagBag from /Users/mohammadrezakhorasanchian/.pyenv/versions/3.10.4/lib/python3.10/site-packages/airflow/example_dags/example_sla_dag.py
[2022-05-23 18:02:40,781] {processor.py:651} INFO - DAG(s) dict_keys(['example_sla_dag']) retrieved from /Users/mohammadrezakhorasanchian/.pyenv/versions/3.10.4/lib/python3.10/site-packages/airflow/example_dags/example_sla_dag.py
[2022-05-23 18:02:40,824] {logging_mixin.py:115} INFO - [2022-05-23 18:02:40,824] {dag.py:2371} INFO - Sync 1 DAGs
[2022-05-23 18:02:40,836] {logging_mixin.py:115} INFO - [2022-05-23 18:02:40,836] {dag.py:2915} INFO - Setting next_dagrun for example_sla_dag to 2022-05-23T15:00:00+00:00, run_after=2022-05-23T15:02:00+00:00
[2022-05-23 18:02:40,843] {processor.py:161} INFO - Processing /Users/mohammadrezakhorasanchian/.pyenv/versions/3.10.4/lib/python3.10/site-packages/airflow/example_dags/example_sla_dag.py took 0.086 seconds
[2022-05-23 18:03:34,959] {processor.py:153} INFO - Started process (PID=40773) to work on /Users/mohammadrezakhorasanchian/.pyenv/versions/3.10.4/lib/python3.10/site-packages/airflow/example_dags/example_sla_dag.py
[2022-05-23 18:03:34,959] {processor.py:641} INFO - Processing file /Users/mohammadrezakhorasanchian/.pyenv/versions/3.10.4/lib/python3.10/site-packages/airflow/example_dags/example_sla_dag.py for tasks to queue
[2022-05-23 18:03:34,959] {logging_mixin.py:115} INFO - [2022-05-23 18:03:34,959] {dagbag.py:507} INFO - Filling up the DagBag from /Users/mohammadrezakhorasanchian/.pyenv/versions/3.10.4/lib/python3.10/site-packages/airflow/example_dags/example_sla_dag.py
[2022-05-23 18:03:34,982] {processor.py:651} INFO - DAG(s) dict_keys(['example_sla_dag']) retrieved from /Users/mohammadrezakhorasanchian/.pyenv/versions/3.10.4/lib/python3.10/site-packages/airflow/example_dags/example_sla_dag.py
[2022-05-23 18:03:35,024] {logging_mixin.py:115} INFO - [2022-05-23 18:03:35,024] {dag.py:2371} INFO - Sync 1 DAGs
[2022-05-23 18:03:35,037] {logging_mixin.py:115} INFO - [2022-05-23 18:03:35,037] {dag.py:2915} INFO - Setting next_dagrun for example_sla_dag to 2022-05-23T15:00:00+00:00, run_after=2022-05-23T15:02:00+00:00
[2022-05-23 18:03:35,044] {processor.py:161} INFO - Processing /Users/mohammadrezakhorasanchian/.pyenv/versions/3.10.4/lib/python3.10/site-packages/airflow/example_dags/example_sla_dag.py took 0.085 seconds
[2022-05-23 18:04:30,417] {processor.py:153} INFO - Started process (PID=40808) to work on /Users/mohammadrezakhorasanchian/.pyenv/versions/3.10.4/lib/python3.10/site-packages/airflow/example_dags/example_sla_dag.py
[2022-05-23 18:04:30,417] {processor.py:641} INFO - Processing file /Users/mohammadrezakhorasanchian/.pyenv/versions/3.10.4/lib/python3.10/site-packages/airflow/example_dags/example_sla_dag.py for tasks to queue
[2022-05-23 18:04:30,417] {logging_mixin.py:115} INFO - [2022-05-23 18:04:30,417] {dagbag.py:507} INFO - Filling up the DagBag from /Users/mohammadrezakhorasanchian/.pyenv/versions/3.10.4/lib/python3.10/site-packages/airflow/example_dags/example_sla_dag.py
[2022-05-23 18:04:30,439] {processor.py:651} INFO - DAG(s) dict_keys(['example_sla_dag']) retrieved from /Users/mohammadrezakhorasanchian/.pyenv/versions/3.10.4/lib/python3.10/site-packages/airflow/example_dags/example_sla_dag.py
[2022-05-23 18:04:30,480] {logging_mixin.py:115} INFO - [2022-05-23 18:04:30,480] {dag.py:2371} INFO - Sync 1 DAGs
[2022-05-23 18:04:30,493] {logging_mixin.py:115} INFO - [2022-05-23 18:04:30,493] {dag.py:2915} INFO - Setting next_dagrun for example_sla_dag to 2022-05-23T15:02:00+00:00, run_after=2022-05-23T15:04:00+00:00
[2022-05-23 18:04:30,500] {processor.py:161} INFO - Processing /Users/mohammadrezakhorasanchian/.pyenv/versions/3.10.4/lib/python3.10/site-packages/airflow/example_dags/example_sla_dag.py took 0.084 seconds
[2022-05-23 18:05:25,605] {processor.py:153} INFO - Started process (PID=40844) to work on /Users/mohammadrezakhorasanchian/.pyenv/versions/3.10.4/lib/python3.10/site-packages/airflow/example_dags/example_sla_dag.py
[2022-05-23 18:05:25,605] {processor.py:641} INFO - Processing file /Users/mohammadrezakhorasanchian/.pyenv/versions/3.10.4/lib/python3.10/site-packages/airflow/example_dags/example_sla_dag.py for tasks to queue
[2022-05-23 18:05:25,605] {logging_mixin.py:115} INFO - [2022-05-23 18:05:25,605] {dagbag.py:507} INFO - Filling up the DagBag from /Users/mohammadrezakhorasanchian/.pyenv/versions/3.10.4/lib/python3.10/site-packages/airflow/example_dags/example_sla_dag.py
[2022-05-23 18:05:25,626] {processor.py:651} INFO - DAG(s) dict_keys(['example_sla_dag']) retrieved from /Users/mohammadrezakhorasanchian/.pyenv/versions/3.10.4/lib/python3.10/site-packages/airflow/example_dags/example_sla_dag.py
[2022-05-23 18:05:25,667] {logging_mixin.py:115} INFO - [2022-05-23 18:05:25,667] {dag.py:2371} INFO - Sync 1 DAGs
[2022-05-23 18:05:25,680] {logging_mixin.py:115} INFO - [2022-05-23 18:05:25,680] {dag.py:2915} INFO - Setting next_dagrun for example_sla_dag to 2022-05-23T15:02:00+00:00, run_after=2022-05-23T15:04:00+00:00
[2022-05-23 18:05:25,687] {processor.py:161} INFO - Processing /Users/mohammadrezakhorasanchian/.pyenv/versions/3.10.4/lib/python3.10/site-packages/airflow/example_dags/example_sla_dag.py took 0.082 seconds
[2022-05-23 18:06:24,611] {processor.py:153} INFO - Started process (PID=40880) to work on /Users/mohammadrezakhorasanchian/.pyenv/versions/3.10.4/lib/python3.10/site-packages/airflow/example_dags/example_sla_dag.py
[2022-05-23 18:06:24,611] {processor.py:641} INFO - Processing file /Users/mohammadrezakhorasanchian/.pyenv/versions/3.10.4/lib/python3.10/site-packages/airflow/example_dags/example_sla_dag.py for tasks to queue
[2022-05-23 18:06:24,612] {logging_mixin.py:115} INFO - [2022-05-23 18:06:24,612] {dagbag.py:507} INFO - Filling up the DagBag from /Users/mohammadrezakhorasanchian/.pyenv/versions/3.10.4/lib/python3.10/site-packages/airflow/example_dags/example_sla_dag.py
[2022-05-23 18:06:24,633] {processor.py:651} INFO - DAG(s) dict_keys(['example_sla_dag']) retrieved from /Users/mohammadrezakhorasanchian/.pyenv/versions/3.10.4/lib/python3.10/site-packages/airflow/example_dags/example_sla_dag.py
[2022-05-23 18:06:24,675] {logging_mixin.py:115} INFO - [2022-05-23 18:06:24,675] {dag.py:2371} INFO - Sync 1 DAGs
[2022-05-23 18:06:24,687] {logging_mixin.py:115} INFO - [2022-05-23 18:06:24,687] {dag.py:2915} INFO - Setting next_dagrun for example_sla_dag to 2022-05-23T15:04:00+00:00, run_after=2022-05-23T15:06:00+00:00
[2022-05-23 18:06:24,698] {processor.py:161} INFO - Processing /Users/mohammadrezakhorasanchian/.pyenv/versions/3.10.4/lib/python3.10/site-packages/airflow/example_dags/example_sla_dag.py took 0.087 seconds
[2022-05-23 18:07:22,227] {processor.py:153} INFO - Started process (PID=40919) to work on /Users/mohammadrezakhorasanchian/.pyenv/versions/3.10.4/lib/python3.10/site-packages/airflow/example_dags/example_sla_dag.py
[2022-05-23 18:07:22,227] {processor.py:641} INFO - Processing file /Users/mohammadrezakhorasanchian/.pyenv/versions/3.10.4/lib/python3.10/site-packages/airflow/example_dags/example_sla_dag.py for tasks to queue
[2022-05-23 18:07:22,227] {logging_mixin.py:115} INFO - [2022-05-23 18:07:22,227] {dagbag.py:507} INFO - Filling up the DagBag from /Users/mohammadrezakhorasanchian/.pyenv/versions/3.10.4/lib/python3.10/site-packages/airflow/example_dags/example_sla_dag.py
[2022-05-23 18:07:22,252] {processor.py:651} INFO - DAG(s) dict_keys(['example_sla_dag']) retrieved from /Users/mohammadrezakhorasanchian/.pyenv/versions/3.10.4/lib/python3.10/site-packages/airflow/example_dags/example_sla_dag.py
[2022-05-23 18:07:22,298] {logging_mixin.py:115} INFO - [2022-05-23 18:07:22,298] {dag.py:2371} INFO - Sync 1 DAGs
[2022-05-23 18:07:22,312] {logging_mixin.py:115} INFO - [2022-05-23 18:07:22,312] {dag.py:2915} INFO - Setting next_dagrun for example_sla_dag to 2022-05-23T15:04:00+00:00, run_after=2022-05-23T15:06:00+00:00
[2022-05-23 18:07:22,320] {processor.py:161} INFO - Processing /Users/mohammadrezakhorasanchian/.pyenv/versions/3.10.4/lib/python3.10/site-packages/airflow/example_dags/example_sla_dag.py took 0.093 seconds
[2022-05-23 18:08:24,523] {processor.py:153} INFO - Started process (PID=40961) to work on /Users/mohammadrezakhorasanchian/.pyenv/versions/3.10.4/lib/python3.10/site-packages/airflow/example_dags/example_sla_dag.py
[2022-05-23 18:08:24,523] {processor.py:641} INFO - Processing file /Users/mohammadrezakhorasanchian/.pyenv/versions/3.10.4/lib/python3.10/site-packages/airflow/example_dags/example_sla_dag.py for tasks to queue
[2022-05-23 18:08:24,523] {logging_mixin.py:115} INFO - [2022-05-23 18:08:24,523] {dagbag.py:507} INFO - Filling up the DagBag from /Users/mohammadrezakhorasanchian/.pyenv/versions/3.10.4/lib/python3.10/site-packages/airflow/example_dags/example_sla_dag.py
[2022-05-23 18:08:24,551] {processor.py:651} INFO - DAG(s) dict_keys(['example_sla_dag']) retrieved from /Users/mohammadrezakhorasanchian/.pyenv/versions/3.10.4/lib/python3.10/site-packages/airflow/example_dags/example_sla_dag.py
[2022-05-23 18:08:24,607] {logging_mixin.py:115} INFO - [2022-05-23 18:08:24,606] {dag.py:2371} INFO - Sync 1 DAGs
[2022-05-23 18:08:24,624] {logging_mixin.py:115} INFO - [2022-05-23 18:08:24,624] {dag.py:2915} INFO - Setting next_dagrun for example_sla_dag to 2022-05-23T15:06:00+00:00, run_after=2022-05-23T15:08:00+00:00
[2022-05-23 18:08:24,633] {processor.py:161} INFO - Processing /Users/mohammadrezakhorasanchian/.pyenv/versions/3.10.4/lib/python3.10/site-packages/airflow/example_dags/example_sla_dag.py took 0.111 seconds
[2022-05-23 18:14:27,075] {processor.py:153} INFO - Started process (PID=41078) to work on /Users/mohammadrezakhorasanchian/.pyenv/versions/3.10.4/lib/python3.10/site-packages/airflow/example_dags/example_sla_dag.py
[2022-05-23 18:14:27,076] {processor.py:641} INFO - Processing file /Users/mohammadrezakhorasanchian/.pyenv/versions/3.10.4/lib/python3.10/site-packages/airflow/example_dags/example_sla_dag.py for tasks to queue
[2022-05-23 18:14:27,077] {logging_mixin.py:115} INFO - [2022-05-23 18:14:27,077] {dagbag.py:507} INFO - Filling up the DagBag from /Users/mohammadrezakhorasanchian/.pyenv/versions/3.10.4/lib/python3.10/site-packages/airflow/example_dags/example_sla_dag.py
[2022-05-23 18:14:27,102] {processor.py:651} INFO - DAG(s) dict_keys(['example_sla_dag']) retrieved from /Users/mohammadrezakhorasanchian/.pyenv/versions/3.10.4/lib/python3.10/site-packages/airflow/example_dags/example_sla_dag.py
[2022-05-23 18:14:27,144] {logging_mixin.py:115} INFO - [2022-05-23 18:14:27,144] {dag.py:2371} INFO - Sync 1 DAGs
[2022-05-23 18:14:27,156] {logging_mixin.py:115} INFO - [2022-05-23 18:14:27,156] {dag.py:2915} INFO - Setting next_dagrun for example_sla_dag to 2022-05-23T15:12:00+00:00, run_after=2022-05-23T15:14:00+00:00
[2022-05-23 18:14:27,163] {processor.py:161} INFO - Processing /Users/mohammadrezakhorasanchian/.pyenv/versions/3.10.4/lib/python3.10/site-packages/airflow/example_dags/example_sla_dag.py took 0.088 seconds
