[2022-05-23 16:13:52,303] {processor.py:153} INFO - Started process (PID=36364) to work on /Users/mohammadrezakhorasanchian/.pyenv/versions/3.10.4/lib/python3.10/site-packages/airflow/example_dags/example_branch_operator.py
[2022-05-23 16:13:52,303] {processor.py:641} INFO - Processing file /Users/mohammadrezakhorasanchian/.pyenv/versions/3.10.4/lib/python3.10/site-packages/airflow/example_dags/example_branch_operator.py for tasks to queue
[2022-05-23 16:13:52,303] {logging_mixin.py:115} INFO - [2022-05-23 16:13:52,303] {dagbag.py:507} INFO - Filling up the DagBag from /Users/mohammadrezakhorasanchian/.pyenv/versions/3.10.4/lib/python3.10/site-packages/airflow/example_dags/example_branch_operator.py
[2022-05-23 16:13:52,332] {processor.py:651} INFO - DAG(s) dict_keys(['example_branch_operator']) retrieved from /Users/mohammadrezakhorasanchian/.pyenv/versions/3.10.4/lib/python3.10/site-packages/airflow/example_dags/example_branch_operator.py
[2022-05-23 16:13:52,393] {logging_mixin.py:115} INFO - [2022-05-23 16:13:52,393] {dag.py:2371} INFO - Sync 1 DAGs
[2022-05-23 16:13:52,410] {logging_mixin.py:115} INFO - [2022-05-23 16:13:52,410] {dag.py:2915} INFO - Setting next_dagrun for example_branch_operator to 2022-05-22T00:00:00+00:00, run_after=2022-05-23T00:00:00+00:00
[2022-05-23 16:13:52,419] {processor.py:161} INFO - Processing /Users/mohammadrezakhorasanchian/.pyenv/versions/3.10.4/lib/python3.10/site-packages/airflow/example_dags/example_branch_operator.py took 0.117 seconds
[2022-05-23 16:14:55,100] {processor.py:153} INFO - Started process (PID=36457) to work on /Users/mohammadrezakhorasanchian/.pyenv/versions/3.10.4/lib/python3.10/site-packages/airflow/example_dags/example_branch_operator.py
[2022-05-23 16:14:55,100] {processor.py:641} INFO - Processing file /Users/mohammadrezakhorasanchian/.pyenv/versions/3.10.4/lib/python3.10/site-packages/airflow/example_dags/example_branch_operator.py for tasks to queue
[2022-05-23 16:14:55,100] {logging_mixin.py:115} INFO - [2022-05-23 16:14:55,100] {dagbag.py:507} INFO - Filling up the DagBag from /Users/mohammadrezakhorasanchian/.pyenv/versions/3.10.4/lib/python3.10/site-packages/airflow/example_dags/example_branch_operator.py
[2022-05-23 16:14:55,119] {processor.py:651} INFO - DAG(s) dict_keys(['example_branch_operator']) retrieved from /Users/mohammadrezakhorasanchian/.pyenv/versions/3.10.4/lib/python3.10/site-packages/airflow/example_dags/example_branch_operator.py
[2022-05-23 16:14:55,161] {logging_mixin.py:115} INFO - [2022-05-23 16:14:55,161] {dag.py:2371} INFO - Sync 1 DAGs
[2022-05-23 16:14:55,172] {logging_mixin.py:115} INFO - [2022-05-23 16:14:55,172] {dag.py:2915} INFO - Setting next_dagrun for example_branch_operator to 2022-05-22T00:00:00+00:00, run_after=2022-05-23T00:00:00+00:00
[2022-05-23 16:14:55,179] {processor.py:161} INFO - Processing /Users/mohammadrezakhorasanchian/.pyenv/versions/3.10.4/lib/python3.10/site-packages/airflow/example_dags/example_branch_operator.py took 0.080 seconds
[2022-05-23 16:15:59,850] {processor.py:153} INFO - Started process (PID=36545) to work on /Users/mohammadrezakhorasanchian/.pyenv/versions/3.10.4/lib/python3.10/site-packages/airflow/example_dags/example_branch_operator.py
[2022-05-23 16:15:59,850] {processor.py:641} INFO - Processing file /Users/mohammadrezakhorasanchian/.pyenv/versions/3.10.4/lib/python3.10/site-packages/airflow/example_dags/example_branch_operator.py for tasks to queue
[2022-05-23 16:15:59,851] {logging_mixin.py:115} INFO - [2022-05-23 16:15:59,851] {dagbag.py:507} INFO - Filling up the DagBag from /Users/mohammadrezakhorasanchian/.pyenv/versions/3.10.4/lib/python3.10/site-packages/airflow/example_dags/example_branch_operator.py
[2022-05-23 16:15:59,874] {processor.py:651} INFO - DAG(s) dict_keys(['example_branch_operator']) retrieved from /Users/mohammadrezakhorasanchian/.pyenv/versions/3.10.4/lib/python3.10/site-packages/airflow/example_dags/example_branch_operator.py
[2022-05-23 16:15:59,922] {logging_mixin.py:115} INFO - [2022-05-23 16:15:59,922] {dag.py:2371} INFO - Sync 1 DAGs
[2022-05-23 16:15:59,935] {logging_mixin.py:115} INFO - [2022-05-23 16:15:59,935] {dag.py:2915} INFO - Setting next_dagrun for example_branch_operator to 2022-05-22T00:00:00+00:00, run_after=2022-05-23T00:00:00+00:00
[2022-05-23 16:15:59,944] {processor.py:161} INFO - Processing /Users/mohammadrezakhorasanchian/.pyenv/versions/3.10.4/lib/python3.10/site-packages/airflow/example_dags/example_branch_operator.py took 0.094 seconds
[2022-05-23 16:16:59,465] {processor.py:153} INFO - Started process (PID=36644) to work on /Users/mohammadrezakhorasanchian/.pyenv/versions/3.10.4/lib/python3.10/site-packages/airflow/example_dags/example_branch_operator.py
[2022-05-23 16:16:59,465] {processor.py:641} INFO - Processing file /Users/mohammadrezakhorasanchian/.pyenv/versions/3.10.4/lib/python3.10/site-packages/airflow/example_dags/example_branch_operator.py for tasks to queue
[2022-05-23 16:16:59,465] {logging_mixin.py:115} INFO - [2022-05-23 16:16:59,465] {dagbag.py:507} INFO - Filling up the DagBag from /Users/mohammadrezakhorasanchian/.pyenv/versions/3.10.4/lib/python3.10/site-packages/airflow/example_dags/example_branch_operator.py
[2022-05-23 16:16:59,485] {processor.py:651} INFO - DAG(s) dict_keys(['example_branch_operator']) retrieved from /Users/mohammadrezakhorasanchian/.pyenv/versions/3.10.4/lib/python3.10/site-packages/airflow/example_dags/example_branch_operator.py
[2022-05-23 16:16:59,533] {logging_mixin.py:115} INFO - [2022-05-23 16:16:59,533] {dag.py:2371} INFO - Sync 1 DAGs
[2022-05-23 16:16:59,545] {logging_mixin.py:115} INFO - [2022-05-23 16:16:59,545] {dag.py:2915} INFO - Setting next_dagrun for example_branch_operator to 2022-05-22T00:00:00+00:00, run_after=2022-05-23T00:00:00+00:00
[2022-05-23 16:16:59,579] {processor.py:161} INFO - Processing /Users/mohammadrezakhorasanchian/.pyenv/versions/3.10.4/lib/python3.10/site-packages/airflow/example_dags/example_branch_operator.py took 0.114 seconds
[2022-05-23 16:18:00,241] {processor.py:153} INFO - Started process (PID=36697) to work on /Users/mohammadrezakhorasanchian/.pyenv/versions/3.10.4/lib/python3.10/site-packages/airflow/example_dags/example_branch_operator.py
[2022-05-23 16:18:00,242] {processor.py:641} INFO - Processing file /Users/mohammadrezakhorasanchian/.pyenv/versions/3.10.4/lib/python3.10/site-packages/airflow/example_dags/example_branch_operator.py for tasks to queue
[2022-05-23 16:18:00,242] {logging_mixin.py:115} INFO - [2022-05-23 16:18:00,242] {dagbag.py:507} INFO - Filling up the DagBag from /Users/mohammadrezakhorasanchian/.pyenv/versions/3.10.4/lib/python3.10/site-packages/airflow/example_dags/example_branch_operator.py
[2022-05-23 16:18:00,259] {processor.py:651} INFO - DAG(s) dict_keys(['example_branch_operator']) retrieved from /Users/mohammadrezakhorasanchian/.pyenv/versions/3.10.4/lib/python3.10/site-packages/airflow/example_dags/example_branch_operator.py
[2022-05-23 16:18:00,301] {logging_mixin.py:115} INFO - [2022-05-23 16:18:00,301] {dag.py:2371} INFO - Sync 1 DAGs
[2022-05-23 16:18:00,312] {logging_mixin.py:115} INFO - [2022-05-23 16:18:00,312] {dag.py:2915} INFO - Setting next_dagrun for example_branch_operator to 2022-05-22T00:00:00+00:00, run_after=2022-05-23T00:00:00+00:00
[2022-05-23 16:18:00,320] {processor.py:161} INFO - Processing /Users/mohammadrezakhorasanchian/.pyenv/versions/3.10.4/lib/python3.10/site-packages/airflow/example_dags/example_branch_operator.py took 0.079 seconds
[2022-05-23 16:19:05,890] {processor.py:153} INFO - Started process (PID=36803) to work on /Users/mohammadrezakhorasanchian/.pyenv/versions/3.10.4/lib/python3.10/site-packages/airflow/example_dags/example_branch_operator.py
[2022-05-23 16:19:05,890] {processor.py:641} INFO - Processing file /Users/mohammadrezakhorasanchian/.pyenv/versions/3.10.4/lib/python3.10/site-packages/airflow/example_dags/example_branch_operator.py for tasks to queue
[2022-05-23 16:19:05,890] {logging_mixin.py:115} INFO - [2022-05-23 16:19:05,890] {dagbag.py:507} INFO - Filling up the DagBag from /Users/mohammadrezakhorasanchian/.pyenv/versions/3.10.4/lib/python3.10/site-packages/airflow/example_dags/example_branch_operator.py
[2022-05-23 16:19:05,908] {processor.py:651} INFO - DAG(s) dict_keys(['example_branch_operator']) retrieved from /Users/mohammadrezakhorasanchian/.pyenv/versions/3.10.4/lib/python3.10/site-packages/airflow/example_dags/example_branch_operator.py
[2022-05-23 16:19:05,951] {logging_mixin.py:115} INFO - [2022-05-23 16:19:05,951] {dag.py:2371} INFO - Sync 1 DAGs
[2022-05-23 16:19:05,962] {logging_mixin.py:115} INFO - [2022-05-23 16:19:05,962] {dag.py:2915} INFO - Setting next_dagrun for example_branch_operator to 2022-05-22T00:00:00+00:00, run_after=2022-05-23T00:00:00+00:00
[2022-05-23 16:19:05,969] {processor.py:161} INFO - Processing /Users/mohammadrezakhorasanchian/.pyenv/versions/3.10.4/lib/python3.10/site-packages/airflow/example_dags/example_branch_operator.py took 0.080 seconds
[2022-05-23 16:51:33,906] {processor.py:153} INFO - Started process (PID=36857) to work on /Users/mohammadrezakhorasanchian/.pyenv/versions/3.10.4/lib/python3.10/site-packages/airflow/example_dags/example_branch_operator.py
[2022-05-23 16:51:33,907] {processor.py:641} INFO - Processing file /Users/mohammadrezakhorasanchian/.pyenv/versions/3.10.4/lib/python3.10/site-packages/airflow/example_dags/example_branch_operator.py for tasks to queue
[2022-05-23 16:51:33,907] {logging_mixin.py:115} INFO - [2022-05-23 16:51:33,907] {dagbag.py:507} INFO - Filling up the DagBag from /Users/mohammadrezakhorasanchian/.pyenv/versions/3.10.4/lib/python3.10/site-packages/airflow/example_dags/example_branch_operator.py
[2022-05-23 16:51:33,966] {processor.py:651} INFO - DAG(s) dict_keys(['example_branch_operator']) retrieved from /Users/mohammadrezakhorasanchian/.pyenv/versions/3.10.4/lib/python3.10/site-packages/airflow/example_dags/example_branch_operator.py
[2022-05-23 16:51:34,101] {logging_mixin.py:115} INFO - [2022-05-23 16:51:34,101] {dag.py:2371} INFO - Sync 1 DAGs
[2022-05-23 16:51:34,136] {logging_mixin.py:115} INFO - [2022-05-23 16:51:34,136] {dag.py:2915} INFO - Setting next_dagrun for example_branch_operator to 2022-05-22T00:00:00+00:00, run_after=2022-05-23T00:00:00+00:00
[2022-05-23 16:51:34,156] {processor.py:161} INFO - Processing /Users/mohammadrezakhorasanchian/.pyenv/versions/3.10.4/lib/python3.10/site-packages/airflow/example_dags/example_branch_operator.py took 0.251 seconds
[2022-05-23 16:56:05,816] {processor.py:153} INFO - Started process (PID=36985) to work on /Users/mohammadrezakhorasanchian/.pyenv/versions/3.10.4/lib/python3.10/site-packages/airflow/example_dags/example_branch_operator.py
[2022-05-23 16:56:05,817] {processor.py:641} INFO - Processing file /Users/mohammadrezakhorasanchian/.pyenv/versions/3.10.4/lib/python3.10/site-packages/airflow/example_dags/example_branch_operator.py for tasks to queue
[2022-05-23 16:56:05,817] {logging_mixin.py:115} INFO - [2022-05-23 16:56:05,817] {dagbag.py:507} INFO - Filling up the DagBag from /Users/mohammadrezakhorasanchian/.pyenv/versions/3.10.4/lib/python3.10/site-packages/airflow/example_dags/example_branch_operator.py
[2022-05-23 16:56:05,836] {processor.py:651} INFO - DAG(s) dict_keys(['example_branch_operator']) retrieved from /Users/mohammadrezakhorasanchian/.pyenv/versions/3.10.4/lib/python3.10/site-packages/airflow/example_dags/example_branch_operator.py
[2022-05-23 16:56:05,885] {logging_mixin.py:115} INFO - [2022-05-23 16:56:05,884] {dag.py:2371} INFO - Sync 1 DAGs
[2022-05-23 16:56:05,897] {logging_mixin.py:115} INFO - [2022-05-23 16:56:05,896] {dag.py:2915} INFO - Setting next_dagrun for example_branch_operator to 2022-05-22T00:00:00+00:00, run_after=2022-05-23T00:00:00+00:00
[2022-05-23 16:56:05,903] {processor.py:161} INFO - Processing /Users/mohammadrezakhorasanchian/.pyenv/versions/3.10.4/lib/python3.10/site-packages/airflow/example_dags/example_branch_operator.py took 0.087 seconds
[2022-05-23 16:57:06,227] {processor.py:153} INFO - Started process (PID=37083) to work on /Users/mohammadrezakhorasanchian/.pyenv/versions/3.10.4/lib/python3.10/site-packages/airflow/example_dags/example_branch_operator.py
[2022-05-23 16:57:06,228] {processor.py:641} INFO - Processing file /Users/mohammadrezakhorasanchian/.pyenv/versions/3.10.4/lib/python3.10/site-packages/airflow/example_dags/example_branch_operator.py for tasks to queue
[2022-05-23 16:57:06,228] {logging_mixin.py:115} INFO - [2022-05-23 16:57:06,228] {dagbag.py:507} INFO - Filling up the DagBag from /Users/mohammadrezakhorasanchian/.pyenv/versions/3.10.4/lib/python3.10/site-packages/airflow/example_dags/example_branch_operator.py
[2022-05-23 16:57:06,246] {processor.py:651} INFO - DAG(s) dict_keys(['example_branch_operator']) retrieved from /Users/mohammadrezakhorasanchian/.pyenv/versions/3.10.4/lib/python3.10/site-packages/airflow/example_dags/example_branch_operator.py
[2022-05-23 16:57:06,289] {logging_mixin.py:115} INFO - [2022-05-23 16:57:06,289] {dag.py:2371} INFO - Sync 1 DAGs
[2022-05-23 16:57:06,301] {logging_mixin.py:115} INFO - [2022-05-23 16:57:06,301] {dag.py:2915} INFO - Setting next_dagrun for example_branch_operator to 2022-05-22T00:00:00+00:00, run_after=2022-05-23T00:00:00+00:00
[2022-05-23 16:57:06,328] {processor.py:161} INFO - Processing /Users/mohammadrezakhorasanchian/.pyenv/versions/3.10.4/lib/python3.10/site-packages/airflow/example_dags/example_branch_operator.py took 0.101 seconds
[2022-05-23 16:58:05,989] {processor.py:153} INFO - Started process (PID=37124) to work on /Users/mohammadrezakhorasanchian/.pyenv/versions/3.10.4/lib/python3.10/site-packages/airflow/example_dags/example_branch_operator.py
[2022-05-23 16:58:05,989] {processor.py:641} INFO - Processing file /Users/mohammadrezakhorasanchian/.pyenv/versions/3.10.4/lib/python3.10/site-packages/airflow/example_dags/example_branch_operator.py for tasks to queue
[2022-05-23 16:58:05,989] {logging_mixin.py:115} INFO - [2022-05-23 16:58:05,989] {dagbag.py:507} INFO - Filling up the DagBag from /Users/mohammadrezakhorasanchian/.pyenv/versions/3.10.4/lib/python3.10/site-packages/airflow/example_dags/example_branch_operator.py
[2022-05-23 16:58:06,008] {processor.py:651} INFO - DAG(s) dict_keys(['example_branch_operator']) retrieved from /Users/mohammadrezakhorasanchian/.pyenv/versions/3.10.4/lib/python3.10/site-packages/airflow/example_dags/example_branch_operator.py
[2022-05-23 16:58:06,052] {logging_mixin.py:115} INFO - [2022-05-23 16:58:06,052] {dag.py:2371} INFO - Sync 1 DAGs
[2022-05-23 16:58:06,064] {logging_mixin.py:115} INFO - [2022-05-23 16:58:06,064] {dag.py:2915} INFO - Setting next_dagrun for example_branch_operator to 2022-05-22T00:00:00+00:00, run_after=2022-05-23T00:00:00+00:00
[2022-05-23 16:58:06,072] {processor.py:161} INFO - Processing /Users/mohammadrezakhorasanchian/.pyenv/versions/3.10.4/lib/python3.10/site-packages/airflow/example_dags/example_branch_operator.py took 0.083 seconds
[2022-05-23 16:59:05,774] {processor.py:153} INFO - Started process (PID=37160) to work on /Users/mohammadrezakhorasanchian/.pyenv/versions/3.10.4/lib/python3.10/site-packages/airflow/example_dags/example_branch_operator.py
[2022-05-23 16:59:05,774] {processor.py:641} INFO - Processing file /Users/mohammadrezakhorasanchian/.pyenv/versions/3.10.4/lib/python3.10/site-packages/airflow/example_dags/example_branch_operator.py for tasks to queue
[2022-05-23 16:59:05,774] {logging_mixin.py:115} INFO - [2022-05-23 16:59:05,774] {dagbag.py:507} INFO - Filling up the DagBag from /Users/mohammadrezakhorasanchian/.pyenv/versions/3.10.4/lib/python3.10/site-packages/airflow/example_dags/example_branch_operator.py
[2022-05-23 16:59:05,792] {processor.py:651} INFO - DAG(s) dict_keys(['example_branch_operator']) retrieved from /Users/mohammadrezakhorasanchian/.pyenv/versions/3.10.4/lib/python3.10/site-packages/airflow/example_dags/example_branch_operator.py
[2022-05-23 16:59:05,833] {logging_mixin.py:115} INFO - [2022-05-23 16:59:05,833] {dag.py:2371} INFO - Sync 1 DAGs
[2022-05-23 16:59:05,844] {logging_mixin.py:115} INFO - [2022-05-23 16:59:05,844] {dag.py:2915} INFO - Setting next_dagrun for example_branch_operator to 2022-05-22T00:00:00+00:00, run_after=2022-05-23T00:00:00+00:00
[2022-05-23 16:59:05,850] {processor.py:161} INFO - Processing /Users/mohammadrezakhorasanchian/.pyenv/versions/3.10.4/lib/python3.10/site-packages/airflow/example_dags/example_branch_operator.py took 0.076 seconds
[2022-05-23 17:00:29,710] {processor.py:153} INFO - Started process (PID=37250) to work on /Users/mohammadrezakhorasanchian/.pyenv/versions/3.10.4/lib/python3.10/site-packages/airflow/example_dags/example_branch_operator.py
[2022-05-23 17:00:29,710] {processor.py:641} INFO - Processing file /Users/mohammadrezakhorasanchian/.pyenv/versions/3.10.4/lib/python3.10/site-packages/airflow/example_dags/example_branch_operator.py for tasks to queue
[2022-05-23 17:00:29,710] {logging_mixin.py:115} INFO - [2022-05-23 17:00:29,710] {dagbag.py:507} INFO - Filling up the DagBag from /Users/mohammadrezakhorasanchian/.pyenv/versions/3.10.4/lib/python3.10/site-packages/airflow/example_dags/example_branch_operator.py
[2022-05-23 17:00:29,728] {processor.py:651} INFO - DAG(s) dict_keys(['example_branch_operator']) retrieved from /Users/mohammadrezakhorasanchian/.pyenv/versions/3.10.4/lib/python3.10/site-packages/airflow/example_dags/example_branch_operator.py
[2022-05-23 17:00:29,769] {logging_mixin.py:115} INFO - [2022-05-23 17:00:29,769] {dag.py:2371} INFO - Sync 1 DAGs
[2022-05-23 17:00:29,780] {logging_mixin.py:115} INFO - [2022-05-23 17:00:29,780] {dag.py:2915} INFO - Setting next_dagrun for example_branch_operator to 2022-05-22T00:00:00+00:00, run_after=2022-05-23T00:00:00+00:00
[2022-05-23 17:00:29,787] {processor.py:161} INFO - Processing /Users/mohammadrezakhorasanchian/.pyenv/versions/3.10.4/lib/python3.10/site-packages/airflow/example_dags/example_branch_operator.py took 0.078 seconds
[2022-05-23 17:01:28,677] {processor.py:153} INFO - Started process (PID=37360) to work on /Users/mohammadrezakhorasanchian/.pyenv/versions/3.10.4/lib/python3.10/site-packages/airflow/example_dags/example_branch_operator.py
[2022-05-23 17:01:28,677] {processor.py:641} INFO - Processing file /Users/mohammadrezakhorasanchian/.pyenv/versions/3.10.4/lib/python3.10/site-packages/airflow/example_dags/example_branch_operator.py for tasks to queue
[2022-05-23 17:01:28,678] {logging_mixin.py:115} INFO - [2022-05-23 17:01:28,678] {dagbag.py:507} INFO - Filling up the DagBag from /Users/mohammadrezakhorasanchian/.pyenv/versions/3.10.4/lib/python3.10/site-packages/airflow/example_dags/example_branch_operator.py
[2022-05-23 17:01:28,700] {processor.py:651} INFO - DAG(s) dict_keys(['example_branch_operator']) retrieved from /Users/mohammadrezakhorasanchian/.pyenv/versions/3.10.4/lib/python3.10/site-packages/airflow/example_dags/example_branch_operator.py
[2022-05-23 17:01:28,747] {logging_mixin.py:115} INFO - [2022-05-23 17:01:28,747] {dag.py:2371} INFO - Sync 1 DAGs
[2022-05-23 17:01:28,759] {logging_mixin.py:115} INFO - [2022-05-23 17:01:28,759] {dag.py:2915} INFO - Setting next_dagrun for example_branch_operator to 2022-05-22T00:00:00+00:00, run_after=2022-05-23T00:00:00+00:00
[2022-05-23 17:01:28,766] {processor.py:161} INFO - Processing /Users/mohammadrezakhorasanchian/.pyenv/versions/3.10.4/lib/python3.10/site-packages/airflow/example_dags/example_branch_operator.py took 0.089 seconds
[2022-05-23 17:02:26,791] {processor.py:153} INFO - Started process (PID=37471) to work on /Users/mohammadrezakhorasanchian/.pyenv/versions/3.10.4/lib/python3.10/site-packages/airflow/example_dags/example_branch_operator.py
[2022-05-23 17:02:26,791] {processor.py:641} INFO - Processing file /Users/mohammadrezakhorasanchian/.pyenv/versions/3.10.4/lib/python3.10/site-packages/airflow/example_dags/example_branch_operator.py for tasks to queue
[2022-05-23 17:02:26,791] {logging_mixin.py:115} INFO - [2022-05-23 17:02:26,791] {dagbag.py:507} INFO - Filling up the DagBag from /Users/mohammadrezakhorasanchian/.pyenv/versions/3.10.4/lib/python3.10/site-packages/airflow/example_dags/example_branch_operator.py
[2022-05-23 17:02:26,810] {processor.py:651} INFO - DAG(s) dict_keys(['example_branch_operator']) retrieved from /Users/mohammadrezakhorasanchian/.pyenv/versions/3.10.4/lib/python3.10/site-packages/airflow/example_dags/example_branch_operator.py
[2022-05-23 17:02:26,853] {logging_mixin.py:115} INFO - [2022-05-23 17:02:26,853] {dag.py:2371} INFO - Sync 1 DAGs
[2022-05-23 17:02:26,864] {logging_mixin.py:115} INFO - [2022-05-23 17:02:26,864] {dag.py:2915} INFO - Setting next_dagrun for example_branch_operator to 2022-05-22T00:00:00+00:00, run_after=2022-05-23T00:00:00+00:00
[2022-05-23 17:02:26,874] {processor.py:161} INFO - Processing /Users/mohammadrezakhorasanchian/.pyenv/versions/3.10.4/lib/python3.10/site-packages/airflow/example_dags/example_branch_operator.py took 0.084 seconds
[2022-05-23 17:03:24,167] {processor.py:153} INFO - Started process (PID=37580) to work on /Users/mohammadrezakhorasanchian/.pyenv/versions/3.10.4/lib/python3.10/site-packages/airflow/example_dags/example_branch_operator.py
[2022-05-23 17:03:24,167] {processor.py:641} INFO - Processing file /Users/mohammadrezakhorasanchian/.pyenv/versions/3.10.4/lib/python3.10/site-packages/airflow/example_dags/example_branch_operator.py for tasks to queue
[2022-05-23 17:03:24,168] {logging_mixin.py:115} INFO - [2022-05-23 17:03:24,168] {dagbag.py:507} INFO - Filling up the DagBag from /Users/mohammadrezakhorasanchian/.pyenv/versions/3.10.4/lib/python3.10/site-packages/airflow/example_dags/example_branch_operator.py
[2022-05-23 17:03:24,186] {processor.py:651} INFO - DAG(s) dict_keys(['example_branch_operator']) retrieved from /Users/mohammadrezakhorasanchian/.pyenv/versions/3.10.4/lib/python3.10/site-packages/airflow/example_dags/example_branch_operator.py
[2022-05-23 17:03:24,229] {logging_mixin.py:115} INFO - [2022-05-23 17:03:24,228] {dag.py:2371} INFO - Sync 1 DAGs
[2022-05-23 17:03:24,239] {logging_mixin.py:115} INFO - [2022-05-23 17:03:24,239] {dag.py:2915} INFO - Setting next_dagrun for example_branch_operator to 2022-05-22T00:00:00+00:00, run_after=2022-05-23T00:00:00+00:00
[2022-05-23 17:03:24,247] {processor.py:161} INFO - Processing /Users/mohammadrezakhorasanchian/.pyenv/versions/3.10.4/lib/python3.10/site-packages/airflow/example_dags/example_branch_operator.py took 0.080 seconds
[2022-05-23 17:04:22,762] {processor.py:153} INFO - Started process (PID=37688) to work on /Users/mohammadrezakhorasanchian/.pyenv/versions/3.10.4/lib/python3.10/site-packages/airflow/example_dags/example_branch_operator.py
[2022-05-23 17:04:22,762] {processor.py:641} INFO - Processing file /Users/mohammadrezakhorasanchian/.pyenv/versions/3.10.4/lib/python3.10/site-packages/airflow/example_dags/example_branch_operator.py for tasks to queue
[2022-05-23 17:04:22,762] {logging_mixin.py:115} INFO - [2022-05-23 17:04:22,762] {dagbag.py:507} INFO - Filling up the DagBag from /Users/mohammadrezakhorasanchian/.pyenv/versions/3.10.4/lib/python3.10/site-packages/airflow/example_dags/example_branch_operator.py
[2022-05-23 17:04:22,781] {processor.py:651} INFO - DAG(s) dict_keys(['example_branch_operator']) retrieved from /Users/mohammadrezakhorasanchian/.pyenv/versions/3.10.4/lib/python3.10/site-packages/airflow/example_dags/example_branch_operator.py
[2022-05-23 17:04:22,823] {logging_mixin.py:115} INFO - [2022-05-23 17:04:22,823] {dag.py:2371} INFO - Sync 1 DAGs
[2022-05-23 17:04:22,834] {logging_mixin.py:115} INFO - [2022-05-23 17:04:22,834] {dag.py:2915} INFO - Setting next_dagrun for example_branch_operator to 2022-05-22T00:00:00+00:00, run_after=2022-05-23T00:00:00+00:00
[2022-05-23 17:04:22,844] {processor.py:161} INFO - Processing /Users/mohammadrezakhorasanchian/.pyenv/versions/3.10.4/lib/python3.10/site-packages/airflow/example_dags/example_branch_operator.py took 0.083 seconds
[2022-05-23 17:05:24,176] {processor.py:153} INFO - Started process (PID=37797) to work on /Users/mohammadrezakhorasanchian/.pyenv/versions/3.10.4/lib/python3.10/site-packages/airflow/example_dags/example_branch_operator.py
[2022-05-23 17:05:24,176] {processor.py:641} INFO - Processing file /Users/mohammadrezakhorasanchian/.pyenv/versions/3.10.4/lib/python3.10/site-packages/airflow/example_dags/example_branch_operator.py for tasks to queue
[2022-05-23 17:05:24,176] {logging_mixin.py:115} INFO - [2022-05-23 17:05:24,176] {dagbag.py:507} INFO - Filling up the DagBag from /Users/mohammadrezakhorasanchian/.pyenv/versions/3.10.4/lib/python3.10/site-packages/airflow/example_dags/example_branch_operator.py
[2022-05-23 17:05:24,194] {processor.py:651} INFO - DAG(s) dict_keys(['example_branch_operator']) retrieved from /Users/mohammadrezakhorasanchian/.pyenv/versions/3.10.4/lib/python3.10/site-packages/airflow/example_dags/example_branch_operator.py
[2022-05-23 17:05:24,235] {logging_mixin.py:115} INFO - [2022-05-23 17:05:24,235] {dag.py:2371} INFO - Sync 1 DAGs
[2022-05-23 17:05:24,246] {logging_mixin.py:115} INFO - [2022-05-23 17:05:24,246] {dag.py:2915} INFO - Setting next_dagrun for example_branch_operator to 2022-05-22T00:00:00+00:00, run_after=2022-05-23T00:00:00+00:00
[2022-05-23 17:05:24,253] {processor.py:161} INFO - Processing /Users/mohammadrezakhorasanchian/.pyenv/versions/3.10.4/lib/python3.10/site-packages/airflow/example_dags/example_branch_operator.py took 0.078 seconds
[2022-05-23 17:06:24,856] {processor.py:153} INFO - Started process (PID=37908) to work on /Users/mohammadrezakhorasanchian/.pyenv/versions/3.10.4/lib/python3.10/site-packages/airflow/example_dags/example_branch_operator.py
[2022-05-23 17:06:24,856] {processor.py:641} INFO - Processing file /Users/mohammadrezakhorasanchian/.pyenv/versions/3.10.4/lib/python3.10/site-packages/airflow/example_dags/example_branch_operator.py for tasks to queue
[2022-05-23 17:06:24,856] {logging_mixin.py:115} INFO - [2022-05-23 17:06:24,856] {dagbag.py:507} INFO - Filling up the DagBag from /Users/mohammadrezakhorasanchian/.pyenv/versions/3.10.4/lib/python3.10/site-packages/airflow/example_dags/example_branch_operator.py
[2022-05-23 17:06:24,881] {processor.py:651} INFO - DAG(s) dict_keys(['example_branch_operator']) retrieved from /Users/mohammadrezakhorasanchian/.pyenv/versions/3.10.4/lib/python3.10/site-packages/airflow/example_dags/example_branch_operator.py
[2022-05-23 17:06:24,935] {logging_mixin.py:115} INFO - [2022-05-23 17:06:24,935] {dag.py:2371} INFO - Sync 1 DAGs
[2022-05-23 17:06:24,949] {logging_mixin.py:115} INFO - [2022-05-23 17:06:24,949] {dag.py:2915} INFO - Setting next_dagrun for example_branch_operator to 2022-05-22T00:00:00+00:00, run_after=2022-05-23T00:00:00+00:00
[2022-05-23 17:06:24,958] {processor.py:161} INFO - Processing /Users/mohammadrezakhorasanchian/.pyenv/versions/3.10.4/lib/python3.10/site-packages/airflow/example_dags/example_branch_operator.py took 0.103 seconds
[2022-05-23 17:07:27,569] {processor.py:153} INFO - Started process (PID=38024) to work on /Users/mohammadrezakhorasanchian/.pyenv/versions/3.10.4/lib/python3.10/site-packages/airflow/example_dags/example_branch_operator.py
[2022-05-23 17:07:27,569] {processor.py:641} INFO - Processing file /Users/mohammadrezakhorasanchian/.pyenv/versions/3.10.4/lib/python3.10/site-packages/airflow/example_dags/example_branch_operator.py for tasks to queue
[2022-05-23 17:07:27,570] {logging_mixin.py:115} INFO - [2022-05-23 17:07:27,570] {dagbag.py:507} INFO - Filling up the DagBag from /Users/mohammadrezakhorasanchian/.pyenv/versions/3.10.4/lib/python3.10/site-packages/airflow/example_dags/example_branch_operator.py
[2022-05-23 17:07:27,592] {processor.py:651} INFO - DAG(s) dict_keys(['example_branch_operator']) retrieved from /Users/mohammadrezakhorasanchian/.pyenv/versions/3.10.4/lib/python3.10/site-packages/airflow/example_dags/example_branch_operator.py
[2022-05-23 17:07:27,637] {logging_mixin.py:115} INFO - [2022-05-23 17:07:27,637] {dag.py:2371} INFO - Sync 1 DAGs
[2022-05-23 17:07:27,648] {logging_mixin.py:115} INFO - [2022-05-23 17:07:27,648] {dag.py:2915} INFO - Setting next_dagrun for example_branch_operator to 2022-05-22T00:00:00+00:00, run_after=2022-05-23T00:00:00+00:00
[2022-05-23 17:07:27,658] {processor.py:161} INFO - Processing /Users/mohammadrezakhorasanchian/.pyenv/versions/3.10.4/lib/python3.10/site-packages/airflow/example_dags/example_branch_operator.py took 0.089 seconds
[2022-05-23 17:08:31,242] {processor.py:153} INFO - Started process (PID=38137) to work on /Users/mohammadrezakhorasanchian/.pyenv/versions/3.10.4/lib/python3.10/site-packages/airflow/example_dags/example_branch_operator.py
[2022-05-23 17:08:31,242] {processor.py:641} INFO - Processing file /Users/mohammadrezakhorasanchian/.pyenv/versions/3.10.4/lib/python3.10/site-packages/airflow/example_dags/example_branch_operator.py for tasks to queue
[2022-05-23 17:08:31,242] {logging_mixin.py:115} INFO - [2022-05-23 17:08:31,242] {dagbag.py:507} INFO - Filling up the DagBag from /Users/mohammadrezakhorasanchian/.pyenv/versions/3.10.4/lib/python3.10/site-packages/airflow/example_dags/example_branch_operator.py
[2022-05-23 17:08:31,260] {processor.py:651} INFO - DAG(s) dict_keys(['example_branch_operator']) retrieved from /Users/mohammadrezakhorasanchian/.pyenv/versions/3.10.4/lib/python3.10/site-packages/airflow/example_dags/example_branch_operator.py
[2022-05-23 17:08:31,303] {logging_mixin.py:115} INFO - [2022-05-23 17:08:31,303] {dag.py:2371} INFO - Sync 1 DAGs
[2022-05-23 17:08:31,314] {logging_mixin.py:115} INFO - [2022-05-23 17:08:31,314] {dag.py:2915} INFO - Setting next_dagrun for example_branch_operator to 2022-05-22T00:00:00+00:00, run_after=2022-05-23T00:00:00+00:00
[2022-05-23 17:08:31,322] {processor.py:161} INFO - Processing /Users/mohammadrezakhorasanchian/.pyenv/versions/3.10.4/lib/python3.10/site-packages/airflow/example_dags/example_branch_operator.py took 0.080 seconds
[2022-05-23 17:09:34,617] {processor.py:153} INFO - Started process (PID=38255) to work on /Users/mohammadrezakhorasanchian/.pyenv/versions/3.10.4/lib/python3.10/site-packages/airflow/example_dags/example_branch_operator.py
[2022-05-23 17:09:34,617] {processor.py:641} INFO - Processing file /Users/mohammadrezakhorasanchian/.pyenv/versions/3.10.4/lib/python3.10/site-packages/airflow/example_dags/example_branch_operator.py for tasks to queue
[2022-05-23 17:09:34,617] {logging_mixin.py:115} INFO - [2022-05-23 17:09:34,617] {dagbag.py:507} INFO - Filling up the DagBag from /Users/mohammadrezakhorasanchian/.pyenv/versions/3.10.4/lib/python3.10/site-packages/airflow/example_dags/example_branch_operator.py
[2022-05-23 17:09:34,635] {processor.py:651} INFO - DAG(s) dict_keys(['example_branch_operator']) retrieved from /Users/mohammadrezakhorasanchian/.pyenv/versions/3.10.4/lib/python3.10/site-packages/airflow/example_dags/example_branch_operator.py
[2022-05-23 17:09:34,678] {logging_mixin.py:115} INFO - [2022-05-23 17:09:34,678] {dag.py:2371} INFO - Sync 1 DAGs
[2022-05-23 17:09:34,689] {logging_mixin.py:115} INFO - [2022-05-23 17:09:34,689] {dag.py:2915} INFO - Setting next_dagrun for example_branch_operator to 2022-05-22T00:00:00+00:00, run_after=2022-05-23T00:00:00+00:00
[2022-05-23 17:09:34,696] {processor.py:161} INFO - Processing /Users/mohammadrezakhorasanchian/.pyenv/versions/3.10.4/lib/python3.10/site-packages/airflow/example_dags/example_branch_operator.py took 0.080 seconds
[2022-05-23 17:10:37,506] {processor.py:153} INFO - Started process (PID=38363) to work on /Users/mohammadrezakhorasanchian/.pyenv/versions/3.10.4/lib/python3.10/site-packages/airflow/example_dags/example_branch_operator.py
[2022-05-23 17:10:37,507] {processor.py:641} INFO - Processing file /Users/mohammadrezakhorasanchian/.pyenv/versions/3.10.4/lib/python3.10/site-packages/airflow/example_dags/example_branch_operator.py for tasks to queue
[2022-05-23 17:10:37,507] {logging_mixin.py:115} INFO - [2022-05-23 17:10:37,507] {dagbag.py:507} INFO - Filling up the DagBag from /Users/mohammadrezakhorasanchian/.pyenv/versions/3.10.4/lib/python3.10/site-packages/airflow/example_dags/example_branch_operator.py
[2022-05-23 17:10:37,526] {processor.py:651} INFO - DAG(s) dict_keys(['example_branch_operator']) retrieved from /Users/mohammadrezakhorasanchian/.pyenv/versions/3.10.4/lib/python3.10/site-packages/airflow/example_dags/example_branch_operator.py
[2022-05-23 17:10:37,571] {logging_mixin.py:115} INFO - [2022-05-23 17:10:37,571] {dag.py:2371} INFO - Sync 1 DAGs
[2022-05-23 17:10:37,582] {logging_mixin.py:115} INFO - [2022-05-23 17:10:37,582] {dag.py:2915} INFO - Setting next_dagrun for example_branch_operator to 2022-05-22T00:00:00+00:00, run_after=2022-05-23T00:00:00+00:00
[2022-05-23 17:10:37,592] {processor.py:161} INFO - Processing /Users/mohammadrezakhorasanchian/.pyenv/versions/3.10.4/lib/python3.10/site-packages/airflow/example_dags/example_branch_operator.py took 0.086 seconds
[2022-05-23 17:11:36,720] {processor.py:153} INFO - Started process (PID=38465) to work on /Users/mohammadrezakhorasanchian/.pyenv/versions/3.10.4/lib/python3.10/site-packages/airflow/example_dags/example_branch_operator.py
[2022-05-23 17:11:36,720] {processor.py:641} INFO - Processing file /Users/mohammadrezakhorasanchian/.pyenv/versions/3.10.4/lib/python3.10/site-packages/airflow/example_dags/example_branch_operator.py for tasks to queue
[2022-05-23 17:11:36,720] {logging_mixin.py:115} INFO - [2022-05-23 17:11:36,720] {dagbag.py:507} INFO - Filling up the DagBag from /Users/mohammadrezakhorasanchian/.pyenv/versions/3.10.4/lib/python3.10/site-packages/airflow/example_dags/example_branch_operator.py
[2022-05-23 17:11:36,738] {processor.py:651} INFO - DAG(s) dict_keys(['example_branch_operator']) retrieved from /Users/mohammadrezakhorasanchian/.pyenv/versions/3.10.4/lib/python3.10/site-packages/airflow/example_dags/example_branch_operator.py
[2022-05-23 17:11:36,781] {logging_mixin.py:115} INFO - [2022-05-23 17:11:36,780] {dag.py:2371} INFO - Sync 1 DAGs
[2022-05-23 17:11:36,792] {logging_mixin.py:115} INFO - [2022-05-23 17:11:36,792] {dag.py:2915} INFO - Setting next_dagrun for example_branch_operator to 2022-05-22T00:00:00+00:00, run_after=2022-05-23T00:00:00+00:00
[2022-05-23 17:11:36,802] {processor.py:161} INFO - Processing /Users/mohammadrezakhorasanchian/.pyenv/versions/3.10.4/lib/python3.10/site-packages/airflow/example_dags/example_branch_operator.py took 0.082 seconds
[2022-05-23 17:12:36,295] {processor.py:153} INFO - Started process (PID=38549) to work on /Users/mohammadrezakhorasanchian/.pyenv/versions/3.10.4/lib/python3.10/site-packages/airflow/example_dags/example_branch_operator.py
[2022-05-23 17:12:36,295] {processor.py:641} INFO - Processing file /Users/mohammadrezakhorasanchian/.pyenv/versions/3.10.4/lib/python3.10/site-packages/airflow/example_dags/example_branch_operator.py for tasks to queue
[2022-05-23 17:12:36,295] {logging_mixin.py:115} INFO - [2022-05-23 17:12:36,295] {dagbag.py:507} INFO - Filling up the DagBag from /Users/mohammadrezakhorasanchian/.pyenv/versions/3.10.4/lib/python3.10/site-packages/airflow/example_dags/example_branch_operator.py
[2022-05-23 17:12:36,313] {processor.py:651} INFO - DAG(s) dict_keys(['example_branch_operator']) retrieved from /Users/mohammadrezakhorasanchian/.pyenv/versions/3.10.4/lib/python3.10/site-packages/airflow/example_dags/example_branch_operator.py
[2022-05-23 17:12:36,356] {logging_mixin.py:115} INFO - [2022-05-23 17:12:36,356] {dag.py:2371} INFO - Sync 1 DAGs
[2022-05-23 17:12:36,367] {logging_mixin.py:115} INFO - [2022-05-23 17:12:36,367] {dag.py:2915} INFO - Setting next_dagrun for example_branch_operator to 2022-05-22T00:00:00+00:00, run_after=2022-05-23T00:00:00+00:00
[2022-05-23 17:12:36,377] {processor.py:161} INFO - Processing /Users/mohammadrezakhorasanchian/.pyenv/versions/3.10.4/lib/python3.10/site-packages/airflow/example_dags/example_branch_operator.py took 0.083 seconds
[2022-05-23 17:13:36,043] {processor.py:153} INFO - Started process (PID=38619) to work on /Users/mohammadrezakhorasanchian/.pyenv/versions/3.10.4/lib/python3.10/site-packages/airflow/example_dags/example_branch_operator.py
[2022-05-23 17:13:36,043] {processor.py:641} INFO - Processing file /Users/mohammadrezakhorasanchian/.pyenv/versions/3.10.4/lib/python3.10/site-packages/airflow/example_dags/example_branch_operator.py for tasks to queue
[2022-05-23 17:13:36,043] {logging_mixin.py:115} INFO - [2022-05-23 17:13:36,043] {dagbag.py:507} INFO - Filling up the DagBag from /Users/mohammadrezakhorasanchian/.pyenv/versions/3.10.4/lib/python3.10/site-packages/airflow/example_dags/example_branch_operator.py
[2022-05-23 17:13:36,062] {processor.py:651} INFO - DAG(s) dict_keys(['example_branch_operator']) retrieved from /Users/mohammadrezakhorasanchian/.pyenv/versions/3.10.4/lib/python3.10/site-packages/airflow/example_dags/example_branch_operator.py
[2022-05-23 17:13:36,105] {logging_mixin.py:115} INFO - [2022-05-23 17:13:36,105] {dag.py:2371} INFO - Sync 1 DAGs
[2022-05-23 17:13:36,117] {logging_mixin.py:115} INFO - [2022-05-23 17:13:36,117] {dag.py:2915} INFO - Setting next_dagrun for example_branch_operator to 2022-05-22T00:00:00+00:00, run_after=2022-05-23T00:00:00+00:00
[2022-05-23 17:13:36,124] {processor.py:161} INFO - Processing /Users/mohammadrezakhorasanchian/.pyenv/versions/3.10.4/lib/python3.10/site-packages/airflow/example_dags/example_branch_operator.py took 0.081 seconds
[2022-05-23 17:14:37,139] {processor.py:153} INFO - Started process (PID=38731) to work on /Users/mohammadrezakhorasanchian/.pyenv/versions/3.10.4/lib/python3.10/site-packages/airflow/example_dags/example_branch_operator.py
[2022-05-23 17:14:37,139] {processor.py:641} INFO - Processing file /Users/mohammadrezakhorasanchian/.pyenv/versions/3.10.4/lib/python3.10/site-packages/airflow/example_dags/example_branch_operator.py for tasks to queue
[2022-05-23 17:14:37,139] {logging_mixin.py:115} INFO - [2022-05-23 17:14:37,139] {dagbag.py:507} INFO - Filling up the DagBag from /Users/mohammadrezakhorasanchian/.pyenv/versions/3.10.4/lib/python3.10/site-packages/airflow/example_dags/example_branch_operator.py
[2022-05-23 17:14:37,157] {processor.py:651} INFO - DAG(s) dict_keys(['example_branch_operator']) retrieved from /Users/mohammadrezakhorasanchian/.pyenv/versions/3.10.4/lib/python3.10/site-packages/airflow/example_dags/example_branch_operator.py
[2022-05-23 17:14:37,199] {logging_mixin.py:115} INFO - [2022-05-23 17:14:37,198] {dag.py:2371} INFO - Sync 1 DAGs
[2022-05-23 17:14:37,209] {logging_mixin.py:115} INFO - [2022-05-23 17:14:37,209] {dag.py:2915} INFO - Setting next_dagrun for example_branch_operator to 2022-05-22T00:00:00+00:00, run_after=2022-05-23T00:00:00+00:00
[2022-05-23 17:14:37,216] {processor.py:161} INFO - Processing /Users/mohammadrezakhorasanchian/.pyenv/versions/3.10.4/lib/python3.10/site-packages/airflow/example_dags/example_branch_operator.py took 0.078 seconds
[2022-05-23 17:15:33,752] {processor.py:153} INFO - Started process (PID=38790) to work on /Users/mohammadrezakhorasanchian/.pyenv/versions/3.10.4/lib/python3.10/site-packages/airflow/example_dags/example_branch_operator.py
[2022-05-23 17:15:33,753] {processor.py:641} INFO - Processing file /Users/mohammadrezakhorasanchian/.pyenv/versions/3.10.4/lib/python3.10/site-packages/airflow/example_dags/example_branch_operator.py for tasks to queue
[2022-05-23 17:15:33,753] {logging_mixin.py:115} INFO - [2022-05-23 17:15:33,753] {dagbag.py:507} INFO - Filling up the DagBag from /Users/mohammadrezakhorasanchian/.pyenv/versions/3.10.4/lib/python3.10/site-packages/airflow/example_dags/example_branch_operator.py
[2022-05-23 17:15:33,771] {processor.py:651} INFO - DAG(s) dict_keys(['example_branch_operator']) retrieved from /Users/mohammadrezakhorasanchian/.pyenv/versions/3.10.4/lib/python3.10/site-packages/airflow/example_dags/example_branch_operator.py
[2022-05-23 17:15:33,814] {logging_mixin.py:115} INFO - [2022-05-23 17:15:33,814] {dag.py:2371} INFO - Sync 1 DAGs
[2022-05-23 17:15:33,825] {logging_mixin.py:115} INFO - [2022-05-23 17:15:33,825] {dag.py:2915} INFO - Setting next_dagrun for example_branch_operator to 2022-05-22T00:00:00+00:00, run_after=2022-05-23T00:00:00+00:00
[2022-05-23 17:15:33,832] {processor.py:161} INFO - Processing /Users/mohammadrezakhorasanchian/.pyenv/versions/3.10.4/lib/python3.10/site-packages/airflow/example_dags/example_branch_operator.py took 0.080 seconds
[2022-05-23 17:16:34,077] {processor.py:153} INFO - Started process (PID=38849) to work on /Users/mohammadrezakhorasanchian/.pyenv/versions/3.10.4/lib/python3.10/site-packages/airflow/example_dags/example_branch_operator.py
[2022-05-23 17:16:34,078] {processor.py:641} INFO - Processing file /Users/mohammadrezakhorasanchian/.pyenv/versions/3.10.4/lib/python3.10/site-packages/airflow/example_dags/example_branch_operator.py for tasks to queue
[2022-05-23 17:16:34,078] {logging_mixin.py:115} INFO - [2022-05-23 17:16:34,078] {dagbag.py:507} INFO - Filling up the DagBag from /Users/mohammadrezakhorasanchian/.pyenv/versions/3.10.4/lib/python3.10/site-packages/airflow/example_dags/example_branch_operator.py
[2022-05-23 17:16:34,096] {processor.py:651} INFO - DAG(s) dict_keys(['example_branch_operator']) retrieved from /Users/mohammadrezakhorasanchian/.pyenv/versions/3.10.4/lib/python3.10/site-packages/airflow/example_dags/example_branch_operator.py
[2022-05-23 17:16:34,138] {logging_mixin.py:115} INFO - [2022-05-23 17:16:34,138] {dag.py:2371} INFO - Sync 1 DAGs
[2022-05-23 17:16:34,149] {logging_mixin.py:115} INFO - [2022-05-23 17:16:34,148] {dag.py:2915} INFO - Setting next_dagrun for example_branch_operator to 2022-05-22T00:00:00+00:00, run_after=2022-05-23T00:00:00+00:00
[2022-05-23 17:16:34,156] {processor.py:161} INFO - Processing /Users/mohammadrezakhorasanchian/.pyenv/versions/3.10.4/lib/python3.10/site-packages/airflow/example_dags/example_branch_operator.py took 0.079 seconds
[2022-05-23 17:17:35,937] {processor.py:153} INFO - Started process (PID=38885) to work on /Users/mohammadrezakhorasanchian/.pyenv/versions/3.10.4/lib/python3.10/site-packages/airflow/example_dags/example_branch_operator.py
[2022-05-23 17:17:35,937] {processor.py:641} INFO - Processing file /Users/mohammadrezakhorasanchian/.pyenv/versions/3.10.4/lib/python3.10/site-packages/airflow/example_dags/example_branch_operator.py for tasks to queue
[2022-05-23 17:17:35,937] {logging_mixin.py:115} INFO - [2022-05-23 17:17:35,937] {dagbag.py:507} INFO - Filling up the DagBag from /Users/mohammadrezakhorasanchian/.pyenv/versions/3.10.4/lib/python3.10/site-packages/airflow/example_dags/example_branch_operator.py
[2022-05-23 17:17:35,955] {processor.py:651} INFO - DAG(s) dict_keys(['example_branch_operator']) retrieved from /Users/mohammadrezakhorasanchian/.pyenv/versions/3.10.4/lib/python3.10/site-packages/airflow/example_dags/example_branch_operator.py
[2022-05-23 17:17:35,997] {logging_mixin.py:115} INFO - [2022-05-23 17:17:35,997] {dag.py:2371} INFO - Sync 1 DAGs
[2022-05-23 17:17:36,008] {logging_mixin.py:115} INFO - [2022-05-23 17:17:36,008] {dag.py:2915} INFO - Setting next_dagrun for example_branch_operator to 2022-05-22T00:00:00+00:00, run_after=2022-05-23T00:00:00+00:00
[2022-05-23 17:17:36,015] {processor.py:161} INFO - Processing /Users/mohammadrezakhorasanchian/.pyenv/versions/3.10.4/lib/python3.10/site-packages/airflow/example_dags/example_branch_operator.py took 0.079 seconds
[2022-05-23 17:18:37,605] {processor.py:153} INFO - Started process (PID=38971) to work on /Users/mohammadrezakhorasanchian/.pyenv/versions/3.10.4/lib/python3.10/site-packages/airflow/example_dags/example_branch_operator.py
[2022-05-23 17:18:37,605] {processor.py:641} INFO - Processing file /Users/mohammadrezakhorasanchian/.pyenv/versions/3.10.4/lib/python3.10/site-packages/airflow/example_dags/example_branch_operator.py for tasks to queue
[2022-05-23 17:18:37,605] {logging_mixin.py:115} INFO - [2022-05-23 17:18:37,605] {dagbag.py:507} INFO - Filling up the DagBag from /Users/mohammadrezakhorasanchian/.pyenv/versions/3.10.4/lib/python3.10/site-packages/airflow/example_dags/example_branch_operator.py
[2022-05-23 17:18:37,628] {processor.py:651} INFO - DAG(s) dict_keys(['example_branch_operator']) retrieved from /Users/mohammadrezakhorasanchian/.pyenv/versions/3.10.4/lib/python3.10/site-packages/airflow/example_dags/example_branch_operator.py
[2022-05-23 17:18:37,680] {logging_mixin.py:115} INFO - [2022-05-23 17:18:37,680] {dag.py:2371} INFO - Sync 1 DAGs
[2022-05-23 17:18:37,694] {logging_mixin.py:115} INFO - [2022-05-23 17:18:37,694] {dag.py:2915} INFO - Setting next_dagrun for example_branch_operator to 2022-05-22T00:00:00+00:00, run_after=2022-05-23T00:00:00+00:00
[2022-05-23 17:18:37,702] {processor.py:161} INFO - Processing /Users/mohammadrezakhorasanchian/.pyenv/versions/3.10.4/lib/python3.10/site-packages/airflow/example_dags/example_branch_operator.py took 0.098 seconds
[2022-05-23 17:19:40,976] {processor.py:153} INFO - Started process (PID=39069) to work on /Users/mohammadrezakhorasanchian/.pyenv/versions/3.10.4/lib/python3.10/site-packages/airflow/example_dags/example_branch_operator.py
[2022-05-23 17:19:40,977] {processor.py:641} INFO - Processing file /Users/mohammadrezakhorasanchian/.pyenv/versions/3.10.4/lib/python3.10/site-packages/airflow/example_dags/example_branch_operator.py for tasks to queue
[2022-05-23 17:19:40,977] {logging_mixin.py:115} INFO - [2022-05-23 17:19:40,977] {dagbag.py:507} INFO - Filling up the DagBag from /Users/mohammadrezakhorasanchian/.pyenv/versions/3.10.4/lib/python3.10/site-packages/airflow/example_dags/example_branch_operator.py
[2022-05-23 17:19:40,995] {processor.py:651} INFO - DAG(s) dict_keys(['example_branch_operator']) retrieved from /Users/mohammadrezakhorasanchian/.pyenv/versions/3.10.4/lib/python3.10/site-packages/airflow/example_dags/example_branch_operator.py
[2022-05-23 17:19:41,037] {logging_mixin.py:115} INFO - [2022-05-23 17:19:41,037] {dag.py:2371} INFO - Sync 1 DAGs
[2022-05-23 17:19:41,048] {logging_mixin.py:115} INFO - [2022-05-23 17:19:41,048] {dag.py:2915} INFO - Setting next_dagrun for example_branch_operator to 2022-05-22T00:00:00+00:00, run_after=2022-05-23T00:00:00+00:00
[2022-05-23 17:19:41,056] {processor.py:161} INFO - Processing /Users/mohammadrezakhorasanchian/.pyenv/versions/3.10.4/lib/python3.10/site-packages/airflow/example_dags/example_branch_operator.py took 0.080 seconds
[2022-05-23 17:20:43,689] {processor.py:153} INFO - Started process (PID=39180) to work on /Users/mohammadrezakhorasanchian/.pyenv/versions/3.10.4/lib/python3.10/site-packages/airflow/example_dags/example_branch_operator.py
[2022-05-23 17:20:43,689] {processor.py:641} INFO - Processing file /Users/mohammadrezakhorasanchian/.pyenv/versions/3.10.4/lib/python3.10/site-packages/airflow/example_dags/example_branch_operator.py for tasks to queue
[2022-05-23 17:20:43,689] {logging_mixin.py:115} INFO - [2022-05-23 17:20:43,689] {dagbag.py:507} INFO - Filling up the DagBag from /Users/mohammadrezakhorasanchian/.pyenv/versions/3.10.4/lib/python3.10/site-packages/airflow/example_dags/example_branch_operator.py
[2022-05-23 17:20:43,707] {processor.py:651} INFO - DAG(s) dict_keys(['example_branch_operator']) retrieved from /Users/mohammadrezakhorasanchian/.pyenv/versions/3.10.4/lib/python3.10/site-packages/airflow/example_dags/example_branch_operator.py
[2022-05-23 17:20:43,750] {logging_mixin.py:115} INFO - [2022-05-23 17:20:43,750] {dag.py:2371} INFO - Sync 1 DAGs
[2022-05-23 17:20:43,761] {logging_mixin.py:115} INFO - [2022-05-23 17:20:43,761] {dag.py:2915} INFO - Setting next_dagrun for example_branch_operator to 2022-05-22T00:00:00+00:00, run_after=2022-05-23T00:00:00+00:00
[2022-05-23 17:20:43,769] {processor.py:161} INFO - Processing /Users/mohammadrezakhorasanchian/.pyenv/versions/3.10.4/lib/python3.10/site-packages/airflow/example_dags/example_branch_operator.py took 0.081 seconds
[2022-05-23 17:21:43,668] {processor.py:153} INFO - Started process (PID=39248) to work on /Users/mohammadrezakhorasanchian/.pyenv/versions/3.10.4/lib/python3.10/site-packages/airflow/example_dags/example_branch_operator.py
[2022-05-23 17:21:43,668] {processor.py:641} INFO - Processing file /Users/mohammadrezakhorasanchian/.pyenv/versions/3.10.4/lib/python3.10/site-packages/airflow/example_dags/example_branch_operator.py for tasks to queue
[2022-05-23 17:21:43,669] {logging_mixin.py:115} INFO - [2022-05-23 17:21:43,668] {dagbag.py:507} INFO - Filling up the DagBag from /Users/mohammadrezakhorasanchian/.pyenv/versions/3.10.4/lib/python3.10/site-packages/airflow/example_dags/example_branch_operator.py
[2022-05-23 17:21:43,689] {processor.py:651} INFO - DAG(s) dict_keys(['example_branch_operator']) retrieved from /Users/mohammadrezakhorasanchian/.pyenv/versions/3.10.4/lib/python3.10/site-packages/airflow/example_dags/example_branch_operator.py
[2022-05-23 17:21:43,732] {logging_mixin.py:115} INFO - [2022-05-23 17:21:43,732] {dag.py:2371} INFO - Sync 1 DAGs
[2022-05-23 17:21:43,744] {logging_mixin.py:115} INFO - [2022-05-23 17:21:43,743] {dag.py:2915} INFO - Setting next_dagrun for example_branch_operator to 2022-05-22T00:00:00+00:00, run_after=2022-05-23T00:00:00+00:00
[2022-05-23 17:21:43,750] {processor.py:161} INFO - Processing /Users/mohammadrezakhorasanchian/.pyenv/versions/3.10.4/lib/python3.10/site-packages/airflow/example_dags/example_branch_operator.py took 0.083 seconds
[2022-05-23 17:22:56,002] {processor.py:153} INFO - Started process (PID=39303) to work on /Users/mohammadrezakhorasanchian/.pyenv/versions/3.10.4/lib/python3.10/site-packages/airflow/example_dags/example_branch_operator.py
[2022-05-23 17:22:56,002] {processor.py:641} INFO - Processing file /Users/mohammadrezakhorasanchian/.pyenv/versions/3.10.4/lib/python3.10/site-packages/airflow/example_dags/example_branch_operator.py for tasks to queue
[2022-05-23 17:22:56,002] {logging_mixin.py:115} INFO - [2022-05-23 17:22:56,002] {dagbag.py:507} INFO - Filling up the DagBag from /Users/mohammadrezakhorasanchian/.pyenv/versions/3.10.4/lib/python3.10/site-packages/airflow/example_dags/example_branch_operator.py
[2022-05-23 17:22:56,020] {processor.py:651} INFO - DAG(s) dict_keys(['example_branch_operator']) retrieved from /Users/mohammadrezakhorasanchian/.pyenv/versions/3.10.4/lib/python3.10/site-packages/airflow/example_dags/example_branch_operator.py
[2022-05-23 17:22:56,063] {logging_mixin.py:115} INFO - [2022-05-23 17:22:56,063] {dag.py:2371} INFO - Sync 1 DAGs
[2022-05-23 17:22:56,074] {logging_mixin.py:115} INFO - [2022-05-23 17:22:56,074] {dag.py:2915} INFO - Setting next_dagrun for example_branch_operator to 2022-05-22T00:00:00+00:00, run_after=2022-05-23T00:00:00+00:00
[2022-05-23 17:22:56,084] {processor.py:161} INFO - Processing /Users/mohammadrezakhorasanchian/.pyenv/versions/3.10.4/lib/python3.10/site-packages/airflow/example_dags/example_branch_operator.py took 0.083 seconds
[2022-05-23 17:24:00,941] {processor.py:153} INFO - Started process (PID=39404) to work on /Users/mohammadrezakhorasanchian/.pyenv/versions/3.10.4/lib/python3.10/site-packages/airflow/example_dags/example_branch_operator.py
[2022-05-23 17:24:00,942] {processor.py:641} INFO - Processing file /Users/mohammadrezakhorasanchian/.pyenv/versions/3.10.4/lib/python3.10/site-packages/airflow/example_dags/example_branch_operator.py for tasks to queue
[2022-05-23 17:24:00,942] {logging_mixin.py:115} INFO - [2022-05-23 17:24:00,942] {dagbag.py:507} INFO - Filling up the DagBag from /Users/mohammadrezakhorasanchian/.pyenv/versions/3.10.4/lib/python3.10/site-packages/airflow/example_dags/example_branch_operator.py
[2022-05-23 17:24:00,962] {processor.py:651} INFO - DAG(s) dict_keys(['example_branch_operator']) retrieved from /Users/mohammadrezakhorasanchian/.pyenv/versions/3.10.4/lib/python3.10/site-packages/airflow/example_dags/example_branch_operator.py
[2022-05-23 17:24:01,009] {logging_mixin.py:115} INFO - [2022-05-23 17:24:01,009] {dag.py:2371} INFO - Sync 1 DAGs
[2022-05-23 17:24:01,021] {logging_mixin.py:115} INFO - [2022-05-23 17:24:01,021] {dag.py:2915} INFO - Setting next_dagrun for example_branch_operator to 2022-05-22T00:00:00+00:00, run_after=2022-05-23T00:00:00+00:00
[2022-05-23 17:24:01,028] {processor.py:161} INFO - Processing /Users/mohammadrezakhorasanchian/.pyenv/versions/3.10.4/lib/python3.10/site-packages/airflow/example_dags/example_branch_operator.py took 0.087 seconds
[2022-05-23 17:34:24,493] {processor.py:153} INFO - Started process (PID=39762) to work on /Users/mohammadrezakhorasanchian/.pyenv/versions/3.10.4/lib/python3.10/site-packages/airflow/example_dags/example_branch_operator.py
[2022-05-23 17:34:24,494] {processor.py:641} INFO - Processing file /Users/mohammadrezakhorasanchian/.pyenv/versions/3.10.4/lib/python3.10/site-packages/airflow/example_dags/example_branch_operator.py for tasks to queue
[2022-05-23 17:34:24,494] {logging_mixin.py:115} INFO - [2022-05-23 17:34:24,494] {dagbag.py:507} INFO - Filling up the DagBag from /Users/mohammadrezakhorasanchian/.pyenv/versions/3.10.4/lib/python3.10/site-packages/airflow/example_dags/example_branch_operator.py
[2022-05-23 17:34:24,513] {processor.py:651} INFO - DAG(s) dict_keys(['example_branch_operator']) retrieved from /Users/mohammadrezakhorasanchian/.pyenv/versions/3.10.4/lib/python3.10/site-packages/airflow/example_dags/example_branch_operator.py
[2022-05-23 17:34:24,555] {logging_mixin.py:115} INFO - [2022-05-23 17:34:24,555] {dag.py:2371} INFO - Sync 1 DAGs
[2022-05-23 17:34:24,566] {logging_mixin.py:115} INFO - [2022-05-23 17:34:24,566] {dag.py:2915} INFO - Setting next_dagrun for example_branch_operator to 2022-05-22T00:00:00+00:00, run_after=2022-05-23T00:00:00+00:00
[2022-05-23 17:34:24,574] {processor.py:161} INFO - Processing /Users/mohammadrezakhorasanchian/.pyenv/versions/3.10.4/lib/python3.10/site-packages/airflow/example_dags/example_branch_operator.py took 0.081 seconds
[2022-05-23 17:35:25,960] {processor.py:153} INFO - Started process (PID=39802) to work on /Users/mohammadrezakhorasanchian/.pyenv/versions/3.10.4/lib/python3.10/site-packages/airflow/example_dags/example_branch_operator.py
[2022-05-23 17:35:25,960] {processor.py:641} INFO - Processing file /Users/mohammadrezakhorasanchian/.pyenv/versions/3.10.4/lib/python3.10/site-packages/airflow/example_dags/example_branch_operator.py for tasks to queue
[2022-05-23 17:35:25,961] {logging_mixin.py:115} INFO - [2022-05-23 17:35:25,961] {dagbag.py:507} INFO - Filling up the DagBag from /Users/mohammadrezakhorasanchian/.pyenv/versions/3.10.4/lib/python3.10/site-packages/airflow/example_dags/example_branch_operator.py
[2022-05-23 17:35:25,979] {processor.py:651} INFO - DAG(s) dict_keys(['example_branch_operator']) retrieved from /Users/mohammadrezakhorasanchian/.pyenv/versions/3.10.4/lib/python3.10/site-packages/airflow/example_dags/example_branch_operator.py
[2022-05-23 17:35:26,022] {logging_mixin.py:115} INFO - [2022-05-23 17:35:26,022] {dag.py:2371} INFO - Sync 1 DAGs
[2022-05-23 17:35:26,034] {logging_mixin.py:115} INFO - [2022-05-23 17:35:26,034] {dag.py:2915} INFO - Setting next_dagrun for example_branch_operator to 2022-05-22T00:00:00+00:00, run_after=2022-05-23T00:00:00+00:00
[2022-05-23 17:35:26,041] {processor.py:161} INFO - Processing /Users/mohammadrezakhorasanchian/.pyenv/versions/3.10.4/lib/python3.10/site-packages/airflow/example_dags/example_branch_operator.py took 0.081 seconds
[2022-05-23 17:36:28,900] {processor.py:153} INFO - Started process (PID=39849) to work on /Users/mohammadrezakhorasanchian/.pyenv/versions/3.10.4/lib/python3.10/site-packages/airflow/example_dags/example_branch_operator.py
[2022-05-23 17:36:28,900] {processor.py:641} INFO - Processing file /Users/mohammadrezakhorasanchian/.pyenv/versions/3.10.4/lib/python3.10/site-packages/airflow/example_dags/example_branch_operator.py for tasks to queue
[2022-05-23 17:36:28,900] {logging_mixin.py:115} INFO - [2022-05-23 17:36:28,900] {dagbag.py:507} INFO - Filling up the DagBag from /Users/mohammadrezakhorasanchian/.pyenv/versions/3.10.4/lib/python3.10/site-packages/airflow/example_dags/example_branch_operator.py
[2022-05-23 17:36:28,919] {processor.py:651} INFO - DAG(s) dict_keys(['example_branch_operator']) retrieved from /Users/mohammadrezakhorasanchian/.pyenv/versions/3.10.4/lib/python3.10/site-packages/airflow/example_dags/example_branch_operator.py
[2022-05-23 17:36:28,961] {logging_mixin.py:115} INFO - [2022-05-23 17:36:28,961] {dag.py:2371} INFO - Sync 1 DAGs
[2022-05-23 17:36:28,972] {logging_mixin.py:115} INFO - [2022-05-23 17:36:28,972] {dag.py:2915} INFO - Setting next_dagrun for example_branch_operator to 2022-05-22T00:00:00+00:00, run_after=2022-05-23T00:00:00+00:00
[2022-05-23 17:36:28,980] {processor.py:161} INFO - Processing /Users/mohammadrezakhorasanchian/.pyenv/versions/3.10.4/lib/python3.10/site-packages/airflow/example_dags/example_branch_operator.py took 0.081 seconds
[2022-05-23 17:37:27,656] {processor.py:153} INFO - Started process (PID=39887) to work on /Users/mohammadrezakhorasanchian/.pyenv/versions/3.10.4/lib/python3.10/site-packages/airflow/example_dags/example_branch_operator.py
[2022-05-23 17:37:27,656] {processor.py:641} INFO - Processing file /Users/mohammadrezakhorasanchian/.pyenv/versions/3.10.4/lib/python3.10/site-packages/airflow/example_dags/example_branch_operator.py for tasks to queue
[2022-05-23 17:37:27,656] {logging_mixin.py:115} INFO - [2022-05-23 17:37:27,656] {dagbag.py:507} INFO - Filling up the DagBag from /Users/mohammadrezakhorasanchian/.pyenv/versions/3.10.4/lib/python3.10/site-packages/airflow/example_dags/example_branch_operator.py
[2022-05-23 17:37:27,674] {processor.py:651} INFO - DAG(s) dict_keys(['example_branch_operator']) retrieved from /Users/mohammadrezakhorasanchian/.pyenv/versions/3.10.4/lib/python3.10/site-packages/airflow/example_dags/example_branch_operator.py
[2022-05-23 17:37:27,716] {logging_mixin.py:115} INFO - [2022-05-23 17:37:27,716] {dag.py:2371} INFO - Sync 1 DAGs
[2022-05-23 17:37:27,727] {logging_mixin.py:115} INFO - [2022-05-23 17:37:27,727] {dag.py:2915} INFO - Setting next_dagrun for example_branch_operator to 2022-05-22T00:00:00+00:00, run_after=2022-05-23T00:00:00+00:00
[2022-05-23 17:37:27,735] {processor.py:161} INFO - Processing /Users/mohammadrezakhorasanchian/.pyenv/versions/3.10.4/lib/python3.10/site-packages/airflow/example_dags/example_branch_operator.py took 0.079 seconds
[2022-05-23 17:38:24,450] {processor.py:153} INFO - Started process (PID=39929) to work on /Users/mohammadrezakhorasanchian/.pyenv/versions/3.10.4/lib/python3.10/site-packages/airflow/example_dags/example_branch_operator.py
[2022-05-23 17:38:24,450] {processor.py:641} INFO - Processing file /Users/mohammadrezakhorasanchian/.pyenv/versions/3.10.4/lib/python3.10/site-packages/airflow/example_dags/example_branch_operator.py for tasks to queue
[2022-05-23 17:38:24,450] {logging_mixin.py:115} INFO - [2022-05-23 17:38:24,450] {dagbag.py:507} INFO - Filling up the DagBag from /Users/mohammadrezakhorasanchian/.pyenv/versions/3.10.4/lib/python3.10/site-packages/airflow/example_dags/example_branch_operator.py
[2022-05-23 17:38:24,468] {processor.py:651} INFO - DAG(s) dict_keys(['example_branch_operator']) retrieved from /Users/mohammadrezakhorasanchian/.pyenv/versions/3.10.4/lib/python3.10/site-packages/airflow/example_dags/example_branch_operator.py
[2022-05-23 17:38:24,509] {logging_mixin.py:115} INFO - [2022-05-23 17:38:24,509] {dag.py:2371} INFO - Sync 1 DAGs
[2022-05-23 17:38:24,520] {logging_mixin.py:115} INFO - [2022-05-23 17:38:24,520] {dag.py:2915} INFO - Setting next_dagrun for example_branch_operator to 2022-05-22T00:00:00+00:00, run_after=2022-05-23T00:00:00+00:00
[2022-05-23 17:38:24,528] {processor.py:161} INFO - Processing /Users/mohammadrezakhorasanchian/.pyenv/versions/3.10.4/lib/python3.10/site-packages/airflow/example_dags/example_branch_operator.py took 0.079 seconds
[2022-05-23 17:39:21,553] {processor.py:153} INFO - Started process (PID=39964) to work on /Users/mohammadrezakhorasanchian/.pyenv/versions/3.10.4/lib/python3.10/site-packages/airflow/example_dags/example_branch_operator.py
[2022-05-23 17:39:21,553] {processor.py:641} INFO - Processing file /Users/mohammadrezakhorasanchian/.pyenv/versions/3.10.4/lib/python3.10/site-packages/airflow/example_dags/example_branch_operator.py for tasks to queue
[2022-05-23 17:39:21,554] {logging_mixin.py:115} INFO - [2022-05-23 17:39:21,554] {dagbag.py:507} INFO - Filling up the DagBag from /Users/mohammadrezakhorasanchian/.pyenv/versions/3.10.4/lib/python3.10/site-packages/airflow/example_dags/example_branch_operator.py
[2022-05-23 17:39:21,572] {processor.py:651} INFO - DAG(s) dict_keys(['example_branch_operator']) retrieved from /Users/mohammadrezakhorasanchian/.pyenv/versions/3.10.4/lib/python3.10/site-packages/airflow/example_dags/example_branch_operator.py
[2022-05-23 17:39:21,614] {logging_mixin.py:115} INFO - [2022-05-23 17:39:21,614] {dag.py:2371} INFO - Sync 1 DAGs
[2022-05-23 17:39:21,625] {logging_mixin.py:115} INFO - [2022-05-23 17:39:21,625] {dag.py:2915} INFO - Setting next_dagrun for example_branch_operator to 2022-05-22T00:00:00+00:00, run_after=2022-05-23T00:00:00+00:00
[2022-05-23 17:39:21,632] {processor.py:161} INFO - Processing /Users/mohammadrezakhorasanchian/.pyenv/versions/3.10.4/lib/python3.10/site-packages/airflow/example_dags/example_branch_operator.py took 0.080 seconds
[2022-05-23 17:40:21,159] {processor.py:153} INFO - Started process (PID=40001) to work on /Users/mohammadrezakhorasanchian/.pyenv/versions/3.10.4/lib/python3.10/site-packages/airflow/example_dags/example_branch_operator.py
[2022-05-23 17:40:21,159] {processor.py:641} INFO - Processing file /Users/mohammadrezakhorasanchian/.pyenv/versions/3.10.4/lib/python3.10/site-packages/airflow/example_dags/example_branch_operator.py for tasks to queue
[2022-05-23 17:40:21,159] {logging_mixin.py:115} INFO - [2022-05-23 17:40:21,159] {dagbag.py:507} INFO - Filling up the DagBag from /Users/mohammadrezakhorasanchian/.pyenv/versions/3.10.4/lib/python3.10/site-packages/airflow/example_dags/example_branch_operator.py
[2022-05-23 17:40:21,177] {processor.py:651} INFO - DAG(s) dict_keys(['example_branch_operator']) retrieved from /Users/mohammadrezakhorasanchian/.pyenv/versions/3.10.4/lib/python3.10/site-packages/airflow/example_dags/example_branch_operator.py
[2022-05-23 17:40:21,219] {logging_mixin.py:115} INFO - [2022-05-23 17:40:21,219] {dag.py:2371} INFO - Sync 1 DAGs
[2022-05-23 17:40:21,231] {logging_mixin.py:115} INFO - [2022-05-23 17:40:21,231] {dag.py:2915} INFO - Setting next_dagrun for example_branch_operator to 2022-05-22T00:00:00+00:00, run_after=2022-05-23T00:00:00+00:00
[2022-05-23 17:40:21,238] {processor.py:161} INFO - Processing /Users/mohammadrezakhorasanchian/.pyenv/versions/3.10.4/lib/python3.10/site-packages/airflow/example_dags/example_branch_operator.py took 0.080 seconds
[2022-05-23 17:41:20,021] {processor.py:153} INFO - Started process (PID=40037) to work on /Users/mohammadrezakhorasanchian/.pyenv/versions/3.10.4/lib/python3.10/site-packages/airflow/example_dags/example_branch_operator.py
[2022-05-23 17:41:20,021] {processor.py:641} INFO - Processing file /Users/mohammadrezakhorasanchian/.pyenv/versions/3.10.4/lib/python3.10/site-packages/airflow/example_dags/example_branch_operator.py for tasks to queue
[2022-05-23 17:41:20,022] {logging_mixin.py:115} INFO - [2022-05-23 17:41:20,022] {dagbag.py:507} INFO - Filling up the DagBag from /Users/mohammadrezakhorasanchian/.pyenv/versions/3.10.4/lib/python3.10/site-packages/airflow/example_dags/example_branch_operator.py
[2022-05-23 17:41:20,039] {processor.py:651} INFO - DAG(s) dict_keys(['example_branch_operator']) retrieved from /Users/mohammadrezakhorasanchian/.pyenv/versions/3.10.4/lib/python3.10/site-packages/airflow/example_dags/example_branch_operator.py
[2022-05-23 17:41:20,081] {logging_mixin.py:115} INFO - [2022-05-23 17:41:20,081] {dag.py:2371} INFO - Sync 1 DAGs
[2022-05-23 17:41:20,092] {logging_mixin.py:115} INFO - [2022-05-23 17:41:20,092] {dag.py:2915} INFO - Setting next_dagrun for example_branch_operator to 2022-05-22T00:00:00+00:00, run_after=2022-05-23T00:00:00+00:00
[2022-05-23 17:41:20,100] {processor.py:161} INFO - Processing /Users/mohammadrezakhorasanchian/.pyenv/versions/3.10.4/lib/python3.10/site-packages/airflow/example_dags/example_branch_operator.py took 0.079 seconds
[2022-05-23 17:42:17,022] {processor.py:153} INFO - Started process (PID=40073) to work on /Users/mohammadrezakhorasanchian/.pyenv/versions/3.10.4/lib/python3.10/site-packages/airflow/example_dags/example_branch_operator.py
[2022-05-23 17:42:17,022] {processor.py:641} INFO - Processing file /Users/mohammadrezakhorasanchian/.pyenv/versions/3.10.4/lib/python3.10/site-packages/airflow/example_dags/example_branch_operator.py for tasks to queue
[2022-05-23 17:42:17,022] {logging_mixin.py:115} INFO - [2022-05-23 17:42:17,022] {dagbag.py:507} INFO - Filling up the DagBag from /Users/mohammadrezakhorasanchian/.pyenv/versions/3.10.4/lib/python3.10/site-packages/airflow/example_dags/example_branch_operator.py
[2022-05-23 17:42:17,040] {processor.py:651} INFO - DAG(s) dict_keys(['example_branch_operator']) retrieved from /Users/mohammadrezakhorasanchian/.pyenv/versions/3.10.4/lib/python3.10/site-packages/airflow/example_dags/example_branch_operator.py
[2022-05-23 17:42:17,082] {logging_mixin.py:115} INFO - [2022-05-23 17:42:17,082] {dag.py:2371} INFO - Sync 1 DAGs
[2022-05-23 17:42:17,093] {logging_mixin.py:115} INFO - [2022-05-23 17:42:17,093] {dag.py:2915} INFO - Setting next_dagrun for example_branch_operator to 2022-05-22T00:00:00+00:00, run_after=2022-05-23T00:00:00+00:00
[2022-05-23 17:42:17,101] {processor.py:161} INFO - Processing /Users/mohammadrezakhorasanchian/.pyenv/versions/3.10.4/lib/python3.10/site-packages/airflow/example_dags/example_branch_operator.py took 0.080 seconds
[2022-05-23 17:43:15,493] {processor.py:153} INFO - Started process (PID=40112) to work on /Users/mohammadrezakhorasanchian/.pyenv/versions/3.10.4/lib/python3.10/site-packages/airflow/example_dags/example_branch_operator.py
[2022-05-23 17:43:15,494] {processor.py:641} INFO - Processing file /Users/mohammadrezakhorasanchian/.pyenv/versions/3.10.4/lib/python3.10/site-packages/airflow/example_dags/example_branch_operator.py for tasks to queue
[2022-05-23 17:43:15,494] {logging_mixin.py:115} INFO - [2022-05-23 17:43:15,494] {dagbag.py:507} INFO - Filling up the DagBag from /Users/mohammadrezakhorasanchian/.pyenv/versions/3.10.4/lib/python3.10/site-packages/airflow/example_dags/example_branch_operator.py
[2022-05-23 17:43:15,512] {processor.py:651} INFO - DAG(s) dict_keys(['example_branch_operator']) retrieved from /Users/mohammadrezakhorasanchian/.pyenv/versions/3.10.4/lib/python3.10/site-packages/airflow/example_dags/example_branch_operator.py
[2022-05-23 17:43:15,553] {logging_mixin.py:115} INFO - [2022-05-23 17:43:15,553] {dag.py:2371} INFO - Sync 1 DAGs
[2022-05-23 17:43:15,564] {logging_mixin.py:115} INFO - [2022-05-23 17:43:15,564] {dag.py:2915} INFO - Setting next_dagrun for example_branch_operator to 2022-05-22T00:00:00+00:00, run_after=2022-05-23T00:00:00+00:00
[2022-05-23 17:43:15,572] {processor.py:161} INFO - Processing /Users/mohammadrezakhorasanchian/.pyenv/versions/3.10.4/lib/python3.10/site-packages/airflow/example_dags/example_branch_operator.py took 0.079 seconds
[2022-05-23 17:44:14,345] {processor.py:153} INFO - Started process (PID=40151) to work on /Users/mohammadrezakhorasanchian/.pyenv/versions/3.10.4/lib/python3.10/site-packages/airflow/example_dags/example_branch_operator.py
[2022-05-23 17:44:14,345] {processor.py:641} INFO - Processing file /Users/mohammadrezakhorasanchian/.pyenv/versions/3.10.4/lib/python3.10/site-packages/airflow/example_dags/example_branch_operator.py for tasks to queue
[2022-05-23 17:44:14,346] {logging_mixin.py:115} INFO - [2022-05-23 17:44:14,346] {dagbag.py:507} INFO - Filling up the DagBag from /Users/mohammadrezakhorasanchian/.pyenv/versions/3.10.4/lib/python3.10/site-packages/airflow/example_dags/example_branch_operator.py
[2022-05-23 17:44:14,364] {processor.py:651} INFO - DAG(s) dict_keys(['example_branch_operator']) retrieved from /Users/mohammadrezakhorasanchian/.pyenv/versions/3.10.4/lib/python3.10/site-packages/airflow/example_dags/example_branch_operator.py
[2022-05-23 17:44:14,406] {logging_mixin.py:115} INFO - [2022-05-23 17:44:14,406] {dag.py:2371} INFO - Sync 1 DAGs
[2022-05-23 17:44:14,417] {logging_mixin.py:115} INFO - [2022-05-23 17:44:14,417] {dag.py:2915} INFO - Setting next_dagrun for example_branch_operator to 2022-05-22T00:00:00+00:00, run_after=2022-05-23T00:00:00+00:00
[2022-05-23 17:44:14,424] {processor.py:161} INFO - Processing /Users/mohammadrezakhorasanchian/.pyenv/versions/3.10.4/lib/python3.10/site-packages/airflow/example_dags/example_branch_operator.py took 0.080 seconds
[2022-05-23 17:45:15,214] {processor.py:153} INFO - Started process (PID=40189) to work on /Users/mohammadrezakhorasanchian/.pyenv/versions/3.10.4/lib/python3.10/site-packages/airflow/example_dags/example_branch_operator.py
[2022-05-23 17:45:15,214] {processor.py:641} INFO - Processing file /Users/mohammadrezakhorasanchian/.pyenv/versions/3.10.4/lib/python3.10/site-packages/airflow/example_dags/example_branch_operator.py for tasks to queue
[2022-05-23 17:45:15,214] {logging_mixin.py:115} INFO - [2022-05-23 17:45:15,214] {dagbag.py:507} INFO - Filling up the DagBag from /Users/mohammadrezakhorasanchian/.pyenv/versions/3.10.4/lib/python3.10/site-packages/airflow/example_dags/example_branch_operator.py
[2022-05-23 17:45:15,233] {processor.py:651} INFO - DAG(s) dict_keys(['example_branch_operator']) retrieved from /Users/mohammadrezakhorasanchian/.pyenv/versions/3.10.4/lib/python3.10/site-packages/airflow/example_dags/example_branch_operator.py
[2022-05-23 17:45:15,278] {logging_mixin.py:115} INFO - [2022-05-23 17:45:15,277] {dag.py:2371} INFO - Sync 1 DAGs
[2022-05-23 17:45:15,289] {logging_mixin.py:115} INFO - [2022-05-23 17:45:15,289] {dag.py:2915} INFO - Setting next_dagrun for example_branch_operator to 2022-05-22T00:00:00+00:00, run_after=2022-05-23T00:00:00+00:00
[2022-05-23 17:45:15,296] {processor.py:161} INFO - Processing /Users/mohammadrezakhorasanchian/.pyenv/versions/3.10.4/lib/python3.10/site-packages/airflow/example_dags/example_branch_operator.py took 0.083 seconds
[2022-05-23 17:46:13,542] {processor.py:153} INFO - Started process (PID=40232) to work on /Users/mohammadrezakhorasanchian/.pyenv/versions/3.10.4/lib/python3.10/site-packages/airflow/example_dags/example_branch_operator.py
[2022-05-23 17:46:13,542] {processor.py:641} INFO - Processing file /Users/mohammadrezakhorasanchian/.pyenv/versions/3.10.4/lib/python3.10/site-packages/airflow/example_dags/example_branch_operator.py for tasks to queue
[2022-05-23 17:46:13,543] {logging_mixin.py:115} INFO - [2022-05-23 17:46:13,542] {dagbag.py:507} INFO - Filling up the DagBag from /Users/mohammadrezakhorasanchian/.pyenv/versions/3.10.4/lib/python3.10/site-packages/airflow/example_dags/example_branch_operator.py
[2022-05-23 17:46:13,561] {processor.py:651} INFO - DAG(s) dict_keys(['example_branch_operator']) retrieved from /Users/mohammadrezakhorasanchian/.pyenv/versions/3.10.4/lib/python3.10/site-packages/airflow/example_dags/example_branch_operator.py
[2022-05-23 17:46:13,607] {logging_mixin.py:115} INFO - [2022-05-23 17:46:13,607] {dag.py:2371} INFO - Sync 1 DAGs
[2022-05-23 17:46:13,618] {logging_mixin.py:115} INFO - [2022-05-23 17:46:13,618] {dag.py:2915} INFO - Setting next_dagrun for example_branch_operator to 2022-05-22T00:00:00+00:00, run_after=2022-05-23T00:00:00+00:00
[2022-05-23 17:46:13,625] {processor.py:161} INFO - Processing /Users/mohammadrezakhorasanchian/.pyenv/versions/3.10.4/lib/python3.10/site-packages/airflow/example_dags/example_branch_operator.py took 0.084 seconds
[2022-05-23 17:47:12,174] {processor.py:153} INFO - Started process (PID=40272) to work on /Users/mohammadrezakhorasanchian/.pyenv/versions/3.10.4/lib/python3.10/site-packages/airflow/example_dags/example_branch_operator.py
[2022-05-23 17:47:12,174] {processor.py:641} INFO - Processing file /Users/mohammadrezakhorasanchian/.pyenv/versions/3.10.4/lib/python3.10/site-packages/airflow/example_dags/example_branch_operator.py for tasks to queue
[2022-05-23 17:47:12,175] {logging_mixin.py:115} INFO - [2022-05-23 17:47:12,175] {dagbag.py:507} INFO - Filling up the DagBag from /Users/mohammadrezakhorasanchian/.pyenv/versions/3.10.4/lib/python3.10/site-packages/airflow/example_dags/example_branch_operator.py
[2022-05-23 17:47:12,193] {processor.py:651} INFO - DAG(s) dict_keys(['example_branch_operator']) retrieved from /Users/mohammadrezakhorasanchian/.pyenv/versions/3.10.4/lib/python3.10/site-packages/airflow/example_dags/example_branch_operator.py
[2022-05-23 17:47:12,236] {logging_mixin.py:115} INFO - [2022-05-23 17:47:12,236] {dag.py:2371} INFO - Sync 1 DAGs
[2022-05-23 17:47:12,248] {logging_mixin.py:115} INFO - [2022-05-23 17:47:12,248] {dag.py:2915} INFO - Setting next_dagrun for example_branch_operator to 2022-05-22T00:00:00+00:00, run_after=2022-05-23T00:00:00+00:00
[2022-05-23 17:47:12,255] {processor.py:161} INFO - Processing /Users/mohammadrezakhorasanchian/.pyenv/versions/3.10.4/lib/python3.10/site-packages/airflow/example_dags/example_branch_operator.py took 0.081 seconds
[2022-05-23 17:48:09,732] {processor.py:153} INFO - Started process (PID=40312) to work on /Users/mohammadrezakhorasanchian/.pyenv/versions/3.10.4/lib/python3.10/site-packages/airflow/example_dags/example_branch_operator.py
[2022-05-23 17:48:09,732] {processor.py:641} INFO - Processing file /Users/mohammadrezakhorasanchian/.pyenv/versions/3.10.4/lib/python3.10/site-packages/airflow/example_dags/example_branch_operator.py for tasks to queue
[2022-05-23 17:48:09,733] {logging_mixin.py:115} INFO - [2022-05-23 17:48:09,733] {dagbag.py:507} INFO - Filling up the DagBag from /Users/mohammadrezakhorasanchian/.pyenv/versions/3.10.4/lib/python3.10/site-packages/airflow/example_dags/example_branch_operator.py
[2022-05-23 17:48:09,751] {processor.py:651} INFO - DAG(s) dict_keys(['example_branch_operator']) retrieved from /Users/mohammadrezakhorasanchian/.pyenv/versions/3.10.4/lib/python3.10/site-packages/airflow/example_dags/example_branch_operator.py
[2022-05-23 17:48:09,795] {logging_mixin.py:115} INFO - [2022-05-23 17:48:09,795] {dag.py:2371} INFO - Sync 1 DAGs
[2022-05-23 17:48:09,806] {logging_mixin.py:115} INFO - [2022-05-23 17:48:09,806] {dag.py:2915} INFO - Setting next_dagrun for example_branch_operator to 2022-05-22T00:00:00+00:00, run_after=2022-05-23T00:00:00+00:00
[2022-05-23 17:48:09,813] {processor.py:161} INFO - Processing /Users/mohammadrezakhorasanchian/.pyenv/versions/3.10.4/lib/python3.10/site-packages/airflow/example_dags/example_branch_operator.py took 0.081 seconds
[2022-05-23 17:49:09,089] {processor.py:153} INFO - Started process (PID=40352) to work on /Users/mohammadrezakhorasanchian/.pyenv/versions/3.10.4/lib/python3.10/site-packages/airflow/example_dags/example_branch_operator.py
[2022-05-23 17:49:09,089] {processor.py:641} INFO - Processing file /Users/mohammadrezakhorasanchian/.pyenv/versions/3.10.4/lib/python3.10/site-packages/airflow/example_dags/example_branch_operator.py for tasks to queue
[2022-05-23 17:49:09,089] {logging_mixin.py:115} INFO - [2022-05-23 17:49:09,089] {dagbag.py:507} INFO - Filling up the DagBag from /Users/mohammadrezakhorasanchian/.pyenv/versions/3.10.4/lib/python3.10/site-packages/airflow/example_dags/example_branch_operator.py
[2022-05-23 17:49:09,113] {processor.py:651} INFO - DAG(s) dict_keys(['example_branch_operator']) retrieved from /Users/mohammadrezakhorasanchian/.pyenv/versions/3.10.4/lib/python3.10/site-packages/airflow/example_dags/example_branch_operator.py
[2022-05-23 17:49:09,167] {logging_mixin.py:115} INFO - [2022-05-23 17:49:09,166] {dag.py:2371} INFO - Sync 1 DAGs
[2022-05-23 17:49:09,181] {logging_mixin.py:115} INFO - [2022-05-23 17:49:09,181] {dag.py:2915} INFO - Setting next_dagrun for example_branch_operator to 2022-05-22T00:00:00+00:00, run_after=2022-05-23T00:00:00+00:00
[2022-05-23 17:49:09,189] {processor.py:161} INFO - Processing /Users/mohammadrezakhorasanchian/.pyenv/versions/3.10.4/lib/python3.10/site-packages/airflow/example_dags/example_branch_operator.py took 0.101 seconds
[2022-05-23 17:52:08,802] {processor.py:153} INFO - Started process (PID=40509) to work on /Users/mohammadrezakhorasanchian/.pyenv/versions/3.10.4/lib/python3.10/site-packages/airflow/example_dags/example_branch_operator.py
[2022-05-23 17:52:08,802] {processor.py:641} INFO - Processing file /Users/mohammadrezakhorasanchian/.pyenv/versions/3.10.4/lib/python3.10/site-packages/airflow/example_dags/example_branch_operator.py for tasks to queue
[2022-05-23 17:52:08,802] {logging_mixin.py:115} INFO - [2022-05-23 17:52:08,802] {dagbag.py:507} INFO - Filling up the DagBag from /Users/mohammadrezakhorasanchian/.pyenv/versions/3.10.4/lib/python3.10/site-packages/airflow/example_dags/example_branch_operator.py
[2022-05-23 17:52:08,820] {processor.py:651} INFO - DAG(s) dict_keys(['example_branch_operator']) retrieved from /Users/mohammadrezakhorasanchian/.pyenv/versions/3.10.4/lib/python3.10/site-packages/airflow/example_dags/example_branch_operator.py
[2022-05-23 17:52:08,863] {logging_mixin.py:115} INFO - [2022-05-23 17:52:08,863] {dag.py:2371} INFO - Sync 1 DAGs
[2022-05-23 17:52:08,874] {logging_mixin.py:115} INFO - [2022-05-23 17:52:08,874] {dag.py:2915} INFO - Setting next_dagrun for example_branch_operator to 2022-05-22T00:00:00+00:00, run_after=2022-05-23T00:00:00+00:00
[2022-05-23 17:52:08,881] {processor.py:161} INFO - Processing /Users/mohammadrezakhorasanchian/.pyenv/versions/3.10.4/lib/python3.10/site-packages/airflow/example_dags/example_branch_operator.py took 0.080 seconds
[2022-05-23 17:59:06,368] {processor.py:153} INFO - Started process (PID=40598) to work on /Users/mohammadrezakhorasanchian/.pyenv/versions/3.10.4/lib/python3.10/site-packages/airflow/example_dags/example_branch_operator.py
[2022-05-23 17:59:06,368] {processor.py:641} INFO - Processing file /Users/mohammadrezakhorasanchian/.pyenv/versions/3.10.4/lib/python3.10/site-packages/airflow/example_dags/example_branch_operator.py for tasks to queue
[2022-05-23 17:59:06,368] {logging_mixin.py:115} INFO - [2022-05-23 17:59:06,368] {dagbag.py:507} INFO - Filling up the DagBag from /Users/mohammadrezakhorasanchian/.pyenv/versions/3.10.4/lib/python3.10/site-packages/airflow/example_dags/example_branch_operator.py
[2022-05-23 17:59:06,386] {processor.py:651} INFO - DAG(s) dict_keys(['example_branch_operator']) retrieved from /Users/mohammadrezakhorasanchian/.pyenv/versions/3.10.4/lib/python3.10/site-packages/airflow/example_dags/example_branch_operator.py
[2022-05-23 17:59:06,429] {logging_mixin.py:115} INFO - [2022-05-23 17:59:06,428] {dag.py:2371} INFO - Sync 1 DAGs
[2022-05-23 17:59:06,440] {logging_mixin.py:115} INFO - [2022-05-23 17:59:06,440] {dag.py:2915} INFO - Setting next_dagrun for example_branch_operator to 2022-05-22T00:00:00+00:00, run_after=2022-05-23T00:00:00+00:00
[2022-05-23 17:59:06,446] {processor.py:161} INFO - Processing /Users/mohammadrezakhorasanchian/.pyenv/versions/3.10.4/lib/python3.10/site-packages/airflow/example_dags/example_branch_operator.py took 0.079 seconds
[2022-05-23 18:00:05,683] {processor.py:153} INFO - Started process (PID=40635) to work on /Users/mohammadrezakhorasanchian/.pyenv/versions/3.10.4/lib/python3.10/site-packages/airflow/example_dags/example_branch_operator.py
[2022-05-23 18:00:05,683] {processor.py:641} INFO - Processing file /Users/mohammadrezakhorasanchian/.pyenv/versions/3.10.4/lib/python3.10/site-packages/airflow/example_dags/example_branch_operator.py for tasks to queue
[2022-05-23 18:00:05,683] {logging_mixin.py:115} INFO - [2022-05-23 18:00:05,683] {dagbag.py:507} INFO - Filling up the DagBag from /Users/mohammadrezakhorasanchian/.pyenv/versions/3.10.4/lib/python3.10/site-packages/airflow/example_dags/example_branch_operator.py
[2022-05-23 18:00:05,701] {processor.py:651} INFO - DAG(s) dict_keys(['example_branch_operator']) retrieved from /Users/mohammadrezakhorasanchian/.pyenv/versions/3.10.4/lib/python3.10/site-packages/airflow/example_dags/example_branch_operator.py
[2022-05-23 18:00:05,743] {logging_mixin.py:115} INFO - [2022-05-23 18:00:05,743] {dag.py:2371} INFO - Sync 1 DAGs
[2022-05-23 18:00:05,755] {logging_mixin.py:115} INFO - [2022-05-23 18:00:05,755] {dag.py:2915} INFO - Setting next_dagrun for example_branch_operator to 2022-05-22T00:00:00+00:00, run_after=2022-05-23T00:00:00+00:00
[2022-05-23 18:00:05,762] {processor.py:161} INFO - Processing /Users/mohammadrezakhorasanchian/.pyenv/versions/3.10.4/lib/python3.10/site-packages/airflow/example_dags/example_branch_operator.py took 0.079 seconds
[2022-05-23 18:01:06,297] {processor.py:153} INFO - Started process (PID=40672) to work on /Users/mohammadrezakhorasanchian/.pyenv/versions/3.10.4/lib/python3.10/site-packages/airflow/example_dags/example_branch_operator.py
[2022-05-23 18:01:06,297] {processor.py:641} INFO - Processing file /Users/mohammadrezakhorasanchian/.pyenv/versions/3.10.4/lib/python3.10/site-packages/airflow/example_dags/example_branch_operator.py for tasks to queue
[2022-05-23 18:01:06,298] {logging_mixin.py:115} INFO - [2022-05-23 18:01:06,298] {dagbag.py:507} INFO - Filling up the DagBag from /Users/mohammadrezakhorasanchian/.pyenv/versions/3.10.4/lib/python3.10/site-packages/airflow/example_dags/example_branch_operator.py
[2022-05-23 18:01:06,315] {processor.py:651} INFO - DAG(s) dict_keys(['example_branch_operator']) retrieved from /Users/mohammadrezakhorasanchian/.pyenv/versions/3.10.4/lib/python3.10/site-packages/airflow/example_dags/example_branch_operator.py
[2022-05-23 18:01:06,358] {logging_mixin.py:115} INFO - [2022-05-23 18:01:06,358] {dag.py:2371} INFO - Sync 1 DAGs
[2022-05-23 18:01:06,369] {logging_mixin.py:115} INFO - [2022-05-23 18:01:06,369] {dag.py:2915} INFO - Setting next_dagrun for example_branch_operator to 2022-05-22T00:00:00+00:00, run_after=2022-05-23T00:00:00+00:00
[2022-05-23 18:01:06,377] {processor.py:161} INFO - Processing /Users/mohammadrezakhorasanchian/.pyenv/versions/3.10.4/lib/python3.10/site-packages/airflow/example_dags/example_branch_operator.py took 0.080 seconds
[2022-05-23 18:02:05,865] {processor.py:153} INFO - Started process (PID=40712) to work on /Users/mohammadrezakhorasanchian/.pyenv/versions/3.10.4/lib/python3.10/site-packages/airflow/example_dags/example_branch_operator.py
[2022-05-23 18:02:05,866] {processor.py:641} INFO - Processing file /Users/mohammadrezakhorasanchian/.pyenv/versions/3.10.4/lib/python3.10/site-packages/airflow/example_dags/example_branch_operator.py for tasks to queue
[2022-05-23 18:02:05,866] {logging_mixin.py:115} INFO - [2022-05-23 18:02:05,866] {dagbag.py:507} INFO - Filling up the DagBag from /Users/mohammadrezakhorasanchian/.pyenv/versions/3.10.4/lib/python3.10/site-packages/airflow/example_dags/example_branch_operator.py
[2022-05-23 18:02:05,883] {processor.py:651} INFO - DAG(s) dict_keys(['example_branch_operator']) retrieved from /Users/mohammadrezakhorasanchian/.pyenv/versions/3.10.4/lib/python3.10/site-packages/airflow/example_dags/example_branch_operator.py
[2022-05-23 18:02:05,925] {logging_mixin.py:115} INFO - [2022-05-23 18:02:05,925] {dag.py:2371} INFO - Sync 1 DAGs
[2022-05-23 18:02:05,936] {logging_mixin.py:115} INFO - [2022-05-23 18:02:05,936] {dag.py:2915} INFO - Setting next_dagrun for example_branch_operator to 2022-05-22T00:00:00+00:00, run_after=2022-05-23T00:00:00+00:00
[2022-05-23 18:02:05,944] {processor.py:161} INFO - Processing /Users/mohammadrezakhorasanchian/.pyenv/versions/3.10.4/lib/python3.10/site-packages/airflow/example_dags/example_branch_operator.py took 0.079 seconds
[2022-05-23 18:03:03,281] {processor.py:153} INFO - Started process (PID=40752) to work on /Users/mohammadrezakhorasanchian/.pyenv/versions/3.10.4/lib/python3.10/site-packages/airflow/example_dags/example_branch_operator.py
[2022-05-23 18:03:03,281] {processor.py:641} INFO - Processing file /Users/mohammadrezakhorasanchian/.pyenv/versions/3.10.4/lib/python3.10/site-packages/airflow/example_dags/example_branch_operator.py for tasks to queue
[2022-05-23 18:03:03,281] {logging_mixin.py:115} INFO - [2022-05-23 18:03:03,281] {dagbag.py:507} INFO - Filling up the DagBag from /Users/mohammadrezakhorasanchian/.pyenv/versions/3.10.4/lib/python3.10/site-packages/airflow/example_dags/example_branch_operator.py
[2022-05-23 18:03:03,299] {processor.py:651} INFO - DAG(s) dict_keys(['example_branch_operator']) retrieved from /Users/mohammadrezakhorasanchian/.pyenv/versions/3.10.4/lib/python3.10/site-packages/airflow/example_dags/example_branch_operator.py
[2022-05-23 18:03:03,342] {logging_mixin.py:115} INFO - [2022-05-23 18:03:03,342] {dag.py:2371} INFO - Sync 1 DAGs
[2022-05-23 18:03:03,353] {logging_mixin.py:115} INFO - [2022-05-23 18:03:03,353] {dag.py:2915} INFO - Setting next_dagrun for example_branch_operator to 2022-05-22T00:00:00+00:00, run_after=2022-05-23T00:00:00+00:00
[2022-05-23 18:03:03,360] {processor.py:161} INFO - Processing /Users/mohammadrezakhorasanchian/.pyenv/versions/3.10.4/lib/python3.10/site-packages/airflow/example_dags/example_branch_operator.py took 0.080 seconds
[2022-05-23 18:04:23,379] {processor.py:153} INFO - Started process (PID=40804) to work on /Users/mohammadrezakhorasanchian/.pyenv/versions/3.10.4/lib/python3.10/site-packages/airflow/example_dags/example_branch_operator.py
[2022-05-23 18:04:23,379] {processor.py:641} INFO - Processing file /Users/mohammadrezakhorasanchian/.pyenv/versions/3.10.4/lib/python3.10/site-packages/airflow/example_dags/example_branch_operator.py for tasks to queue
[2022-05-23 18:04:23,380] {logging_mixin.py:115} INFO - [2022-05-23 18:04:23,380] {dagbag.py:507} INFO - Filling up the DagBag from /Users/mohammadrezakhorasanchian/.pyenv/versions/3.10.4/lib/python3.10/site-packages/airflow/example_dags/example_branch_operator.py
[2022-05-23 18:04:23,398] {processor.py:651} INFO - DAG(s) dict_keys(['example_branch_operator']) retrieved from /Users/mohammadrezakhorasanchian/.pyenv/versions/3.10.4/lib/python3.10/site-packages/airflow/example_dags/example_branch_operator.py
[2022-05-23 18:04:23,440] {logging_mixin.py:115} INFO - [2022-05-23 18:04:23,440] {dag.py:2371} INFO - Sync 1 DAGs
[2022-05-23 18:04:23,451] {logging_mixin.py:115} INFO - [2022-05-23 18:04:23,451] {dag.py:2915} INFO - Setting next_dagrun for example_branch_operator to 2022-05-22T00:00:00+00:00, run_after=2022-05-23T00:00:00+00:00
[2022-05-23 18:04:23,459] {processor.py:161} INFO - Processing /Users/mohammadrezakhorasanchian/.pyenv/versions/3.10.4/lib/python3.10/site-packages/airflow/example_dags/example_branch_operator.py took 0.080 seconds
[2022-05-23 18:05:18,596] {processor.py:153} INFO - Started process (PID=40840) to work on /Users/mohammadrezakhorasanchian/.pyenv/versions/3.10.4/lib/python3.10/site-packages/airflow/example_dags/example_branch_operator.py
[2022-05-23 18:05:18,597] {processor.py:641} INFO - Processing file /Users/mohammadrezakhorasanchian/.pyenv/versions/3.10.4/lib/python3.10/site-packages/airflow/example_dags/example_branch_operator.py for tasks to queue
[2022-05-23 18:05:18,597] {logging_mixin.py:115} INFO - [2022-05-23 18:05:18,597] {dagbag.py:507} INFO - Filling up the DagBag from /Users/mohammadrezakhorasanchian/.pyenv/versions/3.10.4/lib/python3.10/site-packages/airflow/example_dags/example_branch_operator.py
[2022-05-23 18:05:18,615] {processor.py:651} INFO - DAG(s) dict_keys(['example_branch_operator']) retrieved from /Users/mohammadrezakhorasanchian/.pyenv/versions/3.10.4/lib/python3.10/site-packages/airflow/example_dags/example_branch_operator.py
[2022-05-23 18:05:18,658] {logging_mixin.py:115} INFO - [2022-05-23 18:05:18,658] {dag.py:2371} INFO - Sync 1 DAGs
[2022-05-23 18:05:18,669] {logging_mixin.py:115} INFO - [2022-05-23 18:05:18,669] {dag.py:2915} INFO - Setting next_dagrun for example_branch_operator to 2022-05-22T00:00:00+00:00, run_after=2022-05-23T00:00:00+00:00
[2022-05-23 18:05:18,676] {processor.py:161} INFO - Processing /Users/mohammadrezakhorasanchian/.pyenv/versions/3.10.4/lib/python3.10/site-packages/airflow/example_dags/example_branch_operator.py took 0.081 seconds
[2022-05-23 18:06:15,930] {processor.py:153} INFO - Started process (PID=40875) to work on /Users/mohammadrezakhorasanchian/.pyenv/versions/3.10.4/lib/python3.10/site-packages/airflow/example_dags/example_branch_operator.py
[2022-05-23 18:06:15,930] {processor.py:641} INFO - Processing file /Users/mohammadrezakhorasanchian/.pyenv/versions/3.10.4/lib/python3.10/site-packages/airflow/example_dags/example_branch_operator.py for tasks to queue
[2022-05-23 18:06:15,930] {logging_mixin.py:115} INFO - [2022-05-23 18:06:15,930] {dagbag.py:507} INFO - Filling up the DagBag from /Users/mohammadrezakhorasanchian/.pyenv/versions/3.10.4/lib/python3.10/site-packages/airflow/example_dags/example_branch_operator.py
[2022-05-23 18:06:15,948] {processor.py:651} INFO - DAG(s) dict_keys(['example_branch_operator']) retrieved from /Users/mohammadrezakhorasanchian/.pyenv/versions/3.10.4/lib/python3.10/site-packages/airflow/example_dags/example_branch_operator.py
[2022-05-23 18:06:15,990] {logging_mixin.py:115} INFO - [2022-05-23 18:06:15,990] {dag.py:2371} INFO - Sync 1 DAGs
[2022-05-23 18:06:16,001] {logging_mixin.py:115} INFO - [2022-05-23 18:06:16,001] {dag.py:2915} INFO - Setting next_dagrun for example_branch_operator to 2022-05-22T00:00:00+00:00, run_after=2022-05-23T00:00:00+00:00
[2022-05-23 18:06:16,008] {processor.py:161} INFO - Processing /Users/mohammadrezakhorasanchian/.pyenv/versions/3.10.4/lib/python3.10/site-packages/airflow/example_dags/example_branch_operator.py took 0.079 seconds
[2022-05-23 18:07:15,020] {processor.py:153} INFO - Started process (PID=40915) to work on /Users/mohammadrezakhorasanchian/.pyenv/versions/3.10.4/lib/python3.10/site-packages/airflow/example_dags/example_branch_operator.py
[2022-05-23 18:07:15,020] {processor.py:641} INFO - Processing file /Users/mohammadrezakhorasanchian/.pyenv/versions/3.10.4/lib/python3.10/site-packages/airflow/example_dags/example_branch_operator.py for tasks to queue
[2022-05-23 18:07:15,020] {logging_mixin.py:115} INFO - [2022-05-23 18:07:15,020] {dagbag.py:507} INFO - Filling up the DagBag from /Users/mohammadrezakhorasanchian/.pyenv/versions/3.10.4/lib/python3.10/site-packages/airflow/example_dags/example_branch_operator.py
[2022-05-23 18:07:15,040] {processor.py:651} INFO - DAG(s) dict_keys(['example_branch_operator']) retrieved from /Users/mohammadrezakhorasanchian/.pyenv/versions/3.10.4/lib/python3.10/site-packages/airflow/example_dags/example_branch_operator.py
[2022-05-23 18:07:15,085] {logging_mixin.py:115} INFO - [2022-05-23 18:07:15,085] {dag.py:2371} INFO - Sync 1 DAGs
[2022-05-23 18:07:15,098] {logging_mixin.py:115} INFO - [2022-05-23 18:07:15,098] {dag.py:2915} INFO - Setting next_dagrun for example_branch_operator to 2022-05-22T00:00:00+00:00, run_after=2022-05-23T00:00:00+00:00
[2022-05-23 18:07:15,105] {processor.py:161} INFO - Processing /Users/mohammadrezakhorasanchian/.pyenv/versions/3.10.4/lib/python3.10/site-packages/airflow/example_dags/example_branch_operator.py took 0.086 seconds
[2022-05-23 18:08:15,998] {processor.py:153} INFO - Started process (PID=40955) to work on /Users/mohammadrezakhorasanchian/.pyenv/versions/3.10.4/lib/python3.10/site-packages/airflow/example_dags/example_branch_operator.py
[2022-05-23 18:08:15,998] {processor.py:641} INFO - Processing file /Users/mohammadrezakhorasanchian/.pyenv/versions/3.10.4/lib/python3.10/site-packages/airflow/example_dags/example_branch_operator.py for tasks to queue
[2022-05-23 18:08:15,998] {logging_mixin.py:115} INFO - [2022-05-23 18:08:15,998] {dagbag.py:507} INFO - Filling up the DagBag from /Users/mohammadrezakhorasanchian/.pyenv/versions/3.10.4/lib/python3.10/site-packages/airflow/example_dags/example_branch_operator.py
[2022-05-23 18:08:16,016] {processor.py:651} INFO - DAG(s) dict_keys(['example_branch_operator']) retrieved from /Users/mohammadrezakhorasanchian/.pyenv/versions/3.10.4/lib/python3.10/site-packages/airflow/example_dags/example_branch_operator.py
[2022-05-23 18:08:16,059] {logging_mixin.py:115} INFO - [2022-05-23 18:08:16,058] {dag.py:2371} INFO - Sync 1 DAGs
[2022-05-23 18:08:16,070] {logging_mixin.py:115} INFO - [2022-05-23 18:08:16,070] {dag.py:2915} INFO - Setting next_dagrun for example_branch_operator to 2022-05-22T00:00:00+00:00, run_after=2022-05-23T00:00:00+00:00
[2022-05-23 18:08:16,077] {processor.py:161} INFO - Processing /Users/mohammadrezakhorasanchian/.pyenv/versions/3.10.4/lib/python3.10/site-packages/airflow/example_dags/example_branch_operator.py took 0.080 seconds
[2022-05-23 18:14:52,406] {processor.py:153} INFO - Started process (PID=41134) to work on /Users/mohammadrezakhorasanchian/.pyenv/versions/3.10.4/lib/python3.10/site-packages/airflow/example_dags/example_branch_operator.py
[2022-05-23 18:14:52,407] {processor.py:641} INFO - Processing file /Users/mohammadrezakhorasanchian/.pyenv/versions/3.10.4/lib/python3.10/site-packages/airflow/example_dags/example_branch_operator.py for tasks to queue
[2022-05-23 18:14:52,408] {logging_mixin.py:115} INFO - [2022-05-23 18:14:52,408] {dagbag.py:507} INFO - Filling up the DagBag from /Users/mohammadrezakhorasanchian/.pyenv/versions/3.10.4/lib/python3.10/site-packages/airflow/example_dags/example_branch_operator.py
[2022-05-23 18:14:52,430] {processor.py:651} INFO - DAG(s) dict_keys(['example_branch_operator']) retrieved from /Users/mohammadrezakhorasanchian/.pyenv/versions/3.10.4/lib/python3.10/site-packages/airflow/example_dags/example_branch_operator.py
[2022-05-23 18:14:52,478] {logging_mixin.py:115} INFO - [2022-05-23 18:14:52,478] {dag.py:2371} INFO - Sync 1 DAGs
[2022-05-23 18:14:52,490] {logging_mixin.py:115} INFO - [2022-05-23 18:14:52,490] {dag.py:2915} INFO - Setting next_dagrun for example_branch_operator to 2022-05-22T00:00:00+00:00, run_after=2022-05-23T00:00:00+00:00
[2022-05-23 18:14:52,498] {processor.py:161} INFO - Processing /Users/mohammadrezakhorasanchian/.pyenv/versions/3.10.4/lib/python3.10/site-packages/airflow/example_dags/example_branch_operator.py took 0.092 seconds
