[2022-05-23 16:13:46,701] {processor.py:153} INFO - Started process (PID=36355) to work on /Users/mohammadrezakhorasanchian/.pyenv/versions/3.10.4/lib/python3.10/site-packages/airflow/example_dags/example_complex.py
[2022-05-23 16:13:46,701] {processor.py:641} INFO - Processing file /Users/mohammadrezakhorasanchian/.pyenv/versions/3.10.4/lib/python3.10/site-packages/airflow/example_dags/example_complex.py for tasks to queue
[2022-05-23 16:13:46,701] {logging_mixin.py:115} INFO - [2022-05-23 16:13:46,701] {dagbag.py:507} INFO - Filling up the DagBag from /Users/mohammadrezakhorasanchian/.pyenv/versions/3.10.4/lib/python3.10/site-packages/airflow/example_dags/example_complex.py
[2022-05-23 16:13:46,721] {processor.py:651} INFO - DAG(s) dict_keys(['example_complex']) retrieved from /Users/mohammadrezakhorasanchian/.pyenv/versions/3.10.4/lib/python3.10/site-packages/airflow/example_dags/example_complex.py
[2022-05-23 16:13:46,819] {logging_mixin.py:115} INFO - [2022-05-23 16:13:46,819] {dag.py:2371} INFO - Sync 1 DAGs
[2022-05-23 16:13:46,835] {logging_mixin.py:115} INFO - [2022-05-23 16:13:46,835] {dag.py:2915} INFO - Setting next_dagrun for example_complex to None, run_after=None
[2022-05-23 16:13:46,847] {processor.py:161} INFO - Processing /Users/mohammadrezakhorasanchian/.pyenv/versions/3.10.4/lib/python3.10/site-packages/airflow/example_dags/example_complex.py took 0.147 seconds
[2022-05-23 16:14:49,540] {processor.py:153} INFO - Started process (PID=36454) to work on /Users/mohammadrezakhorasanchian/.pyenv/versions/3.10.4/lib/python3.10/site-packages/airflow/example_dags/example_complex.py
[2022-05-23 16:14:49,540] {processor.py:641} INFO - Processing file /Users/mohammadrezakhorasanchian/.pyenv/versions/3.10.4/lib/python3.10/site-packages/airflow/example_dags/example_complex.py for tasks to queue
[2022-05-23 16:14:49,540] {logging_mixin.py:115} INFO - [2022-05-23 16:14:49,540] {dagbag.py:507} INFO - Filling up the DagBag from /Users/mohammadrezakhorasanchian/.pyenv/versions/3.10.4/lib/python3.10/site-packages/airflow/example_dags/example_complex.py
[2022-05-23 16:14:49,557] {processor.py:651} INFO - DAG(s) dict_keys(['example_complex']) retrieved from /Users/mohammadrezakhorasanchian/.pyenv/versions/3.10.4/lib/python3.10/site-packages/airflow/example_dags/example_complex.py
[2022-05-23 16:14:49,619] {logging_mixin.py:115} INFO - [2022-05-23 16:14:49,619] {dag.py:2371} INFO - Sync 1 DAGs
[2022-05-23 16:14:49,632] {logging_mixin.py:115} INFO - [2022-05-23 16:14:49,632] {dag.py:2915} INFO - Setting next_dagrun for example_complex to None, run_after=None
[2022-05-23 16:14:49,640] {processor.py:161} INFO - Processing /Users/mohammadrezakhorasanchian/.pyenv/versions/3.10.4/lib/python3.10/site-packages/airflow/example_dags/example_complex.py took 0.101 seconds
[2022-05-23 16:15:55,826] {processor.py:153} INFO - Started process (PID=36536) to work on /Users/mohammadrezakhorasanchian/.pyenv/versions/3.10.4/lib/python3.10/site-packages/airflow/example_dags/example_complex.py
[2022-05-23 16:15:55,826] {processor.py:641} INFO - Processing file /Users/mohammadrezakhorasanchian/.pyenv/versions/3.10.4/lib/python3.10/site-packages/airflow/example_dags/example_complex.py for tasks to queue
[2022-05-23 16:15:55,826] {logging_mixin.py:115} INFO - [2022-05-23 16:15:55,826] {dagbag.py:507} INFO - Filling up the DagBag from /Users/mohammadrezakhorasanchian/.pyenv/versions/3.10.4/lib/python3.10/site-packages/airflow/example_dags/example_complex.py
[2022-05-23 16:15:55,839] {processor.py:651} INFO - DAG(s) dict_keys(['example_complex']) retrieved from /Users/mohammadrezakhorasanchian/.pyenv/versions/3.10.4/lib/python3.10/site-packages/airflow/example_dags/example_complex.py
[2022-05-23 16:15:55,884] {logging_mixin.py:115} INFO - [2022-05-23 16:15:55,884] {dag.py:2371} INFO - Sync 1 DAGs
[2022-05-23 16:15:55,893] {logging_mixin.py:115} INFO - [2022-05-23 16:15:55,893] {dag.py:2915} INFO - Setting next_dagrun for example_complex to None, run_after=None
[2022-05-23 16:15:55,900] {processor.py:161} INFO - Processing /Users/mohammadrezakhorasanchian/.pyenv/versions/3.10.4/lib/python3.10/site-packages/airflow/example_dags/example_complex.py took 0.075 seconds
[2022-05-23 16:16:54,260] {processor.py:153} INFO - Started process (PID=36635) to work on /Users/mohammadrezakhorasanchian/.pyenv/versions/3.10.4/lib/python3.10/site-packages/airflow/example_dags/example_complex.py
[2022-05-23 16:16:54,260] {processor.py:641} INFO - Processing file /Users/mohammadrezakhorasanchian/.pyenv/versions/3.10.4/lib/python3.10/site-packages/airflow/example_dags/example_complex.py for tasks to queue
[2022-05-23 16:16:54,261] {logging_mixin.py:115} INFO - [2022-05-23 16:16:54,261] {dagbag.py:507} INFO - Filling up the DagBag from /Users/mohammadrezakhorasanchian/.pyenv/versions/3.10.4/lib/python3.10/site-packages/airflow/example_dags/example_complex.py
[2022-05-23 16:16:54,276] {processor.py:651} INFO - DAG(s) dict_keys(['example_complex']) retrieved from /Users/mohammadrezakhorasanchian/.pyenv/versions/3.10.4/lib/python3.10/site-packages/airflow/example_dags/example_complex.py
[2022-05-23 16:16:54,332] {logging_mixin.py:115} INFO - [2022-05-23 16:16:54,332] {dag.py:2371} INFO - Sync 1 DAGs
[2022-05-23 16:16:54,343] {logging_mixin.py:115} INFO - [2022-05-23 16:16:54,342] {dag.py:2915} INFO - Setting next_dagrun for example_complex to None, run_after=None
[2022-05-23 16:16:54,351] {processor.py:161} INFO - Processing /Users/mohammadrezakhorasanchian/.pyenv/versions/3.10.4/lib/python3.10/site-packages/airflow/example_dags/example_complex.py took 0.091 seconds
[2022-05-23 16:17:56,080] {processor.py:153} INFO - Started process (PID=36692) to work on /Users/mohammadrezakhorasanchian/.pyenv/versions/3.10.4/lib/python3.10/site-packages/airflow/example_dags/example_complex.py
[2022-05-23 16:17:56,080] {processor.py:641} INFO - Processing file /Users/mohammadrezakhorasanchian/.pyenv/versions/3.10.4/lib/python3.10/site-packages/airflow/example_dags/example_complex.py for tasks to queue
[2022-05-23 16:17:56,080] {logging_mixin.py:115} INFO - [2022-05-23 16:17:56,080] {dagbag.py:507} INFO - Filling up the DagBag from /Users/mohammadrezakhorasanchian/.pyenv/versions/3.10.4/lib/python3.10/site-packages/airflow/example_dags/example_complex.py
[2022-05-23 16:17:56,093] {processor.py:651} INFO - DAG(s) dict_keys(['example_complex']) retrieved from /Users/mohammadrezakhorasanchian/.pyenv/versions/3.10.4/lib/python3.10/site-packages/airflow/example_dags/example_complex.py
[2022-05-23 16:17:56,141] {logging_mixin.py:115} INFO - [2022-05-23 16:17:56,141] {dag.py:2371} INFO - Sync 1 DAGs
[2022-05-23 16:17:56,150] {logging_mixin.py:115} INFO - [2022-05-23 16:17:56,150] {dag.py:2915} INFO - Setting next_dagrun for example_complex to None, run_after=None
[2022-05-23 16:17:56,157] {processor.py:161} INFO - Processing /Users/mohammadrezakhorasanchian/.pyenv/versions/3.10.4/lib/python3.10/site-packages/airflow/example_dags/example_complex.py took 0.078 seconds
[2022-05-23 16:19:00,585] {processor.py:153} INFO - Started process (PID=36799) to work on /Users/mohammadrezakhorasanchian/.pyenv/versions/3.10.4/lib/python3.10/site-packages/airflow/example_dags/example_complex.py
[2022-05-23 16:19:00,585] {processor.py:641} INFO - Processing file /Users/mohammadrezakhorasanchian/.pyenv/versions/3.10.4/lib/python3.10/site-packages/airflow/example_dags/example_complex.py for tasks to queue
[2022-05-23 16:19:00,585] {logging_mixin.py:115} INFO - [2022-05-23 16:19:00,585] {dagbag.py:507} INFO - Filling up the DagBag from /Users/mohammadrezakhorasanchian/.pyenv/versions/3.10.4/lib/python3.10/site-packages/airflow/example_dags/example_complex.py
[2022-05-23 16:19:00,598] {processor.py:651} INFO - DAG(s) dict_keys(['example_complex']) retrieved from /Users/mohammadrezakhorasanchian/.pyenv/versions/3.10.4/lib/python3.10/site-packages/airflow/example_dags/example_complex.py
[2022-05-23 16:19:00,643] {logging_mixin.py:115} INFO - [2022-05-23 16:19:00,643] {dag.py:2371} INFO - Sync 1 DAGs
[2022-05-23 16:19:00,653] {logging_mixin.py:115} INFO - [2022-05-23 16:19:00,652] {dag.py:2915} INFO - Setting next_dagrun for example_complex to None, run_after=None
[2022-05-23 16:19:00,661] {processor.py:161} INFO - Processing /Users/mohammadrezakhorasanchian/.pyenv/versions/3.10.4/lib/python3.10/site-packages/airflow/example_dags/example_complex.py took 0.077 seconds
[2022-05-23 16:51:24,136] {processor.py:153} INFO - Started process (PID=36853) to work on /Users/mohammadrezakhorasanchian/.pyenv/versions/3.10.4/lib/python3.10/site-packages/airflow/example_dags/example_complex.py
[2022-05-23 16:51:24,137] {processor.py:641} INFO - Processing file /Users/mohammadrezakhorasanchian/.pyenv/versions/3.10.4/lib/python3.10/site-packages/airflow/example_dags/example_complex.py for tasks to queue
[2022-05-23 16:51:24,137] {logging_mixin.py:115} INFO - [2022-05-23 16:51:24,137] {dagbag.py:507} INFO - Filling up the DagBag from /Users/mohammadrezakhorasanchian/.pyenv/versions/3.10.4/lib/python3.10/site-packages/airflow/example_dags/example_complex.py
[2022-05-23 16:51:24,189] {processor.py:651} INFO - DAG(s) dict_keys(['example_complex']) retrieved from /Users/mohammadrezakhorasanchian/.pyenv/versions/3.10.4/lib/python3.10/site-packages/airflow/example_dags/example_complex.py
[2022-05-23 16:51:24,377] {logging_mixin.py:115} INFO - [2022-05-23 16:51:24,377] {dag.py:2371} INFO - Sync 1 DAGs
[2022-05-23 16:51:24,415] {logging_mixin.py:115} INFO - [2022-05-23 16:51:24,415] {dag.py:2915} INFO - Setting next_dagrun for example_complex to None, run_after=None
[2022-05-23 16:51:24,441] {processor.py:161} INFO - Processing /Users/mohammadrezakhorasanchian/.pyenv/versions/3.10.4/lib/python3.10/site-packages/airflow/example_dags/example_complex.py took 0.306 seconds
[2022-05-23 16:56:00,147] {processor.py:153} INFO - Started process (PID=36975) to work on /Users/mohammadrezakhorasanchian/.pyenv/versions/3.10.4/lib/python3.10/site-packages/airflow/example_dags/example_complex.py
[2022-05-23 16:56:00,162] {processor.py:641} INFO - Processing file /Users/mohammadrezakhorasanchian/.pyenv/versions/3.10.4/lib/python3.10/site-packages/airflow/example_dags/example_complex.py for tasks to queue
[2022-05-23 16:56:00,164] {logging_mixin.py:115} INFO - [2022-05-23 16:56:00,164] {dagbag.py:507} INFO - Filling up the DagBag from /Users/mohammadrezakhorasanchian/.pyenv/versions/3.10.4/lib/python3.10/site-packages/airflow/example_dags/example_complex.py
[2022-05-23 16:56:00,183] {processor.py:651} INFO - DAG(s) dict_keys(['example_complex']) retrieved from /Users/mohammadrezakhorasanchian/.pyenv/versions/3.10.4/lib/python3.10/site-packages/airflow/example_dags/example_complex.py
[2022-05-23 16:56:00,239] {logging_mixin.py:115} INFO - [2022-05-23 16:56:00,239] {dag.py:2371} INFO - Sync 1 DAGs
[2022-05-23 16:56:00,263] {logging_mixin.py:115} INFO - [2022-05-23 16:56:00,263] {dag.py:2915} INFO - Setting next_dagrun for example_complex to None, run_after=None
[2022-05-23 16:56:00,298] {processor.py:161} INFO - Processing /Users/mohammadrezakhorasanchian/.pyenv/versions/3.10.4/lib/python3.10/site-packages/airflow/example_dags/example_complex.py took 0.152 seconds
[2022-05-23 16:57:01,882] {processor.py:153} INFO - Started process (PID=37080) to work on /Users/mohammadrezakhorasanchian/.pyenv/versions/3.10.4/lib/python3.10/site-packages/airflow/example_dags/example_complex.py
[2022-05-23 16:57:01,882] {processor.py:641} INFO - Processing file /Users/mohammadrezakhorasanchian/.pyenv/versions/3.10.4/lib/python3.10/site-packages/airflow/example_dags/example_complex.py for tasks to queue
[2022-05-23 16:57:01,882] {logging_mixin.py:115} INFO - [2022-05-23 16:57:01,882] {dagbag.py:507} INFO - Filling up the DagBag from /Users/mohammadrezakhorasanchian/.pyenv/versions/3.10.4/lib/python3.10/site-packages/airflow/example_dags/example_complex.py
[2022-05-23 16:57:01,895] {processor.py:651} INFO - DAG(s) dict_keys(['example_complex']) retrieved from /Users/mohammadrezakhorasanchian/.pyenv/versions/3.10.4/lib/python3.10/site-packages/airflow/example_dags/example_complex.py
[2022-05-23 16:57:01,941] {logging_mixin.py:115} INFO - [2022-05-23 16:57:01,941] {dag.py:2371} INFO - Sync 1 DAGs
[2022-05-23 16:57:01,950] {logging_mixin.py:115} INFO - [2022-05-23 16:57:01,950] {dag.py:2915} INFO - Setting next_dagrun for example_complex to None, run_after=None
[2022-05-23 16:57:01,958] {processor.py:161} INFO - Processing /Users/mohammadrezakhorasanchian/.pyenv/versions/3.10.4/lib/python3.10/site-packages/airflow/example_dags/example_complex.py took 0.076 seconds
[2022-05-23 16:58:00,516] {processor.py:153} INFO - Started process (PID=37121) to work on /Users/mohammadrezakhorasanchian/.pyenv/versions/3.10.4/lib/python3.10/site-packages/airflow/example_dags/example_complex.py
[2022-05-23 16:58:00,516] {processor.py:641} INFO - Processing file /Users/mohammadrezakhorasanchian/.pyenv/versions/3.10.4/lib/python3.10/site-packages/airflow/example_dags/example_complex.py for tasks to queue
[2022-05-23 16:58:00,516] {logging_mixin.py:115} INFO - [2022-05-23 16:58:00,516] {dagbag.py:507} INFO - Filling up the DagBag from /Users/mohammadrezakhorasanchian/.pyenv/versions/3.10.4/lib/python3.10/site-packages/airflow/example_dags/example_complex.py
[2022-05-23 16:58:00,529] {processor.py:651} INFO - DAG(s) dict_keys(['example_complex']) retrieved from /Users/mohammadrezakhorasanchian/.pyenv/versions/3.10.4/lib/python3.10/site-packages/airflow/example_dags/example_complex.py
[2022-05-23 16:58:00,575] {logging_mixin.py:115} INFO - [2022-05-23 16:58:00,575] {dag.py:2371} INFO - Sync 1 DAGs
[2022-05-23 16:58:00,584] {logging_mixin.py:115} INFO - [2022-05-23 16:58:00,584] {dag.py:2915} INFO - Setting next_dagrun for example_complex to None, run_after=None
[2022-05-23 16:58:00,592] {processor.py:161} INFO - Processing /Users/mohammadrezakhorasanchian/.pyenv/versions/3.10.4/lib/python3.10/site-packages/airflow/example_dags/example_complex.py took 0.076 seconds
[2022-05-23 16:59:01,782] {processor.py:153} INFO - Started process (PID=37157) to work on /Users/mohammadrezakhorasanchian/.pyenv/versions/3.10.4/lib/python3.10/site-packages/airflow/example_dags/example_complex.py
[2022-05-23 16:59:01,782] {processor.py:641} INFO - Processing file /Users/mohammadrezakhorasanchian/.pyenv/versions/3.10.4/lib/python3.10/site-packages/airflow/example_dags/example_complex.py for tasks to queue
[2022-05-23 16:59:01,782] {logging_mixin.py:115} INFO - [2022-05-23 16:59:01,782] {dagbag.py:507} INFO - Filling up the DagBag from /Users/mohammadrezakhorasanchian/.pyenv/versions/3.10.4/lib/python3.10/site-packages/airflow/example_dags/example_complex.py
[2022-05-23 16:59:01,794] {processor.py:651} INFO - DAG(s) dict_keys(['example_complex']) retrieved from /Users/mohammadrezakhorasanchian/.pyenv/versions/3.10.4/lib/python3.10/site-packages/airflow/example_dags/example_complex.py
[2022-05-23 16:59:01,838] {logging_mixin.py:115} INFO - [2022-05-23 16:59:01,838] {dag.py:2371} INFO - Sync 1 DAGs
[2022-05-23 16:59:01,847] {logging_mixin.py:115} INFO - [2022-05-23 16:59:01,847] {dag.py:2915} INFO - Setting next_dagrun for example_complex to None, run_after=None
[2022-05-23 16:59:01,855] {processor.py:161} INFO - Processing /Users/mohammadrezakhorasanchian/.pyenv/versions/3.10.4/lib/python3.10/site-packages/airflow/example_dags/example_complex.py took 0.074 seconds
[2022-05-23 16:59:57,124] {processor.py:153} INFO - Started process (PID=37193) to work on /Users/mohammadrezakhorasanchian/.pyenv/versions/3.10.4/lib/python3.10/site-packages/airflow/example_dags/example_complex.py
[2022-05-23 16:59:57,124] {processor.py:641} INFO - Processing file /Users/mohammadrezakhorasanchian/.pyenv/versions/3.10.4/lib/python3.10/site-packages/airflow/example_dags/example_complex.py for tasks to queue
[2022-05-23 16:59:57,125] {logging_mixin.py:115} INFO - [2022-05-23 16:59:57,125] {dagbag.py:507} INFO - Filling up the DagBag from /Users/mohammadrezakhorasanchian/.pyenv/versions/3.10.4/lib/python3.10/site-packages/airflow/example_dags/example_complex.py
[2022-05-23 16:59:57,137] {processor.py:651} INFO - DAG(s) dict_keys(['example_complex']) retrieved from /Users/mohammadrezakhorasanchian/.pyenv/versions/3.10.4/lib/python3.10/site-packages/airflow/example_dags/example_complex.py
[2022-05-23 16:59:57,182] {logging_mixin.py:115} INFO - [2022-05-23 16:59:57,182] {dag.py:2371} INFO - Sync 1 DAGs
[2022-05-23 16:59:57,191] {logging_mixin.py:115} INFO - [2022-05-23 16:59:57,191] {dag.py:2915} INFO - Setting next_dagrun for example_complex to None, run_after=None
[2022-05-23 16:59:57,198] {processor.py:161} INFO - Processing /Users/mohammadrezakhorasanchian/.pyenv/versions/3.10.4/lib/python3.10/site-packages/airflow/example_dags/example_complex.py took 0.074 seconds
[2022-05-23 17:00:54,216] {processor.py:153} INFO - Started process (PID=37294) to work on /Users/mohammadrezakhorasanchian/.pyenv/versions/3.10.4/lib/python3.10/site-packages/airflow/example_dags/example_complex.py
[2022-05-23 17:00:54,216] {processor.py:641} INFO - Processing file /Users/mohammadrezakhorasanchian/.pyenv/versions/3.10.4/lib/python3.10/site-packages/airflow/example_dags/example_complex.py for tasks to queue
[2022-05-23 17:00:54,216] {logging_mixin.py:115} INFO - [2022-05-23 17:00:54,216] {dagbag.py:507} INFO - Filling up the DagBag from /Users/mohammadrezakhorasanchian/.pyenv/versions/3.10.4/lib/python3.10/site-packages/airflow/example_dags/example_complex.py
[2022-05-23 17:00:54,229] {processor.py:651} INFO - DAG(s) dict_keys(['example_complex']) retrieved from /Users/mohammadrezakhorasanchian/.pyenv/versions/3.10.4/lib/python3.10/site-packages/airflow/example_dags/example_complex.py
[2022-05-23 17:00:54,273] {logging_mixin.py:115} INFO - [2022-05-23 17:00:54,273] {dag.py:2371} INFO - Sync 1 DAGs
[2022-05-23 17:00:54,282] {logging_mixin.py:115} INFO - [2022-05-23 17:00:54,282] {dag.py:2915} INFO - Setting next_dagrun for example_complex to None, run_after=None
[2022-05-23 17:00:54,293] {processor.py:161} INFO - Processing /Users/mohammadrezakhorasanchian/.pyenv/versions/3.10.4/lib/python3.10/site-packages/airflow/example_dags/example_complex.py took 0.077 seconds
[2022-05-23 17:01:52,033] {processor.py:153} INFO - Started process (PID=37408) to work on /Users/mohammadrezakhorasanchian/.pyenv/versions/3.10.4/lib/python3.10/site-packages/airflow/example_dags/example_complex.py
[2022-05-23 17:01:52,033] {processor.py:641} INFO - Processing file /Users/mohammadrezakhorasanchian/.pyenv/versions/3.10.4/lib/python3.10/site-packages/airflow/example_dags/example_complex.py for tasks to queue
[2022-05-23 17:01:52,033] {logging_mixin.py:115} INFO - [2022-05-23 17:01:52,033] {dagbag.py:507} INFO - Filling up the DagBag from /Users/mohammadrezakhorasanchian/.pyenv/versions/3.10.4/lib/python3.10/site-packages/airflow/example_dags/example_complex.py
[2022-05-23 17:01:52,047] {processor.py:651} INFO - DAG(s) dict_keys(['example_complex']) retrieved from /Users/mohammadrezakhorasanchian/.pyenv/versions/3.10.4/lib/python3.10/site-packages/airflow/example_dags/example_complex.py
[2022-05-23 17:01:52,091] {logging_mixin.py:115} INFO - [2022-05-23 17:01:52,091] {dag.py:2371} INFO - Sync 1 DAGs
[2022-05-23 17:01:52,100] {logging_mixin.py:115} INFO - [2022-05-23 17:01:52,100] {dag.py:2915} INFO - Setting next_dagrun for example_complex to None, run_after=None
[2022-05-23 17:01:52,107] {processor.py:161} INFO - Processing /Users/mohammadrezakhorasanchian/.pyenv/versions/3.10.4/lib/python3.10/site-packages/airflow/example_dags/example_complex.py took 0.074 seconds
[2022-05-23 17:02:51,483] {processor.py:153} INFO - Started process (PID=37519) to work on /Users/mohammadrezakhorasanchian/.pyenv/versions/3.10.4/lib/python3.10/site-packages/airflow/example_dags/example_complex.py
[2022-05-23 17:02:51,483] {processor.py:641} INFO - Processing file /Users/mohammadrezakhorasanchian/.pyenv/versions/3.10.4/lib/python3.10/site-packages/airflow/example_dags/example_complex.py for tasks to queue
[2022-05-23 17:02:51,484] {logging_mixin.py:115} INFO - [2022-05-23 17:02:51,483] {dagbag.py:507} INFO - Filling up the DagBag from /Users/mohammadrezakhorasanchian/.pyenv/versions/3.10.4/lib/python3.10/site-packages/airflow/example_dags/example_complex.py
[2022-05-23 17:02:51,496] {processor.py:651} INFO - DAG(s) dict_keys(['example_complex']) retrieved from /Users/mohammadrezakhorasanchian/.pyenv/versions/3.10.4/lib/python3.10/site-packages/airflow/example_dags/example_complex.py
[2022-05-23 17:02:51,542] {logging_mixin.py:115} INFO - [2022-05-23 17:02:51,542] {dag.py:2371} INFO - Sync 1 DAGs
[2022-05-23 17:02:51,552] {logging_mixin.py:115} INFO - [2022-05-23 17:02:51,552] {dag.py:2915} INFO - Setting next_dagrun for example_complex to None, run_after=None
[2022-05-23 17:02:51,559] {processor.py:161} INFO - Processing /Users/mohammadrezakhorasanchian/.pyenv/versions/3.10.4/lib/python3.10/site-packages/airflow/example_dags/example_complex.py took 0.076 seconds
[2022-05-23 17:03:50,075] {processor.py:153} INFO - Started process (PID=37626) to work on /Users/mohammadrezakhorasanchian/.pyenv/versions/3.10.4/lib/python3.10/site-packages/airflow/example_dags/example_complex.py
[2022-05-23 17:03:50,075] {processor.py:641} INFO - Processing file /Users/mohammadrezakhorasanchian/.pyenv/versions/3.10.4/lib/python3.10/site-packages/airflow/example_dags/example_complex.py for tasks to queue
[2022-05-23 17:03:50,075] {logging_mixin.py:115} INFO - [2022-05-23 17:03:50,075] {dagbag.py:507} INFO - Filling up the DagBag from /Users/mohammadrezakhorasanchian/.pyenv/versions/3.10.4/lib/python3.10/site-packages/airflow/example_dags/example_complex.py
[2022-05-23 17:03:50,089] {processor.py:651} INFO - DAG(s) dict_keys(['example_complex']) retrieved from /Users/mohammadrezakhorasanchian/.pyenv/versions/3.10.4/lib/python3.10/site-packages/airflow/example_dags/example_complex.py
[2022-05-23 17:03:50,137] {logging_mixin.py:115} INFO - [2022-05-23 17:03:50,137] {dag.py:2371} INFO - Sync 1 DAGs
[2022-05-23 17:03:50,146] {logging_mixin.py:115} INFO - [2022-05-23 17:03:50,146] {dag.py:2915} INFO - Setting next_dagrun for example_complex to None, run_after=None
[2022-05-23 17:03:50,154] {processor.py:161} INFO - Processing /Users/mohammadrezakhorasanchian/.pyenv/versions/3.10.4/lib/python3.10/site-packages/airflow/example_dags/example_complex.py took 0.079 seconds
[2022-05-23 17:04:50,832] {processor.py:153} INFO - Started process (PID=37736) to work on /Users/mohammadrezakhorasanchian/.pyenv/versions/3.10.4/lib/python3.10/site-packages/airflow/example_dags/example_complex.py
[2022-05-23 17:04:50,832] {processor.py:641} INFO - Processing file /Users/mohammadrezakhorasanchian/.pyenv/versions/3.10.4/lib/python3.10/site-packages/airflow/example_dags/example_complex.py for tasks to queue
[2022-05-23 17:04:50,832] {logging_mixin.py:115} INFO - [2022-05-23 17:04:50,832] {dagbag.py:507} INFO - Filling up the DagBag from /Users/mohammadrezakhorasanchian/.pyenv/versions/3.10.4/lib/python3.10/site-packages/airflow/example_dags/example_complex.py
[2022-05-23 17:04:50,845] {processor.py:651} INFO - DAG(s) dict_keys(['example_complex']) retrieved from /Users/mohammadrezakhorasanchian/.pyenv/versions/3.10.4/lib/python3.10/site-packages/airflow/example_dags/example_complex.py
[2022-05-23 17:04:50,890] {logging_mixin.py:115} INFO - [2022-05-23 17:04:50,890] {dag.py:2371} INFO - Sync 1 DAGs
[2022-05-23 17:04:50,900] {logging_mixin.py:115} INFO - [2022-05-23 17:04:50,900] {dag.py:2915} INFO - Setting next_dagrun for example_complex to None, run_after=None
[2022-05-23 17:04:50,907] {processor.py:161} INFO - Processing /Users/mohammadrezakhorasanchian/.pyenv/versions/3.10.4/lib/python3.10/site-packages/airflow/example_dags/example_complex.py took 0.075 seconds
[2022-05-23 17:05:50,495] {processor.py:153} INFO - Started process (PID=37846) to work on /Users/mohammadrezakhorasanchian/.pyenv/versions/3.10.4/lib/python3.10/site-packages/airflow/example_dags/example_complex.py
[2022-05-23 17:05:50,495] {processor.py:641} INFO - Processing file /Users/mohammadrezakhorasanchian/.pyenv/versions/3.10.4/lib/python3.10/site-packages/airflow/example_dags/example_complex.py for tasks to queue
[2022-05-23 17:05:50,495] {logging_mixin.py:115} INFO - [2022-05-23 17:05:50,495] {dagbag.py:507} INFO - Filling up the DagBag from /Users/mohammadrezakhorasanchian/.pyenv/versions/3.10.4/lib/python3.10/site-packages/airflow/example_dags/example_complex.py
[2022-05-23 17:05:50,508] {processor.py:651} INFO - DAG(s) dict_keys(['example_complex']) retrieved from /Users/mohammadrezakhorasanchian/.pyenv/versions/3.10.4/lib/python3.10/site-packages/airflow/example_dags/example_complex.py
[2022-05-23 17:05:50,554] {logging_mixin.py:115} INFO - [2022-05-23 17:05:50,554] {dag.py:2371} INFO - Sync 1 DAGs
[2022-05-23 17:05:50,563] {logging_mixin.py:115} INFO - [2022-05-23 17:05:50,563] {dag.py:2915} INFO - Setting next_dagrun for example_complex to None, run_after=None
[2022-05-23 17:05:50,570] {processor.py:161} INFO - Processing /Users/mohammadrezakhorasanchian/.pyenv/versions/3.10.4/lib/python3.10/site-packages/airflow/example_dags/example_complex.py took 0.075 seconds
[2022-05-23 17:06:51,126] {processor.py:153} INFO - Started process (PID=37953) to work on /Users/mohammadrezakhorasanchian/.pyenv/versions/3.10.4/lib/python3.10/site-packages/airflow/example_dags/example_complex.py
[2022-05-23 17:06:51,126] {processor.py:641} INFO - Processing file /Users/mohammadrezakhorasanchian/.pyenv/versions/3.10.4/lib/python3.10/site-packages/airflow/example_dags/example_complex.py for tasks to queue
[2022-05-23 17:06:51,127] {logging_mixin.py:115} INFO - [2022-05-23 17:06:51,127] {dagbag.py:507} INFO - Filling up the DagBag from /Users/mohammadrezakhorasanchian/.pyenv/versions/3.10.4/lib/python3.10/site-packages/airflow/example_dags/example_complex.py
[2022-05-23 17:06:51,140] {processor.py:651} INFO - DAG(s) dict_keys(['example_complex']) retrieved from /Users/mohammadrezakhorasanchian/.pyenv/versions/3.10.4/lib/python3.10/site-packages/airflow/example_dags/example_complex.py
[2022-05-23 17:06:51,190] {logging_mixin.py:115} INFO - [2022-05-23 17:06:51,190] {dag.py:2371} INFO - Sync 1 DAGs
[2022-05-23 17:06:51,199] {logging_mixin.py:115} INFO - [2022-05-23 17:06:51,199] {dag.py:2915} INFO - Setting next_dagrun for example_complex to None, run_after=None
[2022-05-23 17:06:51,209] {processor.py:161} INFO - Processing /Users/mohammadrezakhorasanchian/.pyenv/versions/3.10.4/lib/python3.10/site-packages/airflow/example_dags/example_complex.py took 0.084 seconds
[2022-05-23 17:07:53,042] {processor.py:153} INFO - Started process (PID=38068) to work on /Users/mohammadrezakhorasanchian/.pyenv/versions/3.10.4/lib/python3.10/site-packages/airflow/example_dags/example_complex.py
[2022-05-23 17:07:53,042] {processor.py:641} INFO - Processing file /Users/mohammadrezakhorasanchian/.pyenv/versions/3.10.4/lib/python3.10/site-packages/airflow/example_dags/example_complex.py for tasks to queue
[2022-05-23 17:07:53,042] {logging_mixin.py:115} INFO - [2022-05-23 17:07:53,042] {dagbag.py:507} INFO - Filling up the DagBag from /Users/mohammadrezakhorasanchian/.pyenv/versions/3.10.4/lib/python3.10/site-packages/airflow/example_dags/example_complex.py
[2022-05-23 17:07:53,059] {processor.py:651} INFO - DAG(s) dict_keys(['example_complex']) retrieved from /Users/mohammadrezakhorasanchian/.pyenv/versions/3.10.4/lib/python3.10/site-packages/airflow/example_dags/example_complex.py
[2022-05-23 17:07:53,113] {logging_mixin.py:115} INFO - [2022-05-23 17:07:53,113] {dag.py:2371} INFO - Sync 1 DAGs
[2022-05-23 17:07:53,123] {logging_mixin.py:115} INFO - [2022-05-23 17:07:53,123] {dag.py:2915} INFO - Setting next_dagrun for example_complex to None, run_after=None
[2022-05-23 17:07:53,130] {processor.py:161} INFO - Processing /Users/mohammadrezakhorasanchian/.pyenv/versions/3.10.4/lib/python3.10/site-packages/airflow/example_dags/example_complex.py took 0.089 seconds
[2022-05-23 17:08:56,818] {processor.py:153} INFO - Started process (PID=38182) to work on /Users/mohammadrezakhorasanchian/.pyenv/versions/3.10.4/lib/python3.10/site-packages/airflow/example_dags/example_complex.py
[2022-05-23 17:08:56,818] {processor.py:641} INFO - Processing file /Users/mohammadrezakhorasanchian/.pyenv/versions/3.10.4/lib/python3.10/site-packages/airflow/example_dags/example_complex.py for tasks to queue
[2022-05-23 17:08:56,819] {logging_mixin.py:115} INFO - [2022-05-23 17:08:56,818] {dagbag.py:507} INFO - Filling up the DagBag from /Users/mohammadrezakhorasanchian/.pyenv/versions/3.10.4/lib/python3.10/site-packages/airflow/example_dags/example_complex.py
[2022-05-23 17:08:56,832] {processor.py:651} INFO - DAG(s) dict_keys(['example_complex']) retrieved from /Users/mohammadrezakhorasanchian/.pyenv/versions/3.10.4/lib/python3.10/site-packages/airflow/example_dags/example_complex.py
[2022-05-23 17:08:56,883] {logging_mixin.py:115} INFO - [2022-05-23 17:08:56,883] {dag.py:2371} INFO - Sync 1 DAGs
[2022-05-23 17:08:56,893] {logging_mixin.py:115} INFO - [2022-05-23 17:08:56,893] {dag.py:2915} INFO - Setting next_dagrun for example_complex to None, run_after=None
[2022-05-23 17:08:56,901] {processor.py:161} INFO - Processing /Users/mohammadrezakhorasanchian/.pyenv/versions/3.10.4/lib/python3.10/site-packages/airflow/example_dags/example_complex.py took 0.083 seconds
[2022-05-23 17:09:59,831] {processor.py:153} INFO - Started process (PID=38299) to work on /Users/mohammadrezakhorasanchian/.pyenv/versions/3.10.4/lib/python3.10/site-packages/airflow/example_dags/example_complex.py
[2022-05-23 17:09:59,831] {processor.py:641} INFO - Processing file /Users/mohammadrezakhorasanchian/.pyenv/versions/3.10.4/lib/python3.10/site-packages/airflow/example_dags/example_complex.py for tasks to queue
[2022-05-23 17:09:59,832] {logging_mixin.py:115} INFO - [2022-05-23 17:09:59,832] {dagbag.py:507} INFO - Filling up the DagBag from /Users/mohammadrezakhorasanchian/.pyenv/versions/3.10.4/lib/python3.10/site-packages/airflow/example_dags/example_complex.py
[2022-05-23 17:09:59,844] {processor.py:651} INFO - DAG(s) dict_keys(['example_complex']) retrieved from /Users/mohammadrezakhorasanchian/.pyenv/versions/3.10.4/lib/python3.10/site-packages/airflow/example_dags/example_complex.py
[2022-05-23 17:09:59,890] {logging_mixin.py:115} INFO - [2022-05-23 17:09:59,890] {dag.py:2371} INFO - Sync 1 DAGs
[2022-05-23 17:09:59,899] {logging_mixin.py:115} INFO - [2022-05-23 17:09:59,899] {dag.py:2915} INFO - Setting next_dagrun for example_complex to None, run_after=None
[2022-05-23 17:09:59,907] {processor.py:161} INFO - Processing /Users/mohammadrezakhorasanchian/.pyenv/versions/3.10.4/lib/python3.10/site-packages/airflow/example_dags/example_complex.py took 0.076 seconds
[2022-05-23 17:11:02,012] {processor.py:153} INFO - Started process (PID=38407) to work on /Users/mohammadrezakhorasanchian/.pyenv/versions/3.10.4/lib/python3.10/site-packages/airflow/example_dags/example_complex.py
[2022-05-23 17:11:02,012] {processor.py:641} INFO - Processing file /Users/mohammadrezakhorasanchian/.pyenv/versions/3.10.4/lib/python3.10/site-packages/airflow/example_dags/example_complex.py for tasks to queue
[2022-05-23 17:11:02,012] {logging_mixin.py:115} INFO - [2022-05-23 17:11:02,012] {dagbag.py:507} INFO - Filling up the DagBag from /Users/mohammadrezakhorasanchian/.pyenv/versions/3.10.4/lib/python3.10/site-packages/airflow/example_dags/example_complex.py
[2022-05-23 17:11:02,026] {processor.py:651} INFO - DAG(s) dict_keys(['example_complex']) retrieved from /Users/mohammadrezakhorasanchian/.pyenv/versions/3.10.4/lib/python3.10/site-packages/airflow/example_dags/example_complex.py
[2022-05-23 17:11:02,073] {logging_mixin.py:115} INFO - [2022-05-23 17:11:02,073] {dag.py:2371} INFO - Sync 1 DAGs
[2022-05-23 17:11:02,083] {logging_mixin.py:115} INFO - [2022-05-23 17:11:02,083] {dag.py:2915} INFO - Setting next_dagrun for example_complex to None, run_after=None
[2022-05-23 17:11:02,091] {processor.py:161} INFO - Processing /Users/mohammadrezakhorasanchian/.pyenv/versions/3.10.4/lib/python3.10/site-packages/airflow/example_dags/example_complex.py took 0.080 seconds
[2022-05-23 17:12:01,206] {processor.py:153} INFO - Started process (PID=38513) to work on /Users/mohammadrezakhorasanchian/.pyenv/versions/3.10.4/lib/python3.10/site-packages/airflow/example_dags/example_complex.py
[2022-05-23 17:12:01,206] {processor.py:641} INFO - Processing file /Users/mohammadrezakhorasanchian/.pyenv/versions/3.10.4/lib/python3.10/site-packages/airflow/example_dags/example_complex.py for tasks to queue
[2022-05-23 17:12:01,206] {logging_mixin.py:115} INFO - [2022-05-23 17:12:01,206] {dagbag.py:507} INFO - Filling up the DagBag from /Users/mohammadrezakhorasanchian/.pyenv/versions/3.10.4/lib/python3.10/site-packages/airflow/example_dags/example_complex.py
[2022-05-23 17:12:01,224] {processor.py:651} INFO - DAG(s) dict_keys(['example_complex']) retrieved from /Users/mohammadrezakhorasanchian/.pyenv/versions/3.10.4/lib/python3.10/site-packages/airflow/example_dags/example_complex.py
[2022-05-23 17:12:01,283] {logging_mixin.py:115} INFO - [2022-05-23 17:12:01,283] {dag.py:2371} INFO - Sync 1 DAGs
[2022-05-23 17:12:01,294] {logging_mixin.py:115} INFO - [2022-05-23 17:12:01,294] {dag.py:2915} INFO - Setting next_dagrun for example_complex to None, run_after=None
[2022-05-23 17:12:01,301] {processor.py:161} INFO - Processing /Users/mohammadrezakhorasanchian/.pyenv/versions/3.10.4/lib/python3.10/site-packages/airflow/example_dags/example_complex.py took 0.096 seconds
[2022-05-23 17:13:01,530] {processor.py:153} INFO - Started process (PID=38567) to work on /Users/mohammadrezakhorasanchian/.pyenv/versions/3.10.4/lib/python3.10/site-packages/airflow/example_dags/example_complex.py
[2022-05-23 17:13:01,531] {processor.py:641} INFO - Processing file /Users/mohammadrezakhorasanchian/.pyenv/versions/3.10.4/lib/python3.10/site-packages/airflow/example_dags/example_complex.py for tasks to queue
[2022-05-23 17:13:01,531] {logging_mixin.py:115} INFO - [2022-05-23 17:13:01,531] {dagbag.py:507} INFO - Filling up the DagBag from /Users/mohammadrezakhorasanchian/.pyenv/versions/3.10.4/lib/python3.10/site-packages/airflow/example_dags/example_complex.py
[2022-05-23 17:13:01,547] {processor.py:651} INFO - DAG(s) dict_keys(['example_complex']) retrieved from /Users/mohammadrezakhorasanchian/.pyenv/versions/3.10.4/lib/python3.10/site-packages/airflow/example_dags/example_complex.py
[2022-05-23 17:13:01,608] {logging_mixin.py:115} INFO - [2022-05-23 17:13:01,608] {dag.py:2371} INFO - Sync 1 DAGs
[2022-05-23 17:13:01,621] {logging_mixin.py:115} INFO - [2022-05-23 17:13:01,621] {dag.py:2915} INFO - Setting next_dagrun for example_complex to None, run_after=None
[2022-05-23 17:13:01,632] {processor.py:161} INFO - Processing /Users/mohammadrezakhorasanchian/.pyenv/versions/3.10.4/lib/python3.10/site-packages/airflow/example_dags/example_complex.py took 0.102 seconds
[2022-05-23 17:14:01,435] {processor.py:153} INFO - Started process (PID=38665) to work on /Users/mohammadrezakhorasanchian/.pyenv/versions/3.10.4/lib/python3.10/site-packages/airflow/example_dags/example_complex.py
[2022-05-23 17:14:01,435] {processor.py:641} INFO - Processing file /Users/mohammadrezakhorasanchian/.pyenv/versions/3.10.4/lib/python3.10/site-packages/airflow/example_dags/example_complex.py for tasks to queue
[2022-05-23 17:14:01,435] {logging_mixin.py:115} INFO - [2022-05-23 17:14:01,435] {dagbag.py:507} INFO - Filling up the DagBag from /Users/mohammadrezakhorasanchian/.pyenv/versions/3.10.4/lib/python3.10/site-packages/airflow/example_dags/example_complex.py
[2022-05-23 17:14:01,448] {processor.py:651} INFO - DAG(s) dict_keys(['example_complex']) retrieved from /Users/mohammadrezakhorasanchian/.pyenv/versions/3.10.4/lib/python3.10/site-packages/airflow/example_dags/example_complex.py
[2022-05-23 17:14:01,495] {logging_mixin.py:115} INFO - [2022-05-23 17:14:01,495] {dag.py:2371} INFO - Sync 1 DAGs
[2022-05-23 17:14:01,505] {logging_mixin.py:115} INFO - [2022-05-23 17:14:01,505] {dag.py:2915} INFO - Setting next_dagrun for example_complex to None, run_after=None
[2022-05-23 17:14:01,512] {processor.py:161} INFO - Processing /Users/mohammadrezakhorasanchian/.pyenv/versions/3.10.4/lib/python3.10/site-packages/airflow/example_dags/example_complex.py took 0.077 seconds
[2022-05-23 17:15:00,038] {processor.py:153} INFO - Started process (PID=38769) to work on /Users/mohammadrezakhorasanchian/.pyenv/versions/3.10.4/lib/python3.10/site-packages/airflow/example_dags/example_complex.py
[2022-05-23 17:15:00,038] {processor.py:641} INFO - Processing file /Users/mohammadrezakhorasanchian/.pyenv/versions/3.10.4/lib/python3.10/site-packages/airflow/example_dags/example_complex.py for tasks to queue
[2022-05-23 17:15:00,038] {logging_mixin.py:115} INFO - [2022-05-23 17:15:00,038] {dagbag.py:507} INFO - Filling up the DagBag from /Users/mohammadrezakhorasanchian/.pyenv/versions/3.10.4/lib/python3.10/site-packages/airflow/example_dags/example_complex.py
[2022-05-23 17:15:00,054] {processor.py:651} INFO - DAG(s) dict_keys(['example_complex']) retrieved from /Users/mohammadrezakhorasanchian/.pyenv/versions/3.10.4/lib/python3.10/site-packages/airflow/example_dags/example_complex.py
[2022-05-23 17:15:00,110] {logging_mixin.py:115} INFO - [2022-05-23 17:15:00,110] {dag.py:2371} INFO - Sync 1 DAGs
[2022-05-23 17:15:00,121] {logging_mixin.py:115} INFO - [2022-05-23 17:15:00,121] {dag.py:2915} INFO - Setting next_dagrun for example_complex to None, run_after=None
[2022-05-23 17:15:00,129] {processor.py:161} INFO - Processing /Users/mohammadrezakhorasanchian/.pyenv/versions/3.10.4/lib/python3.10/site-packages/airflow/example_dags/example_complex.py took 0.092 seconds
[2022-05-23 17:15:59,932] {processor.py:153} INFO - Started process (PID=38813) to work on /Users/mohammadrezakhorasanchian/.pyenv/versions/3.10.4/lib/python3.10/site-packages/airflow/example_dags/example_complex.py
[2022-05-23 17:15:59,932] {processor.py:641} INFO - Processing file /Users/mohammadrezakhorasanchian/.pyenv/versions/3.10.4/lib/python3.10/site-packages/airflow/example_dags/example_complex.py for tasks to queue
[2022-05-23 17:15:59,933] {logging_mixin.py:115} INFO - [2022-05-23 17:15:59,933] {dagbag.py:507} INFO - Filling up the DagBag from /Users/mohammadrezakhorasanchian/.pyenv/versions/3.10.4/lib/python3.10/site-packages/airflow/example_dags/example_complex.py
[2022-05-23 17:15:59,945] {processor.py:651} INFO - DAG(s) dict_keys(['example_complex']) retrieved from /Users/mohammadrezakhorasanchian/.pyenv/versions/3.10.4/lib/python3.10/site-packages/airflow/example_dags/example_complex.py
[2022-05-23 17:15:59,990] {logging_mixin.py:115} INFO - [2022-05-23 17:15:59,990] {dag.py:2371} INFO - Sync 1 DAGs
[2022-05-23 17:16:00,000] {logging_mixin.py:115} INFO - [2022-05-23 17:16:00,000] {dag.py:2915} INFO - Setting next_dagrun for example_complex to None, run_after=None
[2022-05-23 17:16:00,007] {processor.py:161} INFO - Processing /Users/mohammadrezakhorasanchian/.pyenv/versions/3.10.4/lib/python3.10/site-packages/airflow/example_dags/example_complex.py took 0.075 seconds
[2022-05-23 17:16:58,687] {processor.py:153} INFO - Started process (PID=38863) to work on /Users/mohammadrezakhorasanchian/.pyenv/versions/3.10.4/lib/python3.10/site-packages/airflow/example_dags/example_complex.py
[2022-05-23 17:16:58,687] {processor.py:641} INFO - Processing file /Users/mohammadrezakhorasanchian/.pyenv/versions/3.10.4/lib/python3.10/site-packages/airflow/example_dags/example_complex.py for tasks to queue
[2022-05-23 17:16:58,688] {logging_mixin.py:115} INFO - [2022-05-23 17:16:58,688] {dagbag.py:507} INFO - Filling up the DagBag from /Users/mohammadrezakhorasanchian/.pyenv/versions/3.10.4/lib/python3.10/site-packages/airflow/example_dags/example_complex.py
[2022-05-23 17:16:58,704] {processor.py:651} INFO - DAG(s) dict_keys(['example_complex']) retrieved from /Users/mohammadrezakhorasanchian/.pyenv/versions/3.10.4/lib/python3.10/site-packages/airflow/example_dags/example_complex.py
[2022-05-23 17:16:58,762] {logging_mixin.py:115} INFO - [2022-05-23 17:16:58,762] {dag.py:2371} INFO - Sync 1 DAGs
[2022-05-23 17:16:58,772] {logging_mixin.py:115} INFO - [2022-05-23 17:16:58,772] {dag.py:2915} INFO - Setting next_dagrun for example_complex to None, run_after=None
[2022-05-23 17:16:58,780] {processor.py:161} INFO - Processing /Users/mohammadrezakhorasanchian/.pyenv/versions/3.10.4/lib/python3.10/site-packages/airflow/example_dags/example_complex.py took 0.093 seconds
[2022-05-23 17:18:00,463] {processor.py:153} INFO - Started process (PID=38902) to work on /Users/mohammadrezakhorasanchian/.pyenv/versions/3.10.4/lib/python3.10/site-packages/airflow/example_dags/example_complex.py
[2022-05-23 17:18:00,463] {processor.py:641} INFO - Processing file /Users/mohammadrezakhorasanchian/.pyenv/versions/3.10.4/lib/python3.10/site-packages/airflow/example_dags/example_complex.py for tasks to queue
[2022-05-23 17:18:00,463] {logging_mixin.py:115} INFO - [2022-05-23 17:18:00,463] {dagbag.py:507} INFO - Filling up the DagBag from /Users/mohammadrezakhorasanchian/.pyenv/versions/3.10.4/lib/python3.10/site-packages/airflow/example_dags/example_complex.py
[2022-05-23 17:18:00,476] {processor.py:651} INFO - DAG(s) dict_keys(['example_complex']) retrieved from /Users/mohammadrezakhorasanchian/.pyenv/versions/3.10.4/lib/python3.10/site-packages/airflow/example_dags/example_complex.py
[2022-05-23 17:18:00,522] {logging_mixin.py:115} INFO - [2022-05-23 17:18:00,522] {dag.py:2371} INFO - Sync 1 DAGs
[2022-05-23 17:18:00,531] {logging_mixin.py:115} INFO - [2022-05-23 17:18:00,531] {dag.py:2915} INFO - Setting next_dagrun for example_complex to None, run_after=None
[2022-05-23 17:18:00,538] {processor.py:161} INFO - Processing /Users/mohammadrezakhorasanchian/.pyenv/versions/3.10.4/lib/python3.10/site-packages/airflow/example_dags/example_complex.py took 0.076 seconds
[2022-05-23 17:19:02,802] {processor.py:153} INFO - Started process (PID=39003) to work on /Users/mohammadrezakhorasanchian/.pyenv/versions/3.10.4/lib/python3.10/site-packages/airflow/example_dags/example_complex.py
[2022-05-23 17:19:02,803] {processor.py:641} INFO - Processing file /Users/mohammadrezakhorasanchian/.pyenv/versions/3.10.4/lib/python3.10/site-packages/airflow/example_dags/example_complex.py for tasks to queue
[2022-05-23 17:19:02,803] {logging_mixin.py:115} INFO - [2022-05-23 17:19:02,803] {dagbag.py:507} INFO - Filling up the DagBag from /Users/mohammadrezakhorasanchian/.pyenv/versions/3.10.4/lib/python3.10/site-packages/airflow/example_dags/example_complex.py
[2022-05-23 17:19:02,815] {processor.py:651} INFO - DAG(s) dict_keys(['example_complex']) retrieved from /Users/mohammadrezakhorasanchian/.pyenv/versions/3.10.4/lib/python3.10/site-packages/airflow/example_dags/example_complex.py
[2022-05-23 17:19:02,861] {logging_mixin.py:115} INFO - [2022-05-23 17:19:02,861] {dag.py:2371} INFO - Sync 1 DAGs
[2022-05-23 17:19:02,870] {logging_mixin.py:115} INFO - [2022-05-23 17:19:02,870] {dag.py:2915} INFO - Setting next_dagrun for example_complex to None, run_after=None
[2022-05-23 17:19:02,877] {processor.py:161} INFO - Processing /Users/mohammadrezakhorasanchian/.pyenv/versions/3.10.4/lib/python3.10/site-packages/airflow/example_dags/example_complex.py took 0.075 seconds
[2022-05-23 17:20:06,704] {processor.py:153} INFO - Started process (PID=39115) to work on /Users/mohammadrezakhorasanchian/.pyenv/versions/3.10.4/lib/python3.10/site-packages/airflow/example_dags/example_complex.py
[2022-05-23 17:20:06,704] {processor.py:641} INFO - Processing file /Users/mohammadrezakhorasanchian/.pyenv/versions/3.10.4/lib/python3.10/site-packages/airflow/example_dags/example_complex.py for tasks to queue
[2022-05-23 17:20:06,704] {logging_mixin.py:115} INFO - [2022-05-23 17:20:06,704] {dagbag.py:507} INFO - Filling up the DagBag from /Users/mohammadrezakhorasanchian/.pyenv/versions/3.10.4/lib/python3.10/site-packages/airflow/example_dags/example_complex.py
[2022-05-23 17:20:06,717] {processor.py:651} INFO - DAG(s) dict_keys(['example_complex']) retrieved from /Users/mohammadrezakhorasanchian/.pyenv/versions/3.10.4/lib/python3.10/site-packages/airflow/example_dags/example_complex.py
[2022-05-23 17:20:06,762] {logging_mixin.py:115} INFO - [2022-05-23 17:20:06,762] {dag.py:2371} INFO - Sync 1 DAGs
[2022-05-23 17:20:06,771] {logging_mixin.py:115} INFO - [2022-05-23 17:20:06,771] {dag.py:2915} INFO - Setting next_dagrun for example_complex to None, run_after=None
[2022-05-23 17:20:06,781] {processor.py:161} INFO - Processing /Users/mohammadrezakhorasanchian/.pyenv/versions/3.10.4/lib/python3.10/site-packages/airflow/example_dags/example_complex.py took 0.077 seconds
[2022-05-23 17:21:08,006] {processor.py:153} INFO - Started process (PID=39201) to work on /Users/mohammadrezakhorasanchian/.pyenv/versions/3.10.4/lib/python3.10/site-packages/airflow/example_dags/example_complex.py
[2022-05-23 17:21:08,006] {processor.py:641} INFO - Processing file /Users/mohammadrezakhorasanchian/.pyenv/versions/3.10.4/lib/python3.10/site-packages/airflow/example_dags/example_complex.py for tasks to queue
[2022-05-23 17:21:08,006] {logging_mixin.py:115} INFO - [2022-05-23 17:21:08,006] {dagbag.py:507} INFO - Filling up the DagBag from /Users/mohammadrezakhorasanchian/.pyenv/versions/3.10.4/lib/python3.10/site-packages/airflow/example_dags/example_complex.py
[2022-05-23 17:21:08,018] {processor.py:651} INFO - DAG(s) dict_keys(['example_complex']) retrieved from /Users/mohammadrezakhorasanchian/.pyenv/versions/3.10.4/lib/python3.10/site-packages/airflow/example_dags/example_complex.py
[2022-05-23 17:21:08,063] {logging_mixin.py:115} INFO - [2022-05-23 17:21:08,063] {dag.py:2371} INFO - Sync 1 DAGs
[2022-05-23 17:21:08,072] {logging_mixin.py:115} INFO - [2022-05-23 17:21:08,072] {dag.py:2915} INFO - Setting next_dagrun for example_complex to None, run_after=None
[2022-05-23 17:21:08,079] {processor.py:161} INFO - Processing /Users/mohammadrezakhorasanchian/.pyenv/versions/3.10.4/lib/python3.10/site-packages/airflow/example_dags/example_complex.py took 0.074 seconds
[2022-05-23 17:22:08,840] {processor.py:153} INFO - Started process (PID=39276) to work on /Users/mohammadrezakhorasanchian/.pyenv/versions/3.10.4/lib/python3.10/site-packages/airflow/example_dags/example_complex.py
[2022-05-23 17:22:08,840] {processor.py:641} INFO - Processing file /Users/mohammadrezakhorasanchian/.pyenv/versions/3.10.4/lib/python3.10/site-packages/airflow/example_dags/example_complex.py for tasks to queue
[2022-05-23 17:22:08,841] {logging_mixin.py:115} INFO - [2022-05-23 17:22:08,841] {dagbag.py:507} INFO - Filling up the DagBag from /Users/mohammadrezakhorasanchian/.pyenv/versions/3.10.4/lib/python3.10/site-packages/airflow/example_dags/example_complex.py
[2022-05-23 17:22:08,862] {processor.py:651} INFO - DAG(s) dict_keys(['example_complex']) retrieved from /Users/mohammadrezakhorasanchian/.pyenv/versions/3.10.4/lib/python3.10/site-packages/airflow/example_dags/example_complex.py
[2022-05-23 17:22:08,932] {logging_mixin.py:115} INFO - [2022-05-23 17:22:08,932] {dag.py:2371} INFO - Sync 1 DAGs
[2022-05-23 17:22:08,948] {logging_mixin.py:115} INFO - [2022-05-23 17:22:08,948] {dag.py:2915} INFO - Setting next_dagrun for example_complex to None, run_after=None
[2022-05-23 17:22:08,959] {processor.py:161} INFO - Processing /Users/mohammadrezakhorasanchian/.pyenv/versions/3.10.4/lib/python3.10/site-packages/airflow/example_dags/example_complex.py took 0.120 seconds
[2022-05-23 17:23:21,037] {processor.py:153} INFO - Started process (PID=39318) to work on /Users/mohammadrezakhorasanchian/.pyenv/versions/3.10.4/lib/python3.10/site-packages/airflow/example_dags/example_complex.py
[2022-05-23 17:23:21,038] {processor.py:641} INFO - Processing file /Users/mohammadrezakhorasanchian/.pyenv/versions/3.10.4/lib/python3.10/site-packages/airflow/example_dags/example_complex.py for tasks to queue
[2022-05-23 17:23:21,038] {logging_mixin.py:115} INFO - [2022-05-23 17:23:21,038] {dagbag.py:507} INFO - Filling up the DagBag from /Users/mohammadrezakhorasanchian/.pyenv/versions/3.10.4/lib/python3.10/site-packages/airflow/example_dags/example_complex.py
[2022-05-23 17:23:21,053] {processor.py:651} INFO - DAG(s) dict_keys(['example_complex']) retrieved from /Users/mohammadrezakhorasanchian/.pyenv/versions/3.10.4/lib/python3.10/site-packages/airflow/example_dags/example_complex.py
[2022-05-23 17:23:21,109] {logging_mixin.py:115} INFO - [2022-05-23 17:23:21,109] {dag.py:2371} INFO - Sync 1 DAGs
[2022-05-23 17:23:21,121] {logging_mixin.py:115} INFO - [2022-05-23 17:23:21,121] {dag.py:2915} INFO - Setting next_dagrun for example_complex to None, run_after=None
[2022-05-23 17:23:21,130] {processor.py:161} INFO - Processing /Users/mohammadrezakhorasanchian/.pyenv/versions/3.10.4/lib/python3.10/site-packages/airflow/example_dags/example_complex.py took 0.093 seconds
[2022-05-23 17:24:28,671] {processor.py:153} INFO - Started process (PID=39427) to work on /Users/mohammadrezakhorasanchian/.pyenv/versions/3.10.4/lib/python3.10/site-packages/airflow/example_dags/example_complex.py
[2022-05-23 17:24:28,672] {processor.py:641} INFO - Processing file /Users/mohammadrezakhorasanchian/.pyenv/versions/3.10.4/lib/python3.10/site-packages/airflow/example_dags/example_complex.py for tasks to queue
[2022-05-23 17:24:28,673] {logging_mixin.py:115} INFO - [2022-05-23 17:24:28,672] {dagbag.py:507} INFO - Filling up the DagBag from /Users/mohammadrezakhorasanchian/.pyenv/versions/3.10.4/lib/python3.10/site-packages/airflow/example_dags/example_complex.py
[2022-05-23 17:24:28,689] {processor.py:651} INFO - DAG(s) dict_keys(['example_complex']) retrieved from /Users/mohammadrezakhorasanchian/.pyenv/versions/3.10.4/lib/python3.10/site-packages/airflow/example_dags/example_complex.py
[2022-05-23 17:24:28,748] {logging_mixin.py:115} INFO - [2022-05-23 17:24:28,748] {dag.py:2371} INFO - Sync 1 DAGs
[2022-05-23 17:24:28,762] {logging_mixin.py:115} INFO - [2022-05-23 17:24:28,762] {dag.py:2915} INFO - Setting next_dagrun for example_complex to None, run_after=None
[2022-05-23 17:24:28,771] {processor.py:161} INFO - Processing /Users/mohammadrezakhorasanchian/.pyenv/versions/3.10.4/lib/python3.10/site-packages/airflow/example_dags/example_complex.py took 0.100 seconds
[2022-05-23 17:34:20,499] {processor.py:153} INFO - Started process (PID=39759) to work on /Users/mohammadrezakhorasanchian/.pyenv/versions/3.10.4/lib/python3.10/site-packages/airflow/example_dags/example_complex.py
[2022-05-23 17:34:20,500] {processor.py:641} INFO - Processing file /Users/mohammadrezakhorasanchian/.pyenv/versions/3.10.4/lib/python3.10/site-packages/airflow/example_dags/example_complex.py for tasks to queue
[2022-05-23 17:34:20,501] {logging_mixin.py:115} INFO - [2022-05-23 17:34:20,501] {dagbag.py:507} INFO - Filling up the DagBag from /Users/mohammadrezakhorasanchian/.pyenv/versions/3.10.4/lib/python3.10/site-packages/airflow/example_dags/example_complex.py
[2022-05-23 17:34:20,515] {processor.py:651} INFO - DAG(s) dict_keys(['example_complex']) retrieved from /Users/mohammadrezakhorasanchian/.pyenv/versions/3.10.4/lib/python3.10/site-packages/airflow/example_dags/example_complex.py
[2022-05-23 17:34:20,560] {logging_mixin.py:115} INFO - [2022-05-23 17:34:20,560] {dag.py:2371} INFO - Sync 1 DAGs
[2022-05-23 17:34:20,569] {logging_mixin.py:115} INFO - [2022-05-23 17:34:20,569] {dag.py:2915} INFO - Setting next_dagrun for example_complex to None, run_after=None
[2022-05-23 17:34:20,577] {processor.py:161} INFO - Processing /Users/mohammadrezakhorasanchian/.pyenv/versions/3.10.4/lib/python3.10/site-packages/airflow/example_dags/example_complex.py took 0.078 seconds
[2022-05-23 17:35:21,902] {processor.py:153} INFO - Started process (PID=39797) to work on /Users/mohammadrezakhorasanchian/.pyenv/versions/3.10.4/lib/python3.10/site-packages/airflow/example_dags/example_complex.py
[2022-05-23 17:35:21,902] {processor.py:641} INFO - Processing file /Users/mohammadrezakhorasanchian/.pyenv/versions/3.10.4/lib/python3.10/site-packages/airflow/example_dags/example_complex.py for tasks to queue
[2022-05-23 17:35:21,902] {logging_mixin.py:115} INFO - [2022-05-23 17:35:21,902] {dagbag.py:507} INFO - Filling up the DagBag from /Users/mohammadrezakhorasanchian/.pyenv/versions/3.10.4/lib/python3.10/site-packages/airflow/example_dags/example_complex.py
[2022-05-23 17:35:21,916] {processor.py:651} INFO - DAG(s) dict_keys(['example_complex']) retrieved from /Users/mohammadrezakhorasanchian/.pyenv/versions/3.10.4/lib/python3.10/site-packages/airflow/example_dags/example_complex.py
[2022-05-23 17:35:21,965] {logging_mixin.py:115} INFO - [2022-05-23 17:35:21,965] {dag.py:2371} INFO - Sync 1 DAGs
[2022-05-23 17:35:21,975] {logging_mixin.py:115} INFO - [2022-05-23 17:35:21,975] {dag.py:2915} INFO - Setting next_dagrun for example_complex to None, run_after=None
[2022-05-23 17:35:21,983] {processor.py:161} INFO - Processing /Users/mohammadrezakhorasanchian/.pyenv/versions/3.10.4/lib/python3.10/site-packages/airflow/example_dags/example_complex.py took 0.082 seconds
[2022-05-23 17:36:24,300] {processor.py:153} INFO - Started process (PID=39846) to work on /Users/mohammadrezakhorasanchian/.pyenv/versions/3.10.4/lib/python3.10/site-packages/airflow/example_dags/example_complex.py
[2022-05-23 17:36:24,300] {processor.py:641} INFO - Processing file /Users/mohammadrezakhorasanchian/.pyenv/versions/3.10.4/lib/python3.10/site-packages/airflow/example_dags/example_complex.py for tasks to queue
[2022-05-23 17:36:24,301] {logging_mixin.py:115} INFO - [2022-05-23 17:36:24,301] {dagbag.py:507} INFO - Filling up the DagBag from /Users/mohammadrezakhorasanchian/.pyenv/versions/3.10.4/lib/python3.10/site-packages/airflow/example_dags/example_complex.py
[2022-05-23 17:36:24,314] {processor.py:651} INFO - DAG(s) dict_keys(['example_complex']) retrieved from /Users/mohammadrezakhorasanchian/.pyenv/versions/3.10.4/lib/python3.10/site-packages/airflow/example_dags/example_complex.py
[2022-05-23 17:36:24,359] {logging_mixin.py:115} INFO - [2022-05-23 17:36:24,358] {dag.py:2371} INFO - Sync 1 DAGs
[2022-05-23 17:36:24,368] {logging_mixin.py:115} INFO - [2022-05-23 17:36:24,368] {dag.py:2915} INFO - Setting next_dagrun for example_complex to None, run_after=None
[2022-05-23 17:36:24,375] {processor.py:161} INFO - Processing /Users/mohammadrezakhorasanchian/.pyenv/versions/3.10.4/lib/python3.10/site-packages/airflow/example_dags/example_complex.py took 0.075 seconds
[2022-05-23 17:37:22,609] {processor.py:153} INFO - Started process (PID=39884) to work on /Users/mohammadrezakhorasanchian/.pyenv/versions/3.10.4/lib/python3.10/site-packages/airflow/example_dags/example_complex.py
[2022-05-23 17:37:22,609] {processor.py:641} INFO - Processing file /Users/mohammadrezakhorasanchian/.pyenv/versions/3.10.4/lib/python3.10/site-packages/airflow/example_dags/example_complex.py for tasks to queue
[2022-05-23 17:37:22,609] {logging_mixin.py:115} INFO - [2022-05-23 17:37:22,609] {dagbag.py:507} INFO - Filling up the DagBag from /Users/mohammadrezakhorasanchian/.pyenv/versions/3.10.4/lib/python3.10/site-packages/airflow/example_dags/example_complex.py
[2022-05-23 17:37:22,623] {processor.py:651} INFO - DAG(s) dict_keys(['example_complex']) retrieved from /Users/mohammadrezakhorasanchian/.pyenv/versions/3.10.4/lib/python3.10/site-packages/airflow/example_dags/example_complex.py
[2022-05-23 17:37:22,668] {logging_mixin.py:115} INFO - [2022-05-23 17:37:22,668] {dag.py:2371} INFO - Sync 1 DAGs
[2022-05-23 17:37:22,677] {logging_mixin.py:115} INFO - [2022-05-23 17:37:22,677] {dag.py:2915} INFO - Setting next_dagrun for example_complex to None, run_after=None
[2022-05-23 17:37:22,684] {processor.py:161} INFO - Processing /Users/mohammadrezakhorasanchian/.pyenv/versions/3.10.4/lib/python3.10/site-packages/airflow/example_dags/example_complex.py took 0.075 seconds
[2022-05-23 17:38:20,330] {processor.py:153} INFO - Started process (PID=39926) to work on /Users/mohammadrezakhorasanchian/.pyenv/versions/3.10.4/lib/python3.10/site-packages/airflow/example_dags/example_complex.py
[2022-05-23 17:38:20,330] {processor.py:641} INFO - Processing file /Users/mohammadrezakhorasanchian/.pyenv/versions/3.10.4/lib/python3.10/site-packages/airflow/example_dags/example_complex.py for tasks to queue
[2022-05-23 17:38:20,330] {logging_mixin.py:115} INFO - [2022-05-23 17:38:20,330] {dagbag.py:507} INFO - Filling up the DagBag from /Users/mohammadrezakhorasanchian/.pyenv/versions/3.10.4/lib/python3.10/site-packages/airflow/example_dags/example_complex.py
[2022-05-23 17:38:20,343] {processor.py:651} INFO - DAG(s) dict_keys(['example_complex']) retrieved from /Users/mohammadrezakhorasanchian/.pyenv/versions/3.10.4/lib/python3.10/site-packages/airflow/example_dags/example_complex.py
[2022-05-23 17:38:20,388] {logging_mixin.py:115} INFO - [2022-05-23 17:38:20,388] {dag.py:2371} INFO - Sync 1 DAGs
[2022-05-23 17:38:20,397] {logging_mixin.py:115} INFO - [2022-05-23 17:38:20,397] {dag.py:2915} INFO - Setting next_dagrun for example_complex to None, run_after=None
[2022-05-23 17:38:20,404] {processor.py:161} INFO - Processing /Users/mohammadrezakhorasanchian/.pyenv/versions/3.10.4/lib/python3.10/site-packages/airflow/example_dags/example_complex.py took 0.075 seconds
[2022-05-23 17:39:17,986] {processor.py:153} INFO - Started process (PID=39961) to work on /Users/mohammadrezakhorasanchian/.pyenv/versions/3.10.4/lib/python3.10/site-packages/airflow/example_dags/example_complex.py
[2022-05-23 17:39:17,987] {processor.py:641} INFO - Processing file /Users/mohammadrezakhorasanchian/.pyenv/versions/3.10.4/lib/python3.10/site-packages/airflow/example_dags/example_complex.py for tasks to queue
[2022-05-23 17:39:17,987] {logging_mixin.py:115} INFO - [2022-05-23 17:39:17,987] {dagbag.py:507} INFO - Filling up the DagBag from /Users/mohammadrezakhorasanchian/.pyenv/versions/3.10.4/lib/python3.10/site-packages/airflow/example_dags/example_complex.py
[2022-05-23 17:39:17,999] {processor.py:651} INFO - DAG(s) dict_keys(['example_complex']) retrieved from /Users/mohammadrezakhorasanchian/.pyenv/versions/3.10.4/lib/python3.10/site-packages/airflow/example_dags/example_complex.py
[2022-05-23 17:39:18,045] {logging_mixin.py:115} INFO - [2022-05-23 17:39:18,045] {dag.py:2371} INFO - Sync 1 DAGs
[2022-05-23 17:39:18,054] {logging_mixin.py:115} INFO - [2022-05-23 17:39:18,054] {dag.py:2915} INFO - Setting next_dagrun for example_complex to None, run_after=None
[2022-05-23 17:39:18,061] {processor.py:161} INFO - Processing /Users/mohammadrezakhorasanchian/.pyenv/versions/3.10.4/lib/python3.10/site-packages/airflow/example_dags/example_complex.py took 0.075 seconds
[2022-05-23 17:40:16,573] {processor.py:153} INFO - Started process (PID=39998) to work on /Users/mohammadrezakhorasanchian/.pyenv/versions/3.10.4/lib/python3.10/site-packages/airflow/example_dags/example_complex.py
[2022-05-23 17:40:16,573] {processor.py:641} INFO - Processing file /Users/mohammadrezakhorasanchian/.pyenv/versions/3.10.4/lib/python3.10/site-packages/airflow/example_dags/example_complex.py for tasks to queue
[2022-05-23 17:40:16,573] {logging_mixin.py:115} INFO - [2022-05-23 17:40:16,573] {dagbag.py:507} INFO - Filling up the DagBag from /Users/mohammadrezakhorasanchian/.pyenv/versions/3.10.4/lib/python3.10/site-packages/airflow/example_dags/example_complex.py
[2022-05-23 17:40:16,586] {processor.py:651} INFO - DAG(s) dict_keys(['example_complex']) retrieved from /Users/mohammadrezakhorasanchian/.pyenv/versions/3.10.4/lib/python3.10/site-packages/airflow/example_dags/example_complex.py
[2022-05-23 17:40:16,631] {logging_mixin.py:115} INFO - [2022-05-23 17:40:16,631] {dag.py:2371} INFO - Sync 1 DAGs
[2022-05-23 17:40:16,640] {logging_mixin.py:115} INFO - [2022-05-23 17:40:16,640] {dag.py:2915} INFO - Setting next_dagrun for example_complex to None, run_after=None
[2022-05-23 17:40:16,648] {processor.py:161} INFO - Processing /Users/mohammadrezakhorasanchian/.pyenv/versions/3.10.4/lib/python3.10/site-packages/airflow/example_dags/example_complex.py took 0.076 seconds
[2022-05-23 17:41:15,000] {processor.py:153} INFO - Started process (PID=40034) to work on /Users/mohammadrezakhorasanchian/.pyenv/versions/3.10.4/lib/python3.10/site-packages/airflow/example_dags/example_complex.py
[2022-05-23 17:41:15,001] {processor.py:641} INFO - Processing file /Users/mohammadrezakhorasanchian/.pyenv/versions/3.10.4/lib/python3.10/site-packages/airflow/example_dags/example_complex.py for tasks to queue
[2022-05-23 17:41:15,001] {logging_mixin.py:115} INFO - [2022-05-23 17:41:15,001] {dagbag.py:507} INFO - Filling up the DagBag from /Users/mohammadrezakhorasanchian/.pyenv/versions/3.10.4/lib/python3.10/site-packages/airflow/example_dags/example_complex.py
[2022-05-23 17:41:15,013] {processor.py:651} INFO - DAG(s) dict_keys(['example_complex']) retrieved from /Users/mohammadrezakhorasanchian/.pyenv/versions/3.10.4/lib/python3.10/site-packages/airflow/example_dags/example_complex.py
[2022-05-23 17:41:15,058] {logging_mixin.py:115} INFO - [2022-05-23 17:41:15,058] {dag.py:2371} INFO - Sync 1 DAGs
[2022-05-23 17:41:15,067] {logging_mixin.py:115} INFO - [2022-05-23 17:41:15,067] {dag.py:2915} INFO - Setting next_dagrun for example_complex to None, run_after=None
[2022-05-23 17:41:15,075] {processor.py:161} INFO - Processing /Users/mohammadrezakhorasanchian/.pyenv/versions/3.10.4/lib/python3.10/site-packages/airflow/example_dags/example_complex.py took 0.075 seconds
[2022-05-23 17:42:12,889] {processor.py:153} INFO - Started process (PID=40070) to work on /Users/mohammadrezakhorasanchian/.pyenv/versions/3.10.4/lib/python3.10/site-packages/airflow/example_dags/example_complex.py
[2022-05-23 17:42:12,889] {processor.py:641} INFO - Processing file /Users/mohammadrezakhorasanchian/.pyenv/versions/3.10.4/lib/python3.10/site-packages/airflow/example_dags/example_complex.py for tasks to queue
[2022-05-23 17:42:12,890] {logging_mixin.py:115} INFO - [2022-05-23 17:42:12,890] {dagbag.py:507} INFO - Filling up the DagBag from /Users/mohammadrezakhorasanchian/.pyenv/versions/3.10.4/lib/python3.10/site-packages/airflow/example_dags/example_complex.py
[2022-05-23 17:42:12,902] {processor.py:651} INFO - DAG(s) dict_keys(['example_complex']) retrieved from /Users/mohammadrezakhorasanchian/.pyenv/versions/3.10.4/lib/python3.10/site-packages/airflow/example_dags/example_complex.py
[2022-05-23 17:42:12,948] {logging_mixin.py:115} INFO - [2022-05-23 17:42:12,948] {dag.py:2371} INFO - Sync 1 DAGs
[2022-05-23 17:42:12,957] {logging_mixin.py:115} INFO - [2022-05-23 17:42:12,957] {dag.py:2915} INFO - Setting next_dagrun for example_complex to None, run_after=None
[2022-05-23 17:42:12,964] {processor.py:161} INFO - Processing /Users/mohammadrezakhorasanchian/.pyenv/versions/3.10.4/lib/python3.10/site-packages/airflow/example_dags/example_complex.py took 0.075 seconds
[2022-05-23 17:43:11,394] {processor.py:153} INFO - Started process (PID=40109) to work on /Users/mohammadrezakhorasanchian/.pyenv/versions/3.10.4/lib/python3.10/site-packages/airflow/example_dags/example_complex.py
[2022-05-23 17:43:11,395] {processor.py:641} INFO - Processing file /Users/mohammadrezakhorasanchian/.pyenv/versions/3.10.4/lib/python3.10/site-packages/airflow/example_dags/example_complex.py for tasks to queue
[2022-05-23 17:43:11,395] {logging_mixin.py:115} INFO - [2022-05-23 17:43:11,395] {dagbag.py:507} INFO - Filling up the DagBag from /Users/mohammadrezakhorasanchian/.pyenv/versions/3.10.4/lib/python3.10/site-packages/airflow/example_dags/example_complex.py
[2022-05-23 17:43:11,407] {processor.py:651} INFO - DAG(s) dict_keys(['example_complex']) retrieved from /Users/mohammadrezakhorasanchian/.pyenv/versions/3.10.4/lib/python3.10/site-packages/airflow/example_dags/example_complex.py
[2022-05-23 17:43:11,453] {logging_mixin.py:115} INFO - [2022-05-23 17:43:11,452] {dag.py:2371} INFO - Sync 1 DAGs
[2022-05-23 17:43:11,462] {logging_mixin.py:115} INFO - [2022-05-23 17:43:11,462] {dag.py:2915} INFO - Setting next_dagrun for example_complex to None, run_after=None
[2022-05-23 17:43:11,470] {processor.py:161} INFO - Processing /Users/mohammadrezakhorasanchian/.pyenv/versions/3.10.4/lib/python3.10/site-packages/airflow/example_dags/example_complex.py took 0.075 seconds
[2022-05-23 17:44:10,704] {processor.py:153} INFO - Started process (PID=40148) to work on /Users/mohammadrezakhorasanchian/.pyenv/versions/3.10.4/lib/python3.10/site-packages/airflow/example_dags/example_complex.py
[2022-05-23 17:44:10,704] {processor.py:641} INFO - Processing file /Users/mohammadrezakhorasanchian/.pyenv/versions/3.10.4/lib/python3.10/site-packages/airflow/example_dags/example_complex.py for tasks to queue
[2022-05-23 17:44:10,704] {logging_mixin.py:115} INFO - [2022-05-23 17:44:10,704] {dagbag.py:507} INFO - Filling up the DagBag from /Users/mohammadrezakhorasanchian/.pyenv/versions/3.10.4/lib/python3.10/site-packages/airflow/example_dags/example_complex.py
[2022-05-23 17:44:10,717] {processor.py:651} INFO - DAG(s) dict_keys(['example_complex']) retrieved from /Users/mohammadrezakhorasanchian/.pyenv/versions/3.10.4/lib/python3.10/site-packages/airflow/example_dags/example_complex.py
[2022-05-23 17:44:10,762] {logging_mixin.py:115} INFO - [2022-05-23 17:44:10,762] {dag.py:2371} INFO - Sync 1 DAGs
[2022-05-23 17:44:10,772] {logging_mixin.py:115} INFO - [2022-05-23 17:44:10,771] {dag.py:2915} INFO - Setting next_dagrun for example_complex to None, run_after=None
[2022-05-23 17:44:10,779] {processor.py:161} INFO - Processing /Users/mohammadrezakhorasanchian/.pyenv/versions/3.10.4/lib/python3.10/site-packages/airflow/example_dags/example_complex.py took 0.076 seconds
[2022-05-23 17:45:10,080] {processor.py:153} INFO - Started process (PID=40186) to work on /Users/mohammadrezakhorasanchian/.pyenv/versions/3.10.4/lib/python3.10/site-packages/airflow/example_dags/example_complex.py
[2022-05-23 17:45:10,080] {processor.py:641} INFO - Processing file /Users/mohammadrezakhorasanchian/.pyenv/versions/3.10.4/lib/python3.10/site-packages/airflow/example_dags/example_complex.py for tasks to queue
[2022-05-23 17:45:10,080] {logging_mixin.py:115} INFO - [2022-05-23 17:45:10,080] {dagbag.py:507} INFO - Filling up the DagBag from /Users/mohammadrezakhorasanchian/.pyenv/versions/3.10.4/lib/python3.10/site-packages/airflow/example_dags/example_complex.py
[2022-05-23 17:45:10,094] {processor.py:651} INFO - DAG(s) dict_keys(['example_complex']) retrieved from /Users/mohammadrezakhorasanchian/.pyenv/versions/3.10.4/lib/python3.10/site-packages/airflow/example_dags/example_complex.py
[2022-05-23 17:45:10,142] {logging_mixin.py:115} INFO - [2022-05-23 17:45:10,142] {dag.py:2371} INFO - Sync 1 DAGs
[2022-05-23 17:45:10,152] {logging_mixin.py:115} INFO - [2022-05-23 17:45:10,152] {dag.py:2915} INFO - Setting next_dagrun for example_complex to None, run_after=None
[2022-05-23 17:45:10,158] {processor.py:161} INFO - Processing /Users/mohammadrezakhorasanchian/.pyenv/versions/3.10.4/lib/python3.10/site-packages/airflow/example_dags/example_complex.py took 0.079 seconds
[2022-05-23 17:46:09,122] {processor.py:153} INFO - Started process (PID=40227) to work on /Users/mohammadrezakhorasanchian/.pyenv/versions/3.10.4/lib/python3.10/site-packages/airflow/example_dags/example_complex.py
[2022-05-23 17:46:09,122] {processor.py:641} INFO - Processing file /Users/mohammadrezakhorasanchian/.pyenv/versions/3.10.4/lib/python3.10/site-packages/airflow/example_dags/example_complex.py for tasks to queue
[2022-05-23 17:46:09,122] {logging_mixin.py:115} INFO - [2022-05-23 17:46:09,122] {dagbag.py:507} INFO - Filling up the DagBag from /Users/mohammadrezakhorasanchian/.pyenv/versions/3.10.4/lib/python3.10/site-packages/airflow/example_dags/example_complex.py
[2022-05-23 17:46:09,138] {processor.py:651} INFO - DAG(s) dict_keys(['example_complex']) retrieved from /Users/mohammadrezakhorasanchian/.pyenv/versions/3.10.4/lib/python3.10/site-packages/airflow/example_dags/example_complex.py
[2022-05-23 17:46:09,196] {logging_mixin.py:115} INFO - [2022-05-23 17:46:09,196] {dag.py:2371} INFO - Sync 1 DAGs
[2022-05-23 17:46:09,208] {logging_mixin.py:115} INFO - [2022-05-23 17:46:09,208] {dag.py:2915} INFO - Setting next_dagrun for example_complex to None, run_after=None
[2022-05-23 17:46:09,216] {processor.py:161} INFO - Processing /Users/mohammadrezakhorasanchian/.pyenv/versions/3.10.4/lib/python3.10/site-packages/airflow/example_dags/example_complex.py took 0.095 seconds
[2022-05-23 17:47:07,108] {processor.py:153} INFO - Started process (PID=40269) to work on /Users/mohammadrezakhorasanchian/.pyenv/versions/3.10.4/lib/python3.10/site-packages/airflow/example_dags/example_complex.py
[2022-05-23 17:47:07,108] {processor.py:641} INFO - Processing file /Users/mohammadrezakhorasanchian/.pyenv/versions/3.10.4/lib/python3.10/site-packages/airflow/example_dags/example_complex.py for tasks to queue
[2022-05-23 17:47:07,109] {logging_mixin.py:115} INFO - [2022-05-23 17:47:07,109] {dagbag.py:507} INFO - Filling up the DagBag from /Users/mohammadrezakhorasanchian/.pyenv/versions/3.10.4/lib/python3.10/site-packages/airflow/example_dags/example_complex.py
[2022-05-23 17:47:07,121] {processor.py:651} INFO - DAG(s) dict_keys(['example_complex']) retrieved from /Users/mohammadrezakhorasanchian/.pyenv/versions/3.10.4/lib/python3.10/site-packages/airflow/example_dags/example_complex.py
[2022-05-23 17:47:07,166] {logging_mixin.py:115} INFO - [2022-05-23 17:47:07,166] {dag.py:2371} INFO - Sync 1 DAGs
[2022-05-23 17:47:07,176] {logging_mixin.py:115} INFO - [2022-05-23 17:47:07,176] {dag.py:2915} INFO - Setting next_dagrun for example_complex to None, run_after=None
[2022-05-23 17:47:07,183] {processor.py:161} INFO - Processing /Users/mohammadrezakhorasanchian/.pyenv/versions/3.10.4/lib/python3.10/site-packages/airflow/example_dags/example_complex.py took 0.075 seconds
[2022-05-23 17:48:05,165] {processor.py:153} INFO - Started process (PID=40309) to work on /Users/mohammadrezakhorasanchian/.pyenv/versions/3.10.4/lib/python3.10/site-packages/airflow/example_dags/example_complex.py
[2022-05-23 17:48:05,165] {processor.py:641} INFO - Processing file /Users/mohammadrezakhorasanchian/.pyenv/versions/3.10.4/lib/python3.10/site-packages/airflow/example_dags/example_complex.py for tasks to queue
[2022-05-23 17:48:05,165] {logging_mixin.py:115} INFO - [2022-05-23 17:48:05,165] {dagbag.py:507} INFO - Filling up the DagBag from /Users/mohammadrezakhorasanchian/.pyenv/versions/3.10.4/lib/python3.10/site-packages/airflow/example_dags/example_complex.py
[2022-05-23 17:48:05,178] {processor.py:651} INFO - DAG(s) dict_keys(['example_complex']) retrieved from /Users/mohammadrezakhorasanchian/.pyenv/versions/3.10.4/lib/python3.10/site-packages/airflow/example_dags/example_complex.py
[2022-05-23 17:48:05,228] {logging_mixin.py:115} INFO - [2022-05-23 17:48:05,228] {dag.py:2371} INFO - Sync 1 DAGs
[2022-05-23 17:48:05,238] {logging_mixin.py:115} INFO - [2022-05-23 17:48:05,238] {dag.py:2915} INFO - Setting next_dagrun for example_complex to None, run_after=None
[2022-05-23 17:48:05,244] {processor.py:161} INFO - Processing /Users/mohammadrezakhorasanchian/.pyenv/versions/3.10.4/lib/python3.10/site-packages/airflow/example_dags/example_complex.py took 0.080 seconds
[2022-05-23 17:49:03,588] {processor.py:153} INFO - Started process (PID=40349) to work on /Users/mohammadrezakhorasanchian/.pyenv/versions/3.10.4/lib/python3.10/site-packages/airflow/example_dags/example_complex.py
[2022-05-23 17:49:03,588] {processor.py:641} INFO - Processing file /Users/mohammadrezakhorasanchian/.pyenv/versions/3.10.4/lib/python3.10/site-packages/airflow/example_dags/example_complex.py for tasks to queue
[2022-05-23 17:49:03,589] {logging_mixin.py:115} INFO - [2022-05-23 17:49:03,589] {dagbag.py:507} INFO - Filling up the DagBag from /Users/mohammadrezakhorasanchian/.pyenv/versions/3.10.4/lib/python3.10/site-packages/airflow/example_dags/example_complex.py
[2022-05-23 17:49:03,605] {processor.py:651} INFO - DAG(s) dict_keys(['example_complex']) retrieved from /Users/mohammadrezakhorasanchian/.pyenv/versions/3.10.4/lib/python3.10/site-packages/airflow/example_dags/example_complex.py
[2022-05-23 17:49:03,662] {logging_mixin.py:115} INFO - [2022-05-23 17:49:03,662] {dag.py:2371} INFO - Sync 1 DAGs
[2022-05-23 17:49:03,674] {logging_mixin.py:115} INFO - [2022-05-23 17:49:03,674] {dag.py:2915} INFO - Setting next_dagrun for example_complex to None, run_after=None
[2022-05-23 17:49:03,682] {processor.py:161} INFO - Processing /Users/mohammadrezakhorasanchian/.pyenv/versions/3.10.4/lib/python3.10/site-packages/airflow/example_dags/example_complex.py took 0.095 seconds
[2022-05-23 17:52:03,766] {processor.py:153} INFO - Started process (PID=40506) to work on /Users/mohammadrezakhorasanchian/.pyenv/versions/3.10.4/lib/python3.10/site-packages/airflow/example_dags/example_complex.py
[2022-05-23 17:52:03,766] {processor.py:641} INFO - Processing file /Users/mohammadrezakhorasanchian/.pyenv/versions/3.10.4/lib/python3.10/site-packages/airflow/example_dags/example_complex.py for tasks to queue
[2022-05-23 17:52:03,766] {logging_mixin.py:115} INFO - [2022-05-23 17:52:03,766] {dagbag.py:507} INFO - Filling up the DagBag from /Users/mohammadrezakhorasanchian/.pyenv/versions/3.10.4/lib/python3.10/site-packages/airflow/example_dags/example_complex.py
[2022-05-23 17:52:03,779] {processor.py:651} INFO - DAG(s) dict_keys(['example_complex']) retrieved from /Users/mohammadrezakhorasanchian/.pyenv/versions/3.10.4/lib/python3.10/site-packages/airflow/example_dags/example_complex.py
[2022-05-23 17:52:03,825] {logging_mixin.py:115} INFO - [2022-05-23 17:52:03,824] {dag.py:2371} INFO - Sync 1 DAGs
[2022-05-23 17:52:03,834] {logging_mixin.py:115} INFO - [2022-05-23 17:52:03,834] {dag.py:2915} INFO - Setting next_dagrun for example_complex to None, run_after=None
[2022-05-23 17:52:03,843] {processor.py:161} INFO - Processing /Users/mohammadrezakhorasanchian/.pyenv/versions/3.10.4/lib/python3.10/site-packages/airflow/example_dags/example_complex.py took 0.078 seconds
[2022-05-23 17:59:02,277] {processor.py:153} INFO - Started process (PID=40595) to work on /Users/mohammadrezakhorasanchian/.pyenv/versions/3.10.4/lib/python3.10/site-packages/airflow/example_dags/example_complex.py
[2022-05-23 17:59:02,277] {processor.py:641} INFO - Processing file /Users/mohammadrezakhorasanchian/.pyenv/versions/3.10.4/lib/python3.10/site-packages/airflow/example_dags/example_complex.py for tasks to queue
[2022-05-23 17:59:02,277] {logging_mixin.py:115} INFO - [2022-05-23 17:59:02,277] {dagbag.py:507} INFO - Filling up the DagBag from /Users/mohammadrezakhorasanchian/.pyenv/versions/3.10.4/lib/python3.10/site-packages/airflow/example_dags/example_complex.py
[2022-05-23 17:59:02,290] {processor.py:651} INFO - DAG(s) dict_keys(['example_complex']) retrieved from /Users/mohammadrezakhorasanchian/.pyenv/versions/3.10.4/lib/python3.10/site-packages/airflow/example_dags/example_complex.py
[2022-05-23 17:59:02,335] {logging_mixin.py:115} INFO - [2022-05-23 17:59:02,335] {dag.py:2371} INFO - Sync 1 DAGs
[2022-05-23 17:59:02,344] {logging_mixin.py:115} INFO - [2022-05-23 17:59:02,344] {dag.py:2915} INFO - Setting next_dagrun for example_complex to None, run_after=None
[2022-05-23 17:59:02,353] {processor.py:161} INFO - Processing /Users/mohammadrezakhorasanchian/.pyenv/versions/3.10.4/lib/python3.10/site-packages/airflow/example_dags/example_complex.py took 0.076 seconds
[2022-05-23 18:00:00,687] {processor.py:153} INFO - Started process (PID=40632) to work on /Users/mohammadrezakhorasanchian/.pyenv/versions/3.10.4/lib/python3.10/site-packages/airflow/example_dags/example_complex.py
[2022-05-23 18:00:00,687] {processor.py:641} INFO - Processing file /Users/mohammadrezakhorasanchian/.pyenv/versions/3.10.4/lib/python3.10/site-packages/airflow/example_dags/example_complex.py for tasks to queue
[2022-05-23 18:00:00,688] {logging_mixin.py:115} INFO - [2022-05-23 18:00:00,688] {dagbag.py:507} INFO - Filling up the DagBag from /Users/mohammadrezakhorasanchian/.pyenv/versions/3.10.4/lib/python3.10/site-packages/airflow/example_dags/example_complex.py
[2022-05-23 18:00:00,700] {processor.py:651} INFO - DAG(s) dict_keys(['example_complex']) retrieved from /Users/mohammadrezakhorasanchian/.pyenv/versions/3.10.4/lib/python3.10/site-packages/airflow/example_dags/example_complex.py
[2022-05-23 18:00:00,745] {logging_mixin.py:115} INFO - [2022-05-23 18:00:00,745] {dag.py:2371} INFO - Sync 1 DAGs
[2022-05-23 18:00:00,754] {logging_mixin.py:115} INFO - [2022-05-23 18:00:00,754] {dag.py:2915} INFO - Setting next_dagrun for example_complex to None, run_after=None
[2022-05-23 18:00:00,761] {processor.py:161} INFO - Processing /Users/mohammadrezakhorasanchian/.pyenv/versions/3.10.4/lib/python3.10/site-packages/airflow/example_dags/example_complex.py took 0.074 seconds
[2022-05-23 18:01:01,718] {processor.py:153} INFO - Started process (PID=40669) to work on /Users/mohammadrezakhorasanchian/.pyenv/versions/3.10.4/lib/python3.10/site-packages/airflow/example_dags/example_complex.py
[2022-05-23 18:01:01,718] {processor.py:641} INFO - Processing file /Users/mohammadrezakhorasanchian/.pyenv/versions/3.10.4/lib/python3.10/site-packages/airflow/example_dags/example_complex.py for tasks to queue
[2022-05-23 18:01:01,719] {logging_mixin.py:115} INFO - [2022-05-23 18:01:01,718] {dagbag.py:507} INFO - Filling up the DagBag from /Users/mohammadrezakhorasanchian/.pyenv/versions/3.10.4/lib/python3.10/site-packages/airflow/example_dags/example_complex.py
[2022-05-23 18:01:01,731] {processor.py:651} INFO - DAG(s) dict_keys(['example_complex']) retrieved from /Users/mohammadrezakhorasanchian/.pyenv/versions/3.10.4/lib/python3.10/site-packages/airflow/example_dags/example_complex.py
[2022-05-23 18:01:01,775] {logging_mixin.py:115} INFO - [2022-05-23 18:01:01,775] {dag.py:2371} INFO - Sync 1 DAGs
[2022-05-23 18:01:01,784] {logging_mixin.py:115} INFO - [2022-05-23 18:01:01,784] {dag.py:2915} INFO - Setting next_dagrun for example_complex to None, run_after=None
[2022-05-23 18:01:01,792] {processor.py:161} INFO - Processing /Users/mohammadrezakhorasanchian/.pyenv/versions/3.10.4/lib/python3.10/site-packages/airflow/example_dags/example_complex.py took 0.074 seconds
[2022-05-23 18:02:00,817] {processor.py:153} INFO - Started process (PID=40709) to work on /Users/mohammadrezakhorasanchian/.pyenv/versions/3.10.4/lib/python3.10/site-packages/airflow/example_dags/example_complex.py
[2022-05-23 18:02:00,817] {processor.py:641} INFO - Processing file /Users/mohammadrezakhorasanchian/.pyenv/versions/3.10.4/lib/python3.10/site-packages/airflow/example_dags/example_complex.py for tasks to queue
[2022-05-23 18:02:00,818] {logging_mixin.py:115} INFO - [2022-05-23 18:02:00,818] {dagbag.py:507} INFO - Filling up the DagBag from /Users/mohammadrezakhorasanchian/.pyenv/versions/3.10.4/lib/python3.10/site-packages/airflow/example_dags/example_complex.py
[2022-05-23 18:02:00,830] {processor.py:651} INFO - DAG(s) dict_keys(['example_complex']) retrieved from /Users/mohammadrezakhorasanchian/.pyenv/versions/3.10.4/lib/python3.10/site-packages/airflow/example_dags/example_complex.py
[2022-05-23 18:02:00,875] {logging_mixin.py:115} INFO - [2022-05-23 18:02:00,875] {dag.py:2371} INFO - Sync 1 DAGs
[2022-05-23 18:02:00,884] {logging_mixin.py:115} INFO - [2022-05-23 18:02:00,884] {dag.py:2915} INFO - Setting next_dagrun for example_complex to None, run_after=None
[2022-05-23 18:02:00,892] {processor.py:161} INFO - Processing /Users/mohammadrezakhorasanchian/.pyenv/versions/3.10.4/lib/python3.10/site-packages/airflow/example_dags/example_complex.py took 0.075 seconds
[2022-05-23 18:02:59,290] {processor.py:153} INFO - Started process (PID=40749) to work on /Users/mohammadrezakhorasanchian/.pyenv/versions/3.10.4/lib/python3.10/site-packages/airflow/example_dags/example_complex.py
[2022-05-23 18:02:59,290] {processor.py:641} INFO - Processing file /Users/mohammadrezakhorasanchian/.pyenv/versions/3.10.4/lib/python3.10/site-packages/airflow/example_dags/example_complex.py for tasks to queue
[2022-05-23 18:02:59,290] {logging_mixin.py:115} INFO - [2022-05-23 18:02:59,290] {dagbag.py:507} INFO - Filling up the DagBag from /Users/mohammadrezakhorasanchian/.pyenv/versions/3.10.4/lib/python3.10/site-packages/airflow/example_dags/example_complex.py
[2022-05-23 18:02:59,303] {processor.py:651} INFO - DAG(s) dict_keys(['example_complex']) retrieved from /Users/mohammadrezakhorasanchian/.pyenv/versions/3.10.4/lib/python3.10/site-packages/airflow/example_dags/example_complex.py
[2022-05-23 18:02:59,349] {logging_mixin.py:115} INFO - [2022-05-23 18:02:59,349] {dag.py:2371} INFO - Sync 1 DAGs
[2022-05-23 18:02:59,358] {logging_mixin.py:115} INFO - [2022-05-23 18:02:59,358] {dag.py:2915} INFO - Setting next_dagrun for example_complex to None, run_after=None
[2022-05-23 18:02:59,365] {processor.py:161} INFO - Processing /Users/mohammadrezakhorasanchian/.pyenv/versions/3.10.4/lib/python3.10/site-packages/airflow/example_dags/example_complex.py took 0.076 seconds
[2022-05-23 18:03:53,745] {processor.py:153} INFO - Started process (PID=40785) to work on /Users/mohammadrezakhorasanchian/.pyenv/versions/3.10.4/lib/python3.10/site-packages/airflow/example_dags/example_complex.py
[2022-05-23 18:03:53,745] {processor.py:641} INFO - Processing file /Users/mohammadrezakhorasanchian/.pyenv/versions/3.10.4/lib/python3.10/site-packages/airflow/example_dags/example_complex.py for tasks to queue
[2022-05-23 18:03:53,745] {logging_mixin.py:115} INFO - [2022-05-23 18:03:53,745] {dagbag.py:507} INFO - Filling up the DagBag from /Users/mohammadrezakhorasanchian/.pyenv/versions/3.10.4/lib/python3.10/site-packages/airflow/example_dags/example_complex.py
[2022-05-23 18:03:53,758] {processor.py:651} INFO - DAG(s) dict_keys(['example_complex']) retrieved from /Users/mohammadrezakhorasanchian/.pyenv/versions/3.10.4/lib/python3.10/site-packages/airflow/example_dags/example_complex.py
[2022-05-23 18:03:53,804] {logging_mixin.py:115} INFO - [2022-05-23 18:03:53,804] {dag.py:2371} INFO - Sync 1 DAGs
[2022-05-23 18:03:53,814] {logging_mixin.py:115} INFO - [2022-05-23 18:03:53,814] {dag.py:2915} INFO - Setting next_dagrun for example_complex to None, run_after=None
[2022-05-23 18:03:53,822] {processor.py:161} INFO - Processing /Users/mohammadrezakhorasanchian/.pyenv/versions/3.10.4/lib/python3.10/site-packages/airflow/example_dags/example_complex.py took 0.077 seconds
[2022-05-23 18:04:48,425] {processor.py:153} INFO - Started process (PID=40820) to work on /Users/mohammadrezakhorasanchian/.pyenv/versions/3.10.4/lib/python3.10/site-packages/airflow/example_dags/example_complex.py
[2022-05-23 18:04:48,425] {processor.py:641} INFO - Processing file /Users/mohammadrezakhorasanchian/.pyenv/versions/3.10.4/lib/python3.10/site-packages/airflow/example_dags/example_complex.py for tasks to queue
[2022-05-23 18:04:48,425] {logging_mixin.py:115} INFO - [2022-05-23 18:04:48,425] {dagbag.py:507} INFO - Filling up the DagBag from /Users/mohammadrezakhorasanchian/.pyenv/versions/3.10.4/lib/python3.10/site-packages/airflow/example_dags/example_complex.py
[2022-05-23 18:04:48,438] {processor.py:651} INFO - DAG(s) dict_keys(['example_complex']) retrieved from /Users/mohammadrezakhorasanchian/.pyenv/versions/3.10.4/lib/python3.10/site-packages/airflow/example_dags/example_complex.py
[2022-05-23 18:04:48,484] {logging_mixin.py:115} INFO - [2022-05-23 18:04:48,484] {dag.py:2371} INFO - Sync 1 DAGs
[2022-05-23 18:04:48,494] {logging_mixin.py:115} INFO - [2022-05-23 18:04:48,493] {dag.py:2915} INFO - Setting next_dagrun for example_complex to None, run_after=None
[2022-05-23 18:04:48,501] {processor.py:161} INFO - Processing /Users/mohammadrezakhorasanchian/.pyenv/versions/3.10.4/lib/python3.10/site-packages/airflow/example_dags/example_complex.py took 0.077 seconds
[2022-05-23 18:05:45,108] {processor.py:153} INFO - Started process (PID=40856) to work on /Users/mohammadrezakhorasanchian/.pyenv/versions/3.10.4/lib/python3.10/site-packages/airflow/example_dags/example_complex.py
[2022-05-23 18:05:45,108] {processor.py:641} INFO - Processing file /Users/mohammadrezakhorasanchian/.pyenv/versions/3.10.4/lib/python3.10/site-packages/airflow/example_dags/example_complex.py for tasks to queue
[2022-05-23 18:05:45,108] {logging_mixin.py:115} INFO - [2022-05-23 18:05:45,108] {dagbag.py:507} INFO - Filling up the DagBag from /Users/mohammadrezakhorasanchian/.pyenv/versions/3.10.4/lib/python3.10/site-packages/airflow/example_dags/example_complex.py
[2022-05-23 18:05:45,121] {processor.py:651} INFO - DAG(s) dict_keys(['example_complex']) retrieved from /Users/mohammadrezakhorasanchian/.pyenv/versions/3.10.4/lib/python3.10/site-packages/airflow/example_dags/example_complex.py
[2022-05-23 18:05:45,166] {logging_mixin.py:115} INFO - [2022-05-23 18:05:45,166] {dag.py:2371} INFO - Sync 1 DAGs
[2022-05-23 18:05:45,175] {logging_mixin.py:115} INFO - [2022-05-23 18:05:45,175] {dag.py:2915} INFO - Setting next_dagrun for example_complex to None, run_after=None
[2022-05-23 18:05:45,182] {processor.py:161} INFO - Processing /Users/mohammadrezakhorasanchian/.pyenv/versions/3.10.4/lib/python3.10/site-packages/airflow/example_dags/example_complex.py took 0.075 seconds
[2022-05-23 18:06:43,165] {processor.py:153} INFO - Started process (PID=40894) to work on /Users/mohammadrezakhorasanchian/.pyenv/versions/3.10.4/lib/python3.10/site-packages/airflow/example_dags/example_complex.py
[2022-05-23 18:06:43,165] {processor.py:641} INFO - Processing file /Users/mohammadrezakhorasanchian/.pyenv/versions/3.10.4/lib/python3.10/site-packages/airflow/example_dags/example_complex.py for tasks to queue
[2022-05-23 18:06:43,165] {logging_mixin.py:115} INFO - [2022-05-23 18:06:43,165] {dagbag.py:507} INFO - Filling up the DagBag from /Users/mohammadrezakhorasanchian/.pyenv/versions/3.10.4/lib/python3.10/site-packages/airflow/example_dags/example_complex.py
[2022-05-23 18:06:43,178] {processor.py:651} INFO - DAG(s) dict_keys(['example_complex']) retrieved from /Users/mohammadrezakhorasanchian/.pyenv/versions/3.10.4/lib/python3.10/site-packages/airflow/example_dags/example_complex.py
[2022-05-23 18:06:43,224] {logging_mixin.py:115} INFO - [2022-05-23 18:06:43,224] {dag.py:2371} INFO - Sync 1 DAGs
[2022-05-23 18:06:43,233] {logging_mixin.py:115} INFO - [2022-05-23 18:06:43,233] {dag.py:2915} INFO - Setting next_dagrun for example_complex to None, run_after=None
[2022-05-23 18:06:43,243] {processor.py:161} INFO - Processing /Users/mohammadrezakhorasanchian/.pyenv/versions/3.10.4/lib/python3.10/site-packages/airflow/example_dags/example_complex.py took 0.078 seconds
[2022-05-23 18:07:43,311] {processor.py:153} INFO - Started process (PID=40931) to work on /Users/mohammadrezakhorasanchian/.pyenv/versions/3.10.4/lib/python3.10/site-packages/airflow/example_dags/example_complex.py
[2022-05-23 18:07:43,311] {processor.py:641} INFO - Processing file /Users/mohammadrezakhorasanchian/.pyenv/versions/3.10.4/lib/python3.10/site-packages/airflow/example_dags/example_complex.py for tasks to queue
[2022-05-23 18:07:43,312] {logging_mixin.py:115} INFO - [2022-05-23 18:07:43,312] {dagbag.py:507} INFO - Filling up the DagBag from /Users/mohammadrezakhorasanchian/.pyenv/versions/3.10.4/lib/python3.10/site-packages/airflow/example_dags/example_complex.py
[2022-05-23 18:07:43,326] {processor.py:651} INFO - DAG(s) dict_keys(['example_complex']) retrieved from /Users/mohammadrezakhorasanchian/.pyenv/versions/3.10.4/lib/python3.10/site-packages/airflow/example_dags/example_complex.py
[2022-05-23 18:07:43,375] {logging_mixin.py:115} INFO - [2022-05-23 18:07:43,375] {dag.py:2371} INFO - Sync 1 DAGs
[2022-05-23 18:07:43,386] {logging_mixin.py:115} INFO - [2022-05-23 18:07:43,385] {dag.py:2915} INFO - Setting next_dagrun for example_complex to None, run_after=None
[2022-05-23 18:07:43,396] {processor.py:161} INFO - Processing /Users/mohammadrezakhorasanchian/.pyenv/versions/3.10.4/lib/python3.10/site-packages/airflow/example_dags/example_complex.py took 0.085 seconds
[2022-05-23 18:14:47,348] {processor.py:153} INFO - Started process (PID=41124) to work on /Users/mohammadrezakhorasanchian/.pyenv/versions/3.10.4/lib/python3.10/site-packages/airflow/example_dags/example_complex.py
[2022-05-23 18:14:47,350] {processor.py:641} INFO - Processing file /Users/mohammadrezakhorasanchian/.pyenv/versions/3.10.4/lib/python3.10/site-packages/airflow/example_dags/example_complex.py for tasks to queue
[2022-05-23 18:14:47,350] {logging_mixin.py:115} INFO - [2022-05-23 18:14:47,350] {dagbag.py:507} INFO - Filling up the DagBag from /Users/mohammadrezakhorasanchian/.pyenv/versions/3.10.4/lib/python3.10/site-packages/airflow/example_dags/example_complex.py
[2022-05-23 18:14:47,364] {processor.py:651} INFO - DAG(s) dict_keys(['example_complex']) retrieved from /Users/mohammadrezakhorasanchian/.pyenv/versions/3.10.4/lib/python3.10/site-packages/airflow/example_dags/example_complex.py
[2022-05-23 18:14:47,415] {logging_mixin.py:115} INFO - [2022-05-23 18:14:47,414] {dag.py:2371} INFO - Sync 1 DAGs
[2022-05-23 18:14:47,424] {logging_mixin.py:115} INFO - [2022-05-23 18:14:47,424] {dag.py:2915} INFO - Setting next_dagrun for example_complex to None, run_after=None
[2022-05-23 18:14:47,432] {processor.py:161} INFO - Processing /Users/mohammadrezakhorasanchian/.pyenv/versions/3.10.4/lib/python3.10/site-packages/airflow/example_dags/example_complex.py took 0.084 seconds
