[2022-05-23 16:13:44,126] {processor.py:153} INFO - Started process (PID=36348) to work on /Users/mohammadrezakhorasanchian/.pyenv/versions/3.10.4/lib/python3.10/site-packages/airflow/example_dags/example_dag_decorator.py
[2022-05-23 16:13:44,126] {processor.py:641} INFO - Processing file /Users/mohammadrezakhorasanchian/.pyenv/versions/3.10.4/lib/python3.10/site-packages/airflow/example_dags/example_dag_decorator.py for tasks to queue
[2022-05-23 16:13:44,127] {logging_mixin.py:115} INFO - [2022-05-23 16:13:44,127] {dagbag.py:507} INFO - Filling up the DagBag from /Users/mohammadrezakhorasanchian/.pyenv/versions/3.10.4/lib/python3.10/site-packages/airflow/example_dags/example_dag_decorator.py
[2022-05-23 16:13:44,324] {processor.py:651} INFO - DAG(s) dict_keys(['example_dag_decorator']) retrieved from /Users/mohammadrezakhorasanchian/.pyenv/versions/3.10.4/lib/python3.10/site-packages/airflow/example_dags/example_dag_decorator.py
[2022-05-23 16:13:44,730] {logging_mixin.py:115} INFO - [2022-05-23 16:13:44,729] {dag.py:2371} INFO - Sync 1 DAGs
[2022-05-23 16:13:44,744] {logging_mixin.py:115} INFO - [2022-05-23 16:13:44,744] {dag.py:2915} INFO - Setting next_dagrun for example_dag_decorator to None, run_after=None
[2022-05-23 16:13:44,756] {processor.py:161} INFO - Processing /Users/mohammadrezakhorasanchian/.pyenv/versions/3.10.4/lib/python3.10/site-packages/airflow/example_dags/example_dag_decorator.py took 0.631 seconds
[2022-05-23 16:14:47,267] {processor.py:153} INFO - Started process (PID=36452) to work on /Users/mohammadrezakhorasanchian/.pyenv/versions/3.10.4/lib/python3.10/site-packages/airflow/example_dags/example_dag_decorator.py
[2022-05-23 16:14:47,267] {processor.py:641} INFO - Processing file /Users/mohammadrezakhorasanchian/.pyenv/versions/3.10.4/lib/python3.10/site-packages/airflow/example_dags/example_dag_decorator.py for tasks to queue
[2022-05-23 16:14:47,267] {logging_mixin.py:115} INFO - [2022-05-23 16:14:47,267] {dagbag.py:507} INFO - Filling up the DagBag from /Users/mohammadrezakhorasanchian/.pyenv/versions/3.10.4/lib/python3.10/site-packages/airflow/example_dags/example_dag_decorator.py
[2022-05-23 16:14:47,409] {processor.py:651} INFO - DAG(s) dict_keys(['example_dag_decorator']) retrieved from /Users/mohammadrezakhorasanchian/.pyenv/versions/3.10.4/lib/python3.10/site-packages/airflow/example_dags/example_dag_decorator.py
[2022-05-23 16:14:47,696] {logging_mixin.py:115} INFO - [2022-05-23 16:14:47,696] {dag.py:2371} INFO - Sync 1 DAGs
[2022-05-23 16:14:47,706] {logging_mixin.py:115} INFO - [2022-05-23 16:14:47,706] {dag.py:2915} INFO - Setting next_dagrun for example_dag_decorator to None, run_after=None
[2022-05-23 16:14:47,714] {processor.py:161} INFO - Processing /Users/mohammadrezakhorasanchian/.pyenv/versions/3.10.4/lib/python3.10/site-packages/airflow/example_dags/example_dag_decorator.py took 0.447 seconds
[2022-05-23 16:15:53,684] {processor.py:153} INFO - Started process (PID=36535) to work on /Users/mohammadrezakhorasanchian/.pyenv/versions/3.10.4/lib/python3.10/site-packages/airflow/example_dags/example_dag_decorator.py
[2022-05-23 16:15:53,684] {processor.py:641} INFO - Processing file /Users/mohammadrezakhorasanchian/.pyenv/versions/3.10.4/lib/python3.10/site-packages/airflow/example_dags/example_dag_decorator.py for tasks to queue
[2022-05-23 16:15:53,684] {logging_mixin.py:115} INFO - [2022-05-23 16:15:53,684] {dagbag.py:507} INFO - Filling up the DagBag from /Users/mohammadrezakhorasanchian/.pyenv/versions/3.10.4/lib/python3.10/site-packages/airflow/example_dags/example_dag_decorator.py
[2022-05-23 16:15:53,822] {processor.py:651} INFO - DAG(s) dict_keys(['example_dag_decorator']) retrieved from /Users/mohammadrezakhorasanchian/.pyenv/versions/3.10.4/lib/python3.10/site-packages/airflow/example_dags/example_dag_decorator.py
[2022-05-23 16:15:54,099] {logging_mixin.py:115} INFO - [2022-05-23 16:15:54,099] {dag.py:2371} INFO - Sync 1 DAGs
[2022-05-23 16:15:54,108] {logging_mixin.py:115} INFO - [2022-05-23 16:15:54,108] {dag.py:2915} INFO - Setting next_dagrun for example_dag_decorator to None, run_after=None
[2022-05-23 16:15:54,119] {processor.py:161} INFO - Processing /Users/mohammadrezakhorasanchian/.pyenv/versions/3.10.4/lib/python3.10/site-packages/airflow/example_dags/example_dag_decorator.py took 0.435 seconds
[2022-05-23 16:16:52,070] {processor.py:153} INFO - Started process (PID=36634) to work on /Users/mohammadrezakhorasanchian/.pyenv/versions/3.10.4/lib/python3.10/site-packages/airflow/example_dags/example_dag_decorator.py
[2022-05-23 16:16:52,070] {processor.py:641} INFO - Processing file /Users/mohammadrezakhorasanchian/.pyenv/versions/3.10.4/lib/python3.10/site-packages/airflow/example_dags/example_dag_decorator.py for tasks to queue
[2022-05-23 16:16:52,071] {logging_mixin.py:115} INFO - [2022-05-23 16:16:52,071] {dagbag.py:507} INFO - Filling up the DagBag from /Users/mohammadrezakhorasanchian/.pyenv/versions/3.10.4/lib/python3.10/site-packages/airflow/example_dags/example_dag_decorator.py
[2022-05-23 16:16:52,226] {processor.py:651} INFO - DAG(s) dict_keys(['example_dag_decorator']) retrieved from /Users/mohammadrezakhorasanchian/.pyenv/versions/3.10.4/lib/python3.10/site-packages/airflow/example_dags/example_dag_decorator.py
[2022-05-23 16:16:52,517] {logging_mixin.py:115} INFO - [2022-05-23 16:16:52,516] {dag.py:2371} INFO - Sync 1 DAGs
[2022-05-23 16:16:52,526] {logging_mixin.py:115} INFO - [2022-05-23 16:16:52,526] {dag.py:2915} INFO - Setting next_dagrun for example_dag_decorator to None, run_after=None
[2022-05-23 16:16:52,533] {processor.py:161} INFO - Processing /Users/mohammadrezakhorasanchian/.pyenv/versions/3.10.4/lib/python3.10/site-packages/airflow/example_dags/example_dag_decorator.py took 0.464 seconds
[2022-05-23 16:17:54,131] {processor.py:153} INFO - Started process (PID=36691) to work on /Users/mohammadrezakhorasanchian/.pyenv/versions/3.10.4/lib/python3.10/site-packages/airflow/example_dags/example_dag_decorator.py
[2022-05-23 16:17:54,131] {processor.py:641} INFO - Processing file /Users/mohammadrezakhorasanchian/.pyenv/versions/3.10.4/lib/python3.10/site-packages/airflow/example_dags/example_dag_decorator.py for tasks to queue
[2022-05-23 16:17:54,131] {logging_mixin.py:115} INFO - [2022-05-23 16:17:54,131] {dagbag.py:507} INFO - Filling up the DagBag from /Users/mohammadrezakhorasanchian/.pyenv/versions/3.10.4/lib/python3.10/site-packages/airflow/example_dags/example_dag_decorator.py
[2022-05-23 16:17:54,268] {processor.py:651} INFO - DAG(s) dict_keys(['example_dag_decorator']) retrieved from /Users/mohammadrezakhorasanchian/.pyenv/versions/3.10.4/lib/python3.10/site-packages/airflow/example_dags/example_dag_decorator.py
[2022-05-23 16:17:54,554] {logging_mixin.py:115} INFO - [2022-05-23 16:17:54,554] {dag.py:2371} INFO - Sync 1 DAGs
[2022-05-23 16:17:54,564] {logging_mixin.py:115} INFO - [2022-05-23 16:17:54,564] {dag.py:2915} INFO - Setting next_dagrun for example_dag_decorator to None, run_after=None
[2022-05-23 16:17:54,572] {processor.py:161} INFO - Processing /Users/mohammadrezakhorasanchian/.pyenv/versions/3.10.4/lib/python3.10/site-packages/airflow/example_dags/example_dag_decorator.py took 0.442 seconds
[2022-05-23 16:18:58,465] {processor.py:153} INFO - Started process (PID=36792) to work on /Users/mohammadrezakhorasanchian/.pyenv/versions/3.10.4/lib/python3.10/site-packages/airflow/example_dags/example_dag_decorator.py
[2022-05-23 16:18:58,465] {processor.py:641} INFO - Processing file /Users/mohammadrezakhorasanchian/.pyenv/versions/3.10.4/lib/python3.10/site-packages/airflow/example_dags/example_dag_decorator.py for tasks to queue
[2022-05-23 16:18:58,465] {logging_mixin.py:115} INFO - [2022-05-23 16:18:58,465] {dagbag.py:507} INFO - Filling up the DagBag from /Users/mohammadrezakhorasanchian/.pyenv/versions/3.10.4/lib/python3.10/site-packages/airflow/example_dags/example_dag_decorator.py
[2022-05-23 16:18:58,618] {processor.py:651} INFO - DAG(s) dict_keys(['example_dag_decorator']) retrieved from /Users/mohammadrezakhorasanchian/.pyenv/versions/3.10.4/lib/python3.10/site-packages/airflow/example_dags/example_dag_decorator.py
[2022-05-23 16:18:58,897] {logging_mixin.py:115} INFO - [2022-05-23 16:18:58,897] {dag.py:2371} INFO - Sync 1 DAGs
[2022-05-23 16:18:58,907] {logging_mixin.py:115} INFO - [2022-05-23 16:18:58,907] {dag.py:2915} INFO - Setting next_dagrun for example_dag_decorator to None, run_after=None
[2022-05-23 16:18:58,915] {processor.py:161} INFO - Processing /Users/mohammadrezakhorasanchian/.pyenv/versions/3.10.4/lib/python3.10/site-packages/airflow/example_dags/example_dag_decorator.py took 0.451 seconds
[2022-05-23 16:51:20,118] {processor.py:153} INFO - Started process (PID=36852) to work on /Users/mohammadrezakhorasanchian/.pyenv/versions/3.10.4/lib/python3.10/site-packages/airflow/example_dags/example_dag_decorator.py
[2022-05-23 16:51:20,119] {processor.py:641} INFO - Processing file /Users/mohammadrezakhorasanchian/.pyenv/versions/3.10.4/lib/python3.10/site-packages/airflow/example_dags/example_dag_decorator.py for tasks to queue
[2022-05-23 16:51:20,120] {logging_mixin.py:115} INFO - [2022-05-23 16:51:20,119] {dagbag.py:507} INFO - Filling up the DagBag from /Users/mohammadrezakhorasanchian/.pyenv/versions/3.10.4/lib/python3.10/site-packages/airflow/example_dags/example_dag_decorator.py
[2022-05-23 16:51:20,681] {processor.py:651} INFO - DAG(s) dict_keys(['example_dag_decorator']) retrieved from /Users/mohammadrezakhorasanchian/.pyenv/versions/3.10.4/lib/python3.10/site-packages/airflow/example_dags/example_dag_decorator.py
[2022-05-23 16:51:21,745] {logging_mixin.py:115} INFO - [2022-05-23 16:51:21,745] {dag.py:2371} INFO - Sync 1 DAGs
[2022-05-23 16:51:21,782] {logging_mixin.py:115} INFO - [2022-05-23 16:51:21,782] {dag.py:2915} INFO - Setting next_dagrun for example_dag_decorator to None, run_after=None
[2022-05-23 16:51:21,810] {processor.py:161} INFO - Processing /Users/mohammadrezakhorasanchian/.pyenv/versions/3.10.4/lib/python3.10/site-packages/airflow/example_dags/example_dag_decorator.py took 1.694 seconds
[2022-05-23 16:55:57,861] {processor.py:153} INFO - Started process (PID=36967) to work on /Users/mohammadrezakhorasanchian/.pyenv/versions/3.10.4/lib/python3.10/site-packages/airflow/example_dags/example_dag_decorator.py
[2022-05-23 16:55:57,861] {processor.py:641} INFO - Processing file /Users/mohammadrezakhorasanchian/.pyenv/versions/3.10.4/lib/python3.10/site-packages/airflow/example_dags/example_dag_decorator.py for tasks to queue
[2022-05-23 16:55:57,861] {logging_mixin.py:115} INFO - [2022-05-23 16:55:57,861] {dagbag.py:507} INFO - Filling up the DagBag from /Users/mohammadrezakhorasanchian/.pyenv/versions/3.10.4/lib/python3.10/site-packages/airflow/example_dags/example_dag_decorator.py
[2022-05-23 16:55:58,030] {processor.py:651} INFO - DAG(s) dict_keys(['example_dag_decorator']) retrieved from /Users/mohammadrezakhorasanchian/.pyenv/versions/3.10.4/lib/python3.10/site-packages/airflow/example_dags/example_dag_decorator.py
[2022-05-23 16:55:58,319] {logging_mixin.py:115} INFO - [2022-05-23 16:55:58,319] {dag.py:2371} INFO - Sync 1 DAGs
[2022-05-23 16:55:58,328] {logging_mixin.py:115} INFO - [2022-05-23 16:55:58,328] {dag.py:2915} INFO - Setting next_dagrun for example_dag_decorator to None, run_after=None
[2022-05-23 16:55:58,336] {processor.py:161} INFO - Processing /Users/mohammadrezakhorasanchian/.pyenv/versions/3.10.4/lib/python3.10/site-packages/airflow/example_dags/example_dag_decorator.py took 0.476 seconds
[2022-05-23 16:56:59,583] {processor.py:153} INFO - Started process (PID=37079) to work on /Users/mohammadrezakhorasanchian/.pyenv/versions/3.10.4/lib/python3.10/site-packages/airflow/example_dags/example_dag_decorator.py
[2022-05-23 16:56:59,584] {processor.py:641} INFO - Processing file /Users/mohammadrezakhorasanchian/.pyenv/versions/3.10.4/lib/python3.10/site-packages/airflow/example_dags/example_dag_decorator.py for tasks to queue
[2022-05-23 16:56:59,584] {logging_mixin.py:115} INFO - [2022-05-23 16:56:59,584] {dagbag.py:507} INFO - Filling up the DagBag from /Users/mohammadrezakhorasanchian/.pyenv/versions/3.10.4/lib/python3.10/site-packages/airflow/example_dags/example_dag_decorator.py
[2022-05-23 16:56:59,760] {processor.py:651} INFO - DAG(s) dict_keys(['example_dag_decorator']) retrieved from /Users/mohammadrezakhorasanchian/.pyenv/versions/3.10.4/lib/python3.10/site-packages/airflow/example_dags/example_dag_decorator.py
[2022-05-23 16:57:00,094] {logging_mixin.py:115} INFO - [2022-05-23 16:57:00,094] {dag.py:2371} INFO - Sync 1 DAGs
[2022-05-23 16:57:00,105] {logging_mixin.py:115} INFO - [2022-05-23 16:57:00,105] {dag.py:2915} INFO - Setting next_dagrun for example_dag_decorator to None, run_after=None
[2022-05-23 16:57:00,114] {processor.py:161} INFO - Processing /Users/mohammadrezakhorasanchian/.pyenv/versions/3.10.4/lib/python3.10/site-packages/airflow/example_dags/example_dag_decorator.py took 0.531 seconds
[2022-05-23 16:57:58,401] {processor.py:153} INFO - Started process (PID=37120) to work on /Users/mohammadrezakhorasanchian/.pyenv/versions/3.10.4/lib/python3.10/site-packages/airflow/example_dags/example_dag_decorator.py
[2022-05-23 16:57:58,402] {processor.py:641} INFO - Processing file /Users/mohammadrezakhorasanchian/.pyenv/versions/3.10.4/lib/python3.10/site-packages/airflow/example_dags/example_dag_decorator.py for tasks to queue
[2022-05-23 16:57:58,402] {logging_mixin.py:115} INFO - [2022-05-23 16:57:58,402] {dagbag.py:507} INFO - Filling up the DagBag from /Users/mohammadrezakhorasanchian/.pyenv/versions/3.10.4/lib/python3.10/site-packages/airflow/example_dags/example_dag_decorator.py
[2022-05-23 16:57:58,539] {processor.py:651} INFO - DAG(s) dict_keys(['example_dag_decorator']) retrieved from /Users/mohammadrezakhorasanchian/.pyenv/versions/3.10.4/lib/python3.10/site-packages/airflow/example_dags/example_dag_decorator.py
[2022-05-23 16:57:58,815] {logging_mixin.py:115} INFO - [2022-05-23 16:57:58,815] {dag.py:2371} INFO - Sync 1 DAGs
[2022-05-23 16:57:58,824] {logging_mixin.py:115} INFO - [2022-05-23 16:57:58,824] {dag.py:2915} INFO - Setting next_dagrun for example_dag_decorator to None, run_after=None
[2022-05-23 16:57:58,832] {processor.py:161} INFO - Processing /Users/mohammadrezakhorasanchian/.pyenv/versions/3.10.4/lib/python3.10/site-packages/airflow/example_dags/example_dag_decorator.py took 0.431 seconds
[2022-05-23 16:58:59,671] {processor.py:153} INFO - Started process (PID=37156) to work on /Users/mohammadrezakhorasanchian/.pyenv/versions/3.10.4/lib/python3.10/site-packages/airflow/example_dags/example_dag_decorator.py
[2022-05-23 16:58:59,671] {processor.py:641} INFO - Processing file /Users/mohammadrezakhorasanchian/.pyenv/versions/3.10.4/lib/python3.10/site-packages/airflow/example_dags/example_dag_decorator.py for tasks to queue
[2022-05-23 16:58:59,672] {logging_mixin.py:115} INFO - [2022-05-23 16:58:59,672] {dagbag.py:507} INFO - Filling up the DagBag from /Users/mohammadrezakhorasanchian/.pyenv/versions/3.10.4/lib/python3.10/site-packages/airflow/example_dags/example_dag_decorator.py
[2022-05-23 16:58:59,806] {processor.py:651} INFO - DAG(s) dict_keys(['example_dag_decorator']) retrieved from /Users/mohammadrezakhorasanchian/.pyenv/versions/3.10.4/lib/python3.10/site-packages/airflow/example_dags/example_dag_decorator.py
[2022-05-23 16:59:00,083] {logging_mixin.py:115} INFO - [2022-05-23 16:59:00,083] {dag.py:2371} INFO - Sync 1 DAGs
[2022-05-23 16:59:00,092] {logging_mixin.py:115} INFO - [2022-05-23 16:59:00,092] {dag.py:2915} INFO - Setting next_dagrun for example_dag_decorator to None, run_after=None
[2022-05-23 16:59:00,102] {processor.py:161} INFO - Processing /Users/mohammadrezakhorasanchian/.pyenv/versions/3.10.4/lib/python3.10/site-packages/airflow/example_dags/example_dag_decorator.py took 0.431 seconds
[2022-05-23 16:59:55,006] {processor.py:153} INFO - Started process (PID=37192) to work on /Users/mohammadrezakhorasanchian/.pyenv/versions/3.10.4/lib/python3.10/site-packages/airflow/example_dags/example_dag_decorator.py
[2022-05-23 16:59:55,006] {processor.py:641} INFO - Processing file /Users/mohammadrezakhorasanchian/.pyenv/versions/3.10.4/lib/python3.10/site-packages/airflow/example_dags/example_dag_decorator.py for tasks to queue
[2022-05-23 16:59:55,006] {logging_mixin.py:115} INFO - [2022-05-23 16:59:55,006] {dagbag.py:507} INFO - Filling up the DagBag from /Users/mohammadrezakhorasanchian/.pyenv/versions/3.10.4/lib/python3.10/site-packages/airflow/example_dags/example_dag_decorator.py
[2022-05-23 16:59:55,139] {processor.py:651} INFO - DAG(s) dict_keys(['example_dag_decorator']) retrieved from /Users/mohammadrezakhorasanchian/.pyenv/versions/3.10.4/lib/python3.10/site-packages/airflow/example_dags/example_dag_decorator.py
[2022-05-23 16:59:55,414] {logging_mixin.py:115} INFO - [2022-05-23 16:59:55,414] {dag.py:2371} INFO - Sync 1 DAGs
[2022-05-23 16:59:55,423] {logging_mixin.py:115} INFO - [2022-05-23 16:59:55,423] {dag.py:2915} INFO - Setting next_dagrun for example_dag_decorator to None, run_after=None
[2022-05-23 16:59:55,434] {processor.py:161} INFO - Processing /Users/mohammadrezakhorasanchian/.pyenv/versions/3.10.4/lib/python3.10/site-packages/airflow/example_dags/example_dag_decorator.py took 0.428 seconds
[2022-05-23 17:00:52,118] {processor.py:153} INFO - Started process (PID=37287) to work on /Users/mohammadrezakhorasanchian/.pyenv/versions/3.10.4/lib/python3.10/site-packages/airflow/example_dags/example_dag_decorator.py
[2022-05-23 17:00:52,118] {processor.py:641} INFO - Processing file /Users/mohammadrezakhorasanchian/.pyenv/versions/3.10.4/lib/python3.10/site-packages/airflow/example_dags/example_dag_decorator.py for tasks to queue
[2022-05-23 17:00:52,118] {logging_mixin.py:115} INFO - [2022-05-23 17:00:52,118] {dagbag.py:507} INFO - Filling up the DagBag from /Users/mohammadrezakhorasanchian/.pyenv/versions/3.10.4/lib/python3.10/site-packages/airflow/example_dags/example_dag_decorator.py
[2022-05-23 17:00:52,251] {processor.py:651} INFO - DAG(s) dict_keys(['example_dag_decorator']) retrieved from /Users/mohammadrezakhorasanchian/.pyenv/versions/3.10.4/lib/python3.10/site-packages/airflow/example_dags/example_dag_decorator.py
[2022-05-23 17:00:52,524] {logging_mixin.py:115} INFO - [2022-05-23 17:00:52,524] {dag.py:2371} INFO - Sync 1 DAGs
[2022-05-23 17:00:52,538] {logging_mixin.py:115} INFO - [2022-05-23 17:00:52,538] {dag.py:2915} INFO - Setting next_dagrun for example_dag_decorator to None, run_after=None
[2022-05-23 17:00:52,546] {processor.py:161} INFO - Processing /Users/mohammadrezakhorasanchian/.pyenv/versions/3.10.4/lib/python3.10/site-packages/airflow/example_dags/example_dag_decorator.py took 0.429 seconds
[2022-05-23 17:01:49,906] {processor.py:153} INFO - Started process (PID=37407) to work on /Users/mohammadrezakhorasanchian/.pyenv/versions/3.10.4/lib/python3.10/site-packages/airflow/example_dags/example_dag_decorator.py
[2022-05-23 17:01:49,906] {processor.py:641} INFO - Processing file /Users/mohammadrezakhorasanchian/.pyenv/versions/3.10.4/lib/python3.10/site-packages/airflow/example_dags/example_dag_decorator.py for tasks to queue
[2022-05-23 17:01:49,906] {logging_mixin.py:115} INFO - [2022-05-23 17:01:49,906] {dagbag.py:507} INFO - Filling up the DagBag from /Users/mohammadrezakhorasanchian/.pyenv/versions/3.10.4/lib/python3.10/site-packages/airflow/example_dags/example_dag_decorator.py
[2022-05-23 17:01:50,041] {processor.py:651} INFO - DAG(s) dict_keys(['example_dag_decorator']) retrieved from /Users/mohammadrezakhorasanchian/.pyenv/versions/3.10.4/lib/python3.10/site-packages/airflow/example_dags/example_dag_decorator.py
[2022-05-23 17:01:50,323] {logging_mixin.py:115} INFO - [2022-05-23 17:01:50,322] {dag.py:2371} INFO - Sync 1 DAGs
[2022-05-23 17:01:50,332] {logging_mixin.py:115} INFO - [2022-05-23 17:01:50,331] {dag.py:2915} INFO - Setting next_dagrun for example_dag_decorator to None, run_after=None
[2022-05-23 17:01:50,339] {processor.py:161} INFO - Processing /Users/mohammadrezakhorasanchian/.pyenv/versions/3.10.4/lib/python3.10/site-packages/airflow/example_dags/example_dag_decorator.py took 0.434 seconds
[2022-05-23 17:02:49,365] {processor.py:153} INFO - Started process (PID=37512) to work on /Users/mohammadrezakhorasanchian/.pyenv/versions/3.10.4/lib/python3.10/site-packages/airflow/example_dags/example_dag_decorator.py
[2022-05-23 17:02:49,365] {processor.py:641} INFO - Processing file /Users/mohammadrezakhorasanchian/.pyenv/versions/3.10.4/lib/python3.10/site-packages/airflow/example_dags/example_dag_decorator.py for tasks to queue
[2022-05-23 17:02:49,365] {logging_mixin.py:115} INFO - [2022-05-23 17:02:49,365] {dagbag.py:507} INFO - Filling up the DagBag from /Users/mohammadrezakhorasanchian/.pyenv/versions/3.10.4/lib/python3.10/site-packages/airflow/example_dags/example_dag_decorator.py
[2022-05-23 17:02:49,508] {processor.py:651} INFO - DAG(s) dict_keys(['example_dag_decorator']) retrieved from /Users/mohammadrezakhorasanchian/.pyenv/versions/3.10.4/lib/python3.10/site-packages/airflow/example_dags/example_dag_decorator.py
[2022-05-23 17:02:49,786] {logging_mixin.py:115} INFO - [2022-05-23 17:02:49,786] {dag.py:2371} INFO - Sync 1 DAGs
[2022-05-23 17:02:49,795] {logging_mixin.py:115} INFO - [2022-05-23 17:02:49,795] {dag.py:2915} INFO - Setting next_dagrun for example_dag_decorator to None, run_after=None
[2022-05-23 17:02:49,804] {processor.py:161} INFO - Processing /Users/mohammadrezakhorasanchian/.pyenv/versions/3.10.4/lib/python3.10/site-packages/airflow/example_dags/example_dag_decorator.py took 0.439 seconds
[2022-05-23 17:03:47,869] {processor.py:153} INFO - Started process (PID=37625) to work on /Users/mohammadrezakhorasanchian/.pyenv/versions/3.10.4/lib/python3.10/site-packages/airflow/example_dags/example_dag_decorator.py
[2022-05-23 17:03:47,869] {processor.py:641} INFO - Processing file /Users/mohammadrezakhorasanchian/.pyenv/versions/3.10.4/lib/python3.10/site-packages/airflow/example_dags/example_dag_decorator.py for tasks to queue
[2022-05-23 17:03:47,869] {logging_mixin.py:115} INFO - [2022-05-23 17:03:47,869] {dagbag.py:507} INFO - Filling up the DagBag from /Users/mohammadrezakhorasanchian/.pyenv/versions/3.10.4/lib/python3.10/site-packages/airflow/example_dags/example_dag_decorator.py
[2022-05-23 17:03:48,024] {processor.py:651} INFO - DAG(s) dict_keys(['example_dag_decorator']) retrieved from /Users/mohammadrezakhorasanchian/.pyenv/versions/3.10.4/lib/python3.10/site-packages/airflow/example_dags/example_dag_decorator.py
[2022-05-23 17:03:48,331] {logging_mixin.py:115} INFO - [2022-05-23 17:03:48,331] {dag.py:2371} INFO - Sync 1 DAGs
[2022-05-23 17:03:48,340] {logging_mixin.py:115} INFO - [2022-05-23 17:03:48,340] {dag.py:2915} INFO - Setting next_dagrun for example_dag_decorator to None, run_after=None
[2022-05-23 17:03:48,348] {processor.py:161} INFO - Processing /Users/mohammadrezakhorasanchian/.pyenv/versions/3.10.4/lib/python3.10/site-packages/airflow/example_dags/example_dag_decorator.py took 0.480 seconds
[2022-05-23 17:04:48,705] {processor.py:153} INFO - Started process (PID=37734) to work on /Users/mohammadrezakhorasanchian/.pyenv/versions/3.10.4/lib/python3.10/site-packages/airflow/example_dags/example_dag_decorator.py
[2022-05-23 17:04:48,705] {processor.py:641} INFO - Processing file /Users/mohammadrezakhorasanchian/.pyenv/versions/3.10.4/lib/python3.10/site-packages/airflow/example_dags/example_dag_decorator.py for tasks to queue
[2022-05-23 17:04:48,705] {logging_mixin.py:115} INFO - [2022-05-23 17:04:48,705] {dagbag.py:507} INFO - Filling up the DagBag from /Users/mohammadrezakhorasanchian/.pyenv/versions/3.10.4/lib/python3.10/site-packages/airflow/example_dags/example_dag_decorator.py
[2022-05-23 17:04:48,839] {processor.py:651} INFO - DAG(s) dict_keys(['example_dag_decorator']) retrieved from /Users/mohammadrezakhorasanchian/.pyenv/versions/3.10.4/lib/python3.10/site-packages/airflow/example_dags/example_dag_decorator.py
[2022-05-23 17:04:49,113] {logging_mixin.py:115} INFO - [2022-05-23 17:04:49,113] {dag.py:2371} INFO - Sync 1 DAGs
[2022-05-23 17:04:49,123] {logging_mixin.py:115} INFO - [2022-05-23 17:04:49,123] {dag.py:2915} INFO - Setting next_dagrun for example_dag_decorator to None, run_after=None
[2022-05-23 17:04:49,131] {processor.py:161} INFO - Processing /Users/mohammadrezakhorasanchian/.pyenv/versions/3.10.4/lib/python3.10/site-packages/airflow/example_dags/example_dag_decorator.py took 0.427 seconds
[2022-05-23 17:05:48,371] {processor.py:153} INFO - Started process (PID=37845) to work on /Users/mohammadrezakhorasanchian/.pyenv/versions/3.10.4/lib/python3.10/site-packages/airflow/example_dags/example_dag_decorator.py
[2022-05-23 17:05:48,371] {processor.py:641} INFO - Processing file /Users/mohammadrezakhorasanchian/.pyenv/versions/3.10.4/lib/python3.10/site-packages/airflow/example_dags/example_dag_decorator.py for tasks to queue
[2022-05-23 17:05:48,371] {logging_mixin.py:115} INFO - [2022-05-23 17:05:48,371] {dagbag.py:507} INFO - Filling up the DagBag from /Users/mohammadrezakhorasanchian/.pyenv/versions/3.10.4/lib/python3.10/site-packages/airflow/example_dags/example_dag_decorator.py
[2022-05-23 17:05:48,508] {processor.py:651} INFO - DAG(s) dict_keys(['example_dag_decorator']) retrieved from /Users/mohammadrezakhorasanchian/.pyenv/versions/3.10.4/lib/python3.10/site-packages/airflow/example_dags/example_dag_decorator.py
[2022-05-23 17:05:48,787] {logging_mixin.py:115} INFO - [2022-05-23 17:05:48,787] {dag.py:2371} INFO - Sync 1 DAGs
[2022-05-23 17:05:48,796] {logging_mixin.py:115} INFO - [2022-05-23 17:05:48,796] {dag.py:2915} INFO - Setting next_dagrun for example_dag_decorator to None, run_after=None
[2022-05-23 17:05:48,804] {processor.py:161} INFO - Processing /Users/mohammadrezakhorasanchian/.pyenv/versions/3.10.4/lib/python3.10/site-packages/airflow/example_dags/example_dag_decorator.py took 0.434 seconds
[2022-05-23 17:06:49,297] {processor.py:153} INFO - Started process (PID=37952) to work on /Users/mohammadrezakhorasanchian/.pyenv/versions/3.10.4/lib/python3.10/site-packages/airflow/example_dags/example_dag_decorator.py
[2022-05-23 17:06:49,297] {processor.py:641} INFO - Processing file /Users/mohammadrezakhorasanchian/.pyenv/versions/3.10.4/lib/python3.10/site-packages/airflow/example_dags/example_dag_decorator.py for tasks to queue
[2022-05-23 17:06:49,297] {logging_mixin.py:115} INFO - [2022-05-23 17:06:49,297] {dagbag.py:507} INFO - Filling up the DagBag from /Users/mohammadrezakhorasanchian/.pyenv/versions/3.10.4/lib/python3.10/site-packages/airflow/example_dags/example_dag_decorator.py
[2022-05-23 17:06:49,446] {processor.py:651} INFO - DAG(s) dict_keys(['example_dag_decorator']) retrieved from /Users/mohammadrezakhorasanchian/.pyenv/versions/3.10.4/lib/python3.10/site-packages/airflow/example_dags/example_dag_decorator.py
[2022-05-23 17:06:49,749] {logging_mixin.py:115} INFO - [2022-05-23 17:06:49,749] {dag.py:2371} INFO - Sync 1 DAGs
[2022-05-23 17:06:49,760] {logging_mixin.py:115} INFO - [2022-05-23 17:06:49,760] {dag.py:2915} INFO - Setting next_dagrun for example_dag_decorator to None, run_after=None
[2022-05-23 17:06:49,770] {processor.py:161} INFO - Processing /Users/mohammadrezakhorasanchian/.pyenv/versions/3.10.4/lib/python3.10/site-packages/airflow/example_dags/example_dag_decorator.py took 0.474 seconds
[2022-05-23 17:07:50,852] {processor.py:153} INFO - Started process (PID=38061) to work on /Users/mohammadrezakhorasanchian/.pyenv/versions/3.10.4/lib/python3.10/site-packages/airflow/example_dags/example_dag_decorator.py
[2022-05-23 17:07:50,852] {processor.py:641} INFO - Processing file /Users/mohammadrezakhorasanchian/.pyenv/versions/3.10.4/lib/python3.10/site-packages/airflow/example_dags/example_dag_decorator.py for tasks to queue
[2022-05-23 17:07:50,852] {logging_mixin.py:115} INFO - [2022-05-23 17:07:50,852] {dagbag.py:507} INFO - Filling up the DagBag from /Users/mohammadrezakhorasanchian/.pyenv/versions/3.10.4/lib/python3.10/site-packages/airflow/example_dags/example_dag_decorator.py
[2022-05-23 17:07:50,986] {processor.py:651} INFO - DAG(s) dict_keys(['example_dag_decorator']) retrieved from /Users/mohammadrezakhorasanchian/.pyenv/versions/3.10.4/lib/python3.10/site-packages/airflow/example_dags/example_dag_decorator.py
[2022-05-23 17:07:51,265] {logging_mixin.py:115} INFO - [2022-05-23 17:07:51,265] {dag.py:2371} INFO - Sync 1 DAGs
[2022-05-23 17:07:51,274] {logging_mixin.py:115} INFO - [2022-05-23 17:07:51,274] {dag.py:2915} INFO - Setting next_dagrun for example_dag_decorator to None, run_after=None
[2022-05-23 17:07:51,284] {processor.py:161} INFO - Processing /Users/mohammadrezakhorasanchian/.pyenv/versions/3.10.4/lib/python3.10/site-packages/airflow/example_dags/example_dag_decorator.py took 0.432 seconds
[2022-05-23 17:08:54,601] {processor.py:153} INFO - Started process (PID=38180) to work on /Users/mohammadrezakhorasanchian/.pyenv/versions/3.10.4/lib/python3.10/site-packages/airflow/example_dags/example_dag_decorator.py
[2022-05-23 17:08:54,601] {processor.py:641} INFO - Processing file /Users/mohammadrezakhorasanchian/.pyenv/versions/3.10.4/lib/python3.10/site-packages/airflow/example_dags/example_dag_decorator.py for tasks to queue
[2022-05-23 17:08:54,602] {logging_mixin.py:115} INFO - [2022-05-23 17:08:54,602] {dagbag.py:507} INFO - Filling up the DagBag from /Users/mohammadrezakhorasanchian/.pyenv/versions/3.10.4/lib/python3.10/site-packages/airflow/example_dags/example_dag_decorator.py
[2022-05-23 17:08:54,749] {processor.py:651} INFO - DAG(s) dict_keys(['example_dag_decorator']) retrieved from /Users/mohammadrezakhorasanchian/.pyenv/versions/3.10.4/lib/python3.10/site-packages/airflow/example_dags/example_dag_decorator.py
[2022-05-23 17:08:55,072] {logging_mixin.py:115} INFO - [2022-05-23 17:08:55,072] {dag.py:2371} INFO - Sync 1 DAGs
[2022-05-23 17:08:55,084] {logging_mixin.py:115} INFO - [2022-05-23 17:08:55,084] {dag.py:2915} INFO - Setting next_dagrun for example_dag_decorator to None, run_after=None
[2022-05-23 17:08:55,092] {processor.py:161} INFO - Processing /Users/mohammadrezakhorasanchian/.pyenv/versions/3.10.4/lib/python3.10/site-packages/airflow/example_dags/example_dag_decorator.py took 0.492 seconds
[2022-05-23 17:09:57,697] {processor.py:153} INFO - Started process (PID=38292) to work on /Users/mohammadrezakhorasanchian/.pyenv/versions/3.10.4/lib/python3.10/site-packages/airflow/example_dags/example_dag_decorator.py
[2022-05-23 17:09:57,697] {processor.py:641} INFO - Processing file /Users/mohammadrezakhorasanchian/.pyenv/versions/3.10.4/lib/python3.10/site-packages/airflow/example_dags/example_dag_decorator.py for tasks to queue
[2022-05-23 17:09:57,698] {logging_mixin.py:115} INFO - [2022-05-23 17:09:57,698] {dagbag.py:507} INFO - Filling up the DagBag from /Users/mohammadrezakhorasanchian/.pyenv/versions/3.10.4/lib/python3.10/site-packages/airflow/example_dags/example_dag_decorator.py
[2022-05-23 17:09:57,834] {processor.py:651} INFO - DAG(s) dict_keys(['example_dag_decorator']) retrieved from /Users/mohammadrezakhorasanchian/.pyenv/versions/3.10.4/lib/python3.10/site-packages/airflow/example_dags/example_dag_decorator.py
[2022-05-23 17:09:58,129] {logging_mixin.py:115} INFO - [2022-05-23 17:09:58,129] {dag.py:2371} INFO - Sync 1 DAGs
[2022-05-23 17:09:58,139] {logging_mixin.py:115} INFO - [2022-05-23 17:09:58,139] {dag.py:2915} INFO - Setting next_dagrun for example_dag_decorator to None, run_after=None
[2022-05-23 17:09:58,147] {processor.py:161} INFO - Processing /Users/mohammadrezakhorasanchian/.pyenv/versions/3.10.4/lib/python3.10/site-packages/airflow/example_dags/example_dag_decorator.py took 0.450 seconds
[2022-05-23 17:10:59,833] {processor.py:153} INFO - Started process (PID=38406) to work on /Users/mohammadrezakhorasanchian/.pyenv/versions/3.10.4/lib/python3.10/site-packages/airflow/example_dags/example_dag_decorator.py
[2022-05-23 17:10:59,834] {processor.py:641} INFO - Processing file /Users/mohammadrezakhorasanchian/.pyenv/versions/3.10.4/lib/python3.10/site-packages/airflow/example_dags/example_dag_decorator.py for tasks to queue
[2022-05-23 17:10:59,834] {logging_mixin.py:115} INFO - [2022-05-23 17:10:59,834] {dagbag.py:507} INFO - Filling up the DagBag from /Users/mohammadrezakhorasanchian/.pyenv/versions/3.10.4/lib/python3.10/site-packages/airflow/example_dags/example_dag_decorator.py
[2022-05-23 17:10:59,972] {processor.py:651} INFO - DAG(s) dict_keys(['example_dag_decorator']) retrieved from /Users/mohammadrezakhorasanchian/.pyenv/versions/3.10.4/lib/python3.10/site-packages/airflow/example_dags/example_dag_decorator.py
[2022-05-23 17:11:00,264] {logging_mixin.py:115} INFO - [2022-05-23 17:11:00,264] {dag.py:2371} INFO - Sync 1 DAGs
[2022-05-23 17:11:00,274] {logging_mixin.py:115} INFO - [2022-05-23 17:11:00,274] {dag.py:2915} INFO - Setting next_dagrun for example_dag_decorator to None, run_after=None
[2022-05-23 17:11:00,283] {processor.py:161} INFO - Processing /Users/mohammadrezakhorasanchian/.pyenv/versions/3.10.4/lib/python3.10/site-packages/airflow/example_dags/example_dag_decorator.py took 0.450 seconds
[2022-05-23 17:11:58,818] {processor.py:153} INFO - Started process (PID=38512) to work on /Users/mohammadrezakhorasanchian/.pyenv/versions/3.10.4/lib/python3.10/site-packages/airflow/example_dags/example_dag_decorator.py
[2022-05-23 17:11:58,818] {processor.py:641} INFO - Processing file /Users/mohammadrezakhorasanchian/.pyenv/versions/3.10.4/lib/python3.10/site-packages/airflow/example_dags/example_dag_decorator.py for tasks to queue
[2022-05-23 17:11:58,819] {logging_mixin.py:115} INFO - [2022-05-23 17:11:58,819] {dagbag.py:507} INFO - Filling up the DagBag from /Users/mohammadrezakhorasanchian/.pyenv/versions/3.10.4/lib/python3.10/site-packages/airflow/example_dags/example_dag_decorator.py
[2022-05-23 17:11:59,033] {processor.py:651} INFO - DAG(s) dict_keys(['example_dag_decorator']) retrieved from /Users/mohammadrezakhorasanchian/.pyenv/versions/3.10.4/lib/python3.10/site-packages/airflow/example_dags/example_dag_decorator.py
[2022-05-23 17:11:59,403] {logging_mixin.py:115} INFO - [2022-05-23 17:11:59,402] {dag.py:2371} INFO - Sync 1 DAGs
[2022-05-23 17:11:59,414] {logging_mixin.py:115} INFO - [2022-05-23 17:11:59,414] {dag.py:2915} INFO - Setting next_dagrun for example_dag_decorator to None, run_after=None
[2022-05-23 17:11:59,424] {processor.py:161} INFO - Processing /Users/mohammadrezakhorasanchian/.pyenv/versions/3.10.4/lib/python3.10/site-packages/airflow/example_dags/example_dag_decorator.py took 0.606 seconds
[2022-05-23 17:12:59,782] {processor.py:153} INFO - Started process (PID=38566) to work on /Users/mohammadrezakhorasanchian/.pyenv/versions/3.10.4/lib/python3.10/site-packages/airflow/example_dags/example_dag_decorator.py
[2022-05-23 17:12:59,782] {processor.py:641} INFO - Processing file /Users/mohammadrezakhorasanchian/.pyenv/versions/3.10.4/lib/python3.10/site-packages/airflow/example_dags/example_dag_decorator.py for tasks to queue
[2022-05-23 17:12:59,782] {logging_mixin.py:115} INFO - [2022-05-23 17:12:59,782] {dagbag.py:507} INFO - Filling up the DagBag from /Users/mohammadrezakhorasanchian/.pyenv/versions/3.10.4/lib/python3.10/site-packages/airflow/example_dags/example_dag_decorator.py
[2022-05-23 17:12:59,966] {processor.py:651} INFO - DAG(s) dict_keys(['example_dag_decorator']) retrieved from /Users/mohammadrezakhorasanchian/.pyenv/versions/3.10.4/lib/python3.10/site-packages/airflow/example_dags/example_dag_decorator.py
[2022-05-23 17:13:00,337] {logging_mixin.py:115} INFO - [2022-05-23 17:13:00,337] {dag.py:2371} INFO - Sync 1 DAGs
[2022-05-23 17:13:00,350] {logging_mixin.py:115} INFO - [2022-05-23 17:13:00,350] {dag.py:2915} INFO - Setting next_dagrun for example_dag_decorator to None, run_after=None
[2022-05-23 17:13:00,361] {processor.py:161} INFO - Processing /Users/mohammadrezakhorasanchian/.pyenv/versions/3.10.4/lib/python3.10/site-packages/airflow/example_dags/example_dag_decorator.py took 0.579 seconds
[2022-05-23 17:13:59,252] {processor.py:153} INFO - Started process (PID=38658) to work on /Users/mohammadrezakhorasanchian/.pyenv/versions/3.10.4/lib/python3.10/site-packages/airflow/example_dags/example_dag_decorator.py
[2022-05-23 17:13:59,252] {processor.py:641} INFO - Processing file /Users/mohammadrezakhorasanchian/.pyenv/versions/3.10.4/lib/python3.10/site-packages/airflow/example_dags/example_dag_decorator.py for tasks to queue
[2022-05-23 17:13:59,252] {logging_mixin.py:115} INFO - [2022-05-23 17:13:59,252] {dagbag.py:507} INFO - Filling up the DagBag from /Users/mohammadrezakhorasanchian/.pyenv/versions/3.10.4/lib/python3.10/site-packages/airflow/example_dags/example_dag_decorator.py
[2022-05-23 17:13:59,394] {processor.py:651} INFO - DAG(s) dict_keys(['example_dag_decorator']) retrieved from /Users/mohammadrezakhorasanchian/.pyenv/versions/3.10.4/lib/python3.10/site-packages/airflow/example_dags/example_dag_decorator.py
[2022-05-23 17:13:59,691] {logging_mixin.py:115} INFO - [2022-05-23 17:13:59,691] {dag.py:2371} INFO - Sync 1 DAGs
[2022-05-23 17:13:59,701] {logging_mixin.py:115} INFO - [2022-05-23 17:13:59,701] {dag.py:2915} INFO - Setting next_dagrun for example_dag_decorator to None, run_after=None
[2022-05-23 17:13:59,711] {processor.py:161} INFO - Processing /Users/mohammadrezakhorasanchian/.pyenv/versions/3.10.4/lib/python3.10/site-packages/airflow/example_dags/example_dag_decorator.py took 0.459 seconds
[2022-05-23 17:14:57,623] {processor.py:153} INFO - Started process (PID=38768) to work on /Users/mohammadrezakhorasanchian/.pyenv/versions/3.10.4/lib/python3.10/site-packages/airflow/example_dags/example_dag_decorator.py
[2022-05-23 17:14:57,623] {processor.py:641} INFO - Processing file /Users/mohammadrezakhorasanchian/.pyenv/versions/3.10.4/lib/python3.10/site-packages/airflow/example_dags/example_dag_decorator.py for tasks to queue
[2022-05-23 17:14:57,623] {logging_mixin.py:115} INFO - [2022-05-23 17:14:57,623] {dagbag.py:507} INFO - Filling up the DagBag from /Users/mohammadrezakhorasanchian/.pyenv/versions/3.10.4/lib/python3.10/site-packages/airflow/example_dags/example_dag_decorator.py
[2022-05-23 17:14:57,765] {processor.py:651} INFO - DAG(s) dict_keys(['example_dag_decorator']) retrieved from /Users/mohammadrezakhorasanchian/.pyenv/versions/3.10.4/lib/python3.10/site-packages/airflow/example_dags/example_dag_decorator.py
[2022-05-23 17:14:58,152] {logging_mixin.py:115} INFO - [2022-05-23 17:14:58,152] {dag.py:2371} INFO - Sync 1 DAGs
[2022-05-23 17:14:58,168] {logging_mixin.py:115} INFO - [2022-05-23 17:14:58,168] {dag.py:2915} INFO - Setting next_dagrun for example_dag_decorator to None, run_after=None
[2022-05-23 17:14:58,181] {processor.py:161} INFO - Processing /Users/mohammadrezakhorasanchian/.pyenv/versions/3.10.4/lib/python3.10/site-packages/airflow/example_dags/example_dag_decorator.py took 0.558 seconds
[2022-05-23 17:15:57,829] {processor.py:153} INFO - Started process (PID=38811) to work on /Users/mohammadrezakhorasanchian/.pyenv/versions/3.10.4/lib/python3.10/site-packages/airflow/example_dags/example_dag_decorator.py
[2022-05-23 17:15:57,830] {processor.py:641} INFO - Processing file /Users/mohammadrezakhorasanchian/.pyenv/versions/3.10.4/lib/python3.10/site-packages/airflow/example_dags/example_dag_decorator.py for tasks to queue
[2022-05-23 17:15:57,830] {logging_mixin.py:115} INFO - [2022-05-23 17:15:57,830] {dagbag.py:507} INFO - Filling up the DagBag from /Users/mohammadrezakhorasanchian/.pyenv/versions/3.10.4/lib/python3.10/site-packages/airflow/example_dags/example_dag_decorator.py
[2022-05-23 17:15:57,965] {processor.py:651} INFO - DAG(s) dict_keys(['example_dag_decorator']) retrieved from /Users/mohammadrezakhorasanchian/.pyenv/versions/3.10.4/lib/python3.10/site-packages/airflow/example_dags/example_dag_decorator.py
[2022-05-23 17:15:58,241] {logging_mixin.py:115} INFO - [2022-05-23 17:15:58,241] {dag.py:2371} INFO - Sync 1 DAGs
[2022-05-23 17:15:58,250] {logging_mixin.py:115} INFO - [2022-05-23 17:15:58,250] {dag.py:2915} INFO - Setting next_dagrun for example_dag_decorator to None, run_after=None
[2022-05-23 17:15:58,258] {processor.py:161} INFO - Processing /Users/mohammadrezakhorasanchian/.pyenv/versions/3.10.4/lib/python3.10/site-packages/airflow/example_dags/example_dag_decorator.py took 0.429 seconds
[2022-05-23 17:16:56,443] {processor.py:153} INFO - Started process (PID=38862) to work on /Users/mohammadrezakhorasanchian/.pyenv/versions/3.10.4/lib/python3.10/site-packages/airflow/example_dags/example_dag_decorator.py
[2022-05-23 17:16:56,444] {processor.py:641} INFO - Processing file /Users/mohammadrezakhorasanchian/.pyenv/versions/3.10.4/lib/python3.10/site-packages/airflow/example_dags/example_dag_decorator.py for tasks to queue
[2022-05-23 17:16:56,444] {logging_mixin.py:115} INFO - [2022-05-23 17:16:56,444] {dagbag.py:507} INFO - Filling up the DagBag from /Users/mohammadrezakhorasanchian/.pyenv/versions/3.10.4/lib/python3.10/site-packages/airflow/example_dags/example_dag_decorator.py
[2022-05-23 17:16:56,579] {processor.py:651} INFO - DAG(s) dict_keys(['example_dag_decorator']) retrieved from /Users/mohammadrezakhorasanchian/.pyenv/versions/3.10.4/lib/python3.10/site-packages/airflow/example_dags/example_dag_decorator.py
[2022-05-23 17:16:56,874] {logging_mixin.py:115} INFO - [2022-05-23 17:16:56,873] {dag.py:2371} INFO - Sync 1 DAGs
[2022-05-23 17:16:56,883] {logging_mixin.py:115} INFO - [2022-05-23 17:16:56,883] {dag.py:2915} INFO - Setting next_dagrun for example_dag_decorator to None, run_after=None
[2022-05-23 17:16:56,890] {processor.py:161} INFO - Processing /Users/mohammadrezakhorasanchian/.pyenv/versions/3.10.4/lib/python3.10/site-packages/airflow/example_dags/example_dag_decorator.py took 0.447 seconds
[2022-05-23 17:17:58,341] {processor.py:153} INFO - Started process (PID=38901) to work on /Users/mohammadrezakhorasanchian/.pyenv/versions/3.10.4/lib/python3.10/site-packages/airflow/example_dags/example_dag_decorator.py
[2022-05-23 17:17:58,342] {processor.py:641} INFO - Processing file /Users/mohammadrezakhorasanchian/.pyenv/versions/3.10.4/lib/python3.10/site-packages/airflow/example_dags/example_dag_decorator.py for tasks to queue
[2022-05-23 17:17:58,342] {logging_mixin.py:115} INFO - [2022-05-23 17:17:58,342] {dagbag.py:507} INFO - Filling up the DagBag from /Users/mohammadrezakhorasanchian/.pyenv/versions/3.10.4/lib/python3.10/site-packages/airflow/example_dags/example_dag_decorator.py
[2022-05-23 17:17:58,479] {processor.py:651} INFO - DAG(s) dict_keys(['example_dag_decorator']) retrieved from /Users/mohammadrezakhorasanchian/.pyenv/versions/3.10.4/lib/python3.10/site-packages/airflow/example_dags/example_dag_decorator.py
[2022-05-23 17:17:58,754] {logging_mixin.py:115} INFO - [2022-05-23 17:17:58,754] {dag.py:2371} INFO - Sync 1 DAGs
[2022-05-23 17:17:58,764] {logging_mixin.py:115} INFO - [2022-05-23 17:17:58,764] {dag.py:2915} INFO - Setting next_dagrun for example_dag_decorator to None, run_after=None
[2022-05-23 17:17:58,773] {processor.py:161} INFO - Processing /Users/mohammadrezakhorasanchian/.pyenv/versions/3.10.4/lib/python3.10/site-packages/airflow/example_dags/example_dag_decorator.py took 0.432 seconds
[2022-05-23 17:19:01,460] {processor.py:153} INFO - Started process (PID=39002) to work on /Users/mohammadrezakhorasanchian/.pyenv/versions/3.10.4/lib/python3.10/site-packages/airflow/example_dags/example_dag_decorator.py
[2022-05-23 17:19:01,461] {processor.py:641} INFO - Processing file /Users/mohammadrezakhorasanchian/.pyenv/versions/3.10.4/lib/python3.10/site-packages/airflow/example_dags/example_dag_decorator.py for tasks to queue
[2022-05-23 17:19:01,461] {logging_mixin.py:115} INFO - [2022-05-23 17:19:01,461] {dagbag.py:507} INFO - Filling up the DagBag from /Users/mohammadrezakhorasanchian/.pyenv/versions/3.10.4/lib/python3.10/site-packages/airflow/example_dags/example_dag_decorator.py
[2022-05-23 17:19:01,598] {processor.py:651} INFO - DAG(s) dict_keys(['example_dag_decorator']) retrieved from /Users/mohammadrezakhorasanchian/.pyenv/versions/3.10.4/lib/python3.10/site-packages/airflow/example_dags/example_dag_decorator.py
[2022-05-23 17:19:01,871] {logging_mixin.py:115} INFO - [2022-05-23 17:19:01,871] {dag.py:2371} INFO - Sync 1 DAGs
[2022-05-23 17:19:01,880] {logging_mixin.py:115} INFO - [2022-05-23 17:19:01,880] {dag.py:2915} INFO - Setting next_dagrun for example_dag_decorator to None, run_after=None
[2022-05-23 17:19:01,888] {processor.py:161} INFO - Processing /Users/mohammadrezakhorasanchian/.pyenv/versions/3.10.4/lib/python3.10/site-packages/airflow/example_dags/example_dag_decorator.py took 0.428 seconds
[2022-05-23 17:20:05,016] {processor.py:153} INFO - Started process (PID=39112) to work on /Users/mohammadrezakhorasanchian/.pyenv/versions/3.10.4/lib/python3.10/site-packages/airflow/example_dags/example_dag_decorator.py
[2022-05-23 17:20:05,016] {processor.py:641} INFO - Processing file /Users/mohammadrezakhorasanchian/.pyenv/versions/3.10.4/lib/python3.10/site-packages/airflow/example_dags/example_dag_decorator.py for tasks to queue
[2022-05-23 17:20:05,017] {logging_mixin.py:115} INFO - [2022-05-23 17:20:05,017] {dagbag.py:507} INFO - Filling up the DagBag from /Users/mohammadrezakhorasanchian/.pyenv/versions/3.10.4/lib/python3.10/site-packages/airflow/example_dags/example_dag_decorator.py
[2022-05-23 17:20:05,164] {processor.py:651} INFO - DAG(s) dict_keys(['example_dag_decorator']) retrieved from /Users/mohammadrezakhorasanchian/.pyenv/versions/3.10.4/lib/python3.10/site-packages/airflow/example_dags/example_dag_decorator.py
[2022-05-23 17:20:05,468] {logging_mixin.py:115} INFO - [2022-05-23 17:20:05,468] {dag.py:2371} INFO - Sync 1 DAGs
[2022-05-23 17:20:05,477] {logging_mixin.py:115} INFO - [2022-05-23 17:20:05,477] {dag.py:2915} INFO - Setting next_dagrun for example_dag_decorator to None, run_after=None
[2022-05-23 17:20:05,485] {processor.py:161} INFO - Processing /Users/mohammadrezakhorasanchian/.pyenv/versions/3.10.4/lib/python3.10/site-packages/airflow/example_dags/example_dag_decorator.py took 0.470 seconds
[2022-05-23 17:21:06,582] {processor.py:153} INFO - Started process (PID=39200) to work on /Users/mohammadrezakhorasanchian/.pyenv/versions/3.10.4/lib/python3.10/site-packages/airflow/example_dags/example_dag_decorator.py
[2022-05-23 17:21:06,582] {processor.py:641} INFO - Processing file /Users/mohammadrezakhorasanchian/.pyenv/versions/3.10.4/lib/python3.10/site-packages/airflow/example_dags/example_dag_decorator.py for tasks to queue
[2022-05-23 17:21:06,583] {logging_mixin.py:115} INFO - [2022-05-23 17:21:06,583] {dagbag.py:507} INFO - Filling up the DagBag from /Users/mohammadrezakhorasanchian/.pyenv/versions/3.10.4/lib/python3.10/site-packages/airflow/example_dags/example_dag_decorator.py
[2022-05-23 17:21:06,767] {processor.py:651} INFO - DAG(s) dict_keys(['example_dag_decorator']) retrieved from /Users/mohammadrezakhorasanchian/.pyenv/versions/3.10.4/lib/python3.10/site-packages/airflow/example_dags/example_dag_decorator.py
[2022-05-23 17:21:07,078] {logging_mixin.py:115} INFO - [2022-05-23 17:21:07,078] {dag.py:2371} INFO - Sync 1 DAGs
[2022-05-23 17:21:07,087] {logging_mixin.py:115} INFO - [2022-05-23 17:21:07,087] {dag.py:2915} INFO - Setting next_dagrun for example_dag_decorator to None, run_after=None
[2022-05-23 17:21:07,095] {processor.py:161} INFO - Processing /Users/mohammadrezakhorasanchian/.pyenv/versions/3.10.4/lib/python3.10/site-packages/airflow/example_dags/example_dag_decorator.py took 0.514 seconds
[2022-05-23 17:22:06,139] {processor.py:153} INFO - Started process (PID=39275) to work on /Users/mohammadrezakhorasanchian/.pyenv/versions/3.10.4/lib/python3.10/site-packages/airflow/example_dags/example_dag_decorator.py
[2022-05-23 17:22:06,140] {processor.py:641} INFO - Processing file /Users/mohammadrezakhorasanchian/.pyenv/versions/3.10.4/lib/python3.10/site-packages/airflow/example_dags/example_dag_decorator.py for tasks to queue
[2022-05-23 17:22:06,140] {logging_mixin.py:115} INFO - [2022-05-23 17:22:06,140] {dagbag.py:507} INFO - Filling up the DagBag from /Users/mohammadrezakhorasanchian/.pyenv/versions/3.10.4/lib/python3.10/site-packages/airflow/example_dags/example_dag_decorator.py
[2022-05-23 17:22:06,356] {processor.py:651} INFO - DAG(s) dict_keys(['example_dag_decorator']) retrieved from /Users/mohammadrezakhorasanchian/.pyenv/versions/3.10.4/lib/python3.10/site-packages/airflow/example_dags/example_dag_decorator.py
[2022-05-23 17:22:06,768] {logging_mixin.py:115} INFO - [2022-05-23 17:22:06,768] {dag.py:2371} INFO - Sync 1 DAGs
[2022-05-23 17:22:06,783] {logging_mixin.py:115} INFO - [2022-05-23 17:22:06,783] {dag.py:2915} INFO - Setting next_dagrun for example_dag_decorator to None, run_after=None
[2022-05-23 17:22:06,795] {processor.py:161} INFO - Processing /Users/mohammadrezakhorasanchian/.pyenv/versions/3.10.4/lib/python3.10/site-packages/airflow/example_dags/example_dag_decorator.py took 0.656 seconds
[2022-05-23 17:23:18,811] {processor.py:153} INFO - Started process (PID=39317) to work on /Users/mohammadrezakhorasanchian/.pyenv/versions/3.10.4/lib/python3.10/site-packages/airflow/example_dags/example_dag_decorator.py
[2022-05-23 17:23:18,811] {processor.py:641} INFO - Processing file /Users/mohammadrezakhorasanchian/.pyenv/versions/3.10.4/lib/python3.10/site-packages/airflow/example_dags/example_dag_decorator.py for tasks to queue
[2022-05-23 17:23:18,811] {logging_mixin.py:115} INFO - [2022-05-23 17:23:18,811] {dagbag.py:507} INFO - Filling up the DagBag from /Users/mohammadrezakhorasanchian/.pyenv/versions/3.10.4/lib/python3.10/site-packages/airflow/example_dags/example_dag_decorator.py
[2022-05-23 17:23:18,951] {processor.py:651} INFO - DAG(s) dict_keys(['example_dag_decorator']) retrieved from /Users/mohammadrezakhorasanchian/.pyenv/versions/3.10.4/lib/python3.10/site-packages/airflow/example_dags/example_dag_decorator.py
[2022-05-23 17:23:19,228] {logging_mixin.py:115} INFO - [2022-05-23 17:23:19,227] {dag.py:2371} INFO - Sync 1 DAGs
[2022-05-23 17:23:19,236] {logging_mixin.py:115} INFO - [2022-05-23 17:23:19,236] {dag.py:2915} INFO - Setting next_dagrun for example_dag_decorator to None, run_after=None
[2022-05-23 17:23:19,247] {processor.py:161} INFO - Processing /Users/mohammadrezakhorasanchian/.pyenv/versions/3.10.4/lib/python3.10/site-packages/airflow/example_dags/example_dag_decorator.py took 0.437 seconds
[2022-05-23 17:24:26,384] {processor.py:153} INFO - Started process (PID=39426) to work on /Users/mohammadrezakhorasanchian/.pyenv/versions/3.10.4/lib/python3.10/site-packages/airflow/example_dags/example_dag_decorator.py
[2022-05-23 17:24:26,385] {processor.py:641} INFO - Processing file /Users/mohammadrezakhorasanchian/.pyenv/versions/3.10.4/lib/python3.10/site-packages/airflow/example_dags/example_dag_decorator.py for tasks to queue
[2022-05-23 17:24:26,385] {logging_mixin.py:115} INFO - [2022-05-23 17:24:26,385] {dagbag.py:507} INFO - Filling up the DagBag from /Users/mohammadrezakhorasanchian/.pyenv/versions/3.10.4/lib/python3.10/site-packages/airflow/example_dags/example_dag_decorator.py
[2022-05-23 17:24:26,574] {processor.py:651} INFO - DAG(s) dict_keys(['example_dag_decorator']) retrieved from /Users/mohammadrezakhorasanchian/.pyenv/versions/3.10.4/lib/python3.10/site-packages/airflow/example_dags/example_dag_decorator.py
[2022-05-23 17:24:26,937] {logging_mixin.py:115} INFO - [2022-05-23 17:24:26,937] {dag.py:2371} INFO - Sync 1 DAGs
[2022-05-23 17:24:26,948] {logging_mixin.py:115} INFO - [2022-05-23 17:24:26,948] {dag.py:2915} INFO - Setting next_dagrun for example_dag_decorator to None, run_after=None
[2022-05-23 17:24:26,958] {processor.py:161} INFO - Processing /Users/mohammadrezakhorasanchian/.pyenv/versions/3.10.4/lib/python3.10/site-packages/airflow/example_dags/example_dag_decorator.py took 0.574 seconds
[2022-05-23 17:34:18,386] {processor.py:153} INFO - Started process (PID=39758) to work on /Users/mohammadrezakhorasanchian/.pyenv/versions/3.10.4/lib/python3.10/site-packages/airflow/example_dags/example_dag_decorator.py
[2022-05-23 17:34:18,387] {processor.py:641} INFO - Processing file /Users/mohammadrezakhorasanchian/.pyenv/versions/3.10.4/lib/python3.10/site-packages/airflow/example_dags/example_dag_decorator.py for tasks to queue
[2022-05-23 17:34:18,387] {logging_mixin.py:115} INFO - [2022-05-23 17:34:18,387] {dagbag.py:507} INFO - Filling up the DagBag from /Users/mohammadrezakhorasanchian/.pyenv/versions/3.10.4/lib/python3.10/site-packages/airflow/example_dags/example_dag_decorator.py
[2022-05-23 17:34:18,525] {processor.py:651} INFO - DAG(s) dict_keys(['example_dag_decorator']) retrieved from /Users/mohammadrezakhorasanchian/.pyenv/versions/3.10.4/lib/python3.10/site-packages/airflow/example_dags/example_dag_decorator.py
[2022-05-23 17:34:18,800] {logging_mixin.py:115} INFO - [2022-05-23 17:34:18,799] {dag.py:2371} INFO - Sync 1 DAGs
[2022-05-23 17:34:18,808] {logging_mixin.py:115} INFO - [2022-05-23 17:34:18,808] {dag.py:2915} INFO - Setting next_dagrun for example_dag_decorator to None, run_after=None
[2022-05-23 17:34:18,817] {processor.py:161} INFO - Processing /Users/mohammadrezakhorasanchian/.pyenv/versions/3.10.4/lib/python3.10/site-packages/airflow/example_dags/example_dag_decorator.py took 0.432 seconds
[2022-05-23 17:35:19,633] {processor.py:153} INFO - Started process (PID=39796) to work on /Users/mohammadrezakhorasanchian/.pyenv/versions/3.10.4/lib/python3.10/site-packages/airflow/example_dags/example_dag_decorator.py
[2022-05-23 17:35:19,633] {processor.py:641} INFO - Processing file /Users/mohammadrezakhorasanchian/.pyenv/versions/3.10.4/lib/python3.10/site-packages/airflow/example_dags/example_dag_decorator.py for tasks to queue
[2022-05-23 17:35:19,633] {logging_mixin.py:115} INFO - [2022-05-23 17:35:19,633] {dagbag.py:507} INFO - Filling up the DagBag from /Users/mohammadrezakhorasanchian/.pyenv/versions/3.10.4/lib/python3.10/site-packages/airflow/example_dags/example_dag_decorator.py
[2022-05-23 17:35:19,798] {processor.py:651} INFO - DAG(s) dict_keys(['example_dag_decorator']) retrieved from /Users/mohammadrezakhorasanchian/.pyenv/versions/3.10.4/lib/python3.10/site-packages/airflow/example_dags/example_dag_decorator.py
[2022-05-23 17:35:20,098] {logging_mixin.py:115} INFO - [2022-05-23 17:35:20,097] {dag.py:2371} INFO - Sync 1 DAGs
[2022-05-23 17:35:20,107] {logging_mixin.py:115} INFO - [2022-05-23 17:35:20,107] {dag.py:2915} INFO - Setting next_dagrun for example_dag_decorator to None, run_after=None
[2022-05-23 17:35:20,116] {processor.py:161} INFO - Processing /Users/mohammadrezakhorasanchian/.pyenv/versions/3.10.4/lib/python3.10/site-packages/airflow/example_dags/example_dag_decorator.py took 0.484 seconds
[2022-05-23 17:36:22,194] {processor.py:153} INFO - Started process (PID=39844) to work on /Users/mohammadrezakhorasanchian/.pyenv/versions/3.10.4/lib/python3.10/site-packages/airflow/example_dags/example_dag_decorator.py
[2022-05-23 17:36:22,194] {processor.py:641} INFO - Processing file /Users/mohammadrezakhorasanchian/.pyenv/versions/3.10.4/lib/python3.10/site-packages/airflow/example_dags/example_dag_decorator.py for tasks to queue
[2022-05-23 17:36:22,194] {logging_mixin.py:115} INFO - [2022-05-23 17:36:22,194] {dagbag.py:507} INFO - Filling up the DagBag from /Users/mohammadrezakhorasanchian/.pyenv/versions/3.10.4/lib/python3.10/site-packages/airflow/example_dags/example_dag_decorator.py
[2022-05-23 17:36:22,329] {processor.py:651} INFO - DAG(s) dict_keys(['example_dag_decorator']) retrieved from /Users/mohammadrezakhorasanchian/.pyenv/versions/3.10.4/lib/python3.10/site-packages/airflow/example_dags/example_dag_decorator.py
[2022-05-23 17:36:22,615] {logging_mixin.py:115} INFO - [2022-05-23 17:36:22,615] {dag.py:2371} INFO - Sync 1 DAGs
[2022-05-23 17:36:22,625] {logging_mixin.py:115} INFO - [2022-05-23 17:36:22,625] {dag.py:2915} INFO - Setting next_dagrun for example_dag_decorator to None, run_after=None
[2022-05-23 17:36:22,633] {processor.py:161} INFO - Processing /Users/mohammadrezakhorasanchian/.pyenv/versions/3.10.4/lib/python3.10/site-packages/airflow/example_dags/example_dag_decorator.py took 0.439 seconds
[2022-05-23 17:37:20,486] {processor.py:153} INFO - Started process (PID=39883) to work on /Users/mohammadrezakhorasanchian/.pyenv/versions/3.10.4/lib/python3.10/site-packages/airflow/example_dags/example_dag_decorator.py
[2022-05-23 17:37:20,486] {processor.py:641} INFO - Processing file /Users/mohammadrezakhorasanchian/.pyenv/versions/3.10.4/lib/python3.10/site-packages/airflow/example_dags/example_dag_decorator.py for tasks to queue
[2022-05-23 17:37:20,486] {logging_mixin.py:115} INFO - [2022-05-23 17:37:20,486] {dagbag.py:507} INFO - Filling up the DagBag from /Users/mohammadrezakhorasanchian/.pyenv/versions/3.10.4/lib/python3.10/site-packages/airflow/example_dags/example_dag_decorator.py
[2022-05-23 17:37:20,620] {processor.py:651} INFO - DAG(s) dict_keys(['example_dag_decorator']) retrieved from /Users/mohammadrezakhorasanchian/.pyenv/versions/3.10.4/lib/python3.10/site-packages/airflow/example_dags/example_dag_decorator.py
[2022-05-23 17:37:20,901] {logging_mixin.py:115} INFO - [2022-05-23 17:37:20,901] {dag.py:2371} INFO - Sync 1 DAGs
[2022-05-23 17:37:20,910] {logging_mixin.py:115} INFO - [2022-05-23 17:37:20,910] {dag.py:2915} INFO - Setting next_dagrun for example_dag_decorator to None, run_after=None
[2022-05-23 17:37:20,921] {processor.py:161} INFO - Processing /Users/mohammadrezakhorasanchian/.pyenv/versions/3.10.4/lib/python3.10/site-packages/airflow/example_dags/example_dag_decorator.py took 0.435 seconds
[2022-05-23 17:38:18,234] {processor.py:153} INFO - Started process (PID=39925) to work on /Users/mohammadrezakhorasanchian/.pyenv/versions/3.10.4/lib/python3.10/site-packages/airflow/example_dags/example_dag_decorator.py
[2022-05-23 17:38:18,234] {processor.py:641} INFO - Processing file /Users/mohammadrezakhorasanchian/.pyenv/versions/3.10.4/lib/python3.10/site-packages/airflow/example_dags/example_dag_decorator.py for tasks to queue
[2022-05-23 17:38:18,234] {logging_mixin.py:115} INFO - [2022-05-23 17:38:18,234] {dagbag.py:507} INFO - Filling up the DagBag from /Users/mohammadrezakhorasanchian/.pyenv/versions/3.10.4/lib/python3.10/site-packages/airflow/example_dags/example_dag_decorator.py
[2022-05-23 17:38:18,370] {processor.py:651} INFO - DAG(s) dict_keys(['example_dag_decorator']) retrieved from /Users/mohammadrezakhorasanchian/.pyenv/versions/3.10.4/lib/python3.10/site-packages/airflow/example_dags/example_dag_decorator.py
[2022-05-23 17:38:18,643] {logging_mixin.py:115} INFO - [2022-05-23 17:38:18,642] {dag.py:2371} INFO - Sync 1 DAGs
[2022-05-23 17:38:18,651] {logging_mixin.py:115} INFO - [2022-05-23 17:38:18,651] {dag.py:2915} INFO - Setting next_dagrun for example_dag_decorator to None, run_after=None
[2022-05-23 17:38:18,659] {processor.py:161} INFO - Processing /Users/mohammadrezakhorasanchian/.pyenv/versions/3.10.4/lib/python3.10/site-packages/airflow/example_dags/example_dag_decorator.py took 0.426 seconds
[2022-05-23 17:39:15,859] {processor.py:153} INFO - Started process (PID=39960) to work on /Users/mohammadrezakhorasanchian/.pyenv/versions/3.10.4/lib/python3.10/site-packages/airflow/example_dags/example_dag_decorator.py
[2022-05-23 17:39:15,859] {processor.py:641} INFO - Processing file /Users/mohammadrezakhorasanchian/.pyenv/versions/3.10.4/lib/python3.10/site-packages/airflow/example_dags/example_dag_decorator.py for tasks to queue
[2022-05-23 17:39:15,859] {logging_mixin.py:115} INFO - [2022-05-23 17:39:15,859] {dagbag.py:507} INFO - Filling up the DagBag from /Users/mohammadrezakhorasanchian/.pyenv/versions/3.10.4/lib/python3.10/site-packages/airflow/example_dags/example_dag_decorator.py
[2022-05-23 17:39:15,995] {processor.py:651} INFO - DAG(s) dict_keys(['example_dag_decorator']) retrieved from /Users/mohammadrezakhorasanchian/.pyenv/versions/3.10.4/lib/python3.10/site-packages/airflow/example_dags/example_dag_decorator.py
[2022-05-23 17:39:16,288] {logging_mixin.py:115} INFO - [2022-05-23 17:39:16,288] {dag.py:2371} INFO - Sync 1 DAGs
[2022-05-23 17:39:16,298] {logging_mixin.py:115} INFO - [2022-05-23 17:39:16,298] {dag.py:2915} INFO - Setting next_dagrun for example_dag_decorator to None, run_after=None
[2022-05-23 17:39:16,305] {processor.py:161} INFO - Processing /Users/mohammadrezakhorasanchian/.pyenv/versions/3.10.4/lib/python3.10/site-packages/airflow/example_dags/example_dag_decorator.py took 0.447 seconds
[2022-05-23 17:40:14,465] {processor.py:153} INFO - Started process (PID=39997) to work on /Users/mohammadrezakhorasanchian/.pyenv/versions/3.10.4/lib/python3.10/site-packages/airflow/example_dags/example_dag_decorator.py
[2022-05-23 17:40:14,465] {processor.py:641} INFO - Processing file /Users/mohammadrezakhorasanchian/.pyenv/versions/3.10.4/lib/python3.10/site-packages/airflow/example_dags/example_dag_decorator.py for tasks to queue
[2022-05-23 17:40:14,465] {logging_mixin.py:115} INFO - [2022-05-23 17:40:14,465] {dagbag.py:507} INFO - Filling up the DagBag from /Users/mohammadrezakhorasanchian/.pyenv/versions/3.10.4/lib/python3.10/site-packages/airflow/example_dags/example_dag_decorator.py
[2022-05-23 17:40:14,601] {processor.py:651} INFO - DAG(s) dict_keys(['example_dag_decorator']) retrieved from /Users/mohammadrezakhorasanchian/.pyenv/versions/3.10.4/lib/python3.10/site-packages/airflow/example_dags/example_dag_decorator.py
[2022-05-23 17:40:14,876] {logging_mixin.py:115} INFO - [2022-05-23 17:40:14,876] {dag.py:2371} INFO - Sync 1 DAGs
[2022-05-23 17:40:14,885] {logging_mixin.py:115} INFO - [2022-05-23 17:40:14,885] {dag.py:2915} INFO - Setting next_dagrun for example_dag_decorator to None, run_after=None
[2022-05-23 17:40:14,894] {processor.py:161} INFO - Processing /Users/mohammadrezakhorasanchian/.pyenv/versions/3.10.4/lib/python3.10/site-packages/airflow/example_dags/example_dag_decorator.py took 0.429 seconds
[2022-05-23 17:41:12,901] {processor.py:153} INFO - Started process (PID=40033) to work on /Users/mohammadrezakhorasanchian/.pyenv/versions/3.10.4/lib/python3.10/site-packages/airflow/example_dags/example_dag_decorator.py
[2022-05-23 17:41:12,901] {processor.py:641} INFO - Processing file /Users/mohammadrezakhorasanchian/.pyenv/versions/3.10.4/lib/python3.10/site-packages/airflow/example_dags/example_dag_decorator.py for tasks to queue
[2022-05-23 17:41:12,901] {logging_mixin.py:115} INFO - [2022-05-23 17:41:12,901] {dagbag.py:507} INFO - Filling up the DagBag from /Users/mohammadrezakhorasanchian/.pyenv/versions/3.10.4/lib/python3.10/site-packages/airflow/example_dags/example_dag_decorator.py
[2022-05-23 17:41:13,036] {processor.py:651} INFO - DAG(s) dict_keys(['example_dag_decorator']) retrieved from /Users/mohammadrezakhorasanchian/.pyenv/versions/3.10.4/lib/python3.10/site-packages/airflow/example_dags/example_dag_decorator.py
[2022-05-23 17:41:13,311] {logging_mixin.py:115} INFO - [2022-05-23 17:41:13,311] {dag.py:2371} INFO - Sync 1 DAGs
[2022-05-23 17:41:13,321] {logging_mixin.py:115} INFO - [2022-05-23 17:41:13,320] {dag.py:2915} INFO - Setting next_dagrun for example_dag_decorator to None, run_after=None
[2022-05-23 17:41:13,328] {processor.py:161} INFO - Processing /Users/mohammadrezakhorasanchian/.pyenv/versions/3.10.4/lib/python3.10/site-packages/airflow/example_dags/example_dag_decorator.py took 0.428 seconds
[2022-05-23 17:42:10,719] {processor.py:153} INFO - Started process (PID=40069) to work on /Users/mohammadrezakhorasanchian/.pyenv/versions/3.10.4/lib/python3.10/site-packages/airflow/example_dags/example_dag_decorator.py
[2022-05-23 17:42:10,719] {processor.py:641} INFO - Processing file /Users/mohammadrezakhorasanchian/.pyenv/versions/3.10.4/lib/python3.10/site-packages/airflow/example_dags/example_dag_decorator.py for tasks to queue
[2022-05-23 17:42:10,719] {logging_mixin.py:115} INFO - [2022-05-23 17:42:10,719] {dagbag.py:507} INFO - Filling up the DagBag from /Users/mohammadrezakhorasanchian/.pyenv/versions/3.10.4/lib/python3.10/site-packages/airflow/example_dags/example_dag_decorator.py
[2022-05-23 17:42:10,870] {processor.py:651} INFO - DAG(s) dict_keys(['example_dag_decorator']) retrieved from /Users/mohammadrezakhorasanchian/.pyenv/versions/3.10.4/lib/python3.10/site-packages/airflow/example_dags/example_dag_decorator.py
[2022-05-23 17:42:11,205] {logging_mixin.py:115} INFO - [2022-05-23 17:42:11,205] {dag.py:2371} INFO - Sync 1 DAGs
[2022-05-23 17:42:11,214] {logging_mixin.py:115} INFO - [2022-05-23 17:42:11,214] {dag.py:2915} INFO - Setting next_dagrun for example_dag_decorator to None, run_after=None
[2022-05-23 17:42:11,221] {processor.py:161} INFO - Processing /Users/mohammadrezakhorasanchian/.pyenv/versions/3.10.4/lib/python3.10/site-packages/airflow/example_dags/example_dag_decorator.py took 0.503 seconds
[2022-05-23 17:43:09,786] {processor.py:153} INFO - Started process (PID=40108) to work on /Users/mohammadrezakhorasanchian/.pyenv/versions/3.10.4/lib/python3.10/site-packages/airflow/example_dags/example_dag_decorator.py
[2022-05-23 17:43:09,786] {processor.py:641} INFO - Processing file /Users/mohammadrezakhorasanchian/.pyenv/versions/3.10.4/lib/python3.10/site-packages/airflow/example_dags/example_dag_decorator.py for tasks to queue
[2022-05-23 17:43:09,787] {logging_mixin.py:115} INFO - [2022-05-23 17:43:09,787] {dagbag.py:507} INFO - Filling up the DagBag from /Users/mohammadrezakhorasanchian/.pyenv/versions/3.10.4/lib/python3.10/site-packages/airflow/example_dags/example_dag_decorator.py
[2022-05-23 17:43:09,921] {processor.py:651} INFO - DAG(s) dict_keys(['example_dag_decorator']) retrieved from /Users/mohammadrezakhorasanchian/.pyenv/versions/3.10.4/lib/python3.10/site-packages/airflow/example_dags/example_dag_decorator.py
[2022-05-23 17:43:10,198] {logging_mixin.py:115} INFO - [2022-05-23 17:43:10,198] {dag.py:2371} INFO - Sync 1 DAGs
[2022-05-23 17:43:10,207] {logging_mixin.py:115} INFO - [2022-05-23 17:43:10,207] {dag.py:2915} INFO - Setting next_dagrun for example_dag_decorator to None, run_after=None
[2022-05-23 17:43:10,216] {processor.py:161} INFO - Processing /Users/mohammadrezakhorasanchian/.pyenv/versions/3.10.4/lib/python3.10/site-packages/airflow/example_dags/example_dag_decorator.py took 0.430 seconds
[2022-05-23 17:44:08,558] {processor.py:153} INFO - Started process (PID=40147) to work on /Users/mohammadrezakhorasanchian/.pyenv/versions/3.10.4/lib/python3.10/site-packages/airflow/example_dags/example_dag_decorator.py
[2022-05-23 17:44:08,559] {processor.py:641} INFO - Processing file /Users/mohammadrezakhorasanchian/.pyenv/versions/3.10.4/lib/python3.10/site-packages/airflow/example_dags/example_dag_decorator.py for tasks to queue
[2022-05-23 17:44:08,559] {logging_mixin.py:115} INFO - [2022-05-23 17:44:08,559] {dagbag.py:507} INFO - Filling up the DagBag from /Users/mohammadrezakhorasanchian/.pyenv/versions/3.10.4/lib/python3.10/site-packages/airflow/example_dags/example_dag_decorator.py
[2022-05-23 17:44:08,700] {processor.py:651} INFO - DAG(s) dict_keys(['example_dag_decorator']) retrieved from /Users/mohammadrezakhorasanchian/.pyenv/versions/3.10.4/lib/python3.10/site-packages/airflow/example_dags/example_dag_decorator.py
[2022-05-23 17:44:08,995] {logging_mixin.py:115} INFO - [2022-05-23 17:44:08,995] {dag.py:2371} INFO - Sync 1 DAGs
[2022-05-23 17:44:09,006] {logging_mixin.py:115} INFO - [2022-05-23 17:44:09,006] {dag.py:2915} INFO - Setting next_dagrun for example_dag_decorator to None, run_after=None
[2022-05-23 17:44:09,015] {processor.py:161} INFO - Processing /Users/mohammadrezakhorasanchian/.pyenv/versions/3.10.4/lib/python3.10/site-packages/airflow/example_dags/example_dag_decorator.py took 0.456 seconds
[2022-05-23 17:45:07,953] {processor.py:153} INFO - Started process (PID=40185) to work on /Users/mohammadrezakhorasanchian/.pyenv/versions/3.10.4/lib/python3.10/site-packages/airflow/example_dags/example_dag_decorator.py
[2022-05-23 17:45:07,953] {processor.py:641} INFO - Processing file /Users/mohammadrezakhorasanchian/.pyenv/versions/3.10.4/lib/python3.10/site-packages/airflow/example_dags/example_dag_decorator.py for tasks to queue
[2022-05-23 17:45:07,953] {logging_mixin.py:115} INFO - [2022-05-23 17:45:07,953] {dagbag.py:507} INFO - Filling up the DagBag from /Users/mohammadrezakhorasanchian/.pyenv/versions/3.10.4/lib/python3.10/site-packages/airflow/example_dags/example_dag_decorator.py
[2022-05-23 17:45:08,094] {processor.py:651} INFO - DAG(s) dict_keys(['example_dag_decorator']) retrieved from /Users/mohammadrezakhorasanchian/.pyenv/versions/3.10.4/lib/python3.10/site-packages/airflow/example_dags/example_dag_decorator.py
[2022-05-23 17:45:08,375] {logging_mixin.py:115} INFO - [2022-05-23 17:45:08,375] {dag.py:2371} INFO - Sync 1 DAGs
[2022-05-23 17:45:08,385] {logging_mixin.py:115} INFO - [2022-05-23 17:45:08,385] {dag.py:2915} INFO - Setting next_dagrun for example_dag_decorator to None, run_after=None
[2022-05-23 17:45:08,392] {processor.py:161} INFO - Processing /Users/mohammadrezakhorasanchian/.pyenv/versions/3.10.4/lib/python3.10/site-packages/airflow/example_dags/example_dag_decorator.py took 0.440 seconds
[2022-05-23 17:46:06,876] {processor.py:153} INFO - Started process (PID=40225) to work on /Users/mohammadrezakhorasanchian/.pyenv/versions/3.10.4/lib/python3.10/site-packages/airflow/example_dags/example_dag_decorator.py
[2022-05-23 17:46:06,877] {processor.py:641} INFO - Processing file /Users/mohammadrezakhorasanchian/.pyenv/versions/3.10.4/lib/python3.10/site-packages/airflow/example_dags/example_dag_decorator.py for tasks to queue
[2022-05-23 17:46:06,877] {logging_mixin.py:115} INFO - [2022-05-23 17:46:06,877] {dagbag.py:507} INFO - Filling up the DagBag from /Users/mohammadrezakhorasanchian/.pyenv/versions/3.10.4/lib/python3.10/site-packages/airflow/example_dags/example_dag_decorator.py
[2022-05-23 17:46:07,036] {processor.py:651} INFO - DAG(s) dict_keys(['example_dag_decorator']) retrieved from /Users/mohammadrezakhorasanchian/.pyenv/versions/3.10.4/lib/python3.10/site-packages/airflow/example_dags/example_dag_decorator.py
[2022-05-23 17:46:07,352] {logging_mixin.py:115} INFO - [2022-05-23 17:46:07,352] {dag.py:2371} INFO - Sync 1 DAGs
[2022-05-23 17:46:07,363] {logging_mixin.py:115} INFO - [2022-05-23 17:46:07,363] {dag.py:2915} INFO - Setting next_dagrun for example_dag_decorator to None, run_after=None
[2022-05-23 17:46:07,374] {processor.py:161} INFO - Processing /Users/mohammadrezakhorasanchian/.pyenv/versions/3.10.4/lib/python3.10/site-packages/airflow/example_dags/example_dag_decorator.py took 0.498 seconds
[2022-05-23 17:47:04,988] {processor.py:153} INFO - Started process (PID=40268) to work on /Users/mohammadrezakhorasanchian/.pyenv/versions/3.10.4/lib/python3.10/site-packages/airflow/example_dags/example_dag_decorator.py
[2022-05-23 17:47:04,988] {processor.py:641} INFO - Processing file /Users/mohammadrezakhorasanchian/.pyenv/versions/3.10.4/lib/python3.10/site-packages/airflow/example_dags/example_dag_decorator.py for tasks to queue
[2022-05-23 17:47:04,988] {logging_mixin.py:115} INFO - [2022-05-23 17:47:04,988] {dagbag.py:507} INFO - Filling up the DagBag from /Users/mohammadrezakhorasanchian/.pyenv/versions/3.10.4/lib/python3.10/site-packages/airflow/example_dags/example_dag_decorator.py
[2022-05-23 17:47:05,125] {processor.py:651} INFO - DAG(s) dict_keys(['example_dag_decorator']) retrieved from /Users/mohammadrezakhorasanchian/.pyenv/versions/3.10.4/lib/python3.10/site-packages/airflow/example_dags/example_dag_decorator.py
[2022-05-23 17:47:05,405] {logging_mixin.py:115} INFO - [2022-05-23 17:47:05,405] {dag.py:2371} INFO - Sync 1 DAGs
[2022-05-23 17:47:05,414] {logging_mixin.py:115} INFO - [2022-05-23 17:47:05,414] {dag.py:2915} INFO - Setting next_dagrun for example_dag_decorator to None, run_after=None
[2022-05-23 17:47:05,423] {processor.py:161} INFO - Processing /Users/mohammadrezakhorasanchian/.pyenv/versions/3.10.4/lib/python3.10/site-packages/airflow/example_dags/example_dag_decorator.py took 0.435 seconds
[2022-05-23 17:48:03,610] {processor.py:153} INFO - Started process (PID=40308) to work on /Users/mohammadrezakhorasanchian/.pyenv/versions/3.10.4/lib/python3.10/site-packages/airflow/example_dags/example_dag_decorator.py
[2022-05-23 17:48:03,610] {processor.py:641} INFO - Processing file /Users/mohammadrezakhorasanchian/.pyenv/versions/3.10.4/lib/python3.10/site-packages/airflow/example_dags/example_dag_decorator.py for tasks to queue
[2022-05-23 17:48:03,610] {logging_mixin.py:115} INFO - [2022-05-23 17:48:03,610] {dagbag.py:507} INFO - Filling up the DagBag from /Users/mohammadrezakhorasanchian/.pyenv/versions/3.10.4/lib/python3.10/site-packages/airflow/example_dags/example_dag_decorator.py
[2022-05-23 17:48:03,748] {processor.py:651} INFO - DAG(s) dict_keys(['example_dag_decorator']) retrieved from /Users/mohammadrezakhorasanchian/.pyenv/versions/3.10.4/lib/python3.10/site-packages/airflow/example_dags/example_dag_decorator.py
[2022-05-23 17:48:04,029] {logging_mixin.py:115} INFO - [2022-05-23 17:48:04,029] {dag.py:2371} INFO - Sync 1 DAGs
[2022-05-23 17:48:04,038] {logging_mixin.py:115} INFO - [2022-05-23 17:48:04,038] {dag.py:2915} INFO - Setting next_dagrun for example_dag_decorator to None, run_after=None
[2022-05-23 17:48:04,046] {processor.py:161} INFO - Processing /Users/mohammadrezakhorasanchian/.pyenv/versions/3.10.4/lib/python3.10/site-packages/airflow/example_dags/example_dag_decorator.py took 0.436 seconds
[2022-05-23 17:49:01,231] {processor.py:153} INFO - Started process (PID=40348) to work on /Users/mohammadrezakhorasanchian/.pyenv/versions/3.10.4/lib/python3.10/site-packages/airflow/example_dags/example_dag_decorator.py
[2022-05-23 17:49:01,232] {processor.py:641} INFO - Processing file /Users/mohammadrezakhorasanchian/.pyenv/versions/3.10.4/lib/python3.10/site-packages/airflow/example_dags/example_dag_decorator.py for tasks to queue
[2022-05-23 17:49:01,232] {logging_mixin.py:115} INFO - [2022-05-23 17:49:01,232] {dagbag.py:507} INFO - Filling up the DagBag from /Users/mohammadrezakhorasanchian/.pyenv/versions/3.10.4/lib/python3.10/site-packages/airflow/example_dags/example_dag_decorator.py
[2022-05-23 17:49:01,407] {processor.py:651} INFO - DAG(s) dict_keys(['example_dag_decorator']) retrieved from /Users/mohammadrezakhorasanchian/.pyenv/versions/3.10.4/lib/python3.10/site-packages/airflow/example_dags/example_dag_decorator.py
[2022-05-23 17:49:01,752] {logging_mixin.py:115} INFO - [2022-05-23 17:49:01,752] {dag.py:2371} INFO - Sync 1 DAGs
[2022-05-23 17:49:01,764] {logging_mixin.py:115} INFO - [2022-05-23 17:49:01,764] {dag.py:2915} INFO - Setting next_dagrun for example_dag_decorator to None, run_after=None
[2022-05-23 17:49:01,775] {processor.py:161} INFO - Processing /Users/mohammadrezakhorasanchian/.pyenv/versions/3.10.4/lib/python3.10/site-packages/airflow/example_dags/example_dag_decorator.py took 0.544 seconds
[2022-05-23 17:52:01,655] {processor.py:153} INFO - Started process (PID=40505) to work on /Users/mohammadrezakhorasanchian/.pyenv/versions/3.10.4/lib/python3.10/site-packages/airflow/example_dags/example_dag_decorator.py
[2022-05-23 17:52:01,655] {processor.py:641} INFO - Processing file /Users/mohammadrezakhorasanchian/.pyenv/versions/3.10.4/lib/python3.10/site-packages/airflow/example_dags/example_dag_decorator.py for tasks to queue
[2022-05-23 17:52:01,655] {logging_mixin.py:115} INFO - [2022-05-23 17:52:01,655] {dagbag.py:507} INFO - Filling up the DagBag from /Users/mohammadrezakhorasanchian/.pyenv/versions/3.10.4/lib/python3.10/site-packages/airflow/example_dags/example_dag_decorator.py
[2022-05-23 17:52:01,791] {processor.py:651} INFO - DAG(s) dict_keys(['example_dag_decorator']) retrieved from /Users/mohammadrezakhorasanchian/.pyenv/versions/3.10.4/lib/python3.10/site-packages/airflow/example_dags/example_dag_decorator.py
[2022-05-23 17:52:02,069] {logging_mixin.py:115} INFO - [2022-05-23 17:52:02,068] {dag.py:2371} INFO - Sync 1 DAGs
[2022-05-23 17:52:02,078] {logging_mixin.py:115} INFO - [2022-05-23 17:52:02,077] {dag.py:2915} INFO - Setting next_dagrun for example_dag_decorator to None, run_after=None
[2022-05-23 17:52:02,086] {processor.py:161} INFO - Processing /Users/mohammadrezakhorasanchian/.pyenv/versions/3.10.4/lib/python3.10/site-packages/airflow/example_dags/example_dag_decorator.py took 0.432 seconds
[2022-05-23 17:59:00,667] {processor.py:153} INFO - Started process (PID=40594) to work on /Users/mohammadrezakhorasanchian/.pyenv/versions/3.10.4/lib/python3.10/site-packages/airflow/example_dags/example_dag_decorator.py
[2022-05-23 17:59:00,667] {processor.py:641} INFO - Processing file /Users/mohammadrezakhorasanchian/.pyenv/versions/3.10.4/lib/python3.10/site-packages/airflow/example_dags/example_dag_decorator.py for tasks to queue
[2022-05-23 17:59:00,667] {logging_mixin.py:115} INFO - [2022-05-23 17:59:00,667] {dagbag.py:507} INFO - Filling up the DagBag from /Users/mohammadrezakhorasanchian/.pyenv/versions/3.10.4/lib/python3.10/site-packages/airflow/example_dags/example_dag_decorator.py
[2022-05-23 17:59:00,802] {processor.py:651} INFO - DAG(s) dict_keys(['example_dag_decorator']) retrieved from /Users/mohammadrezakhorasanchian/.pyenv/versions/3.10.4/lib/python3.10/site-packages/airflow/example_dags/example_dag_decorator.py
[2022-05-23 17:59:01,078] {logging_mixin.py:115} INFO - [2022-05-23 17:59:01,077] {dag.py:2371} INFO - Sync 1 DAGs
[2022-05-23 17:59:01,086] {logging_mixin.py:115} INFO - [2022-05-23 17:59:01,086] {dag.py:2915} INFO - Setting next_dagrun for example_dag_decorator to None, run_after=None
[2022-05-23 17:59:01,094] {processor.py:161} INFO - Processing /Users/mohammadrezakhorasanchian/.pyenv/versions/3.10.4/lib/python3.10/site-packages/airflow/example_dags/example_dag_decorator.py took 0.427 seconds
[2022-05-23 17:59:59,012] {processor.py:153} INFO - Started process (PID=40630) to work on /Users/mohammadrezakhorasanchian/.pyenv/versions/3.10.4/lib/python3.10/site-packages/airflow/example_dags/example_dag_decorator.py
[2022-05-23 17:59:59,013] {processor.py:641} INFO - Processing file /Users/mohammadrezakhorasanchian/.pyenv/versions/3.10.4/lib/python3.10/site-packages/airflow/example_dags/example_dag_decorator.py for tasks to queue
[2022-05-23 17:59:59,013] {logging_mixin.py:115} INFO - [2022-05-23 17:59:59,013] {dagbag.py:507} INFO - Filling up the DagBag from /Users/mohammadrezakhorasanchian/.pyenv/versions/3.10.4/lib/python3.10/site-packages/airflow/example_dags/example_dag_decorator.py
[2022-05-23 17:59:59,150] {processor.py:651} INFO - DAG(s) dict_keys(['example_dag_decorator']) retrieved from /Users/mohammadrezakhorasanchian/.pyenv/versions/3.10.4/lib/python3.10/site-packages/airflow/example_dags/example_dag_decorator.py
[2022-05-23 17:59:59,432] {logging_mixin.py:115} INFO - [2022-05-23 17:59:59,432] {dag.py:2371} INFO - Sync 1 DAGs
[2022-05-23 17:59:59,441] {logging_mixin.py:115} INFO - [2022-05-23 17:59:59,441] {dag.py:2915} INFO - Setting next_dagrun for example_dag_decorator to None, run_after=None
[2022-05-23 17:59:59,449] {processor.py:161} INFO - Processing /Users/mohammadrezakhorasanchian/.pyenv/versions/3.10.4/lib/python3.10/site-packages/airflow/example_dags/example_dag_decorator.py took 0.437 seconds
[2022-05-23 18:00:59,608] {processor.py:153} INFO - Started process (PID=40668) to work on /Users/mohammadrezakhorasanchian/.pyenv/versions/3.10.4/lib/python3.10/site-packages/airflow/example_dags/example_dag_decorator.py
[2022-05-23 18:00:59,608] {processor.py:641} INFO - Processing file /Users/mohammadrezakhorasanchian/.pyenv/versions/3.10.4/lib/python3.10/site-packages/airflow/example_dags/example_dag_decorator.py for tasks to queue
[2022-05-23 18:00:59,608] {logging_mixin.py:115} INFO - [2022-05-23 18:00:59,608] {dagbag.py:507} INFO - Filling up the DagBag from /Users/mohammadrezakhorasanchian/.pyenv/versions/3.10.4/lib/python3.10/site-packages/airflow/example_dags/example_dag_decorator.py
[2022-05-23 18:00:59,744] {processor.py:651} INFO - DAG(s) dict_keys(['example_dag_decorator']) retrieved from /Users/mohammadrezakhorasanchian/.pyenv/versions/3.10.4/lib/python3.10/site-packages/airflow/example_dags/example_dag_decorator.py
[2022-05-23 18:01:00,021] {logging_mixin.py:115} INFO - [2022-05-23 18:01:00,021] {dag.py:2371} INFO - Sync 1 DAGs
[2022-05-23 18:01:00,031] {logging_mixin.py:115} INFO - [2022-05-23 18:01:00,031] {dag.py:2915} INFO - Setting next_dagrun for example_dag_decorator to None, run_after=None
[2022-05-23 18:01:00,039] {processor.py:161} INFO - Processing /Users/mohammadrezakhorasanchian/.pyenv/versions/3.10.4/lib/python3.10/site-packages/airflow/example_dags/example_dag_decorator.py took 0.432 seconds
[2022-05-23 18:01:58,710] {processor.py:153} INFO - Started process (PID=40708) to work on /Users/mohammadrezakhorasanchian/.pyenv/versions/3.10.4/lib/python3.10/site-packages/airflow/example_dags/example_dag_decorator.py
[2022-05-23 18:01:58,710] {processor.py:641} INFO - Processing file /Users/mohammadrezakhorasanchian/.pyenv/versions/3.10.4/lib/python3.10/site-packages/airflow/example_dags/example_dag_decorator.py for tasks to queue
[2022-05-23 18:01:58,710] {logging_mixin.py:115} INFO - [2022-05-23 18:01:58,710] {dagbag.py:507} INFO - Filling up the DagBag from /Users/mohammadrezakhorasanchian/.pyenv/versions/3.10.4/lib/python3.10/site-packages/airflow/example_dags/example_dag_decorator.py
[2022-05-23 18:01:58,848] {processor.py:651} INFO - DAG(s) dict_keys(['example_dag_decorator']) retrieved from /Users/mohammadrezakhorasanchian/.pyenv/versions/3.10.4/lib/python3.10/site-packages/airflow/example_dags/example_dag_decorator.py
[2022-05-23 18:01:59,131] {logging_mixin.py:115} INFO - [2022-05-23 18:01:59,131] {dag.py:2371} INFO - Sync 1 DAGs
[2022-05-23 18:01:59,140] {logging_mixin.py:115} INFO - [2022-05-23 18:01:59,140] {dag.py:2915} INFO - Setting next_dagrun for example_dag_decorator to None, run_after=None
[2022-05-23 18:01:59,147] {processor.py:161} INFO - Processing /Users/mohammadrezakhorasanchian/.pyenv/versions/3.10.4/lib/python3.10/site-packages/airflow/example_dags/example_dag_decorator.py took 0.438 seconds
[2022-05-23 18:02:57,148] {processor.py:153} INFO - Started process (PID=40746) to work on /Users/mohammadrezakhorasanchian/.pyenv/versions/3.10.4/lib/python3.10/site-packages/airflow/example_dags/example_dag_decorator.py
[2022-05-23 18:02:57,148] {processor.py:641} INFO - Processing file /Users/mohammadrezakhorasanchian/.pyenv/versions/3.10.4/lib/python3.10/site-packages/airflow/example_dags/example_dag_decorator.py for tasks to queue
[2022-05-23 18:02:57,149] {logging_mixin.py:115} INFO - [2022-05-23 18:02:57,149] {dagbag.py:507} INFO - Filling up the DagBag from /Users/mohammadrezakhorasanchian/.pyenv/versions/3.10.4/lib/python3.10/site-packages/airflow/example_dags/example_dag_decorator.py
[2022-05-23 18:02:57,285] {processor.py:651} INFO - DAG(s) dict_keys(['example_dag_decorator']) retrieved from /Users/mohammadrezakhorasanchian/.pyenv/versions/3.10.4/lib/python3.10/site-packages/airflow/example_dags/example_dag_decorator.py
[2022-05-23 18:02:57,564] {logging_mixin.py:115} INFO - [2022-05-23 18:02:57,563] {dag.py:2371} INFO - Sync 1 DAGs
[2022-05-23 18:02:57,573] {logging_mixin.py:115} INFO - [2022-05-23 18:02:57,573] {dag.py:2915} INFO - Setting next_dagrun for example_dag_decorator to None, run_after=None
[2022-05-23 18:02:57,581] {processor.py:161} INFO - Processing /Users/mohammadrezakhorasanchian/.pyenv/versions/3.10.4/lib/python3.10/site-packages/airflow/example_dags/example_dag_decorator.py took 0.433 seconds
[2022-05-23 18:03:51,631] {processor.py:153} INFO - Started process (PID=40784) to work on /Users/mohammadrezakhorasanchian/.pyenv/versions/3.10.4/lib/python3.10/site-packages/airflow/example_dags/example_dag_decorator.py
[2022-05-23 18:03:51,631] {processor.py:641} INFO - Processing file /Users/mohammadrezakhorasanchian/.pyenv/versions/3.10.4/lib/python3.10/site-packages/airflow/example_dags/example_dag_decorator.py for tasks to queue
[2022-05-23 18:03:51,631] {logging_mixin.py:115} INFO - [2022-05-23 18:03:51,631] {dagbag.py:507} INFO - Filling up the DagBag from /Users/mohammadrezakhorasanchian/.pyenv/versions/3.10.4/lib/python3.10/site-packages/airflow/example_dags/example_dag_decorator.py
[2022-05-23 18:03:51,768] {processor.py:651} INFO - DAG(s) dict_keys(['example_dag_decorator']) retrieved from /Users/mohammadrezakhorasanchian/.pyenv/versions/3.10.4/lib/python3.10/site-packages/airflow/example_dags/example_dag_decorator.py
[2022-05-23 18:03:52,047] {logging_mixin.py:115} INFO - [2022-05-23 18:03:52,046] {dag.py:2371} INFO - Sync 1 DAGs
[2022-05-23 18:03:52,056] {logging_mixin.py:115} INFO - [2022-05-23 18:03:52,055] {dag.py:2915} INFO - Setting next_dagrun for example_dag_decorator to None, run_after=None
[2022-05-23 18:03:52,064] {processor.py:161} INFO - Processing /Users/mohammadrezakhorasanchian/.pyenv/versions/3.10.4/lib/python3.10/site-packages/airflow/example_dags/example_dag_decorator.py took 0.433 seconds
[2022-05-23 18:04:46,817] {processor.py:153} INFO - Started process (PID=40819) to work on /Users/mohammadrezakhorasanchian/.pyenv/versions/3.10.4/lib/python3.10/site-packages/airflow/example_dags/example_dag_decorator.py
[2022-05-23 18:04:46,817] {processor.py:641} INFO - Processing file /Users/mohammadrezakhorasanchian/.pyenv/versions/3.10.4/lib/python3.10/site-packages/airflow/example_dags/example_dag_decorator.py for tasks to queue
[2022-05-23 18:04:46,817] {logging_mixin.py:115} INFO - [2022-05-23 18:04:46,817] {dagbag.py:507} INFO - Filling up the DagBag from /Users/mohammadrezakhorasanchian/.pyenv/versions/3.10.4/lib/python3.10/site-packages/airflow/example_dags/example_dag_decorator.py
[2022-05-23 18:04:46,962] {processor.py:651} INFO - DAG(s) dict_keys(['example_dag_decorator']) retrieved from /Users/mohammadrezakhorasanchian/.pyenv/versions/3.10.4/lib/python3.10/site-packages/airflow/example_dags/example_dag_decorator.py
[2022-05-23 18:04:47,242] {logging_mixin.py:115} INFO - [2022-05-23 18:04:47,242] {dag.py:2371} INFO - Sync 1 DAGs
[2022-05-23 18:04:47,251] {logging_mixin.py:115} INFO - [2022-05-23 18:04:47,251] {dag.py:2915} INFO - Setting next_dagrun for example_dag_decorator to None, run_after=None
[2022-05-23 18:04:47,260] {processor.py:161} INFO - Processing /Users/mohammadrezakhorasanchian/.pyenv/versions/3.10.4/lib/python3.10/site-packages/airflow/example_dags/example_dag_decorator.py took 0.443 seconds
[2022-05-23 18:05:43,010] {processor.py:153} INFO - Started process (PID=40855) to work on /Users/mohammadrezakhorasanchian/.pyenv/versions/3.10.4/lib/python3.10/site-packages/airflow/example_dags/example_dag_decorator.py
[2022-05-23 18:05:43,010] {processor.py:641} INFO - Processing file /Users/mohammadrezakhorasanchian/.pyenv/versions/3.10.4/lib/python3.10/site-packages/airflow/example_dags/example_dag_decorator.py for tasks to queue
[2022-05-23 18:05:43,010] {logging_mixin.py:115} INFO - [2022-05-23 18:05:43,010] {dagbag.py:507} INFO - Filling up the DagBag from /Users/mohammadrezakhorasanchian/.pyenv/versions/3.10.4/lib/python3.10/site-packages/airflow/example_dags/example_dag_decorator.py
[2022-05-23 18:05:43,145] {processor.py:651} INFO - DAG(s) dict_keys(['example_dag_decorator']) retrieved from /Users/mohammadrezakhorasanchian/.pyenv/versions/3.10.4/lib/python3.10/site-packages/airflow/example_dags/example_dag_decorator.py
[2022-05-23 18:05:43,422] {logging_mixin.py:115} INFO - [2022-05-23 18:05:43,422] {dag.py:2371} INFO - Sync 1 DAGs
[2022-05-23 18:05:43,431] {logging_mixin.py:115} INFO - [2022-05-23 18:05:43,431] {dag.py:2915} INFO - Setting next_dagrun for example_dag_decorator to None, run_after=None
[2022-05-23 18:05:43,439] {processor.py:161} INFO - Processing /Users/mohammadrezakhorasanchian/.pyenv/versions/3.10.4/lib/python3.10/site-packages/airflow/example_dags/example_dag_decorator.py took 0.430 seconds
[2022-05-23 18:06:41,028] {processor.py:153} INFO - Started process (PID=40893) to work on /Users/mohammadrezakhorasanchian/.pyenv/versions/3.10.4/lib/python3.10/site-packages/airflow/example_dags/example_dag_decorator.py
[2022-05-23 18:06:41,029] {processor.py:641} INFO - Processing file /Users/mohammadrezakhorasanchian/.pyenv/versions/3.10.4/lib/python3.10/site-packages/airflow/example_dags/example_dag_decorator.py for tasks to queue
[2022-05-23 18:06:41,029] {logging_mixin.py:115} INFO - [2022-05-23 18:06:41,029] {dagbag.py:507} INFO - Filling up the DagBag from /Users/mohammadrezakhorasanchian/.pyenv/versions/3.10.4/lib/python3.10/site-packages/airflow/example_dags/example_dag_decorator.py
[2022-05-23 18:06:41,176] {processor.py:651} INFO - DAG(s) dict_keys(['example_dag_decorator']) retrieved from /Users/mohammadrezakhorasanchian/.pyenv/versions/3.10.4/lib/python3.10/site-packages/airflow/example_dags/example_dag_decorator.py
[2022-05-23 18:06:41,461] {logging_mixin.py:115} INFO - [2022-05-23 18:06:41,460] {dag.py:2371} INFO - Sync 1 DAGs
[2022-05-23 18:06:41,472] {logging_mixin.py:115} INFO - [2022-05-23 18:06:41,471] {dag.py:2915} INFO - Setting next_dagrun for example_dag_decorator to None, run_after=None
[2022-05-23 18:06:41,479] {processor.py:161} INFO - Processing /Users/mohammadrezakhorasanchian/.pyenv/versions/3.10.4/lib/python3.10/site-packages/airflow/example_dags/example_dag_decorator.py took 0.451 seconds
[2022-05-23 18:07:41,093] {processor.py:153} INFO - Started process (PID=40930) to work on /Users/mohammadrezakhorasanchian/.pyenv/versions/3.10.4/lib/python3.10/site-packages/airflow/example_dags/example_dag_decorator.py
[2022-05-23 18:07:41,093] {processor.py:641} INFO - Processing file /Users/mohammadrezakhorasanchian/.pyenv/versions/3.10.4/lib/python3.10/site-packages/airflow/example_dags/example_dag_decorator.py for tasks to queue
[2022-05-23 18:07:41,093] {logging_mixin.py:115} INFO - [2022-05-23 18:07:41,093] {dagbag.py:507} INFO - Filling up the DagBag from /Users/mohammadrezakhorasanchian/.pyenv/versions/3.10.4/lib/python3.10/site-packages/airflow/example_dags/example_dag_decorator.py
[2022-05-23 18:07:41,242] {processor.py:651} INFO - DAG(s) dict_keys(['example_dag_decorator']) retrieved from /Users/mohammadrezakhorasanchian/.pyenv/versions/3.10.4/lib/python3.10/site-packages/airflow/example_dags/example_dag_decorator.py
[2022-05-23 18:07:41,547] {logging_mixin.py:115} INFO - [2022-05-23 18:07:41,547] {dag.py:2371} INFO - Sync 1 DAGs
[2022-05-23 18:07:41,556] {logging_mixin.py:115} INFO - [2022-05-23 18:07:41,556] {dag.py:2915} INFO - Setting next_dagrun for example_dag_decorator to None, run_after=None
[2022-05-23 18:07:41,565] {processor.py:161} INFO - Processing /Users/mohammadrezakhorasanchian/.pyenv/versions/3.10.4/lib/python3.10/site-packages/airflow/example_dags/example_dag_decorator.py took 0.472 seconds
[2022-05-23 18:14:45,117] {processor.py:153} INFO - Started process (PID=41109) to work on /Users/mohammadrezakhorasanchian/.pyenv/versions/3.10.4/lib/python3.10/site-packages/airflow/example_dags/example_dag_decorator.py
[2022-05-23 18:14:45,118] {processor.py:641} INFO - Processing file /Users/mohammadrezakhorasanchian/.pyenv/versions/3.10.4/lib/python3.10/site-packages/airflow/example_dags/example_dag_decorator.py for tasks to queue
[2022-05-23 18:14:45,119] {logging_mixin.py:115} INFO - [2022-05-23 18:14:45,119] {dagbag.py:507} INFO - Filling up the DagBag from /Users/mohammadrezakhorasanchian/.pyenv/versions/3.10.4/lib/python3.10/site-packages/airflow/example_dags/example_dag_decorator.py
[2022-05-23 18:14:45,266] {processor.py:651} INFO - DAG(s) dict_keys(['example_dag_decorator']) retrieved from /Users/mohammadrezakhorasanchian/.pyenv/versions/3.10.4/lib/python3.10/site-packages/airflow/example_dags/example_dag_decorator.py
[2022-05-23 18:14:45,582] {logging_mixin.py:115} INFO - [2022-05-23 18:14:45,582] {dag.py:2371} INFO - Sync 1 DAGs
[2022-05-23 18:14:45,593] {logging_mixin.py:115} INFO - [2022-05-23 18:14:45,593] {dag.py:2915} INFO - Setting next_dagrun for example_dag_decorator to None, run_after=None
[2022-05-23 18:14:45,601] {processor.py:161} INFO - Processing /Users/mohammadrezakhorasanchian/.pyenv/versions/3.10.4/lib/python3.10/site-packages/airflow/example_dags/example_dag_decorator.py took 0.484 seconds
