[2022-05-23 16:13:59,318] {processor.py:153} INFO - Started process (PID=36380) to work on /Users/mohammadrezakhorasanchian/.pyenv/versions/3.10.4/lib/python3.10/site-packages/airflow/example_dags/example_bash_operator.py
[2022-05-23 16:13:59,319] {processor.py:641} INFO - Processing file /Users/mohammadrezakhorasanchian/.pyenv/versions/3.10.4/lib/python3.10/site-packages/airflow/example_dags/example_bash_operator.py for tasks to queue
[2022-05-23 16:13:59,319] {logging_mixin.py:115} INFO - [2022-05-23 16:13:59,319] {dagbag.py:507} INFO - Filling up the DagBag from /Users/mohammadrezakhorasanchian/.pyenv/versions/3.10.4/lib/python3.10/site-packages/airflow/example_dags/example_bash_operator.py
[2022-05-23 16:13:59,330] {processor.py:651} INFO - DAG(s) dict_keys(['example_bash_operator']) retrieved from /Users/mohammadrezakhorasanchian/.pyenv/versions/3.10.4/lib/python3.10/site-packages/airflow/example_dags/example_bash_operator.py
[2022-05-23 16:13:59,372] {logging_mixin.py:115} INFO - [2022-05-23 16:13:59,372] {dag.py:2371} INFO - Sync 1 DAGs
[2022-05-23 16:13:59,383] {logging_mixin.py:115} INFO - [2022-05-23 16:13:59,383] {dag.py:2915} INFO - Setting next_dagrun for example_bash_operator to 2022-05-22T00:00:00+00:00, run_after=2022-05-23T00:00:00+00:00
[2022-05-23 16:13:59,391] {processor.py:161} INFO - Processing /Users/mohammadrezakhorasanchian/.pyenv/versions/3.10.4/lib/python3.10/site-packages/airflow/example_dags/example_bash_operator.py took 0.073 seconds
[2022-05-23 16:15:02,023] {processor.py:153} INFO - Started process (PID=36461) to work on /Users/mohammadrezakhorasanchian/.pyenv/versions/3.10.4/lib/python3.10/site-packages/airflow/example_dags/example_bash_operator.py
[2022-05-23 16:15:02,023] {processor.py:641} INFO - Processing file /Users/mohammadrezakhorasanchian/.pyenv/versions/3.10.4/lib/python3.10/site-packages/airflow/example_dags/example_bash_operator.py for tasks to queue
[2022-05-23 16:15:02,023] {logging_mixin.py:115} INFO - [2022-05-23 16:15:02,023] {dagbag.py:507} INFO - Filling up the DagBag from /Users/mohammadrezakhorasanchian/.pyenv/versions/3.10.4/lib/python3.10/site-packages/airflow/example_dags/example_bash_operator.py
[2022-05-23 16:15:02,034] {processor.py:651} INFO - DAG(s) dict_keys(['example_bash_operator']) retrieved from /Users/mohammadrezakhorasanchian/.pyenv/versions/3.10.4/lib/python3.10/site-packages/airflow/example_dags/example_bash_operator.py
[2022-05-23 16:15:02,077] {logging_mixin.py:115} INFO - [2022-05-23 16:15:02,077] {dag.py:2371} INFO - Sync 1 DAGs
[2022-05-23 16:15:02,089] {logging_mixin.py:115} INFO - [2022-05-23 16:15:02,089] {dag.py:2915} INFO - Setting next_dagrun for example_bash_operator to 2022-05-22T00:00:00+00:00, run_after=2022-05-23T00:00:00+00:00
[2022-05-23 16:15:02,095] {processor.py:161} INFO - Processing /Users/mohammadrezakhorasanchian/.pyenv/versions/3.10.4/lib/python3.10/site-packages/airflow/example_dags/example_bash_operator.py took 0.073 seconds
[2022-05-23 16:16:05,646] {processor.py:153} INFO - Started process (PID=36556) to work on /Users/mohammadrezakhorasanchian/.pyenv/versions/3.10.4/lib/python3.10/site-packages/airflow/example_dags/example_bash_operator.py
[2022-05-23 16:16:05,646] {processor.py:641} INFO - Processing file /Users/mohammadrezakhorasanchian/.pyenv/versions/3.10.4/lib/python3.10/site-packages/airflow/example_dags/example_bash_operator.py for tasks to queue
[2022-05-23 16:16:05,646] {logging_mixin.py:115} INFO - [2022-05-23 16:16:05,646] {dagbag.py:507} INFO - Filling up the DagBag from /Users/mohammadrezakhorasanchian/.pyenv/versions/3.10.4/lib/python3.10/site-packages/airflow/example_dags/example_bash_operator.py
[2022-05-23 16:16:05,660] {processor.py:651} INFO - DAG(s) dict_keys(['example_bash_operator']) retrieved from /Users/mohammadrezakhorasanchian/.pyenv/versions/3.10.4/lib/python3.10/site-packages/airflow/example_dags/example_bash_operator.py
[2022-05-23 16:16:05,712] {logging_mixin.py:115} INFO - [2022-05-23 16:16:05,712] {dag.py:2371} INFO - Sync 1 DAGs
[2022-05-23 16:16:05,725] {logging_mixin.py:115} INFO - [2022-05-23 16:16:05,725] {dag.py:2915} INFO - Setting next_dagrun for example_bash_operator to 2022-05-22T00:00:00+00:00, run_after=2022-05-23T00:00:00+00:00
[2022-05-23 16:16:05,734] {processor.py:161} INFO - Processing /Users/mohammadrezakhorasanchian/.pyenv/versions/3.10.4/lib/python3.10/site-packages/airflow/example_dags/example_bash_operator.py took 0.089 seconds
[2022-05-23 16:17:06,670] {processor.py:153} INFO - Started process (PID=36655) to work on /Users/mohammadrezakhorasanchian/.pyenv/versions/3.10.4/lib/python3.10/site-packages/airflow/example_dags/example_bash_operator.py
[2022-05-23 16:17:06,670] {processor.py:641} INFO - Processing file /Users/mohammadrezakhorasanchian/.pyenv/versions/3.10.4/lib/python3.10/site-packages/airflow/example_dags/example_bash_operator.py for tasks to queue
[2022-05-23 16:17:06,671] {logging_mixin.py:115} INFO - [2022-05-23 16:17:06,671] {dagbag.py:507} INFO - Filling up the DagBag from /Users/mohammadrezakhorasanchian/.pyenv/versions/3.10.4/lib/python3.10/site-packages/airflow/example_dags/example_bash_operator.py
[2022-05-23 16:17:06,688] {processor.py:651} INFO - DAG(s) dict_keys(['example_bash_operator']) retrieved from /Users/mohammadrezakhorasanchian/.pyenv/versions/3.10.4/lib/python3.10/site-packages/airflow/example_dags/example_bash_operator.py
[2022-05-23 16:17:06,748] {logging_mixin.py:115} INFO - [2022-05-23 16:17:06,747] {dag.py:2371} INFO - Sync 1 DAGs
[2022-05-23 16:17:06,762] {logging_mixin.py:115} INFO - [2022-05-23 16:17:06,762] {dag.py:2915} INFO - Setting next_dagrun for example_bash_operator to 2022-05-22T00:00:00+00:00, run_after=2022-05-23T00:00:00+00:00
[2022-05-23 16:17:06,774] {processor.py:161} INFO - Processing /Users/mohammadrezakhorasanchian/.pyenv/versions/3.10.4/lib/python3.10/site-packages/airflow/example_dags/example_bash_operator.py took 0.104 seconds
[2022-05-23 16:18:07,345] {processor.py:153} INFO - Started process (PID=36710) to work on /Users/mohammadrezakhorasanchian/.pyenv/versions/3.10.4/lib/python3.10/site-packages/airflow/example_dags/example_bash_operator.py
[2022-05-23 16:18:07,345] {processor.py:641} INFO - Processing file /Users/mohammadrezakhorasanchian/.pyenv/versions/3.10.4/lib/python3.10/site-packages/airflow/example_dags/example_bash_operator.py for tasks to queue
[2022-05-23 16:18:07,345] {logging_mixin.py:115} INFO - [2022-05-23 16:18:07,345] {dagbag.py:507} INFO - Filling up the DagBag from /Users/mohammadrezakhorasanchian/.pyenv/versions/3.10.4/lib/python3.10/site-packages/airflow/example_dags/example_bash_operator.py
[2022-05-23 16:18:07,360] {processor.py:651} INFO - DAG(s) dict_keys(['example_bash_operator']) retrieved from /Users/mohammadrezakhorasanchian/.pyenv/versions/3.10.4/lib/python3.10/site-packages/airflow/example_dags/example_bash_operator.py
[2022-05-23 16:18:07,414] {logging_mixin.py:115} INFO - [2022-05-23 16:18:07,413] {dag.py:2371} INFO - Sync 1 DAGs
[2022-05-23 16:18:07,428] {logging_mixin.py:115} INFO - [2022-05-23 16:18:07,428] {dag.py:2915} INFO - Setting next_dagrun for example_bash_operator to 2022-05-22T00:00:00+00:00, run_after=2022-05-23T00:00:00+00:00
[2022-05-23 16:18:07,437] {processor.py:161} INFO - Processing /Users/mohammadrezakhorasanchian/.pyenv/versions/3.10.4/lib/python3.10/site-packages/airflow/example_dags/example_bash_operator.py took 0.093 seconds
[2022-05-23 16:50:03,446] {processor.py:153} INFO - Started process (PID=36834) to work on /Users/mohammadrezakhorasanchian/.pyenv/versions/3.10.4/lib/python3.10/site-packages/airflow/example_dags/example_bash_operator.py
[2022-05-23 16:50:03,447] {processor.py:641} INFO - Processing file /Users/mohammadrezakhorasanchian/.pyenv/versions/3.10.4/lib/python3.10/site-packages/airflow/example_dags/example_bash_operator.py for tasks to queue
[2022-05-23 16:50:03,448] {logging_mixin.py:115} INFO - [2022-05-23 16:50:03,448] {dagbag.py:507} INFO - Filling up the DagBag from /Users/mohammadrezakhorasanchian/.pyenv/versions/3.10.4/lib/python3.10/site-packages/airflow/example_dags/example_bash_operator.py
[2022-05-23 16:50:03,504] {processor.py:651} INFO - DAG(s) dict_keys(['example_bash_operator']) retrieved from /Users/mohammadrezakhorasanchian/.pyenv/versions/3.10.4/lib/python3.10/site-packages/airflow/example_dags/example_bash_operator.py
[2022-05-23 16:50:03,715] {logging_mixin.py:115} INFO - [2022-05-23 16:50:03,715] {dag.py:2371} INFO - Sync 1 DAGs
[2022-05-23 16:50:03,768] {logging_mixin.py:115} INFO - [2022-05-23 16:50:03,768] {dag.py:2915} INFO - Setting next_dagrun for example_bash_operator to 2022-05-22T00:00:00+00:00, run_after=2022-05-23T00:00:00+00:00
[2022-05-23 16:50:03,799] {processor.py:161} INFO - Processing /Users/mohammadrezakhorasanchian/.pyenv/versions/3.10.4/lib/python3.10/site-packages/airflow/example_dags/example_bash_operator.py took 0.354 seconds
[2022-05-23 16:55:36,739] {processor.py:153} INFO - Started process (PID=36925) to work on /Users/mohammadrezakhorasanchian/.pyenv/versions/3.10.4/lib/python3.10/site-packages/airflow/example_dags/example_bash_operator.py
[2022-05-23 16:55:36,739] {processor.py:641} INFO - Processing file /Users/mohammadrezakhorasanchian/.pyenv/versions/3.10.4/lib/python3.10/site-packages/airflow/example_dags/example_bash_operator.py for tasks to queue
[2022-05-23 16:55:36,739] {logging_mixin.py:115} INFO - [2022-05-23 16:55:36,739] {dagbag.py:507} INFO - Filling up the DagBag from /Users/mohammadrezakhorasanchian/.pyenv/versions/3.10.4/lib/python3.10/site-packages/airflow/example_dags/example_bash_operator.py
[2022-05-23 16:55:36,750] {processor.py:651} INFO - DAG(s) dict_keys(['example_bash_operator']) retrieved from /Users/mohammadrezakhorasanchian/.pyenv/versions/3.10.4/lib/python3.10/site-packages/airflow/example_dags/example_bash_operator.py
[2022-05-23 16:55:36,792] {logging_mixin.py:115} INFO - [2022-05-23 16:55:36,792] {dag.py:2371} INFO - Sync 1 DAGs
[2022-05-23 16:55:36,802] {logging_mixin.py:115} INFO - [2022-05-23 16:55:36,802] {dag.py:2915} INFO - Setting next_dagrun for example_bash_operator to 2022-05-22T00:00:00+00:00, run_after=2022-05-23T00:00:00+00:00
[2022-05-23 16:55:36,810] {processor.py:161} INFO - Processing /Users/mohammadrezakhorasanchian/.pyenv/versions/3.10.4/lib/python3.10/site-packages/airflow/example_dags/example_bash_operator.py took 0.071 seconds
[2022-05-23 16:56:38,206] {processor.py:153} INFO - Started process (PID=37042) to work on /Users/mohammadrezakhorasanchian/.pyenv/versions/3.10.4/lib/python3.10/site-packages/airflow/example_dags/example_bash_operator.py
[2022-05-23 16:56:38,206] {processor.py:641} INFO - Processing file /Users/mohammadrezakhorasanchian/.pyenv/versions/3.10.4/lib/python3.10/site-packages/airflow/example_dags/example_bash_operator.py for tasks to queue
[2022-05-23 16:56:38,206] {logging_mixin.py:115} INFO - [2022-05-23 16:56:38,206] {dagbag.py:507} INFO - Filling up the DagBag from /Users/mohammadrezakhorasanchian/.pyenv/versions/3.10.4/lib/python3.10/site-packages/airflow/example_dags/example_bash_operator.py
[2022-05-23 16:56:38,217] {processor.py:651} INFO - DAG(s) dict_keys(['example_bash_operator']) retrieved from /Users/mohammadrezakhorasanchian/.pyenv/versions/3.10.4/lib/python3.10/site-packages/airflow/example_dags/example_bash_operator.py
[2022-05-23 16:56:38,258] {logging_mixin.py:115} INFO - [2022-05-23 16:56:38,258] {dag.py:2371} INFO - Sync 1 DAGs
[2022-05-23 16:56:38,268] {logging_mixin.py:115} INFO - [2022-05-23 16:56:38,268] {dag.py:2915} INFO - Setting next_dagrun for example_bash_operator to 2022-05-22T00:00:00+00:00, run_after=2022-05-23T00:00:00+00:00
[2022-05-23 16:56:38,278] {processor.py:161} INFO - Processing /Users/mohammadrezakhorasanchian/.pyenv/versions/3.10.4/lib/python3.10/site-packages/airflow/example_dags/example_bash_operator.py took 0.073 seconds
[2022-05-23 16:57:37,858] {processor.py:153} INFO - Started process (PID=37106) to work on /Users/mohammadrezakhorasanchian/.pyenv/versions/3.10.4/lib/python3.10/site-packages/airflow/example_dags/example_bash_operator.py
[2022-05-23 16:57:37,858] {processor.py:641} INFO - Processing file /Users/mohammadrezakhorasanchian/.pyenv/versions/3.10.4/lib/python3.10/site-packages/airflow/example_dags/example_bash_operator.py for tasks to queue
[2022-05-23 16:57:37,858] {logging_mixin.py:115} INFO - [2022-05-23 16:57:37,858] {dagbag.py:507} INFO - Filling up the DagBag from /Users/mohammadrezakhorasanchian/.pyenv/versions/3.10.4/lib/python3.10/site-packages/airflow/example_dags/example_bash_operator.py
[2022-05-23 16:57:37,870] {processor.py:651} INFO - DAG(s) dict_keys(['example_bash_operator']) retrieved from /Users/mohammadrezakhorasanchian/.pyenv/versions/3.10.4/lib/python3.10/site-packages/airflow/example_dags/example_bash_operator.py
[2022-05-23 16:57:37,911] {logging_mixin.py:115} INFO - [2022-05-23 16:57:37,911] {dag.py:2371} INFO - Sync 1 DAGs
[2022-05-23 16:57:37,922] {logging_mixin.py:115} INFO - [2022-05-23 16:57:37,921] {dag.py:2915} INFO - Setting next_dagrun for example_bash_operator to 2022-05-22T00:00:00+00:00, run_after=2022-05-23T00:00:00+00:00
[2022-05-23 16:57:37,929] {processor.py:161} INFO - Processing /Users/mohammadrezakhorasanchian/.pyenv/versions/3.10.4/lib/python3.10/site-packages/airflow/example_dags/example_bash_operator.py took 0.072 seconds
[2022-05-23 16:58:37,518] {processor.py:153} INFO - Started process (PID=37144) to work on /Users/mohammadrezakhorasanchian/.pyenv/versions/3.10.4/lib/python3.10/site-packages/airflow/example_dags/example_bash_operator.py
[2022-05-23 16:58:37,518] {processor.py:641} INFO - Processing file /Users/mohammadrezakhorasanchian/.pyenv/versions/3.10.4/lib/python3.10/site-packages/airflow/example_dags/example_bash_operator.py for tasks to queue
[2022-05-23 16:58:37,519] {logging_mixin.py:115} INFO - [2022-05-23 16:58:37,519] {dagbag.py:507} INFO - Filling up the DagBag from /Users/mohammadrezakhorasanchian/.pyenv/versions/3.10.4/lib/python3.10/site-packages/airflow/example_dags/example_bash_operator.py
[2022-05-23 16:58:37,531] {processor.py:651} INFO - DAG(s) dict_keys(['example_bash_operator']) retrieved from /Users/mohammadrezakhorasanchian/.pyenv/versions/3.10.4/lib/python3.10/site-packages/airflow/example_dags/example_bash_operator.py
[2022-05-23 16:58:37,573] {logging_mixin.py:115} INFO - [2022-05-23 16:58:37,573] {dag.py:2371} INFO - Sync 1 DAGs
[2022-05-23 16:58:37,584] {logging_mixin.py:115} INFO - [2022-05-23 16:58:37,583] {dag.py:2915} INFO - Setting next_dagrun for example_bash_operator to 2022-05-22T00:00:00+00:00, run_after=2022-05-23T00:00:00+00:00
[2022-05-23 16:58:37,591] {processor.py:161} INFO - Processing /Users/mohammadrezakhorasanchian/.pyenv/versions/3.10.4/lib/python3.10/site-packages/airflow/example_dags/example_bash_operator.py took 0.073 seconds
[2022-05-23 16:59:33,927] {processor.py:153} INFO - Started process (PID=37180) to work on /Users/mohammadrezakhorasanchian/.pyenv/versions/3.10.4/lib/python3.10/site-packages/airflow/example_dags/example_bash_operator.py
[2022-05-23 16:59:33,928] {processor.py:641} INFO - Processing file /Users/mohammadrezakhorasanchian/.pyenv/versions/3.10.4/lib/python3.10/site-packages/airflow/example_dags/example_bash_operator.py for tasks to queue
[2022-05-23 16:59:33,928] {logging_mixin.py:115} INFO - [2022-05-23 16:59:33,928] {dagbag.py:507} INFO - Filling up the DagBag from /Users/mohammadrezakhorasanchian/.pyenv/versions/3.10.4/lib/python3.10/site-packages/airflow/example_dags/example_bash_operator.py
[2022-05-23 16:59:33,939] {processor.py:651} INFO - DAG(s) dict_keys(['example_bash_operator']) retrieved from /Users/mohammadrezakhorasanchian/.pyenv/versions/3.10.4/lib/python3.10/site-packages/airflow/example_dags/example_bash_operator.py
[2022-05-23 16:59:33,980] {logging_mixin.py:115} INFO - [2022-05-23 16:59:33,980] {dag.py:2371} INFO - Sync 1 DAGs
[2022-05-23 16:59:33,991] {logging_mixin.py:115} INFO - [2022-05-23 16:59:33,991] {dag.py:2915} INFO - Setting next_dagrun for example_bash_operator to 2022-05-22T00:00:00+00:00, run_after=2022-05-23T00:00:00+00:00
[2022-05-23 16:59:33,998] {processor.py:161} INFO - Processing /Users/mohammadrezakhorasanchian/.pyenv/versions/3.10.4/lib/python3.10/site-packages/airflow/example_dags/example_bash_operator.py took 0.071 seconds
[2022-05-23 17:01:01,931] {processor.py:153} INFO - Started process (PID=37307) to work on /Users/mohammadrezakhorasanchian/.pyenv/versions/3.10.4/lib/python3.10/site-packages/airflow/example_dags/example_bash_operator.py
[2022-05-23 17:01:01,931] {processor.py:641} INFO - Processing file /Users/mohammadrezakhorasanchian/.pyenv/versions/3.10.4/lib/python3.10/site-packages/airflow/example_dags/example_bash_operator.py for tasks to queue
[2022-05-23 17:01:01,931] {logging_mixin.py:115} INFO - [2022-05-23 17:01:01,931] {dagbag.py:507} INFO - Filling up the DagBag from /Users/mohammadrezakhorasanchian/.pyenv/versions/3.10.4/lib/python3.10/site-packages/airflow/example_dags/example_bash_operator.py
[2022-05-23 17:01:01,949] {processor.py:651} INFO - DAG(s) dict_keys(['example_bash_operator']) retrieved from /Users/mohammadrezakhorasanchian/.pyenv/versions/3.10.4/lib/python3.10/site-packages/airflow/example_dags/example_bash_operator.py
[2022-05-23 17:01:02,011] {logging_mixin.py:115} INFO - [2022-05-23 17:01:02,011] {dag.py:2371} INFO - Sync 1 DAGs
[2022-05-23 17:01:02,027] {logging_mixin.py:115} INFO - [2022-05-23 17:01:02,027] {dag.py:2915} INFO - Setting next_dagrun for example_bash_operator to 2022-05-22T00:00:00+00:00, run_after=2022-05-23T00:00:00+00:00
[2022-05-23 17:01:02,038] {processor.py:161} INFO - Processing /Users/mohammadrezakhorasanchian/.pyenv/versions/3.10.4/lib/python3.10/site-packages/airflow/example_dags/example_bash_operator.py took 0.108 seconds
[2022-05-23 17:02:27,462] {processor.py:153} INFO - Started process (PID=37473) to work on /Users/mohammadrezakhorasanchian/.pyenv/versions/3.10.4/lib/python3.10/site-packages/airflow/example_dags/example_bash_operator.py
[2022-05-23 17:02:27,462] {processor.py:641} INFO - Processing file /Users/mohammadrezakhorasanchian/.pyenv/versions/3.10.4/lib/python3.10/site-packages/airflow/example_dags/example_bash_operator.py for tasks to queue
[2022-05-23 17:02:27,462] {logging_mixin.py:115} INFO - [2022-05-23 17:02:27,462] {dagbag.py:507} INFO - Filling up the DagBag from /Users/mohammadrezakhorasanchian/.pyenv/versions/3.10.4/lib/python3.10/site-packages/airflow/example_dags/example_bash_operator.py
[2022-05-23 17:02:27,474] {processor.py:651} INFO - DAG(s) dict_keys(['example_bash_operator']) retrieved from /Users/mohammadrezakhorasanchian/.pyenv/versions/3.10.4/lib/python3.10/site-packages/airflow/example_dags/example_bash_operator.py
[2022-05-23 17:02:27,515] {logging_mixin.py:115} INFO - [2022-05-23 17:02:27,515] {dag.py:2371} INFO - Sync 1 DAGs
[2022-05-23 17:02:27,526] {logging_mixin.py:115} INFO - [2022-05-23 17:02:27,526] {dag.py:2915} INFO - Setting next_dagrun for example_bash_operator to 2022-05-22T00:00:00+00:00, run_after=2022-05-23T00:00:00+00:00
[2022-05-23 17:02:27,536] {processor.py:161} INFO - Processing /Users/mohammadrezakhorasanchian/.pyenv/versions/3.10.4/lib/python3.10/site-packages/airflow/example_dags/example_bash_operator.py took 0.074 seconds
[2022-05-23 17:03:25,791] {processor.py:153} INFO - Started process (PID=37587) to work on /Users/mohammadrezakhorasanchian/.pyenv/versions/3.10.4/lib/python3.10/site-packages/airflow/example_dags/example_bash_operator.py
[2022-05-23 17:03:25,791] {processor.py:641} INFO - Processing file /Users/mohammadrezakhorasanchian/.pyenv/versions/3.10.4/lib/python3.10/site-packages/airflow/example_dags/example_bash_operator.py for tasks to queue
[2022-05-23 17:03:25,791] {logging_mixin.py:115} INFO - [2022-05-23 17:03:25,791] {dagbag.py:507} INFO - Filling up the DagBag from /Users/mohammadrezakhorasanchian/.pyenv/versions/3.10.4/lib/python3.10/site-packages/airflow/example_dags/example_bash_operator.py
[2022-05-23 17:03:25,805] {processor.py:651} INFO - DAG(s) dict_keys(['example_bash_operator']) retrieved from /Users/mohammadrezakhorasanchian/.pyenv/versions/3.10.4/lib/python3.10/site-packages/airflow/example_dags/example_bash_operator.py
[2022-05-23 17:03:25,858] {logging_mixin.py:115} INFO - [2022-05-23 17:03:25,857] {dag.py:2371} INFO - Sync 1 DAGs
[2022-05-23 17:03:25,870] {logging_mixin.py:115} INFO - [2022-05-23 17:03:25,870] {dag.py:2915} INFO - Setting next_dagrun for example_bash_operator to 2022-05-22T00:00:00+00:00, run_after=2022-05-23T00:00:00+00:00
[2022-05-23 17:03:25,878] {processor.py:161} INFO - Processing /Users/mohammadrezakhorasanchian/.pyenv/versions/3.10.4/lib/python3.10/site-packages/airflow/example_dags/example_bash_operator.py took 0.088 seconds
[2022-05-23 17:04:26,859] {processor.py:153} INFO - Started process (PID=37698) to work on /Users/mohammadrezakhorasanchian/.pyenv/versions/3.10.4/lib/python3.10/site-packages/airflow/example_dags/example_bash_operator.py
[2022-05-23 17:04:26,859] {processor.py:641} INFO - Processing file /Users/mohammadrezakhorasanchian/.pyenv/versions/3.10.4/lib/python3.10/site-packages/airflow/example_dags/example_bash_operator.py for tasks to queue
[2022-05-23 17:04:26,859] {logging_mixin.py:115} INFO - [2022-05-23 17:04:26,859] {dagbag.py:507} INFO - Filling up the DagBag from /Users/mohammadrezakhorasanchian/.pyenv/versions/3.10.4/lib/python3.10/site-packages/airflow/example_dags/example_bash_operator.py
[2022-05-23 17:04:26,870] {processor.py:651} INFO - DAG(s) dict_keys(['example_bash_operator']) retrieved from /Users/mohammadrezakhorasanchian/.pyenv/versions/3.10.4/lib/python3.10/site-packages/airflow/example_dags/example_bash_operator.py
[2022-05-23 17:04:26,912] {logging_mixin.py:115} INFO - [2022-05-23 17:04:26,911] {dag.py:2371} INFO - Sync 1 DAGs
[2022-05-23 17:04:26,922] {logging_mixin.py:115} INFO - [2022-05-23 17:04:26,922] {dag.py:2915} INFO - Setting next_dagrun for example_bash_operator to 2022-05-22T00:00:00+00:00, run_after=2022-05-23T00:00:00+00:00
[2022-05-23 17:04:26,930] {processor.py:161} INFO - Processing /Users/mohammadrezakhorasanchian/.pyenv/versions/3.10.4/lib/python3.10/site-packages/airflow/example_dags/example_bash_operator.py took 0.071 seconds
[2022-05-23 17:05:28,178] {processor.py:153} INFO - Started process (PID=37806) to work on /Users/mohammadrezakhorasanchian/.pyenv/versions/3.10.4/lib/python3.10/site-packages/airflow/example_dags/example_bash_operator.py
[2022-05-23 17:05:28,178] {processor.py:641} INFO - Processing file /Users/mohammadrezakhorasanchian/.pyenv/versions/3.10.4/lib/python3.10/site-packages/airflow/example_dags/example_bash_operator.py for tasks to queue
[2022-05-23 17:05:28,178] {logging_mixin.py:115} INFO - [2022-05-23 17:05:28,178] {dagbag.py:507} INFO - Filling up the DagBag from /Users/mohammadrezakhorasanchian/.pyenv/versions/3.10.4/lib/python3.10/site-packages/airflow/example_dags/example_bash_operator.py
[2022-05-23 17:05:28,189] {processor.py:651} INFO - DAG(s) dict_keys(['example_bash_operator']) retrieved from /Users/mohammadrezakhorasanchian/.pyenv/versions/3.10.4/lib/python3.10/site-packages/airflow/example_dags/example_bash_operator.py
[2022-05-23 17:05:28,231] {logging_mixin.py:115} INFO - [2022-05-23 17:05:28,231] {dag.py:2371} INFO - Sync 1 DAGs
[2022-05-23 17:05:28,242] {logging_mixin.py:115} INFO - [2022-05-23 17:05:28,242] {dag.py:2915} INFO - Setting next_dagrun for example_bash_operator to 2022-05-22T00:00:00+00:00, run_after=2022-05-23T00:00:00+00:00
[2022-05-23 17:05:28,249] {processor.py:161} INFO - Processing /Users/mohammadrezakhorasanchian/.pyenv/versions/3.10.4/lib/python3.10/site-packages/airflow/example_dags/example_bash_operator.py took 0.072 seconds
[2022-05-23 17:06:58,947] {processor.py:153} INFO - Started process (PID=37970) to work on /Users/mohammadrezakhorasanchian/.pyenv/versions/3.10.4/lib/python3.10/site-packages/airflow/example_dags/example_bash_operator.py
[2022-05-23 17:06:58,947] {processor.py:641} INFO - Processing file /Users/mohammadrezakhorasanchian/.pyenv/versions/3.10.4/lib/python3.10/site-packages/airflow/example_dags/example_bash_operator.py for tasks to queue
[2022-05-23 17:06:58,947] {logging_mixin.py:115} INFO - [2022-05-23 17:06:58,947] {dagbag.py:507} INFO - Filling up the DagBag from /Users/mohammadrezakhorasanchian/.pyenv/versions/3.10.4/lib/python3.10/site-packages/airflow/example_dags/example_bash_operator.py
[2022-05-23 17:06:58,962] {processor.py:651} INFO - DAG(s) dict_keys(['example_bash_operator']) retrieved from /Users/mohammadrezakhorasanchian/.pyenv/versions/3.10.4/lib/python3.10/site-packages/airflow/example_dags/example_bash_operator.py
[2022-05-23 17:06:59,012] {logging_mixin.py:115} INFO - [2022-05-23 17:06:59,012] {dag.py:2371} INFO - Sync 1 DAGs
[2022-05-23 17:06:59,025] {logging_mixin.py:115} INFO - [2022-05-23 17:06:59,025] {dag.py:2915} INFO - Setting next_dagrun for example_bash_operator to 2022-05-22T00:00:00+00:00, run_after=2022-05-23T00:00:00+00:00
[2022-05-23 17:06:59,034] {processor.py:161} INFO - Processing /Users/mohammadrezakhorasanchian/.pyenv/versions/3.10.4/lib/python3.10/site-packages/airflow/example_dags/example_bash_operator.py took 0.087 seconds
[2022-05-23 17:08:01,801] {processor.py:153} INFO - Started process (PID=38083) to work on /Users/mohammadrezakhorasanchian/.pyenv/versions/3.10.4/lib/python3.10/site-packages/airflow/example_dags/example_bash_operator.py
[2022-05-23 17:08:01,801] {processor.py:641} INFO - Processing file /Users/mohammadrezakhorasanchian/.pyenv/versions/3.10.4/lib/python3.10/site-packages/airflow/example_dags/example_bash_operator.py for tasks to queue
[2022-05-23 17:08:01,801] {logging_mixin.py:115} INFO - [2022-05-23 17:08:01,801] {dagbag.py:507} INFO - Filling up the DagBag from /Users/mohammadrezakhorasanchian/.pyenv/versions/3.10.4/lib/python3.10/site-packages/airflow/example_dags/example_bash_operator.py
[2022-05-23 17:08:01,813] {processor.py:651} INFO - DAG(s) dict_keys(['example_bash_operator']) retrieved from /Users/mohammadrezakhorasanchian/.pyenv/versions/3.10.4/lib/python3.10/site-packages/airflow/example_dags/example_bash_operator.py
[2022-05-23 17:08:01,863] {logging_mixin.py:115} INFO - [2022-05-23 17:08:01,863] {dag.py:2371} INFO - Sync 1 DAGs
[2022-05-23 17:08:01,874] {logging_mixin.py:115} INFO - [2022-05-23 17:08:01,874] {dag.py:2915} INFO - Setting next_dagrun for example_bash_operator to 2022-05-22T00:00:00+00:00, run_after=2022-05-23T00:00:00+00:00
[2022-05-23 17:08:01,881] {processor.py:161} INFO - Processing /Users/mohammadrezakhorasanchian/.pyenv/versions/3.10.4/lib/python3.10/site-packages/airflow/example_dags/example_bash_operator.py took 0.081 seconds
[2022-05-23 17:09:05,361] {processor.py:153} INFO - Started process (PID=38200) to work on /Users/mohammadrezakhorasanchian/.pyenv/versions/3.10.4/lib/python3.10/site-packages/airflow/example_dags/example_bash_operator.py
[2022-05-23 17:09:05,362] {processor.py:641} INFO - Processing file /Users/mohammadrezakhorasanchian/.pyenv/versions/3.10.4/lib/python3.10/site-packages/airflow/example_dags/example_bash_operator.py for tasks to queue
[2022-05-23 17:09:05,362] {logging_mixin.py:115} INFO - [2022-05-23 17:09:05,362] {dagbag.py:507} INFO - Filling up the DagBag from /Users/mohammadrezakhorasanchian/.pyenv/versions/3.10.4/lib/python3.10/site-packages/airflow/example_dags/example_bash_operator.py
[2022-05-23 17:09:05,373] {processor.py:651} INFO - DAG(s) dict_keys(['example_bash_operator']) retrieved from /Users/mohammadrezakhorasanchian/.pyenv/versions/3.10.4/lib/python3.10/site-packages/airflow/example_dags/example_bash_operator.py
[2022-05-23 17:09:05,416] {logging_mixin.py:115} INFO - [2022-05-23 17:09:05,416] {dag.py:2371} INFO - Sync 1 DAGs
[2022-05-23 17:09:05,426] {logging_mixin.py:115} INFO - [2022-05-23 17:09:05,426] {dag.py:2915} INFO - Setting next_dagrun for example_bash_operator to 2022-05-22T00:00:00+00:00, run_after=2022-05-23T00:00:00+00:00
[2022-05-23 17:09:05,433] {processor.py:161} INFO - Processing /Users/mohammadrezakhorasanchian/.pyenv/versions/3.10.4/lib/python3.10/site-packages/airflow/example_dags/example_bash_operator.py took 0.072 seconds
[2022-05-23 17:10:08,216] {processor.py:153} INFO - Started process (PID=38310) to work on /Users/mohammadrezakhorasanchian/.pyenv/versions/3.10.4/lib/python3.10/site-packages/airflow/example_dags/example_bash_operator.py
[2022-05-23 17:10:08,216] {processor.py:641} INFO - Processing file /Users/mohammadrezakhorasanchian/.pyenv/versions/3.10.4/lib/python3.10/site-packages/airflow/example_dags/example_bash_operator.py for tasks to queue
[2022-05-23 17:10:08,216] {logging_mixin.py:115} INFO - [2022-05-23 17:10:08,216] {dagbag.py:507} INFO - Filling up the DagBag from /Users/mohammadrezakhorasanchian/.pyenv/versions/3.10.4/lib/python3.10/site-packages/airflow/example_dags/example_bash_operator.py
[2022-05-23 17:10:08,227] {processor.py:651} INFO - DAG(s) dict_keys(['example_bash_operator']) retrieved from /Users/mohammadrezakhorasanchian/.pyenv/versions/3.10.4/lib/python3.10/site-packages/airflow/example_dags/example_bash_operator.py
[2022-05-23 17:10:08,269] {logging_mixin.py:115} INFO - [2022-05-23 17:10:08,269] {dag.py:2371} INFO - Sync 1 DAGs
[2022-05-23 17:10:08,279] {logging_mixin.py:115} INFO - [2022-05-23 17:10:08,279] {dag.py:2915} INFO - Setting next_dagrun for example_bash_operator to 2022-05-22T00:00:00+00:00, run_after=2022-05-23T00:00:00+00:00
[2022-05-23 17:10:08,287] {processor.py:161} INFO - Processing /Users/mohammadrezakhorasanchian/.pyenv/versions/3.10.4/lib/python3.10/site-packages/airflow/example_dags/example_bash_operator.py took 0.071 seconds
[2022-05-23 17:11:09,761] {processor.py:153} INFO - Started process (PID=38424) to work on /Users/mohammadrezakhorasanchian/.pyenv/versions/3.10.4/lib/python3.10/site-packages/airflow/example_dags/example_bash_operator.py
[2022-05-23 17:11:09,761] {processor.py:641} INFO - Processing file /Users/mohammadrezakhorasanchian/.pyenv/versions/3.10.4/lib/python3.10/site-packages/airflow/example_dags/example_bash_operator.py for tasks to queue
[2022-05-23 17:11:09,761] {logging_mixin.py:115} INFO - [2022-05-23 17:11:09,761] {dagbag.py:507} INFO - Filling up the DagBag from /Users/mohammadrezakhorasanchian/.pyenv/versions/3.10.4/lib/python3.10/site-packages/airflow/example_dags/example_bash_operator.py
[2022-05-23 17:11:09,772] {processor.py:651} INFO - DAG(s) dict_keys(['example_bash_operator']) retrieved from /Users/mohammadrezakhorasanchian/.pyenv/versions/3.10.4/lib/python3.10/site-packages/airflow/example_dags/example_bash_operator.py
[2022-05-23 17:11:09,817] {logging_mixin.py:115} INFO - [2022-05-23 17:11:09,817] {dag.py:2371} INFO - Sync 1 DAGs
[2022-05-23 17:11:09,828] {logging_mixin.py:115} INFO - [2022-05-23 17:11:09,827] {dag.py:2915} INFO - Setting next_dagrun for example_bash_operator to 2022-05-22T00:00:00+00:00, run_after=2022-05-23T00:00:00+00:00
[2022-05-23 17:11:09,838] {processor.py:161} INFO - Processing /Users/mohammadrezakhorasanchian/.pyenv/versions/3.10.4/lib/python3.10/site-packages/airflow/example_dags/example_bash_operator.py took 0.077 seconds
[2022-05-23 17:12:39,615] {processor.py:153} INFO - Started process (PID=38551) to work on /Users/mohammadrezakhorasanchian/.pyenv/versions/3.10.4/lib/python3.10/site-packages/airflow/example_dags/example_bash_operator.py
[2022-05-23 17:12:39,616] {processor.py:641} INFO - Processing file /Users/mohammadrezakhorasanchian/.pyenv/versions/3.10.4/lib/python3.10/site-packages/airflow/example_dags/example_bash_operator.py for tasks to queue
[2022-05-23 17:12:39,616] {logging_mixin.py:115} INFO - [2022-05-23 17:12:39,616] {dagbag.py:507} INFO - Filling up the DagBag from /Users/mohammadrezakhorasanchian/.pyenv/versions/3.10.4/lib/python3.10/site-packages/airflow/example_dags/example_bash_operator.py
[2022-05-23 17:12:39,627] {processor.py:651} INFO - DAG(s) dict_keys(['example_bash_operator']) retrieved from /Users/mohammadrezakhorasanchian/.pyenv/versions/3.10.4/lib/python3.10/site-packages/airflow/example_dags/example_bash_operator.py
[2022-05-23 17:12:39,669] {logging_mixin.py:115} INFO - [2022-05-23 17:12:39,669] {dag.py:2371} INFO - Sync 1 DAGs
[2022-05-23 17:12:39,680] {logging_mixin.py:115} INFO - [2022-05-23 17:12:39,680] {dag.py:2915} INFO - Setting next_dagrun for example_bash_operator to 2022-05-22T00:00:00+00:00, run_after=2022-05-23T00:00:00+00:00
[2022-05-23 17:12:39,690] {processor.py:161} INFO - Processing /Users/mohammadrezakhorasanchian/.pyenv/versions/3.10.4/lib/python3.10/site-packages/airflow/example_dags/example_bash_operator.py took 0.075 seconds
[2022-05-23 17:14:09,870] {processor.py:153} INFO - Started process (PID=38677) to work on /Users/mohammadrezakhorasanchian/.pyenv/versions/3.10.4/lib/python3.10/site-packages/airflow/example_dags/example_bash_operator.py
[2022-05-23 17:14:09,870] {processor.py:641} INFO - Processing file /Users/mohammadrezakhorasanchian/.pyenv/versions/3.10.4/lib/python3.10/site-packages/airflow/example_dags/example_bash_operator.py for tasks to queue
[2022-05-23 17:14:09,870] {logging_mixin.py:115} INFO - [2022-05-23 17:14:09,870] {dagbag.py:507} INFO - Filling up the DagBag from /Users/mohammadrezakhorasanchian/.pyenv/versions/3.10.4/lib/python3.10/site-packages/airflow/example_dags/example_bash_operator.py
[2022-05-23 17:14:09,881] {processor.py:651} INFO - DAG(s) dict_keys(['example_bash_operator']) retrieved from /Users/mohammadrezakhorasanchian/.pyenv/versions/3.10.4/lib/python3.10/site-packages/airflow/example_dags/example_bash_operator.py
[2022-05-23 17:14:09,923] {logging_mixin.py:115} INFO - [2022-05-23 17:14:09,922] {dag.py:2371} INFO - Sync 1 DAGs
[2022-05-23 17:14:09,933] {logging_mixin.py:115} INFO - [2022-05-23 17:14:09,933] {dag.py:2915} INFO - Setting next_dagrun for example_bash_operator to 2022-05-22T00:00:00+00:00, run_after=2022-05-23T00:00:00+00:00
[2022-05-23 17:14:09,940] {processor.py:161} INFO - Processing /Users/mohammadrezakhorasanchian/.pyenv/versions/3.10.4/lib/python3.10/site-packages/airflow/example_dags/example_bash_operator.py took 0.071 seconds
[2022-05-23 17:15:37,099] {processor.py:153} INFO - Started process (PID=38793) to work on /Users/mohammadrezakhorasanchian/.pyenv/versions/3.10.4/lib/python3.10/site-packages/airflow/example_dags/example_bash_operator.py
[2022-05-23 17:15:37,099] {processor.py:641} INFO - Processing file /Users/mohammadrezakhorasanchian/.pyenv/versions/3.10.4/lib/python3.10/site-packages/airflow/example_dags/example_bash_operator.py for tasks to queue
[2022-05-23 17:15:37,099] {logging_mixin.py:115} INFO - [2022-05-23 17:15:37,099] {dagbag.py:507} INFO - Filling up the DagBag from /Users/mohammadrezakhorasanchian/.pyenv/versions/3.10.4/lib/python3.10/site-packages/airflow/example_dags/example_bash_operator.py
[2022-05-23 17:15:37,110] {processor.py:651} INFO - DAG(s) dict_keys(['example_bash_operator']) retrieved from /Users/mohammadrezakhorasanchian/.pyenv/versions/3.10.4/lib/python3.10/site-packages/airflow/example_dags/example_bash_operator.py
[2022-05-23 17:15:37,152] {logging_mixin.py:115} INFO - [2022-05-23 17:15:37,152] {dag.py:2371} INFO - Sync 1 DAGs
[2022-05-23 17:15:37,163] {logging_mixin.py:115} INFO - [2022-05-23 17:15:37,163] {dag.py:2915} INFO - Setting next_dagrun for example_bash_operator to 2022-05-22T00:00:00+00:00, run_after=2022-05-23T00:00:00+00:00
[2022-05-23 17:15:37,170] {processor.py:161} INFO - Processing /Users/mohammadrezakhorasanchian/.pyenv/versions/3.10.4/lib/python3.10/site-packages/airflow/example_dags/example_bash_operator.py took 0.072 seconds
[2022-05-23 17:17:07,468] {processor.py:153} INFO - Started process (PID=38868) to work on /Users/mohammadrezakhorasanchian/.pyenv/versions/3.10.4/lib/python3.10/site-packages/airflow/example_dags/example_bash_operator.py
[2022-05-23 17:17:07,470] {processor.py:641} INFO - Processing file /Users/mohammadrezakhorasanchian/.pyenv/versions/3.10.4/lib/python3.10/site-packages/airflow/example_dags/example_bash_operator.py for tasks to queue
[2022-05-23 17:17:07,470] {logging_mixin.py:115} INFO - [2022-05-23 17:17:07,470] {dagbag.py:507} INFO - Filling up the DagBag from /Users/mohammadrezakhorasanchian/.pyenv/versions/3.10.4/lib/python3.10/site-packages/airflow/example_dags/example_bash_operator.py
[2022-05-23 17:17:07,484] {processor.py:651} INFO - DAG(s) dict_keys(['example_bash_operator']) retrieved from /Users/mohammadrezakhorasanchian/.pyenv/versions/3.10.4/lib/python3.10/site-packages/airflow/example_dags/example_bash_operator.py
[2022-05-23 17:17:07,536] {logging_mixin.py:115} INFO - [2022-05-23 17:17:07,536] {dag.py:2371} INFO - Sync 1 DAGs
[2022-05-23 17:17:07,549] {logging_mixin.py:115} INFO - [2022-05-23 17:17:07,549] {dag.py:2915} INFO - Setting next_dagrun for example_bash_operator to 2022-05-22T00:00:00+00:00, run_after=2022-05-23T00:00:00+00:00
[2022-05-23 17:17:07,556] {processor.py:161} INFO - Processing /Users/mohammadrezakhorasanchian/.pyenv/versions/3.10.4/lib/python3.10/site-packages/airflow/example_dags/example_bash_operator.py took 0.088 seconds
[2022-05-23 17:18:09,502] {processor.py:153} INFO - Started process (PID=38915) to work on /Users/mohammadrezakhorasanchian/.pyenv/versions/3.10.4/lib/python3.10/site-packages/airflow/example_dags/example_bash_operator.py
[2022-05-23 17:18:09,502] {processor.py:641} INFO - Processing file /Users/mohammadrezakhorasanchian/.pyenv/versions/3.10.4/lib/python3.10/site-packages/airflow/example_dags/example_bash_operator.py for tasks to queue
[2022-05-23 17:18:09,502] {logging_mixin.py:115} INFO - [2022-05-23 17:18:09,502] {dagbag.py:507} INFO - Filling up the DagBag from /Users/mohammadrezakhorasanchian/.pyenv/versions/3.10.4/lib/python3.10/site-packages/airflow/example_dags/example_bash_operator.py
[2022-05-23 17:18:09,516] {processor.py:651} INFO - DAG(s) dict_keys(['example_bash_operator']) retrieved from /Users/mohammadrezakhorasanchian/.pyenv/versions/3.10.4/lib/python3.10/site-packages/airflow/example_dags/example_bash_operator.py
[2022-05-23 17:18:09,563] {logging_mixin.py:115} INFO - [2022-05-23 17:18:09,563] {dag.py:2371} INFO - Sync 1 DAGs
[2022-05-23 17:18:09,574] {logging_mixin.py:115} INFO - [2022-05-23 17:18:09,574] {dag.py:2915} INFO - Setting next_dagrun for example_bash_operator to 2022-05-22T00:00:00+00:00, run_after=2022-05-23T00:00:00+00:00
[2022-05-23 17:18:09,582] {processor.py:161} INFO - Processing /Users/mohammadrezakhorasanchian/.pyenv/versions/3.10.4/lib/python3.10/site-packages/airflow/example_dags/example_bash_operator.py took 0.081 seconds
[2022-05-23 17:19:11,118] {processor.py:153} INFO - Started process (PID=39016) to work on /Users/mohammadrezakhorasanchian/.pyenv/versions/3.10.4/lib/python3.10/site-packages/airflow/example_dags/example_bash_operator.py
[2022-05-23 17:19:11,119] {processor.py:641} INFO - Processing file /Users/mohammadrezakhorasanchian/.pyenv/versions/3.10.4/lib/python3.10/site-packages/airflow/example_dags/example_bash_operator.py for tasks to queue
[2022-05-23 17:19:11,119] {logging_mixin.py:115} INFO - [2022-05-23 17:19:11,119] {dagbag.py:507} INFO - Filling up the DagBag from /Users/mohammadrezakhorasanchian/.pyenv/versions/3.10.4/lib/python3.10/site-packages/airflow/example_dags/example_bash_operator.py
[2022-05-23 17:19:11,130] {processor.py:651} INFO - DAG(s) dict_keys(['example_bash_operator']) retrieved from /Users/mohammadrezakhorasanchian/.pyenv/versions/3.10.4/lib/python3.10/site-packages/airflow/example_dags/example_bash_operator.py
[2022-05-23 17:19:11,183] {logging_mixin.py:115} INFO - [2022-05-23 17:19:11,183] {dag.py:2371} INFO - Sync 1 DAGs
[2022-05-23 17:19:11,195] {logging_mixin.py:115} INFO - [2022-05-23 17:19:11,195] {dag.py:2915} INFO - Setting next_dagrun for example_bash_operator to 2022-05-22T00:00:00+00:00, run_after=2022-05-23T00:00:00+00:00
[2022-05-23 17:19:11,206] {processor.py:161} INFO - Processing /Users/mohammadrezakhorasanchian/.pyenv/versions/3.10.4/lib/python3.10/site-packages/airflow/example_dags/example_bash_operator.py took 0.088 seconds
[2022-05-23 17:20:15,220] {processor.py:153} INFO - Started process (PID=39132) to work on /Users/mohammadrezakhorasanchian/.pyenv/versions/3.10.4/lib/python3.10/site-packages/airflow/example_dags/example_bash_operator.py
[2022-05-23 17:20:15,220] {processor.py:641} INFO - Processing file /Users/mohammadrezakhorasanchian/.pyenv/versions/3.10.4/lib/python3.10/site-packages/airflow/example_dags/example_bash_operator.py for tasks to queue
[2022-05-23 17:20:15,221] {logging_mixin.py:115} INFO - [2022-05-23 17:20:15,220] {dagbag.py:507} INFO - Filling up the DagBag from /Users/mohammadrezakhorasanchian/.pyenv/versions/3.10.4/lib/python3.10/site-packages/airflow/example_dags/example_bash_operator.py
[2022-05-23 17:20:15,232] {processor.py:651} INFO - DAG(s) dict_keys(['example_bash_operator']) retrieved from /Users/mohammadrezakhorasanchian/.pyenv/versions/3.10.4/lib/python3.10/site-packages/airflow/example_dags/example_bash_operator.py
[2022-05-23 17:20:15,275] {logging_mixin.py:115} INFO - [2022-05-23 17:20:15,274] {dag.py:2371} INFO - Sync 1 DAGs
[2022-05-23 17:20:15,285] {logging_mixin.py:115} INFO - [2022-05-23 17:20:15,285] {dag.py:2915} INFO - Setting next_dagrun for example_bash_operator to 2022-05-22T00:00:00+00:00, run_after=2022-05-23T00:00:00+00:00
[2022-05-23 17:20:15,292] {processor.py:161} INFO - Processing /Users/mohammadrezakhorasanchian/.pyenv/versions/3.10.4/lib/python3.10/site-packages/airflow/example_dags/example_bash_operator.py took 0.072 seconds
[2022-05-23 17:21:15,533] {processor.py:153} INFO - Started process (PID=39206) to work on /Users/mohammadrezakhorasanchian/.pyenv/versions/3.10.4/lib/python3.10/site-packages/airflow/example_dags/example_bash_operator.py
[2022-05-23 17:21:15,533] {processor.py:641} INFO - Processing file /Users/mohammadrezakhorasanchian/.pyenv/versions/3.10.4/lib/python3.10/site-packages/airflow/example_dags/example_bash_operator.py for tasks to queue
[2022-05-23 17:21:15,534] {logging_mixin.py:115} INFO - [2022-05-23 17:21:15,534] {dagbag.py:507} INFO - Filling up the DagBag from /Users/mohammadrezakhorasanchian/.pyenv/versions/3.10.4/lib/python3.10/site-packages/airflow/example_dags/example_bash_operator.py
[2022-05-23 17:21:15,545] {processor.py:651} INFO - DAG(s) dict_keys(['example_bash_operator']) retrieved from /Users/mohammadrezakhorasanchian/.pyenv/versions/3.10.4/lib/python3.10/site-packages/airflow/example_dags/example_bash_operator.py
[2022-05-23 17:21:15,586] {logging_mixin.py:115} INFO - [2022-05-23 17:21:15,585] {dag.py:2371} INFO - Sync 1 DAGs
[2022-05-23 17:21:15,596] {logging_mixin.py:115} INFO - [2022-05-23 17:21:15,596] {dag.py:2915} INFO - Setting next_dagrun for example_bash_operator to 2022-05-22T00:00:00+00:00, run_after=2022-05-23T00:00:00+00:00
[2022-05-23 17:21:15,604] {processor.py:161} INFO - Processing /Users/mohammadrezakhorasanchian/.pyenv/versions/3.10.4/lib/python3.10/site-packages/airflow/example_dags/example_bash_operator.py took 0.071 seconds
[2022-05-23 17:22:17,210] {processor.py:153} INFO - Started process (PID=39281) to work on /Users/mohammadrezakhorasanchian/.pyenv/versions/3.10.4/lib/python3.10/site-packages/airflow/example_dags/example_bash_operator.py
[2022-05-23 17:22:17,210] {processor.py:641} INFO - Processing file /Users/mohammadrezakhorasanchian/.pyenv/versions/3.10.4/lib/python3.10/site-packages/airflow/example_dags/example_bash_operator.py for tasks to queue
[2022-05-23 17:22:17,211] {logging_mixin.py:115} INFO - [2022-05-23 17:22:17,211] {dagbag.py:507} INFO - Filling up the DagBag from /Users/mohammadrezakhorasanchian/.pyenv/versions/3.10.4/lib/python3.10/site-packages/airflow/example_dags/example_bash_operator.py
[2022-05-23 17:22:17,227] {processor.py:651} INFO - DAG(s) dict_keys(['example_bash_operator']) retrieved from /Users/mohammadrezakhorasanchian/.pyenv/versions/3.10.4/lib/python3.10/site-packages/airflow/example_dags/example_bash_operator.py
[2022-05-23 17:22:17,288] {logging_mixin.py:115} INFO - [2022-05-23 17:22:17,288] {dag.py:2371} INFO - Sync 1 DAGs
[2022-05-23 17:22:17,304] {logging_mixin.py:115} INFO - [2022-05-23 17:22:17,304] {dag.py:2915} INFO - Setting next_dagrun for example_bash_operator to 2022-05-22T00:00:00+00:00, run_after=2022-05-23T00:00:00+00:00
[2022-05-23 17:22:17,313] {processor.py:161} INFO - Processing /Users/mohammadrezakhorasanchian/.pyenv/versions/3.10.4/lib/python3.10/site-packages/airflow/example_dags/example_bash_operator.py took 0.103 seconds
[2022-05-23 17:23:28,642] {processor.py:153} INFO - Started process (PID=39336) to work on /Users/mohammadrezakhorasanchian/.pyenv/versions/3.10.4/lib/python3.10/site-packages/airflow/example_dags/example_bash_operator.py
[2022-05-23 17:23:28,642] {processor.py:641} INFO - Processing file /Users/mohammadrezakhorasanchian/.pyenv/versions/3.10.4/lib/python3.10/site-packages/airflow/example_dags/example_bash_operator.py for tasks to queue
[2022-05-23 17:23:28,642] {logging_mixin.py:115} INFO - [2022-05-23 17:23:28,642] {dagbag.py:507} INFO - Filling up the DagBag from /Users/mohammadrezakhorasanchian/.pyenv/versions/3.10.4/lib/python3.10/site-packages/airflow/example_dags/example_bash_operator.py
[2022-05-23 17:23:28,653] {processor.py:651} INFO - DAG(s) dict_keys(['example_bash_operator']) retrieved from /Users/mohammadrezakhorasanchian/.pyenv/versions/3.10.4/lib/python3.10/site-packages/airflow/example_dags/example_bash_operator.py
[2022-05-23 17:23:28,695] {logging_mixin.py:115} INFO - [2022-05-23 17:23:28,695] {dag.py:2371} INFO - Sync 1 DAGs
[2022-05-23 17:23:28,706] {logging_mixin.py:115} INFO - [2022-05-23 17:23:28,706] {dag.py:2915} INFO - Setting next_dagrun for example_bash_operator to 2022-05-22T00:00:00+00:00, run_after=2022-05-23T00:00:00+00:00
[2022-05-23 17:23:28,714] {processor.py:161} INFO - Processing /Users/mohammadrezakhorasanchian/.pyenv/versions/3.10.4/lib/python3.10/site-packages/airflow/example_dags/example_bash_operator.py took 0.072 seconds
[2022-05-23 17:24:36,194] {processor.py:153} INFO - Started process (PID=39444) to work on /Users/mohammadrezakhorasanchian/.pyenv/versions/3.10.4/lib/python3.10/site-packages/airflow/example_dags/example_bash_operator.py
[2022-05-23 17:24:36,196] {processor.py:641} INFO - Processing file /Users/mohammadrezakhorasanchian/.pyenv/versions/3.10.4/lib/python3.10/site-packages/airflow/example_dags/example_bash_operator.py for tasks to queue
[2022-05-23 17:24:36,196] {logging_mixin.py:115} INFO - [2022-05-23 17:24:36,196] {dagbag.py:507} INFO - Filling up the DagBag from /Users/mohammadrezakhorasanchian/.pyenv/versions/3.10.4/lib/python3.10/site-packages/airflow/example_dags/example_bash_operator.py
[2022-05-23 17:24:36,221] {processor.py:651} INFO - DAG(s) dict_keys(['example_bash_operator']) retrieved from /Users/mohammadrezakhorasanchian/.pyenv/versions/3.10.4/lib/python3.10/site-packages/airflow/example_dags/example_bash_operator.py
[2022-05-23 17:24:36,308] {logging_mixin.py:115} INFO - [2022-05-23 17:24:36,308] {dag.py:2371} INFO - Sync 1 DAGs
[2022-05-23 17:24:36,329] {logging_mixin.py:115} INFO - [2022-05-23 17:24:36,329] {dag.py:2915} INFO - Setting next_dagrun for example_bash_operator to 2022-05-22T00:00:00+00:00, run_after=2022-05-23T00:00:00+00:00
[2022-05-23 17:24:36,343] {processor.py:161} INFO - Processing /Users/mohammadrezakhorasanchian/.pyenv/versions/3.10.4/lib/python3.10/site-packages/airflow/example_dags/example_bash_operator.py took 0.149 seconds
[2022-05-23 17:34:30,176] {processor.py:153} INFO - Started process (PID=39766) to work on /Users/mohammadrezakhorasanchian/.pyenv/versions/3.10.4/lib/python3.10/site-packages/airflow/example_dags/example_bash_operator.py
[2022-05-23 17:34:30,177] {processor.py:641} INFO - Processing file /Users/mohammadrezakhorasanchian/.pyenv/versions/3.10.4/lib/python3.10/site-packages/airflow/example_dags/example_bash_operator.py for tasks to queue
[2022-05-23 17:34:30,177] {logging_mixin.py:115} INFO - [2022-05-23 17:34:30,177] {dagbag.py:507} INFO - Filling up the DagBag from /Users/mohammadrezakhorasanchian/.pyenv/versions/3.10.4/lib/python3.10/site-packages/airflow/example_dags/example_bash_operator.py
[2022-05-23 17:34:30,190] {processor.py:651} INFO - DAG(s) dict_keys(['example_bash_operator']) retrieved from /Users/mohammadrezakhorasanchian/.pyenv/versions/3.10.4/lib/python3.10/site-packages/airflow/example_dags/example_bash_operator.py
[2022-05-23 17:34:30,233] {logging_mixin.py:115} INFO - [2022-05-23 17:34:30,232] {dag.py:2371} INFO - Sync 1 DAGs
[2022-05-23 17:34:30,243] {logging_mixin.py:115} INFO - [2022-05-23 17:34:30,243] {dag.py:2915} INFO - Setting next_dagrun for example_bash_operator to 2022-05-22T00:00:00+00:00, run_after=2022-05-23T00:00:00+00:00
[2022-05-23 17:34:30,250] {processor.py:161} INFO - Processing /Users/mohammadrezakhorasanchian/.pyenv/versions/3.10.4/lib/python3.10/site-packages/airflow/example_dags/example_bash_operator.py took 0.075 seconds
[2022-05-23 17:36:01,929] {processor.py:153} INFO - Started process (PID=39829) to work on /Users/mohammadrezakhorasanchian/.pyenv/versions/3.10.4/lib/python3.10/site-packages/airflow/example_dags/example_bash_operator.py
[2022-05-23 17:36:01,930] {processor.py:641} INFO - Processing file /Users/mohammadrezakhorasanchian/.pyenv/versions/3.10.4/lib/python3.10/site-packages/airflow/example_dags/example_bash_operator.py for tasks to queue
[2022-05-23 17:36:01,930] {logging_mixin.py:115} INFO - [2022-05-23 17:36:01,930] {dagbag.py:507} INFO - Filling up the DagBag from /Users/mohammadrezakhorasanchian/.pyenv/versions/3.10.4/lib/python3.10/site-packages/airflow/example_dags/example_bash_operator.py
[2022-05-23 17:36:01,945] {processor.py:651} INFO - DAG(s) dict_keys(['example_bash_operator']) retrieved from /Users/mohammadrezakhorasanchian/.pyenv/versions/3.10.4/lib/python3.10/site-packages/airflow/example_dags/example_bash_operator.py
[2022-05-23 17:36:01,994] {logging_mixin.py:115} INFO - [2022-05-23 17:36:01,994] {dag.py:2371} INFO - Sync 1 DAGs
[2022-05-23 17:36:02,005] {logging_mixin.py:115} INFO - [2022-05-23 17:36:02,005] {dag.py:2915} INFO - Setting next_dagrun for example_bash_operator to 2022-05-22T00:00:00+00:00, run_after=2022-05-23T00:00:00+00:00
[2022-05-23 17:36:02,012] {processor.py:161} INFO - Processing /Users/mohammadrezakhorasanchian/.pyenv/versions/3.10.4/lib/python3.10/site-packages/airflow/example_dags/example_bash_operator.py took 0.084 seconds
[2022-05-23 17:37:01,942] {processor.py:153} INFO - Started process (PID=39870) to work on /Users/mohammadrezakhorasanchian/.pyenv/versions/3.10.4/lib/python3.10/site-packages/airflow/example_dags/example_bash_operator.py
[2022-05-23 17:37:01,942] {processor.py:641} INFO - Processing file /Users/mohammadrezakhorasanchian/.pyenv/versions/3.10.4/lib/python3.10/site-packages/airflow/example_dags/example_bash_operator.py for tasks to queue
[2022-05-23 17:37:01,943] {logging_mixin.py:115} INFO - [2022-05-23 17:37:01,943] {dagbag.py:507} INFO - Filling up the DagBag from /Users/mohammadrezakhorasanchian/.pyenv/versions/3.10.4/lib/python3.10/site-packages/airflow/example_dags/example_bash_operator.py
[2022-05-23 17:37:01,954] {processor.py:651} INFO - DAG(s) dict_keys(['example_bash_operator']) retrieved from /Users/mohammadrezakhorasanchian/.pyenv/versions/3.10.4/lib/python3.10/site-packages/airflow/example_dags/example_bash_operator.py
[2022-05-23 17:37:01,995] {logging_mixin.py:115} INFO - [2022-05-23 17:37:01,995] {dag.py:2371} INFO - Sync 1 DAGs
[2022-05-23 17:37:02,005] {logging_mixin.py:115} INFO - [2022-05-23 17:37:02,005] {dag.py:2915} INFO - Setting next_dagrun for example_bash_operator to 2022-05-22T00:00:00+00:00, run_after=2022-05-23T00:00:00+00:00
[2022-05-23 17:37:02,013] {processor.py:161} INFO - Processing /Users/mohammadrezakhorasanchian/.pyenv/versions/3.10.4/lib/python3.10/site-packages/airflow/example_dags/example_bash_operator.py took 0.071 seconds
[2022-05-23 17:37:58,970] {processor.py:153} INFO - Started process (PID=39909) to work on /Users/mohammadrezakhorasanchian/.pyenv/versions/3.10.4/lib/python3.10/site-packages/airflow/example_dags/example_bash_operator.py
[2022-05-23 17:37:58,970] {processor.py:641} INFO - Processing file /Users/mohammadrezakhorasanchian/.pyenv/versions/3.10.4/lib/python3.10/site-packages/airflow/example_dags/example_bash_operator.py for tasks to queue
[2022-05-23 17:37:58,970] {logging_mixin.py:115} INFO - [2022-05-23 17:37:58,970] {dagbag.py:507} INFO - Filling up the DagBag from /Users/mohammadrezakhorasanchian/.pyenv/versions/3.10.4/lib/python3.10/site-packages/airflow/example_dags/example_bash_operator.py
[2022-05-23 17:37:58,981] {processor.py:651} INFO - DAG(s) dict_keys(['example_bash_operator']) retrieved from /Users/mohammadrezakhorasanchian/.pyenv/versions/3.10.4/lib/python3.10/site-packages/airflow/example_dags/example_bash_operator.py
[2022-05-23 17:37:59,023] {logging_mixin.py:115} INFO - [2022-05-23 17:37:59,023] {dag.py:2371} INFO - Sync 1 DAGs
[2022-05-23 17:37:59,034] {logging_mixin.py:115} INFO - [2022-05-23 17:37:59,033] {dag.py:2915} INFO - Setting next_dagrun for example_bash_operator to 2022-05-22T00:00:00+00:00, run_after=2022-05-23T00:00:00+00:00
[2022-05-23 17:37:59,042] {processor.py:161} INFO - Processing /Users/mohammadrezakhorasanchian/.pyenv/versions/3.10.4/lib/python3.10/site-packages/airflow/example_dags/example_bash_operator.py took 0.073 seconds
[2022-05-23 17:39:24,913] {processor.py:153} INFO - Started process (PID=39966) to work on /Users/mohammadrezakhorasanchian/.pyenv/versions/3.10.4/lib/python3.10/site-packages/airflow/example_dags/example_bash_operator.py
[2022-05-23 17:39:24,913] {processor.py:641} INFO - Processing file /Users/mohammadrezakhorasanchian/.pyenv/versions/3.10.4/lib/python3.10/site-packages/airflow/example_dags/example_bash_operator.py for tasks to queue
[2022-05-23 17:39:24,913] {logging_mixin.py:115} INFO - [2022-05-23 17:39:24,913] {dagbag.py:507} INFO - Filling up the DagBag from /Users/mohammadrezakhorasanchian/.pyenv/versions/3.10.4/lib/python3.10/site-packages/airflow/example_dags/example_bash_operator.py
[2022-05-23 17:39:24,925] {processor.py:651} INFO - DAG(s) dict_keys(['example_bash_operator']) retrieved from /Users/mohammadrezakhorasanchian/.pyenv/versions/3.10.4/lib/python3.10/site-packages/airflow/example_dags/example_bash_operator.py
[2022-05-23 17:39:24,967] {logging_mixin.py:115} INFO - [2022-05-23 17:39:24,967] {dag.py:2371} INFO - Sync 1 DAGs
[2022-05-23 17:39:24,977] {logging_mixin.py:115} INFO - [2022-05-23 17:39:24,977] {dag.py:2915} INFO - Setting next_dagrun for example_bash_operator to 2022-05-22T00:00:00+00:00, run_after=2022-05-23T00:00:00+00:00
[2022-05-23 17:39:24,985] {processor.py:161} INFO - Processing /Users/mohammadrezakhorasanchian/.pyenv/versions/3.10.4/lib/python3.10/site-packages/airflow/example_dags/example_bash_operator.py took 0.073 seconds
[2022-05-23 17:40:24,499] {processor.py:153} INFO - Started process (PID=40003) to work on /Users/mohammadrezakhorasanchian/.pyenv/versions/3.10.4/lib/python3.10/site-packages/airflow/example_dags/example_bash_operator.py
[2022-05-23 17:40:24,499] {processor.py:641} INFO - Processing file /Users/mohammadrezakhorasanchian/.pyenv/versions/3.10.4/lib/python3.10/site-packages/airflow/example_dags/example_bash_operator.py for tasks to queue
[2022-05-23 17:40:24,499] {logging_mixin.py:115} INFO - [2022-05-23 17:40:24,499] {dagbag.py:507} INFO - Filling up the DagBag from /Users/mohammadrezakhorasanchian/.pyenv/versions/3.10.4/lib/python3.10/site-packages/airflow/example_dags/example_bash_operator.py
[2022-05-23 17:40:24,511] {processor.py:651} INFO - DAG(s) dict_keys(['example_bash_operator']) retrieved from /Users/mohammadrezakhorasanchian/.pyenv/versions/3.10.4/lib/python3.10/site-packages/airflow/example_dags/example_bash_operator.py
[2022-05-23 17:40:24,552] {logging_mixin.py:115} INFO - [2022-05-23 17:40:24,552] {dag.py:2371} INFO - Sync 1 DAGs
[2022-05-23 17:40:24,563] {logging_mixin.py:115} INFO - [2022-05-23 17:40:24,563] {dag.py:2915} INFO - Setting next_dagrun for example_bash_operator to 2022-05-22T00:00:00+00:00, run_after=2022-05-23T00:00:00+00:00
[2022-05-23 17:40:24,570] {processor.py:161} INFO - Processing /Users/mohammadrezakhorasanchian/.pyenv/versions/3.10.4/lib/python3.10/site-packages/airflow/example_dags/example_bash_operator.py took 0.072 seconds
[2022-05-23 17:41:50,623] {processor.py:153} INFO - Started process (PID=40056) to work on /Users/mohammadrezakhorasanchian/.pyenv/versions/3.10.4/lib/python3.10/site-packages/airflow/example_dags/example_bash_operator.py
[2022-05-23 17:41:50,623] {processor.py:641} INFO - Processing file /Users/mohammadrezakhorasanchian/.pyenv/versions/3.10.4/lib/python3.10/site-packages/airflow/example_dags/example_bash_operator.py for tasks to queue
[2022-05-23 17:41:50,623] {logging_mixin.py:115} INFO - [2022-05-23 17:41:50,623] {dagbag.py:507} INFO - Filling up the DagBag from /Users/mohammadrezakhorasanchian/.pyenv/versions/3.10.4/lib/python3.10/site-packages/airflow/example_dags/example_bash_operator.py
[2022-05-23 17:41:50,634] {processor.py:651} INFO - DAG(s) dict_keys(['example_bash_operator']) retrieved from /Users/mohammadrezakhorasanchian/.pyenv/versions/3.10.4/lib/python3.10/site-packages/airflow/example_dags/example_bash_operator.py
[2022-05-23 17:41:50,676] {logging_mixin.py:115} INFO - [2022-05-23 17:41:50,676] {dag.py:2371} INFO - Sync 1 DAGs
[2022-05-23 17:41:50,687] {logging_mixin.py:115} INFO - [2022-05-23 17:41:50,687] {dag.py:2915} INFO - Setting next_dagrun for example_bash_operator to 2022-05-22T00:00:00+00:00, run_after=2022-05-23T00:00:00+00:00
[2022-05-23 17:41:50,695] {processor.py:161} INFO - Processing /Users/mohammadrezakhorasanchian/.pyenv/versions/3.10.4/lib/python3.10/site-packages/airflow/example_dags/example_bash_operator.py took 0.072 seconds
[2022-05-23 17:43:18,827] {processor.py:153} INFO - Started process (PID=40115) to work on /Users/mohammadrezakhorasanchian/.pyenv/versions/3.10.4/lib/python3.10/site-packages/airflow/example_dags/example_bash_operator.py
[2022-05-23 17:43:18,827] {processor.py:641} INFO - Processing file /Users/mohammadrezakhorasanchian/.pyenv/versions/3.10.4/lib/python3.10/site-packages/airflow/example_dags/example_bash_operator.py for tasks to queue
[2022-05-23 17:43:18,827] {logging_mixin.py:115} INFO - [2022-05-23 17:43:18,827] {dagbag.py:507} INFO - Filling up the DagBag from /Users/mohammadrezakhorasanchian/.pyenv/versions/3.10.4/lib/python3.10/site-packages/airflow/example_dags/example_bash_operator.py
[2022-05-23 17:43:18,838] {processor.py:651} INFO - DAG(s) dict_keys(['example_bash_operator']) retrieved from /Users/mohammadrezakhorasanchian/.pyenv/versions/3.10.4/lib/python3.10/site-packages/airflow/example_dags/example_bash_operator.py
[2022-05-23 17:43:18,880] {logging_mixin.py:115} INFO - [2022-05-23 17:43:18,880] {dag.py:2371} INFO - Sync 1 DAGs
[2022-05-23 17:43:18,891] {logging_mixin.py:115} INFO - [2022-05-23 17:43:18,890] {dag.py:2915} INFO - Setting next_dagrun for example_bash_operator to 2022-05-22T00:00:00+00:00, run_after=2022-05-23T00:00:00+00:00
[2022-05-23 17:43:18,898] {processor.py:161} INFO - Processing /Users/mohammadrezakhorasanchian/.pyenv/versions/3.10.4/lib/python3.10/site-packages/airflow/example_dags/example_bash_operator.py took 0.072 seconds
[2022-05-23 17:44:17,701] {processor.py:153} INFO - Started process (PID=40153) to work on /Users/mohammadrezakhorasanchian/.pyenv/versions/3.10.4/lib/python3.10/site-packages/airflow/example_dags/example_bash_operator.py
[2022-05-23 17:44:17,702] {processor.py:641} INFO - Processing file /Users/mohammadrezakhorasanchian/.pyenv/versions/3.10.4/lib/python3.10/site-packages/airflow/example_dags/example_bash_operator.py for tasks to queue
[2022-05-23 17:44:17,702] {logging_mixin.py:115} INFO - [2022-05-23 17:44:17,702] {dagbag.py:507} INFO - Filling up the DagBag from /Users/mohammadrezakhorasanchian/.pyenv/versions/3.10.4/lib/python3.10/site-packages/airflow/example_dags/example_bash_operator.py
[2022-05-23 17:44:17,713] {processor.py:651} INFO - DAG(s) dict_keys(['example_bash_operator']) retrieved from /Users/mohammadrezakhorasanchian/.pyenv/versions/3.10.4/lib/python3.10/site-packages/airflow/example_dags/example_bash_operator.py
[2022-05-23 17:44:17,755] {logging_mixin.py:115} INFO - [2022-05-23 17:44:17,755] {dag.py:2371} INFO - Sync 1 DAGs
[2022-05-23 17:44:17,765] {logging_mixin.py:115} INFO - [2022-05-23 17:44:17,765] {dag.py:2915} INFO - Setting next_dagrun for example_bash_operator to 2022-05-22T00:00:00+00:00, run_after=2022-05-23T00:00:00+00:00
[2022-05-23 17:44:17,773] {processor.py:161} INFO - Processing /Users/mohammadrezakhorasanchian/.pyenv/versions/3.10.4/lib/python3.10/site-packages/airflow/example_dags/example_bash_operator.py took 0.072 seconds
[2022-05-23 17:45:18,589] {processor.py:153} INFO - Started process (PID=40191) to work on /Users/mohammadrezakhorasanchian/.pyenv/versions/3.10.4/lib/python3.10/site-packages/airflow/example_dags/example_bash_operator.py
[2022-05-23 17:45:18,589] {processor.py:641} INFO - Processing file /Users/mohammadrezakhorasanchian/.pyenv/versions/3.10.4/lib/python3.10/site-packages/airflow/example_dags/example_bash_operator.py for tasks to queue
[2022-05-23 17:45:18,589] {logging_mixin.py:115} INFO - [2022-05-23 17:45:18,589] {dagbag.py:507} INFO - Filling up the DagBag from /Users/mohammadrezakhorasanchian/.pyenv/versions/3.10.4/lib/python3.10/site-packages/airflow/example_dags/example_bash_operator.py
[2022-05-23 17:45:18,601] {processor.py:651} INFO - DAG(s) dict_keys(['example_bash_operator']) retrieved from /Users/mohammadrezakhorasanchian/.pyenv/versions/3.10.4/lib/python3.10/site-packages/airflow/example_dags/example_bash_operator.py
[2022-05-23 17:45:18,644] {logging_mixin.py:115} INFO - [2022-05-23 17:45:18,644] {dag.py:2371} INFO - Sync 1 DAGs
[2022-05-23 17:45:18,655] {logging_mixin.py:115} INFO - [2022-05-23 17:45:18,655] {dag.py:2915} INFO - Setting next_dagrun for example_bash_operator to 2022-05-22T00:00:00+00:00, run_after=2022-05-23T00:00:00+00:00
[2022-05-23 17:45:18,663] {processor.py:161} INFO - Processing /Users/mohammadrezakhorasanchian/.pyenv/versions/3.10.4/lib/python3.10/site-packages/airflow/example_dags/example_bash_operator.py took 0.075 seconds
[2022-05-23 17:46:44,061] {processor.py:153} INFO - Started process (PID=40251) to work on /Users/mohammadrezakhorasanchian/.pyenv/versions/3.10.4/lib/python3.10/site-packages/airflow/example_dags/example_bash_operator.py
[2022-05-23 17:46:44,061] {processor.py:641} INFO - Processing file /Users/mohammadrezakhorasanchian/.pyenv/versions/3.10.4/lib/python3.10/site-packages/airflow/example_dags/example_bash_operator.py for tasks to queue
[2022-05-23 17:46:44,062] {logging_mixin.py:115} INFO - [2022-05-23 17:46:44,062] {dagbag.py:507} INFO - Filling up the DagBag from /Users/mohammadrezakhorasanchian/.pyenv/versions/3.10.4/lib/python3.10/site-packages/airflow/example_dags/example_bash_operator.py
[2022-05-23 17:46:44,073] {processor.py:651} INFO - DAG(s) dict_keys(['example_bash_operator']) retrieved from /Users/mohammadrezakhorasanchian/.pyenv/versions/3.10.4/lib/python3.10/site-packages/airflow/example_dags/example_bash_operator.py
[2022-05-23 17:46:44,115] {logging_mixin.py:115} INFO - [2022-05-23 17:46:44,115] {dag.py:2371} INFO - Sync 1 DAGs
[2022-05-23 17:46:44,126] {logging_mixin.py:115} INFO - [2022-05-23 17:46:44,126] {dag.py:2915} INFO - Setting next_dagrun for example_bash_operator to 2022-05-22T00:00:00+00:00, run_after=2022-05-23T00:00:00+00:00
[2022-05-23 17:46:44,133] {processor.py:161} INFO - Processing /Users/mohammadrezakhorasanchian/.pyenv/versions/3.10.4/lib/python3.10/site-packages/airflow/example_dags/example_bash_operator.py took 0.073 seconds
[2022-05-23 17:47:44,159] {processor.py:153} INFO - Started process (PID=40293) to work on /Users/mohammadrezakhorasanchian/.pyenv/versions/3.10.4/lib/python3.10/site-packages/airflow/example_dags/example_bash_operator.py
[2022-05-23 17:47:44,159] {processor.py:641} INFO - Processing file /Users/mohammadrezakhorasanchian/.pyenv/versions/3.10.4/lib/python3.10/site-packages/airflow/example_dags/example_bash_operator.py for tasks to queue
[2022-05-23 17:47:44,159] {logging_mixin.py:115} INFO - [2022-05-23 17:47:44,159] {dagbag.py:507} INFO - Filling up the DagBag from /Users/mohammadrezakhorasanchian/.pyenv/versions/3.10.4/lib/python3.10/site-packages/airflow/example_dags/example_bash_operator.py
[2022-05-23 17:47:44,170] {processor.py:651} INFO - DAG(s) dict_keys(['example_bash_operator']) retrieved from /Users/mohammadrezakhorasanchian/.pyenv/versions/3.10.4/lib/python3.10/site-packages/airflow/example_dags/example_bash_operator.py
[2022-05-23 17:47:44,212] {logging_mixin.py:115} INFO - [2022-05-23 17:47:44,212] {dag.py:2371} INFO - Sync 1 DAGs
[2022-05-23 17:47:44,222] {logging_mixin.py:115} INFO - [2022-05-23 17:47:44,222] {dag.py:2915} INFO - Setting next_dagrun for example_bash_operator to 2022-05-22T00:00:00+00:00, run_after=2022-05-23T00:00:00+00:00
[2022-05-23 17:47:44,230] {processor.py:161} INFO - Processing /Users/mohammadrezakhorasanchian/.pyenv/versions/3.10.4/lib/python3.10/site-packages/airflow/example_dags/example_bash_operator.py took 0.072 seconds
[2022-05-23 17:49:10,875] {processor.py:153} INFO - Started process (PID=40353) to work on /Users/mohammadrezakhorasanchian/.pyenv/versions/3.10.4/lib/python3.10/site-packages/airflow/example_dags/example_bash_operator.py
[2022-05-23 17:49:10,875] {processor.py:641} INFO - Processing file /Users/mohammadrezakhorasanchian/.pyenv/versions/3.10.4/lib/python3.10/site-packages/airflow/example_dags/example_bash_operator.py for tasks to queue
[2022-05-23 17:49:10,876] {logging_mixin.py:115} INFO - [2022-05-23 17:49:10,876] {dagbag.py:507} INFO - Filling up the DagBag from /Users/mohammadrezakhorasanchian/.pyenv/versions/3.10.4/lib/python3.10/site-packages/airflow/example_dags/example_bash_operator.py
[2022-05-23 17:49:10,890] {processor.py:651} INFO - DAG(s) dict_keys(['example_bash_operator']) retrieved from /Users/mohammadrezakhorasanchian/.pyenv/versions/3.10.4/lib/python3.10/site-packages/airflow/example_dags/example_bash_operator.py
[2022-05-23 17:49:10,944] {logging_mixin.py:115} INFO - [2022-05-23 17:49:10,944] {dag.py:2371} INFO - Sync 1 DAGs
[2022-05-23 17:49:10,958] {logging_mixin.py:115} INFO - [2022-05-23 17:49:10,958] {dag.py:2915} INFO - Setting next_dagrun for example_bash_operator to 2022-05-22T00:00:00+00:00, run_after=2022-05-23T00:00:00+00:00
[2022-05-23 17:49:10,966] {processor.py:161} INFO - Processing /Users/mohammadrezakhorasanchian/.pyenv/versions/3.10.4/lib/python3.10/site-packages/airflow/example_dags/example_bash_operator.py took 0.091 seconds
[2022-05-23 17:52:15,473] {processor.py:153} INFO - Started process (PID=40513) to work on /Users/mohammadrezakhorasanchian/.pyenv/versions/3.10.4/lib/python3.10/site-packages/airflow/example_dags/example_bash_operator.py
[2022-05-23 17:52:15,473] {processor.py:641} INFO - Processing file /Users/mohammadrezakhorasanchian/.pyenv/versions/3.10.4/lib/python3.10/site-packages/airflow/example_dags/example_bash_operator.py for tasks to queue
[2022-05-23 17:52:15,473] {logging_mixin.py:115} INFO - [2022-05-23 17:52:15,473] {dagbag.py:507} INFO - Filling up the DagBag from /Users/mohammadrezakhorasanchian/.pyenv/versions/3.10.4/lib/python3.10/site-packages/airflow/example_dags/example_bash_operator.py
[2022-05-23 17:52:15,484] {processor.py:651} INFO - DAG(s) dict_keys(['example_bash_operator']) retrieved from /Users/mohammadrezakhorasanchian/.pyenv/versions/3.10.4/lib/python3.10/site-packages/airflow/example_dags/example_bash_operator.py
[2022-05-23 17:52:15,526] {logging_mixin.py:115} INFO - [2022-05-23 17:52:15,526] {dag.py:2371} INFO - Sync 1 DAGs
[2022-05-23 17:52:15,536] {logging_mixin.py:115} INFO - [2022-05-23 17:52:15,536] {dag.py:2915} INFO - Setting next_dagrun for example_bash_operator to 2022-05-22T00:00:00+00:00, run_after=2022-05-23T00:00:00+00:00
[2022-05-23 17:52:15,543] {processor.py:161} INFO - Processing /Users/mohammadrezakhorasanchian/.pyenv/versions/3.10.4/lib/python3.10/site-packages/airflow/example_dags/example_bash_operator.py took 0.071 seconds
[2022-05-23 17:59:12,028] {processor.py:153} INFO - Started process (PID=40602) to work on /Users/mohammadrezakhorasanchian/.pyenv/versions/3.10.4/lib/python3.10/site-packages/airflow/example_dags/example_bash_operator.py
[2022-05-23 17:59:12,028] {processor.py:641} INFO - Processing file /Users/mohammadrezakhorasanchian/.pyenv/versions/3.10.4/lib/python3.10/site-packages/airflow/example_dags/example_bash_operator.py for tasks to queue
[2022-05-23 17:59:12,028] {logging_mixin.py:115} INFO - [2022-05-23 17:59:12,028] {dagbag.py:507} INFO - Filling up the DagBag from /Users/mohammadrezakhorasanchian/.pyenv/versions/3.10.4/lib/python3.10/site-packages/airflow/example_dags/example_bash_operator.py
[2022-05-23 17:59:12,039] {processor.py:651} INFO - DAG(s) dict_keys(['example_bash_operator']) retrieved from /Users/mohammadrezakhorasanchian/.pyenv/versions/3.10.4/lib/python3.10/site-packages/airflow/example_dags/example_bash_operator.py
[2022-05-23 17:59:12,081] {logging_mixin.py:115} INFO - [2022-05-23 17:59:12,081] {dag.py:2371} INFO - Sync 1 DAGs
[2022-05-23 17:59:12,092] {logging_mixin.py:115} INFO - [2022-05-23 17:59:12,092] {dag.py:2915} INFO - Setting next_dagrun for example_bash_operator to 2022-05-22T00:00:00+00:00, run_after=2022-05-23T00:00:00+00:00
[2022-05-23 17:59:12,100] {processor.py:161} INFO - Processing /Users/mohammadrezakhorasanchian/.pyenv/versions/3.10.4/lib/python3.10/site-packages/airflow/example_dags/example_bash_operator.py took 0.073 seconds
[2022-05-23 18:00:38,453] {processor.py:153} INFO - Started process (PID=40654) to work on /Users/mohammadrezakhorasanchian/.pyenv/versions/3.10.4/lib/python3.10/site-packages/airflow/example_dags/example_bash_operator.py
[2022-05-23 18:00:38,453] {processor.py:641} INFO - Processing file /Users/mohammadrezakhorasanchian/.pyenv/versions/3.10.4/lib/python3.10/site-packages/airflow/example_dags/example_bash_operator.py for tasks to queue
[2022-05-23 18:00:38,454] {logging_mixin.py:115} INFO - [2022-05-23 18:00:38,454] {dagbag.py:507} INFO - Filling up the DagBag from /Users/mohammadrezakhorasanchian/.pyenv/versions/3.10.4/lib/python3.10/site-packages/airflow/example_dags/example_bash_operator.py
[2022-05-23 18:00:38,465] {processor.py:651} INFO - DAG(s) dict_keys(['example_bash_operator']) retrieved from /Users/mohammadrezakhorasanchian/.pyenv/versions/3.10.4/lib/python3.10/site-packages/airflow/example_dags/example_bash_operator.py
[2022-05-23 18:00:38,507] {logging_mixin.py:115} INFO - [2022-05-23 18:00:38,507] {dag.py:2371} INFO - Sync 1 DAGs
[2022-05-23 18:00:38,518] {logging_mixin.py:115} INFO - [2022-05-23 18:00:38,518] {dag.py:2915} INFO - Setting next_dagrun for example_bash_operator to 2022-05-22T00:00:00+00:00, run_after=2022-05-23T00:00:00+00:00
[2022-05-23 18:00:38,526] {processor.py:161} INFO - Processing /Users/mohammadrezakhorasanchian/.pyenv/versions/3.10.4/lib/python3.10/site-packages/airflow/example_dags/example_bash_operator.py took 0.073 seconds
[2022-05-23 18:01:38,534] {processor.py:153} INFO - Started process (PID=40692) to work on /Users/mohammadrezakhorasanchian/.pyenv/versions/3.10.4/lib/python3.10/site-packages/airflow/example_dags/example_bash_operator.py
[2022-05-23 18:01:38,534] {processor.py:641} INFO - Processing file /Users/mohammadrezakhorasanchian/.pyenv/versions/3.10.4/lib/python3.10/site-packages/airflow/example_dags/example_bash_operator.py for tasks to queue
[2022-05-23 18:01:38,534] {logging_mixin.py:115} INFO - [2022-05-23 18:01:38,534] {dagbag.py:507} INFO - Filling up the DagBag from /Users/mohammadrezakhorasanchian/.pyenv/versions/3.10.4/lib/python3.10/site-packages/airflow/example_dags/example_bash_operator.py
[2022-05-23 18:01:38,550] {processor.py:651} INFO - DAG(s) dict_keys(['example_bash_operator']) retrieved from /Users/mohammadrezakhorasanchian/.pyenv/versions/3.10.4/lib/python3.10/site-packages/airflow/example_dags/example_bash_operator.py
[2022-05-23 18:01:38,604] {logging_mixin.py:115} INFO - [2022-05-23 18:01:38,604] {dag.py:2371} INFO - Sync 1 DAGs
[2022-05-23 18:01:38,617] {logging_mixin.py:115} INFO - [2022-05-23 18:01:38,617] {dag.py:2915} INFO - Setting next_dagrun for example_bash_operator to 2022-05-22T00:00:00+00:00, run_after=2022-05-23T00:00:00+00:00
[2022-05-23 18:01:38,625] {processor.py:161} INFO - Processing /Users/mohammadrezakhorasanchian/.pyenv/versions/3.10.4/lib/python3.10/site-packages/airflow/example_dags/example_bash_operator.py took 0.092 seconds
[2022-05-23 18:02:37,114] {processor.py:153} INFO - Started process (PID=40731) to work on /Users/mohammadrezakhorasanchian/.pyenv/versions/3.10.4/lib/python3.10/site-packages/airflow/example_dags/example_bash_operator.py
[2022-05-23 18:02:37,114] {processor.py:641} INFO - Processing file /Users/mohammadrezakhorasanchian/.pyenv/versions/3.10.4/lib/python3.10/site-packages/airflow/example_dags/example_bash_operator.py for tasks to queue
[2022-05-23 18:02:37,114] {logging_mixin.py:115} INFO - [2022-05-23 18:02:37,114] {dagbag.py:507} INFO - Filling up the DagBag from /Users/mohammadrezakhorasanchian/.pyenv/versions/3.10.4/lib/python3.10/site-packages/airflow/example_dags/example_bash_operator.py
[2022-05-23 18:02:37,125] {processor.py:651} INFO - DAG(s) dict_keys(['example_bash_operator']) retrieved from /Users/mohammadrezakhorasanchian/.pyenv/versions/3.10.4/lib/python3.10/site-packages/airflow/example_dags/example_bash_operator.py
[2022-05-23 18:02:37,167] {logging_mixin.py:115} INFO - [2022-05-23 18:02:37,167] {dag.py:2371} INFO - Sync 1 DAGs
[2022-05-23 18:02:37,177] {logging_mixin.py:115} INFO - [2022-05-23 18:02:37,177] {dag.py:2915} INFO - Setting next_dagrun for example_bash_operator to 2022-05-22T00:00:00+00:00, run_after=2022-05-23T00:00:00+00:00
[2022-05-23 18:02:37,185] {processor.py:161} INFO - Processing /Users/mohammadrezakhorasanchian/.pyenv/versions/3.10.4/lib/python3.10/site-packages/airflow/example_dags/example_bash_operator.py took 0.071 seconds
[2022-05-23 18:03:57,750] {processor.py:153} INFO - Started process (PID=40788) to work on /Users/mohammadrezakhorasanchian/.pyenv/versions/3.10.4/lib/python3.10/site-packages/airflow/example_dags/example_bash_operator.py
[2022-05-23 18:03:57,750] {processor.py:641} INFO - Processing file /Users/mohammadrezakhorasanchian/.pyenv/versions/3.10.4/lib/python3.10/site-packages/airflow/example_dags/example_bash_operator.py for tasks to queue
[2022-05-23 18:03:57,751] {logging_mixin.py:115} INFO - [2022-05-23 18:03:57,751] {dagbag.py:507} INFO - Filling up the DagBag from /Users/mohammadrezakhorasanchian/.pyenv/versions/3.10.4/lib/python3.10/site-packages/airflow/example_dags/example_bash_operator.py
[2022-05-23 18:03:57,762] {processor.py:651} INFO - DAG(s) dict_keys(['example_bash_operator']) retrieved from /Users/mohammadrezakhorasanchian/.pyenv/versions/3.10.4/lib/python3.10/site-packages/airflow/example_dags/example_bash_operator.py
[2022-05-23 18:03:57,805] {logging_mixin.py:115} INFO - [2022-05-23 18:03:57,805] {dag.py:2371} INFO - Sync 1 DAGs
[2022-05-23 18:03:57,817] {logging_mixin.py:115} INFO - [2022-05-23 18:03:57,817] {dag.py:2915} INFO - Setting next_dagrun for example_bash_operator to 2022-05-22T00:00:00+00:00, run_after=2022-05-23T00:00:00+00:00
[2022-05-23 18:03:57,824] {processor.py:161} INFO - Processing /Users/mohammadrezakhorasanchian/.pyenv/versions/3.10.4/lib/python3.10/site-packages/airflow/example_dags/example_bash_operator.py took 0.074 seconds
[2022-05-23 18:05:20,287] {processor.py:153} INFO - Started process (PID=40841) to work on /Users/mohammadrezakhorasanchian/.pyenv/versions/3.10.4/lib/python3.10/site-packages/airflow/example_dags/example_bash_operator.py
[2022-05-23 18:05:20,287] {processor.py:641} INFO - Processing file /Users/mohammadrezakhorasanchian/.pyenv/versions/3.10.4/lib/python3.10/site-packages/airflow/example_dags/example_bash_operator.py for tasks to queue
[2022-05-23 18:05:20,288] {logging_mixin.py:115} INFO - [2022-05-23 18:05:20,288] {dagbag.py:507} INFO - Filling up the DagBag from /Users/mohammadrezakhorasanchian/.pyenv/versions/3.10.4/lib/python3.10/site-packages/airflow/example_dags/example_bash_operator.py
[2022-05-23 18:05:20,299] {processor.py:651} INFO - DAG(s) dict_keys(['example_bash_operator']) retrieved from /Users/mohammadrezakhorasanchian/.pyenv/versions/3.10.4/lib/python3.10/site-packages/airflow/example_dags/example_bash_operator.py
[2022-05-23 18:05:20,341] {logging_mixin.py:115} INFO - [2022-05-23 18:05:20,341] {dag.py:2371} INFO - Sync 1 DAGs
[2022-05-23 18:05:20,351] {logging_mixin.py:115} INFO - [2022-05-23 18:05:20,351] {dag.py:2915} INFO - Setting next_dagrun for example_bash_operator to 2022-05-22T00:00:00+00:00, run_after=2022-05-23T00:00:00+00:00
[2022-05-23 18:05:20,359] {processor.py:161} INFO - Processing /Users/mohammadrezakhorasanchian/.pyenv/versions/3.10.4/lib/python3.10/site-packages/airflow/example_dags/example_bash_operator.py took 0.072 seconds
[2022-05-23 18:06:48,248] {processor.py:153} INFO - Started process (PID=40897) to work on /Users/mohammadrezakhorasanchian/.pyenv/versions/3.10.4/lib/python3.10/site-packages/airflow/example_dags/example_bash_operator.py
[2022-05-23 18:06:48,248] {processor.py:641} INFO - Processing file /Users/mohammadrezakhorasanchian/.pyenv/versions/3.10.4/lib/python3.10/site-packages/airflow/example_dags/example_bash_operator.py for tasks to queue
[2022-05-23 18:06:48,248] {logging_mixin.py:115} INFO - [2022-05-23 18:06:48,248] {dagbag.py:507} INFO - Filling up the DagBag from /Users/mohammadrezakhorasanchian/.pyenv/versions/3.10.4/lib/python3.10/site-packages/airflow/example_dags/example_bash_operator.py
[2022-05-23 18:06:48,260] {processor.py:651} INFO - DAG(s) dict_keys(['example_bash_operator']) retrieved from /Users/mohammadrezakhorasanchian/.pyenv/versions/3.10.4/lib/python3.10/site-packages/airflow/example_dags/example_bash_operator.py
[2022-05-23 18:06:48,302] {logging_mixin.py:115} INFO - [2022-05-23 18:06:48,302] {dag.py:2371} INFO - Sync 1 DAGs
[2022-05-23 18:06:48,313] {logging_mixin.py:115} INFO - [2022-05-23 18:06:48,313] {dag.py:2915} INFO - Setting next_dagrun for example_bash_operator to 2022-05-22T00:00:00+00:00, run_after=2022-05-23T00:00:00+00:00
[2022-05-23 18:06:48,320] {processor.py:161} INFO - Processing /Users/mohammadrezakhorasanchian/.pyenv/versions/3.10.4/lib/python3.10/site-packages/airflow/example_dags/example_bash_operator.py took 0.072 seconds
[2022-05-23 18:08:19,141] {processor.py:153} INFO - Started process (PID=40957) to work on /Users/mohammadrezakhorasanchian/.pyenv/versions/3.10.4/lib/python3.10/site-packages/airflow/example_dags/example_bash_operator.py
[2022-05-23 18:08:19,141] {processor.py:641} INFO - Processing file /Users/mohammadrezakhorasanchian/.pyenv/versions/3.10.4/lib/python3.10/site-packages/airflow/example_dags/example_bash_operator.py for tasks to queue
[2022-05-23 18:08:19,141] {logging_mixin.py:115} INFO - [2022-05-23 18:08:19,141] {dagbag.py:507} INFO - Filling up the DagBag from /Users/mohammadrezakhorasanchian/.pyenv/versions/3.10.4/lib/python3.10/site-packages/airflow/example_dags/example_bash_operator.py
[2022-05-23 18:08:19,154] {processor.py:651} INFO - DAG(s) dict_keys(['example_bash_operator']) retrieved from /Users/mohammadrezakhorasanchian/.pyenv/versions/3.10.4/lib/python3.10/site-packages/airflow/example_dags/example_bash_operator.py
[2022-05-23 18:08:19,196] {logging_mixin.py:115} INFO - [2022-05-23 18:08:19,196] {dag.py:2371} INFO - Sync 1 DAGs
[2022-05-23 18:08:19,206] {logging_mixin.py:115} INFO - [2022-05-23 18:08:19,206] {dag.py:2915} INFO - Setting next_dagrun for example_bash_operator to 2022-05-22T00:00:00+00:00, run_after=2022-05-23T00:00:00+00:00
[2022-05-23 18:08:19,214] {processor.py:161} INFO - Processing /Users/mohammadrezakhorasanchian/.pyenv/versions/3.10.4/lib/python3.10/site-packages/airflow/example_dags/example_bash_operator.py took 0.074 seconds
[2022-05-23 18:14:59,145] {processor.py:153} INFO - Started process (PID=41149) to work on /Users/mohammadrezakhorasanchian/.pyenv/versions/3.10.4/lib/python3.10/site-packages/airflow/example_dags/example_bash_operator.py
[2022-05-23 18:14:59,147] {processor.py:641} INFO - Processing file /Users/mohammadrezakhorasanchian/.pyenv/versions/3.10.4/lib/python3.10/site-packages/airflow/example_dags/example_bash_operator.py for tasks to queue
[2022-05-23 18:14:59,147] {logging_mixin.py:115} INFO - [2022-05-23 18:14:59,147] {dagbag.py:507} INFO - Filling up the DagBag from /Users/mohammadrezakhorasanchian/.pyenv/versions/3.10.4/lib/python3.10/site-packages/airflow/example_dags/example_bash_operator.py
[2022-05-23 18:14:59,162] {processor.py:651} INFO - DAG(s) dict_keys(['example_bash_operator']) retrieved from /Users/mohammadrezakhorasanchian/.pyenv/versions/3.10.4/lib/python3.10/site-packages/airflow/example_dags/example_bash_operator.py
[2022-05-23 18:14:59,220] {logging_mixin.py:115} INFO - [2022-05-23 18:14:59,220] {dag.py:2371} INFO - Sync 1 DAGs
[2022-05-23 18:14:59,236] {logging_mixin.py:115} INFO - [2022-05-23 18:14:59,236] {dag.py:2915} INFO - Setting next_dagrun for example_bash_operator to 2022-05-22T00:00:00+00:00, run_after=2022-05-23T00:00:00+00:00
[2022-05-23 18:14:59,245] {processor.py:161} INFO - Processing /Users/mohammadrezakhorasanchian/.pyenv/versions/3.10.4/lib/python3.10/site-packages/airflow/example_dags/example_bash_operator.py took 0.100 seconds
