[2022-05-23 16:13:55,940] {processor.py:153} INFO - Started process (PID=36372) to work on /Users/mohammadrezakhorasanchian/.pyenv/versions/3.10.4/lib/python3.10/site-packages/airflow/example_dags/example_branch_day_of_week_operator.py
[2022-05-23 16:13:55,940] {processor.py:641} INFO - Processing file /Users/mohammadrezakhorasanchian/.pyenv/versions/3.10.4/lib/python3.10/site-packages/airflow/example_dags/example_branch_day_of_week_operator.py for tasks to queue
[2022-05-23 16:13:55,940] {logging_mixin.py:115} INFO - [2022-05-23 16:13:55,940] {dagbag.py:507} INFO - Filling up the DagBag from /Users/mohammadrezakhorasanchian/.pyenv/versions/3.10.4/lib/python3.10/site-packages/airflow/example_dags/example_branch_day_of_week_operator.py
[2022-05-23 16:13:55,950] {processor.py:651} INFO - DAG(s) dict_keys(['example_weekday_branch_operator']) retrieved from /Users/mohammadrezakhorasanchian/.pyenv/versions/3.10.4/lib/python3.10/site-packages/airflow/example_dags/example_branch_day_of_week_operator.py
[2022-05-23 16:13:55,992] {logging_mixin.py:115} INFO - [2022-05-23 16:13:55,991] {dag.py:2371} INFO - Sync 1 DAGs
[2022-05-23 16:13:56,002] {logging_mixin.py:115} INFO - [2022-05-23 16:13:56,002] {dag.py:2915} INFO - Setting next_dagrun for example_weekday_branch_operator to 2022-05-22T00:00:00+00:00, run_after=2022-05-23T00:00:00+00:00
[2022-05-23 16:13:56,009] {processor.py:161} INFO - Processing /Users/mohammadrezakhorasanchian/.pyenv/versions/3.10.4/lib/python3.10/site-packages/airflow/example_dags/example_branch_day_of_week_operator.py took 0.070 seconds
[2022-05-23 16:14:58,731] {processor.py:153} INFO - Started process (PID=36459) to work on /Users/mohammadrezakhorasanchian/.pyenv/versions/3.10.4/lib/python3.10/site-packages/airflow/example_dags/example_branch_day_of_week_operator.py
[2022-05-23 16:14:58,732] {processor.py:641} INFO - Processing file /Users/mohammadrezakhorasanchian/.pyenv/versions/3.10.4/lib/python3.10/site-packages/airflow/example_dags/example_branch_day_of_week_operator.py for tasks to queue
[2022-05-23 16:14:58,732] {logging_mixin.py:115} INFO - [2022-05-23 16:14:58,732] {dagbag.py:507} INFO - Filling up the DagBag from /Users/mohammadrezakhorasanchian/.pyenv/versions/3.10.4/lib/python3.10/site-packages/airflow/example_dags/example_branch_day_of_week_operator.py
[2022-05-23 16:14:58,742] {processor.py:651} INFO - DAG(s) dict_keys(['example_weekday_branch_operator']) retrieved from /Users/mohammadrezakhorasanchian/.pyenv/versions/3.10.4/lib/python3.10/site-packages/airflow/example_dags/example_branch_day_of_week_operator.py
[2022-05-23 16:14:58,783] {logging_mixin.py:115} INFO - [2022-05-23 16:14:58,783] {dag.py:2371} INFO - Sync 1 DAGs
[2022-05-23 16:14:58,794] {logging_mixin.py:115} INFO - [2022-05-23 16:14:58,794] {dag.py:2915} INFO - Setting next_dagrun for example_weekday_branch_operator to 2022-05-22T00:00:00+00:00, run_after=2022-05-23T00:00:00+00:00
[2022-05-23 16:14:58,801] {processor.py:161} INFO - Processing /Users/mohammadrezakhorasanchian/.pyenv/versions/3.10.4/lib/python3.10/site-packages/airflow/example_dags/example_branch_day_of_week_operator.py took 0.070 seconds
[2022-05-23 16:16:03,000] {processor.py:153} INFO - Started process (PID=36548) to work on /Users/mohammadrezakhorasanchian/.pyenv/versions/3.10.4/lib/python3.10/site-packages/airflow/example_dags/example_branch_day_of_week_operator.py
[2022-05-23 16:16:03,000] {processor.py:641} INFO - Processing file /Users/mohammadrezakhorasanchian/.pyenv/versions/3.10.4/lib/python3.10/site-packages/airflow/example_dags/example_branch_day_of_week_operator.py for tasks to queue
[2022-05-23 16:16:03,000] {logging_mixin.py:115} INFO - [2022-05-23 16:16:03,000] {dagbag.py:507} INFO - Filling up the DagBag from /Users/mohammadrezakhorasanchian/.pyenv/versions/3.10.4/lib/python3.10/site-packages/airflow/example_dags/example_branch_day_of_week_operator.py
[2022-05-23 16:16:03,010] {processor.py:651} INFO - DAG(s) dict_keys(['example_weekday_branch_operator']) retrieved from /Users/mohammadrezakhorasanchian/.pyenv/versions/3.10.4/lib/python3.10/site-packages/airflow/example_dags/example_branch_day_of_week_operator.py
[2022-05-23 16:16:03,052] {logging_mixin.py:115} INFO - [2022-05-23 16:16:03,052] {dag.py:2371} INFO - Sync 1 DAGs
[2022-05-23 16:16:03,063] {logging_mixin.py:115} INFO - [2022-05-23 16:16:03,063] {dag.py:2915} INFO - Setting next_dagrun for example_weekday_branch_operator to 2022-05-22T00:00:00+00:00, run_after=2022-05-23T00:00:00+00:00
[2022-05-23 16:16:03,070] {processor.py:161} INFO - Processing /Users/mohammadrezakhorasanchian/.pyenv/versions/3.10.4/lib/python3.10/site-packages/airflow/example_dags/example_branch_day_of_week_operator.py took 0.071 seconds
[2022-05-23 16:17:03,156] {processor.py:153} INFO - Started process (PID=36653) to work on /Users/mohammadrezakhorasanchian/.pyenv/versions/3.10.4/lib/python3.10/site-packages/airflow/example_dags/example_branch_day_of_week_operator.py
[2022-05-23 16:17:03,156] {processor.py:641} INFO - Processing file /Users/mohammadrezakhorasanchian/.pyenv/versions/3.10.4/lib/python3.10/site-packages/airflow/example_dags/example_branch_day_of_week_operator.py for tasks to queue
[2022-05-23 16:17:03,156] {logging_mixin.py:115} INFO - [2022-05-23 16:17:03,156] {dagbag.py:507} INFO - Filling up the DagBag from /Users/mohammadrezakhorasanchian/.pyenv/versions/3.10.4/lib/python3.10/site-packages/airflow/example_dags/example_branch_day_of_week_operator.py
[2022-05-23 16:17:03,169] {processor.py:651} INFO - DAG(s) dict_keys(['example_weekday_branch_operator']) retrieved from /Users/mohammadrezakhorasanchian/.pyenv/versions/3.10.4/lib/python3.10/site-packages/airflow/example_dags/example_branch_day_of_week_operator.py
[2022-05-23 16:17:03,221] {logging_mixin.py:115} INFO - [2022-05-23 16:17:03,220] {dag.py:2371} INFO - Sync 1 DAGs
[2022-05-23 16:17:03,234] {logging_mixin.py:115} INFO - [2022-05-23 16:17:03,234] {dag.py:2915} INFO - Setting next_dagrun for example_weekday_branch_operator to 2022-05-22T00:00:00+00:00, run_after=2022-05-23T00:00:00+00:00
[2022-05-23 16:17:03,242] {processor.py:161} INFO - Processing /Users/mohammadrezakhorasanchian/.pyenv/versions/3.10.4/lib/python3.10/site-packages/airflow/example_dags/example_branch_day_of_week_operator.py took 0.087 seconds
[2022-05-23 16:18:03,808] {processor.py:153} INFO - Started process (PID=36705) to work on /Users/mohammadrezakhorasanchian/.pyenv/versions/3.10.4/lib/python3.10/site-packages/airflow/example_dags/example_branch_day_of_week_operator.py
[2022-05-23 16:18:03,808] {processor.py:641} INFO - Processing file /Users/mohammadrezakhorasanchian/.pyenv/versions/3.10.4/lib/python3.10/site-packages/airflow/example_dags/example_branch_day_of_week_operator.py for tasks to queue
[2022-05-23 16:18:03,809] {logging_mixin.py:115} INFO - [2022-05-23 16:18:03,809] {dagbag.py:507} INFO - Filling up the DagBag from /Users/mohammadrezakhorasanchian/.pyenv/versions/3.10.4/lib/python3.10/site-packages/airflow/example_dags/example_branch_day_of_week_operator.py
[2022-05-23 16:18:03,819] {processor.py:651} INFO - DAG(s) dict_keys(['example_weekday_branch_operator']) retrieved from /Users/mohammadrezakhorasanchian/.pyenv/versions/3.10.4/lib/python3.10/site-packages/airflow/example_dags/example_branch_day_of_week_operator.py
[2022-05-23 16:18:03,860] {logging_mixin.py:115} INFO - [2022-05-23 16:18:03,860] {dag.py:2371} INFO - Sync 1 DAGs
[2022-05-23 16:18:03,871] {logging_mixin.py:115} INFO - [2022-05-23 16:18:03,871] {dag.py:2915} INFO - Setting next_dagrun for example_weekday_branch_operator to 2022-05-22T00:00:00+00:00, run_after=2022-05-23T00:00:00+00:00
[2022-05-23 16:18:03,877] {processor.py:161} INFO - Processing /Users/mohammadrezakhorasanchian/.pyenv/versions/3.10.4/lib/python3.10/site-packages/airflow/example_dags/example_branch_day_of_week_operator.py took 0.069 seconds
[2022-05-23 16:19:09,259] {processor.py:153} INFO - Started process (PID=36805) to work on /Users/mohammadrezakhorasanchian/.pyenv/versions/3.10.4/lib/python3.10/site-packages/airflow/example_dags/example_branch_day_of_week_operator.py
[2022-05-23 16:19:09,259] {processor.py:641} INFO - Processing file /Users/mohammadrezakhorasanchian/.pyenv/versions/3.10.4/lib/python3.10/site-packages/airflow/example_dags/example_branch_day_of_week_operator.py for tasks to queue
[2022-05-23 16:19:09,259] {logging_mixin.py:115} INFO - [2022-05-23 16:19:09,259] {dagbag.py:507} INFO - Filling up the DagBag from /Users/mohammadrezakhorasanchian/.pyenv/versions/3.10.4/lib/python3.10/site-packages/airflow/example_dags/example_branch_day_of_week_operator.py
[2022-05-23 16:19:09,268] {processor.py:651} INFO - DAG(s) dict_keys(['example_weekday_branch_operator']) retrieved from /Users/mohammadrezakhorasanchian/.pyenv/versions/3.10.4/lib/python3.10/site-packages/airflow/example_dags/example_branch_day_of_week_operator.py
[2022-05-23 16:19:09,310] {logging_mixin.py:115} INFO - [2022-05-23 16:19:09,310] {dag.py:2371} INFO - Sync 1 DAGs
[2022-05-23 16:19:09,320] {logging_mixin.py:115} INFO - [2022-05-23 16:19:09,320] {dag.py:2915} INFO - Setting next_dagrun for example_weekday_branch_operator to 2022-05-22T00:00:00+00:00, run_after=2022-05-23T00:00:00+00:00
[2022-05-23 16:19:09,328] {processor.py:161} INFO - Processing /Users/mohammadrezakhorasanchian/.pyenv/versions/3.10.4/lib/python3.10/site-packages/airflow/example_dags/example_branch_day_of_week_operator.py took 0.070 seconds
[2022-05-23 16:51:39,476] {processor.py:153} INFO - Started process (PID=36859) to work on /Users/mohammadrezakhorasanchian/.pyenv/versions/3.10.4/lib/python3.10/site-packages/airflow/example_dags/example_branch_day_of_week_operator.py
[2022-05-23 16:51:39,477] {processor.py:641} INFO - Processing file /Users/mohammadrezakhorasanchian/.pyenv/versions/3.10.4/lib/python3.10/site-packages/airflow/example_dags/example_branch_day_of_week_operator.py for tasks to queue
[2022-05-23 16:51:39,477] {logging_mixin.py:115} INFO - [2022-05-23 16:51:39,477] {dagbag.py:507} INFO - Filling up the DagBag from /Users/mohammadrezakhorasanchian/.pyenv/versions/3.10.4/lib/python3.10/site-packages/airflow/example_dags/example_branch_day_of_week_operator.py
[2022-05-23 16:51:39,506] {processor.py:651} INFO - DAG(s) dict_keys(['example_weekday_branch_operator']) retrieved from /Users/mohammadrezakhorasanchian/.pyenv/versions/3.10.4/lib/python3.10/site-packages/airflow/example_dags/example_branch_day_of_week_operator.py
[2022-05-23 16:51:39,630] {logging_mixin.py:115} INFO - [2022-05-23 16:51:39,629] {dag.py:2371} INFO - Sync 1 DAGs
[2022-05-23 16:51:39,661] {logging_mixin.py:115} INFO - [2022-05-23 16:51:39,660] {dag.py:2915} INFO - Setting next_dagrun for example_weekday_branch_operator to 2022-05-22T00:00:00+00:00, run_after=2022-05-23T00:00:00+00:00
[2022-05-23 16:51:39,679] {processor.py:161} INFO - Processing /Users/mohammadrezakhorasanchian/.pyenv/versions/3.10.4/lib/python3.10/site-packages/airflow/example_dags/example_branch_day_of_week_operator.py took 0.204 seconds
[2022-05-23 16:56:08,352] {processor.py:153} INFO - Started process (PID=36987) to work on /Users/mohammadrezakhorasanchian/.pyenv/versions/3.10.4/lib/python3.10/site-packages/airflow/example_dags/example_branch_day_of_week_operator.py
[2022-05-23 16:56:08,352] {processor.py:641} INFO - Processing file /Users/mohammadrezakhorasanchian/.pyenv/versions/3.10.4/lib/python3.10/site-packages/airflow/example_dags/example_branch_day_of_week_operator.py for tasks to queue
[2022-05-23 16:56:08,352] {logging_mixin.py:115} INFO - [2022-05-23 16:56:08,352] {dagbag.py:507} INFO - Filling up the DagBag from /Users/mohammadrezakhorasanchian/.pyenv/versions/3.10.4/lib/python3.10/site-packages/airflow/example_dags/example_branch_day_of_week_operator.py
[2022-05-23 16:56:08,364] {processor.py:651} INFO - DAG(s) dict_keys(['example_weekday_branch_operator']) retrieved from /Users/mohammadrezakhorasanchian/.pyenv/versions/3.10.4/lib/python3.10/site-packages/airflow/example_dags/example_branch_day_of_week_operator.py
[2022-05-23 16:56:08,410] {logging_mixin.py:115} INFO - [2022-05-23 16:56:08,409] {dag.py:2371} INFO - Sync 1 DAGs
[2022-05-23 16:56:08,420] {logging_mixin.py:115} INFO - [2022-05-23 16:56:08,420] {dag.py:2915} INFO - Setting next_dagrun for example_weekday_branch_operator to 2022-05-22T00:00:00+00:00, run_after=2022-05-23T00:00:00+00:00
[2022-05-23 16:56:08,429] {processor.py:161} INFO - Processing /Users/mohammadrezakhorasanchian/.pyenv/versions/3.10.4/lib/python3.10/site-packages/airflow/example_dags/example_branch_day_of_week_operator.py took 0.078 seconds
[2022-05-23 16:57:09,720] {processor.py:153} INFO - Started process (PID=37085) to work on /Users/mohammadrezakhorasanchian/.pyenv/versions/3.10.4/lib/python3.10/site-packages/airflow/example_dags/example_branch_day_of_week_operator.py
[2022-05-23 16:57:09,720] {processor.py:641} INFO - Processing file /Users/mohammadrezakhorasanchian/.pyenv/versions/3.10.4/lib/python3.10/site-packages/airflow/example_dags/example_branch_day_of_week_operator.py for tasks to queue
[2022-05-23 16:57:09,720] {logging_mixin.py:115} INFO - [2022-05-23 16:57:09,720] {dagbag.py:507} INFO - Filling up the DagBag from /Users/mohammadrezakhorasanchian/.pyenv/versions/3.10.4/lib/python3.10/site-packages/airflow/example_dags/example_branch_day_of_week_operator.py
[2022-05-23 16:57:09,732] {processor.py:651} INFO - DAG(s) dict_keys(['example_weekday_branch_operator']) retrieved from /Users/mohammadrezakhorasanchian/.pyenv/versions/3.10.4/lib/python3.10/site-packages/airflow/example_dags/example_branch_day_of_week_operator.py
[2022-05-23 16:57:09,779] {logging_mixin.py:115} INFO - [2022-05-23 16:57:09,779] {dag.py:2371} INFO - Sync 1 DAGs
[2022-05-23 16:57:09,790] {logging_mixin.py:115} INFO - [2022-05-23 16:57:09,790] {dag.py:2915} INFO - Setting next_dagrun for example_weekday_branch_operator to 2022-05-22T00:00:00+00:00, run_after=2022-05-23T00:00:00+00:00
[2022-05-23 16:57:09,798] {processor.py:161} INFO - Processing /Users/mohammadrezakhorasanchian/.pyenv/versions/3.10.4/lib/python3.10/site-packages/airflow/example_dags/example_branch_day_of_week_operator.py took 0.079 seconds
[2022-05-23 16:58:34,078] {processor.py:153} INFO - Started process (PID=37142) to work on /Users/mohammadrezakhorasanchian/.pyenv/versions/3.10.4/lib/python3.10/site-packages/airflow/example_dags/example_branch_day_of_week_operator.py
[2022-05-23 16:58:34,078] {processor.py:641} INFO - Processing file /Users/mohammadrezakhorasanchian/.pyenv/versions/3.10.4/lib/python3.10/site-packages/airflow/example_dags/example_branch_day_of_week_operator.py for tasks to queue
[2022-05-23 16:58:34,078] {logging_mixin.py:115} INFO - [2022-05-23 16:58:34,078] {dagbag.py:507} INFO - Filling up the DagBag from /Users/mohammadrezakhorasanchian/.pyenv/versions/3.10.4/lib/python3.10/site-packages/airflow/example_dags/example_branch_day_of_week_operator.py
[2022-05-23 16:58:34,087] {processor.py:651} INFO - DAG(s) dict_keys(['example_weekday_branch_operator']) retrieved from /Users/mohammadrezakhorasanchian/.pyenv/versions/3.10.4/lib/python3.10/site-packages/airflow/example_dags/example_branch_day_of_week_operator.py
[2022-05-23 16:58:34,128] {logging_mixin.py:115} INFO - [2022-05-23 16:58:34,128] {dag.py:2371} INFO - Sync 1 DAGs
[2022-05-23 16:58:34,138] {logging_mixin.py:115} INFO - [2022-05-23 16:58:34,138] {dag.py:2915} INFO - Setting next_dagrun for example_weekday_branch_operator to 2022-05-22T00:00:00+00:00, run_after=2022-05-23T00:00:00+00:00
[2022-05-23 16:58:34,146] {processor.py:161} INFO - Processing /Users/mohammadrezakhorasanchian/.pyenv/versions/3.10.4/lib/python3.10/site-packages/airflow/example_dags/example_branch_day_of_week_operator.py took 0.068 seconds
[2022-05-23 16:59:31,588] {processor.py:153} INFO - Started process (PID=37178) to work on /Users/mohammadrezakhorasanchian/.pyenv/versions/3.10.4/lib/python3.10/site-packages/airflow/example_dags/example_branch_day_of_week_operator.py
[2022-05-23 16:59:31,588] {processor.py:641} INFO - Processing file /Users/mohammadrezakhorasanchian/.pyenv/versions/3.10.4/lib/python3.10/site-packages/airflow/example_dags/example_branch_day_of_week_operator.py for tasks to queue
[2022-05-23 16:59:31,589] {logging_mixin.py:115} INFO - [2022-05-23 16:59:31,589] {dagbag.py:507} INFO - Filling up the DagBag from /Users/mohammadrezakhorasanchian/.pyenv/versions/3.10.4/lib/python3.10/site-packages/airflow/example_dags/example_branch_day_of_week_operator.py
[2022-05-23 16:59:31,600] {processor.py:651} INFO - DAG(s) dict_keys(['example_weekday_branch_operator']) retrieved from /Users/mohammadrezakhorasanchian/.pyenv/versions/3.10.4/lib/python3.10/site-packages/airflow/example_dags/example_branch_day_of_week_operator.py
[2022-05-23 16:59:31,644] {logging_mixin.py:115} INFO - [2022-05-23 16:59:31,644] {dag.py:2371} INFO - Sync 1 DAGs
[2022-05-23 16:59:31,655] {logging_mixin.py:115} INFO - [2022-05-23 16:59:31,655] {dag.py:2915} INFO - Setting next_dagrun for example_weekday_branch_operator to 2022-05-22T00:00:00+00:00, run_after=2022-05-23T00:00:00+00:00
[2022-05-23 16:59:31,662] {processor.py:161} INFO - Processing /Users/mohammadrezakhorasanchian/.pyenv/versions/3.10.4/lib/python3.10/site-packages/airflow/example_dags/example_branch_day_of_week_operator.py took 0.074 seconds
[2022-05-23 17:00:59,035] {processor.py:153} INFO - Started process (PID=37304) to work on /Users/mohammadrezakhorasanchian/.pyenv/versions/3.10.4/lib/python3.10/site-packages/airflow/example_dags/example_branch_day_of_week_operator.py
[2022-05-23 17:00:59,035] {processor.py:641} INFO - Processing file /Users/mohammadrezakhorasanchian/.pyenv/versions/3.10.4/lib/python3.10/site-packages/airflow/example_dags/example_branch_day_of_week_operator.py for tasks to queue
[2022-05-23 17:00:59,035] {logging_mixin.py:115} INFO - [2022-05-23 17:00:59,035] {dagbag.py:507} INFO - Filling up the DagBag from /Users/mohammadrezakhorasanchian/.pyenv/versions/3.10.4/lib/python3.10/site-packages/airflow/example_dags/example_branch_day_of_week_operator.py
[2022-05-23 17:00:59,045] {processor.py:651} INFO - DAG(s) dict_keys(['example_weekday_branch_operator']) retrieved from /Users/mohammadrezakhorasanchian/.pyenv/versions/3.10.4/lib/python3.10/site-packages/airflow/example_dags/example_branch_day_of_week_operator.py
[2022-05-23 17:00:59,086] {logging_mixin.py:115} INFO - [2022-05-23 17:00:59,086] {dag.py:2371} INFO - Sync 1 DAGs
[2022-05-23 17:00:59,097] {logging_mixin.py:115} INFO - [2022-05-23 17:00:59,096] {dag.py:2915} INFO - Setting next_dagrun for example_weekday_branch_operator to 2022-05-22T00:00:00+00:00, run_after=2022-05-23T00:00:00+00:00
[2022-05-23 17:00:59,104] {processor.py:161} INFO - Processing /Users/mohammadrezakhorasanchian/.pyenv/versions/3.10.4/lib/python3.10/site-packages/airflow/example_dags/example_branch_day_of_week_operator.py took 0.070 seconds
[2022-05-23 17:01:56,034] {processor.py:153} INFO - Started process (PID=37417) to work on /Users/mohammadrezakhorasanchian/.pyenv/versions/3.10.4/lib/python3.10/site-packages/airflow/example_dags/example_branch_day_of_week_operator.py
[2022-05-23 17:01:56,034] {processor.py:641} INFO - Processing file /Users/mohammadrezakhorasanchian/.pyenv/versions/3.10.4/lib/python3.10/site-packages/airflow/example_dags/example_branch_day_of_week_operator.py for tasks to queue
[2022-05-23 17:01:56,034] {logging_mixin.py:115} INFO - [2022-05-23 17:01:56,034] {dagbag.py:507} INFO - Filling up the DagBag from /Users/mohammadrezakhorasanchian/.pyenv/versions/3.10.4/lib/python3.10/site-packages/airflow/example_dags/example_branch_day_of_week_operator.py
[2022-05-23 17:01:56,045] {processor.py:651} INFO - DAG(s) dict_keys(['example_weekday_branch_operator']) retrieved from /Users/mohammadrezakhorasanchian/.pyenv/versions/3.10.4/lib/python3.10/site-packages/airflow/example_dags/example_branch_day_of_week_operator.py
[2022-05-23 17:01:56,086] {logging_mixin.py:115} INFO - [2022-05-23 17:01:56,086] {dag.py:2371} INFO - Sync 1 DAGs
[2022-05-23 17:01:56,096] {logging_mixin.py:115} INFO - [2022-05-23 17:01:56,096] {dag.py:2915} INFO - Setting next_dagrun for example_weekday_branch_operator to 2022-05-22T00:00:00+00:00, run_after=2022-05-23T00:00:00+00:00
[2022-05-23 17:01:56,104] {processor.py:161} INFO - Processing /Users/mohammadrezakhorasanchian/.pyenv/versions/3.10.4/lib/python3.10/site-packages/airflow/example_dags/example_branch_day_of_week_operator.py took 0.070 seconds
[2022-05-23 17:02:57,167] {processor.py:153} INFO - Started process (PID=37531) to work on /Users/mohammadrezakhorasanchian/.pyenv/versions/3.10.4/lib/python3.10/site-packages/airflow/example_dags/example_branch_day_of_week_operator.py
[2022-05-23 17:02:57,167] {processor.py:641} INFO - Processing file /Users/mohammadrezakhorasanchian/.pyenv/versions/3.10.4/lib/python3.10/site-packages/airflow/example_dags/example_branch_day_of_week_operator.py for tasks to queue
[2022-05-23 17:02:57,168] {logging_mixin.py:115} INFO - [2022-05-23 17:02:57,168] {dagbag.py:507} INFO - Filling up the DagBag from /Users/mohammadrezakhorasanchian/.pyenv/versions/3.10.4/lib/python3.10/site-packages/airflow/example_dags/example_branch_day_of_week_operator.py
[2022-05-23 17:02:57,177] {processor.py:651} INFO - DAG(s) dict_keys(['example_weekday_branch_operator']) retrieved from /Users/mohammadrezakhorasanchian/.pyenv/versions/3.10.4/lib/python3.10/site-packages/airflow/example_dags/example_branch_day_of_week_operator.py
[2022-05-23 17:02:57,219] {logging_mixin.py:115} INFO - [2022-05-23 17:02:57,219] {dag.py:2371} INFO - Sync 1 DAGs
[2022-05-23 17:02:57,229] {logging_mixin.py:115} INFO - [2022-05-23 17:02:57,229] {dag.py:2915} INFO - Setting next_dagrun for example_weekday_branch_operator to 2022-05-22T00:00:00+00:00, run_after=2022-05-23T00:00:00+00:00
[2022-05-23 17:02:57,236] {processor.py:161} INFO - Processing /Users/mohammadrezakhorasanchian/.pyenv/versions/3.10.4/lib/python3.10/site-packages/airflow/example_dags/example_branch_day_of_week_operator.py took 0.069 seconds
[2022-05-23 17:04:23,479] {processor.py:153} INFO - Started process (PID=37689) to work on /Users/mohammadrezakhorasanchian/.pyenv/versions/3.10.4/lib/python3.10/site-packages/airflow/example_dags/example_branch_day_of_week_operator.py
[2022-05-23 17:04:23,480] {processor.py:641} INFO - Processing file /Users/mohammadrezakhorasanchian/.pyenv/versions/3.10.4/lib/python3.10/site-packages/airflow/example_dags/example_branch_day_of_week_operator.py for tasks to queue
[2022-05-23 17:04:23,480] {logging_mixin.py:115} INFO - [2022-05-23 17:04:23,480] {dagbag.py:507} INFO - Filling up the DagBag from /Users/mohammadrezakhorasanchian/.pyenv/versions/3.10.4/lib/python3.10/site-packages/airflow/example_dags/example_branch_day_of_week_operator.py
[2022-05-23 17:04:23,489] {processor.py:651} INFO - DAG(s) dict_keys(['example_weekday_branch_operator']) retrieved from /Users/mohammadrezakhorasanchian/.pyenv/versions/3.10.4/lib/python3.10/site-packages/airflow/example_dags/example_branch_day_of_week_operator.py
[2022-05-23 17:04:23,530] {logging_mixin.py:115} INFO - [2022-05-23 17:04:23,530] {dag.py:2371} INFO - Sync 1 DAGs
[2022-05-23 17:04:23,540] {logging_mixin.py:115} INFO - [2022-05-23 17:04:23,540] {dag.py:2915} INFO - Setting next_dagrun for example_weekday_branch_operator to 2022-05-22T00:00:00+00:00, run_after=2022-05-23T00:00:00+00:00
[2022-05-23 17:04:23,547] {processor.py:161} INFO - Processing /Users/mohammadrezakhorasanchian/.pyenv/versions/3.10.4/lib/python3.10/site-packages/airflow/example_dags/example_branch_day_of_week_operator.py took 0.068 seconds
[2022-05-23 17:05:25,863] {processor.py:153} INFO - Started process (PID=37798) to work on /Users/mohammadrezakhorasanchian/.pyenv/versions/3.10.4/lib/python3.10/site-packages/airflow/example_dags/example_branch_day_of_week_operator.py
[2022-05-23 17:05:25,864] {processor.py:641} INFO - Processing file /Users/mohammadrezakhorasanchian/.pyenv/versions/3.10.4/lib/python3.10/site-packages/airflow/example_dags/example_branch_day_of_week_operator.py for tasks to queue
[2022-05-23 17:05:25,864] {logging_mixin.py:115} INFO - [2022-05-23 17:05:25,864] {dagbag.py:507} INFO - Filling up the DagBag from /Users/mohammadrezakhorasanchian/.pyenv/versions/3.10.4/lib/python3.10/site-packages/airflow/example_dags/example_branch_day_of_week_operator.py
[2022-05-23 17:05:25,874] {processor.py:651} INFO - DAG(s) dict_keys(['example_weekday_branch_operator']) retrieved from /Users/mohammadrezakhorasanchian/.pyenv/versions/3.10.4/lib/python3.10/site-packages/airflow/example_dags/example_branch_day_of_week_operator.py
[2022-05-23 17:05:25,921] {logging_mixin.py:115} INFO - [2022-05-23 17:05:25,921] {dag.py:2371} INFO - Sync 1 DAGs
[2022-05-23 17:05:25,934] {logging_mixin.py:115} INFO - [2022-05-23 17:05:25,934] {dag.py:2915} INFO - Setting next_dagrun for example_weekday_branch_operator to 2022-05-22T00:00:00+00:00, run_after=2022-05-23T00:00:00+00:00
[2022-05-23 17:05:25,941] {processor.py:161} INFO - Processing /Users/mohammadrezakhorasanchian/.pyenv/versions/3.10.4/lib/python3.10/site-packages/airflow/example_dags/example_branch_day_of_week_operator.py took 0.079 seconds
[2022-05-23 17:06:26,685] {processor.py:153} INFO - Started process (PID=37909) to work on /Users/mohammadrezakhorasanchian/.pyenv/versions/3.10.4/lib/python3.10/site-packages/airflow/example_dags/example_branch_day_of_week_operator.py
[2022-05-23 17:06:26,685] {processor.py:641} INFO - Processing file /Users/mohammadrezakhorasanchian/.pyenv/versions/3.10.4/lib/python3.10/site-packages/airflow/example_dags/example_branch_day_of_week_operator.py for tasks to queue
[2022-05-23 17:06:26,685] {logging_mixin.py:115} INFO - [2022-05-23 17:06:26,685] {dagbag.py:507} INFO - Filling up the DagBag from /Users/mohammadrezakhorasanchian/.pyenv/versions/3.10.4/lib/python3.10/site-packages/airflow/example_dags/example_branch_day_of_week_operator.py
[2022-05-23 17:06:26,697] {processor.py:651} INFO - DAG(s) dict_keys(['example_weekday_branch_operator']) retrieved from /Users/mohammadrezakhorasanchian/.pyenv/versions/3.10.4/lib/python3.10/site-packages/airflow/example_dags/example_branch_day_of_week_operator.py
[2022-05-23 17:06:26,744] {logging_mixin.py:115} INFO - [2022-05-23 17:06:26,744] {dag.py:2371} INFO - Sync 1 DAGs
[2022-05-23 17:06:26,755] {logging_mixin.py:115} INFO - [2022-05-23 17:06:26,755] {dag.py:2915} INFO - Setting next_dagrun for example_weekday_branch_operator to 2022-05-22T00:00:00+00:00, run_after=2022-05-23T00:00:00+00:00
[2022-05-23 17:06:26,763] {processor.py:161} INFO - Processing /Users/mohammadrezakhorasanchian/.pyenv/versions/3.10.4/lib/python3.10/site-packages/airflow/example_dags/example_branch_day_of_week_operator.py took 0.078 seconds
[2022-05-23 17:07:29,335] {processor.py:153} INFO - Started process (PID=38025) to work on /Users/mohammadrezakhorasanchian/.pyenv/versions/3.10.4/lib/python3.10/site-packages/airflow/example_dags/example_branch_day_of_week_operator.py
[2022-05-23 17:07:29,335] {processor.py:641} INFO - Processing file /Users/mohammadrezakhorasanchian/.pyenv/versions/3.10.4/lib/python3.10/site-packages/airflow/example_dags/example_branch_day_of_week_operator.py for tasks to queue
[2022-05-23 17:07:29,335] {logging_mixin.py:115} INFO - [2022-05-23 17:07:29,335] {dagbag.py:507} INFO - Filling up the DagBag from /Users/mohammadrezakhorasanchian/.pyenv/versions/3.10.4/lib/python3.10/site-packages/airflow/example_dags/example_branch_day_of_week_operator.py
[2022-05-23 17:07:29,348] {processor.py:651} INFO - DAG(s) dict_keys(['example_weekday_branch_operator']) retrieved from /Users/mohammadrezakhorasanchian/.pyenv/versions/3.10.4/lib/python3.10/site-packages/airflow/example_dags/example_branch_day_of_week_operator.py
[2022-05-23 17:07:29,402] {logging_mixin.py:115} INFO - [2022-05-23 17:07:29,402] {dag.py:2371} INFO - Sync 1 DAGs
[2022-05-23 17:07:29,416] {logging_mixin.py:115} INFO - [2022-05-23 17:07:29,416] {dag.py:2915} INFO - Setting next_dagrun for example_weekday_branch_operator to 2022-05-22T00:00:00+00:00, run_after=2022-05-23T00:00:00+00:00
[2022-05-23 17:07:29,424] {processor.py:161} INFO - Processing /Users/mohammadrezakhorasanchian/.pyenv/versions/3.10.4/lib/python3.10/site-packages/airflow/example_dags/example_branch_day_of_week_operator.py took 0.089 seconds
[2022-05-23 17:08:32,968] {processor.py:153} INFO - Started process (PID=38138) to work on /Users/mohammadrezakhorasanchian/.pyenv/versions/3.10.4/lib/python3.10/site-packages/airflow/example_dags/example_branch_day_of_week_operator.py
[2022-05-23 17:08:32,968] {processor.py:641} INFO - Processing file /Users/mohammadrezakhorasanchian/.pyenv/versions/3.10.4/lib/python3.10/site-packages/airflow/example_dags/example_branch_day_of_week_operator.py for tasks to queue
[2022-05-23 17:08:32,968] {logging_mixin.py:115} INFO - [2022-05-23 17:08:32,968] {dagbag.py:507} INFO - Filling up the DagBag from /Users/mohammadrezakhorasanchian/.pyenv/versions/3.10.4/lib/python3.10/site-packages/airflow/example_dags/example_branch_day_of_week_operator.py
[2022-05-23 17:08:32,978] {processor.py:651} INFO - DAG(s) dict_keys(['example_weekday_branch_operator']) retrieved from /Users/mohammadrezakhorasanchian/.pyenv/versions/3.10.4/lib/python3.10/site-packages/airflow/example_dags/example_branch_day_of_week_operator.py
[2022-05-23 17:08:33,021] {logging_mixin.py:115} INFO - [2022-05-23 17:08:33,020] {dag.py:2371} INFO - Sync 1 DAGs
[2022-05-23 17:08:33,032] {logging_mixin.py:115} INFO - [2022-05-23 17:08:33,031] {dag.py:2915} INFO - Setting next_dagrun for example_weekday_branch_operator to 2022-05-22T00:00:00+00:00, run_after=2022-05-23T00:00:00+00:00
[2022-05-23 17:08:33,042] {processor.py:161} INFO - Processing /Users/mohammadrezakhorasanchian/.pyenv/versions/3.10.4/lib/python3.10/site-packages/airflow/example_dags/example_branch_day_of_week_operator.py took 0.074 seconds
[2022-05-23 17:09:36,307] {processor.py:153} INFO - Started process (PID=38256) to work on /Users/mohammadrezakhorasanchian/.pyenv/versions/3.10.4/lib/python3.10/site-packages/airflow/example_dags/example_branch_day_of_week_operator.py
[2022-05-23 17:09:36,307] {processor.py:641} INFO - Processing file /Users/mohammadrezakhorasanchian/.pyenv/versions/3.10.4/lib/python3.10/site-packages/airflow/example_dags/example_branch_day_of_week_operator.py for tasks to queue
[2022-05-23 17:09:36,307] {logging_mixin.py:115} INFO - [2022-05-23 17:09:36,307] {dagbag.py:507} INFO - Filling up the DagBag from /Users/mohammadrezakhorasanchian/.pyenv/versions/3.10.4/lib/python3.10/site-packages/airflow/example_dags/example_branch_day_of_week_operator.py
[2022-05-23 17:09:36,317] {processor.py:651} INFO - DAG(s) dict_keys(['example_weekday_branch_operator']) retrieved from /Users/mohammadrezakhorasanchian/.pyenv/versions/3.10.4/lib/python3.10/site-packages/airflow/example_dags/example_branch_day_of_week_operator.py
[2022-05-23 17:09:36,358] {logging_mixin.py:115} INFO - [2022-05-23 17:09:36,358] {dag.py:2371} INFO - Sync 1 DAGs
[2022-05-23 17:09:36,369] {logging_mixin.py:115} INFO - [2022-05-23 17:09:36,369] {dag.py:2915} INFO - Setting next_dagrun for example_weekday_branch_operator to 2022-05-22T00:00:00+00:00, run_after=2022-05-23T00:00:00+00:00
[2022-05-23 17:09:36,377] {processor.py:161} INFO - Processing /Users/mohammadrezakhorasanchian/.pyenv/versions/3.10.4/lib/python3.10/site-packages/airflow/example_dags/example_branch_day_of_week_operator.py took 0.071 seconds
[2022-05-23 17:10:39,245] {processor.py:153} INFO - Started process (PID=38364) to work on /Users/mohammadrezakhorasanchian/.pyenv/versions/3.10.4/lib/python3.10/site-packages/airflow/example_dags/example_branch_day_of_week_operator.py
[2022-05-23 17:10:39,245] {processor.py:641} INFO - Processing file /Users/mohammadrezakhorasanchian/.pyenv/versions/3.10.4/lib/python3.10/site-packages/airflow/example_dags/example_branch_day_of_week_operator.py for tasks to queue
[2022-05-23 17:10:39,245] {logging_mixin.py:115} INFO - [2022-05-23 17:10:39,245] {dagbag.py:507} INFO - Filling up the DagBag from /Users/mohammadrezakhorasanchian/.pyenv/versions/3.10.4/lib/python3.10/site-packages/airflow/example_dags/example_branch_day_of_week_operator.py
[2022-05-23 17:10:39,256] {processor.py:651} INFO - DAG(s) dict_keys(['example_weekday_branch_operator']) retrieved from /Users/mohammadrezakhorasanchian/.pyenv/versions/3.10.4/lib/python3.10/site-packages/airflow/example_dags/example_branch_day_of_week_operator.py
[2022-05-23 17:10:39,299] {logging_mixin.py:115} INFO - [2022-05-23 17:10:39,299] {dag.py:2371} INFO - Sync 1 DAGs
[2022-05-23 17:10:39,309] {logging_mixin.py:115} INFO - [2022-05-23 17:10:39,309] {dag.py:2915} INFO - Setting next_dagrun for example_weekday_branch_operator to 2022-05-22T00:00:00+00:00, run_after=2022-05-23T00:00:00+00:00
[2022-05-23 17:10:39,316] {processor.py:161} INFO - Processing /Users/mohammadrezakhorasanchian/.pyenv/versions/3.10.4/lib/python3.10/site-packages/airflow/example_dags/example_branch_day_of_week_operator.py took 0.072 seconds
[2022-05-23 17:11:38,114] {processor.py:153} INFO - Started process (PID=38474) to work on /Users/mohammadrezakhorasanchian/.pyenv/versions/3.10.4/lib/python3.10/site-packages/airflow/example_dags/example_branch_day_of_week_operator.py
[2022-05-23 17:11:38,115] {processor.py:641} INFO - Processing file /Users/mohammadrezakhorasanchian/.pyenv/versions/3.10.4/lib/python3.10/site-packages/airflow/example_dags/example_branch_day_of_week_operator.py for tasks to queue
[2022-05-23 17:11:38,115] {logging_mixin.py:115} INFO - [2022-05-23 17:11:38,115] {dagbag.py:507} INFO - Filling up the DagBag from /Users/mohammadrezakhorasanchian/.pyenv/versions/3.10.4/lib/python3.10/site-packages/airflow/example_dags/example_branch_day_of_week_operator.py
[2022-05-23 17:11:38,125] {processor.py:651} INFO - DAG(s) dict_keys(['example_weekday_branch_operator']) retrieved from /Users/mohammadrezakhorasanchian/.pyenv/versions/3.10.4/lib/python3.10/site-packages/airflow/example_dags/example_branch_day_of_week_operator.py
[2022-05-23 17:11:38,168] {logging_mixin.py:115} INFO - [2022-05-23 17:11:38,168] {dag.py:2371} INFO - Sync 1 DAGs
[2022-05-23 17:11:38,179] {logging_mixin.py:115} INFO - [2022-05-23 17:11:38,179] {dag.py:2915} INFO - Setting next_dagrun for example_weekday_branch_operator to 2022-05-22T00:00:00+00:00, run_after=2022-05-23T00:00:00+00:00
[2022-05-23 17:11:38,189] {processor.py:161} INFO - Processing /Users/mohammadrezakhorasanchian/.pyenv/versions/3.10.4/lib/python3.10/site-packages/airflow/example_dags/example_branch_day_of_week_operator.py took 0.075 seconds
[2022-05-23 17:12:37,979] {processor.py:153} INFO - Started process (PID=38550) to work on /Users/mohammadrezakhorasanchian/.pyenv/versions/3.10.4/lib/python3.10/site-packages/airflow/example_dags/example_branch_day_of_week_operator.py
[2022-05-23 17:12:37,979] {processor.py:641} INFO - Processing file /Users/mohammadrezakhorasanchian/.pyenv/versions/3.10.4/lib/python3.10/site-packages/airflow/example_dags/example_branch_day_of_week_operator.py for tasks to queue
[2022-05-23 17:12:37,979] {logging_mixin.py:115} INFO - [2022-05-23 17:12:37,979] {dagbag.py:507} INFO - Filling up the DagBag from /Users/mohammadrezakhorasanchian/.pyenv/versions/3.10.4/lib/python3.10/site-packages/airflow/example_dags/example_branch_day_of_week_operator.py
[2022-05-23 17:12:37,989] {processor.py:651} INFO - DAG(s) dict_keys(['example_weekday_branch_operator']) retrieved from /Users/mohammadrezakhorasanchian/.pyenv/versions/3.10.4/lib/python3.10/site-packages/airflow/example_dags/example_branch_day_of_week_operator.py
[2022-05-23 17:12:38,030] {logging_mixin.py:115} INFO - [2022-05-23 17:12:38,030] {dag.py:2371} INFO - Sync 1 DAGs
[2022-05-23 17:12:38,040] {logging_mixin.py:115} INFO - [2022-05-23 17:12:38,040] {dag.py:2915} INFO - Setting next_dagrun for example_weekday_branch_operator to 2022-05-22T00:00:00+00:00, run_after=2022-05-23T00:00:00+00:00
[2022-05-23 17:12:38,048] {processor.py:161} INFO - Processing /Users/mohammadrezakhorasanchian/.pyenv/versions/3.10.4/lib/python3.10/site-packages/airflow/example_dags/example_branch_day_of_week_operator.py took 0.069 seconds
[2022-05-23 17:13:37,733] {processor.py:153} INFO - Started process (PID=38620) to work on /Users/mohammadrezakhorasanchian/.pyenv/versions/3.10.4/lib/python3.10/site-packages/airflow/example_dags/example_branch_day_of_week_operator.py
[2022-05-23 17:13:37,733] {processor.py:641} INFO - Processing file /Users/mohammadrezakhorasanchian/.pyenv/versions/3.10.4/lib/python3.10/site-packages/airflow/example_dags/example_branch_day_of_week_operator.py for tasks to queue
[2022-05-23 17:13:37,733] {logging_mixin.py:115} INFO - [2022-05-23 17:13:37,733] {dagbag.py:507} INFO - Filling up the DagBag from /Users/mohammadrezakhorasanchian/.pyenv/versions/3.10.4/lib/python3.10/site-packages/airflow/example_dags/example_branch_day_of_week_operator.py
[2022-05-23 17:13:37,742] {processor.py:651} INFO - DAG(s) dict_keys(['example_weekday_branch_operator']) retrieved from /Users/mohammadrezakhorasanchian/.pyenv/versions/3.10.4/lib/python3.10/site-packages/airflow/example_dags/example_branch_day_of_week_operator.py
[2022-05-23 17:13:37,785] {logging_mixin.py:115} INFO - [2022-05-23 17:13:37,785] {dag.py:2371} INFO - Sync 1 DAGs
[2022-05-23 17:13:37,796] {logging_mixin.py:115} INFO - [2022-05-23 17:13:37,796] {dag.py:2915} INFO - Setting next_dagrun for example_weekday_branch_operator to 2022-05-22T00:00:00+00:00, run_after=2022-05-23T00:00:00+00:00
[2022-05-23 17:13:37,803] {processor.py:161} INFO - Processing /Users/mohammadrezakhorasanchian/.pyenv/versions/3.10.4/lib/python3.10/site-packages/airflow/example_dags/example_branch_day_of_week_operator.py took 0.071 seconds
[2022-05-23 17:14:37,888] {processor.py:153} INFO - Started process (PID=38732) to work on /Users/mohammadrezakhorasanchian/.pyenv/versions/3.10.4/lib/python3.10/site-packages/airflow/example_dags/example_branch_day_of_week_operator.py
[2022-05-23 17:14:37,888] {processor.py:641} INFO - Processing file /Users/mohammadrezakhorasanchian/.pyenv/versions/3.10.4/lib/python3.10/site-packages/airflow/example_dags/example_branch_day_of_week_operator.py for tasks to queue
[2022-05-23 17:14:37,888] {logging_mixin.py:115} INFO - [2022-05-23 17:14:37,888] {dagbag.py:507} INFO - Filling up the DagBag from /Users/mohammadrezakhorasanchian/.pyenv/versions/3.10.4/lib/python3.10/site-packages/airflow/example_dags/example_branch_day_of_week_operator.py
[2022-05-23 17:14:37,898] {processor.py:651} INFO - DAG(s) dict_keys(['example_weekday_branch_operator']) retrieved from /Users/mohammadrezakhorasanchian/.pyenv/versions/3.10.4/lib/python3.10/site-packages/airflow/example_dags/example_branch_day_of_week_operator.py
[2022-05-23 17:14:37,940] {logging_mixin.py:115} INFO - [2022-05-23 17:14:37,940] {dag.py:2371} INFO - Sync 1 DAGs
[2022-05-23 17:14:37,950] {logging_mixin.py:115} INFO - [2022-05-23 17:14:37,950] {dag.py:2915} INFO - Setting next_dagrun for example_weekday_branch_operator to 2022-05-22T00:00:00+00:00, run_after=2022-05-23T00:00:00+00:00
[2022-05-23 17:14:37,958] {processor.py:161} INFO - Processing /Users/mohammadrezakhorasanchian/.pyenv/versions/3.10.4/lib/python3.10/site-packages/airflow/example_dags/example_branch_day_of_week_operator.py took 0.070 seconds
[2022-05-23 17:15:35,435] {processor.py:153} INFO - Started process (PID=38792) to work on /Users/mohammadrezakhorasanchian/.pyenv/versions/3.10.4/lib/python3.10/site-packages/airflow/example_dags/example_branch_day_of_week_operator.py
[2022-05-23 17:15:35,435] {processor.py:641} INFO - Processing file /Users/mohammadrezakhorasanchian/.pyenv/versions/3.10.4/lib/python3.10/site-packages/airflow/example_dags/example_branch_day_of_week_operator.py for tasks to queue
[2022-05-23 17:15:35,435] {logging_mixin.py:115} INFO - [2022-05-23 17:15:35,435] {dagbag.py:507} INFO - Filling up the DagBag from /Users/mohammadrezakhorasanchian/.pyenv/versions/3.10.4/lib/python3.10/site-packages/airflow/example_dags/example_branch_day_of_week_operator.py
[2022-05-23 17:15:35,445] {processor.py:651} INFO - DAG(s) dict_keys(['example_weekday_branch_operator']) retrieved from /Users/mohammadrezakhorasanchian/.pyenv/versions/3.10.4/lib/python3.10/site-packages/airflow/example_dags/example_branch_day_of_week_operator.py
[2022-05-23 17:15:35,485] {logging_mixin.py:115} INFO - [2022-05-23 17:15:35,485] {dag.py:2371} INFO - Sync 1 DAGs
[2022-05-23 17:15:35,496] {logging_mixin.py:115} INFO - [2022-05-23 17:15:35,495] {dag.py:2915} INFO - Setting next_dagrun for example_weekday_branch_operator to 2022-05-22T00:00:00+00:00, run_after=2022-05-23T00:00:00+00:00
[2022-05-23 17:15:35,503] {processor.py:161} INFO - Processing /Users/mohammadrezakhorasanchian/.pyenv/versions/3.10.4/lib/python3.10/site-packages/airflow/example_dags/example_branch_day_of_week_operator.py took 0.069 seconds
[2022-05-23 17:16:35,767] {processor.py:153} INFO - Started process (PID=38850) to work on /Users/mohammadrezakhorasanchian/.pyenv/versions/3.10.4/lib/python3.10/site-packages/airflow/example_dags/example_branch_day_of_week_operator.py
[2022-05-23 17:16:35,767] {processor.py:641} INFO - Processing file /Users/mohammadrezakhorasanchian/.pyenv/versions/3.10.4/lib/python3.10/site-packages/airflow/example_dags/example_branch_day_of_week_operator.py for tasks to queue
[2022-05-23 17:16:35,767] {logging_mixin.py:115} INFO - [2022-05-23 17:16:35,767] {dagbag.py:507} INFO - Filling up the DagBag from /Users/mohammadrezakhorasanchian/.pyenv/versions/3.10.4/lib/python3.10/site-packages/airflow/example_dags/example_branch_day_of_week_operator.py
[2022-05-23 17:16:35,777] {processor.py:651} INFO - DAG(s) dict_keys(['example_weekday_branch_operator']) retrieved from /Users/mohammadrezakhorasanchian/.pyenv/versions/3.10.4/lib/python3.10/site-packages/airflow/example_dags/example_branch_day_of_week_operator.py
[2022-05-23 17:16:35,819] {logging_mixin.py:115} INFO - [2022-05-23 17:16:35,819] {dag.py:2371} INFO - Sync 1 DAGs
[2022-05-23 17:16:35,829] {logging_mixin.py:115} INFO - [2022-05-23 17:16:35,829] {dag.py:2915} INFO - Setting next_dagrun for example_weekday_branch_operator to 2022-05-22T00:00:00+00:00, run_after=2022-05-23T00:00:00+00:00
[2022-05-23 17:16:35,837] {processor.py:161} INFO - Processing /Users/mohammadrezakhorasanchian/.pyenv/versions/3.10.4/lib/python3.10/site-packages/airflow/example_dags/example_branch_day_of_week_operator.py took 0.070 seconds
[2022-05-23 17:17:37,490] {processor.py:153} INFO - Started process (PID=38886) to work on /Users/mohammadrezakhorasanchian/.pyenv/versions/3.10.4/lib/python3.10/site-packages/airflow/example_dags/example_branch_day_of_week_operator.py
[2022-05-23 17:17:37,490] {processor.py:641} INFO - Processing file /Users/mohammadrezakhorasanchian/.pyenv/versions/3.10.4/lib/python3.10/site-packages/airflow/example_dags/example_branch_day_of_week_operator.py for tasks to queue
[2022-05-23 17:17:37,490] {logging_mixin.py:115} INFO - [2022-05-23 17:17:37,490] {dagbag.py:507} INFO - Filling up the DagBag from /Users/mohammadrezakhorasanchian/.pyenv/versions/3.10.4/lib/python3.10/site-packages/airflow/example_dags/example_branch_day_of_week_operator.py
[2022-05-23 17:17:37,500] {processor.py:651} INFO - DAG(s) dict_keys(['example_weekday_branch_operator']) retrieved from /Users/mohammadrezakhorasanchian/.pyenv/versions/3.10.4/lib/python3.10/site-packages/airflow/example_dags/example_branch_day_of_week_operator.py
[2022-05-23 17:17:37,541] {logging_mixin.py:115} INFO - [2022-05-23 17:17:37,541] {dag.py:2371} INFO - Sync 1 DAGs
[2022-05-23 17:17:37,551] {logging_mixin.py:115} INFO - [2022-05-23 17:17:37,551] {dag.py:2915} INFO - Setting next_dagrun for example_weekday_branch_operator to 2022-05-22T00:00:00+00:00, run_after=2022-05-23T00:00:00+00:00
[2022-05-23 17:17:37,559] {processor.py:161} INFO - Processing /Users/mohammadrezakhorasanchian/.pyenv/versions/3.10.4/lib/python3.10/site-packages/airflow/example_dags/example_branch_day_of_week_operator.py took 0.069 seconds
[2022-05-23 17:18:39,333] {processor.py:153} INFO - Started process (PID=38972) to work on /Users/mohammadrezakhorasanchian/.pyenv/versions/3.10.4/lib/python3.10/site-packages/airflow/example_dags/example_branch_day_of_week_operator.py
[2022-05-23 17:18:39,333] {processor.py:641} INFO - Processing file /Users/mohammadrezakhorasanchian/.pyenv/versions/3.10.4/lib/python3.10/site-packages/airflow/example_dags/example_branch_day_of_week_operator.py for tasks to queue
[2022-05-23 17:18:39,333] {logging_mixin.py:115} INFO - [2022-05-23 17:18:39,333] {dagbag.py:507} INFO - Filling up the DagBag from /Users/mohammadrezakhorasanchian/.pyenv/versions/3.10.4/lib/python3.10/site-packages/airflow/example_dags/example_branch_day_of_week_operator.py
[2022-05-23 17:18:39,343] {processor.py:651} INFO - DAG(s) dict_keys(['example_weekday_branch_operator']) retrieved from /Users/mohammadrezakhorasanchian/.pyenv/versions/3.10.4/lib/python3.10/site-packages/airflow/example_dags/example_branch_day_of_week_operator.py
[2022-05-23 17:18:39,384] {logging_mixin.py:115} INFO - [2022-05-23 17:18:39,384] {dag.py:2371} INFO - Sync 1 DAGs
[2022-05-23 17:18:39,394] {logging_mixin.py:115} INFO - [2022-05-23 17:18:39,394] {dag.py:2915} INFO - Setting next_dagrun for example_weekday_branch_operator to 2022-05-22T00:00:00+00:00, run_after=2022-05-23T00:00:00+00:00
[2022-05-23 17:18:39,401] {processor.py:161} INFO - Processing /Users/mohammadrezakhorasanchian/.pyenv/versions/3.10.4/lib/python3.10/site-packages/airflow/example_dags/example_branch_day_of_week_operator.py took 0.069 seconds
[2022-05-23 17:19:42,705] {processor.py:153} INFO - Started process (PID=39070) to work on /Users/mohammadrezakhorasanchian/.pyenv/versions/3.10.4/lib/python3.10/site-packages/airflow/example_dags/example_branch_day_of_week_operator.py
[2022-05-23 17:19:42,705] {processor.py:641} INFO - Processing file /Users/mohammadrezakhorasanchian/.pyenv/versions/3.10.4/lib/python3.10/site-packages/airflow/example_dags/example_branch_day_of_week_operator.py for tasks to queue
[2022-05-23 17:19:42,705] {logging_mixin.py:115} INFO - [2022-05-23 17:19:42,705] {dagbag.py:507} INFO - Filling up the DagBag from /Users/mohammadrezakhorasanchian/.pyenv/versions/3.10.4/lib/python3.10/site-packages/airflow/example_dags/example_branch_day_of_week_operator.py
[2022-05-23 17:19:42,716] {processor.py:651} INFO - DAG(s) dict_keys(['example_weekday_branch_operator']) retrieved from /Users/mohammadrezakhorasanchian/.pyenv/versions/3.10.4/lib/python3.10/site-packages/airflow/example_dags/example_branch_day_of_week_operator.py
[2022-05-23 17:19:42,761] {logging_mixin.py:115} INFO - [2022-05-23 17:19:42,761] {dag.py:2371} INFO - Sync 1 DAGs
[2022-05-23 17:19:42,772] {logging_mixin.py:115} INFO - [2022-05-23 17:19:42,772] {dag.py:2915} INFO - Setting next_dagrun for example_weekday_branch_operator to 2022-05-22T00:00:00+00:00, run_after=2022-05-23T00:00:00+00:00
[2022-05-23 17:19:42,780] {processor.py:161} INFO - Processing /Users/mohammadrezakhorasanchian/.pyenv/versions/3.10.4/lib/python3.10/site-packages/airflow/example_dags/example_branch_day_of_week_operator.py took 0.075 seconds
[2022-05-23 17:20:45,391] {processor.py:153} INFO - Started process (PID=39187) to work on /Users/mohammadrezakhorasanchian/.pyenv/versions/3.10.4/lib/python3.10/site-packages/airflow/example_dags/example_branch_day_of_week_operator.py
[2022-05-23 17:20:45,391] {processor.py:641} INFO - Processing file /Users/mohammadrezakhorasanchian/.pyenv/versions/3.10.4/lib/python3.10/site-packages/airflow/example_dags/example_branch_day_of_week_operator.py for tasks to queue
[2022-05-23 17:20:45,391] {logging_mixin.py:115} INFO - [2022-05-23 17:20:45,391] {dagbag.py:507} INFO - Filling up the DagBag from /Users/mohammadrezakhorasanchian/.pyenv/versions/3.10.4/lib/python3.10/site-packages/airflow/example_dags/example_branch_day_of_week_operator.py
[2022-05-23 17:20:45,401] {processor.py:651} INFO - DAG(s) dict_keys(['example_weekday_branch_operator']) retrieved from /Users/mohammadrezakhorasanchian/.pyenv/versions/3.10.4/lib/python3.10/site-packages/airflow/example_dags/example_branch_day_of_week_operator.py
[2022-05-23 17:20:45,444] {logging_mixin.py:115} INFO - [2022-05-23 17:20:45,444] {dag.py:2371} INFO - Sync 1 DAGs
[2022-05-23 17:20:45,454] {logging_mixin.py:115} INFO - [2022-05-23 17:20:45,454] {dag.py:2915} INFO - Setting next_dagrun for example_weekday_branch_operator to 2022-05-22T00:00:00+00:00, run_after=2022-05-23T00:00:00+00:00
[2022-05-23 17:20:45,462] {processor.py:161} INFO - Processing /Users/mohammadrezakhorasanchian/.pyenv/versions/3.10.4/lib/python3.10/site-packages/airflow/example_dags/example_branch_day_of_week_operator.py took 0.071 seconds
[2022-05-23 17:21:45,389] {processor.py:153} INFO - Started process (PID=39249) to work on /Users/mohammadrezakhorasanchian/.pyenv/versions/3.10.4/lib/python3.10/site-packages/airflow/example_dags/example_branch_day_of_week_operator.py
[2022-05-23 17:21:45,389] {processor.py:641} INFO - Processing file /Users/mohammadrezakhorasanchian/.pyenv/versions/3.10.4/lib/python3.10/site-packages/airflow/example_dags/example_branch_day_of_week_operator.py for tasks to queue
[2022-05-23 17:21:45,389] {logging_mixin.py:115} INFO - [2022-05-23 17:21:45,389] {dagbag.py:507} INFO - Filling up the DagBag from /Users/mohammadrezakhorasanchian/.pyenv/versions/3.10.4/lib/python3.10/site-packages/airflow/example_dags/example_branch_day_of_week_operator.py
[2022-05-23 17:21:45,399] {processor.py:651} INFO - DAG(s) dict_keys(['example_weekday_branch_operator']) retrieved from /Users/mohammadrezakhorasanchian/.pyenv/versions/3.10.4/lib/python3.10/site-packages/airflow/example_dags/example_branch_day_of_week_operator.py
[2022-05-23 17:21:45,442] {logging_mixin.py:115} INFO - [2022-05-23 17:21:45,442] {dag.py:2371} INFO - Sync 1 DAGs
[2022-05-23 17:21:45,452] {logging_mixin.py:115} INFO - [2022-05-23 17:21:45,452] {dag.py:2915} INFO - Setting next_dagrun for example_weekday_branch_operator to 2022-05-22T00:00:00+00:00, run_after=2022-05-23T00:00:00+00:00
[2022-05-23 17:21:45,461] {processor.py:161} INFO - Processing /Users/mohammadrezakhorasanchian/.pyenv/versions/3.10.4/lib/python3.10/site-packages/airflow/example_dags/example_branch_day_of_week_operator.py took 0.073 seconds
[2022-05-23 17:22:57,700] {processor.py:153} INFO - Started process (PID=39304) to work on /Users/mohammadrezakhorasanchian/.pyenv/versions/3.10.4/lib/python3.10/site-packages/airflow/example_dags/example_branch_day_of_week_operator.py
[2022-05-23 17:22:57,700] {processor.py:641} INFO - Processing file /Users/mohammadrezakhorasanchian/.pyenv/versions/3.10.4/lib/python3.10/site-packages/airflow/example_dags/example_branch_day_of_week_operator.py for tasks to queue
[2022-05-23 17:22:57,701] {logging_mixin.py:115} INFO - [2022-05-23 17:22:57,701] {dagbag.py:507} INFO - Filling up the DagBag from /Users/mohammadrezakhorasanchian/.pyenv/versions/3.10.4/lib/python3.10/site-packages/airflow/example_dags/example_branch_day_of_week_operator.py
[2022-05-23 17:22:57,710] {processor.py:651} INFO - DAG(s) dict_keys(['example_weekday_branch_operator']) retrieved from /Users/mohammadrezakhorasanchian/.pyenv/versions/3.10.4/lib/python3.10/site-packages/airflow/example_dags/example_branch_day_of_week_operator.py
[2022-05-23 17:22:57,757] {logging_mixin.py:115} INFO - [2022-05-23 17:22:57,757] {dag.py:2371} INFO - Sync 1 DAGs
[2022-05-23 17:22:57,767] {logging_mixin.py:115} INFO - [2022-05-23 17:22:57,767] {dag.py:2915} INFO - Setting next_dagrun for example_weekday_branch_operator to 2022-05-22T00:00:00+00:00, run_after=2022-05-23T00:00:00+00:00
[2022-05-23 17:22:57,775] {processor.py:161} INFO - Processing /Users/mohammadrezakhorasanchian/.pyenv/versions/3.10.4/lib/python3.10/site-packages/airflow/example_dags/example_branch_day_of_week_operator.py took 0.075 seconds
[2022-05-23 17:24:02,633] {processor.py:153} INFO - Started process (PID=39405) to work on /Users/mohammadrezakhorasanchian/.pyenv/versions/3.10.4/lib/python3.10/site-packages/airflow/example_dags/example_branch_day_of_week_operator.py
[2022-05-23 17:24:02,634] {processor.py:641} INFO - Processing file /Users/mohammadrezakhorasanchian/.pyenv/versions/3.10.4/lib/python3.10/site-packages/airflow/example_dags/example_branch_day_of_week_operator.py for tasks to queue
[2022-05-23 17:24:02,634] {logging_mixin.py:115} INFO - [2022-05-23 17:24:02,634] {dagbag.py:507} INFO - Filling up the DagBag from /Users/mohammadrezakhorasanchian/.pyenv/versions/3.10.4/lib/python3.10/site-packages/airflow/example_dags/example_branch_day_of_week_operator.py
[2022-05-23 17:24:02,647] {processor.py:651} INFO - DAG(s) dict_keys(['example_weekday_branch_operator']) retrieved from /Users/mohammadrezakhorasanchian/.pyenv/versions/3.10.4/lib/python3.10/site-packages/airflow/example_dags/example_branch_day_of_week_operator.py
[2022-05-23 17:24:02,691] {logging_mixin.py:115} INFO - [2022-05-23 17:24:02,691] {dag.py:2371} INFO - Sync 1 DAGs
[2022-05-23 17:24:02,702] {logging_mixin.py:115} INFO - [2022-05-23 17:24:02,702] {dag.py:2915} INFO - Setting next_dagrun for example_weekday_branch_operator to 2022-05-22T00:00:00+00:00, run_after=2022-05-23T00:00:00+00:00
[2022-05-23 17:24:02,709] {processor.py:161} INFO - Processing /Users/mohammadrezakhorasanchian/.pyenv/versions/3.10.4/lib/python3.10/site-packages/airflow/example_dags/example_branch_day_of_week_operator.py took 0.076 seconds
[2022-05-23 17:34:27,835] {processor.py:153} INFO - Started process (PID=39764) to work on /Users/mohammadrezakhorasanchian/.pyenv/versions/3.10.4/lib/python3.10/site-packages/airflow/example_dags/example_branch_day_of_week_operator.py
[2022-05-23 17:34:27,837] {processor.py:641} INFO - Processing file /Users/mohammadrezakhorasanchian/.pyenv/versions/3.10.4/lib/python3.10/site-packages/airflow/example_dags/example_branch_day_of_week_operator.py for tasks to queue
[2022-05-23 17:34:27,837] {logging_mixin.py:115} INFO - [2022-05-23 17:34:27,837] {dagbag.py:507} INFO - Filling up the DagBag from /Users/mohammadrezakhorasanchian/.pyenv/versions/3.10.4/lib/python3.10/site-packages/airflow/example_dags/example_branch_day_of_week_operator.py
[2022-05-23 17:34:27,848] {processor.py:651} INFO - DAG(s) dict_keys(['example_weekday_branch_operator']) retrieved from /Users/mohammadrezakhorasanchian/.pyenv/versions/3.10.4/lib/python3.10/site-packages/airflow/example_dags/example_branch_day_of_week_operator.py
[2022-05-23 17:34:27,889] {logging_mixin.py:115} INFO - [2022-05-23 17:34:27,889] {dag.py:2371} INFO - Sync 1 DAGs
[2022-05-23 17:34:27,899] {logging_mixin.py:115} INFO - [2022-05-23 17:34:27,899] {dag.py:2915} INFO - Setting next_dagrun for example_weekday_branch_operator to 2022-05-22T00:00:00+00:00, run_after=2022-05-23T00:00:00+00:00
[2022-05-23 17:34:27,907] {processor.py:161} INFO - Processing /Users/mohammadrezakhorasanchian/.pyenv/versions/3.10.4/lib/python3.10/site-packages/airflow/example_dags/example_branch_day_of_week_operator.py took 0.072 seconds
[2022-05-23 17:35:29,503] {processor.py:153} INFO - Started process (PID=39804) to work on /Users/mohammadrezakhorasanchian/.pyenv/versions/3.10.4/lib/python3.10/site-packages/airflow/example_dags/example_branch_day_of_week_operator.py
[2022-05-23 17:35:29,503] {processor.py:641} INFO - Processing file /Users/mohammadrezakhorasanchian/.pyenv/versions/3.10.4/lib/python3.10/site-packages/airflow/example_dags/example_branch_day_of_week_operator.py for tasks to queue
[2022-05-23 17:35:29,503] {logging_mixin.py:115} INFO - [2022-05-23 17:35:29,503] {dagbag.py:507} INFO - Filling up the DagBag from /Users/mohammadrezakhorasanchian/.pyenv/versions/3.10.4/lib/python3.10/site-packages/airflow/example_dags/example_branch_day_of_week_operator.py
[2022-05-23 17:35:29,513] {processor.py:651} INFO - DAG(s) dict_keys(['example_weekday_branch_operator']) retrieved from /Users/mohammadrezakhorasanchian/.pyenv/versions/3.10.4/lib/python3.10/site-packages/airflow/example_dags/example_branch_day_of_week_operator.py
[2022-05-23 17:35:29,554] {logging_mixin.py:115} INFO - [2022-05-23 17:35:29,554] {dag.py:2371} INFO - Sync 1 DAGs
[2022-05-23 17:35:29,568] {logging_mixin.py:115} INFO - [2022-05-23 17:35:29,568] {dag.py:2915} INFO - Setting next_dagrun for example_weekday_branch_operator to 2022-05-22T00:00:00+00:00, run_after=2022-05-23T00:00:00+00:00
[2022-05-23 17:35:29,576] {processor.py:161} INFO - Processing /Users/mohammadrezakhorasanchian/.pyenv/versions/3.10.4/lib/python3.10/site-packages/airflow/example_dags/example_branch_day_of_week_operator.py took 0.073 seconds
[2022-05-23 17:36:32,265] {processor.py:153} INFO - Started process (PID=39851) to work on /Users/mohammadrezakhorasanchian/.pyenv/versions/3.10.4/lib/python3.10/site-packages/airflow/example_dags/example_branch_day_of_week_operator.py
[2022-05-23 17:36:32,266] {processor.py:641} INFO - Processing file /Users/mohammadrezakhorasanchian/.pyenv/versions/3.10.4/lib/python3.10/site-packages/airflow/example_dags/example_branch_day_of_week_operator.py for tasks to queue
[2022-05-23 17:36:32,266] {logging_mixin.py:115} INFO - [2022-05-23 17:36:32,266] {dagbag.py:507} INFO - Filling up the DagBag from /Users/mohammadrezakhorasanchian/.pyenv/versions/3.10.4/lib/python3.10/site-packages/airflow/example_dags/example_branch_day_of_week_operator.py
[2022-05-23 17:36:32,276] {processor.py:651} INFO - DAG(s) dict_keys(['example_weekday_branch_operator']) retrieved from /Users/mohammadrezakhorasanchian/.pyenv/versions/3.10.4/lib/python3.10/site-packages/airflow/example_dags/example_branch_day_of_week_operator.py
[2022-05-23 17:36:32,319] {logging_mixin.py:115} INFO - [2022-05-23 17:36:32,319] {dag.py:2371} INFO - Sync 1 DAGs
[2022-05-23 17:36:32,329] {logging_mixin.py:115} INFO - [2022-05-23 17:36:32,329] {dag.py:2915} INFO - Setting next_dagrun for example_weekday_branch_operator to 2022-05-22T00:00:00+00:00, run_after=2022-05-23T00:00:00+00:00
[2022-05-23 17:36:32,339] {processor.py:161} INFO - Processing /Users/mohammadrezakhorasanchian/.pyenv/versions/3.10.4/lib/python3.10/site-packages/airflow/example_dags/example_branch_day_of_week_operator.py took 0.074 seconds
[2022-05-23 17:37:31,004] {processor.py:153} INFO - Started process (PID=39889) to work on /Users/mohammadrezakhorasanchian/.pyenv/versions/3.10.4/lib/python3.10/site-packages/airflow/example_dags/example_branch_day_of_week_operator.py
[2022-05-23 17:37:31,004] {processor.py:641} INFO - Processing file /Users/mohammadrezakhorasanchian/.pyenv/versions/3.10.4/lib/python3.10/site-packages/airflow/example_dags/example_branch_day_of_week_operator.py for tasks to queue
[2022-05-23 17:37:31,004] {logging_mixin.py:115} INFO - [2022-05-23 17:37:31,004] {dagbag.py:507} INFO - Filling up the DagBag from /Users/mohammadrezakhorasanchian/.pyenv/versions/3.10.4/lib/python3.10/site-packages/airflow/example_dags/example_branch_day_of_week_operator.py
[2022-05-23 17:37:31,014] {processor.py:651} INFO - DAG(s) dict_keys(['example_weekday_branch_operator']) retrieved from /Users/mohammadrezakhorasanchian/.pyenv/versions/3.10.4/lib/python3.10/site-packages/airflow/example_dags/example_branch_day_of_week_operator.py
[2022-05-23 17:37:31,054] {logging_mixin.py:115} INFO - [2022-05-23 17:37:31,054] {dag.py:2371} INFO - Sync 1 DAGs
[2022-05-23 17:37:31,065] {logging_mixin.py:115} INFO - [2022-05-23 17:37:31,065] {dag.py:2915} INFO - Setting next_dagrun for example_weekday_branch_operator to 2022-05-22T00:00:00+00:00, run_after=2022-05-23T00:00:00+00:00
[2022-05-23 17:37:31,073] {processor.py:161} INFO - Processing /Users/mohammadrezakhorasanchian/.pyenv/versions/3.10.4/lib/python3.10/site-packages/airflow/example_dags/example_branch_day_of_week_operator.py took 0.070 seconds
[2022-05-23 17:38:54,851] {processor.py:153} INFO - Started process (PID=39946) to work on /Users/mohammadrezakhorasanchian/.pyenv/versions/3.10.4/lib/python3.10/site-packages/airflow/example_dags/example_branch_day_of_week_operator.py
[2022-05-23 17:38:54,851] {processor.py:641} INFO - Processing file /Users/mohammadrezakhorasanchian/.pyenv/versions/3.10.4/lib/python3.10/site-packages/airflow/example_dags/example_branch_day_of_week_operator.py for tasks to queue
[2022-05-23 17:38:54,851] {logging_mixin.py:115} INFO - [2022-05-23 17:38:54,851] {dagbag.py:507} INFO - Filling up the DagBag from /Users/mohammadrezakhorasanchian/.pyenv/versions/3.10.4/lib/python3.10/site-packages/airflow/example_dags/example_branch_day_of_week_operator.py
[2022-05-23 17:38:54,861] {processor.py:651} INFO - DAG(s) dict_keys(['example_weekday_branch_operator']) retrieved from /Users/mohammadrezakhorasanchian/.pyenv/versions/3.10.4/lib/python3.10/site-packages/airflow/example_dags/example_branch_day_of_week_operator.py
[2022-05-23 17:38:54,905] {logging_mixin.py:115} INFO - [2022-05-23 17:38:54,905] {dag.py:2371} INFO - Sync 1 DAGs
[2022-05-23 17:38:54,915] {logging_mixin.py:115} INFO - [2022-05-23 17:38:54,915] {dag.py:2915} INFO - Setting next_dagrun for example_weekday_branch_operator to 2022-05-22T00:00:00+00:00, run_after=2022-05-23T00:00:00+00:00
[2022-05-23 17:38:54,923] {processor.py:161} INFO - Processing /Users/mohammadrezakhorasanchian/.pyenv/versions/3.10.4/lib/python3.10/site-packages/airflow/example_dags/example_branch_day_of_week_operator.py took 0.073 seconds
[2022-05-23 17:39:54,519] {processor.py:153} INFO - Started process (PID=39983) to work on /Users/mohammadrezakhorasanchian/.pyenv/versions/3.10.4/lib/python3.10/site-packages/airflow/example_dags/example_branch_day_of_week_operator.py
[2022-05-23 17:39:54,520] {processor.py:641} INFO - Processing file /Users/mohammadrezakhorasanchian/.pyenv/versions/3.10.4/lib/python3.10/site-packages/airflow/example_dags/example_branch_day_of_week_operator.py for tasks to queue
[2022-05-23 17:39:54,520] {logging_mixin.py:115} INFO - [2022-05-23 17:39:54,520] {dagbag.py:507} INFO - Filling up the DagBag from /Users/mohammadrezakhorasanchian/.pyenv/versions/3.10.4/lib/python3.10/site-packages/airflow/example_dags/example_branch_day_of_week_operator.py
[2022-05-23 17:39:54,529] {processor.py:651} INFO - DAG(s) dict_keys(['example_weekday_branch_operator']) retrieved from /Users/mohammadrezakhorasanchian/.pyenv/versions/3.10.4/lib/python3.10/site-packages/airflow/example_dags/example_branch_day_of_week_operator.py
[2022-05-23 17:39:54,572] {logging_mixin.py:115} INFO - [2022-05-23 17:39:54,571] {dag.py:2371} INFO - Sync 1 DAGs
[2022-05-23 17:39:54,582] {logging_mixin.py:115} INFO - [2022-05-23 17:39:54,582] {dag.py:2915} INFO - Setting next_dagrun for example_weekday_branch_operator to 2022-05-22T00:00:00+00:00, run_after=2022-05-23T00:00:00+00:00
[2022-05-23 17:39:54,590] {processor.py:161} INFO - Processing /Users/mohammadrezakhorasanchian/.pyenv/versions/3.10.4/lib/python3.10/site-packages/airflow/example_dags/example_branch_day_of_week_operator.py took 0.070 seconds
[2022-05-23 17:40:52,876] {processor.py:153} INFO - Started process (PID=40020) to work on /Users/mohammadrezakhorasanchian/.pyenv/versions/3.10.4/lib/python3.10/site-packages/airflow/example_dags/example_branch_day_of_week_operator.py
[2022-05-23 17:40:52,876] {processor.py:641} INFO - Processing file /Users/mohammadrezakhorasanchian/.pyenv/versions/3.10.4/lib/python3.10/site-packages/airflow/example_dags/example_branch_day_of_week_operator.py for tasks to queue
[2022-05-23 17:40:52,876] {logging_mixin.py:115} INFO - [2022-05-23 17:40:52,876] {dagbag.py:507} INFO - Filling up the DagBag from /Users/mohammadrezakhorasanchian/.pyenv/versions/3.10.4/lib/python3.10/site-packages/airflow/example_dags/example_branch_day_of_week_operator.py
[2022-05-23 17:40:52,886] {processor.py:651} INFO - DAG(s) dict_keys(['example_weekday_branch_operator']) retrieved from /Users/mohammadrezakhorasanchian/.pyenv/versions/3.10.4/lib/python3.10/site-packages/airflow/example_dags/example_branch_day_of_week_operator.py
[2022-05-23 17:40:52,928] {logging_mixin.py:115} INFO - [2022-05-23 17:40:52,928] {dag.py:2371} INFO - Sync 1 DAGs
[2022-05-23 17:40:52,938] {logging_mixin.py:115} INFO - [2022-05-23 17:40:52,938] {dag.py:2915} INFO - Setting next_dagrun for example_weekday_branch_operator to 2022-05-22T00:00:00+00:00, run_after=2022-05-23T00:00:00+00:00
[2022-05-23 17:40:52,948] {processor.py:161} INFO - Processing /Users/mohammadrezakhorasanchian/.pyenv/versions/3.10.4/lib/python3.10/site-packages/airflow/example_dags/example_branch_day_of_week_operator.py took 0.073 seconds
[2022-05-23 17:42:18,698] {processor.py:153} INFO - Started process (PID=40074) to work on /Users/mohammadrezakhorasanchian/.pyenv/versions/3.10.4/lib/python3.10/site-packages/airflow/example_dags/example_branch_day_of_week_operator.py
[2022-05-23 17:42:18,698] {processor.py:641} INFO - Processing file /Users/mohammadrezakhorasanchian/.pyenv/versions/3.10.4/lib/python3.10/site-packages/airflow/example_dags/example_branch_day_of_week_operator.py for tasks to queue
[2022-05-23 17:42:18,699] {logging_mixin.py:115} INFO - [2022-05-23 17:42:18,699] {dagbag.py:507} INFO - Filling up the DagBag from /Users/mohammadrezakhorasanchian/.pyenv/versions/3.10.4/lib/python3.10/site-packages/airflow/example_dags/example_branch_day_of_week_operator.py
[2022-05-23 17:42:18,709] {processor.py:651} INFO - DAG(s) dict_keys(['example_weekday_branch_operator']) retrieved from /Users/mohammadrezakhorasanchian/.pyenv/versions/3.10.4/lib/python3.10/site-packages/airflow/example_dags/example_branch_day_of_week_operator.py
[2022-05-23 17:42:18,750] {logging_mixin.py:115} INFO - [2022-05-23 17:42:18,750] {dag.py:2371} INFO - Sync 1 DAGs
[2022-05-23 17:42:18,761] {logging_mixin.py:115} INFO - [2022-05-23 17:42:18,761] {dag.py:2915} INFO - Setting next_dagrun for example_weekday_branch_operator to 2022-05-22T00:00:00+00:00, run_after=2022-05-23T00:00:00+00:00
[2022-05-23 17:42:18,768] {processor.py:161} INFO - Processing /Users/mohammadrezakhorasanchian/.pyenv/versions/3.10.4/lib/python3.10/site-packages/airflow/example_dags/example_branch_day_of_week_operator.py took 0.070 seconds
[2022-05-23 17:43:17,169] {processor.py:153} INFO - Started process (PID=40114) to work on /Users/mohammadrezakhorasanchian/.pyenv/versions/3.10.4/lib/python3.10/site-packages/airflow/example_dags/example_branch_day_of_week_operator.py
[2022-05-23 17:43:17,169] {processor.py:641} INFO - Processing file /Users/mohammadrezakhorasanchian/.pyenv/versions/3.10.4/lib/python3.10/site-packages/airflow/example_dags/example_branch_day_of_week_operator.py for tasks to queue
[2022-05-23 17:43:17,169] {logging_mixin.py:115} INFO - [2022-05-23 17:43:17,169] {dagbag.py:507} INFO - Filling up the DagBag from /Users/mohammadrezakhorasanchian/.pyenv/versions/3.10.4/lib/python3.10/site-packages/airflow/example_dags/example_branch_day_of_week_operator.py
[2022-05-23 17:43:17,179] {processor.py:651} INFO - DAG(s) dict_keys(['example_weekday_branch_operator']) retrieved from /Users/mohammadrezakhorasanchian/.pyenv/versions/3.10.4/lib/python3.10/site-packages/airflow/example_dags/example_branch_day_of_week_operator.py
[2022-05-23 17:43:17,220] {logging_mixin.py:115} INFO - [2022-05-23 17:43:17,220] {dag.py:2371} INFO - Sync 1 DAGs
[2022-05-23 17:43:17,231] {logging_mixin.py:115} INFO - [2022-05-23 17:43:17,231] {dag.py:2915} INFO - Setting next_dagrun for example_weekday_branch_operator to 2022-05-22T00:00:00+00:00, run_after=2022-05-23T00:00:00+00:00
[2022-05-23 17:43:17,240] {processor.py:161} INFO - Processing /Users/mohammadrezakhorasanchian/.pyenv/versions/3.10.4/lib/python3.10/site-packages/airflow/example_dags/example_branch_day_of_week_operator.py took 0.072 seconds
[2022-05-23 17:44:16,035] {processor.py:153} INFO - Started process (PID=40152) to work on /Users/mohammadrezakhorasanchian/.pyenv/versions/3.10.4/lib/python3.10/site-packages/airflow/example_dags/example_branch_day_of_week_operator.py
[2022-05-23 17:44:16,035] {processor.py:641} INFO - Processing file /Users/mohammadrezakhorasanchian/.pyenv/versions/3.10.4/lib/python3.10/site-packages/airflow/example_dags/example_branch_day_of_week_operator.py for tasks to queue
[2022-05-23 17:44:16,036] {logging_mixin.py:115} INFO - [2022-05-23 17:44:16,035] {dagbag.py:507} INFO - Filling up the DagBag from /Users/mohammadrezakhorasanchian/.pyenv/versions/3.10.4/lib/python3.10/site-packages/airflow/example_dags/example_branch_day_of_week_operator.py
[2022-05-23 17:44:16,045] {processor.py:651} INFO - DAG(s) dict_keys(['example_weekday_branch_operator']) retrieved from /Users/mohammadrezakhorasanchian/.pyenv/versions/3.10.4/lib/python3.10/site-packages/airflow/example_dags/example_branch_day_of_week_operator.py
[2022-05-23 17:44:16,087] {logging_mixin.py:115} INFO - [2022-05-23 17:44:16,087] {dag.py:2371} INFO - Sync 1 DAGs
[2022-05-23 17:44:16,097] {logging_mixin.py:115} INFO - [2022-05-23 17:44:16,097] {dag.py:2915} INFO - Setting next_dagrun for example_weekday_branch_operator to 2022-05-22T00:00:00+00:00, run_after=2022-05-23T00:00:00+00:00
[2022-05-23 17:44:16,105] {processor.py:161} INFO - Processing /Users/mohammadrezakhorasanchian/.pyenv/versions/3.10.4/lib/python3.10/site-packages/airflow/example_dags/example_branch_day_of_week_operator.py took 0.070 seconds
[2022-05-23 17:45:16,912] {processor.py:153} INFO - Started process (PID=40190) to work on /Users/mohammadrezakhorasanchian/.pyenv/versions/3.10.4/lib/python3.10/site-packages/airflow/example_dags/example_branch_day_of_week_operator.py
[2022-05-23 17:45:16,913] {processor.py:641} INFO - Processing file /Users/mohammadrezakhorasanchian/.pyenv/versions/3.10.4/lib/python3.10/site-packages/airflow/example_dags/example_branch_day_of_week_operator.py for tasks to queue
[2022-05-23 17:45:16,913] {logging_mixin.py:115} INFO - [2022-05-23 17:45:16,913] {dagbag.py:507} INFO - Filling up the DagBag from /Users/mohammadrezakhorasanchian/.pyenv/versions/3.10.4/lib/python3.10/site-packages/airflow/example_dags/example_branch_day_of_week_operator.py
[2022-05-23 17:45:16,923] {processor.py:651} INFO - DAG(s) dict_keys(['example_weekday_branch_operator']) retrieved from /Users/mohammadrezakhorasanchian/.pyenv/versions/3.10.4/lib/python3.10/site-packages/airflow/example_dags/example_branch_day_of_week_operator.py
[2022-05-23 17:45:16,966] {logging_mixin.py:115} INFO - [2022-05-23 17:45:16,966] {dag.py:2371} INFO - Sync 1 DAGs
[2022-05-23 17:45:16,977] {logging_mixin.py:115} INFO - [2022-05-23 17:45:16,977] {dag.py:2915} INFO - Setting next_dagrun for example_weekday_branch_operator to 2022-05-22T00:00:00+00:00, run_after=2022-05-23T00:00:00+00:00
[2022-05-23 17:45:16,983] {processor.py:161} INFO - Processing /Users/mohammadrezakhorasanchian/.pyenv/versions/3.10.4/lib/python3.10/site-packages/airflow/example_dags/example_branch_day_of_week_operator.py took 0.071 seconds
[2022-05-23 17:46:14,855] {processor.py:153} INFO - Started process (PID=40233) to work on /Users/mohammadrezakhorasanchian/.pyenv/versions/3.10.4/lib/python3.10/site-packages/airflow/example_dags/example_branch_day_of_week_operator.py
[2022-05-23 17:46:14,855] {processor.py:641} INFO - Processing file /Users/mohammadrezakhorasanchian/.pyenv/versions/3.10.4/lib/python3.10/site-packages/airflow/example_dags/example_branch_day_of_week_operator.py for tasks to queue
[2022-05-23 17:46:14,855] {logging_mixin.py:115} INFO - [2022-05-23 17:46:14,855] {dagbag.py:507} INFO - Filling up the DagBag from /Users/mohammadrezakhorasanchian/.pyenv/versions/3.10.4/lib/python3.10/site-packages/airflow/example_dags/example_branch_day_of_week_operator.py
[2022-05-23 17:46:14,865] {processor.py:651} INFO - DAG(s) dict_keys(['example_weekday_branch_operator']) retrieved from /Users/mohammadrezakhorasanchian/.pyenv/versions/3.10.4/lib/python3.10/site-packages/airflow/example_dags/example_branch_day_of_week_operator.py
[2022-05-23 17:46:14,908] {logging_mixin.py:115} INFO - [2022-05-23 17:46:14,908] {dag.py:2371} INFO - Sync 1 DAGs
[2022-05-23 17:46:14,918] {logging_mixin.py:115} INFO - [2022-05-23 17:46:14,918] {dag.py:2915} INFO - Setting next_dagrun for example_weekday_branch_operator to 2022-05-22T00:00:00+00:00, run_after=2022-05-23T00:00:00+00:00
[2022-05-23 17:46:14,925] {processor.py:161} INFO - Processing /Users/mohammadrezakhorasanchian/.pyenv/versions/3.10.4/lib/python3.10/site-packages/airflow/example_dags/example_branch_day_of_week_operator.py took 0.071 seconds
[2022-05-23 17:47:15,554] {processor.py:153} INFO - Started process (PID=40274) to work on /Users/mohammadrezakhorasanchian/.pyenv/versions/3.10.4/lib/python3.10/site-packages/airflow/example_dags/example_branch_day_of_week_operator.py
[2022-05-23 17:47:15,555] {processor.py:641} INFO - Processing file /Users/mohammadrezakhorasanchian/.pyenv/versions/3.10.4/lib/python3.10/site-packages/airflow/example_dags/example_branch_day_of_week_operator.py for tasks to queue
[2022-05-23 17:47:15,555] {logging_mixin.py:115} INFO - [2022-05-23 17:47:15,555] {dagbag.py:507} INFO - Filling up the DagBag from /Users/mohammadrezakhorasanchian/.pyenv/versions/3.10.4/lib/python3.10/site-packages/airflow/example_dags/example_branch_day_of_week_operator.py
[2022-05-23 17:47:15,565] {processor.py:651} INFO - DAG(s) dict_keys(['example_weekday_branch_operator']) retrieved from /Users/mohammadrezakhorasanchian/.pyenv/versions/3.10.4/lib/python3.10/site-packages/airflow/example_dags/example_branch_day_of_week_operator.py
[2022-05-23 17:47:15,607] {logging_mixin.py:115} INFO - [2022-05-23 17:47:15,607] {dag.py:2371} INFO - Sync 1 DAGs
[2022-05-23 17:47:15,618] {logging_mixin.py:115} INFO - [2022-05-23 17:47:15,618] {dag.py:2915} INFO - Setting next_dagrun for example_weekday_branch_operator to 2022-05-22T00:00:00+00:00, run_after=2022-05-23T00:00:00+00:00
[2022-05-23 17:47:15,624] {processor.py:161} INFO - Processing /Users/mohammadrezakhorasanchian/.pyenv/versions/3.10.4/lib/python3.10/site-packages/airflow/example_dags/example_branch_day_of_week_operator.py took 0.070 seconds
[2022-05-23 17:48:39,394] {processor.py:153} INFO - Started process (PID=40334) to work on /Users/mohammadrezakhorasanchian/.pyenv/versions/3.10.4/lib/python3.10/site-packages/airflow/example_dags/example_branch_day_of_week_operator.py
[2022-05-23 17:48:39,394] {processor.py:641} INFO - Processing file /Users/mohammadrezakhorasanchian/.pyenv/versions/3.10.4/lib/python3.10/site-packages/airflow/example_dags/example_branch_day_of_week_operator.py for tasks to queue
[2022-05-23 17:48:39,394] {logging_mixin.py:115} INFO - [2022-05-23 17:48:39,394] {dagbag.py:507} INFO - Filling up the DagBag from /Users/mohammadrezakhorasanchian/.pyenv/versions/3.10.4/lib/python3.10/site-packages/airflow/example_dags/example_branch_day_of_week_operator.py
[2022-05-23 17:48:39,405] {processor.py:651} INFO - DAG(s) dict_keys(['example_weekday_branch_operator']) retrieved from /Users/mohammadrezakhorasanchian/.pyenv/versions/3.10.4/lib/python3.10/site-packages/airflow/example_dags/example_branch_day_of_week_operator.py
[2022-05-23 17:48:39,450] {logging_mixin.py:115} INFO - [2022-05-23 17:48:39,450] {dag.py:2371} INFO - Sync 1 DAGs
[2022-05-23 17:48:39,461] {logging_mixin.py:115} INFO - [2022-05-23 17:48:39,461] {dag.py:2915} INFO - Setting next_dagrun for example_weekday_branch_operator to 2022-05-22T00:00:00+00:00, run_after=2022-05-23T00:00:00+00:00
[2022-05-23 17:48:39,470] {processor.py:161} INFO - Processing /Users/mohammadrezakhorasanchian/.pyenv/versions/3.10.4/lib/python3.10/site-packages/airflow/example_dags/example_branch_day_of_week_operator.py took 0.077 seconds
[2022-05-23 17:49:42,611] {processor.py:153} INFO - Started process (PID=40374) to work on /Users/mohammadrezakhorasanchian/.pyenv/versions/3.10.4/lib/python3.10/site-packages/airflow/example_dags/example_branch_day_of_week_operator.py
[2022-05-23 17:49:42,611] {processor.py:641} INFO - Processing file /Users/mohammadrezakhorasanchian/.pyenv/versions/3.10.4/lib/python3.10/site-packages/airflow/example_dags/example_branch_day_of_week_operator.py for tasks to queue
[2022-05-23 17:49:42,611] {logging_mixin.py:115} INFO - [2022-05-23 17:49:42,611] {dagbag.py:507} INFO - Filling up the DagBag from /Users/mohammadrezakhorasanchian/.pyenv/versions/3.10.4/lib/python3.10/site-packages/airflow/example_dags/example_branch_day_of_week_operator.py
[2022-05-23 17:49:42,625] {processor.py:651} INFO - DAG(s) dict_keys(['example_weekday_branch_operator']) retrieved from /Users/mohammadrezakhorasanchian/.pyenv/versions/3.10.4/lib/python3.10/site-packages/airflow/example_dags/example_branch_day_of_week_operator.py
[2022-05-23 17:49:42,682] {logging_mixin.py:115} INFO - [2022-05-23 17:49:42,681] {dag.py:2371} INFO - Sync 1 DAGs
[2022-05-23 17:49:42,696] {logging_mixin.py:115} INFO - [2022-05-23 17:49:42,696] {dag.py:2915} INFO - Setting next_dagrun for example_weekday_branch_operator to 2022-05-22T00:00:00+00:00, run_after=2022-05-23T00:00:00+00:00
[2022-05-23 17:49:42,705] {processor.py:161} INFO - Processing /Users/mohammadrezakhorasanchian/.pyenv/versions/3.10.4/lib/python3.10/site-packages/airflow/example_dags/example_branch_day_of_week_operator.py took 0.095 seconds
[2022-05-23 17:52:12,144] {processor.py:153} INFO - Started process (PID=40511) to work on /Users/mohammadrezakhorasanchian/.pyenv/versions/3.10.4/lib/python3.10/site-packages/airflow/example_dags/example_branch_day_of_week_operator.py
[2022-05-23 17:52:12,144] {processor.py:641} INFO - Processing file /Users/mohammadrezakhorasanchian/.pyenv/versions/3.10.4/lib/python3.10/site-packages/airflow/example_dags/example_branch_day_of_week_operator.py for tasks to queue
[2022-05-23 17:52:12,144] {logging_mixin.py:115} INFO - [2022-05-23 17:52:12,144] {dagbag.py:507} INFO - Filling up the DagBag from /Users/mohammadrezakhorasanchian/.pyenv/versions/3.10.4/lib/python3.10/site-packages/airflow/example_dags/example_branch_day_of_week_operator.py
[2022-05-23 17:52:12,154] {processor.py:651} INFO - DAG(s) dict_keys(['example_weekday_branch_operator']) retrieved from /Users/mohammadrezakhorasanchian/.pyenv/versions/3.10.4/lib/python3.10/site-packages/airflow/example_dags/example_branch_day_of_week_operator.py
[2022-05-23 17:52:12,195] {logging_mixin.py:115} INFO - [2022-05-23 17:52:12,195] {dag.py:2371} INFO - Sync 1 DAGs
[2022-05-23 17:52:12,205] {logging_mixin.py:115} INFO - [2022-05-23 17:52:12,205] {dag.py:2915} INFO - Setting next_dagrun for example_weekday_branch_operator to 2022-05-22T00:00:00+00:00, run_after=2022-05-23T00:00:00+00:00
[2022-05-23 17:52:12,213] {processor.py:161} INFO - Processing /Users/mohammadrezakhorasanchian/.pyenv/versions/3.10.4/lib/python3.10/site-packages/airflow/example_dags/example_branch_day_of_week_operator.py took 0.069 seconds
[2022-05-23 17:59:08,687] {processor.py:153} INFO - Started process (PID=40600) to work on /Users/mohammadrezakhorasanchian/.pyenv/versions/3.10.4/lib/python3.10/site-packages/airflow/example_dags/example_branch_day_of_week_operator.py
[2022-05-23 17:59:08,687] {processor.py:641} INFO - Processing file /Users/mohammadrezakhorasanchian/.pyenv/versions/3.10.4/lib/python3.10/site-packages/airflow/example_dags/example_branch_day_of_week_operator.py for tasks to queue
[2022-05-23 17:59:08,687] {logging_mixin.py:115} INFO - [2022-05-23 17:59:08,687] {dagbag.py:507} INFO - Filling up the DagBag from /Users/mohammadrezakhorasanchian/.pyenv/versions/3.10.4/lib/python3.10/site-packages/airflow/example_dags/example_branch_day_of_week_operator.py
[2022-05-23 17:59:08,697] {processor.py:651} INFO - DAG(s) dict_keys(['example_weekday_branch_operator']) retrieved from /Users/mohammadrezakhorasanchian/.pyenv/versions/3.10.4/lib/python3.10/site-packages/airflow/example_dags/example_branch_day_of_week_operator.py
[2022-05-23 17:59:08,738] {logging_mixin.py:115} INFO - [2022-05-23 17:59:08,738] {dag.py:2371} INFO - Sync 1 DAGs
[2022-05-23 17:59:08,749] {logging_mixin.py:115} INFO - [2022-05-23 17:59:08,749] {dag.py:2915} INFO - Setting next_dagrun for example_weekday_branch_operator to 2022-05-22T00:00:00+00:00, run_after=2022-05-23T00:00:00+00:00
[2022-05-23 17:59:08,756] {processor.py:161} INFO - Processing /Users/mohammadrezakhorasanchian/.pyenv/versions/3.10.4/lib/python3.10/site-packages/airflow/example_dags/example_branch_day_of_week_operator.py took 0.069 seconds
[2022-05-23 18:00:09,090] {processor.py:153} INFO - Started process (PID=40637) to work on /Users/mohammadrezakhorasanchian/.pyenv/versions/3.10.4/lib/python3.10/site-packages/airflow/example_dags/example_branch_day_of_week_operator.py
[2022-05-23 18:00:09,090] {processor.py:641} INFO - Processing file /Users/mohammadrezakhorasanchian/.pyenv/versions/3.10.4/lib/python3.10/site-packages/airflow/example_dags/example_branch_day_of_week_operator.py for tasks to queue
[2022-05-23 18:00:09,090] {logging_mixin.py:115} INFO - [2022-05-23 18:00:09,090] {dagbag.py:507} INFO - Filling up the DagBag from /Users/mohammadrezakhorasanchian/.pyenv/versions/3.10.4/lib/python3.10/site-packages/airflow/example_dags/example_branch_day_of_week_operator.py
[2022-05-23 18:00:09,099] {processor.py:651} INFO - DAG(s) dict_keys(['example_weekday_branch_operator']) retrieved from /Users/mohammadrezakhorasanchian/.pyenv/versions/3.10.4/lib/python3.10/site-packages/airflow/example_dags/example_branch_day_of_week_operator.py
[2022-05-23 18:00:09,142] {logging_mixin.py:115} INFO - [2022-05-23 18:00:09,141] {dag.py:2371} INFO - Sync 1 DAGs
[2022-05-23 18:00:09,152] {logging_mixin.py:115} INFO - [2022-05-23 18:00:09,152] {dag.py:2915} INFO - Setting next_dagrun for example_weekday_branch_operator to 2022-05-22T00:00:00+00:00, run_after=2022-05-23T00:00:00+00:00
[2022-05-23 18:00:09,159] {processor.py:161} INFO - Processing /Users/mohammadrezakhorasanchian/.pyenv/versions/3.10.4/lib/python3.10/site-packages/airflow/example_dags/example_branch_day_of_week_operator.py took 0.070 seconds
[2022-05-23 18:01:09,110] {processor.py:153} INFO - Started process (PID=40674) to work on /Users/mohammadrezakhorasanchian/.pyenv/versions/3.10.4/lib/python3.10/site-packages/airflow/example_dags/example_branch_day_of_week_operator.py
[2022-05-23 18:01:09,111] {processor.py:641} INFO - Processing file /Users/mohammadrezakhorasanchian/.pyenv/versions/3.10.4/lib/python3.10/site-packages/airflow/example_dags/example_branch_day_of_week_operator.py for tasks to queue
[2022-05-23 18:01:09,111] {logging_mixin.py:115} INFO - [2022-05-23 18:01:09,111] {dagbag.py:507} INFO - Filling up the DagBag from /Users/mohammadrezakhorasanchian/.pyenv/versions/3.10.4/lib/python3.10/site-packages/airflow/example_dags/example_branch_day_of_week_operator.py
[2022-05-23 18:01:09,120] {processor.py:651} INFO - DAG(s) dict_keys(['example_weekday_branch_operator']) retrieved from /Users/mohammadrezakhorasanchian/.pyenv/versions/3.10.4/lib/python3.10/site-packages/airflow/example_dags/example_branch_day_of_week_operator.py
[2022-05-23 18:01:09,162] {logging_mixin.py:115} INFO - [2022-05-23 18:01:09,161] {dag.py:2371} INFO - Sync 1 DAGs
[2022-05-23 18:01:09,172] {logging_mixin.py:115} INFO - [2022-05-23 18:01:09,172] {dag.py:2915} INFO - Setting next_dagrun for example_weekday_branch_operator to 2022-05-22T00:00:00+00:00, run_after=2022-05-23T00:00:00+00:00
[2022-05-23 18:01:09,179] {processor.py:161} INFO - Processing /Users/mohammadrezakhorasanchian/.pyenv/versions/3.10.4/lib/python3.10/site-packages/airflow/example_dags/example_branch_day_of_week_operator.py took 0.069 seconds
[2022-05-23 18:02:08,181] {processor.py:153} INFO - Started process (PID=40714) to work on /Users/mohammadrezakhorasanchian/.pyenv/versions/3.10.4/lib/python3.10/site-packages/airflow/example_dags/example_branch_day_of_week_operator.py
[2022-05-23 18:02:08,181] {processor.py:641} INFO - Processing file /Users/mohammadrezakhorasanchian/.pyenv/versions/3.10.4/lib/python3.10/site-packages/airflow/example_dags/example_branch_day_of_week_operator.py for tasks to queue
[2022-05-23 18:02:08,181] {logging_mixin.py:115} INFO - [2022-05-23 18:02:08,181] {dagbag.py:507} INFO - Filling up the DagBag from /Users/mohammadrezakhorasanchian/.pyenv/versions/3.10.4/lib/python3.10/site-packages/airflow/example_dags/example_branch_day_of_week_operator.py
[2022-05-23 18:02:08,191] {processor.py:651} INFO - DAG(s) dict_keys(['example_weekday_branch_operator']) retrieved from /Users/mohammadrezakhorasanchian/.pyenv/versions/3.10.4/lib/python3.10/site-packages/airflow/example_dags/example_branch_day_of_week_operator.py
[2022-05-23 18:02:08,232] {logging_mixin.py:115} INFO - [2022-05-23 18:02:08,232] {dag.py:2371} INFO - Sync 1 DAGs
[2022-05-23 18:02:08,243] {logging_mixin.py:115} INFO - [2022-05-23 18:02:08,243] {dag.py:2915} INFO - Setting next_dagrun for example_weekday_branch_operator to 2022-05-22T00:00:00+00:00, run_after=2022-05-23T00:00:00+00:00
[2022-05-23 18:02:08,251] {processor.py:161} INFO - Processing /Users/mohammadrezakhorasanchian/.pyenv/versions/3.10.4/lib/python3.10/site-packages/airflow/example_dags/example_branch_day_of_week_operator.py took 0.070 seconds
[2022-05-23 18:03:30,472] {processor.py:153} INFO - Started process (PID=40769) to work on /Users/mohammadrezakhorasanchian/.pyenv/versions/3.10.4/lib/python3.10/site-packages/airflow/example_dags/example_branch_day_of_week_operator.py
[2022-05-23 18:03:30,472] {processor.py:641} INFO - Processing file /Users/mohammadrezakhorasanchian/.pyenv/versions/3.10.4/lib/python3.10/site-packages/airflow/example_dags/example_branch_day_of_week_operator.py for tasks to queue
[2022-05-23 18:03:30,472] {logging_mixin.py:115} INFO - [2022-05-23 18:03:30,472] {dagbag.py:507} INFO - Filling up the DagBag from /Users/mohammadrezakhorasanchian/.pyenv/versions/3.10.4/lib/python3.10/site-packages/airflow/example_dags/example_branch_day_of_week_operator.py
[2022-05-23 18:03:30,482] {processor.py:651} INFO - DAG(s) dict_keys(['example_weekday_branch_operator']) retrieved from /Users/mohammadrezakhorasanchian/.pyenv/versions/3.10.4/lib/python3.10/site-packages/airflow/example_dags/example_branch_day_of_week_operator.py
[2022-05-23 18:03:30,524] {logging_mixin.py:115} INFO - [2022-05-23 18:03:30,524] {dag.py:2371} INFO - Sync 1 DAGs
[2022-05-23 18:03:30,535] {logging_mixin.py:115} INFO - [2022-05-23 18:03:30,535] {dag.py:2915} INFO - Setting next_dagrun for example_weekday_branch_operator to 2022-05-22T00:00:00+00:00, run_after=2022-05-23T00:00:00+00:00
[2022-05-23 18:03:30,542] {processor.py:161} INFO - Processing /Users/mohammadrezakhorasanchian/.pyenv/versions/3.10.4/lib/python3.10/site-packages/airflow/example_dags/example_branch_day_of_week_operator.py took 0.071 seconds
[2022-05-23 18:04:51,787] {processor.py:153} INFO - Started process (PID=40822) to work on /Users/mohammadrezakhorasanchian/.pyenv/versions/3.10.4/lib/python3.10/site-packages/airflow/example_dags/example_branch_day_of_week_operator.py
[2022-05-23 18:04:51,787] {processor.py:641} INFO - Processing file /Users/mohammadrezakhorasanchian/.pyenv/versions/3.10.4/lib/python3.10/site-packages/airflow/example_dags/example_branch_day_of_week_operator.py for tasks to queue
[2022-05-23 18:04:51,788] {logging_mixin.py:115} INFO - [2022-05-23 18:04:51,788] {dagbag.py:507} INFO - Filling up the DagBag from /Users/mohammadrezakhorasanchian/.pyenv/versions/3.10.4/lib/python3.10/site-packages/airflow/example_dags/example_branch_day_of_week_operator.py
[2022-05-23 18:04:51,797] {processor.py:651} INFO - DAG(s) dict_keys(['example_weekday_branch_operator']) retrieved from /Users/mohammadrezakhorasanchian/.pyenv/versions/3.10.4/lib/python3.10/site-packages/airflow/example_dags/example_branch_day_of_week_operator.py
[2022-05-23 18:04:51,839] {logging_mixin.py:115} INFO - [2022-05-23 18:04:51,839] {dag.py:2371} INFO - Sync 1 DAGs
[2022-05-23 18:04:51,849] {logging_mixin.py:115} INFO - [2022-05-23 18:04:51,849] {dag.py:2915} INFO - Setting next_dagrun for example_weekday_branch_operator to 2022-05-22T00:00:00+00:00, run_after=2022-05-23T00:00:00+00:00
[2022-05-23 18:04:51,859] {processor.py:161} INFO - Processing /Users/mohammadrezakhorasanchian/.pyenv/versions/3.10.4/lib/python3.10/site-packages/airflow/example_dags/example_branch_day_of_week_operator.py took 0.072 seconds
[2022-05-23 18:06:17,609] {processor.py:153} INFO - Started process (PID=40876) to work on /Users/mohammadrezakhorasanchian/.pyenv/versions/3.10.4/lib/python3.10/site-packages/airflow/example_dags/example_branch_day_of_week_operator.py
[2022-05-23 18:06:17,609] {processor.py:641} INFO - Processing file /Users/mohammadrezakhorasanchian/.pyenv/versions/3.10.4/lib/python3.10/site-packages/airflow/example_dags/example_branch_day_of_week_operator.py for tasks to queue
[2022-05-23 18:06:17,609] {logging_mixin.py:115} INFO - [2022-05-23 18:06:17,609] {dagbag.py:507} INFO - Filling up the DagBag from /Users/mohammadrezakhorasanchian/.pyenv/versions/3.10.4/lib/python3.10/site-packages/airflow/example_dags/example_branch_day_of_week_operator.py
[2022-05-23 18:06:17,619] {processor.py:651} INFO - DAG(s) dict_keys(['example_weekday_branch_operator']) retrieved from /Users/mohammadrezakhorasanchian/.pyenv/versions/3.10.4/lib/python3.10/site-packages/airflow/example_dags/example_branch_day_of_week_operator.py
[2022-05-23 18:06:17,661] {logging_mixin.py:115} INFO - [2022-05-23 18:06:17,661] {dag.py:2371} INFO - Sync 1 DAGs
[2022-05-23 18:06:17,671] {logging_mixin.py:115} INFO - [2022-05-23 18:06:17,671] {dag.py:2915} INFO - Setting next_dagrun for example_weekday_branch_operator to 2022-05-22T00:00:00+00:00, run_after=2022-05-23T00:00:00+00:00
[2022-05-23 18:06:17,678] {processor.py:161} INFO - Processing /Users/mohammadrezakhorasanchian/.pyenv/versions/3.10.4/lib/python3.10/site-packages/airflow/example_dags/example_branch_day_of_week_operator.py took 0.070 seconds
[2022-05-23 18:07:16,744] {processor.py:153} INFO - Started process (PID=40916) to work on /Users/mohammadrezakhorasanchian/.pyenv/versions/3.10.4/lib/python3.10/site-packages/airflow/example_dags/example_branch_day_of_week_operator.py
[2022-05-23 18:07:16,744] {processor.py:641} INFO - Processing file /Users/mohammadrezakhorasanchian/.pyenv/versions/3.10.4/lib/python3.10/site-packages/airflow/example_dags/example_branch_day_of_week_operator.py for tasks to queue
[2022-05-23 18:07:16,745] {logging_mixin.py:115} INFO - [2022-05-23 18:07:16,745] {dagbag.py:507} INFO - Filling up the DagBag from /Users/mohammadrezakhorasanchian/.pyenv/versions/3.10.4/lib/python3.10/site-packages/airflow/example_dags/example_branch_day_of_week_operator.py
[2022-05-23 18:07:16,754] {processor.py:651} INFO - DAG(s) dict_keys(['example_weekday_branch_operator']) retrieved from /Users/mohammadrezakhorasanchian/.pyenv/versions/3.10.4/lib/python3.10/site-packages/airflow/example_dags/example_branch_day_of_week_operator.py
[2022-05-23 18:07:16,796] {logging_mixin.py:115} INFO - [2022-05-23 18:07:16,796] {dag.py:2371} INFO - Sync 1 DAGs
[2022-05-23 18:07:16,806] {logging_mixin.py:115} INFO - [2022-05-23 18:07:16,806] {dag.py:2915} INFO - Setting next_dagrun for example_weekday_branch_operator to 2022-05-22T00:00:00+00:00, run_after=2022-05-23T00:00:00+00:00
[2022-05-23 18:07:16,814] {processor.py:161} INFO - Processing /Users/mohammadrezakhorasanchian/.pyenv/versions/3.10.4/lib/python3.10/site-packages/airflow/example_dags/example_branch_day_of_week_operator.py took 0.070 seconds
[2022-05-23 18:08:17,724] {processor.py:153} INFO - Started process (PID=40956) to work on /Users/mohammadrezakhorasanchian/.pyenv/versions/3.10.4/lib/python3.10/site-packages/airflow/example_dags/example_branch_day_of_week_operator.py
[2022-05-23 18:08:17,724] {processor.py:641} INFO - Processing file /Users/mohammadrezakhorasanchian/.pyenv/versions/3.10.4/lib/python3.10/site-packages/airflow/example_dags/example_branch_day_of_week_operator.py for tasks to queue
[2022-05-23 18:08:17,724] {logging_mixin.py:115} INFO - [2022-05-23 18:08:17,724] {dagbag.py:507} INFO - Filling up the DagBag from /Users/mohammadrezakhorasanchian/.pyenv/versions/3.10.4/lib/python3.10/site-packages/airflow/example_dags/example_branch_day_of_week_operator.py
[2022-05-23 18:08:17,734] {processor.py:651} INFO - DAG(s) dict_keys(['example_weekday_branch_operator']) retrieved from /Users/mohammadrezakhorasanchian/.pyenv/versions/3.10.4/lib/python3.10/site-packages/airflow/example_dags/example_branch_day_of_week_operator.py
[2022-05-23 18:08:17,775] {logging_mixin.py:115} INFO - [2022-05-23 18:08:17,775] {dag.py:2371} INFO - Sync 1 DAGs
[2022-05-23 18:08:17,786] {logging_mixin.py:115} INFO - [2022-05-23 18:08:17,785] {dag.py:2915} INFO - Setting next_dagrun for example_weekday_branch_operator to 2022-05-22T00:00:00+00:00, run_after=2022-05-23T00:00:00+00:00
[2022-05-23 18:08:17,793] {processor.py:161} INFO - Processing /Users/mohammadrezakhorasanchian/.pyenv/versions/3.10.4/lib/python3.10/site-packages/airflow/example_dags/example_branch_day_of_week_operator.py took 0.069 seconds
[2022-05-23 18:14:55,980] {processor.py:153} INFO - Started process (PID=41138) to work on /Users/mohammadrezakhorasanchian/.pyenv/versions/3.10.4/lib/python3.10/site-packages/airflow/example_dags/example_branch_day_of_week_operator.py
[2022-05-23 18:14:55,982] {processor.py:641} INFO - Processing file /Users/mohammadrezakhorasanchian/.pyenv/versions/3.10.4/lib/python3.10/site-packages/airflow/example_dags/example_branch_day_of_week_operator.py for tasks to queue
[2022-05-23 18:14:55,982] {logging_mixin.py:115} INFO - [2022-05-23 18:14:55,982] {dagbag.py:507} INFO - Filling up the DagBag from /Users/mohammadrezakhorasanchian/.pyenv/versions/3.10.4/lib/python3.10/site-packages/airflow/example_dags/example_branch_day_of_week_operator.py
[2022-05-23 18:14:55,996] {processor.py:651} INFO - DAG(s) dict_keys(['example_weekday_branch_operator']) retrieved from /Users/mohammadrezakhorasanchian/.pyenv/versions/3.10.4/lib/python3.10/site-packages/airflow/example_dags/example_branch_day_of_week_operator.py
[2022-05-23 18:14:56,048] {logging_mixin.py:115} INFO - [2022-05-23 18:14:56,048] {dag.py:2371} INFO - Sync 1 DAGs
[2022-05-23 18:14:56,062] {logging_mixin.py:115} INFO - [2022-05-23 18:14:56,061] {dag.py:2915} INFO - Setting next_dagrun for example_weekday_branch_operator to 2022-05-22T00:00:00+00:00, run_after=2022-05-23T00:00:00+00:00
[2022-05-23 18:14:56,069] {processor.py:161} INFO - Processing /Users/mohammadrezakhorasanchian/.pyenv/versions/3.10.4/lib/python3.10/site-packages/airflow/example_dags/example_branch_day_of_week_operator.py took 0.090 seconds
