[2022-05-23 18:08:40,433] {taskinstance.py:1159} INFO - Dependencies all met for <TaskInstance: httpChartDag.parseHttp manual__2022-05-23T15:08:38.676313+00:00 [queued]>
[2022-05-23 18:08:40,438] {taskinstance.py:1159} INFO - Dependencies all met for <TaskInstance: httpChartDag.parseHttp manual__2022-05-23T15:08:38.676313+00:00 [queued]>
[2022-05-23 18:08:40,438] {taskinstance.py:1356} INFO - 
--------------------------------------------------------------------------------
[2022-05-23 18:08:40,438] {taskinstance.py:1357} INFO - Starting attempt 1 of 1
[2022-05-23 18:08:40,438] {taskinstance.py:1358} INFO - 
--------------------------------------------------------------------------------
[2022-05-23 18:08:40,446] {taskinstance.py:1377} INFO - Executing <Task(PythonOperator): parseHttp> on 2022-05-23 15:08:38.676313+00:00
[2022-05-23 18:08:40,448] {standard_task_runner.py:52} INFO - Started process 40973 to run task
[2022-05-23 18:08:40,452] {standard_task_runner.py:79} INFO - Running: ['airflow', 'tasks', 'run', 'httpChartDag', 'parseHttp', 'manual__2022-05-23T15:08:38.676313+00:00', '--job-id', '67', '--raw', '--subdir', 'DAGS_FOLDER/httpChartDag.py', '--cfg-path', '/var/folders/0d/sktr6mh10ll3pgqmdz0_b6pw0000gn/T/tmpckos2e_m', '--error-file', '/var/folders/0d/sktr6mh10ll3pgqmdz0_b6pw0000gn/T/tmpjfhen78n']
[2022-05-23 18:08:40,454] {standard_task_runner.py:80} INFO - Job 67: Subtask parseHttp
[2022-05-23 18:08:40,487] {task_command.py:369} INFO - Running <TaskInstance: httpChartDag.parseHttp manual__2022-05-23T15:08:38.676313+00:00 [running]> on host 192.168.1.89
[2022-05-23 18:08:40,527] {taskinstance.py:1569} INFO - Exporting the following env vars:
AIRFLOW_CTX_DAG_OWNER=airflow
AIRFLOW_CTX_DAG_ID=httpChartDag
AIRFLOW_CTX_TASK_ID=parseHttp
AIRFLOW_CTX_EXECUTION_DATE=2022-05-23T15:08:38.676313+00:00
AIRFLOW_CTX_TRY_NUMBER=1
AIRFLOW_CTX_DAG_RUN_ID=manual__2022-05-23T15:08:38.676313+00:00
[2022-05-23 18:13:56,823] {python.py:173} INFO - Done. Returned value was: None
[2022-05-23 18:13:56,831] {taskinstance.py:1395} INFO - Marking task as SUCCESS. dag_id=httpChartDag, task_id=parseHttp, execution_date=20220523T150838, start_date=20220523T150840, end_date=20220523T151356
[2022-05-23 18:13:56,879] {local_task_job.py:156} INFO - Task exited with return code 0
[2022-05-23 18:13:56,893] {local_task_job.py:273} INFO - 0 downstream tasks scheduled from follow-on schedule check
