[2022-05-19 03:30:08,519] {processor.py:153} INFO - Started process (PID=16740) to work on /Users/mohammadrezakhorasanchian/.pyenv/versions/3.10.4/lib/python3.10/site-packages/airflow/example_dags/subdags/subdag.py
[2022-05-19 03:30:08,519] {processor.py:641} INFO - Processing file /Users/mohammadrezakhorasanchian/.pyenv/versions/3.10.4/lib/python3.10/site-packages/airflow/example_dags/subdags/subdag.py for tasks to queue
[2022-05-19 03:30:08,520] {logging_mixin.py:115} INFO - [2022-05-19 03:30:08,520] {dagbag.py:507} INFO - Filling up the DagBag from /Users/mohammadrezakhorasanchian/.pyenv/versions/3.10.4/lib/python3.10/site-packages/airflow/example_dags/subdags/subdag.py
[2022-05-19 03:30:08,521] {processor.py:653} WARNING - No viable dags retrieved from /Users/mohammadrezakhorasanchian/.pyenv/versions/3.10.4/lib/python3.10/site-packages/airflow/example_dags/subdags/subdag.py
[2022-05-19 03:30:08,550] {processor.py:161} INFO - Processing /Users/mohammadrezakhorasanchian/.pyenv/versions/3.10.4/lib/python3.10/site-packages/airflow/example_dags/subdags/subdag.py took 0.031 seconds
[2022-05-19 04:24:34,394] {processor.py:153} INFO - Started process (PID=16810) to work on /Users/mohammadrezakhorasanchian/.pyenv/versions/3.10.4/lib/python3.10/site-packages/airflow/example_dags/subdags/subdag.py
[2022-05-19 04:24:34,396] {processor.py:641} INFO - Processing file /Users/mohammadrezakhorasanchian/.pyenv/versions/3.10.4/lib/python3.10/site-packages/airflow/example_dags/subdags/subdag.py for tasks to queue
[2022-05-19 04:24:34,396] {logging_mixin.py:115} INFO - [2022-05-19 04:24:34,396] {dagbag.py:507} INFO - Filling up the DagBag from /Users/mohammadrezakhorasanchian/.pyenv/versions/3.10.4/lib/python3.10/site-packages/airflow/example_dags/subdags/subdag.py
[2022-05-19 04:24:34,397] {processor.py:653} WARNING - No viable dags retrieved from /Users/mohammadrezakhorasanchian/.pyenv/versions/3.10.4/lib/python3.10/site-packages/airflow/example_dags/subdags/subdag.py
[2022-05-19 04:24:34,426] {processor.py:161} INFO - Processing /Users/mohammadrezakhorasanchian/.pyenv/versions/3.10.4/lib/python3.10/site-packages/airflow/example_dags/subdags/subdag.py took 0.032 seconds
[2022-05-19 05:18:37,717] {processor.py:153} INFO - Started process (PID=16846) to work on /Users/mohammadrezakhorasanchian/.pyenv/versions/3.10.4/lib/python3.10/site-packages/airflow/example_dags/subdags/subdag.py
[2022-05-19 05:18:37,718] {processor.py:641} INFO - Processing file /Users/mohammadrezakhorasanchian/.pyenv/versions/3.10.4/lib/python3.10/site-packages/airflow/example_dags/subdags/subdag.py for tasks to queue
[2022-05-19 05:18:37,718] {logging_mixin.py:115} INFO - [2022-05-19 05:18:37,718] {dagbag.py:507} INFO - Filling up the DagBag from /Users/mohammadrezakhorasanchian/.pyenv/versions/3.10.4/lib/python3.10/site-packages/airflow/example_dags/subdags/subdag.py
[2022-05-19 05:18:37,720] {processor.py:653} WARNING - No viable dags retrieved from /Users/mohammadrezakhorasanchian/.pyenv/versions/3.10.4/lib/python3.10/site-packages/airflow/example_dags/subdags/subdag.py
[2022-05-19 05:18:37,748] {processor.py:161} INFO - Processing /Users/mohammadrezakhorasanchian/.pyenv/versions/3.10.4/lib/python3.10/site-packages/airflow/example_dags/subdags/subdag.py took 0.031 seconds
[2022-05-19 06:12:53,273] {processor.py:153} INFO - Started process (PID=16887) to work on /Users/mohammadrezakhorasanchian/.pyenv/versions/3.10.4/lib/python3.10/site-packages/airflow/example_dags/subdags/subdag.py
[2022-05-19 06:12:53,274] {processor.py:641} INFO - Processing file /Users/mohammadrezakhorasanchian/.pyenv/versions/3.10.4/lib/python3.10/site-packages/airflow/example_dags/subdags/subdag.py for tasks to queue
[2022-05-19 06:12:53,274] {logging_mixin.py:115} INFO - [2022-05-19 06:12:53,274] {dagbag.py:507} INFO - Filling up the DagBag from /Users/mohammadrezakhorasanchian/.pyenv/versions/3.10.4/lib/python3.10/site-packages/airflow/example_dags/subdags/subdag.py
[2022-05-19 06:12:53,276] {processor.py:653} WARNING - No viable dags retrieved from /Users/mohammadrezakhorasanchian/.pyenv/versions/3.10.4/lib/python3.10/site-packages/airflow/example_dags/subdags/subdag.py
[2022-05-19 06:12:53,306] {processor.py:161} INFO - Processing /Users/mohammadrezakhorasanchian/.pyenv/versions/3.10.4/lib/python3.10/site-packages/airflow/example_dags/subdags/subdag.py took 0.034 seconds
[2022-05-19 06:13:36,260] {processor.py:153} INFO - Started process (PID=16915) to work on /Users/mohammadrezakhorasanchian/.pyenv/versions/3.10.4/lib/python3.10/site-packages/airflow/example_dags/subdags/subdag.py
[2022-05-19 06:13:36,260] {processor.py:641} INFO - Processing file /Users/mohammadrezakhorasanchian/.pyenv/versions/3.10.4/lib/python3.10/site-packages/airflow/example_dags/subdags/subdag.py for tasks to queue
[2022-05-19 06:13:36,260] {logging_mixin.py:115} INFO - [2022-05-19 06:13:36,260] {dagbag.py:507} INFO - Filling up the DagBag from /Users/mohammadrezakhorasanchian/.pyenv/versions/3.10.4/lib/python3.10/site-packages/airflow/example_dags/subdags/subdag.py
[2022-05-19 06:13:36,261] {processor.py:653} WARNING - No viable dags retrieved from /Users/mohammadrezakhorasanchian/.pyenv/versions/3.10.4/lib/python3.10/site-packages/airflow/example_dags/subdags/subdag.py
[2022-05-19 06:13:36,288] {processor.py:161} INFO - Processing /Users/mohammadrezakhorasanchian/.pyenv/versions/3.10.4/lib/python3.10/site-packages/airflow/example_dags/subdags/subdag.py took 0.029 seconds
[2022-05-19 07:07:11,011] {processor.py:153} INFO - Started process (PID=16944) to work on /Users/mohammadrezakhorasanchian/.pyenv/versions/3.10.4/lib/python3.10/site-packages/airflow/example_dags/subdags/subdag.py
[2022-05-19 07:07:11,011] {processor.py:641} INFO - Processing file /Users/mohammadrezakhorasanchian/.pyenv/versions/3.10.4/lib/python3.10/site-packages/airflow/example_dags/subdags/subdag.py for tasks to queue
[2022-05-19 07:07:11,012] {logging_mixin.py:115} INFO - [2022-05-19 07:07:11,012] {dagbag.py:507} INFO - Filling up the DagBag from /Users/mohammadrezakhorasanchian/.pyenv/versions/3.10.4/lib/python3.10/site-packages/airflow/example_dags/subdags/subdag.py
[2022-05-19 07:07:11,013] {processor.py:653} WARNING - No viable dags retrieved from /Users/mohammadrezakhorasanchian/.pyenv/versions/3.10.4/lib/python3.10/site-packages/airflow/example_dags/subdags/subdag.py
[2022-05-19 07:07:11,039] {processor.py:161} INFO - Processing /Users/mohammadrezakhorasanchian/.pyenv/versions/3.10.4/lib/python3.10/site-packages/airflow/example_dags/subdags/subdag.py took 0.028 seconds
[2022-05-19 08:01:11,663] {processor.py:153} INFO - Started process (PID=16979) to work on /Users/mohammadrezakhorasanchian/.pyenv/versions/3.10.4/lib/python3.10/site-packages/airflow/example_dags/subdags/subdag.py
[2022-05-19 08:01:11,664] {processor.py:641} INFO - Processing file /Users/mohammadrezakhorasanchian/.pyenv/versions/3.10.4/lib/python3.10/site-packages/airflow/example_dags/subdags/subdag.py for tasks to queue
[2022-05-19 08:01:11,665] {logging_mixin.py:115} INFO - [2022-05-19 08:01:11,665] {dagbag.py:507} INFO - Filling up the DagBag from /Users/mohammadrezakhorasanchian/.pyenv/versions/3.10.4/lib/python3.10/site-packages/airflow/example_dags/subdags/subdag.py
[2022-05-19 08:01:11,667] {processor.py:653} WARNING - No viable dags retrieved from /Users/mohammadrezakhorasanchian/.pyenv/versions/3.10.4/lib/python3.10/site-packages/airflow/example_dags/subdags/subdag.py
[2022-05-19 08:01:11,698] {processor.py:161} INFO - Processing /Users/mohammadrezakhorasanchian/.pyenv/versions/3.10.4/lib/python3.10/site-packages/airflow/example_dags/subdags/subdag.py took 0.036 seconds
[2022-05-19 08:55:22,636] {processor.py:153} INFO - Started process (PID=17019) to work on /Users/mohammadrezakhorasanchian/.pyenv/versions/3.10.4/lib/python3.10/site-packages/airflow/example_dags/subdags/subdag.py
[2022-05-19 08:55:22,637] {processor.py:641} INFO - Processing file /Users/mohammadrezakhorasanchian/.pyenv/versions/3.10.4/lib/python3.10/site-packages/airflow/example_dags/subdags/subdag.py for tasks to queue
[2022-05-19 08:55:22,638] {logging_mixin.py:115} INFO - [2022-05-19 08:55:22,638] {dagbag.py:507} INFO - Filling up the DagBag from /Users/mohammadrezakhorasanchian/.pyenv/versions/3.10.4/lib/python3.10/site-packages/airflow/example_dags/subdags/subdag.py
[2022-05-19 08:55:22,639] {processor.py:653} WARNING - No viable dags retrieved from /Users/mohammadrezakhorasanchian/.pyenv/versions/3.10.4/lib/python3.10/site-packages/airflow/example_dags/subdags/subdag.py
[2022-05-19 08:55:22,668] {processor.py:161} INFO - Processing /Users/mohammadrezakhorasanchian/.pyenv/versions/3.10.4/lib/python3.10/site-packages/airflow/example_dags/subdags/subdag.py took 0.032 seconds
[2022-05-19 09:50:55,332] {processor.py:153} INFO - Started process (PID=17062) to work on /Users/mohammadrezakhorasanchian/.pyenv/versions/3.10.4/lib/python3.10/site-packages/airflow/example_dags/subdags/subdag.py
[2022-05-19 09:50:55,333] {processor.py:641} INFO - Processing file /Users/mohammadrezakhorasanchian/.pyenv/versions/3.10.4/lib/python3.10/site-packages/airflow/example_dags/subdags/subdag.py for tasks to queue
[2022-05-19 09:50:55,333] {logging_mixin.py:115} INFO - [2022-05-19 09:50:55,333] {dagbag.py:507} INFO - Filling up the DagBag from /Users/mohammadrezakhorasanchian/.pyenv/versions/3.10.4/lib/python3.10/site-packages/airflow/example_dags/subdags/subdag.py
[2022-05-19 09:50:55,334] {processor.py:653} WARNING - No viable dags retrieved from /Users/mohammadrezakhorasanchian/.pyenv/versions/3.10.4/lib/python3.10/site-packages/airflow/example_dags/subdags/subdag.py
[2022-05-19 09:50:55,361] {processor.py:161} INFO - Processing /Users/mohammadrezakhorasanchian/.pyenv/versions/3.10.4/lib/python3.10/site-packages/airflow/example_dags/subdags/subdag.py took 0.030 seconds
[2022-05-19 13:58:28,274] {processor.py:153} INFO - Started process (PID=17154) to work on /Users/mohammadrezakhorasanchian/.pyenv/versions/3.10.4/lib/python3.10/site-packages/airflow/example_dags/subdags/subdag.py
[2022-05-19 13:58:28,275] {processor.py:641} INFO - Processing file /Users/mohammadrezakhorasanchian/.pyenv/versions/3.10.4/lib/python3.10/site-packages/airflow/example_dags/subdags/subdag.py for tasks to queue
[2022-05-19 13:58:28,275] {logging_mixin.py:115} INFO - [2022-05-19 13:58:28,275] {dagbag.py:507} INFO - Filling up the DagBag from /Users/mohammadrezakhorasanchian/.pyenv/versions/3.10.4/lib/python3.10/site-packages/airflow/example_dags/subdags/subdag.py
[2022-05-19 13:58:28,276] {processor.py:653} WARNING - No viable dags retrieved from /Users/mohammadrezakhorasanchian/.pyenv/versions/3.10.4/lib/python3.10/site-packages/airflow/example_dags/subdags/subdag.py
[2022-05-19 13:58:28,305] {processor.py:161} INFO - Processing /Users/mohammadrezakhorasanchian/.pyenv/versions/3.10.4/lib/python3.10/site-packages/airflow/example_dags/subdags/subdag.py took 0.031 seconds
[2022-05-19 13:59:16,816] {processor.py:153} INFO - Started process (PID=17244) to work on /Users/mohammadrezakhorasanchian/.pyenv/versions/3.10.4/lib/python3.10/site-packages/airflow/example_dags/subdags/subdag.py
[2022-05-19 13:59:16,816] {processor.py:641} INFO - Processing file /Users/mohammadrezakhorasanchian/.pyenv/versions/3.10.4/lib/python3.10/site-packages/airflow/example_dags/subdags/subdag.py for tasks to queue
[2022-05-19 13:59:16,816] {logging_mixin.py:115} INFO - [2022-05-19 13:59:16,816] {dagbag.py:507} INFO - Filling up the DagBag from /Users/mohammadrezakhorasanchian/.pyenv/versions/3.10.4/lib/python3.10/site-packages/airflow/example_dags/subdags/subdag.py
[2022-05-19 13:59:16,818] {processor.py:653} WARNING - No viable dags retrieved from /Users/mohammadrezakhorasanchian/.pyenv/versions/3.10.4/lib/python3.10/site-packages/airflow/example_dags/subdags/subdag.py
[2022-05-19 13:59:16,856] {processor.py:161} INFO - Processing /Users/mohammadrezakhorasanchian/.pyenv/versions/3.10.4/lib/python3.10/site-packages/airflow/example_dags/subdags/subdag.py took 0.040 seconds
