[2022-05-23 16:13:00,284] {processor.py:153} INFO - Started process (PID=36298) to work on /Users/mohammadrezakhorasanchian/.pyenv/versions/3.10.4/lib/python3.10/site-packages/airflow/example_dags/subdags/subdag.py
[2022-05-23 16:13:00,284] {processor.py:641} INFO - Processing file /Users/mohammadrezakhorasanchian/.pyenv/versions/3.10.4/lib/python3.10/site-packages/airflow/example_dags/subdags/subdag.py for tasks to queue
[2022-05-23 16:13:00,284] {logging_mixin.py:115} INFO - [2022-05-23 16:13:00,284] {dagbag.py:507} INFO - Filling up the DagBag from /Users/mohammadrezakhorasanchian/.pyenv/versions/3.10.4/lib/python3.10/site-packages/airflow/example_dags/subdags/subdag.py
[2022-05-23 16:13:00,286] {processor.py:653} WARNING - No viable dags retrieved from /Users/mohammadrezakhorasanchian/.pyenv/versions/3.10.4/lib/python3.10/site-packages/airflow/example_dags/subdags/subdag.py
[2022-05-23 16:13:00,321] {processor.py:161} INFO - Processing /Users/mohammadrezakhorasanchian/.pyenv/versions/3.10.4/lib/python3.10/site-packages/airflow/example_dags/subdags/subdag.py took 0.037 seconds
[2022-05-23 16:14:02,959] {processor.py:153} INFO - Started process (PID=36382) to work on /Users/mohammadrezakhorasanchian/.pyenv/versions/3.10.4/lib/python3.10/site-packages/airflow/example_dags/subdags/subdag.py
[2022-05-23 16:14:02,959] {processor.py:641} INFO - Processing file /Users/mohammadrezakhorasanchian/.pyenv/versions/3.10.4/lib/python3.10/site-packages/airflow/example_dags/subdags/subdag.py for tasks to queue
[2022-05-23 16:14:02,959] {logging_mixin.py:115} INFO - [2022-05-23 16:14:02,959] {dagbag.py:507} INFO - Filling up the DagBag from /Users/mohammadrezakhorasanchian/.pyenv/versions/3.10.4/lib/python3.10/site-packages/airflow/example_dags/subdags/subdag.py
[2022-05-23 16:14:02,960] {processor.py:653} WARNING - No viable dags retrieved from /Users/mohammadrezakhorasanchian/.pyenv/versions/3.10.4/lib/python3.10/site-packages/airflow/example_dags/subdags/subdag.py
[2022-05-23 16:14:02,987] {processor.py:161} INFO - Processing /Users/mohammadrezakhorasanchian/.pyenv/versions/3.10.4/lib/python3.10/site-packages/airflow/example_dags/subdags/subdag.py took 0.029 seconds
[2022-05-23 16:15:05,688] {processor.py:153} INFO - Started process (PID=36463) to work on /Users/mohammadrezakhorasanchian/.pyenv/versions/3.10.4/lib/python3.10/site-packages/airflow/example_dags/subdags/subdag.py
[2022-05-23 16:15:05,688] {processor.py:641} INFO - Processing file /Users/mohammadrezakhorasanchian/.pyenv/versions/3.10.4/lib/python3.10/site-packages/airflow/example_dags/subdags/subdag.py for tasks to queue
[2022-05-23 16:15:05,688] {logging_mixin.py:115} INFO - [2022-05-23 16:15:05,688] {dagbag.py:507} INFO - Filling up the DagBag from /Users/mohammadrezakhorasanchian/.pyenv/versions/3.10.4/lib/python3.10/site-packages/airflow/example_dags/subdags/subdag.py
[2022-05-23 16:15:05,690] {processor.py:653} WARNING - No viable dags retrieved from /Users/mohammadrezakhorasanchian/.pyenv/versions/3.10.4/lib/python3.10/site-packages/airflow/example_dags/subdags/subdag.py
[2022-05-23 16:15:05,716] {processor.py:161} INFO - Processing /Users/mohammadrezakhorasanchian/.pyenv/versions/3.10.4/lib/python3.10/site-packages/airflow/example_dags/subdags/subdag.py took 0.029 seconds
[2022-05-23 16:15:39,422] {processor.py:153} INFO - Started process (PID=36507) to work on /Users/mohammadrezakhorasanchian/.pyenv/versions/3.10.4/lib/python3.10/site-packages/airflow/example_dags/subdags/subdag.py
[2022-05-23 16:15:39,423] {processor.py:641} INFO - Processing file /Users/mohammadrezakhorasanchian/.pyenv/versions/3.10.4/lib/python3.10/site-packages/airflow/example_dags/subdags/subdag.py for tasks to queue
[2022-05-23 16:15:39,423] {logging_mixin.py:115} INFO - [2022-05-23 16:15:39,423] {dagbag.py:507} INFO - Filling up the DagBag from /Users/mohammadrezakhorasanchian/.pyenv/versions/3.10.4/lib/python3.10/site-packages/airflow/example_dags/subdags/subdag.py
[2022-05-23 16:15:39,424] {processor.py:653} WARNING - No viable dags retrieved from /Users/mohammadrezakhorasanchian/.pyenv/versions/3.10.4/lib/python3.10/site-packages/airflow/example_dags/subdags/subdag.py
[2022-05-23 16:15:39,461] {processor.py:161} INFO - Processing /Users/mohammadrezakhorasanchian/.pyenv/versions/3.10.4/lib/python3.10/site-packages/airflow/example_dags/subdags/subdag.py took 0.040 seconds
[2022-05-23 16:16:38,730] {processor.py:153} INFO - Started process (PID=36618) to work on /Users/mohammadrezakhorasanchian/.pyenv/versions/3.10.4/lib/python3.10/site-packages/airflow/example_dags/subdags/subdag.py
[2022-05-23 16:16:38,730] {processor.py:641} INFO - Processing file /Users/mohammadrezakhorasanchian/.pyenv/versions/3.10.4/lib/python3.10/site-packages/airflow/example_dags/subdags/subdag.py for tasks to queue
[2022-05-23 16:16:38,730] {logging_mixin.py:115} INFO - [2022-05-23 16:16:38,730] {dagbag.py:507} INFO - Filling up the DagBag from /Users/mohammadrezakhorasanchian/.pyenv/versions/3.10.4/lib/python3.10/site-packages/airflow/example_dags/subdags/subdag.py
[2022-05-23 16:16:38,731] {processor.py:653} WARNING - No viable dags retrieved from /Users/mohammadrezakhorasanchian/.pyenv/versions/3.10.4/lib/python3.10/site-packages/airflow/example_dags/subdags/subdag.py
[2022-05-23 16:16:38,760] {processor.py:161} INFO - Processing /Users/mohammadrezakhorasanchian/.pyenv/versions/3.10.4/lib/python3.10/site-packages/airflow/example_dags/subdags/subdag.py took 0.031 seconds
[2022-05-23 16:17:40,915] {processor.py:153} INFO - Started process (PID=36680) to work on /Users/mohammadrezakhorasanchian/.pyenv/versions/3.10.4/lib/python3.10/site-packages/airflow/example_dags/subdags/subdag.py
[2022-05-23 16:17:40,915] {processor.py:641} INFO - Processing file /Users/mohammadrezakhorasanchian/.pyenv/versions/3.10.4/lib/python3.10/site-packages/airflow/example_dags/subdags/subdag.py for tasks to queue
[2022-05-23 16:17:40,916] {logging_mixin.py:115} INFO - [2022-05-23 16:17:40,916] {dagbag.py:507} INFO - Filling up the DagBag from /Users/mohammadrezakhorasanchian/.pyenv/versions/3.10.4/lib/python3.10/site-packages/airflow/example_dags/subdags/subdag.py
[2022-05-23 16:17:40,917] {processor.py:653} WARNING - No viable dags retrieved from /Users/mohammadrezakhorasanchian/.pyenv/versions/3.10.4/lib/python3.10/site-packages/airflow/example_dags/subdags/subdag.py
[2022-05-23 16:17:40,953] {processor.py:161} INFO - Processing /Users/mohammadrezakhorasanchian/.pyenv/versions/3.10.4/lib/python3.10/site-packages/airflow/example_dags/subdags/subdag.py took 0.039 seconds
[2022-05-23 16:18:44,251] {processor.py:153} INFO - Started process (PID=36767) to work on /Users/mohammadrezakhorasanchian/.pyenv/versions/3.10.4/lib/python3.10/site-packages/airflow/example_dags/subdags/subdag.py
[2022-05-23 16:18:44,252] {processor.py:641} INFO - Processing file /Users/mohammadrezakhorasanchian/.pyenv/versions/3.10.4/lib/python3.10/site-packages/airflow/example_dags/subdags/subdag.py for tasks to queue
[2022-05-23 16:18:44,252] {logging_mixin.py:115} INFO - [2022-05-23 16:18:44,252] {dagbag.py:507} INFO - Filling up the DagBag from /Users/mohammadrezakhorasanchian/.pyenv/versions/3.10.4/lib/python3.10/site-packages/airflow/example_dags/subdags/subdag.py
[2022-05-23 16:18:44,253] {processor.py:653} WARNING - No viable dags retrieved from /Users/mohammadrezakhorasanchian/.pyenv/versions/3.10.4/lib/python3.10/site-packages/airflow/example_dags/subdags/subdag.py
[2022-05-23 16:18:44,279] {processor.py:161} INFO - Processing /Users/mohammadrezakhorasanchian/.pyenv/versions/3.10.4/lib/python3.10/site-packages/airflow/example_dags/subdags/subdag.py took 0.028 seconds
[2022-05-23 16:50:12,690] {processor.py:153} INFO - Started process (PID=36836) to work on /Users/mohammadrezakhorasanchian/.pyenv/versions/3.10.4/lib/python3.10/site-packages/airflow/example_dags/subdags/subdag.py
[2022-05-23 16:50:12,691] {processor.py:641} INFO - Processing file /Users/mohammadrezakhorasanchian/.pyenv/versions/3.10.4/lib/python3.10/site-packages/airflow/example_dags/subdags/subdag.py for tasks to queue
[2022-05-23 16:50:12,692] {logging_mixin.py:115} INFO - [2022-05-23 16:50:12,692] {dagbag.py:507} INFO - Filling up the DagBag from /Users/mohammadrezakhorasanchian/.pyenv/versions/3.10.4/lib/python3.10/site-packages/airflow/example_dags/subdags/subdag.py
[2022-05-23 16:50:12,697] {processor.py:653} WARNING - No viable dags retrieved from /Users/mohammadrezakhorasanchian/.pyenv/versions/3.10.4/lib/python3.10/site-packages/airflow/example_dags/subdags/subdag.py
[2022-05-23 16:50:12,833] {processor.py:161} INFO - Processing /Users/mohammadrezakhorasanchian/.pyenv/versions/3.10.4/lib/python3.10/site-packages/airflow/example_dags/subdags/subdag.py took 0.145 seconds
[2022-05-23 16:51:48,250] {processor.py:153} INFO - Started process (PID=36862) to work on /Users/mohammadrezakhorasanchian/.pyenv/versions/3.10.4/lib/python3.10/site-packages/airflow/example_dags/subdags/subdag.py
[2022-05-23 16:51:48,250] {processor.py:641} INFO - Processing file /Users/mohammadrezakhorasanchian/.pyenv/versions/3.10.4/lib/python3.10/site-packages/airflow/example_dags/subdags/subdag.py for tasks to queue
[2022-05-23 16:51:48,250] {logging_mixin.py:115} INFO - [2022-05-23 16:51:48,250] {dagbag.py:507} INFO - Filling up the DagBag from /Users/mohammadrezakhorasanchian/.pyenv/versions/3.10.4/lib/python3.10/site-packages/airflow/example_dags/subdags/subdag.py
[2022-05-23 16:51:48,253] {processor.py:653} WARNING - No viable dags retrieved from /Users/mohammadrezakhorasanchian/.pyenv/versions/3.10.4/lib/python3.10/site-packages/airflow/example_dags/subdags/subdag.py
[2022-05-23 16:51:48,324] {processor.py:161} INFO - Processing /Users/mohammadrezakhorasanchian/.pyenv/versions/3.10.4/lib/python3.10/site-packages/airflow/example_dags/subdags/subdag.py took 0.075 seconds
[2022-05-23 16:55:39,841] {processor.py:153} INFO - Started process (PID=36933) to work on /Users/mohammadrezakhorasanchian/.pyenv/versions/3.10.4/lib/python3.10/site-packages/airflow/example_dags/subdags/subdag.py
[2022-05-23 16:55:39,841] {processor.py:641} INFO - Processing file /Users/mohammadrezakhorasanchian/.pyenv/versions/3.10.4/lib/python3.10/site-packages/airflow/example_dags/subdags/subdag.py for tasks to queue
[2022-05-23 16:55:39,841] {logging_mixin.py:115} INFO - [2022-05-23 16:55:39,841] {dagbag.py:507} INFO - Filling up the DagBag from /Users/mohammadrezakhorasanchian/.pyenv/versions/3.10.4/lib/python3.10/site-packages/airflow/example_dags/subdags/subdag.py
[2022-05-23 16:55:39,843] {processor.py:653} WARNING - No viable dags retrieved from /Users/mohammadrezakhorasanchian/.pyenv/versions/3.10.4/lib/python3.10/site-packages/airflow/example_dags/subdags/subdag.py
[2022-05-23 16:55:39,869] {processor.py:161} INFO - Processing /Users/mohammadrezakhorasanchian/.pyenv/versions/3.10.4/lib/python3.10/site-packages/airflow/example_dags/subdags/subdag.py took 0.028 seconds
[2022-05-23 16:56:13,559] {processor.py:153} INFO - Started process (PID=36996) to work on /Users/mohammadrezakhorasanchian/.pyenv/versions/3.10.4/lib/python3.10/site-packages/airflow/example_dags/subdags/subdag.py
[2022-05-23 16:56:13,559] {processor.py:641} INFO - Processing file /Users/mohammadrezakhorasanchian/.pyenv/versions/3.10.4/lib/python3.10/site-packages/airflow/example_dags/subdags/subdag.py for tasks to queue
[2022-05-23 16:56:13,559] {logging_mixin.py:115} INFO - [2022-05-23 16:56:13,559] {dagbag.py:507} INFO - Filling up the DagBag from /Users/mohammadrezakhorasanchian/.pyenv/versions/3.10.4/lib/python3.10/site-packages/airflow/example_dags/subdags/subdag.py
[2022-05-23 16:56:13,560] {processor.py:653} WARNING - No viable dags retrieved from /Users/mohammadrezakhorasanchian/.pyenv/versions/3.10.4/lib/python3.10/site-packages/airflow/example_dags/subdags/subdag.py
[2022-05-23 16:56:13,588] {processor.py:161} INFO - Processing /Users/mohammadrezakhorasanchian/.pyenv/versions/3.10.4/lib/python3.10/site-packages/airflow/example_dags/subdags/subdag.py took 0.029 seconds
[2022-05-23 16:57:13,007] {processor.py:153} INFO - Started process (PID=37089) to work on /Users/mohammadrezakhorasanchian/.pyenv/versions/3.10.4/lib/python3.10/site-packages/airflow/example_dags/subdags/subdag.py
[2022-05-23 16:57:13,007] {processor.py:641} INFO - Processing file /Users/mohammadrezakhorasanchian/.pyenv/versions/3.10.4/lib/python3.10/site-packages/airflow/example_dags/subdags/subdag.py for tasks to queue
[2022-05-23 16:57:13,007] {logging_mixin.py:115} INFO - [2022-05-23 16:57:13,007] {dagbag.py:507} INFO - Filling up the DagBag from /Users/mohammadrezakhorasanchian/.pyenv/versions/3.10.4/lib/python3.10/site-packages/airflow/example_dags/subdags/subdag.py
[2022-05-23 16:57:13,008] {processor.py:653} WARNING - No viable dags retrieved from /Users/mohammadrezakhorasanchian/.pyenv/versions/3.10.4/lib/python3.10/site-packages/airflow/example_dags/subdags/subdag.py
[2022-05-23 16:57:13,037] {processor.py:161} INFO - Processing /Users/mohammadrezakhorasanchian/.pyenv/versions/3.10.4/lib/python3.10/site-packages/airflow/example_dags/subdags/subdag.py took 0.031 seconds
[2022-05-23 16:58:11,297] {processor.py:153} INFO - Started process (PID=37127) to work on /Users/mohammadrezakhorasanchian/.pyenv/versions/3.10.4/lib/python3.10/site-packages/airflow/example_dags/subdags/subdag.py
[2022-05-23 16:58:11,297] {processor.py:641} INFO - Processing file /Users/mohammadrezakhorasanchian/.pyenv/versions/3.10.4/lib/python3.10/site-packages/airflow/example_dags/subdags/subdag.py for tasks to queue
[2022-05-23 16:58:11,297] {logging_mixin.py:115} INFO - [2022-05-23 16:58:11,297] {dagbag.py:507} INFO - Filling up the DagBag from /Users/mohammadrezakhorasanchian/.pyenv/versions/3.10.4/lib/python3.10/site-packages/airflow/example_dags/subdags/subdag.py
[2022-05-23 16:58:11,298] {processor.py:653} WARNING - No viable dags retrieved from /Users/mohammadrezakhorasanchian/.pyenv/versions/3.10.4/lib/python3.10/site-packages/airflow/example_dags/subdags/subdag.py
[2022-05-23 16:58:11,325] {processor.py:161} INFO - Processing /Users/mohammadrezakhorasanchian/.pyenv/versions/3.10.4/lib/python3.10/site-packages/airflow/example_dags/subdags/subdag.py took 0.029 seconds
[2022-05-23 16:59:10,657] {processor.py:153} INFO - Started process (PID=37163) to work on /Users/mohammadrezakhorasanchian/.pyenv/versions/3.10.4/lib/python3.10/site-packages/airflow/example_dags/subdags/subdag.py
[2022-05-23 16:59:10,658] {processor.py:641} INFO - Processing file /Users/mohammadrezakhorasanchian/.pyenv/versions/3.10.4/lib/python3.10/site-packages/airflow/example_dags/subdags/subdag.py for tasks to queue
[2022-05-23 16:59:10,658] {logging_mixin.py:115} INFO - [2022-05-23 16:59:10,658] {dagbag.py:507} INFO - Filling up the DagBag from /Users/mohammadrezakhorasanchian/.pyenv/versions/3.10.4/lib/python3.10/site-packages/airflow/example_dags/subdags/subdag.py
[2022-05-23 16:59:10,659] {processor.py:653} WARNING - No viable dags retrieved from /Users/mohammadrezakhorasanchian/.pyenv/versions/3.10.4/lib/python3.10/site-packages/airflow/example_dags/subdags/subdag.py
[2022-05-23 16:59:10,686] {processor.py:161} INFO - Processing /Users/mohammadrezakhorasanchian/.pyenv/versions/3.10.4/lib/python3.10/site-packages/airflow/example_dags/subdags/subdag.py took 0.029 seconds
[2022-05-23 17:00:04,351] {processor.py:153} INFO - Started process (PID=37205) to work on /Users/mohammadrezakhorasanchian/.pyenv/versions/3.10.4/lib/python3.10/site-packages/airflow/example_dags/subdags/subdag.py
[2022-05-23 17:00:04,351] {processor.py:641} INFO - Processing file /Users/mohammadrezakhorasanchian/.pyenv/versions/3.10.4/lib/python3.10/site-packages/airflow/example_dags/subdags/subdag.py for tasks to queue
[2022-05-23 17:00:04,351] {logging_mixin.py:115} INFO - [2022-05-23 17:00:04,351] {dagbag.py:507} INFO - Filling up the DagBag from /Users/mohammadrezakhorasanchian/.pyenv/versions/3.10.4/lib/python3.10/site-packages/airflow/example_dags/subdags/subdag.py
[2022-05-23 17:00:04,352] {processor.py:653} WARNING - No viable dags retrieved from /Users/mohammadrezakhorasanchian/.pyenv/versions/3.10.4/lib/python3.10/site-packages/airflow/example_dags/subdags/subdag.py
[2022-05-23 17:00:04,379] {processor.py:161} INFO - Processing /Users/mohammadrezakhorasanchian/.pyenv/versions/3.10.4/lib/python3.10/site-packages/airflow/example_dags/subdags/subdag.py took 0.029 seconds
[2022-05-23 17:01:05,420] {processor.py:153} INFO - Started process (PID=37317) to work on /Users/mohammadrezakhorasanchian/.pyenv/versions/3.10.4/lib/python3.10/site-packages/airflow/example_dags/subdags/subdag.py
[2022-05-23 17:01:05,421] {processor.py:641} INFO - Processing file /Users/mohammadrezakhorasanchian/.pyenv/versions/3.10.4/lib/python3.10/site-packages/airflow/example_dags/subdags/subdag.py for tasks to queue
[2022-05-23 17:01:05,421] {logging_mixin.py:115} INFO - [2022-05-23 17:01:05,421] {dagbag.py:507} INFO - Filling up the DagBag from /Users/mohammadrezakhorasanchian/.pyenv/versions/3.10.4/lib/python3.10/site-packages/airflow/example_dags/subdags/subdag.py
[2022-05-23 17:01:05,422] {processor.py:653} WARNING - No viable dags retrieved from /Users/mohammadrezakhorasanchian/.pyenv/versions/3.10.4/lib/python3.10/site-packages/airflow/example_dags/subdags/subdag.py
[2022-05-23 17:01:05,448] {processor.py:161} INFO - Processing /Users/mohammadrezakhorasanchian/.pyenv/versions/3.10.4/lib/python3.10/site-packages/airflow/example_dags/subdags/subdag.py took 0.028 seconds
[2022-05-23 17:02:01,357] {processor.py:153} INFO - Started process (PID=37426) to work on /Users/mohammadrezakhorasanchian/.pyenv/versions/3.10.4/lib/python3.10/site-packages/airflow/example_dags/subdags/subdag.py
[2022-05-23 17:02:01,357] {processor.py:641} INFO - Processing file /Users/mohammadrezakhorasanchian/.pyenv/versions/3.10.4/lib/python3.10/site-packages/airflow/example_dags/subdags/subdag.py for tasks to queue
[2022-05-23 17:02:01,357] {logging_mixin.py:115} INFO - [2022-05-23 17:02:01,357] {dagbag.py:507} INFO - Filling up the DagBag from /Users/mohammadrezakhorasanchian/.pyenv/versions/3.10.4/lib/python3.10/site-packages/airflow/example_dags/subdags/subdag.py
[2022-05-23 17:02:01,358] {processor.py:653} WARNING - No viable dags retrieved from /Users/mohammadrezakhorasanchian/.pyenv/versions/3.10.4/lib/python3.10/site-packages/airflow/example_dags/subdags/subdag.py
[2022-05-23 17:02:01,386] {processor.py:161} INFO - Processing /Users/mohammadrezakhorasanchian/.pyenv/versions/3.10.4/lib/python3.10/site-packages/airflow/example_dags/subdags/subdag.py took 0.030 seconds
[2022-05-23 17:03:01,158] {processor.py:153} INFO - Started process (PID=37541) to work on /Users/mohammadrezakhorasanchian/.pyenv/versions/3.10.4/lib/python3.10/site-packages/airflow/example_dags/subdags/subdag.py
[2022-05-23 17:03:01,158] {processor.py:641} INFO - Processing file /Users/mohammadrezakhorasanchian/.pyenv/versions/3.10.4/lib/python3.10/site-packages/airflow/example_dags/subdags/subdag.py for tasks to queue
[2022-05-23 17:03:01,158] {logging_mixin.py:115} INFO - [2022-05-23 17:03:01,158] {dagbag.py:507} INFO - Filling up the DagBag from /Users/mohammadrezakhorasanchian/.pyenv/versions/3.10.4/lib/python3.10/site-packages/airflow/example_dags/subdags/subdag.py
[2022-05-23 17:03:01,159] {processor.py:653} WARNING - No viable dags retrieved from /Users/mohammadrezakhorasanchian/.pyenv/versions/3.10.4/lib/python3.10/site-packages/airflow/example_dags/subdags/subdag.py
[2022-05-23 17:03:01,186] {processor.py:161} INFO - Processing /Users/mohammadrezakhorasanchian/.pyenv/versions/3.10.4/lib/python3.10/site-packages/airflow/example_dags/subdags/subdag.py took 0.029 seconds
[2022-05-23 17:03:58,823] {processor.py:153} INFO - Started process (PID=37643) to work on /Users/mohammadrezakhorasanchian/.pyenv/versions/3.10.4/lib/python3.10/site-packages/airflow/example_dags/subdags/subdag.py
[2022-05-23 17:03:58,823] {processor.py:641} INFO - Processing file /Users/mohammadrezakhorasanchian/.pyenv/versions/3.10.4/lib/python3.10/site-packages/airflow/example_dags/subdags/subdag.py for tasks to queue
[2022-05-23 17:03:58,823] {logging_mixin.py:115} INFO - [2022-05-23 17:03:58,823] {dagbag.py:507} INFO - Filling up the DagBag from /Users/mohammadrezakhorasanchian/.pyenv/versions/3.10.4/lib/python3.10/site-packages/airflow/example_dags/subdags/subdag.py
[2022-05-23 17:03:58,824] {processor.py:653} WARNING - No viable dags retrieved from /Users/mohammadrezakhorasanchian/.pyenv/versions/3.10.4/lib/python3.10/site-packages/airflow/example_dags/subdags/subdag.py
[2022-05-23 17:03:58,851] {processor.py:161} INFO - Processing /Users/mohammadrezakhorasanchian/.pyenv/versions/3.10.4/lib/python3.10/site-packages/airflow/example_dags/subdags/subdag.py took 0.029 seconds
[2022-05-23 17:04:59,769] {processor.py:153} INFO - Started process (PID=37752) to work on /Users/mohammadrezakhorasanchian/.pyenv/versions/3.10.4/lib/python3.10/site-packages/airflow/example_dags/subdags/subdag.py
[2022-05-23 17:04:59,769] {processor.py:641} INFO - Processing file /Users/mohammadrezakhorasanchian/.pyenv/versions/3.10.4/lib/python3.10/site-packages/airflow/example_dags/subdags/subdag.py for tasks to queue
[2022-05-23 17:04:59,769] {logging_mixin.py:115} INFO - [2022-05-23 17:04:59,769] {dagbag.py:507} INFO - Filling up the DagBag from /Users/mohammadrezakhorasanchian/.pyenv/versions/3.10.4/lib/python3.10/site-packages/airflow/example_dags/subdags/subdag.py
[2022-05-23 17:04:59,770] {processor.py:653} WARNING - No viable dags retrieved from /Users/mohammadrezakhorasanchian/.pyenv/versions/3.10.4/lib/python3.10/site-packages/airflow/example_dags/subdags/subdag.py
[2022-05-23 17:04:59,797] {processor.py:161} INFO - Processing /Users/mohammadrezakhorasanchian/.pyenv/versions/3.10.4/lib/python3.10/site-packages/airflow/example_dags/subdags/subdag.py took 0.029 seconds
[2022-05-23 17:05:59,189] {processor.py:153} INFO - Started process (PID=37863) to work on /Users/mohammadrezakhorasanchian/.pyenv/versions/3.10.4/lib/python3.10/site-packages/airflow/example_dags/subdags/subdag.py
[2022-05-23 17:05:59,189] {processor.py:641} INFO - Processing file /Users/mohammadrezakhorasanchian/.pyenv/versions/3.10.4/lib/python3.10/site-packages/airflow/example_dags/subdags/subdag.py for tasks to queue
[2022-05-23 17:05:59,189] {logging_mixin.py:115} INFO - [2022-05-23 17:05:59,189] {dagbag.py:507} INFO - Filling up the DagBag from /Users/mohammadrezakhorasanchian/.pyenv/versions/3.10.4/lib/python3.10/site-packages/airflow/example_dags/subdags/subdag.py
[2022-05-23 17:05:59,190] {processor.py:653} WARNING - No viable dags retrieved from /Users/mohammadrezakhorasanchian/.pyenv/versions/3.10.4/lib/python3.10/site-packages/airflow/example_dags/subdags/subdag.py
[2022-05-23 17:05:59,216] {processor.py:161} INFO - Processing /Users/mohammadrezakhorasanchian/.pyenv/versions/3.10.4/lib/python3.10/site-packages/airflow/example_dags/subdags/subdag.py took 0.028 seconds
[2022-05-23 17:07:01,819] {processor.py:153} INFO - Started process (PID=37972) to work on /Users/mohammadrezakhorasanchian/.pyenv/versions/3.10.4/lib/python3.10/site-packages/airflow/example_dags/subdags/subdag.py
[2022-05-23 17:07:01,819] {processor.py:641} INFO - Processing file /Users/mohammadrezakhorasanchian/.pyenv/versions/3.10.4/lib/python3.10/site-packages/airflow/example_dags/subdags/subdag.py for tasks to queue
[2022-05-23 17:07:01,819] {logging_mixin.py:115} INFO - [2022-05-23 17:07:01,819] {dagbag.py:507} INFO - Filling up the DagBag from /Users/mohammadrezakhorasanchian/.pyenv/versions/3.10.4/lib/python3.10/site-packages/airflow/example_dags/subdags/subdag.py
[2022-05-23 17:07:01,821] {processor.py:653} WARNING - No viable dags retrieved from /Users/mohammadrezakhorasanchian/.pyenv/versions/3.10.4/lib/python3.10/site-packages/airflow/example_dags/subdags/subdag.py
[2022-05-23 17:07:01,850] {processor.py:161} INFO - Processing /Users/mohammadrezakhorasanchian/.pyenv/versions/3.10.4/lib/python3.10/site-packages/airflow/example_dags/subdags/subdag.py took 0.032 seconds
[2022-05-23 17:08:05,463] {processor.py:153} INFO - Started process (PID=38091) to work on /Users/mohammadrezakhorasanchian/.pyenv/versions/3.10.4/lib/python3.10/site-packages/airflow/example_dags/subdags/subdag.py
[2022-05-23 17:08:05,463] {processor.py:641} INFO - Processing file /Users/mohammadrezakhorasanchian/.pyenv/versions/3.10.4/lib/python3.10/site-packages/airflow/example_dags/subdags/subdag.py for tasks to queue
[2022-05-23 17:08:05,463] {logging_mixin.py:115} INFO - [2022-05-23 17:08:05,463] {dagbag.py:507} INFO - Filling up the DagBag from /Users/mohammadrezakhorasanchian/.pyenv/versions/3.10.4/lib/python3.10/site-packages/airflow/example_dags/subdags/subdag.py
[2022-05-23 17:08:05,465] {processor.py:653} WARNING - No viable dags retrieved from /Users/mohammadrezakhorasanchian/.pyenv/versions/3.10.4/lib/python3.10/site-packages/airflow/example_dags/subdags/subdag.py
[2022-05-23 17:08:05,491] {processor.py:161} INFO - Processing /Users/mohammadrezakhorasanchian/.pyenv/versions/3.10.4/lib/python3.10/site-packages/airflow/example_dags/subdags/subdag.py took 0.029 seconds
[2022-05-23 17:09:09,006] {processor.py:153} INFO - Started process (PID=38208) to work on /Users/mohammadrezakhorasanchian/.pyenv/versions/3.10.4/lib/python3.10/site-packages/airflow/example_dags/subdags/subdag.py
[2022-05-23 17:09:09,007] {processor.py:641} INFO - Processing file /Users/mohammadrezakhorasanchian/.pyenv/versions/3.10.4/lib/python3.10/site-packages/airflow/example_dags/subdags/subdag.py for tasks to queue
[2022-05-23 17:09:09,007] {logging_mixin.py:115} INFO - [2022-05-23 17:09:09,007] {dagbag.py:507} INFO - Filling up the DagBag from /Users/mohammadrezakhorasanchian/.pyenv/versions/3.10.4/lib/python3.10/site-packages/airflow/example_dags/subdags/subdag.py
[2022-05-23 17:09:09,008] {processor.py:653} WARNING - No viable dags retrieved from /Users/mohammadrezakhorasanchian/.pyenv/versions/3.10.4/lib/python3.10/site-packages/airflow/example_dags/subdags/subdag.py
[2022-05-23 17:09:09,038] {processor.py:161} INFO - Processing /Users/mohammadrezakhorasanchian/.pyenv/versions/3.10.4/lib/python3.10/site-packages/airflow/example_dags/subdags/subdag.py took 0.032 seconds
[2022-05-23 17:10:11,852] {processor.py:153} INFO - Started process (PID=38318) to work on /Users/mohammadrezakhorasanchian/.pyenv/versions/3.10.4/lib/python3.10/site-packages/airflow/example_dags/subdags/subdag.py
[2022-05-23 17:10:11,852] {processor.py:641} INFO - Processing file /Users/mohammadrezakhorasanchian/.pyenv/versions/3.10.4/lib/python3.10/site-packages/airflow/example_dags/subdags/subdag.py for tasks to queue
[2022-05-23 17:10:11,852] {logging_mixin.py:115} INFO - [2022-05-23 17:10:11,852] {dagbag.py:507} INFO - Filling up the DagBag from /Users/mohammadrezakhorasanchian/.pyenv/versions/3.10.4/lib/python3.10/site-packages/airflow/example_dags/subdags/subdag.py
[2022-05-23 17:10:11,853] {processor.py:653} WARNING - No viable dags retrieved from /Users/mohammadrezakhorasanchian/.pyenv/versions/3.10.4/lib/python3.10/site-packages/airflow/example_dags/subdags/subdag.py
[2022-05-23 17:10:11,880] {processor.py:161} INFO - Processing /Users/mohammadrezakhorasanchian/.pyenv/versions/3.10.4/lib/python3.10/site-packages/airflow/example_dags/subdags/subdag.py took 0.029 seconds
[2022-05-23 17:11:13,668] {processor.py:153} INFO - Started process (PID=38426) to work on /Users/mohammadrezakhorasanchian/.pyenv/versions/3.10.4/lib/python3.10/site-packages/airflow/example_dags/subdags/subdag.py
[2022-05-23 17:11:13,668] {processor.py:641} INFO - Processing file /Users/mohammadrezakhorasanchian/.pyenv/versions/3.10.4/lib/python3.10/site-packages/airflow/example_dags/subdags/subdag.py for tasks to queue
[2022-05-23 17:11:13,668] {logging_mixin.py:115} INFO - [2022-05-23 17:11:13,668] {dagbag.py:507} INFO - Filling up the DagBag from /Users/mohammadrezakhorasanchian/.pyenv/versions/3.10.4/lib/python3.10/site-packages/airflow/example_dags/subdags/subdag.py
[2022-05-23 17:11:13,669] {processor.py:653} WARNING - No viable dags retrieved from /Users/mohammadrezakhorasanchian/.pyenv/versions/3.10.4/lib/python3.10/site-packages/airflow/example_dags/subdags/subdag.py
[2022-05-23 17:11:13,696] {processor.py:161} INFO - Processing /Users/mohammadrezakhorasanchian/.pyenv/versions/3.10.4/lib/python3.10/site-packages/airflow/example_dags/subdags/subdag.py took 0.029 seconds
[2022-05-23 17:12:10,769] {processor.py:153} INFO - Started process (PID=38526) to work on /Users/mohammadrezakhorasanchian/.pyenv/versions/3.10.4/lib/python3.10/site-packages/airflow/example_dags/subdags/subdag.py
[2022-05-23 17:12:10,769] {processor.py:641} INFO - Processing file /Users/mohammadrezakhorasanchian/.pyenv/versions/3.10.4/lib/python3.10/site-packages/airflow/example_dags/subdags/subdag.py for tasks to queue
[2022-05-23 17:12:10,769] {logging_mixin.py:115} INFO - [2022-05-23 17:12:10,769] {dagbag.py:507} INFO - Filling up the DagBag from /Users/mohammadrezakhorasanchian/.pyenv/versions/3.10.4/lib/python3.10/site-packages/airflow/example_dags/subdags/subdag.py
[2022-05-23 17:12:10,770] {processor.py:653} WARNING - No viable dags retrieved from /Users/mohammadrezakhorasanchian/.pyenv/versions/3.10.4/lib/python3.10/site-packages/airflow/example_dags/subdags/subdag.py
[2022-05-23 17:12:10,797] {processor.py:161} INFO - Processing /Users/mohammadrezakhorasanchian/.pyenv/versions/3.10.4/lib/python3.10/site-packages/airflow/example_dags/subdags/subdag.py took 0.029 seconds
[2022-05-23 17:13:12,112] {processor.py:153} INFO - Started process (PID=38573) to work on /Users/mohammadrezakhorasanchian/.pyenv/versions/3.10.4/lib/python3.10/site-packages/airflow/example_dags/subdags/subdag.py
[2022-05-23 17:13:12,112] {processor.py:641} INFO - Processing file /Users/mohammadrezakhorasanchian/.pyenv/versions/3.10.4/lib/python3.10/site-packages/airflow/example_dags/subdags/subdag.py for tasks to queue
[2022-05-23 17:13:12,112] {logging_mixin.py:115} INFO - [2022-05-23 17:13:12,112] {dagbag.py:507} INFO - Filling up the DagBag from /Users/mohammadrezakhorasanchian/.pyenv/versions/3.10.4/lib/python3.10/site-packages/airflow/example_dags/subdags/subdag.py
[2022-05-23 17:13:12,113] {processor.py:653} WARNING - No viable dags retrieved from /Users/mohammadrezakhorasanchian/.pyenv/versions/3.10.4/lib/python3.10/site-packages/airflow/example_dags/subdags/subdag.py
[2022-05-23 17:13:12,139] {processor.py:161} INFO - Processing /Users/mohammadrezakhorasanchian/.pyenv/versions/3.10.4/lib/python3.10/site-packages/airflow/example_dags/subdags/subdag.py took 0.028 seconds
[2022-05-23 17:14:13,515] {processor.py:153} INFO - Started process (PID=38685) to work on /Users/mohammadrezakhorasanchian/.pyenv/versions/3.10.4/lib/python3.10/site-packages/airflow/example_dags/subdags/subdag.py
[2022-05-23 17:14:13,515] {processor.py:641} INFO - Processing file /Users/mohammadrezakhorasanchian/.pyenv/versions/3.10.4/lib/python3.10/site-packages/airflow/example_dags/subdags/subdag.py for tasks to queue
[2022-05-23 17:14:13,516] {logging_mixin.py:115} INFO - [2022-05-23 17:14:13,516] {dagbag.py:507} INFO - Filling up the DagBag from /Users/mohammadrezakhorasanchian/.pyenv/versions/3.10.4/lib/python3.10/site-packages/airflow/example_dags/subdags/subdag.py
[2022-05-23 17:14:13,517] {processor.py:653} WARNING - No viable dags retrieved from /Users/mohammadrezakhorasanchian/.pyenv/versions/3.10.4/lib/python3.10/site-packages/airflow/example_dags/subdags/subdag.py
[2022-05-23 17:14:13,543] {processor.py:161} INFO - Processing /Users/mohammadrezakhorasanchian/.pyenv/versions/3.10.4/lib/python3.10/site-packages/airflow/example_dags/subdags/subdag.py took 0.028 seconds
[2022-05-23 17:15:10,963] {processor.py:153} INFO - Started process (PID=38775) to work on /Users/mohammadrezakhorasanchian/.pyenv/versions/3.10.4/lib/python3.10/site-packages/airflow/example_dags/subdags/subdag.py
[2022-05-23 17:15:10,964] {processor.py:641} INFO - Processing file /Users/mohammadrezakhorasanchian/.pyenv/versions/3.10.4/lib/python3.10/site-packages/airflow/example_dags/subdags/subdag.py for tasks to queue
[2022-05-23 17:15:10,964] {logging_mixin.py:115} INFO - [2022-05-23 17:15:10,964] {dagbag.py:507} INFO - Filling up the DagBag from /Users/mohammadrezakhorasanchian/.pyenv/versions/3.10.4/lib/python3.10/site-packages/airflow/example_dags/subdags/subdag.py
[2022-05-23 17:15:10,965] {processor.py:653} WARNING - No viable dags retrieved from /Users/mohammadrezakhorasanchian/.pyenv/versions/3.10.4/lib/python3.10/site-packages/airflow/example_dags/subdags/subdag.py
[2022-05-23 17:15:10,991] {processor.py:161} INFO - Processing /Users/mohammadrezakhorasanchian/.pyenv/versions/3.10.4/lib/python3.10/site-packages/airflow/example_dags/subdags/subdag.py took 0.028 seconds
[2022-05-23 17:16:08,896] {processor.py:153} INFO - Started process (PID=38831) to work on /Users/mohammadrezakhorasanchian/.pyenv/versions/3.10.4/lib/python3.10/site-packages/airflow/example_dags/subdags/subdag.py
[2022-05-23 17:16:08,896] {processor.py:641} INFO - Processing file /Users/mohammadrezakhorasanchian/.pyenv/versions/3.10.4/lib/python3.10/site-packages/airflow/example_dags/subdags/subdag.py for tasks to queue
[2022-05-23 17:16:08,896] {logging_mixin.py:115} INFO - [2022-05-23 17:16:08,896] {dagbag.py:507} INFO - Filling up the DagBag from /Users/mohammadrezakhorasanchian/.pyenv/versions/3.10.4/lib/python3.10/site-packages/airflow/example_dags/subdags/subdag.py
[2022-05-23 17:16:08,898] {processor.py:653} WARNING - No viable dags retrieved from /Users/mohammadrezakhorasanchian/.pyenv/versions/3.10.4/lib/python3.10/site-packages/airflow/example_dags/subdags/subdag.py
[2022-05-23 17:16:08,926] {processor.py:161} INFO - Processing /Users/mohammadrezakhorasanchian/.pyenv/versions/3.10.4/lib/python3.10/site-packages/airflow/example_dags/subdags/subdag.py took 0.030 seconds
[2022-05-23 17:17:11,226] {processor.py:153} INFO - Started process (PID=38870) to work on /Users/mohammadrezakhorasanchian/.pyenv/versions/3.10.4/lib/python3.10/site-packages/airflow/example_dags/subdags/subdag.py
[2022-05-23 17:17:11,227] {processor.py:641} INFO - Processing file /Users/mohammadrezakhorasanchian/.pyenv/versions/3.10.4/lib/python3.10/site-packages/airflow/example_dags/subdags/subdag.py for tasks to queue
[2022-05-23 17:17:11,227] {logging_mixin.py:115} INFO - [2022-05-23 17:17:11,227] {dagbag.py:507} INFO - Filling up the DagBag from /Users/mohammadrezakhorasanchian/.pyenv/versions/3.10.4/lib/python3.10/site-packages/airflow/example_dags/subdags/subdag.py
[2022-05-23 17:17:11,228] {processor.py:653} WARNING - No viable dags retrieved from /Users/mohammadrezakhorasanchian/.pyenv/versions/3.10.4/lib/python3.10/site-packages/airflow/example_dags/subdags/subdag.py
[2022-05-23 17:17:11,255] {processor.py:161} INFO - Processing /Users/mohammadrezakhorasanchian/.pyenv/versions/3.10.4/lib/python3.10/site-packages/airflow/example_dags/subdags/subdag.py took 0.029 seconds
[2022-05-23 17:18:13,176] {processor.py:153} INFO - Started process (PID=38923) to work on /Users/mohammadrezakhorasanchian/.pyenv/versions/3.10.4/lib/python3.10/site-packages/airflow/example_dags/subdags/subdag.py
[2022-05-23 17:18:13,176] {processor.py:641} INFO - Processing file /Users/mohammadrezakhorasanchian/.pyenv/versions/3.10.4/lib/python3.10/site-packages/airflow/example_dags/subdags/subdag.py for tasks to queue
[2022-05-23 17:18:13,176] {logging_mixin.py:115} INFO - [2022-05-23 17:18:13,176] {dagbag.py:507} INFO - Filling up the DagBag from /Users/mohammadrezakhorasanchian/.pyenv/versions/3.10.4/lib/python3.10/site-packages/airflow/example_dags/subdags/subdag.py
[2022-05-23 17:18:13,177] {processor.py:653} WARNING - No viable dags retrieved from /Users/mohammadrezakhorasanchian/.pyenv/versions/3.10.4/lib/python3.10/site-packages/airflow/example_dags/subdags/subdag.py
[2022-05-23 17:18:13,206] {processor.py:161} INFO - Processing /Users/mohammadrezakhorasanchian/.pyenv/versions/3.10.4/lib/python3.10/site-packages/airflow/example_dags/subdags/subdag.py took 0.030 seconds
[2022-05-23 17:19:15,009] {processor.py:153} INFO - Started process (PID=39024) to work on /Users/mohammadrezakhorasanchian/.pyenv/versions/3.10.4/lib/python3.10/site-packages/airflow/example_dags/subdags/subdag.py
[2022-05-23 17:19:15,009] {processor.py:641} INFO - Processing file /Users/mohammadrezakhorasanchian/.pyenv/versions/3.10.4/lib/python3.10/site-packages/airflow/example_dags/subdags/subdag.py for tasks to queue
[2022-05-23 17:19:15,009] {logging_mixin.py:115} INFO - [2022-05-23 17:19:15,009] {dagbag.py:507} INFO - Filling up the DagBag from /Users/mohammadrezakhorasanchian/.pyenv/versions/3.10.4/lib/python3.10/site-packages/airflow/example_dags/subdags/subdag.py
[2022-05-23 17:19:15,010] {processor.py:653} WARNING - No viable dags retrieved from /Users/mohammadrezakhorasanchian/.pyenv/versions/3.10.4/lib/python3.10/site-packages/airflow/example_dags/subdags/subdag.py
[2022-05-23 17:19:15,040] {processor.py:161} INFO - Processing /Users/mohammadrezakhorasanchian/.pyenv/versions/3.10.4/lib/python3.10/site-packages/airflow/example_dags/subdags/subdag.py took 0.032 seconds
[2022-05-23 17:20:18,921] {processor.py:153} INFO - Started process (PID=39134) to work on /Users/mohammadrezakhorasanchian/.pyenv/versions/3.10.4/lib/python3.10/site-packages/airflow/example_dags/subdags/subdag.py
[2022-05-23 17:20:18,921] {processor.py:641} INFO - Processing file /Users/mohammadrezakhorasanchian/.pyenv/versions/3.10.4/lib/python3.10/site-packages/airflow/example_dags/subdags/subdag.py for tasks to queue
[2022-05-23 17:20:18,922] {logging_mixin.py:115} INFO - [2022-05-23 17:20:18,922] {dagbag.py:507} INFO - Filling up the DagBag from /Users/mohammadrezakhorasanchian/.pyenv/versions/3.10.4/lib/python3.10/site-packages/airflow/example_dags/subdags/subdag.py
[2022-05-23 17:20:18,923] {processor.py:653} WARNING - No viable dags retrieved from /Users/mohammadrezakhorasanchian/.pyenv/versions/3.10.4/lib/python3.10/site-packages/airflow/example_dags/subdags/subdag.py
[2022-05-23 17:20:18,950] {processor.py:161} INFO - Processing /Users/mohammadrezakhorasanchian/.pyenv/versions/3.10.4/lib/python3.10/site-packages/airflow/example_dags/subdags/subdag.py took 0.029 seconds
[2022-05-23 17:21:19,175] {processor.py:153} INFO - Started process (PID=39208) to work on /Users/mohammadrezakhorasanchian/.pyenv/versions/3.10.4/lib/python3.10/site-packages/airflow/example_dags/subdags/subdag.py
[2022-05-23 17:21:19,175] {processor.py:641} INFO - Processing file /Users/mohammadrezakhorasanchian/.pyenv/versions/3.10.4/lib/python3.10/site-packages/airflow/example_dags/subdags/subdag.py for tasks to queue
[2022-05-23 17:21:19,175] {logging_mixin.py:115} INFO - [2022-05-23 17:21:19,175] {dagbag.py:507} INFO - Filling up the DagBag from /Users/mohammadrezakhorasanchian/.pyenv/versions/3.10.4/lib/python3.10/site-packages/airflow/example_dags/subdags/subdag.py
[2022-05-23 17:21:19,176] {processor.py:653} WARNING - No viable dags retrieved from /Users/mohammadrezakhorasanchian/.pyenv/versions/3.10.4/lib/python3.10/site-packages/airflow/example_dags/subdags/subdag.py
[2022-05-23 17:21:19,203] {processor.py:161} INFO - Processing /Users/mohammadrezakhorasanchian/.pyenv/versions/3.10.4/lib/python3.10/site-packages/airflow/example_dags/subdags/subdag.py took 0.028 seconds
[2022-05-23 17:22:25,449] {processor.py:153} INFO - Started process (PID=39285) to work on /Users/mohammadrezakhorasanchian/.pyenv/versions/3.10.4/lib/python3.10/site-packages/airflow/example_dags/subdags/subdag.py
[2022-05-23 17:22:25,449] {processor.py:641} INFO - Processing file /Users/mohammadrezakhorasanchian/.pyenv/versions/3.10.4/lib/python3.10/site-packages/airflow/example_dags/subdags/subdag.py for tasks to queue
[2022-05-23 17:22:25,450] {logging_mixin.py:115} INFO - [2022-05-23 17:22:25,450] {dagbag.py:507} INFO - Filling up the DagBag from /Users/mohammadrezakhorasanchian/.pyenv/versions/3.10.4/lib/python3.10/site-packages/airflow/example_dags/subdags/subdag.py
[2022-05-23 17:22:25,451] {processor.py:653} WARNING - No viable dags retrieved from /Users/mohammadrezakhorasanchian/.pyenv/versions/3.10.4/lib/python3.10/site-packages/airflow/example_dags/subdags/subdag.py
[2022-05-23 17:22:25,478] {processor.py:161} INFO - Processing /Users/mohammadrezakhorasanchian/.pyenv/versions/3.10.4/lib/python3.10/site-packages/airflow/example_dags/subdags/subdag.py took 0.029 seconds
[2022-05-23 17:23:01,363] {processor.py:153} INFO - Started process (PID=39307) to work on /Users/mohammadrezakhorasanchian/.pyenv/versions/3.10.4/lib/python3.10/site-packages/airflow/example_dags/subdags/subdag.py
[2022-05-23 17:23:01,363] {processor.py:641} INFO - Processing file /Users/mohammadrezakhorasanchian/.pyenv/versions/3.10.4/lib/python3.10/site-packages/airflow/example_dags/subdags/subdag.py for tasks to queue
[2022-05-23 17:23:01,363] {logging_mixin.py:115} INFO - [2022-05-23 17:23:01,363] {dagbag.py:507} INFO - Filling up the DagBag from /Users/mohammadrezakhorasanchian/.pyenv/versions/3.10.4/lib/python3.10/site-packages/airflow/example_dags/subdags/subdag.py
[2022-05-23 17:23:01,364] {processor.py:653} WARNING - No viable dags retrieved from /Users/mohammadrezakhorasanchian/.pyenv/versions/3.10.4/lib/python3.10/site-packages/airflow/example_dags/subdags/subdag.py
[2022-05-23 17:23:01,392] {processor.py:161} INFO - Processing /Users/mohammadrezakhorasanchian/.pyenv/versions/3.10.4/lib/python3.10/site-packages/airflow/example_dags/subdags/subdag.py took 0.030 seconds
[2022-05-23 17:24:06,875] {processor.py:153} INFO - Started process (PID=39407) to work on /Users/mohammadrezakhorasanchian/.pyenv/versions/3.10.4/lib/python3.10/site-packages/airflow/example_dags/subdags/subdag.py
[2022-05-23 17:24:06,876] {processor.py:641} INFO - Processing file /Users/mohammadrezakhorasanchian/.pyenv/versions/3.10.4/lib/python3.10/site-packages/airflow/example_dags/subdags/subdag.py for tasks to queue
[2022-05-23 17:24:06,876] {logging_mixin.py:115} INFO - [2022-05-23 17:24:06,876] {dagbag.py:507} INFO - Filling up the DagBag from /Users/mohammadrezakhorasanchian/.pyenv/versions/3.10.4/lib/python3.10/site-packages/airflow/example_dags/subdags/subdag.py
[2022-05-23 17:24:06,879] {processor.py:653} WARNING - No viable dags retrieved from /Users/mohammadrezakhorasanchian/.pyenv/versions/3.10.4/lib/python3.10/site-packages/airflow/example_dags/subdags/subdag.py
[2022-05-23 17:24:06,910] {processor.py:161} INFO - Processing /Users/mohammadrezakhorasanchian/.pyenv/versions/3.10.4/lib/python3.10/site-packages/airflow/example_dags/subdags/subdag.py took 0.035 seconds
[2022-05-23 17:24:40,254] {processor.py:153} INFO - Started process (PID=39446) to work on /Users/mohammadrezakhorasanchian/.pyenv/versions/3.10.4/lib/python3.10/site-packages/airflow/example_dags/subdags/subdag.py
[2022-05-23 17:24:40,255] {processor.py:641} INFO - Processing file /Users/mohammadrezakhorasanchian/.pyenv/versions/3.10.4/lib/python3.10/site-packages/airflow/example_dags/subdags/subdag.py for tasks to queue
[2022-05-23 17:24:40,255] {logging_mixin.py:115} INFO - [2022-05-23 17:24:40,255] {dagbag.py:507} INFO - Filling up the DagBag from /Users/mohammadrezakhorasanchian/.pyenv/versions/3.10.4/lib/python3.10/site-packages/airflow/example_dags/subdags/subdag.py
[2022-05-23 17:24:40,256] {processor.py:653} WARNING - No viable dags retrieved from /Users/mohammadrezakhorasanchian/.pyenv/versions/3.10.4/lib/python3.10/site-packages/airflow/example_dags/subdags/subdag.py
[2022-05-23 17:24:40,284] {processor.py:161} INFO - Processing /Users/mohammadrezakhorasanchian/.pyenv/versions/3.10.4/lib/python3.10/site-packages/airflow/example_dags/subdags/subdag.py took 0.030 seconds
[2022-05-23 17:29:46,197] {processor.py:153} INFO - Started process (PID=39597) to work on /Users/mohammadrezakhorasanchian/.pyenv/versions/3.10.4/lib/python3.10/site-packages/airflow/example_dags/subdags/subdag.py
[2022-05-23 17:29:46,198] {processor.py:641} INFO - Processing file /Users/mohammadrezakhorasanchian/.pyenv/versions/3.10.4/lib/python3.10/site-packages/airflow/example_dags/subdags/subdag.py for tasks to queue
[2022-05-23 17:29:46,198] {logging_mixin.py:115} INFO - [2022-05-23 17:29:46,198] {dagbag.py:507} INFO - Filling up the DagBag from /Users/mohammadrezakhorasanchian/.pyenv/versions/3.10.4/lib/python3.10/site-packages/airflow/example_dags/subdags/subdag.py
[2022-05-23 17:29:46,200] {processor.py:653} WARNING - No viable dags retrieved from /Users/mohammadrezakhorasanchian/.pyenv/versions/3.10.4/lib/python3.10/site-packages/airflow/example_dags/subdags/subdag.py
[2022-05-23 17:29:46,228] {processor.py:161} INFO - Processing /Users/mohammadrezakhorasanchian/.pyenv/versions/3.10.4/lib/python3.10/site-packages/airflow/example_dags/subdags/subdag.py took 0.031 seconds
[2022-05-23 17:33:37,893] {processor.py:153} INFO - Started process (PID=39733) to work on /Users/mohammadrezakhorasanchian/.pyenv/versions/3.10.4/lib/python3.10/site-packages/airflow/example_dags/subdags/subdag.py
[2022-05-23 17:33:37,893] {processor.py:641} INFO - Processing file /Users/mohammadrezakhorasanchian/.pyenv/versions/3.10.4/lib/python3.10/site-packages/airflow/example_dags/subdags/subdag.py for tasks to queue
[2022-05-23 17:33:37,894] {logging_mixin.py:115} INFO - [2022-05-23 17:33:37,894] {dagbag.py:507} INFO - Filling up the DagBag from /Users/mohammadrezakhorasanchian/.pyenv/versions/3.10.4/lib/python3.10/site-packages/airflow/example_dags/subdags/subdag.py
[2022-05-23 17:33:37,895] {processor.py:653} WARNING - No viable dags retrieved from /Users/mohammadrezakhorasanchian/.pyenv/versions/3.10.4/lib/python3.10/site-packages/airflow/example_dags/subdags/subdag.py
[2022-05-23 17:33:37,921] {processor.py:161} INFO - Processing /Users/mohammadrezakhorasanchian/.pyenv/versions/3.10.4/lib/python3.10/site-packages/airflow/example_dags/subdags/subdag.py took 0.029 seconds
[2022-05-23 17:34:33,841] {processor.py:153} INFO - Started process (PID=39768) to work on /Users/mohammadrezakhorasanchian/.pyenv/versions/3.10.4/lib/python3.10/site-packages/airflow/example_dags/subdags/subdag.py
[2022-05-23 17:34:33,842] {processor.py:641} INFO - Processing file /Users/mohammadrezakhorasanchian/.pyenv/versions/3.10.4/lib/python3.10/site-packages/airflow/example_dags/subdags/subdag.py for tasks to queue
[2022-05-23 17:34:33,842] {logging_mixin.py:115} INFO - [2022-05-23 17:34:33,842] {dagbag.py:507} INFO - Filling up the DagBag from /Users/mohammadrezakhorasanchian/.pyenv/versions/3.10.4/lib/python3.10/site-packages/airflow/example_dags/subdags/subdag.py
[2022-05-23 17:34:33,843] {processor.py:653} WARNING - No viable dags retrieved from /Users/mohammadrezakhorasanchian/.pyenv/versions/3.10.4/lib/python3.10/site-packages/airflow/example_dags/subdags/subdag.py
[2022-05-23 17:34:33,870] {processor.py:161} INFO - Processing /Users/mohammadrezakhorasanchian/.pyenv/versions/3.10.4/lib/python3.10/site-packages/airflow/example_dags/subdags/subdag.py took 0.029 seconds
[2022-05-23 17:35:32,897] {processor.py:153} INFO - Started process (PID=39806) to work on /Users/mohammadrezakhorasanchian/.pyenv/versions/3.10.4/lib/python3.10/site-packages/airflow/example_dags/subdags/subdag.py
[2022-05-23 17:35:32,897] {processor.py:641} INFO - Processing file /Users/mohammadrezakhorasanchian/.pyenv/versions/3.10.4/lib/python3.10/site-packages/airflow/example_dags/subdags/subdag.py for tasks to queue
[2022-05-23 17:35:32,897] {logging_mixin.py:115} INFO - [2022-05-23 17:35:32,897] {dagbag.py:507} INFO - Filling up the DagBag from /Users/mohammadrezakhorasanchian/.pyenv/versions/3.10.4/lib/python3.10/site-packages/airflow/example_dags/subdags/subdag.py
[2022-05-23 17:35:32,898] {processor.py:653} WARNING - No viable dags retrieved from /Users/mohammadrezakhorasanchian/.pyenv/versions/3.10.4/lib/python3.10/site-packages/airflow/example_dags/subdags/subdag.py
[2022-05-23 17:35:32,929] {processor.py:161} INFO - Processing /Users/mohammadrezakhorasanchian/.pyenv/versions/3.10.4/lib/python3.10/site-packages/airflow/example_dags/subdags/subdag.py took 0.032 seconds
[2022-05-23 17:36:05,970] {processor.py:153} INFO - Started process (PID=39833) to work on /Users/mohammadrezakhorasanchian/.pyenv/versions/3.10.4/lib/python3.10/site-packages/airflow/example_dags/subdags/subdag.py
[2022-05-23 17:36:05,971] {processor.py:641} INFO - Processing file /Users/mohammadrezakhorasanchian/.pyenv/versions/3.10.4/lib/python3.10/site-packages/airflow/example_dags/subdags/subdag.py for tasks to queue
[2022-05-23 17:36:05,971] {logging_mixin.py:115} INFO - [2022-05-23 17:36:05,971] {dagbag.py:507} INFO - Filling up the DagBag from /Users/mohammadrezakhorasanchian/.pyenv/versions/3.10.4/lib/python3.10/site-packages/airflow/example_dags/subdags/subdag.py
[2022-05-23 17:36:05,972] {processor.py:653} WARNING - No viable dags retrieved from /Users/mohammadrezakhorasanchian/.pyenv/versions/3.10.4/lib/python3.10/site-packages/airflow/example_dags/subdags/subdag.py
[2022-05-23 17:36:06,008] {processor.py:161} INFO - Processing /Users/mohammadrezakhorasanchian/.pyenv/versions/3.10.4/lib/python3.10/site-packages/airflow/example_dags/subdags/subdag.py took 0.038 seconds
[2022-05-23 17:37:05,120] {processor.py:153} INFO - Started process (PID=39872) to work on /Users/mohammadrezakhorasanchian/.pyenv/versions/3.10.4/lib/python3.10/site-packages/airflow/example_dags/subdags/subdag.py
[2022-05-23 17:37:05,120] {processor.py:641} INFO - Processing file /Users/mohammadrezakhorasanchian/.pyenv/versions/3.10.4/lib/python3.10/site-packages/airflow/example_dags/subdags/subdag.py for tasks to queue
[2022-05-23 17:37:05,120] {logging_mixin.py:115} INFO - [2022-05-23 17:37:05,120] {dagbag.py:507} INFO - Filling up the DagBag from /Users/mohammadrezakhorasanchian/.pyenv/versions/3.10.4/lib/python3.10/site-packages/airflow/example_dags/subdags/subdag.py
[2022-05-23 17:37:05,121] {processor.py:653} WARNING - No viable dags retrieved from /Users/mohammadrezakhorasanchian/.pyenv/versions/3.10.4/lib/python3.10/site-packages/airflow/example_dags/subdags/subdag.py
[2022-05-23 17:37:05,148] {processor.py:161} INFO - Processing /Users/mohammadrezakhorasanchian/.pyenv/versions/3.10.4/lib/python3.10/site-packages/airflow/example_dags/subdags/subdag.py took 0.029 seconds
[2022-05-23 17:38:01,784] {processor.py:153} INFO - Started process (PID=39911) to work on /Users/mohammadrezakhorasanchian/.pyenv/versions/3.10.4/lib/python3.10/site-packages/airflow/example_dags/subdags/subdag.py
[2022-05-23 17:38:01,784] {processor.py:641} INFO - Processing file /Users/mohammadrezakhorasanchian/.pyenv/versions/3.10.4/lib/python3.10/site-packages/airflow/example_dags/subdags/subdag.py for tasks to queue
[2022-05-23 17:38:01,784] {logging_mixin.py:115} INFO - [2022-05-23 17:38:01,784] {dagbag.py:507} INFO - Filling up the DagBag from /Users/mohammadrezakhorasanchian/.pyenv/versions/3.10.4/lib/python3.10/site-packages/airflow/example_dags/subdags/subdag.py
[2022-05-23 17:38:01,785] {processor.py:653} WARNING - No viable dags retrieved from /Users/mohammadrezakhorasanchian/.pyenv/versions/3.10.4/lib/python3.10/site-packages/airflow/example_dags/subdags/subdag.py
[2022-05-23 17:38:01,812] {processor.py:161} INFO - Processing /Users/mohammadrezakhorasanchian/.pyenv/versions/3.10.4/lib/python3.10/site-packages/airflow/example_dags/subdags/subdag.py took 0.029 seconds
[2022-05-23 17:38:58,493] {processor.py:153} INFO - Started process (PID=39948) to work on /Users/mohammadrezakhorasanchian/.pyenv/versions/3.10.4/lib/python3.10/site-packages/airflow/example_dags/subdags/subdag.py
[2022-05-23 17:38:58,493] {processor.py:641} INFO - Processing file /Users/mohammadrezakhorasanchian/.pyenv/versions/3.10.4/lib/python3.10/site-packages/airflow/example_dags/subdags/subdag.py for tasks to queue
[2022-05-23 17:38:58,493] {logging_mixin.py:115} INFO - [2022-05-23 17:38:58,493] {dagbag.py:507} INFO - Filling up the DagBag from /Users/mohammadrezakhorasanchian/.pyenv/versions/3.10.4/lib/python3.10/site-packages/airflow/example_dags/subdags/subdag.py
[2022-05-23 17:38:58,494] {processor.py:653} WARNING - No viable dags retrieved from /Users/mohammadrezakhorasanchian/.pyenv/versions/3.10.4/lib/python3.10/site-packages/airflow/example_dags/subdags/subdag.py
[2022-05-23 17:38:58,521] {processor.py:161} INFO - Processing /Users/mohammadrezakhorasanchian/.pyenv/versions/3.10.4/lib/python3.10/site-packages/airflow/example_dags/subdags/subdag.py took 0.028 seconds
[2022-05-23 17:39:58,162] {processor.py:153} INFO - Started process (PID=39985) to work on /Users/mohammadrezakhorasanchian/.pyenv/versions/3.10.4/lib/python3.10/site-packages/airflow/example_dags/subdags/subdag.py
[2022-05-23 17:39:58,162] {processor.py:641} INFO - Processing file /Users/mohammadrezakhorasanchian/.pyenv/versions/3.10.4/lib/python3.10/site-packages/airflow/example_dags/subdags/subdag.py for tasks to queue
[2022-05-23 17:39:58,162] {logging_mixin.py:115} INFO - [2022-05-23 17:39:58,162] {dagbag.py:507} INFO - Filling up the DagBag from /Users/mohammadrezakhorasanchian/.pyenv/versions/3.10.4/lib/python3.10/site-packages/airflow/example_dags/subdags/subdag.py
[2022-05-23 17:39:58,163] {processor.py:653} WARNING - No viable dags retrieved from /Users/mohammadrezakhorasanchian/.pyenv/versions/3.10.4/lib/python3.10/site-packages/airflow/example_dags/subdags/subdag.py
[2022-05-23 17:39:58,190] {processor.py:161} INFO - Processing /Users/mohammadrezakhorasanchian/.pyenv/versions/3.10.4/lib/python3.10/site-packages/airflow/example_dags/subdags/subdag.py took 0.029 seconds
[2022-05-23 17:40:56,613] {processor.py:153} INFO - Started process (PID=40022) to work on /Users/mohammadrezakhorasanchian/.pyenv/versions/3.10.4/lib/python3.10/site-packages/airflow/example_dags/subdags/subdag.py
[2022-05-23 17:40:56,613] {processor.py:641} INFO - Processing file /Users/mohammadrezakhorasanchian/.pyenv/versions/3.10.4/lib/python3.10/site-packages/airflow/example_dags/subdags/subdag.py for tasks to queue
[2022-05-23 17:40:56,613] {logging_mixin.py:115} INFO - [2022-05-23 17:40:56,613] {dagbag.py:507} INFO - Filling up the DagBag from /Users/mohammadrezakhorasanchian/.pyenv/versions/3.10.4/lib/python3.10/site-packages/airflow/example_dags/subdags/subdag.py
[2022-05-23 17:40:56,614] {processor.py:653} WARNING - No viable dags retrieved from /Users/mohammadrezakhorasanchian/.pyenv/versions/3.10.4/lib/python3.10/site-packages/airflow/example_dags/subdags/subdag.py
[2022-05-23 17:40:56,641] {processor.py:161} INFO - Processing /Users/mohammadrezakhorasanchian/.pyenv/versions/3.10.4/lib/python3.10/site-packages/airflow/example_dags/subdags/subdag.py took 0.029 seconds
[2022-05-23 17:41:54,074] {processor.py:153} INFO - Started process (PID=40058) to work on /Users/mohammadrezakhorasanchian/.pyenv/versions/3.10.4/lib/python3.10/site-packages/airflow/example_dags/subdags/subdag.py
[2022-05-23 17:41:54,074] {processor.py:641} INFO - Processing file /Users/mohammadrezakhorasanchian/.pyenv/versions/3.10.4/lib/python3.10/site-packages/airflow/example_dags/subdags/subdag.py for tasks to queue
[2022-05-23 17:41:54,074] {logging_mixin.py:115} INFO - [2022-05-23 17:41:54,074] {dagbag.py:507} INFO - Filling up the DagBag from /Users/mohammadrezakhorasanchian/.pyenv/versions/3.10.4/lib/python3.10/site-packages/airflow/example_dags/subdags/subdag.py
[2022-05-23 17:41:54,075] {processor.py:653} WARNING - No viable dags retrieved from /Users/mohammadrezakhorasanchian/.pyenv/versions/3.10.4/lib/python3.10/site-packages/airflow/example_dags/subdags/subdag.py
[2022-05-23 17:41:54,102] {processor.py:161} INFO - Processing /Users/mohammadrezakhorasanchian/.pyenv/versions/3.10.4/lib/python3.10/site-packages/airflow/example_dags/subdags/subdag.py took 0.029 seconds
[2022-05-23 17:42:52,435] {processor.py:153} INFO - Started process (PID=40094) to work on /Users/mohammadrezakhorasanchian/.pyenv/versions/3.10.4/lib/python3.10/site-packages/airflow/example_dags/subdags/subdag.py
[2022-05-23 17:42:52,435] {processor.py:641} INFO - Processing file /Users/mohammadrezakhorasanchian/.pyenv/versions/3.10.4/lib/python3.10/site-packages/airflow/example_dags/subdags/subdag.py for tasks to queue
[2022-05-23 17:42:52,436] {logging_mixin.py:115} INFO - [2022-05-23 17:42:52,436] {dagbag.py:507} INFO - Filling up the DagBag from /Users/mohammadrezakhorasanchian/.pyenv/versions/3.10.4/lib/python3.10/site-packages/airflow/example_dags/subdags/subdag.py
[2022-05-23 17:42:52,437] {processor.py:653} WARNING - No viable dags retrieved from /Users/mohammadrezakhorasanchian/.pyenv/versions/3.10.4/lib/python3.10/site-packages/airflow/example_dags/subdags/subdag.py
[2022-05-23 17:42:52,464] {processor.py:161} INFO - Processing /Users/mohammadrezakhorasanchian/.pyenv/versions/3.10.4/lib/python3.10/site-packages/airflow/example_dags/subdags/subdag.py took 0.029 seconds
[2022-05-23 17:43:52,167] {processor.py:153} INFO - Started process (PID=40134) to work on /Users/mohammadrezakhorasanchian/.pyenv/versions/3.10.4/lib/python3.10/site-packages/airflow/example_dags/subdags/subdag.py
[2022-05-23 17:43:52,167] {processor.py:641} INFO - Processing file /Users/mohammadrezakhorasanchian/.pyenv/versions/3.10.4/lib/python3.10/site-packages/airflow/example_dags/subdags/subdag.py for tasks to queue
[2022-05-23 17:43:52,168] {logging_mixin.py:115} INFO - [2022-05-23 17:43:52,168] {dagbag.py:507} INFO - Filling up the DagBag from /Users/mohammadrezakhorasanchian/.pyenv/versions/3.10.4/lib/python3.10/site-packages/airflow/example_dags/subdags/subdag.py
[2022-05-23 17:43:52,169] {processor.py:653} WARNING - No viable dags retrieved from /Users/mohammadrezakhorasanchian/.pyenv/versions/3.10.4/lib/python3.10/site-packages/airflow/example_dags/subdags/subdag.py
[2022-05-23 17:43:52,197] {processor.py:161} INFO - Processing /Users/mohammadrezakhorasanchian/.pyenv/versions/3.10.4/lib/python3.10/site-packages/airflow/example_dags/subdags/subdag.py took 0.030 seconds
[2022-05-23 17:44:50,550] {processor.py:153} INFO - Started process (PID=40174) to work on /Users/mohammadrezakhorasanchian/.pyenv/versions/3.10.4/lib/python3.10/site-packages/airflow/example_dags/subdags/subdag.py
[2022-05-23 17:44:50,550] {processor.py:641} INFO - Processing file /Users/mohammadrezakhorasanchian/.pyenv/versions/3.10.4/lib/python3.10/site-packages/airflow/example_dags/subdags/subdag.py for tasks to queue
[2022-05-23 17:44:50,551] {logging_mixin.py:115} INFO - [2022-05-23 17:44:50,551] {dagbag.py:507} INFO - Filling up the DagBag from /Users/mohammadrezakhorasanchian/.pyenv/versions/3.10.4/lib/python3.10/site-packages/airflow/example_dags/subdags/subdag.py
[2022-05-23 17:44:50,552] {processor.py:653} WARNING - No viable dags retrieved from /Users/mohammadrezakhorasanchian/.pyenv/versions/3.10.4/lib/python3.10/site-packages/airflow/example_dags/subdags/subdag.py
[2022-05-23 17:44:50,580] {processor.py:161} INFO - Processing /Users/mohammadrezakhorasanchian/.pyenv/versions/3.10.4/lib/python3.10/site-packages/airflow/example_dags/subdags/subdag.py took 0.030 seconds
[2022-05-23 17:45:50,432] {processor.py:153} INFO - Started process (PID=40211) to work on /Users/mohammadrezakhorasanchian/.pyenv/versions/3.10.4/lib/python3.10/site-packages/airflow/example_dags/subdags/subdag.py
[2022-05-23 17:45:50,432] {processor.py:641} INFO - Processing file /Users/mohammadrezakhorasanchian/.pyenv/versions/3.10.4/lib/python3.10/site-packages/airflow/example_dags/subdags/subdag.py for tasks to queue
[2022-05-23 17:45:50,432] {logging_mixin.py:115} INFO - [2022-05-23 17:45:50,432] {dagbag.py:507} INFO - Filling up the DagBag from /Users/mohammadrezakhorasanchian/.pyenv/versions/3.10.4/lib/python3.10/site-packages/airflow/example_dags/subdags/subdag.py
[2022-05-23 17:45:50,433] {processor.py:653} WARNING - No viable dags retrieved from /Users/mohammadrezakhorasanchian/.pyenv/versions/3.10.4/lib/python3.10/site-packages/airflow/example_dags/subdags/subdag.py
[2022-05-23 17:45:50,460] {processor.py:161} INFO - Processing /Users/mohammadrezakhorasanchian/.pyenv/versions/3.10.4/lib/python3.10/site-packages/airflow/example_dags/subdags/subdag.py took 0.029 seconds
[2022-05-23 17:46:47,611] {processor.py:153} INFO - Started process (PID=40254) to work on /Users/mohammadrezakhorasanchian/.pyenv/versions/3.10.4/lib/python3.10/site-packages/airflow/example_dags/subdags/subdag.py
[2022-05-23 17:46:47,611] {processor.py:641} INFO - Processing file /Users/mohammadrezakhorasanchian/.pyenv/versions/3.10.4/lib/python3.10/site-packages/airflow/example_dags/subdags/subdag.py for tasks to queue
[2022-05-23 17:46:47,611] {logging_mixin.py:115} INFO - [2022-05-23 17:46:47,611] {dagbag.py:507} INFO - Filling up the DagBag from /Users/mohammadrezakhorasanchian/.pyenv/versions/3.10.4/lib/python3.10/site-packages/airflow/example_dags/subdags/subdag.py
[2022-05-23 17:46:47,612] {processor.py:653} WARNING - No viable dags retrieved from /Users/mohammadrezakhorasanchian/.pyenv/versions/3.10.4/lib/python3.10/site-packages/airflow/example_dags/subdags/subdag.py
[2022-05-23 17:46:47,640] {processor.py:161} INFO - Processing /Users/mohammadrezakhorasanchian/.pyenv/versions/3.10.4/lib/python3.10/site-packages/airflow/example_dags/subdags/subdag.py took 0.029 seconds
[2022-05-23 17:47:19,551] {processor.py:153} INFO - Started process (PID=40277) to work on /Users/mohammadrezakhorasanchian/.pyenv/versions/3.10.4/lib/python3.10/site-packages/airflow/example_dags/subdags/subdag.py
[2022-05-23 17:47:19,551] {processor.py:641} INFO - Processing file /Users/mohammadrezakhorasanchian/.pyenv/versions/3.10.4/lib/python3.10/site-packages/airflow/example_dags/subdags/subdag.py for tasks to queue
[2022-05-23 17:47:19,552] {logging_mixin.py:115} INFO - [2022-05-23 17:47:19,552] {dagbag.py:507} INFO - Filling up the DagBag from /Users/mohammadrezakhorasanchian/.pyenv/versions/3.10.4/lib/python3.10/site-packages/airflow/example_dags/subdags/subdag.py
[2022-05-23 17:47:19,553] {processor.py:653} WARNING - No viable dags retrieved from /Users/mohammadrezakhorasanchian/.pyenv/versions/3.10.4/lib/python3.10/site-packages/airflow/example_dags/subdags/subdag.py
[2022-05-23 17:47:19,582] {processor.py:161} INFO - Processing /Users/mohammadrezakhorasanchian/.pyenv/versions/3.10.4/lib/python3.10/site-packages/airflow/example_dags/subdags/subdag.py took 0.031 seconds
[2022-05-23 17:48:15,060] {processor.py:153} INFO - Started process (PID=40315) to work on /Users/mohammadrezakhorasanchian/.pyenv/versions/3.10.4/lib/python3.10/site-packages/airflow/example_dags/subdags/subdag.py
[2022-05-23 17:48:15,060] {processor.py:641} INFO - Processing file /Users/mohammadrezakhorasanchian/.pyenv/versions/3.10.4/lib/python3.10/site-packages/airflow/example_dags/subdags/subdag.py for tasks to queue
[2022-05-23 17:48:15,060] {logging_mixin.py:115} INFO - [2022-05-23 17:48:15,060] {dagbag.py:507} INFO - Filling up the DagBag from /Users/mohammadrezakhorasanchian/.pyenv/versions/3.10.4/lib/python3.10/site-packages/airflow/example_dags/subdags/subdag.py
[2022-05-23 17:48:15,061] {processor.py:653} WARNING - No viable dags retrieved from /Users/mohammadrezakhorasanchian/.pyenv/versions/3.10.4/lib/python3.10/site-packages/airflow/example_dags/subdags/subdag.py
[2022-05-23 17:48:15,088] {processor.py:161} INFO - Processing /Users/mohammadrezakhorasanchian/.pyenv/versions/3.10.4/lib/python3.10/site-packages/airflow/example_dags/subdags/subdag.py took 0.029 seconds
[2022-05-23 17:49:14,655] {processor.py:153} INFO - Started process (PID=40355) to work on /Users/mohammadrezakhorasanchian/.pyenv/versions/3.10.4/lib/python3.10/site-packages/airflow/example_dags/subdags/subdag.py
[2022-05-23 17:49:14,655] {processor.py:641} INFO - Processing file /Users/mohammadrezakhorasanchian/.pyenv/versions/3.10.4/lib/python3.10/site-packages/airflow/example_dags/subdags/subdag.py for tasks to queue
[2022-05-23 17:49:14,656] {logging_mixin.py:115} INFO - [2022-05-23 17:49:14,655] {dagbag.py:507} INFO - Filling up the DagBag from /Users/mohammadrezakhorasanchian/.pyenv/versions/3.10.4/lib/python3.10/site-packages/airflow/example_dags/subdags/subdag.py
[2022-05-23 17:49:14,657] {processor.py:653} WARNING - No viable dags retrieved from /Users/mohammadrezakhorasanchian/.pyenv/versions/3.10.4/lib/python3.10/site-packages/airflow/example_dags/subdags/subdag.py
[2022-05-23 17:49:14,690] {processor.py:161} INFO - Processing /Users/mohammadrezakhorasanchian/.pyenv/versions/3.10.4/lib/python3.10/site-packages/airflow/example_dags/subdags/subdag.py took 0.036 seconds
[2022-05-23 17:51:18,308] {processor.py:153} INFO - Started process (PID=40478) to work on /Users/mohammadrezakhorasanchian/.pyenv/versions/3.10.4/lib/python3.10/site-packages/airflow/example_dags/subdags/subdag.py
[2022-05-23 17:51:18,308] {processor.py:641} INFO - Processing file /Users/mohammadrezakhorasanchian/.pyenv/versions/3.10.4/lib/python3.10/site-packages/airflow/example_dags/subdags/subdag.py for tasks to queue
[2022-05-23 17:51:18,309] {logging_mixin.py:115} INFO - [2022-05-23 17:51:18,309] {dagbag.py:507} INFO - Filling up the DagBag from /Users/mohammadrezakhorasanchian/.pyenv/versions/3.10.4/lib/python3.10/site-packages/airflow/example_dags/subdags/subdag.py
[2022-05-23 17:51:18,310] {processor.py:653} WARNING - No viable dags retrieved from /Users/mohammadrezakhorasanchian/.pyenv/versions/3.10.4/lib/python3.10/site-packages/airflow/example_dags/subdags/subdag.py
[2022-05-23 17:51:18,337] {processor.py:161} INFO - Processing /Users/mohammadrezakhorasanchian/.pyenv/versions/3.10.4/lib/python3.10/site-packages/airflow/example_dags/subdags/subdag.py took 0.029 seconds
[2022-05-23 17:52:19,137] {processor.py:153} INFO - Started process (PID=40515) to work on /Users/mohammadrezakhorasanchian/.pyenv/versions/3.10.4/lib/python3.10/site-packages/airflow/example_dags/subdags/subdag.py
[2022-05-23 17:52:19,137] {processor.py:641} INFO - Processing file /Users/mohammadrezakhorasanchian/.pyenv/versions/3.10.4/lib/python3.10/site-packages/airflow/example_dags/subdags/subdag.py for tasks to queue
[2022-05-23 17:52:19,137] {logging_mixin.py:115} INFO - [2022-05-23 17:52:19,137] {dagbag.py:507} INFO - Filling up the DagBag from /Users/mohammadrezakhorasanchian/.pyenv/versions/3.10.4/lib/python3.10/site-packages/airflow/example_dags/subdags/subdag.py
[2022-05-23 17:52:19,138] {processor.py:653} WARNING - No viable dags retrieved from /Users/mohammadrezakhorasanchian/.pyenv/versions/3.10.4/lib/python3.10/site-packages/airflow/example_dags/subdags/subdag.py
[2022-05-23 17:52:19,165] {processor.py:161} INFO - Processing /Users/mohammadrezakhorasanchian/.pyenv/versions/3.10.4/lib/python3.10/site-packages/airflow/example_dags/subdags/subdag.py took 0.028 seconds
[2022-05-23 17:58:18,536] {processor.py:153} INFO - Started process (PID=40567) to work on /Users/mohammadrezakhorasanchian/.pyenv/versions/3.10.4/lib/python3.10/site-packages/airflow/example_dags/subdags/subdag.py
[2022-05-23 17:58:18,536] {processor.py:641} INFO - Processing file /Users/mohammadrezakhorasanchian/.pyenv/versions/3.10.4/lib/python3.10/site-packages/airflow/example_dags/subdags/subdag.py for tasks to queue
[2022-05-23 17:58:18,536] {logging_mixin.py:115} INFO - [2022-05-23 17:58:18,536] {dagbag.py:507} INFO - Filling up the DagBag from /Users/mohammadrezakhorasanchian/.pyenv/versions/3.10.4/lib/python3.10/site-packages/airflow/example_dags/subdags/subdag.py
[2022-05-23 17:58:18,538] {processor.py:653} WARNING - No viable dags retrieved from /Users/mohammadrezakhorasanchian/.pyenv/versions/3.10.4/lib/python3.10/site-packages/airflow/example_dags/subdags/subdag.py
[2022-05-23 17:58:18,574] {processor.py:161} INFO - Processing /Users/mohammadrezakhorasanchian/.pyenv/versions/3.10.4/lib/python3.10/site-packages/airflow/example_dags/subdags/subdag.py took 0.039 seconds
[2022-05-23 17:59:15,675] {processor.py:153} INFO - Started process (PID=40604) to work on /Users/mohammadrezakhorasanchian/.pyenv/versions/3.10.4/lib/python3.10/site-packages/airflow/example_dags/subdags/subdag.py
[2022-05-23 17:59:15,675] {processor.py:641} INFO - Processing file /Users/mohammadrezakhorasanchian/.pyenv/versions/3.10.4/lib/python3.10/site-packages/airflow/example_dags/subdags/subdag.py for tasks to queue
[2022-05-23 17:59:15,676] {logging_mixin.py:115} INFO - [2022-05-23 17:59:15,675] {dagbag.py:507} INFO - Filling up the DagBag from /Users/mohammadrezakhorasanchian/.pyenv/versions/3.10.4/lib/python3.10/site-packages/airflow/example_dags/subdags/subdag.py
[2022-05-23 17:59:15,677] {processor.py:653} WARNING - No viable dags retrieved from /Users/mohammadrezakhorasanchian/.pyenv/versions/3.10.4/lib/python3.10/site-packages/airflow/example_dags/subdags/subdag.py
[2022-05-23 17:59:15,703] {processor.py:161} INFO - Processing /Users/mohammadrezakhorasanchian/.pyenv/versions/3.10.4/lib/python3.10/site-packages/airflow/example_dags/subdags/subdag.py took 0.028 seconds
[2022-05-23 18:00:12,735] {processor.py:153} INFO - Started process (PID=40639) to work on /Users/mohammadrezakhorasanchian/.pyenv/versions/3.10.4/lib/python3.10/site-packages/airflow/example_dags/subdags/subdag.py
[2022-05-23 18:00:12,735] {processor.py:641} INFO - Processing file /Users/mohammadrezakhorasanchian/.pyenv/versions/3.10.4/lib/python3.10/site-packages/airflow/example_dags/subdags/subdag.py for tasks to queue
[2022-05-23 18:00:12,735] {logging_mixin.py:115} INFO - [2022-05-23 18:00:12,735] {dagbag.py:507} INFO - Filling up the DagBag from /Users/mohammadrezakhorasanchian/.pyenv/versions/3.10.4/lib/python3.10/site-packages/airflow/example_dags/subdags/subdag.py
[2022-05-23 18:00:12,736] {processor.py:653} WARNING - No viable dags retrieved from /Users/mohammadrezakhorasanchian/.pyenv/versions/3.10.4/lib/python3.10/site-packages/airflow/example_dags/subdags/subdag.py
[2022-05-23 18:00:12,763] {processor.py:161} INFO - Processing /Users/mohammadrezakhorasanchian/.pyenv/versions/3.10.4/lib/python3.10/site-packages/airflow/example_dags/subdags/subdag.py took 0.029 seconds
[2022-05-23 18:01:12,748] {processor.py:153} INFO - Started process (PID=40676) to work on /Users/mohammadrezakhorasanchian/.pyenv/versions/3.10.4/lib/python3.10/site-packages/airflow/example_dags/subdags/subdag.py
[2022-05-23 18:01:12,748] {processor.py:641} INFO - Processing file /Users/mohammadrezakhorasanchian/.pyenv/versions/3.10.4/lib/python3.10/site-packages/airflow/example_dags/subdags/subdag.py for tasks to queue
[2022-05-23 18:01:12,748] {logging_mixin.py:115} INFO - [2022-05-23 18:01:12,748] {dagbag.py:507} INFO - Filling up the DagBag from /Users/mohammadrezakhorasanchian/.pyenv/versions/3.10.4/lib/python3.10/site-packages/airflow/example_dags/subdags/subdag.py
[2022-05-23 18:01:12,749] {processor.py:653} WARNING - No viable dags retrieved from /Users/mohammadrezakhorasanchian/.pyenv/versions/3.10.4/lib/python3.10/site-packages/airflow/example_dags/subdags/subdag.py
[2022-05-23 18:01:12,778] {processor.py:161} INFO - Processing /Users/mohammadrezakhorasanchian/.pyenv/versions/3.10.4/lib/python3.10/site-packages/airflow/example_dags/subdags/subdag.py took 0.031 seconds
[2022-05-23 18:02:11,837] {processor.py:153} INFO - Started process (PID=40716) to work on /Users/mohammadrezakhorasanchian/.pyenv/versions/3.10.4/lib/python3.10/site-packages/airflow/example_dags/subdags/subdag.py
[2022-05-23 18:02:11,837] {processor.py:641} INFO - Processing file /Users/mohammadrezakhorasanchian/.pyenv/versions/3.10.4/lib/python3.10/site-packages/airflow/example_dags/subdags/subdag.py for tasks to queue
[2022-05-23 18:02:11,837] {logging_mixin.py:115} INFO - [2022-05-23 18:02:11,837] {dagbag.py:507} INFO - Filling up the DagBag from /Users/mohammadrezakhorasanchian/.pyenv/versions/3.10.4/lib/python3.10/site-packages/airflow/example_dags/subdags/subdag.py
[2022-05-23 18:02:11,838] {processor.py:653} WARNING - No viable dags retrieved from /Users/mohammadrezakhorasanchian/.pyenv/versions/3.10.4/lib/python3.10/site-packages/airflow/example_dags/subdags/subdag.py
[2022-05-23 18:02:11,865] {processor.py:161} INFO - Processing /Users/mohammadrezakhorasanchian/.pyenv/versions/3.10.4/lib/python3.10/site-packages/airflow/example_dags/subdags/subdag.py took 0.029 seconds
[2022-05-23 18:03:08,606] {processor.py:153} INFO - Started process (PID=40755) to work on /Users/mohammadrezakhorasanchian/.pyenv/versions/3.10.4/lib/python3.10/site-packages/airflow/example_dags/subdags/subdag.py
[2022-05-23 18:03:08,607] {processor.py:641} INFO - Processing file /Users/mohammadrezakhorasanchian/.pyenv/versions/3.10.4/lib/python3.10/site-packages/airflow/example_dags/subdags/subdag.py for tasks to queue
[2022-05-23 18:03:08,607] {logging_mixin.py:115} INFO - [2022-05-23 18:03:08,607] {dagbag.py:507} INFO - Filling up the DagBag from /Users/mohammadrezakhorasanchian/.pyenv/versions/3.10.4/lib/python3.10/site-packages/airflow/example_dags/subdags/subdag.py
[2022-05-23 18:03:08,608] {processor.py:653} WARNING - No viable dags retrieved from /Users/mohammadrezakhorasanchian/.pyenv/versions/3.10.4/lib/python3.10/site-packages/airflow/example_dags/subdags/subdag.py
[2022-05-23 18:03:08,635] {processor.py:161} INFO - Processing /Users/mohammadrezakhorasanchian/.pyenv/versions/3.10.4/lib/python3.10/site-packages/airflow/example_dags/subdags/subdag.py took 0.029 seconds
[2022-05-23 18:04:00,659] {processor.py:153} INFO - Started process (PID=40790) to work on /Users/mohammadrezakhorasanchian/.pyenv/versions/3.10.4/lib/python3.10/site-packages/airflow/example_dags/subdags/subdag.py
[2022-05-23 18:04:00,660] {processor.py:641} INFO - Processing file /Users/mohammadrezakhorasanchian/.pyenv/versions/3.10.4/lib/python3.10/site-packages/airflow/example_dags/subdags/subdag.py for tasks to queue
[2022-05-23 18:04:00,660] {logging_mixin.py:115} INFO - [2022-05-23 18:04:00,660] {dagbag.py:507} INFO - Filling up the DagBag from /Users/mohammadrezakhorasanchian/.pyenv/versions/3.10.4/lib/python3.10/site-packages/airflow/example_dags/subdags/subdag.py
[2022-05-23 18:04:00,661] {processor.py:653} WARNING - No viable dags retrieved from /Users/mohammadrezakhorasanchian/.pyenv/versions/3.10.4/lib/python3.10/site-packages/airflow/example_dags/subdags/subdag.py
[2022-05-23 18:04:00,688] {processor.py:161} INFO - Processing /Users/mohammadrezakhorasanchian/.pyenv/versions/3.10.4/lib/python3.10/site-packages/airflow/example_dags/subdags/subdag.py took 0.029 seconds
[2022-05-23 18:04:56,602] {processor.py:153} INFO - Started process (PID=40825) to work on /Users/mohammadrezakhorasanchian/.pyenv/versions/3.10.4/lib/python3.10/site-packages/airflow/example_dags/subdags/subdag.py
[2022-05-23 18:04:56,602] {processor.py:641} INFO - Processing file /Users/mohammadrezakhorasanchian/.pyenv/versions/3.10.4/lib/python3.10/site-packages/airflow/example_dags/subdags/subdag.py for tasks to queue
[2022-05-23 18:04:56,602] {logging_mixin.py:115} INFO - [2022-05-23 18:04:56,602] {dagbag.py:507} INFO - Filling up the DagBag from /Users/mohammadrezakhorasanchian/.pyenv/versions/3.10.4/lib/python3.10/site-packages/airflow/example_dags/subdags/subdag.py
[2022-05-23 18:04:56,603] {processor.py:653} WARNING - No viable dags retrieved from /Users/mohammadrezakhorasanchian/.pyenv/versions/3.10.4/lib/python3.10/site-packages/airflow/example_dags/subdags/subdag.py
[2022-05-23 18:04:56,630] {processor.py:161} INFO - Processing /Users/mohammadrezakhorasanchian/.pyenv/versions/3.10.4/lib/python3.10/site-packages/airflow/example_dags/subdags/subdag.py took 0.028 seconds
[2022-05-23 18:05:51,694] {processor.py:153} INFO - Started process (PID=40860) to work on /Users/mohammadrezakhorasanchian/.pyenv/versions/3.10.4/lib/python3.10/site-packages/airflow/example_dags/subdags/subdag.py
[2022-05-23 18:05:51,695] {processor.py:641} INFO - Processing file /Users/mohammadrezakhorasanchian/.pyenv/versions/3.10.4/lib/python3.10/site-packages/airflow/example_dags/subdags/subdag.py for tasks to queue
[2022-05-23 18:05:51,695] {logging_mixin.py:115} INFO - [2022-05-23 18:05:51,695] {dagbag.py:507} INFO - Filling up the DagBag from /Users/mohammadrezakhorasanchian/.pyenv/versions/3.10.4/lib/python3.10/site-packages/airflow/example_dags/subdags/subdag.py
[2022-05-23 18:05:51,696] {processor.py:653} WARNING - No viable dags retrieved from /Users/mohammadrezakhorasanchian/.pyenv/versions/3.10.4/lib/python3.10/site-packages/airflow/example_dags/subdags/subdag.py
[2022-05-23 18:05:51,723] {processor.py:161} INFO - Processing /Users/mohammadrezakhorasanchian/.pyenv/versions/3.10.4/lib/python3.10/site-packages/airflow/example_dags/subdags/subdag.py took 0.029 seconds
[2022-05-23 18:06:51,984] {processor.py:153} INFO - Started process (PID=40899) to work on /Users/mohammadrezakhorasanchian/.pyenv/versions/3.10.4/lib/python3.10/site-packages/airflow/example_dags/subdags/subdag.py
[2022-05-23 18:06:51,984] {processor.py:641} INFO - Processing file /Users/mohammadrezakhorasanchian/.pyenv/versions/3.10.4/lib/python3.10/site-packages/airflow/example_dags/subdags/subdag.py for tasks to queue
[2022-05-23 18:06:51,984] {logging_mixin.py:115} INFO - [2022-05-23 18:06:51,984] {dagbag.py:507} INFO - Filling up the DagBag from /Users/mohammadrezakhorasanchian/.pyenv/versions/3.10.4/lib/python3.10/site-packages/airflow/example_dags/subdags/subdag.py
[2022-05-23 18:06:51,985] {processor.py:653} WARNING - No viable dags retrieved from /Users/mohammadrezakhorasanchian/.pyenv/versions/3.10.4/lib/python3.10/site-packages/airflow/example_dags/subdags/subdag.py
[2022-05-23 18:06:52,015] {processor.py:161} INFO - Processing /Users/mohammadrezakhorasanchian/.pyenv/versions/3.10.4/lib/python3.10/site-packages/airflow/example_dags/subdags/subdag.py took 0.032 seconds
[2022-05-23 18:07:52,125] {processor.py:153} INFO - Started process (PID=40936) to work on /Users/mohammadrezakhorasanchian/.pyenv/versions/3.10.4/lib/python3.10/site-packages/airflow/example_dags/subdags/subdag.py
[2022-05-23 18:07:52,125] {processor.py:641} INFO - Processing file /Users/mohammadrezakhorasanchian/.pyenv/versions/3.10.4/lib/python3.10/site-packages/airflow/example_dags/subdags/subdag.py for tasks to queue
[2022-05-23 18:07:52,126] {logging_mixin.py:115} INFO - [2022-05-23 18:07:52,125] {dagbag.py:507} INFO - Filling up the DagBag from /Users/mohammadrezakhorasanchian/.pyenv/versions/3.10.4/lib/python3.10/site-packages/airflow/example_dags/subdags/subdag.py
[2022-05-23 18:07:52,127] {processor.py:653} WARNING - No viable dags retrieved from /Users/mohammadrezakhorasanchian/.pyenv/versions/3.10.4/lib/python3.10/site-packages/airflow/example_dags/subdags/subdag.py
[2022-05-23 18:07:52,157] {processor.py:161} INFO - Processing /Users/mohammadrezakhorasanchian/.pyenv/versions/3.10.4/lib/python3.10/site-packages/airflow/example_dags/subdags/subdag.py took 0.032 seconds
[2022-05-23 18:14:01,356] {processor.py:153} INFO - Started process (PID=41045) to work on /Users/mohammadrezakhorasanchian/.pyenv/versions/3.10.4/lib/python3.10/site-packages/airflow/example_dags/subdags/subdag.py
[2022-05-23 18:14:01,357] {processor.py:641} INFO - Processing file /Users/mohammadrezakhorasanchian/.pyenv/versions/3.10.4/lib/python3.10/site-packages/airflow/example_dags/subdags/subdag.py for tasks to queue
[2022-05-23 18:14:01,357] {logging_mixin.py:115} INFO - [2022-05-23 18:14:01,357] {dagbag.py:507} INFO - Filling up the DagBag from /Users/mohammadrezakhorasanchian/.pyenv/versions/3.10.4/lib/python3.10/site-packages/airflow/example_dags/subdags/subdag.py
[2022-05-23 18:14:01,359] {processor.py:653} WARNING - No viable dags retrieved from /Users/mohammadrezakhorasanchian/.pyenv/versions/3.10.4/lib/python3.10/site-packages/airflow/example_dags/subdags/subdag.py
[2022-05-23 18:14:01,387] {processor.py:161} INFO - Processing /Users/mohammadrezakhorasanchian/.pyenv/versions/3.10.4/lib/python3.10/site-packages/airflow/example_dags/subdags/subdag.py took 0.032 seconds
[2022-05-23 18:15:03,037] {processor.py:153} INFO - Started process (PID=41157) to work on /Users/mohammadrezakhorasanchian/.pyenv/versions/3.10.4/lib/python3.10/site-packages/airflow/example_dags/subdags/subdag.py
[2022-05-23 18:15:03,038] {processor.py:641} INFO - Processing file /Users/mohammadrezakhorasanchian/.pyenv/versions/3.10.4/lib/python3.10/site-packages/airflow/example_dags/subdags/subdag.py for tasks to queue
[2022-05-23 18:15:03,038] {logging_mixin.py:115} INFO - [2022-05-23 18:15:03,038] {dagbag.py:507} INFO - Filling up the DagBag from /Users/mohammadrezakhorasanchian/.pyenv/versions/3.10.4/lib/python3.10/site-packages/airflow/example_dags/subdags/subdag.py
[2022-05-23 18:15:03,039] {processor.py:653} WARNING - No viable dags retrieved from /Users/mohammadrezakhorasanchian/.pyenv/versions/3.10.4/lib/python3.10/site-packages/airflow/example_dags/subdags/subdag.py
[2022-05-23 18:15:03,067] {processor.py:161} INFO - Processing /Users/mohammadrezakhorasanchian/.pyenv/versions/3.10.4/lib/python3.10/site-packages/airflow/example_dags/subdags/subdag.py took 0.030 seconds
