[2022-05-19 03:30:23,921] {processor.py:153} INFO - Started process (PID=16750) to work on /Users/mohammadrezakhorasanchian/.pyenv/versions/3.10.4/lib/python3.10/site-packages/airflow/example_dags/example_trigger_controller_dag.py
[2022-05-19 03:30:23,921] {processor.py:641} INFO - Processing file /Users/mohammadrezakhorasanchian/.pyenv/versions/3.10.4/lib/python3.10/site-packages/airflow/example_dags/example_trigger_controller_dag.py for tasks to queue
[2022-05-19 03:30:23,922] {logging_mixin.py:115} INFO - [2022-05-19 03:30:23,922] {dagbag.py:507} INFO - Filling up the DagBag from /Users/mohammadrezakhorasanchian/.pyenv/versions/3.10.4/lib/python3.10/site-packages/airflow/example_dags/example_trigger_controller_dag.py
[2022-05-19 03:30:23,930] {processor.py:651} INFO - DAG(s) dict_keys(['example_trigger_controller_dag']) retrieved from /Users/mohammadrezakhorasanchian/.pyenv/versions/3.10.4/lib/python3.10/site-packages/airflow/example_dags/example_trigger_controller_dag.py
[2022-05-19 03:30:23,971] {logging_mixin.py:115} INFO - [2022-05-19 03:30:23,971] {dag.py:2371} INFO - Sync 1 DAGs
[2022-05-19 03:30:23,980] {logging_mixin.py:115} INFO - [2022-05-19 03:30:23,980] {dag.py:2915} INFO - Setting next_dagrun for example_trigger_controller_dag to 2021-01-01T00:00:00+00:00, run_after=2021-01-01T00:00:00+00:00
[2022-05-19 03:30:23,987] {processor.py:161} INFO - Processing /Users/mohammadrezakhorasanchian/.pyenv/versions/3.10.4/lib/python3.10/site-packages/airflow/example_dags/example_trigger_controller_dag.py took 0.067 seconds
[2022-05-19 04:24:50,317] {processor.py:153} INFO - Started process (PID=16819) to work on /Users/mohammadrezakhorasanchian/.pyenv/versions/3.10.4/lib/python3.10/site-packages/airflow/example_dags/example_trigger_controller_dag.py
[2022-05-19 04:24:50,318] {processor.py:641} INFO - Processing file /Users/mohammadrezakhorasanchian/.pyenv/versions/3.10.4/lib/python3.10/site-packages/airflow/example_dags/example_trigger_controller_dag.py for tasks to queue
[2022-05-19 04:24:50,318] {logging_mixin.py:115} INFO - [2022-05-19 04:24:50,318] {dagbag.py:507} INFO - Filling up the DagBag from /Users/mohammadrezakhorasanchian/.pyenv/versions/3.10.4/lib/python3.10/site-packages/airflow/example_dags/example_trigger_controller_dag.py
[2022-05-19 04:24:50,326] {processor.py:651} INFO - DAG(s) dict_keys(['example_trigger_controller_dag']) retrieved from /Users/mohammadrezakhorasanchian/.pyenv/versions/3.10.4/lib/python3.10/site-packages/airflow/example_dags/example_trigger_controller_dag.py
[2022-05-19 04:24:50,367] {logging_mixin.py:115} INFO - [2022-05-19 04:24:50,367] {dag.py:2371} INFO - Sync 1 DAGs
[2022-05-19 04:24:50,376] {logging_mixin.py:115} INFO - [2022-05-19 04:24:50,376] {dag.py:2915} INFO - Setting next_dagrun for example_trigger_controller_dag to 2021-01-01T00:00:00+00:00, run_after=2021-01-01T00:00:00+00:00
[2022-05-19 04:24:50,382] {processor.py:161} INFO - Processing /Users/mohammadrezakhorasanchian/.pyenv/versions/3.10.4/lib/python3.10/site-packages/airflow/example_dags/example_trigger_controller_dag.py took 0.066 seconds
[2022-05-19 05:18:54,073] {processor.py:153} INFO - Started process (PID=16855) to work on /Users/mohammadrezakhorasanchian/.pyenv/versions/3.10.4/lib/python3.10/site-packages/airflow/example_dags/example_trigger_controller_dag.py
[2022-05-19 05:18:54,074] {processor.py:641} INFO - Processing file /Users/mohammadrezakhorasanchian/.pyenv/versions/3.10.4/lib/python3.10/site-packages/airflow/example_dags/example_trigger_controller_dag.py for tasks to queue
[2022-05-19 05:18:54,075] {logging_mixin.py:115} INFO - [2022-05-19 05:18:54,075] {dagbag.py:507} INFO - Filling up the DagBag from /Users/mohammadrezakhorasanchian/.pyenv/versions/3.10.4/lib/python3.10/site-packages/airflow/example_dags/example_trigger_controller_dag.py
[2022-05-19 05:18:54,083] {processor.py:651} INFO - DAG(s) dict_keys(['example_trigger_controller_dag']) retrieved from /Users/mohammadrezakhorasanchian/.pyenv/versions/3.10.4/lib/python3.10/site-packages/airflow/example_dags/example_trigger_controller_dag.py
[2022-05-19 05:18:54,123] {logging_mixin.py:115} INFO - [2022-05-19 05:18:54,123] {dag.py:2371} INFO - Sync 1 DAGs
[2022-05-19 05:18:54,132] {logging_mixin.py:115} INFO - [2022-05-19 05:18:54,132] {dag.py:2915} INFO - Setting next_dagrun for example_trigger_controller_dag to 2021-01-01T00:00:00+00:00, run_after=2021-01-01T00:00:00+00:00
[2022-05-19 05:18:54,142] {processor.py:161} INFO - Processing /Users/mohammadrezakhorasanchian/.pyenv/versions/3.10.4/lib/python3.10/site-packages/airflow/example_dags/example_trigger_controller_dag.py took 0.069 seconds
[2022-05-19 06:13:08,040] {processor.py:153} INFO - Started process (PID=16896) to work on /Users/mohammadrezakhorasanchian/.pyenv/versions/3.10.4/lib/python3.10/site-packages/airflow/example_dags/example_trigger_controller_dag.py
[2022-05-19 06:13:08,041] {processor.py:641} INFO - Processing file /Users/mohammadrezakhorasanchian/.pyenv/versions/3.10.4/lib/python3.10/site-packages/airflow/example_dags/example_trigger_controller_dag.py for tasks to queue
[2022-05-19 06:13:08,041] {logging_mixin.py:115} INFO - [2022-05-19 06:13:08,041] {dagbag.py:507} INFO - Filling up the DagBag from /Users/mohammadrezakhorasanchian/.pyenv/versions/3.10.4/lib/python3.10/site-packages/airflow/example_dags/example_trigger_controller_dag.py
[2022-05-19 06:13:08,051] {processor.py:651} INFO - DAG(s) dict_keys(['example_trigger_controller_dag']) retrieved from /Users/mohammadrezakhorasanchian/.pyenv/versions/3.10.4/lib/python3.10/site-packages/airflow/example_dags/example_trigger_controller_dag.py
[2022-05-19 06:13:08,092] {logging_mixin.py:115} INFO - [2022-05-19 06:13:08,092] {dag.py:2371} INFO - Sync 1 DAGs
[2022-05-19 06:13:08,101] {logging_mixin.py:115} INFO - [2022-05-19 06:13:08,101] {dag.py:2915} INFO - Setting next_dagrun for example_trigger_controller_dag to 2021-01-01T00:00:00+00:00, run_after=2021-01-01T00:00:00+00:00
[2022-05-19 06:13:08,110] {processor.py:161} INFO - Processing /Users/mohammadrezakhorasanchian/.pyenv/versions/3.10.4/lib/python3.10/site-packages/airflow/example_dags/example_trigger_controller_dag.py took 0.070 seconds
[2022-05-19 07:07:17,579] {processor.py:153} INFO - Started process (PID=16948) to work on /Users/mohammadrezakhorasanchian/.pyenv/versions/3.10.4/lib/python3.10/site-packages/airflow/example_dags/example_trigger_controller_dag.py
[2022-05-19 07:07:17,580] {processor.py:641} INFO - Processing file /Users/mohammadrezakhorasanchian/.pyenv/versions/3.10.4/lib/python3.10/site-packages/airflow/example_dags/example_trigger_controller_dag.py for tasks to queue
[2022-05-19 07:07:17,580] {logging_mixin.py:115} INFO - [2022-05-19 07:07:17,580] {dagbag.py:507} INFO - Filling up the DagBag from /Users/mohammadrezakhorasanchian/.pyenv/versions/3.10.4/lib/python3.10/site-packages/airflow/example_dags/example_trigger_controller_dag.py
[2022-05-19 07:07:17,589] {processor.py:651} INFO - DAG(s) dict_keys(['example_trigger_controller_dag']) retrieved from /Users/mohammadrezakhorasanchian/.pyenv/versions/3.10.4/lib/python3.10/site-packages/airflow/example_dags/example_trigger_controller_dag.py
[2022-05-19 07:07:17,629] {logging_mixin.py:115} INFO - [2022-05-19 07:07:17,629] {dag.py:2371} INFO - Sync 1 DAGs
[2022-05-19 07:07:17,639] {logging_mixin.py:115} INFO - [2022-05-19 07:07:17,638] {dag.py:2915} INFO - Setting next_dagrun for example_trigger_controller_dag to 2021-01-01T00:00:00+00:00, run_after=2021-01-01T00:00:00+00:00
[2022-05-19 07:07:17,646] {processor.py:161} INFO - Processing /Users/mohammadrezakhorasanchian/.pyenv/versions/3.10.4/lib/python3.10/site-packages/airflow/example_dags/example_trigger_controller_dag.py took 0.067 seconds
[2022-05-19 08:01:27,665] {processor.py:153} INFO - Started process (PID=16988) to work on /Users/mohammadrezakhorasanchian/.pyenv/versions/3.10.4/lib/python3.10/site-packages/airflow/example_dags/example_trigger_controller_dag.py
[2022-05-19 08:01:27,666] {processor.py:641} INFO - Processing file /Users/mohammadrezakhorasanchian/.pyenv/versions/3.10.4/lib/python3.10/site-packages/airflow/example_dags/example_trigger_controller_dag.py for tasks to queue
[2022-05-19 08:01:27,667] {logging_mixin.py:115} INFO - [2022-05-19 08:01:27,667] {dagbag.py:507} INFO - Filling up the DagBag from /Users/mohammadrezakhorasanchian/.pyenv/versions/3.10.4/lib/python3.10/site-packages/airflow/example_dags/example_trigger_controller_dag.py
[2022-05-19 08:01:27,675] {processor.py:651} INFO - DAG(s) dict_keys(['example_trigger_controller_dag']) retrieved from /Users/mohammadrezakhorasanchian/.pyenv/versions/3.10.4/lib/python3.10/site-packages/airflow/example_dags/example_trigger_controller_dag.py
[2022-05-19 08:01:27,715] {logging_mixin.py:115} INFO - [2022-05-19 08:01:27,715] {dag.py:2371} INFO - Sync 1 DAGs
[2022-05-19 08:01:27,724] {logging_mixin.py:115} INFO - [2022-05-19 08:01:27,724] {dag.py:2915} INFO - Setting next_dagrun for example_trigger_controller_dag to 2021-01-01T00:00:00+00:00, run_after=2021-01-01T00:00:00+00:00
[2022-05-19 08:01:27,734] {processor.py:161} INFO - Processing /Users/mohammadrezakhorasanchian/.pyenv/versions/3.10.4/lib/python3.10/site-packages/airflow/example_dags/example_trigger_controller_dag.py took 0.069 seconds
[2022-05-19 08:55:36,572] {processor.py:153} INFO - Started process (PID=17028) to work on /Users/mohammadrezakhorasanchian/.pyenv/versions/3.10.4/lib/python3.10/site-packages/airflow/example_dags/example_trigger_controller_dag.py
[2022-05-19 08:55:36,573] {processor.py:641} INFO - Processing file /Users/mohammadrezakhorasanchian/.pyenv/versions/3.10.4/lib/python3.10/site-packages/airflow/example_dags/example_trigger_controller_dag.py for tasks to queue
[2022-05-19 08:55:36,574] {logging_mixin.py:115} INFO - [2022-05-19 08:55:36,573] {dagbag.py:507} INFO - Filling up the DagBag from /Users/mohammadrezakhorasanchian/.pyenv/versions/3.10.4/lib/python3.10/site-packages/airflow/example_dags/example_trigger_controller_dag.py
[2022-05-19 08:55:36,585] {processor.py:651} INFO - DAG(s) dict_keys(['example_trigger_controller_dag']) retrieved from /Users/mohammadrezakhorasanchian/.pyenv/versions/3.10.4/lib/python3.10/site-packages/airflow/example_dags/example_trigger_controller_dag.py
[2022-05-19 08:55:36,627] {logging_mixin.py:115} INFO - [2022-05-19 08:55:36,627] {dag.py:2371} INFO - Sync 1 DAGs
[2022-05-19 08:55:36,636] {logging_mixin.py:115} INFO - [2022-05-19 08:55:36,636] {dag.py:2915} INFO - Setting next_dagrun for example_trigger_controller_dag to 2021-01-01T00:00:00+00:00, run_after=2021-01-01T00:00:00+00:00
[2022-05-19 08:55:36,643] {processor.py:161} INFO - Processing /Users/mohammadrezakhorasanchian/.pyenv/versions/3.10.4/lib/python3.10/site-packages/airflow/example_dags/example_trigger_controller_dag.py took 0.072 seconds
[2022-05-19 09:51:34,331] {processor.py:153} INFO - Started process (PID=17071) to work on /Users/mohammadrezakhorasanchian/.pyenv/versions/3.10.4/lib/python3.10/site-packages/airflow/example_dags/example_trigger_controller_dag.py
[2022-05-19 09:51:34,333] {processor.py:641} INFO - Processing file /Users/mohammadrezakhorasanchian/.pyenv/versions/3.10.4/lib/python3.10/site-packages/airflow/example_dags/example_trigger_controller_dag.py for tasks to queue
[2022-05-19 09:51:34,334] {logging_mixin.py:115} INFO - [2022-05-19 09:51:34,334] {dagbag.py:507} INFO - Filling up the DagBag from /Users/mohammadrezakhorasanchian/.pyenv/versions/3.10.4/lib/python3.10/site-packages/airflow/example_dags/example_trigger_controller_dag.py
[2022-05-19 09:51:34,374] {processor.py:651} INFO - DAG(s) dict_keys(['example_trigger_controller_dag']) retrieved from /Users/mohammadrezakhorasanchian/.pyenv/versions/3.10.4/lib/python3.10/site-packages/airflow/example_dags/example_trigger_controller_dag.py
[2022-05-19 09:51:34,589] {logging_mixin.py:115} INFO - [2022-05-19 09:51:34,588] {dag.py:2371} INFO - Sync 1 DAGs
[2022-05-19 09:51:34,643] {logging_mixin.py:115} INFO - [2022-05-19 09:51:34,643] {dag.py:2915} INFO - Setting next_dagrun for example_trigger_controller_dag to 2021-01-01T00:00:00+00:00, run_after=2021-01-01T00:00:00+00:00
[2022-05-19 09:51:34,674] {processor.py:161} INFO - Processing /Users/mohammadrezakhorasanchian/.pyenv/versions/3.10.4/lib/python3.10/site-packages/airflow/example_dags/example_trigger_controller_dag.py took 0.345 seconds
[2022-05-19 13:58:43,644] {processor.py:153} INFO - Started process (PID=17182) to work on /Users/mohammadrezakhorasanchian/.pyenv/versions/3.10.4/lib/python3.10/site-packages/airflow/example_dags/example_trigger_controller_dag.py
[2022-05-19 13:58:43,645] {processor.py:641} INFO - Processing file /Users/mohammadrezakhorasanchian/.pyenv/versions/3.10.4/lib/python3.10/site-packages/airflow/example_dags/example_trigger_controller_dag.py for tasks to queue
[2022-05-19 13:58:43,645] {logging_mixin.py:115} INFO - [2022-05-19 13:58:43,645] {dagbag.py:507} INFO - Filling up the DagBag from /Users/mohammadrezakhorasanchian/.pyenv/versions/3.10.4/lib/python3.10/site-packages/airflow/example_dags/example_trigger_controller_dag.py
[2022-05-19 13:58:43,653] {processor.py:651} INFO - DAG(s) dict_keys(['example_trigger_controller_dag']) retrieved from /Users/mohammadrezakhorasanchian/.pyenv/versions/3.10.4/lib/python3.10/site-packages/airflow/example_dags/example_trigger_controller_dag.py
[2022-05-19 13:58:43,695] {logging_mixin.py:115} INFO - [2022-05-19 13:58:43,695] {dag.py:2371} INFO - Sync 1 DAGs
[2022-05-19 13:58:43,704] {logging_mixin.py:115} INFO - [2022-05-19 13:58:43,704] {dag.py:2915} INFO - Setting next_dagrun for example_trigger_controller_dag to 2021-01-01T00:00:00+00:00, run_after=2021-01-01T00:00:00+00:00
[2022-05-19 13:58:43,716] {processor.py:161} INFO - Processing /Users/mohammadrezakhorasanchian/.pyenv/versions/3.10.4/lib/python3.10/site-packages/airflow/example_dags/example_trigger_controller_dag.py took 0.072 seconds
[2022-05-19 13:59:34,611] {processor.py:153} INFO - Started process (PID=17311) to work on /Users/mohammadrezakhorasanchian/.pyenv/versions/3.10.4/lib/python3.10/site-packages/airflow/example_dags/example_trigger_controller_dag.py
[2022-05-19 13:59:34,611] {processor.py:641} INFO - Processing file /Users/mohammadrezakhorasanchian/.pyenv/versions/3.10.4/lib/python3.10/site-packages/airflow/example_dags/example_trigger_controller_dag.py for tasks to queue
[2022-05-19 13:59:34,611] {logging_mixin.py:115} INFO - [2022-05-19 13:59:34,611] {dagbag.py:507} INFO - Filling up the DagBag from /Users/mohammadrezakhorasanchian/.pyenv/versions/3.10.4/lib/python3.10/site-packages/airflow/example_dags/example_trigger_controller_dag.py
[2022-05-19 13:59:34,621] {processor.py:651} INFO - DAG(s) dict_keys(['example_trigger_controller_dag']) retrieved from /Users/mohammadrezakhorasanchian/.pyenv/versions/3.10.4/lib/python3.10/site-packages/airflow/example_dags/example_trigger_controller_dag.py
[2022-05-19 13:59:34,670] {logging_mixin.py:115} INFO - [2022-05-19 13:59:34,670] {dag.py:2371} INFO - Sync 1 DAGs
[2022-05-19 13:59:34,681] {logging_mixin.py:115} INFO - [2022-05-19 13:59:34,681] {dag.py:2915} INFO - Setting next_dagrun for example_trigger_controller_dag to 2021-01-01T00:00:00+00:00, run_after=2021-01-01T00:00:00+00:00
[2022-05-19 13:59:34,688] {processor.py:161} INFO - Processing /Users/mohammadrezakhorasanchian/.pyenv/versions/3.10.4/lib/python3.10/site-packages/airflow/example_dags/example_trigger_controller_dag.py took 0.078 seconds
