[2022-05-19 04:24:26,074] {processor.py:153} INFO - Started process (PID=16805) to work on /Users/mohammadrezakhorasanchian/.pyenv/versions/3.10.4/lib/python3.10/site-packages/airflow/example_dags/example_latest_only.py
[2022-05-19 04:24:26,074] {processor.py:641} INFO - Processing file /Users/mohammadrezakhorasanchian/.pyenv/versions/3.10.4/lib/python3.10/site-packages/airflow/example_dags/example_latest_only.py for tasks to queue
[2022-05-19 04:24:26,075] {logging_mixin.py:115} INFO - [2022-05-19 04:24:26,075] {dagbag.py:507} INFO - Filling up the DagBag from /Users/mohammadrezakhorasanchian/.pyenv/versions/3.10.4/lib/python3.10/site-packages/airflow/example_dags/example_latest_only.py
[2022-05-19 04:24:26,083] {processor.py:651} INFO - DAG(s) dict_keys(['latest_only']) retrieved from /Users/mohammadrezakhorasanchian/.pyenv/versions/3.10.4/lib/python3.10/site-packages/airflow/example_dags/example_latest_only.py
[2022-05-19 04:24:26,124] {logging_mixin.py:115} INFO - [2022-05-19 04:24:26,124] {dag.py:2371} INFO - Sync 1 DAGs
[2022-05-19 04:24:26,133] {logging_mixin.py:115} INFO - [2022-05-19 04:24:26,133] {dag.py:2915} INFO - Setting next_dagrun for latest_only to 2022-05-18T21:24:26.133298+00:00, run_after=2022-05-19T01:24:26.133298+00:00
[2022-05-19 04:24:26,143] {processor.py:161} INFO - Processing /Users/mohammadrezakhorasanchian/.pyenv/versions/3.10.4/lib/python3.10/site-packages/airflow/example_dags/example_latest_only.py took 0.069 seconds
[2022-05-19 06:12:40,689] {processor.py:153} INFO - Started process (PID=16880) to work on /Users/mohammadrezakhorasanchian/.pyenv/versions/3.10.4/lib/python3.10/site-packages/airflow/example_dags/example_latest_only.py
[2022-05-19 06:12:40,690] {processor.py:641} INFO - Processing file /Users/mohammadrezakhorasanchian/.pyenv/versions/3.10.4/lib/python3.10/site-packages/airflow/example_dags/example_latest_only.py for tasks to queue
[2022-05-19 06:12:40,690] {logging_mixin.py:115} INFO - [2022-05-19 06:12:40,690] {dagbag.py:507} INFO - Filling up the DagBag from /Users/mohammadrezakhorasanchian/.pyenv/versions/3.10.4/lib/python3.10/site-packages/airflow/example_dags/example_latest_only.py
[2022-05-19 06:12:40,700] {processor.py:651} INFO - DAG(s) dict_keys(['latest_only']) retrieved from /Users/mohammadrezakhorasanchian/.pyenv/versions/3.10.4/lib/python3.10/site-packages/airflow/example_dags/example_latest_only.py
[2022-05-19 06:12:40,741] {logging_mixin.py:115} INFO - [2022-05-19 06:12:40,741] {dag.py:2371} INFO - Sync 1 DAGs
[2022-05-19 06:12:40,750] {logging_mixin.py:115} INFO - [2022-05-19 06:12:40,750] {dag.py:2915} INFO - Setting next_dagrun for latest_only to 2022-05-18T23:12:40.750423+00:00, run_after=2022-05-19T03:12:40.750423+00:00
[2022-05-19 06:12:40,757] {processor.py:161} INFO - Processing /Users/mohammadrezakhorasanchian/.pyenv/versions/3.10.4/lib/python3.10/site-packages/airflow/example_dags/example_latest_only.py took 0.068 seconds
[2022-05-19 07:06:59,242] {processor.py:153} INFO - Started process (PID=16937) to work on /Users/mohammadrezakhorasanchian/.pyenv/versions/3.10.4/lib/python3.10/site-packages/airflow/example_dags/example_latest_only.py
[2022-05-19 07:06:59,243] {processor.py:641} INFO - Processing file /Users/mohammadrezakhorasanchian/.pyenv/versions/3.10.4/lib/python3.10/site-packages/airflow/example_dags/example_latest_only.py for tasks to queue
[2022-05-19 07:06:59,244] {logging_mixin.py:115} INFO - [2022-05-19 07:06:59,244] {dagbag.py:507} INFO - Filling up the DagBag from /Users/mohammadrezakhorasanchian/.pyenv/versions/3.10.4/lib/python3.10/site-packages/airflow/example_dags/example_latest_only.py
[2022-05-19 07:06:59,252] {processor.py:651} INFO - DAG(s) dict_keys(['latest_only']) retrieved from /Users/mohammadrezakhorasanchian/.pyenv/versions/3.10.4/lib/python3.10/site-packages/airflow/example_dags/example_latest_only.py
[2022-05-19 07:06:59,293] {logging_mixin.py:115} INFO - [2022-05-19 07:06:59,293] {dag.py:2371} INFO - Sync 1 DAGs
[2022-05-19 07:06:59,302] {logging_mixin.py:115} INFO - [2022-05-19 07:06:59,302] {dag.py:2915} INFO - Setting next_dagrun for latest_only to 2022-05-19T00:06:59.302627+00:00, run_after=2022-05-19T04:06:59.302627+00:00
[2022-05-19 07:06:59,310] {processor.py:161} INFO - Processing /Users/mohammadrezakhorasanchian/.pyenv/versions/3.10.4/lib/python3.10/site-packages/airflow/example_dags/example_latest_only.py took 0.068 seconds
[2022-05-19 08:55:11,414] {processor.py:153} INFO - Started process (PID=17012) to work on /Users/mohammadrezakhorasanchian/.pyenv/versions/3.10.4/lib/python3.10/site-packages/airflow/example_dags/example_latest_only.py
[2022-05-19 08:55:11,415] {processor.py:641} INFO - Processing file /Users/mohammadrezakhorasanchian/.pyenv/versions/3.10.4/lib/python3.10/site-packages/airflow/example_dags/example_latest_only.py for tasks to queue
[2022-05-19 08:55:11,415] {logging_mixin.py:115} INFO - [2022-05-19 08:55:11,415] {dagbag.py:507} INFO - Filling up the DagBag from /Users/mohammadrezakhorasanchian/.pyenv/versions/3.10.4/lib/python3.10/site-packages/airflow/example_dags/example_latest_only.py
[2022-05-19 08:55:11,425] {processor.py:651} INFO - DAG(s) dict_keys(['latest_only']) retrieved from /Users/mohammadrezakhorasanchian/.pyenv/versions/3.10.4/lib/python3.10/site-packages/airflow/example_dags/example_latest_only.py
[2022-05-19 08:55:11,468] {logging_mixin.py:115} INFO - [2022-05-19 08:55:11,468] {dag.py:2371} INFO - Sync 1 DAGs
[2022-05-19 08:55:11,477] {logging_mixin.py:115} INFO - [2022-05-19 08:55:11,477] {dag.py:2915} INFO - Setting next_dagrun for latest_only to 2022-05-19T01:55:11.477672+00:00, run_after=2022-05-19T05:55:11.477672+00:00
[2022-05-19 08:55:11,485] {processor.py:161} INFO - Processing /Users/mohammadrezakhorasanchian/.pyenv/versions/3.10.4/lib/python3.10/site-packages/airflow/example_dags/example_latest_only.py took 0.071 seconds
[2022-05-19 10:42:08,911] {processor.py:153} INFO - Started process (PID=17095) to work on /Users/mohammadrezakhorasanchian/.pyenv/versions/3.10.4/lib/python3.10/site-packages/airflow/example_dags/example_latest_only.py
[2022-05-19 10:42:08,912] {processor.py:641} INFO - Processing file /Users/mohammadrezakhorasanchian/.pyenv/versions/3.10.4/lib/python3.10/site-packages/airflow/example_dags/example_latest_only.py for tasks to queue
[2022-05-19 10:42:08,913] {logging_mixin.py:115} INFO - [2022-05-19 10:42:08,913] {dagbag.py:507} INFO - Filling up the DagBag from /Users/mohammadrezakhorasanchian/.pyenv/versions/3.10.4/lib/python3.10/site-packages/airflow/example_dags/example_latest_only.py
[2022-05-19 10:42:08,957] {processor.py:651} INFO - DAG(s) dict_keys(['latest_only']) retrieved from /Users/mohammadrezakhorasanchian/.pyenv/versions/3.10.4/lib/python3.10/site-packages/airflow/example_dags/example_latest_only.py
[2022-05-19 10:42:09,165] {logging_mixin.py:115} INFO - [2022-05-19 10:42:09,164] {dag.py:2371} INFO - Sync 1 DAGs
[2022-05-19 10:42:09,212] {logging_mixin.py:115} INFO - [2022-05-19 10:42:09,212] {dag.py:2915} INFO - Setting next_dagrun for latest_only to 2022-05-19T03:42:09.211764+00:00, run_after=2022-05-19T07:42:09.211764+00:00
[2022-05-19 10:42:09,243] {processor.py:161} INFO - Processing /Users/mohammadrezakhorasanchian/.pyenv/versions/3.10.4/lib/python3.10/site-packages/airflow/example_dags/example_latest_only.py took 0.334 seconds
[2022-05-19 13:59:06,444] {processor.py:153} INFO - Started process (PID=17223) to work on /Users/mohammadrezakhorasanchian/.pyenv/versions/3.10.4/lib/python3.10/site-packages/airflow/example_dags/example_latest_only.py
[2022-05-19 13:59:06,444] {processor.py:641} INFO - Processing file /Users/mohammadrezakhorasanchian/.pyenv/versions/3.10.4/lib/python3.10/site-packages/airflow/example_dags/example_latest_only.py for tasks to queue
[2022-05-19 13:59:06,445] {logging_mixin.py:115} INFO - [2022-05-19 13:59:06,445] {dagbag.py:507} INFO - Filling up the DagBag from /Users/mohammadrezakhorasanchian/.pyenv/versions/3.10.4/lib/python3.10/site-packages/airflow/example_dags/example_latest_only.py
[2022-05-19 13:59:06,453] {processor.py:651} INFO - DAG(s) dict_keys(['latest_only']) retrieved from /Users/mohammadrezakhorasanchian/.pyenv/versions/3.10.4/lib/python3.10/site-packages/airflow/example_dags/example_latest_only.py
[2022-05-19 13:59:06,495] {logging_mixin.py:115} INFO - [2022-05-19 13:59:06,495] {dag.py:2371} INFO - Sync 1 DAGs
[2022-05-19 13:59:06,504] {logging_mixin.py:115} INFO - [2022-05-19 13:59:06,504] {dag.py:2915} INFO - Setting next_dagrun for latest_only to 2022-05-19T06:59:06.504770+00:00, run_after=2022-05-19T10:59:06.504770+00:00
[2022-05-19 13:59:06,512] {processor.py:161} INFO - Processing /Users/mohammadrezakhorasanchian/.pyenv/versions/3.10.4/lib/python3.10/site-packages/airflow/example_dags/example_latest_only.py took 0.068 seconds
