[2022-05-19 03:30:20,130] {processor.py:153} INFO - Started process (PID=16748) to work on /Users/mohammadrezakhorasanchian/.pyenv/versions/3.10.4/lib/python3.10/site-packages/airflow/example_dags/example_xcom.py
[2022-05-19 03:30:20,130] {processor.py:641} INFO - Processing file /Users/mohammadrezakhorasanchian/.pyenv/versions/3.10.4/lib/python3.10/site-packages/airflow/example_dags/example_xcom.py for tasks to queue
[2022-05-19 03:30:20,130] {logging_mixin.py:115} INFO - [2022-05-19 03:30:20,130] {dagbag.py:507} INFO - Filling up the DagBag from /Users/mohammadrezakhorasanchian/.pyenv/versions/3.10.4/lib/python3.10/site-packages/airflow/example_dags/example_xcom.py
[2022-05-19 03:30:20,155] {processor.py:651} INFO - DAG(s) dict_keys(['example_xcom']) retrieved from /Users/mohammadrezakhorasanchian/.pyenv/versions/3.10.4/lib/python3.10/site-packages/airflow/example_dags/example_xcom.py
[2022-05-19 03:30:20,552] {logging_mixin.py:115} INFO - [2022-05-19 03:30:20,552] {dag.py:2371} INFO - Sync 1 DAGs
[2022-05-19 03:30:20,561] {logging_mixin.py:115} INFO - [2022-05-19 03:30:20,561] {dag.py:2915} INFO - Setting next_dagrun for example_xcom to 2021-01-01T00:00:00+00:00, run_after=2021-01-01T00:00:00+00:00
[2022-05-19 03:30:20,569] {processor.py:161} INFO - Processing /Users/mohammadrezakhorasanchian/.pyenv/versions/3.10.4/lib/python3.10/site-packages/airflow/example_dags/example_xcom.py took 0.440 seconds
[2022-05-19 04:24:46,571] {processor.py:153} INFO - Started process (PID=16817) to work on /Users/mohammadrezakhorasanchian/.pyenv/versions/3.10.4/lib/python3.10/site-packages/airflow/example_dags/example_xcom.py
[2022-05-19 04:24:46,573] {processor.py:641} INFO - Processing file /Users/mohammadrezakhorasanchian/.pyenv/versions/3.10.4/lib/python3.10/site-packages/airflow/example_dags/example_xcom.py for tasks to queue
[2022-05-19 04:24:46,573] {logging_mixin.py:115} INFO - [2022-05-19 04:24:46,573] {dagbag.py:507} INFO - Filling up the DagBag from /Users/mohammadrezakhorasanchian/.pyenv/versions/3.10.4/lib/python3.10/site-packages/airflow/example_dags/example_xcom.py
[2022-05-19 04:24:46,598] {processor.py:651} INFO - DAG(s) dict_keys(['example_xcom']) retrieved from /Users/mohammadrezakhorasanchian/.pyenv/versions/3.10.4/lib/python3.10/site-packages/airflow/example_dags/example_xcom.py
[2022-05-19 04:24:46,983] {logging_mixin.py:115} INFO - [2022-05-19 04:24:46,983] {dag.py:2371} INFO - Sync 1 DAGs
[2022-05-19 04:24:46,993] {logging_mixin.py:115} INFO - [2022-05-19 04:24:46,992] {dag.py:2915} INFO - Setting next_dagrun for example_xcom to 2021-01-01T00:00:00+00:00, run_after=2021-01-01T00:00:00+00:00
[2022-05-19 04:24:47,000] {processor.py:161} INFO - Processing /Users/mohammadrezakhorasanchian/.pyenv/versions/3.10.4/lib/python3.10/site-packages/airflow/example_dags/example_xcom.py took 0.429 seconds
[2022-05-19 05:18:50,537] {processor.py:153} INFO - Started process (PID=16853) to work on /Users/mohammadrezakhorasanchian/.pyenv/versions/3.10.4/lib/python3.10/site-packages/airflow/example_dags/example_xcom.py
[2022-05-19 05:18:50,538] {processor.py:641} INFO - Processing file /Users/mohammadrezakhorasanchian/.pyenv/versions/3.10.4/lib/python3.10/site-packages/airflow/example_dags/example_xcom.py for tasks to queue
[2022-05-19 05:18:50,538] {logging_mixin.py:115} INFO - [2022-05-19 05:18:50,538] {dagbag.py:507} INFO - Filling up the DagBag from /Users/mohammadrezakhorasanchian/.pyenv/versions/3.10.4/lib/python3.10/site-packages/airflow/example_dags/example_xcom.py
[2022-05-19 05:18:50,562] {processor.py:651} INFO - DAG(s) dict_keys(['example_xcom']) retrieved from /Users/mohammadrezakhorasanchian/.pyenv/versions/3.10.4/lib/python3.10/site-packages/airflow/example_dags/example_xcom.py
[2022-05-19 05:18:50,952] {logging_mixin.py:115} INFO - [2022-05-19 05:18:50,952] {dag.py:2371} INFO - Sync 1 DAGs
[2022-05-19 05:18:50,961] {logging_mixin.py:115} INFO - [2022-05-19 05:18:50,961] {dag.py:2915} INFO - Setting next_dagrun for example_xcom to 2021-01-01T00:00:00+00:00, run_after=2021-01-01T00:00:00+00:00
[2022-05-19 05:18:50,971] {processor.py:161} INFO - Processing /Users/mohammadrezakhorasanchian/.pyenv/versions/3.10.4/lib/python3.10/site-packages/airflow/example_dags/example_xcom.py took 0.435 seconds
[2022-05-19 06:13:06,139] {processor.py:153} INFO - Started process (PID=16894) to work on /Users/mohammadrezakhorasanchian/.pyenv/versions/3.10.4/lib/python3.10/site-packages/airflow/example_dags/example_xcom.py
[2022-05-19 06:13:06,140] {processor.py:641} INFO - Processing file /Users/mohammadrezakhorasanchian/.pyenv/versions/3.10.4/lib/python3.10/site-packages/airflow/example_dags/example_xcom.py for tasks to queue
[2022-05-19 06:13:06,141] {logging_mixin.py:115} INFO - [2022-05-19 06:13:06,141] {dagbag.py:507} INFO - Filling up the DagBag from /Users/mohammadrezakhorasanchian/.pyenv/versions/3.10.4/lib/python3.10/site-packages/airflow/example_dags/example_xcom.py
[2022-05-19 06:13:06,169] {processor.py:651} INFO - DAG(s) dict_keys(['example_xcom']) retrieved from /Users/mohammadrezakhorasanchian/.pyenv/versions/3.10.4/lib/python3.10/site-packages/airflow/example_dags/example_xcom.py
[2022-05-19 06:13:06,559] {logging_mixin.py:115} INFO - [2022-05-19 06:13:06,559] {dag.py:2371} INFO - Sync 1 DAGs
[2022-05-19 06:13:06,568] {logging_mixin.py:115} INFO - [2022-05-19 06:13:06,568] {dag.py:2915} INFO - Setting next_dagrun for example_xcom to 2021-01-01T00:00:00+00:00, run_after=2021-01-01T00:00:00+00:00
[2022-05-19 06:13:06,576] {processor.py:161} INFO - Processing /Users/mohammadrezakhorasanchian/.pyenv/versions/3.10.4/lib/python3.10/site-packages/airflow/example_dags/example_xcom.py took 0.438 seconds
[2022-05-19 07:07:14,709] {processor.py:153} INFO - Started process (PID=16946) to work on /Users/mohammadrezakhorasanchian/.pyenv/versions/3.10.4/lib/python3.10/site-packages/airflow/example_dags/example_xcom.py
[2022-05-19 07:07:14,711] {processor.py:641} INFO - Processing file /Users/mohammadrezakhorasanchian/.pyenv/versions/3.10.4/lib/python3.10/site-packages/airflow/example_dags/example_xcom.py for tasks to queue
[2022-05-19 07:07:14,711] {logging_mixin.py:115} INFO - [2022-05-19 07:07:14,711] {dagbag.py:507} INFO - Filling up the DagBag from /Users/mohammadrezakhorasanchian/.pyenv/versions/3.10.4/lib/python3.10/site-packages/airflow/example_dags/example_xcom.py
[2022-05-19 07:07:14,739] {processor.py:651} INFO - DAG(s) dict_keys(['example_xcom']) retrieved from /Users/mohammadrezakhorasanchian/.pyenv/versions/3.10.4/lib/python3.10/site-packages/airflow/example_dags/example_xcom.py
[2022-05-19 07:07:15,125] {logging_mixin.py:115} INFO - [2022-05-19 07:07:15,124] {dag.py:2371} INFO - Sync 1 DAGs
[2022-05-19 07:07:15,134] {logging_mixin.py:115} INFO - [2022-05-19 07:07:15,133] {dag.py:2915} INFO - Setting next_dagrun for example_xcom to 2021-01-01T00:00:00+00:00, run_after=2021-01-01T00:00:00+00:00
[2022-05-19 07:07:15,141] {processor.py:161} INFO - Processing /Users/mohammadrezakhorasanchian/.pyenv/versions/3.10.4/lib/python3.10/site-packages/airflow/example_dags/example_xcom.py took 0.433 seconds
[2022-05-19 08:01:23,868] {processor.py:153} INFO - Started process (PID=16986) to work on /Users/mohammadrezakhorasanchian/.pyenv/versions/3.10.4/lib/python3.10/site-packages/airflow/example_dags/example_xcom.py
[2022-05-19 08:01:23,869] {processor.py:641} INFO - Processing file /Users/mohammadrezakhorasanchian/.pyenv/versions/3.10.4/lib/python3.10/site-packages/airflow/example_dags/example_xcom.py for tasks to queue
[2022-05-19 08:01:23,870] {logging_mixin.py:115} INFO - [2022-05-19 08:01:23,870] {dagbag.py:507} INFO - Filling up the DagBag from /Users/mohammadrezakhorasanchian/.pyenv/versions/3.10.4/lib/python3.10/site-packages/airflow/example_dags/example_xcom.py
[2022-05-19 08:01:23,894] {processor.py:651} INFO - DAG(s) dict_keys(['example_xcom']) retrieved from /Users/mohammadrezakhorasanchian/.pyenv/versions/3.10.4/lib/python3.10/site-packages/airflow/example_dags/example_xcom.py
[2022-05-19 08:01:24,294] {logging_mixin.py:115} INFO - [2022-05-19 08:01:24,294] {dag.py:2371} INFO - Sync 1 DAGs
[2022-05-19 08:01:24,304] {logging_mixin.py:115} INFO - [2022-05-19 08:01:24,304] {dag.py:2915} INFO - Setting next_dagrun for example_xcom to 2021-01-01T00:00:00+00:00, run_after=2021-01-01T00:00:00+00:00
[2022-05-19 08:01:24,312] {processor.py:161} INFO - Processing /Users/mohammadrezakhorasanchian/.pyenv/versions/3.10.4/lib/python3.10/site-packages/airflow/example_dags/example_xcom.py took 0.444 seconds
[2022-05-19 08:55:33,790] {processor.py:153} INFO - Started process (PID=17026) to work on /Users/mohammadrezakhorasanchian/.pyenv/versions/3.10.4/lib/python3.10/site-packages/airflow/example_dags/example_xcom.py
[2022-05-19 08:55:33,791] {processor.py:641} INFO - Processing file /Users/mohammadrezakhorasanchian/.pyenv/versions/3.10.4/lib/python3.10/site-packages/airflow/example_dags/example_xcom.py for tasks to queue
[2022-05-19 08:55:33,791] {logging_mixin.py:115} INFO - [2022-05-19 08:55:33,791] {dagbag.py:507} INFO - Filling up the DagBag from /Users/mohammadrezakhorasanchian/.pyenv/versions/3.10.4/lib/python3.10/site-packages/airflow/example_dags/example_xcom.py
[2022-05-19 08:55:33,815] {processor.py:651} INFO - DAG(s) dict_keys(['example_xcom']) retrieved from /Users/mohammadrezakhorasanchian/.pyenv/versions/3.10.4/lib/python3.10/site-packages/airflow/example_dags/example_xcom.py
[2022-05-19 08:55:34,196] {logging_mixin.py:115} INFO - [2022-05-19 08:55:34,195] {dag.py:2371} INFO - Sync 1 DAGs
[2022-05-19 08:55:34,204] {logging_mixin.py:115} INFO - [2022-05-19 08:55:34,204] {dag.py:2915} INFO - Setting next_dagrun for example_xcom to 2021-01-01T00:00:00+00:00, run_after=2021-01-01T00:00:00+00:00
[2022-05-19 08:55:34,213] {processor.py:161} INFO - Processing /Users/mohammadrezakhorasanchian/.pyenv/versions/3.10.4/lib/python3.10/site-packages/airflow/example_dags/example_xcom.py took 0.424 seconds
[2022-05-19 09:51:25,353] {processor.py:153} INFO - Started process (PID=17069) to work on /Users/mohammadrezakhorasanchian/.pyenv/versions/3.10.4/lib/python3.10/site-packages/airflow/example_dags/example_xcom.py
[2022-05-19 09:51:25,355] {processor.py:641} INFO - Processing file /Users/mohammadrezakhorasanchian/.pyenv/versions/3.10.4/lib/python3.10/site-packages/airflow/example_dags/example_xcom.py for tasks to queue
[2022-05-19 09:51:25,356] {logging_mixin.py:115} INFO - [2022-05-19 09:51:25,355] {dagbag.py:507} INFO - Filling up the DagBag from /Users/mohammadrezakhorasanchian/.pyenv/versions/3.10.4/lib/python3.10/site-packages/airflow/example_dags/example_xcom.py
[2022-05-19 09:51:25,471] {processor.py:651} INFO - DAG(s) dict_keys(['example_xcom']) retrieved from /Users/mohammadrezakhorasanchian/.pyenv/versions/3.10.4/lib/python3.10/site-packages/airflow/example_dags/example_xcom.py
[2022-05-19 09:51:27,346] {logging_mixin.py:115} INFO - [2022-05-19 09:51:27,345] {dag.py:2371} INFO - Sync 1 DAGs
[2022-05-19 09:51:27,390] {logging_mixin.py:115} INFO - [2022-05-19 09:51:27,390] {dag.py:2915} INFO - Setting next_dagrun for example_xcom to 2021-01-01T00:00:00+00:00, run_after=2021-01-01T00:00:00+00:00
[2022-05-19 09:51:27,424] {processor.py:161} INFO - Processing /Users/mohammadrezakhorasanchian/.pyenv/versions/3.10.4/lib/python3.10/site-packages/airflow/example_dags/example_xcom.py took 2.073 seconds
[2022-05-19 13:58:39,771] {processor.py:153} INFO - Started process (PID=17173) to work on /Users/mohammadrezakhorasanchian/.pyenv/versions/3.10.4/lib/python3.10/site-packages/airflow/example_dags/example_xcom.py
[2022-05-19 13:58:39,771] {processor.py:641} INFO - Processing file /Users/mohammadrezakhorasanchian/.pyenv/versions/3.10.4/lib/python3.10/site-packages/airflow/example_dags/example_xcom.py for tasks to queue
[2022-05-19 13:58:39,772] {logging_mixin.py:115} INFO - [2022-05-19 13:58:39,772] {dagbag.py:507} INFO - Filling up the DagBag from /Users/mohammadrezakhorasanchian/.pyenv/versions/3.10.4/lib/python3.10/site-packages/airflow/example_dags/example_xcom.py
[2022-05-19 13:58:39,794] {processor.py:651} INFO - DAG(s) dict_keys(['example_xcom']) retrieved from /Users/mohammadrezakhorasanchian/.pyenv/versions/3.10.4/lib/python3.10/site-packages/airflow/example_dags/example_xcom.py
[2022-05-19 13:58:40,185] {logging_mixin.py:115} INFO - [2022-05-19 13:58:40,185] {dag.py:2371} INFO - Sync 1 DAGs
[2022-05-19 13:58:40,194] {logging_mixin.py:115} INFO - [2022-05-19 13:58:40,194] {dag.py:2915} INFO - Setting next_dagrun for example_xcom to 2021-01-01T00:00:00+00:00, run_after=2021-01-01T00:00:00+00:00
[2022-05-19 13:58:40,204] {processor.py:161} INFO - Processing /Users/mohammadrezakhorasanchian/.pyenv/versions/3.10.4/lib/python3.10/site-packages/airflow/example_dags/example_xcom.py took 0.433 seconds
[2022-05-19 13:59:31,096] {processor.py:153} INFO - Started process (PID=17302) to work on /Users/mohammadrezakhorasanchian/.pyenv/versions/3.10.4/lib/python3.10/site-packages/airflow/example_dags/example_xcom.py
[2022-05-19 13:59:31,096] {processor.py:641} INFO - Processing file /Users/mohammadrezakhorasanchian/.pyenv/versions/3.10.4/lib/python3.10/site-packages/airflow/example_dags/example_xcom.py for tasks to queue
[2022-05-19 13:59:31,097] {logging_mixin.py:115} INFO - [2022-05-19 13:59:31,097] {dagbag.py:507} INFO - Filling up the DagBag from /Users/mohammadrezakhorasanchian/.pyenv/versions/3.10.4/lib/python3.10/site-packages/airflow/example_dags/example_xcom.py
[2022-05-19 13:59:31,122] {processor.py:651} INFO - DAG(s) dict_keys(['example_xcom']) retrieved from /Users/mohammadrezakhorasanchian/.pyenv/versions/3.10.4/lib/python3.10/site-packages/airflow/example_dags/example_xcom.py
[2022-05-19 13:59:31,625] {logging_mixin.py:115} INFO - [2022-05-19 13:59:31,625] {dag.py:2371} INFO - Sync 1 DAGs
[2022-05-19 13:59:31,638] {logging_mixin.py:115} INFO - [2022-05-19 13:59:31,638] {dag.py:2915} INFO - Setting next_dagrun for example_xcom to 2021-01-01T00:00:00+00:00, run_after=2021-01-01T00:00:00+00:00
[2022-05-19 13:59:31,648] {processor.py:161} INFO - Processing /Users/mohammadrezakhorasanchian/.pyenv/versions/3.10.4/lib/python3.10/site-packages/airflow/example_dags/example_xcom.py took 0.552 seconds
