[2022-05-19 04:24:15,279] {processor.py:153} INFO - Started process (PID=16798) to work on /Users/mohammadrezakhorasanchian/.pyenv/versions/3.10.4/lib/python3.10/site-packages/airflow/example_dags/example_skip_dag.py
[2022-05-19 04:24:15,279] {processor.py:641} INFO - Processing file /Users/mohammadrezakhorasanchian/.pyenv/versions/3.10.4/lib/python3.10/site-packages/airflow/example_dags/example_skip_dag.py for tasks to queue
[2022-05-19 04:24:15,279] {logging_mixin.py:115} INFO - [2022-05-19 04:24:15,279] {dagbag.py:507} INFO - Filling up the DagBag from /Users/mohammadrezakhorasanchian/.pyenv/versions/3.10.4/lib/python3.10/site-packages/airflow/example_dags/example_skip_dag.py
[2022-05-19 04:24:15,289] {processor.py:651} INFO - DAG(s) dict_keys(['example_skip_dag']) retrieved from /Users/mohammadrezakhorasanchian/.pyenv/versions/3.10.4/lib/python3.10/site-packages/airflow/example_dags/example_skip_dag.py
[2022-05-19 04:24:15,336] {logging_mixin.py:115} INFO - [2022-05-19 04:24:15,336] {dag.py:2371} INFO - Sync 1 DAGs
[2022-05-19 04:24:15,347] {logging_mixin.py:115} INFO - [2022-05-19 04:24:15,347] {dag.py:2915} INFO - Setting next_dagrun for example_skip_dag to 2022-05-18T01:24:15.347535+00:00, run_after=2022-05-19T01:24:15.347535+00:00
[2022-05-19 04:24:15,355] {processor.py:161} INFO - Processing /Users/mohammadrezakhorasanchian/.pyenv/versions/3.10.4/lib/python3.10/site-packages/airflow/example_dags/example_skip_dag.py took 0.077 seconds
[2022-05-19 05:19:04,312] {processor.py:153} INFO - Started process (PID=16861) to work on /Users/mohammadrezakhorasanchian/.pyenv/versions/3.10.4/lib/python3.10/site-packages/airflow/example_dags/example_skip_dag.py
[2022-05-19 05:19:04,313] {processor.py:641} INFO - Processing file /Users/mohammadrezakhorasanchian/.pyenv/versions/3.10.4/lib/python3.10/site-packages/airflow/example_dags/example_skip_dag.py for tasks to queue
[2022-05-19 05:19:04,313] {logging_mixin.py:115} INFO - [2022-05-19 05:19:04,313] {dagbag.py:507} INFO - Filling up the DagBag from /Users/mohammadrezakhorasanchian/.pyenv/versions/3.10.4/lib/python3.10/site-packages/airflow/example_dags/example_skip_dag.py
[2022-05-19 05:19:04,323] {processor.py:651} INFO - DAG(s) dict_keys(['example_skip_dag']) retrieved from /Users/mohammadrezakhorasanchian/.pyenv/versions/3.10.4/lib/python3.10/site-packages/airflow/example_dags/example_skip_dag.py
[2022-05-19 05:19:04,366] {logging_mixin.py:115} INFO - [2022-05-19 05:19:04,366] {dag.py:2371} INFO - Sync 1 DAGs
[2022-05-19 05:19:04,375] {logging_mixin.py:115} INFO - [2022-05-19 05:19:04,375] {dag.py:2915} INFO - Setting next_dagrun for example_skip_dag to 2022-05-18T02:19:04.375645+00:00, run_after=2022-05-19T02:19:04.375645+00:00
[2022-05-19 05:19:04,383] {processor.py:161} INFO - Processing /Users/mohammadrezakhorasanchian/.pyenv/versions/3.10.4/lib/python3.10/site-packages/airflow/example_dags/example_skip_dag.py took 0.072 seconds
[2022-05-19 06:13:18,542] {processor.py:153} INFO - Started process (PID=16904) to work on /Users/mohammadrezakhorasanchian/.pyenv/versions/3.10.4/lib/python3.10/site-packages/airflow/example_dags/example_skip_dag.py
[2022-05-19 06:13:18,543] {processor.py:641} INFO - Processing file /Users/mohammadrezakhorasanchian/.pyenv/versions/3.10.4/lib/python3.10/site-packages/airflow/example_dags/example_skip_dag.py for tasks to queue
[2022-05-19 06:13:18,544] {logging_mixin.py:115} INFO - [2022-05-19 06:13:18,544] {dagbag.py:507} INFO - Filling up the DagBag from /Users/mohammadrezakhorasanchian/.pyenv/versions/3.10.4/lib/python3.10/site-packages/airflow/example_dags/example_skip_dag.py
[2022-05-19 06:13:18,555] {processor.py:651} INFO - DAG(s) dict_keys(['example_skip_dag']) retrieved from /Users/mohammadrezakhorasanchian/.pyenv/versions/3.10.4/lib/python3.10/site-packages/airflow/example_dags/example_skip_dag.py
[2022-05-19 06:13:18,597] {logging_mixin.py:115} INFO - [2022-05-19 06:13:18,596] {dag.py:2371} INFO - Sync 1 DAGs
[2022-05-19 06:13:18,606] {logging_mixin.py:115} INFO - [2022-05-19 06:13:18,606] {dag.py:2915} INFO - Setting next_dagrun for example_skip_dag to 2022-05-18T03:13:18.606111+00:00, run_after=2022-05-19T03:13:18.606111+00:00
[2022-05-19 06:13:18,613] {processor.py:161} INFO - Processing /Users/mohammadrezakhorasanchian/.pyenv/versions/3.10.4/lib/python3.10/site-packages/airflow/example_dags/example_skip_dag.py took 0.071 seconds
[2022-05-19 07:07:27,992] {processor.py:153} INFO - Started process (PID=16954) to work on /Users/mohammadrezakhorasanchian/.pyenv/versions/3.10.4/lib/python3.10/site-packages/airflow/example_dags/example_skip_dag.py
[2022-05-19 07:07:27,993] {processor.py:641} INFO - Processing file /Users/mohammadrezakhorasanchian/.pyenv/versions/3.10.4/lib/python3.10/site-packages/airflow/example_dags/example_skip_dag.py for tasks to queue
[2022-05-19 07:07:27,994] {logging_mixin.py:115} INFO - [2022-05-19 07:07:27,994] {dagbag.py:507} INFO - Filling up the DagBag from /Users/mohammadrezakhorasanchian/.pyenv/versions/3.10.4/lib/python3.10/site-packages/airflow/example_dags/example_skip_dag.py
[2022-05-19 07:07:28,003] {processor.py:651} INFO - DAG(s) dict_keys(['example_skip_dag']) retrieved from /Users/mohammadrezakhorasanchian/.pyenv/versions/3.10.4/lib/python3.10/site-packages/airflow/example_dags/example_skip_dag.py
[2022-05-19 07:07:28,044] {logging_mixin.py:115} INFO - [2022-05-19 07:07:28,044] {dag.py:2371} INFO - Sync 1 DAGs
[2022-05-19 07:07:28,053] {logging_mixin.py:115} INFO - [2022-05-19 07:07:28,053] {dag.py:2915} INFO - Setting next_dagrun for example_skip_dag to 2022-05-18T04:07:28.053519+00:00, run_after=2022-05-19T04:07:28.053519+00:00
[2022-05-19 07:07:28,061] {processor.py:161} INFO - Processing /Users/mohammadrezakhorasanchian/.pyenv/versions/3.10.4/lib/python3.10/site-packages/airflow/example_dags/example_skip_dag.py took 0.069 seconds
[2022-05-19 08:01:37,179] {processor.py:153} INFO - Started process (PID=16994) to work on /Users/mohammadrezakhorasanchian/.pyenv/versions/3.10.4/lib/python3.10/site-packages/airflow/example_dags/example_skip_dag.py
[2022-05-19 08:01:37,180] {processor.py:641} INFO - Processing file /Users/mohammadrezakhorasanchian/.pyenv/versions/3.10.4/lib/python3.10/site-packages/airflow/example_dags/example_skip_dag.py for tasks to queue
[2022-05-19 08:01:37,180] {logging_mixin.py:115} INFO - [2022-05-19 08:01:37,180] {dagbag.py:507} INFO - Filling up the DagBag from /Users/mohammadrezakhorasanchian/.pyenv/versions/3.10.4/lib/python3.10/site-packages/airflow/example_dags/example_skip_dag.py
[2022-05-19 08:01:37,191] {processor.py:651} INFO - DAG(s) dict_keys(['example_skip_dag']) retrieved from /Users/mohammadrezakhorasanchian/.pyenv/versions/3.10.4/lib/python3.10/site-packages/airflow/example_dags/example_skip_dag.py
[2022-05-19 08:01:37,234] {logging_mixin.py:115} INFO - [2022-05-19 08:01:37,234] {dag.py:2371} INFO - Sync 1 DAGs
[2022-05-19 08:01:37,264] {logging_mixin.py:115} INFO - [2022-05-19 08:01:37,264] {dag.py:2915} INFO - Setting next_dagrun for example_skip_dag to 2022-05-18T05:01:37.264789+00:00, run_after=2022-05-19T05:01:37.264789+00:00
[2022-05-19 08:01:37,274] {processor.py:161} INFO - Processing /Users/mohammadrezakhorasanchian/.pyenv/versions/3.10.4/lib/python3.10/site-packages/airflow/example_dags/example_skip_dag.py took 0.096 seconds
[2022-05-19 08:55:45,603] {processor.py:153} INFO - Started process (PID=17035) to work on /Users/mohammadrezakhorasanchian/.pyenv/versions/3.10.4/lib/python3.10/site-packages/airflow/example_dags/example_skip_dag.py
[2022-05-19 08:55:45,604] {processor.py:641} INFO - Processing file /Users/mohammadrezakhorasanchian/.pyenv/versions/3.10.4/lib/python3.10/site-packages/airflow/example_dags/example_skip_dag.py for tasks to queue
[2022-05-19 08:55:45,604] {logging_mixin.py:115} INFO - [2022-05-19 08:55:45,604] {dagbag.py:507} INFO - Filling up the DagBag from /Users/mohammadrezakhorasanchian/.pyenv/versions/3.10.4/lib/python3.10/site-packages/airflow/example_dags/example_skip_dag.py
[2022-05-19 08:55:45,614] {processor.py:651} INFO - DAG(s) dict_keys(['example_skip_dag']) retrieved from /Users/mohammadrezakhorasanchian/.pyenv/versions/3.10.4/lib/python3.10/site-packages/airflow/example_dags/example_skip_dag.py
[2022-05-19 08:55:45,655] {logging_mixin.py:115} INFO - [2022-05-19 08:55:45,655] {dag.py:2371} INFO - Sync 1 DAGs
[2022-05-19 08:55:45,664] {logging_mixin.py:115} INFO - [2022-05-19 08:55:45,664] {dag.py:2915} INFO - Setting next_dagrun for example_skip_dag to 2022-05-18T05:55:45.664665+00:00, run_after=2022-05-19T05:55:45.664665+00:00
[2022-05-19 08:55:45,674] {processor.py:161} INFO - Processing /Users/mohammadrezakhorasanchian/.pyenv/versions/3.10.4/lib/python3.10/site-packages/airflow/example_dags/example_skip_dag.py took 0.072 seconds
[2022-05-19 10:41:41,995] {processor.py:153} INFO - Started process (PID=17087) to work on /Users/mohammadrezakhorasanchian/.pyenv/versions/3.10.4/lib/python3.10/site-packages/airflow/example_dags/example_skip_dag.py
[2022-05-19 10:41:41,996] {processor.py:641} INFO - Processing file /Users/mohammadrezakhorasanchian/.pyenv/versions/3.10.4/lib/python3.10/site-packages/airflow/example_dags/example_skip_dag.py for tasks to queue
[2022-05-19 10:41:41,997] {logging_mixin.py:115} INFO - [2022-05-19 10:41:41,997] {dagbag.py:507} INFO - Filling up the DagBag from /Users/mohammadrezakhorasanchian/.pyenv/versions/3.10.4/lib/python3.10/site-packages/airflow/example_dags/example_skip_dag.py
[2022-05-19 10:41:42,008] {processor.py:651} INFO - DAG(s) dict_keys(['example_skip_dag']) retrieved from /Users/mohammadrezakhorasanchian/.pyenv/versions/3.10.4/lib/python3.10/site-packages/airflow/example_dags/example_skip_dag.py
[2022-05-19 10:41:42,051] {logging_mixin.py:115} INFO - [2022-05-19 10:41:42,051] {dag.py:2371} INFO - Sync 1 DAGs
[2022-05-19 10:41:42,060] {logging_mixin.py:115} INFO - [2022-05-19 10:41:42,060] {dag.py:2915} INFO - Setting next_dagrun for example_skip_dag to 2022-05-18T07:41:42.060260+00:00, run_after=2022-05-19T07:41:42.060260+00:00
[2022-05-19 10:41:42,067] {processor.py:161} INFO - Processing /Users/mohammadrezakhorasanchian/.pyenv/versions/3.10.4/lib/python3.10/site-packages/airflow/example_dags/example_skip_dag.py took 0.072 seconds
[2022-05-19 13:58:54,402] {processor.py:153} INFO - Started process (PID=17202) to work on /Users/mohammadrezakhorasanchian/.pyenv/versions/3.10.4/lib/python3.10/site-packages/airflow/example_dags/example_skip_dag.py
[2022-05-19 13:58:54,402] {processor.py:641} INFO - Processing file /Users/mohammadrezakhorasanchian/.pyenv/versions/3.10.4/lib/python3.10/site-packages/airflow/example_dags/example_skip_dag.py for tasks to queue
[2022-05-19 13:58:54,402] {logging_mixin.py:115} INFO - [2022-05-19 13:58:54,402] {dagbag.py:507} INFO - Filling up the DagBag from /Users/mohammadrezakhorasanchian/.pyenv/versions/3.10.4/lib/python3.10/site-packages/airflow/example_dags/example_skip_dag.py
[2022-05-19 13:58:54,411] {processor.py:651} INFO - DAG(s) dict_keys(['example_skip_dag']) retrieved from /Users/mohammadrezakhorasanchian/.pyenv/versions/3.10.4/lib/python3.10/site-packages/airflow/example_dags/example_skip_dag.py
[2022-05-19 13:58:54,455] {logging_mixin.py:115} INFO - [2022-05-19 13:58:54,455] {dag.py:2371} INFO - Sync 1 DAGs
[2022-05-19 13:58:54,464] {logging_mixin.py:115} INFO - [2022-05-19 13:58:54,464] {dag.py:2915} INFO - Setting next_dagrun for example_skip_dag to 2022-05-18T10:58:54.464672+00:00, run_after=2022-05-19T10:58:54.464672+00:00
[2022-05-19 13:58:54,472] {processor.py:161} INFO - Processing /Users/mohammadrezakhorasanchian/.pyenv/versions/3.10.4/lib/python3.10/site-packages/airflow/example_dags/example_skip_dag.py took 0.071 seconds
