[2022-05-19 03:30:29,044] {processor.py:153} INFO - Started process (PID=16753) to work on /Users/mohammadrezakhorasanchian/.pyenv/versions/3.10.4/lib/python3.10/site-packages/airflow/example_dags/example_task_group.py
[2022-05-19 03:30:29,044] {processor.py:641} INFO - Processing file /Users/mohammadrezakhorasanchian/.pyenv/versions/3.10.4/lib/python3.10/site-packages/airflow/example_dags/example_task_group.py for tasks to queue
[2022-05-19 03:30:29,044] {logging_mixin.py:115} INFO - [2022-05-19 03:30:29,044] {dagbag.py:507} INFO - Filling up the DagBag from /Users/mohammadrezakhorasanchian/.pyenv/versions/3.10.4/lib/python3.10/site-packages/airflow/example_dags/example_task_group.py
[2022-05-19 03:30:29,053] {processor.py:651} INFO - DAG(s) dict_keys(['example_task_group']) retrieved from /Users/mohammadrezakhorasanchian/.pyenv/versions/3.10.4/lib/python3.10/site-packages/airflow/example_dags/example_task_group.py
[2022-05-19 03:30:29,100] {logging_mixin.py:115} INFO - [2022-05-19 03:30:29,100] {dag.py:2371} INFO - Sync 1 DAGs
[2022-05-19 03:30:29,110] {logging_mixin.py:115} INFO - [2022-05-19 03:30:29,110] {dag.py:2915} INFO - Setting next_dagrun for example_task_group to 2022-05-18T00:30:29.110103+00:00, run_after=2022-05-19T00:30:29.110103+00:00
[2022-05-19 03:30:29,117] {processor.py:161} INFO - Processing /Users/mohammadrezakhorasanchian/.pyenv/versions/3.10.4/lib/python3.10/site-packages/airflow/example_dags/example_task_group.py took 0.074 seconds
[2022-05-19 04:24:54,801] {processor.py:153} INFO - Started process (PID=16822) to work on /Users/mohammadrezakhorasanchian/.pyenv/versions/3.10.4/lib/python3.10/site-packages/airflow/example_dags/example_task_group.py
[2022-05-19 04:24:54,802] {processor.py:641} INFO - Processing file /Users/mohammadrezakhorasanchian/.pyenv/versions/3.10.4/lib/python3.10/site-packages/airflow/example_dags/example_task_group.py for tasks to queue
[2022-05-19 04:24:54,802] {logging_mixin.py:115} INFO - [2022-05-19 04:24:54,802] {dagbag.py:507} INFO - Filling up the DagBag from /Users/mohammadrezakhorasanchian/.pyenv/versions/3.10.4/lib/python3.10/site-packages/airflow/example_dags/example_task_group.py
[2022-05-19 04:24:54,813] {processor.py:651} INFO - DAG(s) dict_keys(['example_task_group']) retrieved from /Users/mohammadrezakhorasanchian/.pyenv/versions/3.10.4/lib/python3.10/site-packages/airflow/example_dags/example_task_group.py
[2022-05-19 04:24:54,857] {logging_mixin.py:115} INFO - [2022-05-19 04:24:54,857] {dag.py:2371} INFO - Sync 1 DAGs
[2022-05-19 04:24:54,866] {logging_mixin.py:115} INFO - [2022-05-19 04:24:54,866] {dag.py:2915} INFO - Setting next_dagrun for example_task_group to 2022-05-18T01:24:54.866166+00:00, run_after=2022-05-19T01:24:54.866166+00:00
[2022-05-19 04:24:54,872] {processor.py:161} INFO - Processing /Users/mohammadrezakhorasanchian/.pyenv/versions/3.10.4/lib/python3.10/site-packages/airflow/example_dags/example_task_group.py took 0.072 seconds
[2022-05-19 05:18:59,275] {processor.py:153} INFO - Started process (PID=16858) to work on /Users/mohammadrezakhorasanchian/.pyenv/versions/3.10.4/lib/python3.10/site-packages/airflow/example_dags/example_task_group.py
[2022-05-19 05:18:59,276] {processor.py:641} INFO - Processing file /Users/mohammadrezakhorasanchian/.pyenv/versions/3.10.4/lib/python3.10/site-packages/airflow/example_dags/example_task_group.py for tasks to queue
[2022-05-19 05:18:59,277] {logging_mixin.py:115} INFO - [2022-05-19 05:18:59,277] {dagbag.py:507} INFO - Filling up the DagBag from /Users/mohammadrezakhorasanchian/.pyenv/versions/3.10.4/lib/python3.10/site-packages/airflow/example_dags/example_task_group.py
[2022-05-19 05:18:59,287] {processor.py:651} INFO - DAG(s) dict_keys(['example_task_group']) retrieved from /Users/mohammadrezakhorasanchian/.pyenv/versions/3.10.4/lib/python3.10/site-packages/airflow/example_dags/example_task_group.py
[2022-05-19 05:18:59,328] {logging_mixin.py:115} INFO - [2022-05-19 05:18:59,328] {dag.py:2371} INFO - Sync 1 DAGs
[2022-05-19 05:18:59,338] {logging_mixin.py:115} INFO - [2022-05-19 05:18:59,338] {dag.py:2915} INFO - Setting next_dagrun for example_task_group to 2022-05-18T02:18:59.337907+00:00, run_after=2022-05-19T02:18:59.337907+00:00
[2022-05-19 05:18:59,347] {processor.py:161} INFO - Processing /Users/mohammadrezakhorasanchian/.pyenv/versions/3.10.4/lib/python3.10/site-packages/airflow/example_dags/example_task_group.py took 0.072 seconds
[2022-05-19 06:13:13,512] {processor.py:153} INFO - Started process (PID=16901) to work on /Users/mohammadrezakhorasanchian/.pyenv/versions/3.10.4/lib/python3.10/site-packages/airflow/example_dags/example_task_group.py
[2022-05-19 06:13:13,513] {processor.py:641} INFO - Processing file /Users/mohammadrezakhorasanchian/.pyenv/versions/3.10.4/lib/python3.10/site-packages/airflow/example_dags/example_task_group.py for tasks to queue
[2022-05-19 06:13:13,513] {logging_mixin.py:115} INFO - [2022-05-19 06:13:13,513] {dagbag.py:507} INFO - Filling up the DagBag from /Users/mohammadrezakhorasanchian/.pyenv/versions/3.10.4/lib/python3.10/site-packages/airflow/example_dags/example_task_group.py
[2022-05-19 06:13:13,524] {processor.py:651} INFO - DAG(s) dict_keys(['example_task_group']) retrieved from /Users/mohammadrezakhorasanchian/.pyenv/versions/3.10.4/lib/python3.10/site-packages/airflow/example_dags/example_task_group.py
[2022-05-19 06:13:13,567] {logging_mixin.py:115} INFO - [2022-05-19 06:13:13,567] {dag.py:2371} INFO - Sync 1 DAGs
[2022-05-19 06:13:13,576] {logging_mixin.py:115} INFO - [2022-05-19 06:13:13,576] {dag.py:2915} INFO - Setting next_dagrun for example_task_group to 2022-05-18T03:13:13.576706+00:00, run_after=2022-05-19T03:13:13.576706+00:00
[2022-05-19 06:13:13,583] {processor.py:161} INFO - Processing /Users/mohammadrezakhorasanchian/.pyenv/versions/3.10.4/lib/python3.10/site-packages/airflow/example_dags/example_task_group.py took 0.072 seconds
[2022-05-19 07:07:22,943] {processor.py:153} INFO - Started process (PID=16951) to work on /Users/mohammadrezakhorasanchian/.pyenv/versions/3.10.4/lib/python3.10/site-packages/airflow/example_dags/example_task_group.py
[2022-05-19 07:07:22,944] {processor.py:641} INFO - Processing file /Users/mohammadrezakhorasanchian/.pyenv/versions/3.10.4/lib/python3.10/site-packages/airflow/example_dags/example_task_group.py for tasks to queue
[2022-05-19 07:07:22,945] {logging_mixin.py:115} INFO - [2022-05-19 07:07:22,945] {dagbag.py:507} INFO - Filling up the DagBag from /Users/mohammadrezakhorasanchian/.pyenv/versions/3.10.4/lib/python3.10/site-packages/airflow/example_dags/example_task_group.py
[2022-05-19 07:07:22,959] {processor.py:651} INFO - DAG(s) dict_keys(['example_task_group']) retrieved from /Users/mohammadrezakhorasanchian/.pyenv/versions/3.10.4/lib/python3.10/site-packages/airflow/example_dags/example_task_group.py
[2022-05-19 07:07:23,001] {logging_mixin.py:115} INFO - [2022-05-19 07:07:23,001] {dag.py:2371} INFO - Sync 1 DAGs
[2022-05-19 07:07:23,010] {logging_mixin.py:115} INFO - [2022-05-19 07:07:23,010] {dag.py:2915} INFO - Setting next_dagrun for example_task_group to 2022-05-18T04:07:23.010759+00:00, run_after=2022-05-19T04:07:23.010759+00:00
[2022-05-19 07:07:23,017] {processor.py:161} INFO - Processing /Users/mohammadrezakhorasanchian/.pyenv/versions/3.10.4/lib/python3.10/site-packages/airflow/example_dags/example_task_group.py took 0.075 seconds
[2022-05-19 08:01:32,095] {processor.py:153} INFO - Started process (PID=16991) to work on /Users/mohammadrezakhorasanchian/.pyenv/versions/3.10.4/lib/python3.10/site-packages/airflow/example_dags/example_task_group.py
[2022-05-19 08:01:32,096] {processor.py:641} INFO - Processing file /Users/mohammadrezakhorasanchian/.pyenv/versions/3.10.4/lib/python3.10/site-packages/airflow/example_dags/example_task_group.py for tasks to queue
[2022-05-19 08:01:32,096] {logging_mixin.py:115} INFO - [2022-05-19 08:01:32,096] {dagbag.py:507} INFO - Filling up the DagBag from /Users/mohammadrezakhorasanchian/.pyenv/versions/3.10.4/lib/python3.10/site-packages/airflow/example_dags/example_task_group.py
[2022-05-19 08:01:32,107] {processor.py:651} INFO - DAG(s) dict_keys(['example_task_group']) retrieved from /Users/mohammadrezakhorasanchian/.pyenv/versions/3.10.4/lib/python3.10/site-packages/airflow/example_dags/example_task_group.py
[2022-05-19 08:01:32,149] {logging_mixin.py:115} INFO - [2022-05-19 08:01:32,149] {dag.py:2371} INFO - Sync 1 DAGs
[2022-05-19 08:01:32,159] {logging_mixin.py:115} INFO - [2022-05-19 08:01:32,159] {dag.py:2915} INFO - Setting next_dagrun for example_task_group to 2022-05-18T05:01:32.158938+00:00, run_after=2022-05-19T05:01:32.158938+00:00
[2022-05-19 08:01:32,188] {processor.py:161} INFO - Processing /Users/mohammadrezakhorasanchian/.pyenv/versions/3.10.4/lib/python3.10/site-packages/airflow/example_dags/example_task_group.py took 0.094 seconds
[2022-05-19 08:55:41,481] {processor.py:153} INFO - Started process (PID=17032) to work on /Users/mohammadrezakhorasanchian/.pyenv/versions/3.10.4/lib/python3.10/site-packages/airflow/example_dags/example_task_group.py
[2022-05-19 08:55:41,482] {processor.py:641} INFO - Processing file /Users/mohammadrezakhorasanchian/.pyenv/versions/3.10.4/lib/python3.10/site-packages/airflow/example_dags/example_task_group.py for tasks to queue
[2022-05-19 08:55:41,482] {logging_mixin.py:115} INFO - [2022-05-19 08:55:41,482] {dagbag.py:507} INFO - Filling up the DagBag from /Users/mohammadrezakhorasanchian/.pyenv/versions/3.10.4/lib/python3.10/site-packages/airflow/example_dags/example_task_group.py
[2022-05-19 08:55:41,492] {processor.py:651} INFO - DAG(s) dict_keys(['example_task_group']) retrieved from /Users/mohammadrezakhorasanchian/.pyenv/versions/3.10.4/lib/python3.10/site-packages/airflow/example_dags/example_task_group.py
[2022-05-19 08:55:41,534] {logging_mixin.py:115} INFO - [2022-05-19 08:55:41,534] {dag.py:2371} INFO - Sync 1 DAGs
[2022-05-19 08:55:41,544] {logging_mixin.py:115} INFO - [2022-05-19 08:55:41,544] {dag.py:2915} INFO - Setting next_dagrun for example_task_group to 2022-05-18T05:55:41.544227+00:00, run_after=2022-05-19T05:55:41.544227+00:00
[2022-05-19 08:55:41,550] {processor.py:161} INFO - Processing /Users/mohammadrezakhorasanchian/.pyenv/versions/3.10.4/lib/python3.10/site-packages/airflow/example_dags/example_task_group.py took 0.070 seconds
[2022-05-19 10:41:37,988] {processor.py:153} INFO - Started process (PID=17084) to work on /Users/mohammadrezakhorasanchian/.pyenv/versions/3.10.4/lib/python3.10/site-packages/airflow/example_dags/example_task_group.py
[2022-05-19 10:41:37,989] {processor.py:641} INFO - Processing file /Users/mohammadrezakhorasanchian/.pyenv/versions/3.10.4/lib/python3.10/site-packages/airflow/example_dags/example_task_group.py for tasks to queue
[2022-05-19 10:41:37,989] {logging_mixin.py:115} INFO - [2022-05-19 10:41:37,989] {dagbag.py:507} INFO - Filling up the DagBag from /Users/mohammadrezakhorasanchian/.pyenv/versions/3.10.4/lib/python3.10/site-packages/airflow/example_dags/example_task_group.py
[2022-05-19 10:41:38,000] {processor.py:651} INFO - DAG(s) dict_keys(['example_task_group']) retrieved from /Users/mohammadrezakhorasanchian/.pyenv/versions/3.10.4/lib/python3.10/site-packages/airflow/example_dags/example_task_group.py
[2022-05-19 10:41:38,045] {logging_mixin.py:115} INFO - [2022-05-19 10:41:38,044] {dag.py:2371} INFO - Sync 1 DAGs
[2022-05-19 10:41:38,054] {logging_mixin.py:115} INFO - [2022-05-19 10:41:38,054] {dag.py:2915} INFO - Setting next_dagrun for example_task_group to 2022-05-18T07:41:38.054294+00:00, run_after=2022-05-19T07:41:38.054294+00:00
[2022-05-19 10:41:38,060] {processor.py:161} INFO - Processing /Users/mohammadrezakhorasanchian/.pyenv/versions/3.10.4/lib/python3.10/site-packages/airflow/example_dags/example_task_group.py took 0.073 seconds
[2022-05-19 13:58:49,228] {processor.py:153} INFO - Started process (PID=17193) to work on /Users/mohammadrezakhorasanchian/.pyenv/versions/3.10.4/lib/python3.10/site-packages/airflow/example_dags/example_task_group.py
[2022-05-19 13:58:49,228] {processor.py:641} INFO - Processing file /Users/mohammadrezakhorasanchian/.pyenv/versions/3.10.4/lib/python3.10/site-packages/airflow/example_dags/example_task_group.py for tasks to queue
[2022-05-19 13:58:49,228] {logging_mixin.py:115} INFO - [2022-05-19 13:58:49,228] {dagbag.py:507} INFO - Filling up the DagBag from /Users/mohammadrezakhorasanchian/.pyenv/versions/3.10.4/lib/python3.10/site-packages/airflow/example_dags/example_task_group.py
[2022-05-19 13:58:49,238] {processor.py:651} INFO - DAG(s) dict_keys(['example_task_group']) retrieved from /Users/mohammadrezakhorasanchian/.pyenv/versions/3.10.4/lib/python3.10/site-packages/airflow/example_dags/example_task_group.py
[2022-05-19 13:58:49,284] {logging_mixin.py:115} INFO - [2022-05-19 13:58:49,284] {dag.py:2371} INFO - Sync 1 DAGs
[2022-05-19 13:58:49,294] {logging_mixin.py:115} INFO - [2022-05-19 13:58:49,294] {dag.py:2915} INFO - Setting next_dagrun for example_task_group to 2022-05-18T10:58:49.294003+00:00, run_after=2022-05-19T10:58:49.294003+00:00
[2022-05-19 13:58:49,301] {processor.py:161} INFO - Processing /Users/mohammadrezakhorasanchian/.pyenv/versions/3.10.4/lib/python3.10/site-packages/airflow/example_dags/example_task_group.py took 0.074 seconds
