[2022-05-19 04:24:12,839] {processor.py:153} INFO - Started process (PID=16755) to work on /Users/mohammadrezakhorasanchian/.pyenv/versions/3.10.4/lib/python3.10/site-packages/airflow/example_dags/example_sla_dag.py
[2022-05-19 04:24:12,872] {processor.py:641} INFO - Processing file /Users/mohammadrezakhorasanchian/.pyenv/versions/3.10.4/lib/python3.10/site-packages/airflow/example_dags/example_sla_dag.py for tasks to queue
[2022-05-19 04:24:12,879] {logging_mixin.py:115} INFO - [2022-05-19 04:24:12,879] {dagbag.py:507} INFO - Filling up the DagBag from /Users/mohammadrezakhorasanchian/.pyenv/versions/3.10.4/lib/python3.10/site-packages/airflow/example_dags/example_sla_dag.py
[2022-05-19 04:24:13,013] {processor.py:651} INFO - DAG(s) dict_keys(['example_sla_dag']) retrieved from /Users/mohammadrezakhorasanchian/.pyenv/versions/3.10.4/lib/python3.10/site-packages/airflow/example_dags/example_sla_dag.py
[2022-05-19 04:24:13,087] {logging_mixin.py:115} INFO - [2022-05-19 04:24:13,087] {dag.py:2371} INFO - Sync 1 DAGs
[2022-05-19 04:24:13,106] {logging_mixin.py:115} INFO - [2022-05-19 04:24:13,106] {dag.py:2915} INFO - Setting next_dagrun for example_sla_dag to 2022-05-19T01:22:00+00:00, run_after=2022-05-19T01:24:00+00:00
[2022-05-19 04:24:13,116] {processor.py:161} INFO - Processing /Users/mohammadrezakhorasanchian/.pyenv/versions/3.10.4/lib/python3.10/site-packages/airflow/example_dags/example_sla_dag.py took 0.278 seconds
[2022-05-19 05:19:02,616] {processor.py:153} INFO - Started process (PID=16860) to work on /Users/mohammadrezakhorasanchian/.pyenv/versions/3.10.4/lib/python3.10/site-packages/airflow/example_dags/example_sla_dag.py
[2022-05-19 05:19:02,617] {processor.py:641} INFO - Processing file /Users/mohammadrezakhorasanchian/.pyenv/versions/3.10.4/lib/python3.10/site-packages/airflow/example_dags/example_sla_dag.py for tasks to queue
[2022-05-19 05:19:02,618] {logging_mixin.py:115} INFO - [2022-05-19 05:19:02,618] {dagbag.py:507} INFO - Filling up the DagBag from /Users/mohammadrezakhorasanchian/.pyenv/versions/3.10.4/lib/python3.10/site-packages/airflow/example_dags/example_sla_dag.py
[2022-05-19 05:19:02,641] {processor.py:651} INFO - DAG(s) dict_keys(['example_sla_dag']) retrieved from /Users/mohammadrezakhorasanchian/.pyenv/versions/3.10.4/lib/python3.10/site-packages/airflow/example_dags/example_sla_dag.py
[2022-05-19 05:19:02,683] {logging_mixin.py:115} INFO - [2022-05-19 05:19:02,683] {dag.py:2371} INFO - Sync 1 DAGs
[2022-05-19 05:19:02,695] {logging_mixin.py:115} INFO - [2022-05-19 05:19:02,695] {dag.py:2915} INFO - Setting next_dagrun for example_sla_dag to 2022-05-19T02:16:00+00:00, run_after=2022-05-19T02:18:00+00:00
[2022-05-19 05:19:02,702] {processor.py:161} INFO - Processing /Users/mohammadrezakhorasanchian/.pyenv/versions/3.10.4/lib/python3.10/site-packages/airflow/example_dags/example_sla_dag.py took 0.086 seconds
[2022-05-19 06:13:16,860] {processor.py:153} INFO - Started process (PID=16903) to work on /Users/mohammadrezakhorasanchian/.pyenv/versions/3.10.4/lib/python3.10/site-packages/airflow/example_dags/example_sla_dag.py
[2022-05-19 06:13:16,861] {processor.py:641} INFO - Processing file /Users/mohammadrezakhorasanchian/.pyenv/versions/3.10.4/lib/python3.10/site-packages/airflow/example_dags/example_sla_dag.py for tasks to queue
[2022-05-19 06:13:16,862] {logging_mixin.py:115} INFO - [2022-05-19 06:13:16,862] {dagbag.py:507} INFO - Filling up the DagBag from /Users/mohammadrezakhorasanchian/.pyenv/versions/3.10.4/lib/python3.10/site-packages/airflow/example_dags/example_sla_dag.py
[2022-05-19 06:13:16,884] {processor.py:651} INFO - DAG(s) dict_keys(['example_sla_dag']) retrieved from /Users/mohammadrezakhorasanchian/.pyenv/versions/3.10.4/lib/python3.10/site-packages/airflow/example_dags/example_sla_dag.py
[2022-05-19 06:13:16,925] {logging_mixin.py:115} INFO - [2022-05-19 06:13:16,925] {dag.py:2371} INFO - Sync 1 DAGs
[2022-05-19 06:13:16,937] {logging_mixin.py:115} INFO - [2022-05-19 06:13:16,937] {dag.py:2915} INFO - Setting next_dagrun for example_sla_dag to 2022-05-19T03:10:00+00:00, run_after=2022-05-19T03:12:00+00:00
[2022-05-19 06:13:16,945] {processor.py:161} INFO - Processing /Users/mohammadrezakhorasanchian/.pyenv/versions/3.10.4/lib/python3.10/site-packages/airflow/example_dags/example_sla_dag.py took 0.085 seconds
[2022-05-19 07:07:26,298] {processor.py:153} INFO - Started process (PID=16953) to work on /Users/mohammadrezakhorasanchian/.pyenv/versions/3.10.4/lib/python3.10/site-packages/airflow/example_dags/example_sla_dag.py
[2022-05-19 07:07:26,299] {processor.py:641} INFO - Processing file /Users/mohammadrezakhorasanchian/.pyenv/versions/3.10.4/lib/python3.10/site-packages/airflow/example_dags/example_sla_dag.py for tasks to queue
[2022-05-19 07:07:26,300] {logging_mixin.py:115} INFO - [2022-05-19 07:07:26,299] {dagbag.py:507} INFO - Filling up the DagBag from /Users/mohammadrezakhorasanchian/.pyenv/versions/3.10.4/lib/python3.10/site-packages/airflow/example_dags/example_sla_dag.py
[2022-05-19 07:07:26,323] {processor.py:651} INFO - DAG(s) dict_keys(['example_sla_dag']) retrieved from /Users/mohammadrezakhorasanchian/.pyenv/versions/3.10.4/lib/python3.10/site-packages/airflow/example_dags/example_sla_dag.py
[2022-05-19 07:07:26,365] {logging_mixin.py:115} INFO - [2022-05-19 07:07:26,365] {dag.py:2371} INFO - Sync 1 DAGs
[2022-05-19 07:07:26,377] {logging_mixin.py:115} INFO - [2022-05-19 07:07:26,377] {dag.py:2915} INFO - Setting next_dagrun for example_sla_dag to 2022-05-19T04:04:00+00:00, run_after=2022-05-19T04:06:00+00:00
[2022-05-19 07:07:26,385] {processor.py:161} INFO - Processing /Users/mohammadrezakhorasanchian/.pyenv/versions/3.10.4/lib/python3.10/site-packages/airflow/example_dags/example_sla_dag.py took 0.087 seconds
[2022-05-19 08:01:35,487] {processor.py:153} INFO - Started process (PID=16993) to work on /Users/mohammadrezakhorasanchian/.pyenv/versions/3.10.4/lib/python3.10/site-packages/airflow/example_dags/example_sla_dag.py
[2022-05-19 08:01:35,488] {processor.py:641} INFO - Processing file /Users/mohammadrezakhorasanchian/.pyenv/versions/3.10.4/lib/python3.10/site-packages/airflow/example_dags/example_sla_dag.py for tasks to queue
[2022-05-19 08:01:35,488] {logging_mixin.py:115} INFO - [2022-05-19 08:01:35,488] {dagbag.py:507} INFO - Filling up the DagBag from /Users/mohammadrezakhorasanchian/.pyenv/versions/3.10.4/lib/python3.10/site-packages/airflow/example_dags/example_sla_dag.py
[2022-05-19 08:01:35,511] {processor.py:651} INFO - DAG(s) dict_keys(['example_sla_dag']) retrieved from /Users/mohammadrezakhorasanchian/.pyenv/versions/3.10.4/lib/python3.10/site-packages/airflow/example_dags/example_sla_dag.py
[2022-05-19 08:01:35,553] {logging_mixin.py:115} INFO - [2022-05-19 08:01:35,553] {dag.py:2371} INFO - Sync 1 DAGs
[2022-05-19 08:01:35,565] {logging_mixin.py:115} INFO - [2022-05-19 08:01:35,565] {dag.py:2915} INFO - Setting next_dagrun for example_sla_dag to 2022-05-19T04:58:00+00:00, run_after=2022-05-19T05:00:00+00:00
[2022-05-19 08:01:35,573] {processor.py:161} INFO - Processing /Users/mohammadrezakhorasanchian/.pyenv/versions/3.10.4/lib/python3.10/site-packages/airflow/example_dags/example_sla_dag.py took 0.086 seconds
[2022-05-19 08:55:43,919] {processor.py:153} INFO - Started process (PID=17034) to work on /Users/mohammadrezakhorasanchian/.pyenv/versions/3.10.4/lib/python3.10/site-packages/airflow/example_dags/example_sla_dag.py
[2022-05-19 08:55:43,920] {processor.py:641} INFO - Processing file /Users/mohammadrezakhorasanchian/.pyenv/versions/3.10.4/lib/python3.10/site-packages/airflow/example_dags/example_sla_dag.py for tasks to queue
[2022-05-19 08:55:43,920] {logging_mixin.py:115} INFO - [2022-05-19 08:55:43,920] {dagbag.py:507} INFO - Filling up the DagBag from /Users/mohammadrezakhorasanchian/.pyenv/versions/3.10.4/lib/python3.10/site-packages/airflow/example_dags/example_sla_dag.py
[2022-05-19 08:55:43,943] {processor.py:651} INFO - DAG(s) dict_keys(['example_sla_dag']) retrieved from /Users/mohammadrezakhorasanchian/.pyenv/versions/3.10.4/lib/python3.10/site-packages/airflow/example_dags/example_sla_dag.py
[2022-05-19 08:55:43,984] {logging_mixin.py:115} INFO - [2022-05-19 08:55:43,984] {dag.py:2371} INFO - Sync 1 DAGs
[2022-05-19 08:55:43,996] {logging_mixin.py:115} INFO - [2022-05-19 08:55:43,996] {dag.py:2915} INFO - Setting next_dagrun for example_sla_dag to 2022-05-19T05:52:00+00:00, run_after=2022-05-19T05:54:00+00:00
[2022-05-19 08:55:44,005] {processor.py:161} INFO - Processing /Users/mohammadrezakhorasanchian/.pyenv/versions/3.10.4/lib/python3.10/site-packages/airflow/example_dags/example_sla_dag.py took 0.086 seconds
[2022-05-19 10:41:40,547] {processor.py:153} INFO - Started process (PID=17086) to work on /Users/mohammadrezakhorasanchian/.pyenv/versions/3.10.4/lib/python3.10/site-packages/airflow/example_dags/example_sla_dag.py
[2022-05-19 10:41:40,548] {processor.py:641} INFO - Processing file /Users/mohammadrezakhorasanchian/.pyenv/versions/3.10.4/lib/python3.10/site-packages/airflow/example_dags/example_sla_dag.py for tasks to queue
[2022-05-19 10:41:40,548] {logging_mixin.py:115} INFO - [2022-05-19 10:41:40,548] {dagbag.py:507} INFO - Filling up the DagBag from /Users/mohammadrezakhorasanchian/.pyenv/versions/3.10.4/lib/python3.10/site-packages/airflow/example_dags/example_sla_dag.py
[2022-05-19 10:41:40,572] {processor.py:651} INFO - DAG(s) dict_keys(['example_sla_dag']) retrieved from /Users/mohammadrezakhorasanchian/.pyenv/versions/3.10.4/lib/python3.10/site-packages/airflow/example_dags/example_sla_dag.py
[2022-05-19 10:41:40,615] {logging_mixin.py:115} INFO - [2022-05-19 10:41:40,615] {dag.py:2371} INFO - Sync 1 DAGs
[2022-05-19 10:41:40,628] {logging_mixin.py:115} INFO - [2022-05-19 10:41:40,628] {dag.py:2915} INFO - Setting next_dagrun for example_sla_dag to 2022-05-19T07:38:00+00:00, run_after=2022-05-19T07:40:00+00:00
[2022-05-19 10:41:40,638] {processor.py:161} INFO - Processing /Users/mohammadrezakhorasanchian/.pyenv/versions/3.10.4/lib/python3.10/site-packages/airflow/example_dags/example_sla_dag.py took 0.091 seconds
[2022-05-19 13:58:52,700] {processor.py:153} INFO - Started process (PID=17201) to work on /Users/mohammadrezakhorasanchian/.pyenv/versions/3.10.4/lib/python3.10/site-packages/airflow/example_dags/example_sla_dag.py
[2022-05-19 13:58:52,701] {processor.py:641} INFO - Processing file /Users/mohammadrezakhorasanchian/.pyenv/versions/3.10.4/lib/python3.10/site-packages/airflow/example_dags/example_sla_dag.py for tasks to queue
[2022-05-19 13:58:52,701] {logging_mixin.py:115} INFO - [2022-05-19 13:58:52,701] {dagbag.py:507} INFO - Filling up the DagBag from /Users/mohammadrezakhorasanchian/.pyenv/versions/3.10.4/lib/python3.10/site-packages/airflow/example_dags/example_sla_dag.py
[2022-05-19 13:58:52,724] {processor.py:651} INFO - DAG(s) dict_keys(['example_sla_dag']) retrieved from /Users/mohammadrezakhorasanchian/.pyenv/versions/3.10.4/lib/python3.10/site-packages/airflow/example_dags/example_sla_dag.py
[2022-05-19 13:58:52,769] {logging_mixin.py:115} INFO - [2022-05-19 13:58:52,769] {dag.py:2371} INFO - Sync 1 DAGs
[2022-05-19 13:58:52,783] {logging_mixin.py:115} INFO - [2022-05-19 13:58:52,783] {dag.py:2915} INFO - Setting next_dagrun for example_sla_dag to 2022-05-19T10:56:00+00:00, run_after=2022-05-19T10:58:00+00:00
[2022-05-19 13:58:52,789] {processor.py:161} INFO - Processing /Users/mohammadrezakhorasanchian/.pyenv/versions/3.10.4/lib/python3.10/site-packages/airflow/example_dags/example_sla_dag.py took 0.089 seconds
