[2022-05-19 03:29:55,910] {processor.py:153} INFO - Started process (PID=16728) to work on /Users/mohammadrezakhorasanchian/.pyenv/versions/3.10.4/lib/python3.10/site-packages/airflow/example_dags/example_branch_python_dop_operator_3.py
[2022-05-19 03:29:55,911] {processor.py:641} INFO - Processing file /Users/mohammadrezakhorasanchian/.pyenv/versions/3.10.4/lib/python3.10/site-packages/airflow/example_dags/example_branch_python_dop_operator_3.py for tasks to queue
[2022-05-19 03:29:55,911] {logging_mixin.py:115} INFO - [2022-05-19 03:29:55,911] {dagbag.py:507} INFO - Filling up the DagBag from /Users/mohammadrezakhorasanchian/.pyenv/versions/3.10.4/lib/python3.10/site-packages/airflow/example_dags/example_branch_python_dop_operator_3.py
[2022-05-19 03:29:55,929] {processor.py:651} INFO - DAG(s) dict_keys(['example_branch_dop_operator_v3']) retrieved from /Users/mohammadrezakhorasanchian/.pyenv/versions/3.10.4/lib/python3.10/site-packages/airflow/example_dags/example_branch_python_dop_operator_3.py
[2022-05-19 03:29:55,987] {logging_mixin.py:115} INFO - [2022-05-19 03:29:55,987] {dag.py:2371} INFO - Sync 1 DAGs
[2022-05-19 03:29:56,006] {logging_mixin.py:115} INFO - [2022-05-19 03:29:56,006] {dag.py:2915} INFO - Setting next_dagrun for example_branch_dop_operator_v3 to 2022-05-19T00:28:00+00:00, run_after=2022-05-19T00:29:00+00:00
[2022-05-19 03:29:56,015] {processor.py:161} INFO - Processing /Users/mohammadrezakhorasanchian/.pyenv/versions/3.10.4/lib/python3.10/site-packages/airflow/example_dags/example_branch_python_dop_operator_3.py took 0.105 seconds
[2022-05-19 04:24:58,801] {processor.py:153} INFO - Started process (PID=16825) to work on /Users/mohammadrezakhorasanchian/.pyenv/versions/3.10.4/lib/python3.10/site-packages/airflow/example_dags/example_branch_python_dop_operator_3.py
[2022-05-19 04:24:58,802] {processor.py:641} INFO - Processing file /Users/mohammadrezakhorasanchian/.pyenv/versions/3.10.4/lib/python3.10/site-packages/airflow/example_dags/example_branch_python_dop_operator_3.py for tasks to queue
[2022-05-19 04:24:58,802] {logging_mixin.py:115} INFO - [2022-05-19 04:24:58,802] {dagbag.py:507} INFO - Filling up the DagBag from /Users/mohammadrezakhorasanchian/.pyenv/versions/3.10.4/lib/python3.10/site-packages/airflow/example_dags/example_branch_python_dop_operator_3.py
[2022-05-19 04:24:58,821] {processor.py:651} INFO - DAG(s) dict_keys(['example_branch_dop_operator_v3']) retrieved from /Users/mohammadrezakhorasanchian/.pyenv/versions/3.10.4/lib/python3.10/site-packages/airflow/example_dags/example_branch_python_dop_operator_3.py
[2022-05-19 04:24:58,862] {logging_mixin.py:115} INFO - [2022-05-19 04:24:58,862] {dag.py:2371} INFO - Sync 1 DAGs
[2022-05-19 04:24:58,876] {logging_mixin.py:115} INFO - [2022-05-19 04:24:58,876] {dag.py:2915} INFO - Setting next_dagrun for example_branch_dop_operator_v3 to 2022-05-19T01:23:00+00:00, run_after=2022-05-19T01:24:00+00:00
[2022-05-19 04:24:58,885] {processor.py:161} INFO - Processing /Users/mohammadrezakhorasanchian/.pyenv/versions/3.10.4/lib/python3.10/site-packages/airflow/example_dags/example_branch_python_dop_operator_3.py took 0.085 seconds
[2022-05-19 06:12:49,668] {processor.py:153} INFO - Started process (PID=16885) to work on /Users/mohammadrezakhorasanchian/.pyenv/versions/3.10.4/lib/python3.10/site-packages/airflow/example_dags/example_branch_python_dop_operator_3.py
[2022-05-19 06:12:49,669] {processor.py:641} INFO - Processing file /Users/mohammadrezakhorasanchian/.pyenv/versions/3.10.4/lib/python3.10/site-packages/airflow/example_dags/example_branch_python_dop_operator_3.py for tasks to queue
[2022-05-19 06:12:49,670] {logging_mixin.py:115} INFO - [2022-05-19 06:12:49,670] {dagbag.py:507} INFO - Filling up the DagBag from /Users/mohammadrezakhorasanchian/.pyenv/versions/3.10.4/lib/python3.10/site-packages/airflow/example_dags/example_branch_python_dop_operator_3.py
[2022-05-19 06:12:49,688] {processor.py:651} INFO - DAG(s) dict_keys(['example_branch_dop_operator_v3']) retrieved from /Users/mohammadrezakhorasanchian/.pyenv/versions/3.10.4/lib/python3.10/site-packages/airflow/example_dags/example_branch_python_dop_operator_3.py
[2022-05-19 06:12:49,730] {logging_mixin.py:115} INFO - [2022-05-19 06:12:49,730] {dag.py:2371} INFO - Sync 1 DAGs
[2022-05-19 06:12:49,744] {logging_mixin.py:115} INFO - [2022-05-19 06:12:49,744] {dag.py:2915} INFO - Setting next_dagrun for example_branch_dop_operator_v3 to 2022-05-19T03:11:00+00:00, run_after=2022-05-19T03:12:00+00:00
[2022-05-19 06:12:49,751] {processor.py:161} INFO - Processing /Users/mohammadrezakhorasanchian/.pyenv/versions/3.10.4/lib/python3.10/site-packages/airflow/example_dags/example_branch_python_dop_operator_3.py took 0.083 seconds
[2022-05-19 07:07:07,043] {processor.py:153} INFO - Started process (PID=16942) to work on /Users/mohammadrezakhorasanchian/.pyenv/versions/3.10.4/lib/python3.10/site-packages/airflow/example_dags/example_branch_python_dop_operator_3.py
[2022-05-19 07:07:07,046] {processor.py:641} INFO - Processing file /Users/mohammadrezakhorasanchian/.pyenv/versions/3.10.4/lib/python3.10/site-packages/airflow/example_dags/example_branch_python_dop_operator_3.py for tasks to queue
[2022-05-19 07:07:07,046] {logging_mixin.py:115} INFO - [2022-05-19 07:07:07,046] {dagbag.py:507} INFO - Filling up the DagBag from /Users/mohammadrezakhorasanchian/.pyenv/versions/3.10.4/lib/python3.10/site-packages/airflow/example_dags/example_branch_python_dop_operator_3.py
[2022-05-19 07:07:07,065] {processor.py:651} INFO - DAG(s) dict_keys(['example_branch_dop_operator_v3']) retrieved from /Users/mohammadrezakhorasanchian/.pyenv/versions/3.10.4/lib/python3.10/site-packages/airflow/example_dags/example_branch_python_dop_operator_3.py
[2022-05-19 07:07:07,107] {logging_mixin.py:115} INFO - [2022-05-19 07:07:07,107] {dag.py:2371} INFO - Sync 1 DAGs
[2022-05-19 07:07:07,122] {logging_mixin.py:115} INFO - [2022-05-19 07:07:07,122] {dag.py:2915} INFO - Setting next_dagrun for example_branch_dop_operator_v3 to 2022-05-19T04:06:00+00:00, run_after=2022-05-19T04:07:00+00:00
[2022-05-19 07:07:07,130] {processor.py:161} INFO - Processing /Users/mohammadrezakhorasanchian/.pyenv/versions/3.10.4/lib/python3.10/site-packages/airflow/example_dags/example_branch_python_dop_operator_3.py took 0.087 seconds
[2022-05-19 08:55:19,321] {processor.py:153} INFO - Started process (PID=17017) to work on /Users/mohammadrezakhorasanchian/.pyenv/versions/3.10.4/lib/python3.10/site-packages/airflow/example_dags/example_branch_python_dop_operator_3.py
[2022-05-19 08:55:19,322] {processor.py:641} INFO - Processing file /Users/mohammadrezakhorasanchian/.pyenv/versions/3.10.4/lib/python3.10/site-packages/airflow/example_dags/example_branch_python_dop_operator_3.py for tasks to queue
[2022-05-19 08:55:19,323] {logging_mixin.py:115} INFO - [2022-05-19 08:55:19,323] {dagbag.py:507} INFO - Filling up the DagBag from /Users/mohammadrezakhorasanchian/.pyenv/versions/3.10.4/lib/python3.10/site-packages/airflow/example_dags/example_branch_python_dop_operator_3.py
[2022-05-19 08:55:19,342] {processor.py:651} INFO - DAG(s) dict_keys(['example_branch_dop_operator_v3']) retrieved from /Users/mohammadrezakhorasanchian/.pyenv/versions/3.10.4/lib/python3.10/site-packages/airflow/example_dags/example_branch_python_dop_operator_3.py
[2022-05-19 08:55:19,383] {logging_mixin.py:115} INFO - [2022-05-19 08:55:19,383] {dag.py:2371} INFO - Sync 1 DAGs
[2022-05-19 08:55:19,397] {logging_mixin.py:115} INFO - [2022-05-19 08:55:19,397] {dag.py:2915} INFO - Setting next_dagrun for example_branch_dop_operator_v3 to 2022-05-19T05:54:00+00:00, run_after=2022-05-19T05:55:00+00:00
[2022-05-19 08:55:19,403] {processor.py:161} INFO - Processing /Users/mohammadrezakhorasanchian/.pyenv/versions/3.10.4/lib/python3.10/site-packages/airflow/example_dags/example_branch_python_dop_operator_3.py took 0.083 seconds
[2022-05-19 13:58:18,445] {processor.py:153} INFO - Started process (PID=17123) to work on /Users/mohammadrezakhorasanchian/.pyenv/versions/3.10.4/lib/python3.10/site-packages/airflow/example_dags/example_branch_python_dop_operator_3.py
[2022-05-19 13:58:18,446] {processor.py:641} INFO - Processing file /Users/mohammadrezakhorasanchian/.pyenv/versions/3.10.4/lib/python3.10/site-packages/airflow/example_dags/example_branch_python_dop_operator_3.py for tasks to queue
[2022-05-19 13:58:18,446] {logging_mixin.py:115} INFO - [2022-05-19 13:58:18,446] {dagbag.py:507} INFO - Filling up the DagBag from /Users/mohammadrezakhorasanchian/.pyenv/versions/3.10.4/lib/python3.10/site-packages/airflow/example_dags/example_branch_python_dop_operator_3.py
[2022-05-19 13:58:18,467] {processor.py:651} INFO - DAG(s) dict_keys(['example_branch_dop_operator_v3']) retrieved from /Users/mohammadrezakhorasanchian/.pyenv/versions/3.10.4/lib/python3.10/site-packages/airflow/example_dags/example_branch_python_dop_operator_3.py
[2022-05-19 13:58:18,509] {logging_mixin.py:115} INFO - [2022-05-19 13:58:18,509] {dag.py:2371} INFO - Sync 1 DAGs
[2022-05-19 13:58:18,523] {logging_mixin.py:115} INFO - [2022-05-19 13:58:18,523] {dag.py:2915} INFO - Setting next_dagrun for example_branch_dop_operator_v3 to 2022-05-19T10:57:00+00:00, run_after=2022-05-19T10:58:00+00:00
[2022-05-19 13:58:18,530] {processor.py:161} INFO - Processing /Users/mohammadrezakhorasanchian/.pyenv/versions/3.10.4/lib/python3.10/site-packages/airflow/example_dags/example_branch_python_dop_operator_3.py took 0.086 seconds
[2022-05-19 13:59:40,647] {processor.py:153} INFO - Started process (PID=17322) to work on /Users/mohammadrezakhorasanchian/.pyenv/versions/3.10.4/lib/python3.10/site-packages/airflow/example_dags/example_branch_python_dop_operator_3.py
[2022-05-19 13:59:40,647] {processor.py:641} INFO - Processing file /Users/mohammadrezakhorasanchian/.pyenv/versions/3.10.4/lib/python3.10/site-packages/airflow/example_dags/example_branch_python_dop_operator_3.py for tasks to queue
[2022-05-19 13:59:40,648] {logging_mixin.py:115} INFO - [2022-05-19 13:59:40,647] {dagbag.py:507} INFO - Filling up the DagBag from /Users/mohammadrezakhorasanchian/.pyenv/versions/3.10.4/lib/python3.10/site-packages/airflow/example_dags/example_branch_python_dop_operator_3.py
[2022-05-19 13:59:40,666] {processor.py:651} INFO - DAG(s) dict_keys(['example_branch_dop_operator_v3']) retrieved from /Users/mohammadrezakhorasanchian/.pyenv/versions/3.10.4/lib/python3.10/site-packages/airflow/example_dags/example_branch_python_dop_operator_3.py
[2022-05-19 13:59:40,708] {logging_mixin.py:115} INFO - [2022-05-19 13:59:40,708] {dag.py:2371} INFO - Sync 1 DAGs
[2022-05-19 13:59:40,721] {logging_mixin.py:115} INFO - [2022-05-19 13:59:40,721] {dag.py:2915} INFO - Setting next_dagrun for example_branch_dop_operator_v3 to 2022-05-19T10:58:00+00:00, run_after=2022-05-19T10:59:00+00:00
[2022-05-19 13:59:40,728] {processor.py:161} INFO - Processing /Users/mohammadrezakhorasanchian/.pyenv/versions/3.10.4/lib/python3.10/site-packages/airflow/example_dags/example_branch_python_dop_operator_3.py took 0.081 seconds
