[2022-05-19 03:30:02,528] {processor.py:153} INFO - Started process (PID=16733) to work on /Users/mohammadrezakhorasanchian/.pyenv/versions/3.10.4/lib/python3.10/site-packages/airflow/example_dags/example_branch_day_of_week_operator.py
[2022-05-19 03:30:02,529] {processor.py:641} INFO - Processing file /Users/mohammadrezakhorasanchian/.pyenv/versions/3.10.4/lib/python3.10/site-packages/airflow/example_dags/example_branch_day_of_week_operator.py for tasks to queue
[2022-05-19 03:30:02,529] {logging_mixin.py:115} INFO - [2022-05-19 03:30:02,529] {dagbag.py:507} INFO - Filling up the DagBag from /Users/mohammadrezakhorasanchian/.pyenv/versions/3.10.4/lib/python3.10/site-packages/airflow/example_dags/example_branch_day_of_week_operator.py
[2022-05-19 03:30:02,540] {processor.py:651} INFO - DAG(s) dict_keys(['example_weekday_branch_operator']) retrieved from /Users/mohammadrezakhorasanchian/.pyenv/versions/3.10.4/lib/python3.10/site-packages/airflow/example_dags/example_branch_day_of_week_operator.py
[2022-05-19 03:30:02,587] {logging_mixin.py:115} INFO - [2022-05-19 03:30:02,587] {dag.py:2371} INFO - Sync 1 DAGs
[2022-05-19 03:30:02,598] {logging_mixin.py:115} INFO - [2022-05-19 03:30:02,598] {dag.py:2915} INFO - Setting next_dagrun for example_weekday_branch_operator to 2022-05-18T00:00:00+00:00, run_after=2022-05-19T00:00:00+00:00
[2022-05-19 03:30:02,605] {processor.py:161} INFO - Processing /Users/mohammadrezakhorasanchian/.pyenv/versions/3.10.4/lib/python3.10/site-packages/airflow/example_dags/example_branch_day_of_week_operator.py took 0.077 seconds
[2022-05-19 05:18:30,370] {processor.py:153} INFO - Started process (PID=16842) to work on /Users/mohammadrezakhorasanchian/.pyenv/versions/3.10.4/lib/python3.10/site-packages/airflow/example_dags/example_branch_day_of_week_operator.py
[2022-05-19 05:18:30,372] {processor.py:641} INFO - Processing file /Users/mohammadrezakhorasanchian/.pyenv/versions/3.10.4/lib/python3.10/site-packages/airflow/example_dags/example_branch_day_of_week_operator.py for tasks to queue
[2022-05-19 05:18:30,372] {logging_mixin.py:115} INFO - [2022-05-19 05:18:30,372] {dagbag.py:507} INFO - Filling up the DagBag from /Users/mohammadrezakhorasanchian/.pyenv/versions/3.10.4/lib/python3.10/site-packages/airflow/example_dags/example_branch_day_of_week_operator.py
[2022-05-19 05:18:30,389] {processor.py:651} INFO - DAG(s) dict_keys(['example_weekday_branch_operator']) retrieved from /Users/mohammadrezakhorasanchian/.pyenv/versions/3.10.4/lib/python3.10/site-packages/airflow/example_dags/example_branch_day_of_week_operator.py
[2022-05-19 05:18:30,433] {logging_mixin.py:115} INFO - [2022-05-19 05:18:30,433] {dag.py:2371} INFO - Sync 1 DAGs
[2022-05-19 05:18:30,444] {logging_mixin.py:115} INFO - [2022-05-19 05:18:30,443] {dag.py:2915} INFO - Setting next_dagrun for example_weekday_branch_operator to 2022-05-18T00:00:00+00:00, run_after=2022-05-19T00:00:00+00:00
[2022-05-19 05:18:30,450] {processor.py:161} INFO - Processing /Users/mohammadrezakhorasanchian/.pyenv/versions/3.10.4/lib/python3.10/site-packages/airflow/example_dags/example_branch_day_of_week_operator.py took 0.081 seconds
[2022-05-19 06:13:29,470] {processor.py:153} INFO - Started process (PID=16911) to work on /Users/mohammadrezakhorasanchian/.pyenv/versions/3.10.4/lib/python3.10/site-packages/airflow/example_dags/example_branch_day_of_week_operator.py
[2022-05-19 06:13:29,488] {processor.py:641} INFO - Processing file /Users/mohammadrezakhorasanchian/.pyenv/versions/3.10.4/lib/python3.10/site-packages/airflow/example_dags/example_branch_day_of_week_operator.py for tasks to queue
[2022-05-19 06:13:29,489] {logging_mixin.py:115} INFO - [2022-05-19 06:13:29,489] {dagbag.py:507} INFO - Filling up the DagBag from /Users/mohammadrezakhorasanchian/.pyenv/versions/3.10.4/lib/python3.10/site-packages/airflow/example_dags/example_branch_day_of_week_operator.py
[2022-05-19 06:13:29,527] {processor.py:651} INFO - DAG(s) dict_keys(['example_weekday_branch_operator']) retrieved from /Users/mohammadrezakhorasanchian/.pyenv/versions/3.10.4/lib/python3.10/site-packages/airflow/example_dags/example_branch_day_of_week_operator.py
[2022-05-19 06:13:29,576] {logging_mixin.py:115} INFO - [2022-05-19 06:13:29,576] {dag.py:2371} INFO - Sync 1 DAGs
[2022-05-19 06:13:29,587] {logging_mixin.py:115} INFO - [2022-05-19 06:13:29,587] {dag.py:2915} INFO - Setting next_dagrun for example_weekday_branch_operator to 2022-05-18T00:00:00+00:00, run_after=2022-05-19T00:00:00+00:00
[2022-05-19 06:13:29,595] {processor.py:161} INFO - Processing /Users/mohammadrezakhorasanchian/.pyenv/versions/3.10.4/lib/python3.10/site-packages/airflow/example_dags/example_branch_day_of_week_operator.py took 0.126 seconds
[2022-05-19 08:01:04,336] {processor.py:153} INFO - Started process (PID=16975) to work on /Users/mohammadrezakhorasanchian/.pyenv/versions/3.10.4/lib/python3.10/site-packages/airflow/example_dags/example_branch_day_of_week_operator.py
[2022-05-19 08:01:04,337] {processor.py:641} INFO - Processing file /Users/mohammadrezakhorasanchian/.pyenv/versions/3.10.4/lib/python3.10/site-packages/airflow/example_dags/example_branch_day_of_week_operator.py for tasks to queue
[2022-05-19 08:01:04,338] {logging_mixin.py:115} INFO - [2022-05-19 08:01:04,338] {dagbag.py:507} INFO - Filling up the DagBag from /Users/mohammadrezakhorasanchian/.pyenv/versions/3.10.4/lib/python3.10/site-packages/airflow/example_dags/example_branch_day_of_week_operator.py
[2022-05-19 08:01:04,351] {processor.py:651} INFO - DAG(s) dict_keys(['example_weekday_branch_operator']) retrieved from /Users/mohammadrezakhorasanchian/.pyenv/versions/3.10.4/lib/python3.10/site-packages/airflow/example_dags/example_branch_day_of_week_operator.py
[2022-05-19 08:01:04,393] {logging_mixin.py:115} INFO - [2022-05-19 08:01:04,393] {dag.py:2371} INFO - Sync 1 DAGs
[2022-05-19 08:01:04,403] {logging_mixin.py:115} INFO - [2022-05-19 08:01:04,403] {dag.py:2915} INFO - Setting next_dagrun for example_weekday_branch_operator to 2022-05-18T00:00:00+00:00, run_after=2022-05-19T00:00:00+00:00
[2022-05-19 08:01:04,409] {processor.py:161} INFO - Processing /Users/mohammadrezakhorasanchian/.pyenv/versions/3.10.4/lib/python3.10/site-packages/airflow/example_dags/example_branch_day_of_week_operator.py took 0.074 seconds
[2022-05-19 09:11:32,063] {processor.py:153} INFO - Started process (PID=17050) to work on /Users/mohammadrezakhorasanchian/.pyenv/versions/3.10.4/lib/python3.10/site-packages/airflow/example_dags/example_branch_day_of_week_operator.py
[2022-05-19 09:11:32,065] {processor.py:641} INFO - Processing file /Users/mohammadrezakhorasanchian/.pyenv/versions/3.10.4/lib/python3.10/site-packages/airflow/example_dags/example_branch_day_of_week_operator.py for tasks to queue
[2022-05-19 09:11:32,065] {logging_mixin.py:115} INFO - [2022-05-19 09:11:32,065] {dagbag.py:507} INFO - Filling up the DagBag from /Users/mohammadrezakhorasanchian/.pyenv/versions/3.10.4/lib/python3.10/site-packages/airflow/example_dags/example_branch_day_of_week_operator.py
[2022-05-19 09:11:32,078] {processor.py:651} INFO - DAG(s) dict_keys(['example_weekday_branch_operator']) retrieved from /Users/mohammadrezakhorasanchian/.pyenv/versions/3.10.4/lib/python3.10/site-packages/airflow/example_dags/example_branch_day_of_week_operator.py
[2022-05-19 09:11:32,120] {logging_mixin.py:115} INFO - [2022-05-19 09:11:32,120] {dag.py:2371} INFO - Sync 1 DAGs
[2022-05-19 09:11:32,131] {logging_mixin.py:115} INFO - [2022-05-19 09:11:32,131] {dag.py:2915} INFO - Setting next_dagrun for example_weekday_branch_operator to 2022-05-18T00:00:00+00:00, run_after=2022-05-19T00:00:00+00:00
[2022-05-19 09:11:32,139] {processor.py:161} INFO - Processing /Users/mohammadrezakhorasanchian/.pyenv/versions/3.10.4/lib/python3.10/site-packages/airflow/example_dags/example_branch_day_of_week_operator.py took 0.076 seconds
[2022-05-19 13:58:24,584] {processor.py:153} INFO - Started process (PID=17145) to work on /Users/mohammadrezakhorasanchian/.pyenv/versions/3.10.4/lib/python3.10/site-packages/airflow/example_dags/example_branch_day_of_week_operator.py
[2022-05-19 13:58:24,585] {processor.py:641} INFO - Processing file /Users/mohammadrezakhorasanchian/.pyenv/versions/3.10.4/lib/python3.10/site-packages/airflow/example_dags/example_branch_day_of_week_operator.py for tasks to queue
[2022-05-19 13:58:24,585] {logging_mixin.py:115} INFO - [2022-05-19 13:58:24,585] {dagbag.py:507} INFO - Filling up the DagBag from /Users/mohammadrezakhorasanchian/.pyenv/versions/3.10.4/lib/python3.10/site-packages/airflow/example_dags/example_branch_day_of_week_operator.py
[2022-05-19 13:58:24,595] {processor.py:651} INFO - DAG(s) dict_keys(['example_weekday_branch_operator']) retrieved from /Users/mohammadrezakhorasanchian/.pyenv/versions/3.10.4/lib/python3.10/site-packages/airflow/example_dags/example_branch_day_of_week_operator.py
[2022-05-19 13:58:24,638] {logging_mixin.py:115} INFO - [2022-05-19 13:58:24,638] {dag.py:2371} INFO - Sync 1 DAGs
[2022-05-19 13:58:24,648] {logging_mixin.py:115} INFO - [2022-05-19 13:58:24,648] {dag.py:2915} INFO - Setting next_dagrun for example_weekday_branch_operator to 2022-05-18T00:00:00+00:00, run_after=2022-05-19T00:00:00+00:00
[2022-05-19 13:58:24,655] {processor.py:161} INFO - Processing /Users/mohammadrezakhorasanchian/.pyenv/versions/3.10.4/lib/python3.10/site-packages/airflow/example_dags/example_branch_day_of_week_operator.py took 0.072 seconds
