[2022-05-19 04:24:24,373] {processor.py:153} INFO - Started process (PID=16804) to work on /Users/mohammadrezakhorasanchian/.pyenv/versions/3.10.4/lib/python3.10/site-packages/airflow/example_dags/example_latest_only_with_trigger.py
[2022-05-19 04:24:24,373] {processor.py:641} INFO - Processing file /Users/mohammadrezakhorasanchian/.pyenv/versions/3.10.4/lib/python3.10/site-packages/airflow/example_dags/example_latest_only_with_trigger.py for tasks to queue
[2022-05-19 04:24:24,373] {logging_mixin.py:115} INFO - [2022-05-19 04:24:24,373] {dagbag.py:507} INFO - Filling up the DagBag from /Users/mohammadrezakhorasanchian/.pyenv/versions/3.10.4/lib/python3.10/site-packages/airflow/example_dags/example_latest_only_with_trigger.py
[2022-05-19 04:24:24,389] {processor.py:651} INFO - DAG(s) dict_keys(['latest_only_with_trigger']) retrieved from /Users/mohammadrezakhorasanchian/.pyenv/versions/3.10.4/lib/python3.10/site-packages/airflow/example_dags/example_latest_only_with_trigger.py
[2022-05-19 04:24:24,434] {logging_mixin.py:115} INFO - [2022-05-19 04:24:24,434] {dag.py:2371} INFO - Sync 1 DAGs
[2022-05-19 04:24:24,444] {logging_mixin.py:115} INFO - [2022-05-19 04:24:24,444] {dag.py:2915} INFO - Setting next_dagrun for latest_only_with_trigger to 2022-05-18T21:24:24.444527+00:00, run_after=2022-05-19T01:24:24.444527+00:00
[2022-05-19 04:24:24,452] {processor.py:161} INFO - Processing /Users/mohammadrezakhorasanchian/.pyenv/versions/3.10.4/lib/python3.10/site-packages/airflow/example_dags/example_latest_only_with_trigger.py took 0.080 seconds
[2022-05-19 06:12:39,019] {processor.py:153} INFO - Started process (PID=16879) to work on /Users/mohammadrezakhorasanchian/.pyenv/versions/3.10.4/lib/python3.10/site-packages/airflow/example_dags/example_latest_only_with_trigger.py
[2022-05-19 06:12:39,021] {processor.py:641} INFO - Processing file /Users/mohammadrezakhorasanchian/.pyenv/versions/3.10.4/lib/python3.10/site-packages/airflow/example_dags/example_latest_only_with_trigger.py for tasks to queue
[2022-05-19 06:12:39,021] {logging_mixin.py:115} INFO - [2022-05-19 06:12:39,021] {dagbag.py:507} INFO - Filling up the DagBag from /Users/mohammadrezakhorasanchian/.pyenv/versions/3.10.4/lib/python3.10/site-packages/airflow/example_dags/example_latest_only_with_trigger.py
[2022-05-19 06:12:39,033] {processor.py:651} INFO - DAG(s) dict_keys(['latest_only_with_trigger']) retrieved from /Users/mohammadrezakhorasanchian/.pyenv/versions/3.10.4/lib/python3.10/site-packages/airflow/example_dags/example_latest_only_with_trigger.py
[2022-05-19 06:12:39,078] {logging_mixin.py:115} INFO - [2022-05-19 06:12:39,078] {dag.py:2371} INFO - Sync 1 DAGs
[2022-05-19 06:12:39,088] {logging_mixin.py:115} INFO - [2022-05-19 06:12:39,088] {dag.py:2915} INFO - Setting next_dagrun for latest_only_with_trigger to 2022-05-18T23:12:39.087077+00:00, run_after=2022-05-19T03:12:39.087077+00:00
[2022-05-19 06:12:39,095] {processor.py:161} INFO - Processing /Users/mohammadrezakhorasanchian/.pyenv/versions/3.10.4/lib/python3.10/site-packages/airflow/example_dags/example_latest_only_with_trigger.py took 0.076 seconds
[2022-05-19 07:06:57,566] {processor.py:153} INFO - Started process (PID=16936) to work on /Users/mohammadrezakhorasanchian/.pyenv/versions/3.10.4/lib/python3.10/site-packages/airflow/example_dags/example_latest_only_with_trigger.py
[2022-05-19 07:06:57,567] {processor.py:641} INFO - Processing file /Users/mohammadrezakhorasanchian/.pyenv/versions/3.10.4/lib/python3.10/site-packages/airflow/example_dags/example_latest_only_with_trigger.py for tasks to queue
[2022-05-19 07:06:57,568] {logging_mixin.py:115} INFO - [2022-05-19 07:06:57,568] {dagbag.py:507} INFO - Filling up the DagBag from /Users/mohammadrezakhorasanchian/.pyenv/versions/3.10.4/lib/python3.10/site-packages/airflow/example_dags/example_latest_only_with_trigger.py
[2022-05-19 07:06:57,580] {processor.py:651} INFO - DAG(s) dict_keys(['latest_only_with_trigger']) retrieved from /Users/mohammadrezakhorasanchian/.pyenv/versions/3.10.4/lib/python3.10/site-packages/airflow/example_dags/example_latest_only_with_trigger.py
[2022-05-19 07:06:57,621] {logging_mixin.py:115} INFO - [2022-05-19 07:06:57,621] {dag.py:2371} INFO - Sync 1 DAGs
[2022-05-19 07:06:57,630] {logging_mixin.py:115} INFO - [2022-05-19 07:06:57,630] {dag.py:2915} INFO - Setting next_dagrun for latest_only_with_trigger to 2022-05-19T00:06:57.630173+00:00, run_after=2022-05-19T04:06:57.630173+00:00
[2022-05-19 07:06:57,637] {processor.py:161} INFO - Processing /Users/mohammadrezakhorasanchian/.pyenv/versions/3.10.4/lib/python3.10/site-packages/airflow/example_dags/example_latest_only_with_trigger.py took 0.071 seconds
[2022-05-19 08:55:09,657] {processor.py:153} INFO - Started process (PID=17008) to work on /Users/mohammadrezakhorasanchian/.pyenv/versions/3.10.4/lib/python3.10/site-packages/airflow/example_dags/example_latest_only_with_trigger.py
[2022-05-19 08:55:09,657] {processor.py:641} INFO - Processing file /Users/mohammadrezakhorasanchian/.pyenv/versions/3.10.4/lib/python3.10/site-packages/airflow/example_dags/example_latest_only_with_trigger.py for tasks to queue
[2022-05-19 08:55:09,657] {logging_mixin.py:115} INFO - [2022-05-19 08:55:09,657] {dagbag.py:507} INFO - Filling up the DagBag from /Users/mohammadrezakhorasanchian/.pyenv/versions/3.10.4/lib/python3.10/site-packages/airflow/example_dags/example_latest_only_with_trigger.py
[2022-05-19 08:55:09,675] {processor.py:651} INFO - DAG(s) dict_keys(['latest_only_with_trigger']) retrieved from /Users/mohammadrezakhorasanchian/.pyenv/versions/3.10.4/lib/python3.10/site-packages/airflow/example_dags/example_latest_only_with_trigger.py
[2022-05-19 08:55:09,741] {logging_mixin.py:115} INFO - [2022-05-19 08:55:09,741] {dag.py:2371} INFO - Sync 1 DAGs
[2022-05-19 08:55:09,757] {logging_mixin.py:115} INFO - [2022-05-19 08:55:09,757] {dag.py:2915} INFO - Setting next_dagrun for latest_only_with_trigger to 2022-05-19T01:55:09.756981+00:00, run_after=2022-05-19T05:55:09.756981+00:00
[2022-05-19 08:55:09,766] {processor.py:161} INFO - Processing /Users/mohammadrezakhorasanchian/.pyenv/versions/3.10.4/lib/python3.10/site-packages/airflow/example_dags/example_latest_only_with_trigger.py took 0.111 seconds
[2022-05-19 10:42:04,930] {processor.py:153} INFO - Started process (PID=17094) to work on /Users/mohammadrezakhorasanchian/.pyenv/versions/3.10.4/lib/python3.10/site-packages/airflow/example_dags/example_latest_only_with_trigger.py
[2022-05-19 10:42:04,932] {processor.py:641} INFO - Processing file /Users/mohammadrezakhorasanchian/.pyenv/versions/3.10.4/lib/python3.10/site-packages/airflow/example_dags/example_latest_only_with_trigger.py for tasks to queue
[2022-05-19 10:42:04,933] {logging_mixin.py:115} INFO - [2022-05-19 10:42:04,933] {dagbag.py:507} INFO - Filling up the DagBag from /Users/mohammadrezakhorasanchian/.pyenv/versions/3.10.4/lib/python3.10/site-packages/airflow/example_dags/example_latest_only_with_trigger.py
[2022-05-19 10:42:04,981] {processor.py:651} INFO - DAG(s) dict_keys(['latest_only_with_trigger']) retrieved from /Users/mohammadrezakhorasanchian/.pyenv/versions/3.10.4/lib/python3.10/site-packages/airflow/example_dags/example_latest_only_with_trigger.py
[2022-05-19 10:42:05,199] {logging_mixin.py:115} INFO - [2022-05-19 10:42:05,198] {dag.py:2371} INFO - Sync 1 DAGs
[2022-05-19 10:42:05,246] {logging_mixin.py:115} INFO - [2022-05-19 10:42:05,246] {dag.py:2915} INFO - Setting next_dagrun for latest_only_with_trigger to 2022-05-19T03:42:05.246047+00:00, run_after=2022-05-19T07:42:05.246047+00:00
[2022-05-19 10:42:05,283] {processor.py:161} INFO - Processing /Users/mohammadrezakhorasanchian/.pyenv/versions/3.10.4/lib/python3.10/site-packages/airflow/example_dags/example_latest_only_with_trigger.py took 0.355 seconds
[2022-05-19 13:59:04,731] {processor.py:153} INFO - Started process (PID=17220) to work on /Users/mohammadrezakhorasanchian/.pyenv/versions/3.10.4/lib/python3.10/site-packages/airflow/example_dags/example_latest_only_with_trigger.py
[2022-05-19 13:59:04,731] {processor.py:641} INFO - Processing file /Users/mohammadrezakhorasanchian/.pyenv/versions/3.10.4/lib/python3.10/site-packages/airflow/example_dags/example_latest_only_with_trigger.py for tasks to queue
[2022-05-19 13:59:04,731] {logging_mixin.py:115} INFO - [2022-05-19 13:59:04,731] {dagbag.py:507} INFO - Filling up the DagBag from /Users/mohammadrezakhorasanchian/.pyenv/versions/3.10.4/lib/python3.10/site-packages/airflow/example_dags/example_latest_only_with_trigger.py
[2022-05-19 13:59:04,742] {processor.py:651} INFO - DAG(s) dict_keys(['latest_only_with_trigger']) retrieved from /Users/mohammadrezakhorasanchian/.pyenv/versions/3.10.4/lib/python3.10/site-packages/airflow/example_dags/example_latest_only_with_trigger.py
[2022-05-19 13:59:04,792] {logging_mixin.py:115} INFO - [2022-05-19 13:59:04,791] {dag.py:2371} INFO - Sync 1 DAGs
[2022-05-19 13:59:04,802] {logging_mixin.py:115} INFO - [2022-05-19 13:59:04,801] {dag.py:2915} INFO - Setting next_dagrun for latest_only_with_trigger to 2022-05-19T06:59:04.801872+00:00, run_after=2022-05-19T10:59:04.801872+00:00
[2022-05-19 13:59:04,810] {processor.py:161} INFO - Processing /Users/mohammadrezakhorasanchian/.pyenv/versions/3.10.4/lib/python3.10/site-packages/airflow/example_dags/example_latest_only_with_trigger.py took 0.079 seconds
