[2022-05-19 03:30:22,235] {processor.py:153} INFO - Started process (PID=16749) to work on /Users/mohammadrezakhorasanchian/.pyenv/versions/3.10.4/lib/python3.10/site-packages/airflow/example_dags/example_trigger_target_dag.py
[2022-05-19 03:30:22,235] {processor.py:641} INFO - Processing file /Users/mohammadrezakhorasanchian/.pyenv/versions/3.10.4/lib/python3.10/site-packages/airflow/example_dags/example_trigger_target_dag.py for tasks to queue
[2022-05-19 03:30:22,235] {logging_mixin.py:115} INFO - [2022-05-19 03:30:22,235] {dagbag.py:507} INFO - Filling up the DagBag from /Users/mohammadrezakhorasanchian/.pyenv/versions/3.10.4/lib/python3.10/site-packages/airflow/example_dags/example_trigger_target_dag.py
[2022-05-19 03:30:22,258] {processor.py:651} INFO - DAG(s) dict_keys(['example_trigger_target_dag']) retrieved from /Users/mohammadrezakhorasanchian/.pyenv/versions/3.10.4/lib/python3.10/site-packages/airflow/example_dags/example_trigger_target_dag.py
[2022-05-19 03:30:22,299] {logging_mixin.py:115} INFO - [2022-05-19 03:30:22,299] {dag.py:2371} INFO - Sync 1 DAGs
[2022-05-19 03:30:22,309] {logging_mixin.py:115} INFO - [2022-05-19 03:30:22,309] {dag.py:2915} INFO - Setting next_dagrun for example_trigger_target_dag to None, run_after=None
[2022-05-19 03:30:22,318] {processor.py:161} INFO - Processing /Users/mohammadrezakhorasanchian/.pyenv/versions/3.10.4/lib/python3.10/site-packages/airflow/example_dags/example_trigger_target_dag.py took 0.083 seconds
[2022-05-19 04:24:48,644] {processor.py:153} INFO - Started process (PID=16818) to work on /Users/mohammadrezakhorasanchian/.pyenv/versions/3.10.4/lib/python3.10/site-packages/airflow/example_dags/example_trigger_target_dag.py
[2022-05-19 04:24:48,645] {processor.py:641} INFO - Processing file /Users/mohammadrezakhorasanchian/.pyenv/versions/3.10.4/lib/python3.10/site-packages/airflow/example_dags/example_trigger_target_dag.py for tasks to queue
[2022-05-19 04:24:48,646] {logging_mixin.py:115} INFO - [2022-05-19 04:24:48,646] {dagbag.py:507} INFO - Filling up the DagBag from /Users/mohammadrezakhorasanchian/.pyenv/versions/3.10.4/lib/python3.10/site-packages/airflow/example_dags/example_trigger_target_dag.py
[2022-05-19 04:24:48,668] {processor.py:651} INFO - DAG(s) dict_keys(['example_trigger_target_dag']) retrieved from /Users/mohammadrezakhorasanchian/.pyenv/versions/3.10.4/lib/python3.10/site-packages/airflow/example_dags/example_trigger_target_dag.py
[2022-05-19 04:24:48,709] {logging_mixin.py:115} INFO - [2022-05-19 04:24:48,709] {dag.py:2371} INFO - Sync 1 DAGs
[2022-05-19 04:24:48,719] {logging_mixin.py:115} INFO - [2022-05-19 04:24:48,719] {dag.py:2915} INFO - Setting next_dagrun for example_trigger_target_dag to None, run_after=None
[2022-05-19 04:24:48,726] {processor.py:161} INFO - Processing /Users/mohammadrezakhorasanchian/.pyenv/versions/3.10.4/lib/python3.10/site-packages/airflow/example_dags/example_trigger_target_dag.py took 0.082 seconds
[2022-05-19 05:18:52,398] {processor.py:153} INFO - Started process (PID=16854) to work on /Users/mohammadrezakhorasanchian/.pyenv/versions/3.10.4/lib/python3.10/site-packages/airflow/example_dags/example_trigger_target_dag.py
[2022-05-19 05:18:52,399] {processor.py:641} INFO - Processing file /Users/mohammadrezakhorasanchian/.pyenv/versions/3.10.4/lib/python3.10/site-packages/airflow/example_dags/example_trigger_target_dag.py for tasks to queue
[2022-05-19 05:18:52,400] {logging_mixin.py:115} INFO - [2022-05-19 05:18:52,400] {dagbag.py:507} INFO - Filling up the DagBag from /Users/mohammadrezakhorasanchian/.pyenv/versions/3.10.4/lib/python3.10/site-packages/airflow/example_dags/example_trigger_target_dag.py
[2022-05-19 05:18:52,422] {processor.py:651} INFO - DAG(s) dict_keys(['example_trigger_target_dag']) retrieved from /Users/mohammadrezakhorasanchian/.pyenv/versions/3.10.4/lib/python3.10/site-packages/airflow/example_dags/example_trigger_target_dag.py
[2022-05-19 05:18:52,464] {logging_mixin.py:115} INFO - [2022-05-19 05:18:52,464] {dag.py:2371} INFO - Sync 1 DAGs
[2022-05-19 05:18:52,473] {logging_mixin.py:115} INFO - [2022-05-19 05:18:52,473] {dag.py:2915} INFO - Setting next_dagrun for example_trigger_target_dag to None, run_after=None
[2022-05-19 05:18:52,481] {processor.py:161} INFO - Processing /Users/mohammadrezakhorasanchian/.pyenv/versions/3.10.4/lib/python3.10/site-packages/airflow/example_dags/example_trigger_target_dag.py took 0.083 seconds
[2022-05-19 06:13:07,281] {processor.py:153} INFO - Started process (PID=16895) to work on /Users/mohammadrezakhorasanchian/.pyenv/versions/3.10.4/lib/python3.10/site-packages/airflow/example_dags/example_trigger_target_dag.py
[2022-05-19 06:13:07,282] {processor.py:641} INFO - Processing file /Users/mohammadrezakhorasanchian/.pyenv/versions/3.10.4/lib/python3.10/site-packages/airflow/example_dags/example_trigger_target_dag.py for tasks to queue
[2022-05-19 06:13:07,283] {logging_mixin.py:115} INFO - [2022-05-19 06:13:07,283] {dagbag.py:507} INFO - Filling up the DagBag from /Users/mohammadrezakhorasanchian/.pyenv/versions/3.10.4/lib/python3.10/site-packages/airflow/example_dags/example_trigger_target_dag.py
[2022-05-19 06:13:07,310] {processor.py:651} INFO - DAG(s) dict_keys(['example_trigger_target_dag']) retrieved from /Users/mohammadrezakhorasanchian/.pyenv/versions/3.10.4/lib/python3.10/site-packages/airflow/example_dags/example_trigger_target_dag.py
[2022-05-19 06:13:07,353] {logging_mixin.py:115} INFO - [2022-05-19 06:13:07,353] {dag.py:2371} INFO - Sync 1 DAGs
[2022-05-19 06:13:07,363] {logging_mixin.py:115} INFO - [2022-05-19 06:13:07,363] {dag.py:2915} INFO - Setting next_dagrun for example_trigger_target_dag to None, run_after=None
[2022-05-19 06:13:07,373] {processor.py:161} INFO - Processing /Users/mohammadrezakhorasanchian/.pyenv/versions/3.10.4/lib/python3.10/site-packages/airflow/example_dags/example_trigger_target_dag.py took 0.093 seconds
[2022-05-19 07:07:16,815] {processor.py:153} INFO - Started process (PID=16947) to work on /Users/mohammadrezakhorasanchian/.pyenv/versions/3.10.4/lib/python3.10/site-packages/airflow/example_dags/example_trigger_target_dag.py
[2022-05-19 07:07:16,816] {processor.py:641} INFO - Processing file /Users/mohammadrezakhorasanchian/.pyenv/versions/3.10.4/lib/python3.10/site-packages/airflow/example_dags/example_trigger_target_dag.py for tasks to queue
[2022-05-19 07:07:16,817] {logging_mixin.py:115} INFO - [2022-05-19 07:07:16,817] {dagbag.py:507} INFO - Filling up the DagBag from /Users/mohammadrezakhorasanchian/.pyenv/versions/3.10.4/lib/python3.10/site-packages/airflow/example_dags/example_trigger_target_dag.py
[2022-05-19 07:07:16,844] {processor.py:651} INFO - DAG(s) dict_keys(['example_trigger_target_dag']) retrieved from /Users/mohammadrezakhorasanchian/.pyenv/versions/3.10.4/lib/python3.10/site-packages/airflow/example_dags/example_trigger_target_dag.py
[2022-05-19 07:07:16,885] {logging_mixin.py:115} INFO - [2022-05-19 07:07:16,885] {dag.py:2371} INFO - Sync 1 DAGs
[2022-05-19 07:07:16,895] {logging_mixin.py:115} INFO - [2022-05-19 07:07:16,895] {dag.py:2915} INFO - Setting next_dagrun for example_trigger_target_dag to None, run_after=None
[2022-05-19 07:07:16,901] {processor.py:161} INFO - Processing /Users/mohammadrezakhorasanchian/.pyenv/versions/3.10.4/lib/python3.10/site-packages/airflow/example_dags/example_trigger_target_dag.py took 0.087 seconds
[2022-05-19 08:01:25,985] {processor.py:153} INFO - Started process (PID=16987) to work on /Users/mohammadrezakhorasanchian/.pyenv/versions/3.10.4/lib/python3.10/site-packages/airflow/example_dags/example_trigger_target_dag.py
[2022-05-19 08:01:25,986] {processor.py:641} INFO - Processing file /Users/mohammadrezakhorasanchian/.pyenv/versions/3.10.4/lib/python3.10/site-packages/airflow/example_dags/example_trigger_target_dag.py for tasks to queue
[2022-05-19 08:01:25,987] {logging_mixin.py:115} INFO - [2022-05-19 08:01:25,987] {dagbag.py:507} INFO - Filling up the DagBag from /Users/mohammadrezakhorasanchian/.pyenv/versions/3.10.4/lib/python3.10/site-packages/airflow/example_dags/example_trigger_target_dag.py
[2022-05-19 08:01:26,008] {processor.py:651} INFO - DAG(s) dict_keys(['example_trigger_target_dag']) retrieved from /Users/mohammadrezakhorasanchian/.pyenv/versions/3.10.4/lib/python3.10/site-packages/airflow/example_dags/example_trigger_target_dag.py
[2022-05-19 08:01:26,048] {logging_mixin.py:115} INFO - [2022-05-19 08:01:26,048] {dag.py:2371} INFO - Sync 1 DAGs
[2022-05-19 08:01:26,058] {logging_mixin.py:115} INFO - [2022-05-19 08:01:26,058] {dag.py:2915} INFO - Setting next_dagrun for example_trigger_target_dag to None, run_after=None
[2022-05-19 08:01:26,068] {processor.py:161} INFO - Processing /Users/mohammadrezakhorasanchian/.pyenv/versions/3.10.4/lib/python3.10/site-packages/airflow/example_dags/example_trigger_target_dag.py took 0.083 seconds
[2022-05-19 08:55:35,862] {processor.py:153} INFO - Started process (PID=17027) to work on /Users/mohammadrezakhorasanchian/.pyenv/versions/3.10.4/lib/python3.10/site-packages/airflow/example_dags/example_trigger_target_dag.py
[2022-05-19 08:55:35,863] {processor.py:641} INFO - Processing file /Users/mohammadrezakhorasanchian/.pyenv/versions/3.10.4/lib/python3.10/site-packages/airflow/example_dags/example_trigger_target_dag.py for tasks to queue
[2022-05-19 08:55:35,864] {logging_mixin.py:115} INFO - [2022-05-19 08:55:35,864] {dagbag.py:507} INFO - Filling up the DagBag from /Users/mohammadrezakhorasanchian/.pyenv/versions/3.10.4/lib/python3.10/site-packages/airflow/example_dags/example_trigger_target_dag.py
[2022-05-19 08:55:35,885] {processor.py:651} INFO - DAG(s) dict_keys(['example_trigger_target_dag']) retrieved from /Users/mohammadrezakhorasanchian/.pyenv/versions/3.10.4/lib/python3.10/site-packages/airflow/example_dags/example_trigger_target_dag.py
[2022-05-19 08:55:35,926] {logging_mixin.py:115} INFO - [2022-05-19 08:55:35,925] {dag.py:2371} INFO - Sync 1 DAGs
[2022-05-19 08:55:35,935] {logging_mixin.py:115} INFO - [2022-05-19 08:55:35,935] {dag.py:2915} INFO - Setting next_dagrun for example_trigger_target_dag to None, run_after=None
[2022-05-19 08:55:35,942] {processor.py:161} INFO - Processing /Users/mohammadrezakhorasanchian/.pyenv/versions/3.10.4/lib/python3.10/site-packages/airflow/example_dags/example_trigger_target_dag.py took 0.080 seconds
[2022-05-19 09:51:31,215] {processor.py:153} INFO - Started process (PID=17070) to work on /Users/mohammadrezakhorasanchian/.pyenv/versions/3.10.4/lib/python3.10/site-packages/airflow/example_dags/example_trigger_target_dag.py
[2022-05-19 09:51:31,217] {processor.py:641} INFO - Processing file /Users/mohammadrezakhorasanchian/.pyenv/versions/3.10.4/lib/python3.10/site-packages/airflow/example_dags/example_trigger_target_dag.py for tasks to queue
[2022-05-19 09:51:31,218] {logging_mixin.py:115} INFO - [2022-05-19 09:51:31,218] {dagbag.py:507} INFO - Filling up the DagBag from /Users/mohammadrezakhorasanchian/.pyenv/versions/3.10.4/lib/python3.10/site-packages/airflow/example_dags/example_trigger_target_dag.py
[2022-05-19 09:51:31,326] {processor.py:651} INFO - DAG(s) dict_keys(['example_trigger_target_dag']) retrieved from /Users/mohammadrezakhorasanchian/.pyenv/versions/3.10.4/lib/python3.10/site-packages/airflow/example_dags/example_trigger_target_dag.py
[2022-05-19 09:51:31,533] {logging_mixin.py:115} INFO - [2022-05-19 09:51:31,533] {dag.py:2371} INFO - Sync 1 DAGs
[2022-05-19 09:51:31,582] {logging_mixin.py:115} INFO - [2022-05-19 09:51:31,582] {dag.py:2915} INFO - Setting next_dagrun for example_trigger_target_dag to None, run_after=None
[2022-05-19 09:51:31,612] {processor.py:161} INFO - Processing /Users/mohammadrezakhorasanchian/.pyenv/versions/3.10.4/lib/python3.10/site-packages/airflow/example_dags/example_trigger_target_dag.py took 0.399 seconds
[2022-05-19 13:58:41,882] {processor.py:153} INFO - Started process (PID=17175) to work on /Users/mohammadrezakhorasanchian/.pyenv/versions/3.10.4/lib/python3.10/site-packages/airflow/example_dags/example_trigger_target_dag.py
[2022-05-19 13:58:41,882] {processor.py:641} INFO - Processing file /Users/mohammadrezakhorasanchian/.pyenv/versions/3.10.4/lib/python3.10/site-packages/airflow/example_dags/example_trigger_target_dag.py for tasks to queue
[2022-05-19 13:58:41,882] {logging_mixin.py:115} INFO - [2022-05-19 13:58:41,882] {dagbag.py:507} INFO - Filling up the DagBag from /Users/mohammadrezakhorasanchian/.pyenv/versions/3.10.4/lib/python3.10/site-packages/airflow/example_dags/example_trigger_target_dag.py
[2022-05-19 13:58:41,904] {processor.py:651} INFO - DAG(s) dict_keys(['example_trigger_target_dag']) retrieved from /Users/mohammadrezakhorasanchian/.pyenv/versions/3.10.4/lib/python3.10/site-packages/airflow/example_dags/example_trigger_target_dag.py
[2022-05-19 13:58:41,946] {logging_mixin.py:115} INFO - [2022-05-19 13:58:41,946] {dag.py:2371} INFO - Sync 1 DAGs
[2022-05-19 13:58:41,955] {logging_mixin.py:115} INFO - [2022-05-19 13:58:41,955] {dag.py:2915} INFO - Setting next_dagrun for example_trigger_target_dag to None, run_after=None
[2022-05-19 13:58:41,963] {processor.py:161} INFO - Processing /Users/mohammadrezakhorasanchian/.pyenv/versions/3.10.4/lib/python3.10/site-packages/airflow/example_dags/example_trigger_target_dag.py took 0.082 seconds
[2022-05-19 13:59:32,911] {processor.py:153} INFO - Started process (PID=17309) to work on /Users/mohammadrezakhorasanchian/.pyenv/versions/3.10.4/lib/python3.10/site-packages/airflow/example_dags/example_trigger_target_dag.py
[2022-05-19 13:59:32,911] {processor.py:641} INFO - Processing file /Users/mohammadrezakhorasanchian/.pyenv/versions/3.10.4/lib/python3.10/site-packages/airflow/example_dags/example_trigger_target_dag.py for tasks to queue
[2022-05-19 13:59:32,912] {logging_mixin.py:115} INFO - [2022-05-19 13:59:32,912] {dagbag.py:507} INFO - Filling up the DagBag from /Users/mohammadrezakhorasanchian/.pyenv/versions/3.10.4/lib/python3.10/site-packages/airflow/example_dags/example_trigger_target_dag.py
[2022-05-19 13:59:32,935] {processor.py:651} INFO - DAG(s) dict_keys(['example_trigger_target_dag']) retrieved from /Users/mohammadrezakhorasanchian/.pyenv/versions/3.10.4/lib/python3.10/site-packages/airflow/example_dags/example_trigger_target_dag.py
[2022-05-19 13:59:32,980] {logging_mixin.py:115} INFO - [2022-05-19 13:59:32,980] {dag.py:2371} INFO - Sync 1 DAGs
[2022-05-19 13:59:32,992] {logging_mixin.py:115} INFO - [2022-05-19 13:59:32,992] {dag.py:2915} INFO - Setting next_dagrun for example_trigger_target_dag to None, run_after=None
[2022-05-19 13:59:33,000] {processor.py:161} INFO - Processing /Users/mohammadrezakhorasanchian/.pyenv/versions/3.10.4/lib/python3.10/site-packages/airflow/example_dags/example_trigger_target_dag.py took 0.090 seconds
