[2022-05-19 04:24:18,686] {processor.py:153} INFO - Started process (PID=16800) to work on /Users/mohammadrezakhorasanchian/.pyenv/versions/3.10.4/lib/python3.10/site-packages/airflow/example_dags/example_python_operator.py
[2022-05-19 04:24:18,686] {processor.py:641} INFO - Processing file /Users/mohammadrezakhorasanchian/.pyenv/versions/3.10.4/lib/python3.10/site-packages/airflow/example_dags/example_python_operator.py for tasks to queue
[2022-05-19 04:24:18,686] {logging_mixin.py:115} INFO - [2022-05-19 04:24:18,686] {dagbag.py:507} INFO - Filling up the DagBag from /Users/mohammadrezakhorasanchian/.pyenv/versions/3.10.4/lib/python3.10/site-packages/airflow/example_dags/example_python_operator.py
[2022-05-19 04:24:18,710] {processor.py:651} INFO - DAG(s) dict_keys(['example_python_operator']) retrieved from /Users/mohammadrezakhorasanchian/.pyenv/versions/3.10.4/lib/python3.10/site-packages/airflow/example_dags/example_python_operator.py
[2022-05-19 04:24:18,753] {logging_mixin.py:115} INFO - [2022-05-19 04:24:18,753] {dag.py:2371} INFO - Sync 1 DAGs
[2022-05-19 04:24:18,763] {logging_mixin.py:115} INFO - [2022-05-19 04:24:18,763] {dag.py:2915} INFO - Setting next_dagrun for example_python_operator to None, run_after=None
[2022-05-19 04:24:18,770] {processor.py:161} INFO - Processing /Users/mohammadrezakhorasanchian/.pyenv/versions/3.10.4/lib/python3.10/site-packages/airflow/example_dags/example_python_operator.py took 0.084 seconds
[2022-05-19 05:19:07,640] {processor.py:153} INFO - Started process (PID=16863) to work on /Users/mohammadrezakhorasanchian/.pyenv/versions/3.10.4/lib/python3.10/site-packages/airflow/example_dags/example_python_operator.py
[2022-05-19 05:19:07,641] {processor.py:641} INFO - Processing file /Users/mohammadrezakhorasanchian/.pyenv/versions/3.10.4/lib/python3.10/site-packages/airflow/example_dags/example_python_operator.py for tasks to queue
[2022-05-19 05:19:07,641] {logging_mixin.py:115} INFO - [2022-05-19 05:19:07,641] {dagbag.py:507} INFO - Filling up the DagBag from /Users/mohammadrezakhorasanchian/.pyenv/versions/3.10.4/lib/python3.10/site-packages/airflow/example_dags/example_python_operator.py
[2022-05-19 05:19:07,665] {processor.py:651} INFO - DAG(s) dict_keys(['example_python_operator']) retrieved from /Users/mohammadrezakhorasanchian/.pyenv/versions/3.10.4/lib/python3.10/site-packages/airflow/example_dags/example_python_operator.py
[2022-05-19 05:19:07,707] {logging_mixin.py:115} INFO - [2022-05-19 05:19:07,707] {dag.py:2371} INFO - Sync 1 DAGs
[2022-05-19 05:19:07,717] {logging_mixin.py:115} INFO - [2022-05-19 05:19:07,716] {dag.py:2915} INFO - Setting next_dagrun for example_python_operator to None, run_after=None
[2022-05-19 05:19:07,726] {processor.py:161} INFO - Processing /Users/mohammadrezakhorasanchian/.pyenv/versions/3.10.4/lib/python3.10/site-packages/airflow/example_dags/example_python_operator.py took 0.087 seconds
[2022-05-19 06:13:21,881] {processor.py:153} INFO - Started process (PID=16906) to work on /Users/mohammadrezakhorasanchian/.pyenv/versions/3.10.4/lib/python3.10/site-packages/airflow/example_dags/example_python_operator.py
[2022-05-19 06:13:21,883] {processor.py:641} INFO - Processing file /Users/mohammadrezakhorasanchian/.pyenv/versions/3.10.4/lib/python3.10/site-packages/airflow/example_dags/example_python_operator.py for tasks to queue
[2022-05-19 06:13:21,883] {logging_mixin.py:115} INFO - [2022-05-19 06:13:21,883] {dagbag.py:507} INFO - Filling up the DagBag from /Users/mohammadrezakhorasanchian/.pyenv/versions/3.10.4/lib/python3.10/site-packages/airflow/example_dags/example_python_operator.py
[2022-05-19 06:13:21,911] {processor.py:651} INFO - DAG(s) dict_keys(['example_python_operator']) retrieved from /Users/mohammadrezakhorasanchian/.pyenv/versions/3.10.4/lib/python3.10/site-packages/airflow/example_dags/example_python_operator.py
[2022-05-19 06:13:21,954] {logging_mixin.py:115} INFO - [2022-05-19 06:13:21,954] {dag.py:2371} INFO - Sync 1 DAGs
[2022-05-19 06:13:21,964] {logging_mixin.py:115} INFO - [2022-05-19 06:13:21,963] {dag.py:2915} INFO - Setting next_dagrun for example_python_operator to None, run_after=None
[2022-05-19 06:13:21,970] {processor.py:161} INFO - Processing /Users/mohammadrezakhorasanchian/.pyenv/versions/3.10.4/lib/python3.10/site-packages/airflow/example_dags/example_python_operator.py took 0.089 seconds
[2022-05-19 07:07:31,419] {processor.py:153} INFO - Started process (PID=16956) to work on /Users/mohammadrezakhorasanchian/.pyenv/versions/3.10.4/lib/python3.10/site-packages/airflow/example_dags/example_python_operator.py
[2022-05-19 07:07:31,420] {processor.py:641} INFO - Processing file /Users/mohammadrezakhorasanchian/.pyenv/versions/3.10.4/lib/python3.10/site-packages/airflow/example_dags/example_python_operator.py for tasks to queue
[2022-05-19 07:07:31,420] {logging_mixin.py:115} INFO - [2022-05-19 07:07:31,420] {dagbag.py:507} INFO - Filling up the DagBag from /Users/mohammadrezakhorasanchian/.pyenv/versions/3.10.4/lib/python3.10/site-packages/airflow/example_dags/example_python_operator.py
[2022-05-19 07:07:31,444] {processor.py:651} INFO - DAG(s) dict_keys(['example_python_operator']) retrieved from /Users/mohammadrezakhorasanchian/.pyenv/versions/3.10.4/lib/python3.10/site-packages/airflow/example_dags/example_python_operator.py
[2022-05-19 07:07:31,486] {logging_mixin.py:115} INFO - [2022-05-19 07:07:31,486] {dag.py:2371} INFO - Sync 1 DAGs
[2022-05-19 07:07:31,495] {logging_mixin.py:115} INFO - [2022-05-19 07:07:31,495] {dag.py:2915} INFO - Setting next_dagrun for example_python_operator to None, run_after=None
[2022-05-19 07:07:31,505] {processor.py:161} INFO - Processing /Users/mohammadrezakhorasanchian/.pyenv/versions/3.10.4/lib/python3.10/site-packages/airflow/example_dags/example_python_operator.py took 0.086 seconds
[2022-05-19 08:01:40,532] {processor.py:153} INFO - Started process (PID=16996) to work on /Users/mohammadrezakhorasanchian/.pyenv/versions/3.10.4/lib/python3.10/site-packages/airflow/example_dags/example_python_operator.py
[2022-05-19 08:01:40,533] {processor.py:641} INFO - Processing file /Users/mohammadrezakhorasanchian/.pyenv/versions/3.10.4/lib/python3.10/site-packages/airflow/example_dags/example_python_operator.py for tasks to queue
[2022-05-19 08:01:40,534] {logging_mixin.py:115} INFO - [2022-05-19 08:01:40,534] {dagbag.py:507} INFO - Filling up the DagBag from /Users/mohammadrezakhorasanchian/.pyenv/versions/3.10.4/lib/python3.10/site-packages/airflow/example_dags/example_python_operator.py
[2022-05-19 08:01:40,558] {processor.py:651} INFO - DAG(s) dict_keys(['example_python_operator']) retrieved from /Users/mohammadrezakhorasanchian/.pyenv/versions/3.10.4/lib/python3.10/site-packages/airflow/example_dags/example_python_operator.py
[2022-05-19 08:01:40,601] {logging_mixin.py:115} INFO - [2022-05-19 08:01:40,601] {dag.py:2371} INFO - Sync 1 DAGs
[2022-05-19 08:01:40,611] {logging_mixin.py:115} INFO - [2022-05-19 08:01:40,611] {dag.py:2915} INFO - Setting next_dagrun for example_python_operator to None, run_after=None
[2022-05-19 08:01:40,617] {processor.py:161} INFO - Processing /Users/mohammadrezakhorasanchian/.pyenv/versions/3.10.4/lib/python3.10/site-packages/airflow/example_dags/example_python_operator.py took 0.086 seconds
[2022-05-19 08:55:48,941] {processor.py:153} INFO - Started process (PID=17037) to work on /Users/mohammadrezakhorasanchian/.pyenv/versions/3.10.4/lib/python3.10/site-packages/airflow/example_dags/example_python_operator.py
[2022-05-19 08:55:48,941] {processor.py:641} INFO - Processing file /Users/mohammadrezakhorasanchian/.pyenv/versions/3.10.4/lib/python3.10/site-packages/airflow/example_dags/example_python_operator.py for tasks to queue
[2022-05-19 08:55:48,942] {logging_mixin.py:115} INFO - [2022-05-19 08:55:48,942] {dagbag.py:507} INFO - Filling up the DagBag from /Users/mohammadrezakhorasanchian/.pyenv/versions/3.10.4/lib/python3.10/site-packages/airflow/example_dags/example_python_operator.py
[2022-05-19 08:55:48,970] {processor.py:651} INFO - DAG(s) dict_keys(['example_python_operator']) retrieved from /Users/mohammadrezakhorasanchian/.pyenv/versions/3.10.4/lib/python3.10/site-packages/airflow/example_dags/example_python_operator.py
[2022-05-19 08:55:49,012] {logging_mixin.py:115} INFO - [2022-05-19 08:55:49,012] {dag.py:2371} INFO - Sync 1 DAGs
[2022-05-19 08:55:49,021] {logging_mixin.py:115} INFO - [2022-05-19 08:55:49,021] {dag.py:2915} INFO - Setting next_dagrun for example_python_operator to None, run_after=None
[2022-05-19 08:55:49,028] {processor.py:161} INFO - Processing /Users/mohammadrezakhorasanchian/.pyenv/versions/3.10.4/lib/python3.10/site-packages/airflow/example_dags/example_python_operator.py took 0.088 seconds
[2022-05-19 10:41:49,466] {processor.py:153} INFO - Started process (PID=17090) to work on /Users/mohammadrezakhorasanchian/.pyenv/versions/3.10.4/lib/python3.10/site-packages/airflow/example_dags/example_python_operator.py
[2022-05-19 10:41:49,467] {processor.py:641} INFO - Processing file /Users/mohammadrezakhorasanchian/.pyenv/versions/3.10.4/lib/python3.10/site-packages/airflow/example_dags/example_python_operator.py for tasks to queue
[2022-05-19 10:41:49,468] {logging_mixin.py:115} INFO - [2022-05-19 10:41:49,468] {dagbag.py:507} INFO - Filling up the DagBag from /Users/mohammadrezakhorasanchian/.pyenv/versions/3.10.4/lib/python3.10/site-packages/airflow/example_dags/example_python_operator.py
[2022-05-19 10:41:49,584] {processor.py:651} INFO - DAG(s) dict_keys(['example_python_operator']) retrieved from /Users/mohammadrezakhorasanchian/.pyenv/versions/3.10.4/lib/python3.10/site-packages/airflow/example_dags/example_python_operator.py
[2022-05-19 10:41:49,826] {logging_mixin.py:115} INFO - [2022-05-19 10:41:49,826] {dag.py:2371} INFO - Sync 1 DAGs
[2022-05-19 10:41:49,876] {logging_mixin.py:115} INFO - [2022-05-19 10:41:49,876] {dag.py:2915} INFO - Setting next_dagrun for example_python_operator to None, run_after=None
[2022-05-19 10:41:49,906] {processor.py:161} INFO - Processing /Users/mohammadrezakhorasanchian/.pyenv/versions/3.10.4/lib/python3.10/site-packages/airflow/example_dags/example_python_operator.py took 0.442 seconds
[2022-05-19 13:58:57,887] {processor.py:153} INFO - Started process (PID=17210) to work on /Users/mohammadrezakhorasanchian/.pyenv/versions/3.10.4/lib/python3.10/site-packages/airflow/example_dags/example_python_operator.py
[2022-05-19 13:58:57,887] {processor.py:641} INFO - Processing file /Users/mohammadrezakhorasanchian/.pyenv/versions/3.10.4/lib/python3.10/site-packages/airflow/example_dags/example_python_operator.py for tasks to queue
[2022-05-19 13:58:57,887] {logging_mixin.py:115} INFO - [2022-05-19 13:58:57,887] {dagbag.py:507} INFO - Filling up the DagBag from /Users/mohammadrezakhorasanchian/.pyenv/versions/3.10.4/lib/python3.10/site-packages/airflow/example_dags/example_python_operator.py
[2022-05-19 13:58:57,910] {processor.py:651} INFO - DAG(s) dict_keys(['example_python_operator']) retrieved from /Users/mohammadrezakhorasanchian/.pyenv/versions/3.10.4/lib/python3.10/site-packages/airflow/example_dags/example_python_operator.py
[2022-05-19 13:58:57,954] {logging_mixin.py:115} INFO - [2022-05-19 13:58:57,954] {dag.py:2371} INFO - Sync 1 DAGs
[2022-05-19 13:58:57,963] {logging_mixin.py:115} INFO - [2022-05-19 13:58:57,963] {dag.py:2915} INFO - Setting next_dagrun for example_python_operator to None, run_after=None
[2022-05-19 13:58:57,971] {processor.py:161} INFO - Processing /Users/mohammadrezakhorasanchian/.pyenv/versions/3.10.4/lib/python3.10/site-packages/airflow/example_dags/example_python_operator.py took 0.085 seconds
