[2022-05-19 03:30:26,931] {processor.py:153} INFO - Started process (PID=16752) to work on /Users/mohammadrezakhorasanchian/.pyenv/versions/3.10.4/lib/python3.10/site-packages/airflow/example_dags/example_task_group_decorator.py
[2022-05-19 03:30:26,931] {processor.py:641} INFO - Processing file /Users/mohammadrezakhorasanchian/.pyenv/versions/3.10.4/lib/python3.10/site-packages/airflow/example_dags/example_task_group_decorator.py for tasks to queue
[2022-05-19 03:30:26,931] {logging_mixin.py:115} INFO - [2022-05-19 03:30:26,931] {dagbag.py:507} INFO - Filling up the DagBag from /Users/mohammadrezakhorasanchian/.pyenv/versions/3.10.4/lib/python3.10/site-packages/airflow/example_dags/example_task_group_decorator.py
[2022-05-19 03:30:26,960] {processor.py:651} INFO - DAG(s) dict_keys(['example_task_group_decorator']) retrieved from /Users/mohammadrezakhorasanchian/.pyenv/versions/3.10.4/lib/python3.10/site-packages/airflow/example_dags/example_task_group_decorator.py
[2022-05-19 03:30:27,350] {logging_mixin.py:115} INFO - [2022-05-19 03:30:27,350] {dag.py:2371} INFO - Sync 1 DAGs
[2022-05-19 03:30:27,359] {logging_mixin.py:115} INFO - [2022-05-19 03:30:27,359] {dag.py:2915} INFO - Setting next_dagrun for example_task_group_decorator to 2022-05-18T00:30:27.359681+00:00, run_after=2022-05-19T00:30:27.359681+00:00
[2022-05-19 03:30:27,370] {processor.py:161} INFO - Processing /Users/mohammadrezakhorasanchian/.pyenv/versions/3.10.4/lib/python3.10/site-packages/airflow/example_dags/example_task_group_decorator.py took 0.440 seconds
[2022-05-19 04:24:52,674] {processor.py:153} INFO - Started process (PID=16821) to work on /Users/mohammadrezakhorasanchian/.pyenv/versions/3.10.4/lib/python3.10/site-packages/airflow/example_dags/example_task_group_decorator.py
[2022-05-19 04:24:52,675] {processor.py:641} INFO - Processing file /Users/mohammadrezakhorasanchian/.pyenv/versions/3.10.4/lib/python3.10/site-packages/airflow/example_dags/example_task_group_decorator.py for tasks to queue
[2022-05-19 04:24:52,675] {logging_mixin.py:115} INFO - [2022-05-19 04:24:52,675] {dagbag.py:507} INFO - Filling up the DagBag from /Users/mohammadrezakhorasanchian/.pyenv/versions/3.10.4/lib/python3.10/site-packages/airflow/example_dags/example_task_group_decorator.py
[2022-05-19 04:24:52,704] {processor.py:651} INFO - DAG(s) dict_keys(['example_task_group_decorator']) retrieved from /Users/mohammadrezakhorasanchian/.pyenv/versions/3.10.4/lib/python3.10/site-packages/airflow/example_dags/example_task_group_decorator.py
[2022-05-19 04:24:53,103] {logging_mixin.py:115} INFO - [2022-05-19 04:24:53,103] {dag.py:2371} INFO - Sync 1 DAGs
[2022-05-19 04:24:53,112] {logging_mixin.py:115} INFO - [2022-05-19 04:24:53,112] {dag.py:2915} INFO - Setting next_dagrun for example_task_group_decorator to 2022-05-18T01:24:53.112757+00:00, run_after=2022-05-19T01:24:53.112757+00:00
[2022-05-19 04:24:53,121] {processor.py:161} INFO - Processing /Users/mohammadrezakhorasanchian/.pyenv/versions/3.10.4/lib/python3.10/site-packages/airflow/example_dags/example_task_group_decorator.py took 0.447 seconds
[2022-05-19 05:18:57,151] {processor.py:153} INFO - Started process (PID=16857) to work on /Users/mohammadrezakhorasanchian/.pyenv/versions/3.10.4/lib/python3.10/site-packages/airflow/example_dags/example_task_group_decorator.py
[2022-05-19 05:18:57,152] {processor.py:641} INFO - Processing file /Users/mohammadrezakhorasanchian/.pyenv/versions/3.10.4/lib/python3.10/site-packages/airflow/example_dags/example_task_group_decorator.py for tasks to queue
[2022-05-19 05:18:57,152] {logging_mixin.py:115} INFO - [2022-05-19 05:18:57,152] {dagbag.py:507} INFO - Filling up the DagBag from /Users/mohammadrezakhorasanchian/.pyenv/versions/3.10.4/lib/python3.10/site-packages/airflow/example_dags/example_task_group_decorator.py
[2022-05-19 05:18:57,182] {processor.py:651} INFO - DAG(s) dict_keys(['example_task_group_decorator']) retrieved from /Users/mohammadrezakhorasanchian/.pyenv/versions/3.10.4/lib/python3.10/site-packages/airflow/example_dags/example_task_group_decorator.py
[2022-05-19 05:18:57,573] {logging_mixin.py:115} INFO - [2022-05-19 05:18:57,573] {dag.py:2371} INFO - Sync 1 DAGs
[2022-05-19 05:18:57,582] {logging_mixin.py:115} INFO - [2022-05-19 05:18:57,582] {dag.py:2915} INFO - Setting next_dagrun for example_task_group_decorator to 2022-05-18T02:18:57.582761+00:00, run_after=2022-05-19T02:18:57.582761+00:00
[2022-05-19 05:18:57,591] {processor.py:161} INFO - Processing /Users/mohammadrezakhorasanchian/.pyenv/versions/3.10.4/lib/python3.10/site-packages/airflow/example_dags/example_task_group_decorator.py took 0.441 seconds
[2022-05-19 06:13:11,407] {processor.py:153} INFO - Started process (PID=16900) to work on /Users/mohammadrezakhorasanchian/.pyenv/versions/3.10.4/lib/python3.10/site-packages/airflow/example_dags/example_task_group_decorator.py
[2022-05-19 06:13:11,408] {processor.py:641} INFO - Processing file /Users/mohammadrezakhorasanchian/.pyenv/versions/3.10.4/lib/python3.10/site-packages/airflow/example_dags/example_task_group_decorator.py for tasks to queue
[2022-05-19 06:13:11,409] {logging_mixin.py:115} INFO - [2022-05-19 06:13:11,409] {dagbag.py:507} INFO - Filling up the DagBag from /Users/mohammadrezakhorasanchian/.pyenv/versions/3.10.4/lib/python3.10/site-packages/airflow/example_dags/example_task_group_decorator.py
[2022-05-19 06:13:11,442] {processor.py:651} INFO - DAG(s) dict_keys(['example_task_group_decorator']) retrieved from /Users/mohammadrezakhorasanchian/.pyenv/versions/3.10.4/lib/python3.10/site-packages/airflow/example_dags/example_task_group_decorator.py
[2022-05-19 06:13:11,832] {logging_mixin.py:115} INFO - [2022-05-19 06:13:11,832] {dag.py:2371} INFO - Sync 1 DAGs
[2022-05-19 06:13:11,841] {logging_mixin.py:115} INFO - [2022-05-19 06:13:11,841] {dag.py:2915} INFO - Setting next_dagrun for example_task_group_decorator to 2022-05-18T03:13:11.841271+00:00, run_after=2022-05-19T03:13:11.841271+00:00
[2022-05-19 06:13:11,849] {processor.py:161} INFO - Processing /Users/mohammadrezakhorasanchian/.pyenv/versions/3.10.4/lib/python3.10/site-packages/airflow/example_dags/example_task_group_decorator.py took 0.443 seconds
[2022-05-19 07:07:20,822] {processor.py:153} INFO - Started process (PID=16950) to work on /Users/mohammadrezakhorasanchian/.pyenv/versions/3.10.4/lib/python3.10/site-packages/airflow/example_dags/example_task_group_decorator.py
[2022-05-19 07:07:20,823] {processor.py:641} INFO - Processing file /Users/mohammadrezakhorasanchian/.pyenv/versions/3.10.4/lib/python3.10/site-packages/airflow/example_dags/example_task_group_decorator.py for tasks to queue
[2022-05-19 07:07:20,823] {logging_mixin.py:115} INFO - [2022-05-19 07:07:20,823] {dagbag.py:507} INFO - Filling up the DagBag from /Users/mohammadrezakhorasanchian/.pyenv/versions/3.10.4/lib/python3.10/site-packages/airflow/example_dags/example_task_group_decorator.py
[2022-05-19 07:07:20,853] {processor.py:651} INFO - DAG(s) dict_keys(['example_task_group_decorator']) retrieved from /Users/mohammadrezakhorasanchian/.pyenv/versions/3.10.4/lib/python3.10/site-packages/airflow/example_dags/example_task_group_decorator.py
[2022-05-19 07:07:21,242] {logging_mixin.py:115} INFO - [2022-05-19 07:07:21,242] {dag.py:2371} INFO - Sync 1 DAGs
[2022-05-19 07:07:21,251] {logging_mixin.py:115} INFO - [2022-05-19 07:07:21,251] {dag.py:2915} INFO - Setting next_dagrun for example_task_group_decorator to 2022-05-18T04:07:21.251477+00:00, run_after=2022-05-19T04:07:21.251477+00:00
[2022-05-19 07:07:21,260] {processor.py:161} INFO - Processing /Users/mohammadrezakhorasanchian/.pyenv/versions/3.10.4/lib/python3.10/site-packages/airflow/example_dags/example_task_group_decorator.py took 0.438 seconds
[2022-05-19 08:01:29,978] {processor.py:153} INFO - Started process (PID=16990) to work on /Users/mohammadrezakhorasanchian/.pyenv/versions/3.10.4/lib/python3.10/site-packages/airflow/example_dags/example_task_group_decorator.py
[2022-05-19 08:01:29,979] {processor.py:641} INFO - Processing file /Users/mohammadrezakhorasanchian/.pyenv/versions/3.10.4/lib/python3.10/site-packages/airflow/example_dags/example_task_group_decorator.py for tasks to queue
[2022-05-19 08:01:29,980] {logging_mixin.py:115} INFO - [2022-05-19 08:01:29,980] {dagbag.py:507} INFO - Filling up the DagBag from /Users/mohammadrezakhorasanchian/.pyenv/versions/3.10.4/lib/python3.10/site-packages/airflow/example_dags/example_task_group_decorator.py
[2022-05-19 08:01:30,015] {processor.py:651} INFO - DAG(s) dict_keys(['example_task_group_decorator']) retrieved from /Users/mohammadrezakhorasanchian/.pyenv/versions/3.10.4/lib/python3.10/site-packages/airflow/example_dags/example_task_group_decorator.py
[2022-05-19 08:01:30,412] {logging_mixin.py:115} INFO - [2022-05-19 08:01:30,412] {dag.py:2371} INFO - Sync 1 DAGs
[2022-05-19 08:01:30,422] {logging_mixin.py:115} INFO - [2022-05-19 08:01:30,422] {dag.py:2915} INFO - Setting next_dagrun for example_task_group_decorator to 2022-05-18T05:01:30.422633+00:00, run_after=2022-05-19T05:01:30.422633+00:00
[2022-05-19 08:01:30,430] {processor.py:161} INFO - Processing /Users/mohammadrezakhorasanchian/.pyenv/versions/3.10.4/lib/python3.10/site-packages/airflow/example_dags/example_task_group_decorator.py took 0.452 seconds
[2022-05-19 08:55:39,388] {processor.py:153} INFO - Started process (PID=17030) to work on /Users/mohammadrezakhorasanchian/.pyenv/versions/3.10.4/lib/python3.10/site-packages/airflow/example_dags/example_task_group_decorator.py
[2022-05-19 08:55:39,388] {processor.py:641} INFO - Processing file /Users/mohammadrezakhorasanchian/.pyenv/versions/3.10.4/lib/python3.10/site-packages/airflow/example_dags/example_task_group_decorator.py for tasks to queue
[2022-05-19 08:55:39,389] {logging_mixin.py:115} INFO - [2022-05-19 08:55:39,389] {dagbag.py:507} INFO - Filling up the DagBag from /Users/mohammadrezakhorasanchian/.pyenv/versions/3.10.4/lib/python3.10/site-packages/airflow/example_dags/example_task_group_decorator.py
[2022-05-19 08:55:39,418] {processor.py:651} INFO - DAG(s) dict_keys(['example_task_group_decorator']) retrieved from /Users/mohammadrezakhorasanchian/.pyenv/versions/3.10.4/lib/python3.10/site-packages/airflow/example_dags/example_task_group_decorator.py
[2022-05-19 08:55:39,806] {logging_mixin.py:115} INFO - [2022-05-19 08:55:39,806] {dag.py:2371} INFO - Sync 1 DAGs
[2022-05-19 08:55:39,815] {logging_mixin.py:115} INFO - [2022-05-19 08:55:39,815] {dag.py:2915} INFO - Setting next_dagrun for example_task_group_decorator to 2022-05-18T05:55:39.815473+00:00, run_after=2022-05-19T05:55:39.815473+00:00
[2022-05-19 08:55:39,826] {processor.py:161} INFO - Processing /Users/mohammadrezakhorasanchian/.pyenv/versions/3.10.4/lib/python3.10/site-packages/airflow/example_dags/example_task_group_decorator.py took 0.438 seconds
[2022-05-19 10:41:35,738] {processor.py:153} INFO - Started process (PID=17082) to work on /Users/mohammadrezakhorasanchian/.pyenv/versions/3.10.4/lib/python3.10/site-packages/airflow/example_dags/example_task_group_decorator.py
[2022-05-19 10:41:35,738] {processor.py:641} INFO - Processing file /Users/mohammadrezakhorasanchian/.pyenv/versions/3.10.4/lib/python3.10/site-packages/airflow/example_dags/example_task_group_decorator.py for tasks to queue
[2022-05-19 10:41:35,738] {logging_mixin.py:115} INFO - [2022-05-19 10:41:35,738] {dagbag.py:507} INFO - Filling up the DagBag from /Users/mohammadrezakhorasanchian/.pyenv/versions/3.10.4/lib/python3.10/site-packages/airflow/example_dags/example_task_group_decorator.py
[2022-05-19 10:41:35,774] {processor.py:651} INFO - DAG(s) dict_keys(['example_task_group_decorator']) retrieved from /Users/mohammadrezakhorasanchian/.pyenv/versions/3.10.4/lib/python3.10/site-packages/airflow/example_dags/example_task_group_decorator.py
[2022-05-19 10:41:36,250] {logging_mixin.py:115} INFO - [2022-05-19 10:41:36,250] {dag.py:2371} INFO - Sync 1 DAGs
[2022-05-19 10:41:36,261] {logging_mixin.py:115} INFO - [2022-05-19 10:41:36,260] {dag.py:2915} INFO - Setting next_dagrun for example_task_group_decorator to 2022-05-18T07:41:36.260874+00:00, run_after=2022-05-19T07:41:36.260874+00:00
[2022-05-19 10:41:36,272] {processor.py:161} INFO - Processing /Users/mohammadrezakhorasanchian/.pyenv/versions/3.10.4/lib/python3.10/site-packages/airflow/example_dags/example_task_group_decorator.py took 0.534 seconds
[2022-05-19 13:58:46,971] {processor.py:153} INFO - Started process (PID=17184) to work on /Users/mohammadrezakhorasanchian/.pyenv/versions/3.10.4/lib/python3.10/site-packages/airflow/example_dags/example_task_group_decorator.py
[2022-05-19 13:58:46,971] {processor.py:641} INFO - Processing file /Users/mohammadrezakhorasanchian/.pyenv/versions/3.10.4/lib/python3.10/site-packages/airflow/example_dags/example_task_group_decorator.py for tasks to queue
[2022-05-19 13:58:46,971] {logging_mixin.py:115} INFO - [2022-05-19 13:58:46,971] {dagbag.py:507} INFO - Filling up the DagBag from /Users/mohammadrezakhorasanchian/.pyenv/versions/3.10.4/lib/python3.10/site-packages/airflow/example_dags/example_task_group_decorator.py
[2022-05-19 13:58:47,006] {processor.py:651} INFO - DAG(s) dict_keys(['example_task_group_decorator']) retrieved from /Users/mohammadrezakhorasanchian/.pyenv/versions/3.10.4/lib/python3.10/site-packages/airflow/example_dags/example_task_group_decorator.py
[2022-05-19 13:58:47,479] {logging_mixin.py:115} INFO - [2022-05-19 13:58:47,479] {dag.py:2371} INFO - Sync 1 DAGs
[2022-05-19 13:58:47,489] {logging_mixin.py:115} INFO - [2022-05-19 13:58:47,489] {dag.py:2915} INFO - Setting next_dagrun for example_task_group_decorator to 2022-05-18T10:58:47.489109+00:00, run_after=2022-05-19T10:58:47.489109+00:00
[2022-05-19 13:58:47,497] {processor.py:161} INFO - Processing /Users/mohammadrezakhorasanchian/.pyenv/versions/3.10.4/lib/python3.10/site-packages/airflow/example_dags/example_task_group_decorator.py took 0.527 seconds
