[2022-05-19 03:30:25,621] {processor.py:153} INFO - Started process (PID=16751) to work on /Users/mohammadrezakhorasanchian/.pyenv/versions/3.10.4/lib/python3.10/site-packages/airflow/example_dags/example_time_delta_sensor_async.py
[2022-05-19 03:30:25,622] {processor.py:641} INFO - Processing file /Users/mohammadrezakhorasanchian/.pyenv/versions/3.10.4/lib/python3.10/site-packages/airflow/example_dags/example_time_delta_sensor_async.py for tasks to queue
[2022-05-19 03:30:25,622] {logging_mixin.py:115} INFO - [2022-05-19 03:30:25,622] {dagbag.py:507} INFO - Filling up the DagBag from /Users/mohammadrezakhorasanchian/.pyenv/versions/3.10.4/lib/python3.10/site-packages/airflow/example_dags/example_time_delta_sensor_async.py
[2022-05-19 03:30:25,630] {processor.py:651} INFO - DAG(s) dict_keys(['example_time_delta_sensor_async']) retrieved from /Users/mohammadrezakhorasanchian/.pyenv/versions/3.10.4/lib/python3.10/site-packages/airflow/example_dags/example_time_delta_sensor_async.py
[2022-05-19 03:30:25,679] {logging_mixin.py:115} INFO - [2022-05-19 03:30:25,679] {dag.py:2371} INFO - Sync 1 DAGs
[2022-05-19 03:30:25,689] {logging_mixin.py:115} INFO - [2022-05-19 03:30:25,689] {dag.py:2915} INFO - Setting next_dagrun for example_time_delta_sensor_async to None, run_after=None
[2022-05-19 03:30:25,695] {processor.py:161} INFO - Processing /Users/mohammadrezakhorasanchian/.pyenv/versions/3.10.4/lib/python3.10/site-packages/airflow/example_dags/example_time_delta_sensor_async.py took 0.074 seconds
[2022-05-19 04:24:51,974] {processor.py:153} INFO - Started process (PID=16820) to work on /Users/mohammadrezakhorasanchian/.pyenv/versions/3.10.4/lib/python3.10/site-packages/airflow/example_dags/example_time_delta_sensor_async.py
[2022-05-19 04:24:51,976] {processor.py:641} INFO - Processing file /Users/mohammadrezakhorasanchian/.pyenv/versions/3.10.4/lib/python3.10/site-packages/airflow/example_dags/example_time_delta_sensor_async.py for tasks to queue
[2022-05-19 04:24:51,976] {logging_mixin.py:115} INFO - [2022-05-19 04:24:51,976] {dagbag.py:507} INFO - Filling up the DagBag from /Users/mohammadrezakhorasanchian/.pyenv/versions/3.10.4/lib/python3.10/site-packages/airflow/example_dags/example_time_delta_sensor_async.py
[2022-05-19 04:24:51,988] {processor.py:651} INFO - DAG(s) dict_keys(['example_time_delta_sensor_async']) retrieved from /Users/mohammadrezakhorasanchian/.pyenv/versions/3.10.4/lib/python3.10/site-packages/airflow/example_dags/example_time_delta_sensor_async.py
[2022-05-19 04:24:52,034] {logging_mixin.py:115} INFO - [2022-05-19 04:24:52,034] {dag.py:2371} INFO - Sync 1 DAGs
[2022-05-19 04:24:52,043] {logging_mixin.py:115} INFO - [2022-05-19 04:24:52,043] {dag.py:2915} INFO - Setting next_dagrun for example_time_delta_sensor_async to None, run_after=None
[2022-05-19 04:24:52,053] {processor.py:161} INFO - Processing /Users/mohammadrezakhorasanchian/.pyenv/versions/3.10.4/lib/python3.10/site-packages/airflow/example_dags/example_time_delta_sensor_async.py took 0.079 seconds
[2022-05-19 05:18:55,735] {processor.py:153} INFO - Started process (PID=16856) to work on /Users/mohammadrezakhorasanchian/.pyenv/versions/3.10.4/lib/python3.10/site-packages/airflow/example_dags/example_time_delta_sensor_async.py
[2022-05-19 05:18:55,736] {processor.py:641} INFO - Processing file /Users/mohammadrezakhorasanchian/.pyenv/versions/3.10.4/lib/python3.10/site-packages/airflow/example_dags/example_time_delta_sensor_async.py for tasks to queue
[2022-05-19 05:18:55,737] {logging_mixin.py:115} INFO - [2022-05-19 05:18:55,737] {dagbag.py:507} INFO - Filling up the DagBag from /Users/mohammadrezakhorasanchian/.pyenv/versions/3.10.4/lib/python3.10/site-packages/airflow/example_dags/example_time_delta_sensor_async.py
[2022-05-19 05:18:55,752] {processor.py:651} INFO - DAG(s) dict_keys(['example_time_delta_sensor_async']) retrieved from /Users/mohammadrezakhorasanchian/.pyenv/versions/3.10.4/lib/python3.10/site-packages/airflow/example_dags/example_time_delta_sensor_async.py
[2022-05-19 05:18:55,800] {logging_mixin.py:115} INFO - [2022-05-19 05:18:55,800] {dag.py:2371} INFO - Sync 1 DAGs
[2022-05-19 05:18:55,809] {logging_mixin.py:115} INFO - [2022-05-19 05:18:55,809] {dag.py:2915} INFO - Setting next_dagrun for example_time_delta_sensor_async to None, run_after=None
[2022-05-19 05:18:55,816] {processor.py:161} INFO - Processing /Users/mohammadrezakhorasanchian/.pyenv/versions/3.10.4/lib/python3.10/site-packages/airflow/example_dags/example_time_delta_sensor_async.py took 0.082 seconds
[2022-05-19 06:13:09,717] {processor.py:153} INFO - Started process (PID=16898) to work on /Users/mohammadrezakhorasanchian/.pyenv/versions/3.10.4/lib/python3.10/site-packages/airflow/example_dags/example_time_delta_sensor_async.py
[2022-05-19 06:13:09,718] {processor.py:641} INFO - Processing file /Users/mohammadrezakhorasanchian/.pyenv/versions/3.10.4/lib/python3.10/site-packages/airflow/example_dags/example_time_delta_sensor_async.py for tasks to queue
[2022-05-19 06:13:09,719] {logging_mixin.py:115} INFO - [2022-05-19 06:13:09,719] {dagbag.py:507} INFO - Filling up the DagBag from /Users/mohammadrezakhorasanchian/.pyenv/versions/3.10.4/lib/python3.10/site-packages/airflow/example_dags/example_time_delta_sensor_async.py
[2022-05-19 06:13:09,734] {processor.py:651} INFO - DAG(s) dict_keys(['example_time_delta_sensor_async']) retrieved from /Users/mohammadrezakhorasanchian/.pyenv/versions/3.10.4/lib/python3.10/site-packages/airflow/example_dags/example_time_delta_sensor_async.py
[2022-05-19 06:13:09,785] {logging_mixin.py:115} INFO - [2022-05-19 06:13:09,785] {dag.py:2371} INFO - Sync 1 DAGs
[2022-05-19 06:13:09,795] {logging_mixin.py:115} INFO - [2022-05-19 06:13:09,795] {dag.py:2915} INFO - Setting next_dagrun for example_time_delta_sensor_async to None, run_after=None
[2022-05-19 06:13:09,804] {processor.py:161} INFO - Processing /Users/mohammadrezakhorasanchian/.pyenv/versions/3.10.4/lib/python3.10/site-packages/airflow/example_dags/example_time_delta_sensor_async.py took 0.087 seconds
[2022-05-19 07:07:19,241] {processor.py:153} INFO - Started process (PID=16949) to work on /Users/mohammadrezakhorasanchian/.pyenv/versions/3.10.4/lib/python3.10/site-packages/airflow/example_dags/example_time_delta_sensor_async.py
[2022-05-19 07:07:19,241] {processor.py:641} INFO - Processing file /Users/mohammadrezakhorasanchian/.pyenv/versions/3.10.4/lib/python3.10/site-packages/airflow/example_dags/example_time_delta_sensor_async.py for tasks to queue
[2022-05-19 07:07:19,242] {logging_mixin.py:115} INFO - [2022-05-19 07:07:19,242] {dagbag.py:507} INFO - Filling up the DagBag from /Users/mohammadrezakhorasanchian/.pyenv/versions/3.10.4/lib/python3.10/site-packages/airflow/example_dags/example_time_delta_sensor_async.py
[2022-05-19 07:07:19,257] {processor.py:651} INFO - DAG(s) dict_keys(['example_time_delta_sensor_async']) retrieved from /Users/mohammadrezakhorasanchian/.pyenv/versions/3.10.4/lib/python3.10/site-packages/airflow/example_dags/example_time_delta_sensor_async.py
[2022-05-19 07:07:19,307] {logging_mixin.py:115} INFO - [2022-05-19 07:07:19,307] {dag.py:2371} INFO - Sync 1 DAGs
[2022-05-19 07:07:19,317] {logging_mixin.py:115} INFO - [2022-05-19 07:07:19,317] {dag.py:2915} INFO - Setting next_dagrun for example_time_delta_sensor_async to None, run_after=None
[2022-05-19 07:07:19,324] {processor.py:161} INFO - Processing /Users/mohammadrezakhorasanchian/.pyenv/versions/3.10.4/lib/python3.10/site-packages/airflow/example_dags/example_time_delta_sensor_async.py took 0.084 seconds
[2022-05-19 08:01:28,600] {processor.py:153} INFO - Started process (PID=16989) to work on /Users/mohammadrezakhorasanchian/.pyenv/versions/3.10.4/lib/python3.10/site-packages/airflow/example_dags/example_time_delta_sensor_async.py
[2022-05-19 08:01:28,601] {processor.py:641} INFO - Processing file /Users/mohammadrezakhorasanchian/.pyenv/versions/3.10.4/lib/python3.10/site-packages/airflow/example_dags/example_time_delta_sensor_async.py for tasks to queue
[2022-05-19 08:01:28,601] {logging_mixin.py:115} INFO - [2022-05-19 08:01:28,601] {dagbag.py:507} INFO - Filling up the DagBag from /Users/mohammadrezakhorasanchian/.pyenv/versions/3.10.4/lib/python3.10/site-packages/airflow/example_dags/example_time_delta_sensor_async.py
[2022-05-19 08:01:28,613] {processor.py:651} INFO - DAG(s) dict_keys(['example_time_delta_sensor_async']) retrieved from /Users/mohammadrezakhorasanchian/.pyenv/versions/3.10.4/lib/python3.10/site-packages/airflow/example_dags/example_time_delta_sensor_async.py
[2022-05-19 08:01:28,661] {logging_mixin.py:115} INFO - [2022-05-19 08:01:28,661] {dag.py:2371} INFO - Sync 1 DAGs
[2022-05-19 08:01:28,671] {logging_mixin.py:115} INFO - [2022-05-19 08:01:28,671] {dag.py:2915} INFO - Setting next_dagrun for example_time_delta_sensor_async to None, run_after=None
[2022-05-19 08:01:28,678] {processor.py:161} INFO - Processing /Users/mohammadrezakhorasanchian/.pyenv/versions/3.10.4/lib/python3.10/site-packages/airflow/example_dags/example_time_delta_sensor_async.py took 0.079 seconds
[2022-05-19 08:55:38,250] {processor.py:153} INFO - Started process (PID=17029) to work on /Users/mohammadrezakhorasanchian/.pyenv/versions/3.10.4/lib/python3.10/site-packages/airflow/example_dags/example_time_delta_sensor_async.py
[2022-05-19 08:55:38,251] {processor.py:641} INFO - Processing file /Users/mohammadrezakhorasanchian/.pyenv/versions/3.10.4/lib/python3.10/site-packages/airflow/example_dags/example_time_delta_sensor_async.py for tasks to queue
[2022-05-19 08:55:38,251] {logging_mixin.py:115} INFO - [2022-05-19 08:55:38,251] {dagbag.py:507} INFO - Filling up the DagBag from /Users/mohammadrezakhorasanchian/.pyenv/versions/3.10.4/lib/python3.10/site-packages/airflow/example_dags/example_time_delta_sensor_async.py
[2022-05-19 08:55:38,261] {processor.py:651} INFO - DAG(s) dict_keys(['example_time_delta_sensor_async']) retrieved from /Users/mohammadrezakhorasanchian/.pyenv/versions/3.10.4/lib/python3.10/site-packages/airflow/example_dags/example_time_delta_sensor_async.py
[2022-05-19 08:55:38,310] {logging_mixin.py:115} INFO - [2022-05-19 08:55:38,310] {dag.py:2371} INFO - Sync 1 DAGs
[2022-05-19 08:55:38,320] {logging_mixin.py:115} INFO - [2022-05-19 08:55:38,320] {dag.py:2915} INFO - Setting next_dagrun for example_time_delta_sensor_async to None, run_after=None
[2022-05-19 08:55:38,326] {processor.py:161} INFO - Processing /Users/mohammadrezakhorasanchian/.pyenv/versions/3.10.4/lib/python3.10/site-packages/airflow/example_dags/example_time_delta_sensor_async.py took 0.077 seconds
[2022-05-19 10:41:34,436] {processor.py:153} INFO - Started process (PID=17072) to work on /Users/mohammadrezakhorasanchian/.pyenv/versions/3.10.4/lib/python3.10/site-packages/airflow/example_dags/example_time_delta_sensor_async.py
[2022-05-19 10:41:34,452] {processor.py:641} INFO - Processing file /Users/mohammadrezakhorasanchian/.pyenv/versions/3.10.4/lib/python3.10/site-packages/airflow/example_dags/example_time_delta_sensor_async.py for tasks to queue
[2022-05-19 10:41:34,452] {logging_mixin.py:115} INFO - [2022-05-19 10:41:34,452] {dagbag.py:507} INFO - Filling up the DagBag from /Users/mohammadrezakhorasanchian/.pyenv/versions/3.10.4/lib/python3.10/site-packages/airflow/example_dags/example_time_delta_sensor_async.py
[2022-05-19 10:41:34,469] {processor.py:651} INFO - DAG(s) dict_keys(['example_time_delta_sensor_async']) retrieved from /Users/mohammadrezakhorasanchian/.pyenv/versions/3.10.4/lib/python3.10/site-packages/airflow/example_dags/example_time_delta_sensor_async.py
[2022-05-19 10:41:34,560] {logging_mixin.py:115} INFO - [2022-05-19 10:41:34,560] {dag.py:2371} INFO - Sync 1 DAGs
[2022-05-19 10:41:34,576] {logging_mixin.py:115} INFO - [2022-05-19 10:41:34,576] {dag.py:2915} INFO - Setting next_dagrun for example_time_delta_sensor_async to None, run_after=None
[2022-05-19 10:41:34,586] {processor.py:161} INFO - Processing /Users/mohammadrezakhorasanchian/.pyenv/versions/3.10.4/lib/python3.10/site-packages/airflow/example_dags/example_time_delta_sensor_async.py took 0.150 seconds
[2022-05-19 13:58:45,385] {processor.py:153} INFO - Started process (PID=17183) to work on /Users/mohammadrezakhorasanchian/.pyenv/versions/3.10.4/lib/python3.10/site-packages/airflow/example_dags/example_time_delta_sensor_async.py
[2022-05-19 13:58:45,385] {processor.py:641} INFO - Processing file /Users/mohammadrezakhorasanchian/.pyenv/versions/3.10.4/lib/python3.10/site-packages/airflow/example_dags/example_time_delta_sensor_async.py for tasks to queue
[2022-05-19 13:58:45,385] {logging_mixin.py:115} INFO - [2022-05-19 13:58:45,385] {dagbag.py:507} INFO - Filling up the DagBag from /Users/mohammadrezakhorasanchian/.pyenv/versions/3.10.4/lib/python3.10/site-packages/airflow/example_dags/example_time_delta_sensor_async.py
[2022-05-19 13:58:45,394] {processor.py:651} INFO - DAG(s) dict_keys(['example_time_delta_sensor_async']) retrieved from /Users/mohammadrezakhorasanchian/.pyenv/versions/3.10.4/lib/python3.10/site-packages/airflow/example_dags/example_time_delta_sensor_async.py
[2022-05-19 13:58:45,443] {logging_mixin.py:115} INFO - [2022-05-19 13:58:45,443] {dag.py:2371} INFO - Sync 1 DAGs
[2022-05-19 13:58:45,453] {logging_mixin.py:115} INFO - [2022-05-19 13:58:45,452] {dag.py:2915} INFO - Setting next_dagrun for example_time_delta_sensor_async to None, run_after=None
[2022-05-19 13:58:45,460] {processor.py:161} INFO - Processing /Users/mohammadrezakhorasanchian/.pyenv/versions/3.10.4/lib/python3.10/site-packages/airflow/example_dags/example_time_delta_sensor_async.py took 0.076 seconds
