[2022-05-19 03:30:04,201] {processor.py:153} INFO - Started process (PID=16735) to work on /Users/mohammadrezakhorasanchian/.pyenv/versions/3.10.4/lib/python3.10/site-packages/airflow/example_dags/example_branch_datetime_operator.py
[2022-05-19 03:30:04,201] {processor.py:641} INFO - Processing file /Users/mohammadrezakhorasanchian/.pyenv/versions/3.10.4/lib/python3.10/site-packages/airflow/example_dags/example_branch_datetime_operator.py for tasks to queue
[2022-05-19 03:30:04,201] {logging_mixin.py:115} INFO - [2022-05-19 03:30:04,201] {dagbag.py:507} INFO - Filling up the DagBag from /Users/mohammadrezakhorasanchian/.pyenv/versions/3.10.4/lib/python3.10/site-packages/airflow/example_dags/example_branch_datetime_operator.py
[2022-05-19 03:30:04,211] {processor.py:651} INFO - DAG(s) dict_keys(['example_branch_datetime_operator_2']) retrieved from /Users/mohammadrezakhorasanchian/.pyenv/versions/3.10.4/lib/python3.10/site-packages/airflow/example_dags/example_branch_datetime_operator.py
[2022-05-19 03:30:04,253] {logging_mixin.py:115} INFO - [2022-05-19 03:30:04,253] {dag.py:2371} INFO - Sync 1 DAGs
[2022-05-19 03:30:04,264] {logging_mixin.py:115} INFO - [2022-05-19 03:30:04,264] {dag.py:2915} INFO - Setting next_dagrun for example_branch_datetime_operator_2 to 2022-05-18T00:00:00+00:00, run_after=2022-05-19T00:00:00+00:00
[2022-05-19 03:30:04,274] {processor.py:161} INFO - Processing /Users/mohammadrezakhorasanchian/.pyenv/versions/3.10.4/lib/python3.10/site-packages/airflow/example_dags/example_branch_datetime_operator.py took 0.074 seconds
[2022-05-19 05:18:32,053] {processor.py:153} INFO - Started process (PID=16843) to work on /Users/mohammadrezakhorasanchian/.pyenv/versions/3.10.4/lib/python3.10/site-packages/airflow/example_dags/example_branch_datetime_operator.py
[2022-05-19 05:18:32,055] {processor.py:641} INFO - Processing file /Users/mohammadrezakhorasanchian/.pyenv/versions/3.10.4/lib/python3.10/site-packages/airflow/example_dags/example_branch_datetime_operator.py for tasks to queue
[2022-05-19 05:18:32,055] {logging_mixin.py:115} INFO - [2022-05-19 05:18:32,055] {dagbag.py:507} INFO - Filling up the DagBag from /Users/mohammadrezakhorasanchian/.pyenv/versions/3.10.4/lib/python3.10/site-packages/airflow/example_dags/example_branch_datetime_operator.py
[2022-05-19 05:18:32,068] {processor.py:651} INFO - DAG(s) dict_keys(['example_branch_datetime_operator_2']) retrieved from /Users/mohammadrezakhorasanchian/.pyenv/versions/3.10.4/lib/python3.10/site-packages/airflow/example_dags/example_branch_datetime_operator.py
[2022-05-19 05:18:32,110] {logging_mixin.py:115} INFO - [2022-05-19 05:18:32,110] {dag.py:2371} INFO - Sync 1 DAGs
[2022-05-19 05:18:32,121] {logging_mixin.py:115} INFO - [2022-05-19 05:18:32,121] {dag.py:2915} INFO - Setting next_dagrun for example_branch_datetime_operator_2 to 2022-05-18T00:00:00+00:00, run_after=2022-05-19T00:00:00+00:00
[2022-05-19 05:18:32,127] {processor.py:161} INFO - Processing /Users/mohammadrezakhorasanchian/.pyenv/versions/3.10.4/lib/python3.10/site-packages/airflow/example_dags/example_branch_datetime_operator.py took 0.074 seconds
[2022-05-19 06:13:30,913] {processor.py:153} INFO - Started process (PID=16912) to work on /Users/mohammadrezakhorasanchian/.pyenv/versions/3.10.4/lib/python3.10/site-packages/airflow/example_dags/example_branch_datetime_operator.py
[2022-05-19 06:13:30,914] {processor.py:641} INFO - Processing file /Users/mohammadrezakhorasanchian/.pyenv/versions/3.10.4/lib/python3.10/site-packages/airflow/example_dags/example_branch_datetime_operator.py for tasks to queue
[2022-05-19 06:13:30,914] {logging_mixin.py:115} INFO - [2022-05-19 06:13:30,914] {dagbag.py:507} INFO - Filling up the DagBag from /Users/mohammadrezakhorasanchian/.pyenv/versions/3.10.4/lib/python3.10/site-packages/airflow/example_dags/example_branch_datetime_operator.py
[2022-05-19 06:13:30,926] {processor.py:651} INFO - DAG(s) dict_keys(['example_branch_datetime_operator_2']) retrieved from /Users/mohammadrezakhorasanchian/.pyenv/versions/3.10.4/lib/python3.10/site-packages/airflow/example_dags/example_branch_datetime_operator.py
[2022-05-19 06:13:30,968] {logging_mixin.py:115} INFO - [2022-05-19 06:13:30,968] {dag.py:2371} INFO - Sync 1 DAGs
[2022-05-19 06:13:30,978] {logging_mixin.py:115} INFO - [2022-05-19 06:13:30,978] {dag.py:2915} INFO - Setting next_dagrun for example_branch_datetime_operator_2 to 2022-05-18T00:00:00+00:00, run_after=2022-05-19T00:00:00+00:00
[2022-05-19 06:13:30,986] {processor.py:161} INFO - Processing /Users/mohammadrezakhorasanchian/.pyenv/versions/3.10.4/lib/python3.10/site-packages/airflow/example_dags/example_branch_datetime_operator.py took 0.074 seconds
[2022-05-19 08:01:06,027] {processor.py:153} INFO - Started process (PID=16976) to work on /Users/mohammadrezakhorasanchian/.pyenv/versions/3.10.4/lib/python3.10/site-packages/airflow/example_dags/example_branch_datetime_operator.py
[2022-05-19 08:01:06,028] {processor.py:641} INFO - Processing file /Users/mohammadrezakhorasanchian/.pyenv/versions/3.10.4/lib/python3.10/site-packages/airflow/example_dags/example_branch_datetime_operator.py for tasks to queue
[2022-05-19 08:01:06,028] {logging_mixin.py:115} INFO - [2022-05-19 08:01:06,028] {dagbag.py:507} INFO - Filling up the DagBag from /Users/mohammadrezakhorasanchian/.pyenv/versions/3.10.4/lib/python3.10/site-packages/airflow/example_dags/example_branch_datetime_operator.py
[2022-05-19 08:01:06,039] {processor.py:651} INFO - DAG(s) dict_keys(['example_branch_datetime_operator_2']) retrieved from /Users/mohammadrezakhorasanchian/.pyenv/versions/3.10.4/lib/python3.10/site-packages/airflow/example_dags/example_branch_datetime_operator.py
[2022-05-19 08:01:06,097] {logging_mixin.py:115} INFO - [2022-05-19 08:01:06,097] {dag.py:2371} INFO - Sync 1 DAGs
[2022-05-19 08:01:06,112] {logging_mixin.py:115} INFO - [2022-05-19 08:01:06,112] {dag.py:2915} INFO - Setting next_dagrun for example_branch_datetime_operator_2 to 2022-05-18T00:00:00+00:00, run_after=2022-05-19T00:00:00+00:00
[2022-05-19 08:01:06,119] {processor.py:161} INFO - Processing /Users/mohammadrezakhorasanchian/.pyenv/versions/3.10.4/lib/python3.10/site-packages/airflow/example_dags/example_branch_datetime_operator.py took 0.093 seconds
[2022-05-19 09:50:49,539] {processor.py:153} INFO - Started process (PID=17051) to work on /Users/mohammadrezakhorasanchian/.pyenv/versions/3.10.4/lib/python3.10/site-packages/airflow/example_dags/example_branch_datetime_operator.py
[2022-05-19 09:50:49,540] {processor.py:641} INFO - Processing file /Users/mohammadrezakhorasanchian/.pyenv/versions/3.10.4/lib/python3.10/site-packages/airflow/example_dags/example_branch_datetime_operator.py for tasks to queue
[2022-05-19 09:50:49,540] {logging_mixin.py:115} INFO - [2022-05-19 09:50:49,540] {dagbag.py:507} INFO - Filling up the DagBag from /Users/mohammadrezakhorasanchian/.pyenv/versions/3.10.4/lib/python3.10/site-packages/airflow/example_dags/example_branch_datetime_operator.py
[2022-05-19 09:50:49,560] {processor.py:651} INFO - DAG(s) dict_keys(['example_branch_datetime_operator_2']) retrieved from /Users/mohammadrezakhorasanchian/.pyenv/versions/3.10.4/lib/python3.10/site-packages/airflow/example_dags/example_branch_datetime_operator.py
[2022-05-19 09:50:49,649] {logging_mixin.py:115} INFO - [2022-05-19 09:50:49,649] {dag.py:2371} INFO - Sync 1 DAGs
[2022-05-19 09:50:49,670] {logging_mixin.py:115} INFO - [2022-05-19 09:50:49,669] {dag.py:2915} INFO - Setting next_dagrun for example_branch_datetime_operator_2 to 2022-05-18T00:00:00+00:00, run_after=2022-05-19T00:00:00+00:00
[2022-05-19 09:50:49,678] {processor.py:161} INFO - Processing /Users/mohammadrezakhorasanchian/.pyenv/versions/3.10.4/lib/python3.10/site-packages/airflow/example_dags/example_branch_datetime_operator.py took 0.139 seconds
[2022-05-19 13:59:11,535] {processor.py:153} INFO - Started process (PID=17232) to work on /Users/mohammadrezakhorasanchian/.pyenv/versions/3.10.4/lib/python3.10/site-packages/airflow/example_dags/example_branch_datetime_operator.py
[2022-05-19 13:59:11,535] {processor.py:641} INFO - Processing file /Users/mohammadrezakhorasanchian/.pyenv/versions/3.10.4/lib/python3.10/site-packages/airflow/example_dags/example_branch_datetime_operator.py for tasks to queue
[2022-05-19 13:59:11,535] {logging_mixin.py:115} INFO - [2022-05-19 13:59:11,535] {dagbag.py:507} INFO - Filling up the DagBag from /Users/mohammadrezakhorasanchian/.pyenv/versions/3.10.4/lib/python3.10/site-packages/airflow/example_dags/example_branch_datetime_operator.py
[2022-05-19 13:59:11,548] {processor.py:651} INFO - DAG(s) dict_keys(['example_branch_datetime_operator_2']) retrieved from /Users/mohammadrezakhorasanchian/.pyenv/versions/3.10.4/lib/python3.10/site-packages/airflow/example_dags/example_branch_datetime_operator.py
[2022-05-19 13:59:11,601] {logging_mixin.py:115} INFO - [2022-05-19 13:59:11,600] {dag.py:2371} INFO - Sync 1 DAGs
[2022-05-19 13:59:11,615] {logging_mixin.py:115} INFO - [2022-05-19 13:59:11,615] {dag.py:2915} INFO - Setting next_dagrun for example_branch_datetime_operator_2 to 2022-05-18T00:00:00+00:00, run_after=2022-05-19T00:00:00+00:00
[2022-05-19 13:59:11,623] {processor.py:161} INFO - Processing /Users/mohammadrezakhorasanchian/.pyenv/versions/3.10.4/lib/python3.10/site-packages/airflow/example_dags/example_branch_datetime_operator.py took 0.089 seconds
