[2022-05-19 03:30:05,827] {processor.py:153} INFO - Started process (PID=16737) to work on /Users/mohammadrezakhorasanchian/.pyenv/versions/3.10.4/lib/python3.10/site-packages/airflow/example_dags/example_bash_operator.py
[2022-05-19 03:30:05,827] {processor.py:641} INFO - Processing file /Users/mohammadrezakhorasanchian/.pyenv/versions/3.10.4/lib/python3.10/site-packages/airflow/example_dags/example_bash_operator.py for tasks to queue
[2022-05-19 03:30:05,827] {logging_mixin.py:115} INFO - [2022-05-19 03:30:05,827] {dagbag.py:507} INFO - Filling up the DagBag from /Users/mohammadrezakhorasanchian/.pyenv/versions/3.10.4/lib/python3.10/site-packages/airflow/example_dags/example_bash_operator.py
[2022-05-19 03:30:05,839] {processor.py:651} INFO - DAG(s) dict_keys(['example_bash_operator']) retrieved from /Users/mohammadrezakhorasanchian/.pyenv/versions/3.10.4/lib/python3.10/site-packages/airflow/example_dags/example_bash_operator.py
[2022-05-19 03:30:05,880] {logging_mixin.py:115} INFO - [2022-05-19 03:30:05,880] {dag.py:2371} INFO - Sync 1 DAGs
[2022-05-19 03:30:05,891] {logging_mixin.py:115} INFO - [2022-05-19 03:30:05,891] {dag.py:2915} INFO - Setting next_dagrun for example_bash_operator to 2022-05-18T00:00:00+00:00, run_after=2022-05-19T00:00:00+00:00
[2022-05-19 03:30:05,898] {processor.py:161} INFO - Processing /Users/mohammadrezakhorasanchian/.pyenv/versions/3.10.4/lib/python3.10/site-packages/airflow/example_dags/example_bash_operator.py took 0.072 seconds
[2022-05-19 05:18:33,729] {processor.py:153} INFO - Started process (PID=16844) to work on /Users/mohammadrezakhorasanchian/.pyenv/versions/3.10.4/lib/python3.10/site-packages/airflow/example_dags/example_bash_operator.py
[2022-05-19 05:18:33,730] {processor.py:641} INFO - Processing file /Users/mohammadrezakhorasanchian/.pyenv/versions/3.10.4/lib/python3.10/site-packages/airflow/example_dags/example_bash_operator.py for tasks to queue
[2022-05-19 05:18:33,731] {logging_mixin.py:115} INFO - [2022-05-19 05:18:33,731] {dagbag.py:507} INFO - Filling up the DagBag from /Users/mohammadrezakhorasanchian/.pyenv/versions/3.10.4/lib/python3.10/site-packages/airflow/example_dags/example_bash_operator.py
[2022-05-19 05:18:33,746] {processor.py:651} INFO - DAG(s) dict_keys(['example_bash_operator']) retrieved from /Users/mohammadrezakhorasanchian/.pyenv/versions/3.10.4/lib/python3.10/site-packages/airflow/example_dags/example_bash_operator.py
[2022-05-19 05:18:33,789] {logging_mixin.py:115} INFO - [2022-05-19 05:18:33,789] {dag.py:2371} INFO - Sync 1 DAGs
[2022-05-19 05:18:33,800] {logging_mixin.py:115} INFO - [2022-05-19 05:18:33,800] {dag.py:2915} INFO - Setting next_dagrun for example_bash_operator to 2022-05-18T00:00:00+00:00, run_after=2022-05-19T00:00:00+00:00
[2022-05-19 05:18:33,807] {processor.py:161} INFO - Processing /Users/mohammadrezakhorasanchian/.pyenv/versions/3.10.4/lib/python3.10/site-packages/airflow/example_dags/example_bash_operator.py took 0.079 seconds
[2022-05-19 06:13:32,582] {processor.py:153} INFO - Started process (PID=16913) to work on /Users/mohammadrezakhorasanchian/.pyenv/versions/3.10.4/lib/python3.10/site-packages/airflow/example_dags/example_bash_operator.py
[2022-05-19 06:13:32,583] {processor.py:641} INFO - Processing file /Users/mohammadrezakhorasanchian/.pyenv/versions/3.10.4/lib/python3.10/site-packages/airflow/example_dags/example_bash_operator.py for tasks to queue
[2022-05-19 06:13:32,584] {logging_mixin.py:115} INFO - [2022-05-19 06:13:32,584] {dagbag.py:507} INFO - Filling up the DagBag from /Users/mohammadrezakhorasanchian/.pyenv/versions/3.10.4/lib/python3.10/site-packages/airflow/example_dags/example_bash_operator.py
[2022-05-19 06:13:32,597] {processor.py:651} INFO - DAG(s) dict_keys(['example_bash_operator']) retrieved from /Users/mohammadrezakhorasanchian/.pyenv/versions/3.10.4/lib/python3.10/site-packages/airflow/example_dags/example_bash_operator.py
[2022-05-19 06:13:32,639] {logging_mixin.py:115} INFO - [2022-05-19 06:13:32,639] {dag.py:2371} INFO - Sync 1 DAGs
[2022-05-19 06:13:32,650] {logging_mixin.py:115} INFO - [2022-05-19 06:13:32,650] {dag.py:2915} INFO - Setting next_dagrun for example_bash_operator to 2022-05-18T00:00:00+00:00, run_after=2022-05-19T00:00:00+00:00
[2022-05-19 06:13:32,656] {processor.py:161} INFO - Processing /Users/mohammadrezakhorasanchian/.pyenv/versions/3.10.4/lib/python3.10/site-packages/airflow/example_dags/example_bash_operator.py took 0.074 seconds
[2022-05-19 08:01:07,706] {processor.py:153} INFO - Started process (PID=16977) to work on /Users/mohammadrezakhorasanchian/.pyenv/versions/3.10.4/lib/python3.10/site-packages/airflow/example_dags/example_bash_operator.py
[2022-05-19 08:01:07,708] {processor.py:641} INFO - Processing file /Users/mohammadrezakhorasanchian/.pyenv/versions/3.10.4/lib/python3.10/site-packages/airflow/example_dags/example_bash_operator.py for tasks to queue
[2022-05-19 08:01:07,708] {logging_mixin.py:115} INFO - [2022-05-19 08:01:07,708] {dagbag.py:507} INFO - Filling up the DagBag from /Users/mohammadrezakhorasanchian/.pyenv/versions/3.10.4/lib/python3.10/site-packages/airflow/example_dags/example_bash_operator.py
[2022-05-19 08:01:07,721] {processor.py:651} INFO - DAG(s) dict_keys(['example_bash_operator']) retrieved from /Users/mohammadrezakhorasanchian/.pyenv/versions/3.10.4/lib/python3.10/site-packages/airflow/example_dags/example_bash_operator.py
[2022-05-19 08:01:07,764] {logging_mixin.py:115} INFO - [2022-05-19 08:01:07,764] {dag.py:2371} INFO - Sync 1 DAGs
[2022-05-19 08:01:07,774] {logging_mixin.py:115} INFO - [2022-05-19 08:01:07,774] {dag.py:2915} INFO - Setting next_dagrun for example_bash_operator to 2022-05-18T00:00:00+00:00, run_after=2022-05-19T00:00:00+00:00
[2022-05-19 08:01:07,781] {processor.py:161} INFO - Processing /Users/mohammadrezakhorasanchian/.pyenv/versions/3.10.4/lib/python3.10/site-packages/airflow/example_dags/example_bash_operator.py took 0.075 seconds
[2022-05-19 09:50:51,513] {processor.py:153} INFO - Started process (PID=17060) to work on /Users/mohammadrezakhorasanchian/.pyenv/versions/3.10.4/lib/python3.10/site-packages/airflow/example_dags/example_bash_operator.py
[2022-05-19 09:50:51,514] {processor.py:641} INFO - Processing file /Users/mohammadrezakhorasanchian/.pyenv/versions/3.10.4/lib/python3.10/site-packages/airflow/example_dags/example_bash_operator.py for tasks to queue
[2022-05-19 09:50:51,514] {logging_mixin.py:115} INFO - [2022-05-19 09:50:51,514] {dagbag.py:507} INFO - Filling up the DagBag from /Users/mohammadrezakhorasanchian/.pyenv/versions/3.10.4/lib/python3.10/site-packages/airflow/example_dags/example_bash_operator.py
[2022-05-19 09:50:51,532] {processor.py:651} INFO - DAG(s) dict_keys(['example_bash_operator']) retrieved from /Users/mohammadrezakhorasanchian/.pyenv/versions/3.10.4/lib/python3.10/site-packages/airflow/example_dags/example_bash_operator.py
[2022-05-19 09:50:51,586] {logging_mixin.py:115} INFO - [2022-05-19 09:50:51,586] {dag.py:2371} INFO - Sync 1 DAGs
[2022-05-19 09:50:51,600] {logging_mixin.py:115} INFO - [2022-05-19 09:50:51,600] {dag.py:2915} INFO - Setting next_dagrun for example_bash_operator to 2022-05-18T00:00:00+00:00, run_after=2022-05-19T00:00:00+00:00
[2022-05-19 09:50:51,608] {processor.py:161} INFO - Processing /Users/mohammadrezakhorasanchian/.pyenv/versions/3.10.4/lib/python3.10/site-packages/airflow/example_dags/example_bash_operator.py took 0.095 seconds
[2022-05-19 13:59:13,286] {processor.py:153} INFO - Started process (PID=17239) to work on /Users/mohammadrezakhorasanchian/.pyenv/versions/3.10.4/lib/python3.10/site-packages/airflow/example_dags/example_bash_operator.py
[2022-05-19 13:59:13,286] {processor.py:641} INFO - Processing file /Users/mohammadrezakhorasanchian/.pyenv/versions/3.10.4/lib/python3.10/site-packages/airflow/example_dags/example_bash_operator.py for tasks to queue
[2022-05-19 13:59:13,286] {logging_mixin.py:115} INFO - [2022-05-19 13:59:13,286] {dagbag.py:507} INFO - Filling up the DagBag from /Users/mohammadrezakhorasanchian/.pyenv/versions/3.10.4/lib/python3.10/site-packages/airflow/example_dags/example_bash_operator.py
[2022-05-19 13:59:13,301] {processor.py:651} INFO - DAG(s) dict_keys(['example_bash_operator']) retrieved from /Users/mohammadrezakhorasanchian/.pyenv/versions/3.10.4/lib/python3.10/site-packages/airflow/example_dags/example_bash_operator.py
[2022-05-19 13:59:13,354] {logging_mixin.py:115} INFO - [2022-05-19 13:59:13,353] {dag.py:2371} INFO - Sync 1 DAGs
[2022-05-19 13:59:13,367] {logging_mixin.py:115} INFO - [2022-05-19 13:59:13,367] {dag.py:2915} INFO - Setting next_dagrun for example_bash_operator to 2022-05-18T00:00:00+00:00, run_after=2022-05-19T00:00:00+00:00
[2022-05-19 13:59:13,375] {processor.py:161} INFO - Processing /Users/mohammadrezakhorasanchian/.pyenv/versions/3.10.4/lib/python3.10/site-packages/airflow/example_dags/example_bash_operator.py took 0.089 seconds
