[2022-05-19 04:24:17,005] {processor.py:153} INFO - Started process (PID=16799) to work on /Users/mohammadrezakhorasanchian/.pyenv/versions/3.10.4/lib/python3.10/site-packages/airflow/example_dags/example_short_circuit_operator.py
[2022-05-19 04:24:17,005] {processor.py:641} INFO - Processing file /Users/mohammadrezakhorasanchian/.pyenv/versions/3.10.4/lib/python3.10/site-packages/airflow/example_dags/example_short_circuit_operator.py for tasks to queue
[2022-05-19 04:24:17,005] {logging_mixin.py:115} INFO - [2022-05-19 04:24:17,005] {dagbag.py:507} INFO - Filling up the DagBag from /Users/mohammadrezakhorasanchian/.pyenv/versions/3.10.4/lib/python3.10/site-packages/airflow/example_dags/example_short_circuit_operator.py
[2022-05-19 04:24:17,023] {processor.py:651} INFO - DAG(s) dict_keys(['example_short_circuit_operator']) retrieved from /Users/mohammadrezakhorasanchian/.pyenv/versions/3.10.4/lib/python3.10/site-packages/airflow/example_dags/example_short_circuit_operator.py
[2022-05-19 04:24:17,068] {logging_mixin.py:115} INFO - [2022-05-19 04:24:17,068] {dag.py:2371} INFO - Sync 1 DAGs
[2022-05-19 04:24:17,078] {logging_mixin.py:115} INFO - [2022-05-19 04:24:17,078] {dag.py:2915} INFO - Setting next_dagrun for example_short_circuit_operator to 2022-05-18T01:24:17.078549+00:00, run_after=2022-05-19T01:24:17.078549+00:00
[2022-05-19 04:24:17,085] {processor.py:161} INFO - Processing /Users/mohammadrezakhorasanchian/.pyenv/versions/3.10.4/lib/python3.10/site-packages/airflow/example_dags/example_short_circuit_operator.py took 0.081 seconds
[2022-05-19 05:19:05,966] {processor.py:153} INFO - Started process (PID=16862) to work on /Users/mohammadrezakhorasanchian/.pyenv/versions/3.10.4/lib/python3.10/site-packages/airflow/example_dags/example_short_circuit_operator.py
[2022-05-19 05:19:05,967] {processor.py:641} INFO - Processing file /Users/mohammadrezakhorasanchian/.pyenv/versions/3.10.4/lib/python3.10/site-packages/airflow/example_dags/example_short_circuit_operator.py for tasks to queue
[2022-05-19 05:19:05,967] {logging_mixin.py:115} INFO - [2022-05-19 05:19:05,967] {dagbag.py:507} INFO - Filling up the DagBag from /Users/mohammadrezakhorasanchian/.pyenv/versions/3.10.4/lib/python3.10/site-packages/airflow/example_dags/example_short_circuit_operator.py
[2022-05-19 05:19:05,987] {processor.py:651} INFO - DAG(s) dict_keys(['example_short_circuit_operator']) retrieved from /Users/mohammadrezakhorasanchian/.pyenv/versions/3.10.4/lib/python3.10/site-packages/airflow/example_dags/example_short_circuit_operator.py
[2022-05-19 05:19:06,028] {logging_mixin.py:115} INFO - [2022-05-19 05:19:06,028] {dag.py:2371} INFO - Sync 1 DAGs
[2022-05-19 05:19:06,038] {logging_mixin.py:115} INFO - [2022-05-19 05:19:06,038] {dag.py:2915} INFO - Setting next_dagrun for example_short_circuit_operator to 2022-05-18T02:19:06.038082+00:00, run_after=2022-05-19T02:19:06.038082+00:00
[2022-05-19 05:19:06,045] {processor.py:161} INFO - Processing /Users/mohammadrezakhorasanchian/.pyenv/versions/3.10.4/lib/python3.10/site-packages/airflow/example_dags/example_short_circuit_operator.py took 0.080 seconds
[2022-05-19 06:13:20,207] {processor.py:153} INFO - Started process (PID=16905) to work on /Users/mohammadrezakhorasanchian/.pyenv/versions/3.10.4/lib/python3.10/site-packages/airflow/example_dags/example_short_circuit_operator.py
[2022-05-19 06:13:20,208] {processor.py:641} INFO - Processing file /Users/mohammadrezakhorasanchian/.pyenv/versions/3.10.4/lib/python3.10/site-packages/airflow/example_dags/example_short_circuit_operator.py for tasks to queue
[2022-05-19 06:13:20,209] {logging_mixin.py:115} INFO - [2022-05-19 06:13:20,209] {dagbag.py:507} INFO - Filling up the DagBag from /Users/mohammadrezakhorasanchian/.pyenv/versions/3.10.4/lib/python3.10/site-packages/airflow/example_dags/example_short_circuit_operator.py
[2022-05-19 06:13:20,232] {processor.py:651} INFO - DAG(s) dict_keys(['example_short_circuit_operator']) retrieved from /Users/mohammadrezakhorasanchian/.pyenv/versions/3.10.4/lib/python3.10/site-packages/airflow/example_dags/example_short_circuit_operator.py
[2022-05-19 06:13:20,278] {logging_mixin.py:115} INFO - [2022-05-19 06:13:20,278] {dag.py:2371} INFO - Sync 1 DAGs
[2022-05-19 06:13:20,288] {logging_mixin.py:115} INFO - [2022-05-19 06:13:20,288] {dag.py:2915} INFO - Setting next_dagrun for example_short_circuit_operator to 2022-05-18T03:13:20.288058+00:00, run_after=2022-05-19T03:13:20.288058+00:00
[2022-05-19 06:13:20,294] {processor.py:161} INFO - Processing /Users/mohammadrezakhorasanchian/.pyenv/versions/3.10.4/lib/python3.10/site-packages/airflow/example_dags/example_short_circuit_operator.py took 0.088 seconds
[2022-05-19 07:07:29,739] {processor.py:153} INFO - Started process (PID=16955) to work on /Users/mohammadrezakhorasanchian/.pyenv/versions/3.10.4/lib/python3.10/site-packages/airflow/example_dags/example_short_circuit_operator.py
[2022-05-19 07:07:29,739] {processor.py:641} INFO - Processing file /Users/mohammadrezakhorasanchian/.pyenv/versions/3.10.4/lib/python3.10/site-packages/airflow/example_dags/example_short_circuit_operator.py for tasks to queue
[2022-05-19 07:07:29,739] {logging_mixin.py:115} INFO - [2022-05-19 07:07:29,739] {dagbag.py:507} INFO - Filling up the DagBag from /Users/mohammadrezakhorasanchian/.pyenv/versions/3.10.4/lib/python3.10/site-packages/airflow/example_dags/example_short_circuit_operator.py
[2022-05-19 07:07:29,757] {processor.py:651} INFO - DAG(s) dict_keys(['example_short_circuit_operator']) retrieved from /Users/mohammadrezakhorasanchian/.pyenv/versions/3.10.4/lib/python3.10/site-packages/airflow/example_dags/example_short_circuit_operator.py
[2022-05-19 07:07:29,799] {logging_mixin.py:115} INFO - [2022-05-19 07:07:29,799] {dag.py:2371} INFO - Sync 1 DAGs
[2022-05-19 07:07:29,809] {logging_mixin.py:115} INFO - [2022-05-19 07:07:29,809] {dag.py:2915} INFO - Setting next_dagrun for example_short_circuit_operator to 2022-05-18T04:07:29.809626+00:00, run_after=2022-05-19T04:07:29.809626+00:00
[2022-05-19 07:07:29,819] {processor.py:161} INFO - Processing /Users/mohammadrezakhorasanchian/.pyenv/versions/3.10.4/lib/python3.10/site-packages/airflow/example_dags/example_short_circuit_operator.py took 0.081 seconds
[2022-05-19 08:01:38,857] {processor.py:153} INFO - Started process (PID=16995) to work on /Users/mohammadrezakhorasanchian/.pyenv/versions/3.10.4/lib/python3.10/site-packages/airflow/example_dags/example_short_circuit_operator.py
[2022-05-19 08:01:38,858] {processor.py:641} INFO - Processing file /Users/mohammadrezakhorasanchian/.pyenv/versions/3.10.4/lib/python3.10/site-packages/airflow/example_dags/example_short_circuit_operator.py for tasks to queue
[2022-05-19 08:01:38,859] {logging_mixin.py:115} INFO - [2022-05-19 08:01:38,858] {dagbag.py:507} INFO - Filling up the DagBag from /Users/mohammadrezakhorasanchian/.pyenv/versions/3.10.4/lib/python3.10/site-packages/airflow/example_dags/example_short_circuit_operator.py
[2022-05-19 08:01:38,877] {processor.py:651} INFO - DAG(s) dict_keys(['example_short_circuit_operator']) retrieved from /Users/mohammadrezakhorasanchian/.pyenv/versions/3.10.4/lib/python3.10/site-packages/airflow/example_dags/example_short_circuit_operator.py
[2022-05-19 08:01:38,920] {logging_mixin.py:115} INFO - [2022-05-19 08:01:38,920] {dag.py:2371} INFO - Sync 1 DAGs
[2022-05-19 08:01:38,930] {logging_mixin.py:115} INFO - [2022-05-19 08:01:38,930] {dag.py:2915} INFO - Setting next_dagrun for example_short_circuit_operator to 2022-05-18T05:01:38.930261+00:00, run_after=2022-05-19T05:01:38.930261+00:00
[2022-05-19 08:01:38,936] {processor.py:161} INFO - Processing /Users/mohammadrezakhorasanchian/.pyenv/versions/3.10.4/lib/python3.10/site-packages/airflow/example_dags/example_short_circuit_operator.py took 0.080 seconds
[2022-05-19 08:55:47,264] {processor.py:153} INFO - Started process (PID=17036) to work on /Users/mohammadrezakhorasanchian/.pyenv/versions/3.10.4/lib/python3.10/site-packages/airflow/example_dags/example_short_circuit_operator.py
[2022-05-19 08:55:47,266] {processor.py:641} INFO - Processing file /Users/mohammadrezakhorasanchian/.pyenv/versions/3.10.4/lib/python3.10/site-packages/airflow/example_dags/example_short_circuit_operator.py for tasks to queue
[2022-05-19 08:55:47,266] {logging_mixin.py:115} INFO - [2022-05-19 08:55:47,266] {dagbag.py:507} INFO - Filling up the DagBag from /Users/mohammadrezakhorasanchian/.pyenv/versions/3.10.4/lib/python3.10/site-packages/airflow/example_dags/example_short_circuit_operator.py
[2022-05-19 08:55:47,284] {processor.py:651} INFO - DAG(s) dict_keys(['example_short_circuit_operator']) retrieved from /Users/mohammadrezakhorasanchian/.pyenv/versions/3.10.4/lib/python3.10/site-packages/airflow/example_dags/example_short_circuit_operator.py
[2022-05-19 08:55:47,326] {logging_mixin.py:115} INFO - [2022-05-19 08:55:47,326] {dag.py:2371} INFO - Sync 1 DAGs
[2022-05-19 08:55:47,335] {logging_mixin.py:115} INFO - [2022-05-19 08:55:47,335] {dag.py:2915} INFO - Setting next_dagrun for example_short_circuit_operator to 2022-05-18T05:55:47.335511+00:00, run_after=2022-05-19T05:55:47.335511+00:00
[2022-05-19 08:55:47,342] {processor.py:161} INFO - Processing /Users/mohammadrezakhorasanchian/.pyenv/versions/3.10.4/lib/python3.10/site-packages/airflow/example_dags/example_short_circuit_operator.py took 0.078 seconds
[2022-05-19 10:41:45,475] {processor.py:153} INFO - Started process (PID=17089) to work on /Users/mohammadrezakhorasanchian/.pyenv/versions/3.10.4/lib/python3.10/site-packages/airflow/example_dags/example_short_circuit_operator.py
[2022-05-19 10:41:45,477] {processor.py:641} INFO - Processing file /Users/mohammadrezakhorasanchian/.pyenv/versions/3.10.4/lib/python3.10/site-packages/airflow/example_dags/example_short_circuit_operator.py for tasks to queue
[2022-05-19 10:41:45,478] {logging_mixin.py:115} INFO - [2022-05-19 10:41:45,478] {dagbag.py:507} INFO - Filling up the DagBag from /Users/mohammadrezakhorasanchian/.pyenv/versions/3.10.4/lib/python3.10/site-packages/airflow/example_dags/example_short_circuit_operator.py
[2022-05-19 10:41:45,569] {processor.py:651} INFO - DAG(s) dict_keys(['example_short_circuit_operator']) retrieved from /Users/mohammadrezakhorasanchian/.pyenv/versions/3.10.4/lib/python3.10/site-packages/airflow/example_dags/example_short_circuit_operator.py
[2022-05-19 10:41:45,785] {logging_mixin.py:115} INFO - [2022-05-19 10:41:45,784] {dag.py:2371} INFO - Sync 1 DAGs
[2022-05-19 10:41:45,834] {logging_mixin.py:115} INFO - [2022-05-19 10:41:45,834] {dag.py:2915} INFO - Setting next_dagrun for example_short_circuit_operator to 2022-05-18T07:41:45.833861+00:00, run_after=2022-05-19T07:41:45.833861+00:00
[2022-05-19 10:41:45,864] {processor.py:161} INFO - Processing /Users/mohammadrezakhorasanchian/.pyenv/versions/3.10.4/lib/python3.10/site-packages/airflow/example_dags/example_short_circuit_operator.py took 0.391 seconds
[2022-05-19 13:58:56,100] {processor.py:153} INFO - Started process (PID=17203) to work on /Users/mohammadrezakhorasanchian/.pyenv/versions/3.10.4/lib/python3.10/site-packages/airflow/example_dags/example_short_circuit_operator.py
[2022-05-19 13:58:56,100] {processor.py:641} INFO - Processing file /Users/mohammadrezakhorasanchian/.pyenv/versions/3.10.4/lib/python3.10/site-packages/airflow/example_dags/example_short_circuit_operator.py for tasks to queue
[2022-05-19 13:58:56,100] {logging_mixin.py:115} INFO - [2022-05-19 13:58:56,100] {dagbag.py:507} INFO - Filling up the DagBag from /Users/mohammadrezakhorasanchian/.pyenv/versions/3.10.4/lib/python3.10/site-packages/airflow/example_dags/example_short_circuit_operator.py
[2022-05-19 13:58:56,119] {processor.py:651} INFO - DAG(s) dict_keys(['example_short_circuit_operator']) retrieved from /Users/mohammadrezakhorasanchian/.pyenv/versions/3.10.4/lib/python3.10/site-packages/airflow/example_dags/example_short_circuit_operator.py
[2022-05-19 13:58:56,162] {logging_mixin.py:115} INFO - [2022-05-19 13:58:56,162] {dag.py:2371} INFO - Sync 1 DAGs
[2022-05-19 13:58:56,172] {logging_mixin.py:115} INFO - [2022-05-19 13:58:56,172] {dag.py:2915} INFO - Setting next_dagrun for example_short_circuit_operator to 2022-05-18T10:58:56.172070+00:00, run_after=2022-05-19T10:58:56.172070+00:00
[2022-05-19 13:58:56,179] {processor.py:161} INFO - Processing /Users/mohammadrezakhorasanchian/.pyenv/versions/3.10.4/lib/python3.10/site-packages/airflow/example_dags/example_short_circuit_operator.py took 0.080 seconds
