[2022-05-19 04:24:27,737] {processor.py:153} INFO - Started process (PID=16806) to work on /Users/mohammadrezakhorasanchian/.pyenv/versions/3.10.4/lib/python3.10/site-packages/airflow/example_dags/example_kubernetes_executor.py
[2022-05-19 04:24:27,737] {processor.py:641} INFO - Processing file /Users/mohammadrezakhorasanchian/.pyenv/versions/3.10.4/lib/python3.10/site-packages/airflow/example_dags/example_kubernetes_executor.py for tasks to queue
[2022-05-19 04:24:27,737] {logging_mixin.py:115} INFO - [2022-05-19 04:24:27,737] {dagbag.py:507} INFO - Filling up the DagBag from /Users/mohammadrezakhorasanchian/.pyenv/versions/3.10.4/lib/python3.10/site-packages/airflow/example_dags/example_kubernetes_executor.py
[2022-05-19 04:24:27,754] {logging_mixin.py:115} INFO - [2022-05-19 04:24:27,754] {example_kubernetes_executor.py:39} WARNING - The example_kubernetes_executor example DAG requires the kubernetes provider. Please install it with: pip install apache-airflow[cncf.kubernetes]
[2022-05-19 04:24:27,754] {processor.py:653} WARNING - No viable dags retrieved from /Users/mohammadrezakhorasanchian/.pyenv/versions/3.10.4/lib/python3.10/site-packages/airflow/example_dags/example_kubernetes_executor.py
[2022-05-19 04:24:27,781] {processor.py:161} INFO - Processing /Users/mohammadrezakhorasanchian/.pyenv/versions/3.10.4/lib/python3.10/site-packages/airflow/example_dags/example_kubernetes_executor.py took 0.045 seconds
[2022-05-19 06:12:42,355] {processor.py:153} INFO - Started process (PID=16881) to work on /Users/mohammadrezakhorasanchian/.pyenv/versions/3.10.4/lib/python3.10/site-packages/airflow/example_dags/example_kubernetes_executor.py
[2022-05-19 06:12:42,357] {processor.py:641} INFO - Processing file /Users/mohammadrezakhorasanchian/.pyenv/versions/3.10.4/lib/python3.10/site-packages/airflow/example_dags/example_kubernetes_executor.py for tasks to queue
[2022-05-19 06:12:42,358] {logging_mixin.py:115} INFO - [2022-05-19 06:12:42,358] {dagbag.py:507} INFO - Filling up the DagBag from /Users/mohammadrezakhorasanchian/.pyenv/versions/3.10.4/lib/python3.10/site-packages/airflow/example_dags/example_kubernetes_executor.py
[2022-05-19 06:12:42,376] {logging_mixin.py:115} INFO - [2022-05-19 06:12:42,376] {example_kubernetes_executor.py:39} WARNING - The example_kubernetes_executor example DAG requires the kubernetes provider. Please install it with: pip install apache-airflow[cncf.kubernetes]
[2022-05-19 06:12:42,376] {processor.py:653} WARNING - No viable dags retrieved from /Users/mohammadrezakhorasanchian/.pyenv/versions/3.10.4/lib/python3.10/site-packages/airflow/example_dags/example_kubernetes_executor.py
[2022-05-19 06:12:42,403] {processor.py:161} INFO - Processing /Users/mohammadrezakhorasanchian/.pyenv/versions/3.10.4/lib/python3.10/site-packages/airflow/example_dags/example_kubernetes_executor.py took 0.049 seconds
[2022-05-19 07:07:00,918] {processor.py:153} INFO - Started process (PID=16938) to work on /Users/mohammadrezakhorasanchian/.pyenv/versions/3.10.4/lib/python3.10/site-packages/airflow/example_dags/example_kubernetes_executor.py
[2022-05-19 07:07:00,919] {processor.py:641} INFO - Processing file /Users/mohammadrezakhorasanchian/.pyenv/versions/3.10.4/lib/python3.10/site-packages/airflow/example_dags/example_kubernetes_executor.py for tasks to queue
[2022-05-19 07:07:00,919] {logging_mixin.py:115} INFO - [2022-05-19 07:07:00,919] {dagbag.py:507} INFO - Filling up the DagBag from /Users/mohammadrezakhorasanchian/.pyenv/versions/3.10.4/lib/python3.10/site-packages/airflow/example_dags/example_kubernetes_executor.py
[2022-05-19 07:07:00,936] {logging_mixin.py:115} INFO - [2022-05-19 07:07:00,936] {example_kubernetes_executor.py:39} WARNING - The example_kubernetes_executor example DAG requires the kubernetes provider. Please install it with: pip install apache-airflow[cncf.kubernetes]
[2022-05-19 07:07:00,936] {processor.py:653} WARNING - No viable dags retrieved from /Users/mohammadrezakhorasanchian/.pyenv/versions/3.10.4/lib/python3.10/site-packages/airflow/example_dags/example_kubernetes_executor.py
[2022-05-19 07:07:00,962] {processor.py:161} INFO - Processing /Users/mohammadrezakhorasanchian/.pyenv/versions/3.10.4/lib/python3.10/site-packages/airflow/example_dags/example_kubernetes_executor.py took 0.045 seconds
[2022-05-19 08:55:13,076] {processor.py:153} INFO - Started process (PID=17013) to work on /Users/mohammadrezakhorasanchian/.pyenv/versions/3.10.4/lib/python3.10/site-packages/airflow/example_dags/example_kubernetes_executor.py
[2022-05-19 08:55:13,076] {processor.py:641} INFO - Processing file /Users/mohammadrezakhorasanchian/.pyenv/versions/3.10.4/lib/python3.10/site-packages/airflow/example_dags/example_kubernetes_executor.py for tasks to queue
[2022-05-19 08:55:13,076] {logging_mixin.py:115} INFO - [2022-05-19 08:55:13,076] {dagbag.py:507} INFO - Filling up the DagBag from /Users/mohammadrezakhorasanchian/.pyenv/versions/3.10.4/lib/python3.10/site-packages/airflow/example_dags/example_kubernetes_executor.py
[2022-05-19 08:55:13,094] {logging_mixin.py:115} INFO - [2022-05-19 08:55:13,094] {example_kubernetes_executor.py:39} WARNING - The example_kubernetes_executor example DAG requires the kubernetes provider. Please install it with: pip install apache-airflow[cncf.kubernetes]
[2022-05-19 08:55:13,094] {processor.py:653} WARNING - No viable dags retrieved from /Users/mohammadrezakhorasanchian/.pyenv/versions/3.10.4/lib/python3.10/site-packages/airflow/example_dags/example_kubernetes_executor.py
[2022-05-19 08:55:13,122] {processor.py:161} INFO - Processing /Users/mohammadrezakhorasanchian/.pyenv/versions/3.10.4/lib/python3.10/site-packages/airflow/example_dags/example_kubernetes_executor.py took 0.047 seconds
[2022-05-19 10:42:12,863] {processor.py:153} INFO - Started process (PID=17096) to work on /Users/mohammadrezakhorasanchian/.pyenv/versions/3.10.4/lib/python3.10/site-packages/airflow/example_dags/example_kubernetes_executor.py
[2022-05-19 10:42:12,864] {processor.py:641} INFO - Processing file /Users/mohammadrezakhorasanchian/.pyenv/versions/3.10.4/lib/python3.10/site-packages/airflow/example_dags/example_kubernetes_executor.py for tasks to queue
[2022-05-19 10:42:12,865] {logging_mixin.py:115} INFO - [2022-05-19 10:42:12,865] {dagbag.py:507} INFO - Filling up the DagBag from /Users/mohammadrezakhorasanchian/.pyenv/versions/3.10.4/lib/python3.10/site-packages/airflow/example_dags/example_kubernetes_executor.py
[2022-05-19 10:42:12,948] {logging_mixin.py:115} INFO - [2022-05-19 10:42:12,948] {example_kubernetes_executor.py:39} WARNING - The example_kubernetes_executor example DAG requires the kubernetes provider. Please install it with: pip install apache-airflow[cncf.kubernetes]
[2022-05-19 10:42:12,949] {processor.py:653} WARNING - No viable dags retrieved from /Users/mohammadrezakhorasanchian/.pyenv/versions/3.10.4/lib/python3.10/site-packages/airflow/example_dags/example_kubernetes_executor.py
[2022-05-19 10:42:13,084] {processor.py:161} INFO - Processing /Users/mohammadrezakhorasanchian/.pyenv/versions/3.10.4/lib/python3.10/site-packages/airflow/example_dags/example_kubernetes_executor.py took 0.223 seconds
[2022-05-19 13:59:08,120] {processor.py:153} INFO - Started process (PID=17230) to work on /Users/mohammadrezakhorasanchian/.pyenv/versions/3.10.4/lib/python3.10/site-packages/airflow/example_dags/example_kubernetes_executor.py
[2022-05-19 13:59:08,120] {processor.py:641} INFO - Processing file /Users/mohammadrezakhorasanchian/.pyenv/versions/3.10.4/lib/python3.10/site-packages/airflow/example_dags/example_kubernetes_executor.py for tasks to queue
[2022-05-19 13:59:08,120] {logging_mixin.py:115} INFO - [2022-05-19 13:59:08,120] {dagbag.py:507} INFO - Filling up the DagBag from /Users/mohammadrezakhorasanchian/.pyenv/versions/3.10.4/lib/python3.10/site-packages/airflow/example_dags/example_kubernetes_executor.py
[2022-05-19 13:59:08,136] {logging_mixin.py:115} INFO - [2022-05-19 13:59:08,136] {example_kubernetes_executor.py:39} WARNING - The example_kubernetes_executor example DAG requires the kubernetes provider. Please install it with: pip install apache-airflow[cncf.kubernetes]
[2022-05-19 13:59:08,136] {processor.py:653} WARNING - No viable dags retrieved from /Users/mohammadrezakhorasanchian/.pyenv/versions/3.10.4/lib/python3.10/site-packages/airflow/example_dags/example_kubernetes_executor.py
[2022-05-19 13:59:08,163] {processor.py:161} INFO - Processing /Users/mohammadrezakhorasanchian/.pyenv/versions/3.10.4/lib/python3.10/site-packages/airflow/example_dags/example_kubernetes_executor.py took 0.044 seconds
