[2022-05-19 03:30:00,832] {processor.py:153} INFO - Started process (PID=16731) to work on /Users/mohammadrezakhorasanchian/.pyenv/versions/3.10.4/lib/python3.10/site-packages/airflow/example_dags/example_branch_labels.py
[2022-05-19 03:30:00,833] {processor.py:641} INFO - Processing file /Users/mohammadrezakhorasanchian/.pyenv/versions/3.10.4/lib/python3.10/site-packages/airflow/example_dags/example_branch_labels.py for tasks to queue
[2022-05-19 03:30:00,833] {logging_mixin.py:115} INFO - [2022-05-19 03:30:00,833] {dagbag.py:507} INFO - Filling up the DagBag from /Users/mohammadrezakhorasanchian/.pyenv/versions/3.10.4/lib/python3.10/site-packages/airflow/example_dags/example_branch_labels.py
[2022-05-19 03:30:00,842] {processor.py:651} INFO - DAG(s) dict_keys(['example_branch_labels']) retrieved from /Users/mohammadrezakhorasanchian/.pyenv/versions/3.10.4/lib/python3.10/site-packages/airflow/example_dags/example_branch_labels.py
[2022-05-19 03:30:00,885] {logging_mixin.py:115} INFO - [2022-05-19 03:30:00,885] {dag.py:2371} INFO - Sync 1 DAGs
[2022-05-19 03:30:00,896] {logging_mixin.py:115} INFO - [2022-05-19 03:30:00,896] {dag.py:2915} INFO - Setting next_dagrun for example_branch_labels to 2022-05-18T00:00:00+00:00, run_after=2022-05-19T00:00:00+00:00
[2022-05-19 03:30:00,904] {processor.py:161} INFO - Processing /Users/mohammadrezakhorasanchian/.pyenv/versions/3.10.4/lib/python3.10/site-packages/airflow/example_dags/example_branch_labels.py took 0.072 seconds
[2022-05-19 05:18:28,702] {processor.py:153} INFO - Started process (PID=16841) to work on /Users/mohammadrezakhorasanchian/.pyenv/versions/3.10.4/lib/python3.10/site-packages/airflow/example_dags/example_branch_labels.py
[2022-05-19 05:18:28,703] {processor.py:641} INFO - Processing file /Users/mohammadrezakhorasanchian/.pyenv/versions/3.10.4/lib/python3.10/site-packages/airflow/example_dags/example_branch_labels.py for tasks to queue
[2022-05-19 05:18:28,703] {logging_mixin.py:115} INFO - [2022-05-19 05:18:28,703] {dagbag.py:507} INFO - Filling up the DagBag from /Users/mohammadrezakhorasanchian/.pyenv/versions/3.10.4/lib/python3.10/site-packages/airflow/example_dags/example_branch_labels.py
[2022-05-19 05:18:28,713] {processor.py:651} INFO - DAG(s) dict_keys(['example_branch_labels']) retrieved from /Users/mohammadrezakhorasanchian/.pyenv/versions/3.10.4/lib/python3.10/site-packages/airflow/example_dags/example_branch_labels.py
[2022-05-19 05:18:28,755] {logging_mixin.py:115} INFO - [2022-05-19 05:18:28,755] {dag.py:2371} INFO - Sync 1 DAGs
[2022-05-19 05:18:28,765] {logging_mixin.py:115} INFO - [2022-05-19 05:18:28,765] {dag.py:2915} INFO - Setting next_dagrun for example_branch_labels to 2022-05-18T00:00:00+00:00, run_after=2022-05-19T00:00:00+00:00
[2022-05-19 05:18:28,773] {processor.py:161} INFO - Processing /Users/mohammadrezakhorasanchian/.pyenv/versions/3.10.4/lib/python3.10/site-packages/airflow/example_dags/example_branch_labels.py took 0.072 seconds
[2022-05-19 06:13:27,646] {processor.py:153} INFO - Started process (PID=16910) to work on /Users/mohammadrezakhorasanchian/.pyenv/versions/3.10.4/lib/python3.10/site-packages/airflow/example_dags/example_branch_labels.py
[2022-05-19 06:13:27,653] {processor.py:641} INFO - Processing file /Users/mohammadrezakhorasanchian/.pyenv/versions/3.10.4/lib/python3.10/site-packages/airflow/example_dags/example_branch_labels.py for tasks to queue
[2022-05-19 06:13:27,654] {logging_mixin.py:115} INFO - [2022-05-19 06:13:27,654] {dagbag.py:507} INFO - Filling up the DagBag from /Users/mohammadrezakhorasanchian/.pyenv/versions/3.10.4/lib/python3.10/site-packages/airflow/example_dags/example_branch_labels.py
[2022-05-19 06:13:27,688] {processor.py:651} INFO - DAG(s) dict_keys(['example_branch_labels']) retrieved from /Users/mohammadrezakhorasanchian/.pyenv/versions/3.10.4/lib/python3.10/site-packages/airflow/example_dags/example_branch_labels.py
[2022-05-19 06:13:27,750] {logging_mixin.py:115} INFO - [2022-05-19 06:13:27,750] {dag.py:2371} INFO - Sync 1 DAGs
[2022-05-19 06:13:27,776] {logging_mixin.py:115} INFO - [2022-05-19 06:13:27,776] {dag.py:2915} INFO - Setting next_dagrun for example_branch_labels to 2022-05-18T00:00:00+00:00, run_after=2022-05-19T00:00:00+00:00
[2022-05-19 06:13:27,831] {processor.py:161} INFO - Processing /Users/mohammadrezakhorasanchian/.pyenv/versions/3.10.4/lib/python3.10/site-packages/airflow/example_dags/example_branch_labels.py took 0.186 seconds
[2022-05-19 08:01:02,661] {processor.py:153} INFO - Started process (PID=16974) to work on /Users/mohammadrezakhorasanchian/.pyenv/versions/3.10.4/lib/python3.10/site-packages/airflow/example_dags/example_branch_labels.py
[2022-05-19 08:01:02,662] {processor.py:641} INFO - Processing file /Users/mohammadrezakhorasanchian/.pyenv/versions/3.10.4/lib/python3.10/site-packages/airflow/example_dags/example_branch_labels.py for tasks to queue
[2022-05-19 08:01:02,662] {logging_mixin.py:115} INFO - [2022-05-19 08:01:02,662] {dagbag.py:507} INFO - Filling up the DagBag from /Users/mohammadrezakhorasanchian/.pyenv/versions/3.10.4/lib/python3.10/site-packages/airflow/example_dags/example_branch_labels.py
[2022-05-19 08:01:02,672] {processor.py:651} INFO - DAG(s) dict_keys(['example_branch_labels']) retrieved from /Users/mohammadrezakhorasanchian/.pyenv/versions/3.10.4/lib/python3.10/site-packages/airflow/example_dags/example_branch_labels.py
[2022-05-19 08:01:02,715] {logging_mixin.py:115} INFO - [2022-05-19 08:01:02,715] {dag.py:2371} INFO - Sync 1 DAGs
[2022-05-19 08:01:02,726] {logging_mixin.py:115} INFO - [2022-05-19 08:01:02,726] {dag.py:2915} INFO - Setting next_dagrun for example_branch_labels to 2022-05-18T00:00:00+00:00, run_after=2022-05-19T00:00:00+00:00
[2022-05-19 08:01:02,735] {processor.py:161} INFO - Processing /Users/mohammadrezakhorasanchian/.pyenv/versions/3.10.4/lib/python3.10/site-packages/airflow/example_dags/example_branch_labels.py took 0.073 seconds
[2022-05-19 09:11:31,359] {processor.py:153} INFO - Started process (PID=17049) to work on /Users/mohammadrezakhorasanchian/.pyenv/versions/3.10.4/lib/python3.10/site-packages/airflow/example_dags/example_branch_labels.py
[2022-05-19 09:11:31,359] {processor.py:641} INFO - Processing file /Users/mohammadrezakhorasanchian/.pyenv/versions/3.10.4/lib/python3.10/site-packages/airflow/example_dags/example_branch_labels.py for tasks to queue
[2022-05-19 09:11:31,360] {logging_mixin.py:115} INFO - [2022-05-19 09:11:31,360] {dagbag.py:507} INFO - Filling up the DagBag from /Users/mohammadrezakhorasanchian/.pyenv/versions/3.10.4/lib/python3.10/site-packages/airflow/example_dags/example_branch_labels.py
[2022-05-19 09:11:31,371] {processor.py:651} INFO - DAG(s) dict_keys(['example_branch_labels']) retrieved from /Users/mohammadrezakhorasanchian/.pyenv/versions/3.10.4/lib/python3.10/site-packages/airflow/example_dags/example_branch_labels.py
[2022-05-19 09:11:31,417] {logging_mixin.py:115} INFO - [2022-05-19 09:11:31,416] {dag.py:2371} INFO - Sync 1 DAGs
[2022-05-19 09:11:31,427] {logging_mixin.py:115} INFO - [2022-05-19 09:11:31,427] {dag.py:2915} INFO - Setting next_dagrun for example_branch_labels to 2022-05-18T00:00:00+00:00, run_after=2022-05-19T00:00:00+00:00
[2022-05-19 09:11:31,435] {processor.py:161} INFO - Processing /Users/mohammadrezakhorasanchian/.pyenv/versions/3.10.4/lib/python3.10/site-packages/airflow/example_dags/example_branch_labels.py took 0.077 seconds
[2022-05-19 13:58:22,899] {processor.py:153} INFO - Started process (PID=17143) to work on /Users/mohammadrezakhorasanchian/.pyenv/versions/3.10.4/lib/python3.10/site-packages/airflow/example_dags/example_branch_labels.py
[2022-05-19 13:58:22,900] {processor.py:641} INFO - Processing file /Users/mohammadrezakhorasanchian/.pyenv/versions/3.10.4/lib/python3.10/site-packages/airflow/example_dags/example_branch_labels.py for tasks to queue
[2022-05-19 13:58:22,900] {logging_mixin.py:115} INFO - [2022-05-19 13:58:22,900] {dagbag.py:507} INFO - Filling up the DagBag from /Users/mohammadrezakhorasanchian/.pyenv/versions/3.10.4/lib/python3.10/site-packages/airflow/example_dags/example_branch_labels.py
[2022-05-19 13:58:22,909] {processor.py:651} INFO - DAG(s) dict_keys(['example_branch_labels']) retrieved from /Users/mohammadrezakhorasanchian/.pyenv/versions/3.10.4/lib/python3.10/site-packages/airflow/example_dags/example_branch_labels.py
[2022-05-19 13:58:22,953] {logging_mixin.py:115} INFO - [2022-05-19 13:58:22,953] {dag.py:2371} INFO - Sync 1 DAGs
[2022-05-19 13:58:22,964] {logging_mixin.py:115} INFO - [2022-05-19 13:58:22,964] {dag.py:2915} INFO - Setting next_dagrun for example_branch_labels to 2022-05-18T00:00:00+00:00, run_after=2022-05-19T00:00:00+00:00
[2022-05-19 13:58:22,971] {processor.py:161} INFO - Processing /Users/mohammadrezakhorasanchian/.pyenv/versions/3.10.4/lib/python3.10/site-packages/airflow/example_dags/example_branch_labels.py took 0.072 seconds
