[2022-05-19 03:30:17,991] {processor.py:153} INFO - Started process (PID=16747) to work on /Users/mohammadrezakhorasanchian/.pyenv/versions/3.10.4/lib/python3.10/site-packages/airflow/example_dags/example_xcomargs.py
[2022-05-19 03:30:17,991] {processor.py:641} INFO - Processing file /Users/mohammadrezakhorasanchian/.pyenv/versions/3.10.4/lib/python3.10/site-packages/airflow/example_dags/example_xcomargs.py for tasks to queue
[2022-05-19 03:30:17,991] {logging_mixin.py:115} INFO - [2022-05-19 03:30:17,991] {dagbag.py:507} INFO - Filling up the DagBag from /Users/mohammadrezakhorasanchian/.pyenv/versions/3.10.4/lib/python3.10/site-packages/airflow/example_dags/example_xcomargs.py
[2022-05-19 03:30:18,020] {processor.py:651} INFO - DAG(s) dict_keys(['example_xcom_args', 'example_xcom_args_with_operators']) retrieved from /Users/mohammadrezakhorasanchian/.pyenv/versions/3.10.4/lib/python3.10/site-packages/airflow/example_dags/example_xcomargs.py
[2022-05-19 03:30:18,419] {logging_mixin.py:115} INFO - [2022-05-19 03:30:18,418] {dag.py:2371} INFO - Sync 2 DAGs
[2022-05-19 03:30:18,427] {logging_mixin.py:115} INFO - [2022-05-19 03:30:18,427] {dag.py:2915} INFO - Setting next_dagrun for example_xcom_args to None, run_after=None
[2022-05-19 03:30:18,428] {logging_mixin.py:115} INFO - [2022-05-19 03:30:18,427] {dag.py:2915} INFO - Setting next_dagrun for example_xcom_args_with_operators to None, run_after=None
[2022-05-19 03:30:18,439] {processor.py:161} INFO - Processing /Users/mohammadrezakhorasanchian/.pyenv/versions/3.10.4/lib/python3.10/site-packages/airflow/example_dags/example_xcomargs.py took 0.448 seconds
[2022-05-19 04:24:44,479] {processor.py:153} INFO - Started process (PID=16816) to work on /Users/mohammadrezakhorasanchian/.pyenv/versions/3.10.4/lib/python3.10/site-packages/airflow/example_dags/example_xcomargs.py
[2022-05-19 04:24:44,480] {processor.py:641} INFO - Processing file /Users/mohammadrezakhorasanchian/.pyenv/versions/3.10.4/lib/python3.10/site-packages/airflow/example_dags/example_xcomargs.py for tasks to queue
[2022-05-19 04:24:44,480] {logging_mixin.py:115} INFO - [2022-05-19 04:24:44,480] {dagbag.py:507} INFO - Filling up the DagBag from /Users/mohammadrezakhorasanchian/.pyenv/versions/3.10.4/lib/python3.10/site-packages/airflow/example_dags/example_xcomargs.py
[2022-05-19 04:24:44,504] {processor.py:651} INFO - DAG(s) dict_keys(['example_xcom_args', 'example_xcom_args_with_operators']) retrieved from /Users/mohammadrezakhorasanchian/.pyenv/versions/3.10.4/lib/python3.10/site-packages/airflow/example_dags/example_xcomargs.py
[2022-05-19 04:24:44,890] {logging_mixin.py:115} INFO - [2022-05-19 04:24:44,890] {dag.py:2371} INFO - Sync 2 DAGs
[2022-05-19 04:24:44,899] {logging_mixin.py:115} INFO - [2022-05-19 04:24:44,899] {dag.py:2915} INFO - Setting next_dagrun for example_xcom_args to None, run_after=None
[2022-05-19 04:24:44,899] {logging_mixin.py:115} INFO - [2022-05-19 04:24:44,899] {dag.py:2915} INFO - Setting next_dagrun for example_xcom_args_with_operators to None, run_after=None
[2022-05-19 04:24:44,910] {processor.py:161} INFO - Processing /Users/mohammadrezakhorasanchian/.pyenv/versions/3.10.4/lib/python3.10/site-packages/airflow/example_dags/example_xcomargs.py took 0.432 seconds
[2022-05-19 05:18:48,427] {processor.py:153} INFO - Started process (PID=16852) to work on /Users/mohammadrezakhorasanchian/.pyenv/versions/3.10.4/lib/python3.10/site-packages/airflow/example_dags/example_xcomargs.py
[2022-05-19 05:18:48,428] {processor.py:641} INFO - Processing file /Users/mohammadrezakhorasanchian/.pyenv/versions/3.10.4/lib/python3.10/site-packages/airflow/example_dags/example_xcomargs.py for tasks to queue
[2022-05-19 05:18:48,428] {logging_mixin.py:115} INFO - [2022-05-19 05:18:48,428] {dagbag.py:507} INFO - Filling up the DagBag from /Users/mohammadrezakhorasanchian/.pyenv/versions/3.10.4/lib/python3.10/site-packages/airflow/example_dags/example_xcomargs.py
[2022-05-19 05:18:48,455] {processor.py:651} INFO - DAG(s) dict_keys(['example_xcom_args', 'example_xcom_args_with_operators']) retrieved from /Users/mohammadrezakhorasanchian/.pyenv/versions/3.10.4/lib/python3.10/site-packages/airflow/example_dags/example_xcomargs.py
[2022-05-19 05:18:48,843] {logging_mixin.py:115} INFO - [2022-05-19 05:18:48,843] {dag.py:2371} INFO - Sync 2 DAGs
[2022-05-19 05:18:48,852] {logging_mixin.py:115} INFO - [2022-05-19 05:18:48,852] {dag.py:2915} INFO - Setting next_dagrun for example_xcom_args to None, run_after=None
[2022-05-19 05:18:48,852] {logging_mixin.py:115} INFO - [2022-05-19 05:18:48,852] {dag.py:2915} INFO - Setting next_dagrun for example_xcom_args_with_operators to None, run_after=None
[2022-05-19 05:18:48,859] {processor.py:161} INFO - Processing /Users/mohammadrezakhorasanchian/.pyenv/versions/3.10.4/lib/python3.10/site-packages/airflow/example_dags/example_xcomargs.py took 0.432 seconds
[2022-05-19 06:13:04,047] {processor.py:153} INFO - Started process (PID=16893) to work on /Users/mohammadrezakhorasanchian/.pyenv/versions/3.10.4/lib/python3.10/site-packages/airflow/example_dags/example_xcomargs.py
[2022-05-19 06:13:04,048] {processor.py:641} INFO - Processing file /Users/mohammadrezakhorasanchian/.pyenv/versions/3.10.4/lib/python3.10/site-packages/airflow/example_dags/example_xcomargs.py for tasks to queue
[2022-05-19 06:13:04,049] {logging_mixin.py:115} INFO - [2022-05-19 06:13:04,049] {dagbag.py:507} INFO - Filling up the DagBag from /Users/mohammadrezakhorasanchian/.pyenv/versions/3.10.4/lib/python3.10/site-packages/airflow/example_dags/example_xcomargs.py
[2022-05-19 06:13:04,077] {processor.py:651} INFO - DAG(s) dict_keys(['example_xcom_args', 'example_xcom_args_with_operators']) retrieved from /Users/mohammadrezakhorasanchian/.pyenv/versions/3.10.4/lib/python3.10/site-packages/airflow/example_dags/example_xcomargs.py
[2022-05-19 06:13:04,467] {logging_mixin.py:115} INFO - [2022-05-19 06:13:04,467] {dag.py:2371} INFO - Sync 2 DAGs
[2022-05-19 06:13:04,477] {logging_mixin.py:115} INFO - [2022-05-19 06:13:04,477] {dag.py:2915} INFO - Setting next_dagrun for example_xcom_args to None, run_after=None
[2022-05-19 06:13:04,477] {logging_mixin.py:115} INFO - [2022-05-19 06:13:04,477] {dag.py:2915} INFO - Setting next_dagrun for example_xcom_args_with_operators to None, run_after=None
[2022-05-19 06:13:04,484] {processor.py:161} INFO - Processing /Users/mohammadrezakhorasanchian/.pyenv/versions/3.10.4/lib/python3.10/site-packages/airflow/example_dags/example_xcomargs.py took 0.437 seconds
[2022-05-19 07:07:12,623] {processor.py:153} INFO - Started process (PID=16945) to work on /Users/mohammadrezakhorasanchian/.pyenv/versions/3.10.4/lib/python3.10/site-packages/airflow/example_dags/example_xcomargs.py
[2022-05-19 07:07:12,624] {processor.py:641} INFO - Processing file /Users/mohammadrezakhorasanchian/.pyenv/versions/3.10.4/lib/python3.10/site-packages/airflow/example_dags/example_xcomargs.py for tasks to queue
[2022-05-19 07:07:12,624] {logging_mixin.py:115} INFO - [2022-05-19 07:07:12,624] {dagbag.py:507} INFO - Filling up the DagBag from /Users/mohammadrezakhorasanchian/.pyenv/versions/3.10.4/lib/python3.10/site-packages/airflow/example_dags/example_xcomargs.py
[2022-05-19 07:07:12,649] {processor.py:651} INFO - DAG(s) dict_keys(['example_xcom_args', 'example_xcom_args_with_operators']) retrieved from /Users/mohammadrezakhorasanchian/.pyenv/versions/3.10.4/lib/python3.10/site-packages/airflow/example_dags/example_xcomargs.py
[2022-05-19 07:07:13,034] {logging_mixin.py:115} INFO - [2022-05-19 07:07:13,034] {dag.py:2371} INFO - Sync 2 DAGs
[2022-05-19 07:07:13,043] {logging_mixin.py:115} INFO - [2022-05-19 07:07:13,043] {dag.py:2915} INFO - Setting next_dagrun for example_xcom_args to None, run_after=None
[2022-05-19 07:07:13,043] {logging_mixin.py:115} INFO - [2022-05-19 07:07:13,043] {dag.py:2915} INFO - Setting next_dagrun for example_xcom_args_with_operators to None, run_after=None
[2022-05-19 07:07:13,052] {processor.py:161} INFO - Processing /Users/mohammadrezakhorasanchian/.pyenv/versions/3.10.4/lib/python3.10/site-packages/airflow/example_dags/example_xcomargs.py took 0.429 seconds
[2022-05-19 08:01:21,778] {processor.py:153} INFO - Started process (PID=16985) to work on /Users/mohammadrezakhorasanchian/.pyenv/versions/3.10.4/lib/python3.10/site-packages/airflow/example_dags/example_xcomargs.py
[2022-05-19 08:01:21,779] {processor.py:641} INFO - Processing file /Users/mohammadrezakhorasanchian/.pyenv/versions/3.10.4/lib/python3.10/site-packages/airflow/example_dags/example_xcomargs.py for tasks to queue
[2022-05-19 08:01:21,780] {logging_mixin.py:115} INFO - [2022-05-19 08:01:21,780] {dagbag.py:507} INFO - Filling up the DagBag from /Users/mohammadrezakhorasanchian/.pyenv/versions/3.10.4/lib/python3.10/site-packages/airflow/example_dags/example_xcomargs.py
[2022-05-19 08:01:21,803] {processor.py:651} INFO - DAG(s) dict_keys(['example_xcom_args', 'example_xcom_args_with_operators']) retrieved from /Users/mohammadrezakhorasanchian/.pyenv/versions/3.10.4/lib/python3.10/site-packages/airflow/example_dags/example_xcomargs.py
[2022-05-19 08:01:22,187] {logging_mixin.py:115} INFO - [2022-05-19 08:01:22,187] {dag.py:2371} INFO - Sync 2 DAGs
[2022-05-19 08:01:22,196] {logging_mixin.py:115} INFO - [2022-05-19 08:01:22,196] {dag.py:2915} INFO - Setting next_dagrun for example_xcom_args to None, run_after=None
[2022-05-19 08:01:22,197] {logging_mixin.py:115} INFO - [2022-05-19 08:01:22,197] {dag.py:2915} INFO - Setting next_dagrun for example_xcom_args_with_operators to None, run_after=None
[2022-05-19 08:01:22,206] {processor.py:161} INFO - Processing /Users/mohammadrezakhorasanchian/.pyenv/versions/3.10.4/lib/python3.10/site-packages/airflow/example_dags/example_xcomargs.py took 0.428 seconds
[2022-05-19 08:55:31,678] {processor.py:153} INFO - Started process (PID=17025) to work on /Users/mohammadrezakhorasanchian/.pyenv/versions/3.10.4/lib/python3.10/site-packages/airflow/example_dags/example_xcomargs.py
[2022-05-19 08:55:31,679] {processor.py:641} INFO - Processing file /Users/mohammadrezakhorasanchian/.pyenv/versions/3.10.4/lib/python3.10/site-packages/airflow/example_dags/example_xcomargs.py for tasks to queue
[2022-05-19 08:55:31,680] {logging_mixin.py:115} INFO - [2022-05-19 08:55:31,679] {dagbag.py:507} INFO - Filling up the DagBag from /Users/mohammadrezakhorasanchian/.pyenv/versions/3.10.4/lib/python3.10/site-packages/airflow/example_dags/example_xcomargs.py
[2022-05-19 08:55:31,708] {processor.py:651} INFO - DAG(s) dict_keys(['example_xcom_args', 'example_xcom_args_with_operators']) retrieved from /Users/mohammadrezakhorasanchian/.pyenv/versions/3.10.4/lib/python3.10/site-packages/airflow/example_dags/example_xcomargs.py
[2022-05-19 08:55:32,090] {logging_mixin.py:115} INFO - [2022-05-19 08:55:32,090] {dag.py:2371} INFO - Sync 2 DAGs
[2022-05-19 08:55:32,099] {logging_mixin.py:115} INFO - [2022-05-19 08:55:32,099] {dag.py:2915} INFO - Setting next_dagrun for example_xcom_args to None, run_after=None
[2022-05-19 08:55:32,099] {logging_mixin.py:115} INFO - [2022-05-19 08:55:32,099] {dag.py:2915} INFO - Setting next_dagrun for example_xcom_args_with_operators to None, run_after=None
[2022-05-19 08:55:32,107] {processor.py:161} INFO - Processing /Users/mohammadrezakhorasanchian/.pyenv/versions/3.10.4/lib/python3.10/site-packages/airflow/example_dags/example_xcomargs.py took 0.430 seconds
[2022-05-19 09:51:19,479] {processor.py:153} INFO - Started process (PID=17068) to work on /Users/mohammadrezakhorasanchian/.pyenv/versions/3.10.4/lib/python3.10/site-packages/airflow/example_dags/example_xcomargs.py
[2022-05-19 09:51:19,480] {processor.py:641} INFO - Processing file /Users/mohammadrezakhorasanchian/.pyenv/versions/3.10.4/lib/python3.10/site-packages/airflow/example_dags/example_xcomargs.py for tasks to queue
[2022-05-19 09:51:19,481] {logging_mixin.py:115} INFO - [2022-05-19 09:51:19,481] {dagbag.py:507} INFO - Filling up the DagBag from /Users/mohammadrezakhorasanchian/.pyenv/versions/3.10.4/lib/python3.10/site-packages/airflow/example_dags/example_xcomargs.py
[2022-05-19 09:51:19,599] {processor.py:651} INFO - DAG(s) dict_keys(['example_xcom_args', 'example_xcom_args_with_operators']) retrieved from /Users/mohammadrezakhorasanchian/.pyenv/versions/3.10.4/lib/python3.10/site-packages/airflow/example_dags/example_xcomargs.py
[2022-05-19 09:51:21,451] {logging_mixin.py:115} INFO - [2022-05-19 09:51:21,451] {dag.py:2371} INFO - Sync 2 DAGs
[2022-05-19 09:51:21,497] {logging_mixin.py:115} INFO - [2022-05-19 09:51:21,496] {dag.py:2915} INFO - Setting next_dagrun for example_xcom_args to None, run_after=None
[2022-05-19 09:51:21,498] {logging_mixin.py:115} INFO - [2022-05-19 09:51:21,497] {dag.py:2915} INFO - Setting next_dagrun for example_xcom_args_with_operators to None, run_after=None
[2022-05-19 09:51:21,533] {processor.py:161} INFO - Processing /Users/mohammadrezakhorasanchian/.pyenv/versions/3.10.4/lib/python3.10/site-packages/airflow/example_dags/example_xcomargs.py took 2.055 seconds
[2022-05-19 13:58:37,853] {processor.py:153} INFO - Started process (PID=17172) to work on /Users/mohammadrezakhorasanchian/.pyenv/versions/3.10.4/lib/python3.10/site-packages/airflow/example_dags/example_xcomargs.py
[2022-05-19 13:58:37,853] {processor.py:641} INFO - Processing file /Users/mohammadrezakhorasanchian/.pyenv/versions/3.10.4/lib/python3.10/site-packages/airflow/example_dags/example_xcomargs.py for tasks to queue
[2022-05-19 13:58:37,853] {logging_mixin.py:115} INFO - [2022-05-19 13:58:37,853] {dagbag.py:507} INFO - Filling up the DagBag from /Users/mohammadrezakhorasanchian/.pyenv/versions/3.10.4/lib/python3.10/site-packages/airflow/example_dags/example_xcomargs.py
[2022-05-19 13:58:37,878] {processor.py:651} INFO - DAG(s) dict_keys(['example_xcom_args', 'example_xcom_args_with_operators']) retrieved from /Users/mohammadrezakhorasanchian/.pyenv/versions/3.10.4/lib/python3.10/site-packages/airflow/example_dags/example_xcomargs.py
[2022-05-19 13:58:38,272] {logging_mixin.py:115} INFO - [2022-05-19 13:58:38,272] {dag.py:2371} INFO - Sync 2 DAGs
[2022-05-19 13:58:38,281] {logging_mixin.py:115} INFO - [2022-05-19 13:58:38,281] {dag.py:2915} INFO - Setting next_dagrun for example_xcom_args to None, run_after=None
[2022-05-19 13:58:38,281] {logging_mixin.py:115} INFO - [2022-05-19 13:58:38,281] {dag.py:2915} INFO - Setting next_dagrun for example_xcom_args_with_operators to None, run_after=None
[2022-05-19 13:58:38,290] {processor.py:161} INFO - Processing /Users/mohammadrezakhorasanchian/.pyenv/versions/3.10.4/lib/python3.10/site-packages/airflow/example_dags/example_xcomargs.py took 0.437 seconds
[2022-05-19 13:59:28,915] {processor.py:153} INFO - Started process (PID=17301) to work on /Users/mohammadrezakhorasanchian/.pyenv/versions/3.10.4/lib/python3.10/site-packages/airflow/example_dags/example_xcomargs.py
[2022-05-19 13:59:28,915] {processor.py:641} INFO - Processing file /Users/mohammadrezakhorasanchian/.pyenv/versions/3.10.4/lib/python3.10/site-packages/airflow/example_dags/example_xcomargs.py for tasks to queue
[2022-05-19 13:59:28,915] {logging_mixin.py:115} INFO - [2022-05-19 13:59:28,915] {dagbag.py:507} INFO - Filling up the DagBag from /Users/mohammadrezakhorasanchian/.pyenv/versions/3.10.4/lib/python3.10/site-packages/airflow/example_dags/example_xcomargs.py
[2022-05-19 13:59:28,940] {processor.py:651} INFO - DAG(s) dict_keys(['example_xcom_args', 'example_xcom_args_with_operators']) retrieved from /Users/mohammadrezakhorasanchian/.pyenv/versions/3.10.4/lib/python3.10/site-packages/airflow/example_dags/example_xcomargs.py
[2022-05-19 13:59:29,375] {logging_mixin.py:115} INFO - [2022-05-19 13:59:29,375] {dag.py:2371} INFO - Sync 2 DAGs
[2022-05-19 13:59:29,387] {logging_mixin.py:115} INFO - [2022-05-19 13:59:29,387] {dag.py:2915} INFO - Setting next_dagrun for example_xcom_args to None, run_after=None
[2022-05-19 13:59:29,387] {logging_mixin.py:115} INFO - [2022-05-19 13:59:29,387] {dag.py:2915} INFO - Setting next_dagrun for example_xcom_args_with_operators to None, run_after=None
[2022-05-19 13:59:29,396] {processor.py:161} INFO - Processing /Users/mohammadrezakhorasanchian/.pyenv/versions/3.10.4/lib/python3.10/site-packages/airflow/example_dags/example_xcomargs.py took 0.482 seconds
