[2022-05-19 04:24:29,367] {processor.py:153} INFO - Started process (PID=16807) to work on /Users/mohammadrezakhorasanchian/.pyenv/versions/3.10.4/lib/python3.10/site-packages/airflow/example_dags/example_external_task_marker_dag.py
[2022-05-19 04:24:29,367] {processor.py:641} INFO - Processing file /Users/mohammadrezakhorasanchian/.pyenv/versions/3.10.4/lib/python3.10/site-packages/airflow/example_dags/example_external_task_marker_dag.py for tasks to queue
[2022-05-19 04:24:29,367] {logging_mixin.py:115} INFO - [2022-05-19 04:24:29,367] {dagbag.py:507} INFO - Filling up the DagBag from /Users/mohammadrezakhorasanchian/.pyenv/versions/3.10.4/lib/python3.10/site-packages/airflow/example_dags/example_external_task_marker_dag.py
[2022-05-19 04:24:29,376] {processor.py:651} INFO - DAG(s) dict_keys(['example_external_task_marker_parent', 'example_external_task_marker_child']) retrieved from /Users/mohammadrezakhorasanchian/.pyenv/versions/3.10.4/lib/python3.10/site-packages/airflow/example_dags/example_external_task_marker_dag.py
[2022-05-19 04:24:29,423] {logging_mixin.py:115} INFO - [2022-05-19 04:24:29,423] {dag.py:2371} INFO - Sync 2 DAGs
[2022-05-19 04:24:29,433] {logging_mixin.py:115} INFO - [2022-05-19 04:24:29,433] {dag.py:2915} INFO - Setting next_dagrun for example_external_task_marker_child to None, run_after=None
[2022-05-19 04:24:29,433] {logging_mixin.py:115} INFO - [2022-05-19 04:24:29,433] {dag.py:2915} INFO - Setting next_dagrun for example_external_task_marker_parent to None, run_after=None
[2022-05-19 04:24:29,440] {processor.py:161} INFO - Processing /Users/mohammadrezakhorasanchian/.pyenv/versions/3.10.4/lib/python3.10/site-packages/airflow/example_dags/example_external_task_marker_dag.py took 0.074 seconds
[2022-05-19 06:12:43,997] {processor.py:153} INFO - Started process (PID=16882) to work on /Users/mohammadrezakhorasanchian/.pyenv/versions/3.10.4/lib/python3.10/site-packages/airflow/example_dags/example_external_task_marker_dag.py
[2022-05-19 06:12:43,998] {processor.py:641} INFO - Processing file /Users/mohammadrezakhorasanchian/.pyenv/versions/3.10.4/lib/python3.10/site-packages/airflow/example_dags/example_external_task_marker_dag.py for tasks to queue
[2022-05-19 06:12:43,998] {logging_mixin.py:115} INFO - [2022-05-19 06:12:43,998] {dagbag.py:507} INFO - Filling up the DagBag from /Users/mohammadrezakhorasanchian/.pyenv/versions/3.10.4/lib/python3.10/site-packages/airflow/example_dags/example_external_task_marker_dag.py
[2022-05-19 06:12:44,007] {processor.py:651} INFO - DAG(s) dict_keys(['example_external_task_marker_parent', 'example_external_task_marker_child']) retrieved from /Users/mohammadrezakhorasanchian/.pyenv/versions/3.10.4/lib/python3.10/site-packages/airflow/example_dags/example_external_task_marker_dag.py
[2022-05-19 06:12:44,053] {logging_mixin.py:115} INFO - [2022-05-19 06:12:44,053] {dag.py:2371} INFO - Sync 2 DAGs
[2022-05-19 06:12:44,062] {logging_mixin.py:115} INFO - [2022-05-19 06:12:44,062] {dag.py:2915} INFO - Setting next_dagrun for example_external_task_marker_child to None, run_after=None
[2022-05-19 06:12:44,062] {logging_mixin.py:115} INFO - [2022-05-19 06:12:44,062] {dag.py:2915} INFO - Setting next_dagrun for example_external_task_marker_parent to None, run_after=None
[2022-05-19 06:12:44,069] {processor.py:161} INFO - Processing /Users/mohammadrezakhorasanchian/.pyenv/versions/3.10.4/lib/python3.10/site-packages/airflow/example_dags/example_external_task_marker_dag.py took 0.073 seconds
[2022-05-19 07:07:01,910] {processor.py:153} INFO - Started process (PID=16939) to work on /Users/mohammadrezakhorasanchian/.pyenv/versions/3.10.4/lib/python3.10/site-packages/airflow/example_dags/example_external_task_marker_dag.py
[2022-05-19 07:07:01,911] {processor.py:641} INFO - Processing file /Users/mohammadrezakhorasanchian/.pyenv/versions/3.10.4/lib/python3.10/site-packages/airflow/example_dags/example_external_task_marker_dag.py for tasks to queue
[2022-05-19 07:07:01,912] {logging_mixin.py:115} INFO - [2022-05-19 07:07:01,912] {dagbag.py:507} INFO - Filling up the DagBag from /Users/mohammadrezakhorasanchian/.pyenv/versions/3.10.4/lib/python3.10/site-packages/airflow/example_dags/example_external_task_marker_dag.py
[2022-05-19 07:07:01,921] {processor.py:651} INFO - DAG(s) dict_keys(['example_external_task_marker_parent', 'example_external_task_marker_child']) retrieved from /Users/mohammadrezakhorasanchian/.pyenv/versions/3.10.4/lib/python3.10/site-packages/airflow/example_dags/example_external_task_marker_dag.py
[2022-05-19 07:07:01,967] {logging_mixin.py:115} INFO - [2022-05-19 07:07:01,967] {dag.py:2371} INFO - Sync 2 DAGs
[2022-05-19 07:07:01,977] {logging_mixin.py:115} INFO - [2022-05-19 07:07:01,977] {dag.py:2915} INFO - Setting next_dagrun for example_external_task_marker_child to None, run_after=None
[2022-05-19 07:07:01,977] {logging_mixin.py:115} INFO - [2022-05-19 07:07:01,977] {dag.py:2915} INFO - Setting next_dagrun for example_external_task_marker_parent to None, run_after=None
[2022-05-19 07:07:01,987] {processor.py:161} INFO - Processing /Users/mohammadrezakhorasanchian/.pyenv/versions/3.10.4/lib/python3.10/site-packages/airflow/example_dags/example_external_task_marker_dag.py took 0.077 seconds
[2022-05-19 08:55:13,800] {processor.py:153} INFO - Started process (PID=17014) to work on /Users/mohammadrezakhorasanchian/.pyenv/versions/3.10.4/lib/python3.10/site-packages/airflow/example_dags/example_external_task_marker_dag.py
[2022-05-19 08:55:13,801] {processor.py:641} INFO - Processing file /Users/mohammadrezakhorasanchian/.pyenv/versions/3.10.4/lib/python3.10/site-packages/airflow/example_dags/example_external_task_marker_dag.py for tasks to queue
[2022-05-19 08:55:13,801] {logging_mixin.py:115} INFO - [2022-05-19 08:55:13,801] {dagbag.py:507} INFO - Filling up the DagBag from /Users/mohammadrezakhorasanchian/.pyenv/versions/3.10.4/lib/python3.10/site-packages/airflow/example_dags/example_external_task_marker_dag.py
[2022-05-19 08:55:13,810] {processor.py:651} INFO - DAG(s) dict_keys(['example_external_task_marker_parent', 'example_external_task_marker_child']) retrieved from /Users/mohammadrezakhorasanchian/.pyenv/versions/3.10.4/lib/python3.10/site-packages/airflow/example_dags/example_external_task_marker_dag.py
[2022-05-19 08:55:13,858] {logging_mixin.py:115} INFO - [2022-05-19 08:55:13,857] {dag.py:2371} INFO - Sync 2 DAGs
[2022-05-19 08:55:13,867] {logging_mixin.py:115} INFO - [2022-05-19 08:55:13,867] {dag.py:2915} INFO - Setting next_dagrun for example_external_task_marker_child to None, run_after=None
[2022-05-19 08:55:13,867] {logging_mixin.py:115} INFO - [2022-05-19 08:55:13,867] {dag.py:2915} INFO - Setting next_dagrun for example_external_task_marker_parent to None, run_after=None
[2022-05-19 08:55:13,874] {processor.py:161} INFO - Processing /Users/mohammadrezakhorasanchian/.pyenv/versions/3.10.4/lib/python3.10/site-packages/airflow/example_dags/example_external_task_marker_dag.py took 0.074 seconds
[2022-05-19 10:42:16,736] {processor.py:153} INFO - Started process (PID=17097) to work on /Users/mohammadrezakhorasanchian/.pyenv/versions/3.10.4/lib/python3.10/site-packages/airflow/example_dags/example_external_task_marker_dag.py
[2022-05-19 10:42:16,737] {processor.py:641} INFO - Processing file /Users/mohammadrezakhorasanchian/.pyenv/versions/3.10.4/lib/python3.10/site-packages/airflow/example_dags/example_external_task_marker_dag.py for tasks to queue
[2022-05-19 10:42:16,738] {logging_mixin.py:115} INFO - [2022-05-19 10:42:16,738] {dagbag.py:507} INFO - Filling up the DagBag from /Users/mohammadrezakhorasanchian/.pyenv/versions/3.10.4/lib/python3.10/site-packages/airflow/example_dags/example_external_task_marker_dag.py
[2022-05-19 10:42:16,785] {processor.py:651} INFO - DAG(s) dict_keys(['example_external_task_marker_parent', 'example_external_task_marker_child']) retrieved from /Users/mohammadrezakhorasanchian/.pyenv/versions/3.10.4/lib/python3.10/site-packages/airflow/example_dags/example_external_task_marker_dag.py
[2022-05-19 10:42:17,027] {logging_mixin.py:115} INFO - [2022-05-19 10:42:17,026] {dag.py:2371} INFO - Sync 2 DAGs
[2022-05-19 10:42:17,075] {logging_mixin.py:115} INFO - [2022-05-19 10:42:17,075] {dag.py:2915} INFO - Setting next_dagrun for example_external_task_marker_child to None, run_after=None
[2022-05-19 10:42:17,076] {logging_mixin.py:115} INFO - [2022-05-19 10:42:17,076] {dag.py:2915} INFO - Setting next_dagrun for example_external_task_marker_parent to None, run_after=None
[2022-05-19 10:42:17,106] {processor.py:161} INFO - Processing /Users/mohammadrezakhorasanchian/.pyenv/versions/3.10.4/lib/python3.10/site-packages/airflow/example_dags/example_external_task_marker_dag.py took 0.372 seconds
[2022-05-19 13:59:09,760] {processor.py:153} INFO - Started process (PID=17231) to work on /Users/mohammadrezakhorasanchian/.pyenv/versions/3.10.4/lib/python3.10/site-packages/airflow/example_dags/example_external_task_marker_dag.py
[2022-05-19 13:59:09,760] {processor.py:641} INFO - Processing file /Users/mohammadrezakhorasanchian/.pyenv/versions/3.10.4/lib/python3.10/site-packages/airflow/example_dags/example_external_task_marker_dag.py for tasks to queue
[2022-05-19 13:59:09,761] {logging_mixin.py:115} INFO - [2022-05-19 13:59:09,761] {dagbag.py:507} INFO - Filling up the DagBag from /Users/mohammadrezakhorasanchian/.pyenv/versions/3.10.4/lib/python3.10/site-packages/airflow/example_dags/example_external_task_marker_dag.py
[2022-05-19 13:59:09,770] {processor.py:651} INFO - DAG(s) dict_keys(['example_external_task_marker_parent', 'example_external_task_marker_child']) retrieved from /Users/mohammadrezakhorasanchian/.pyenv/versions/3.10.4/lib/python3.10/site-packages/airflow/example_dags/example_external_task_marker_dag.py
[2022-05-19 13:59:09,821] {logging_mixin.py:115} INFO - [2022-05-19 13:59:09,821] {dag.py:2371} INFO - Sync 2 DAGs
[2022-05-19 13:59:09,835] {logging_mixin.py:115} INFO - [2022-05-19 13:59:09,834] {dag.py:2915} INFO - Setting next_dagrun for example_external_task_marker_child to None, run_after=None
[2022-05-19 13:59:09,835] {logging_mixin.py:115} INFO - [2022-05-19 13:59:09,835] {dag.py:2915} INFO - Setting next_dagrun for example_external_task_marker_parent to None, run_after=None
[2022-05-19 13:59:09,843] {processor.py:161} INFO - Processing /Users/mohammadrezakhorasanchian/.pyenv/versions/3.10.4/lib/python3.10/site-packages/airflow/example_dags/example_external_task_marker_dag.py took 0.084 seconds
