[2022-05-19 04:24:30,075] {processor.py:153} INFO - Started process (PID=16808) to work on /Users/mohammadrezakhorasanchian/.pyenv/versions/3.10.4/lib/python3.10/site-packages/airflow/example_dags/example_dag_decorator.py
[2022-05-19 04:24:30,075] {processor.py:641} INFO - Processing file /Users/mohammadrezakhorasanchian/.pyenv/versions/3.10.4/lib/python3.10/site-packages/airflow/example_dags/example_dag_decorator.py for tasks to queue
[2022-05-19 04:24:30,075] {logging_mixin.py:115} INFO - [2022-05-19 04:24:30,075] {dagbag.py:507} INFO - Filling up the DagBag from /Users/mohammadrezakhorasanchian/.pyenv/versions/3.10.4/lib/python3.10/site-packages/airflow/example_dags/example_dag_decorator.py
[2022-05-19 04:24:30,355] {processor.py:651} INFO - DAG(s) dict_keys(['example_dag_decorator']) retrieved from /Users/mohammadrezakhorasanchian/.pyenv/versions/3.10.4/lib/python3.10/site-packages/airflow/example_dags/example_dag_decorator.py
[2022-05-19 04:24:30,722] {logging_mixin.py:115} INFO - [2022-05-19 04:24:30,722] {dag.py:2371} INFO - Sync 1 DAGs
[2022-05-19 04:24:30,731] {logging_mixin.py:115} INFO - [2022-05-19 04:24:30,731] {dag.py:2915} INFO - Setting next_dagrun for example_dag_decorator to None, run_after=None
[2022-05-19 04:24:30,739] {processor.py:161} INFO - Processing /Users/mohammadrezakhorasanchian/.pyenv/versions/3.10.4/lib/python3.10/site-packages/airflow/example_dags/example_dag_decorator.py took 0.664 seconds
[2022-05-19 06:12:45,675] {processor.py:153} INFO - Started process (PID=16883) to work on /Users/mohammadrezakhorasanchian/.pyenv/versions/3.10.4/lib/python3.10/site-packages/airflow/example_dags/example_dag_decorator.py
[2022-05-19 06:12:45,676] {processor.py:641} INFO - Processing file /Users/mohammadrezakhorasanchian/.pyenv/versions/3.10.4/lib/python3.10/site-packages/airflow/example_dags/example_dag_decorator.py for tasks to queue
[2022-05-19 06:12:45,676] {logging_mixin.py:115} INFO - [2022-05-19 06:12:45,676] {dagbag.py:507} INFO - Filling up the DagBag from /Users/mohammadrezakhorasanchian/.pyenv/versions/3.10.4/lib/python3.10/site-packages/airflow/example_dags/example_dag_decorator.py
[2022-05-19 06:12:45,951] {processor.py:651} INFO - DAG(s) dict_keys(['example_dag_decorator']) retrieved from /Users/mohammadrezakhorasanchian/.pyenv/versions/3.10.4/lib/python3.10/site-packages/airflow/example_dags/example_dag_decorator.py
[2022-05-19 06:12:46,308] {logging_mixin.py:115} INFO - [2022-05-19 06:12:46,308] {dag.py:2371} INFO - Sync 1 DAGs
[2022-05-19 06:12:46,317] {logging_mixin.py:115} INFO - [2022-05-19 06:12:46,317] {dag.py:2915} INFO - Setting next_dagrun for example_dag_decorator to None, run_after=None
[2022-05-19 06:12:46,324] {processor.py:161} INFO - Processing /Users/mohammadrezakhorasanchian/.pyenv/versions/3.10.4/lib/python3.10/site-packages/airflow/example_dags/example_dag_decorator.py took 0.650 seconds
[2022-05-19 07:07:03,239] {processor.py:153} INFO - Started process (PID=16940) to work on /Users/mohammadrezakhorasanchian/.pyenv/versions/3.10.4/lib/python3.10/site-packages/airflow/example_dags/example_dag_decorator.py
[2022-05-19 07:07:03,240] {processor.py:641} INFO - Processing file /Users/mohammadrezakhorasanchian/.pyenv/versions/3.10.4/lib/python3.10/site-packages/airflow/example_dags/example_dag_decorator.py for tasks to queue
[2022-05-19 07:07:03,240] {logging_mixin.py:115} INFO - [2022-05-19 07:07:03,240] {dagbag.py:507} INFO - Filling up the DagBag from /Users/mohammadrezakhorasanchian/.pyenv/versions/3.10.4/lib/python3.10/site-packages/airflow/example_dags/example_dag_decorator.py
[2022-05-19 07:07:03,385] {processor.py:651} INFO - DAG(s) dict_keys(['example_dag_decorator']) retrieved from /Users/mohammadrezakhorasanchian/.pyenv/versions/3.10.4/lib/python3.10/site-packages/airflow/example_dags/example_dag_decorator.py
[2022-05-19 07:07:03,660] {logging_mixin.py:115} INFO - [2022-05-19 07:07:03,660] {dag.py:2371} INFO - Sync 1 DAGs
[2022-05-19 07:07:03,669] {logging_mixin.py:115} INFO - [2022-05-19 07:07:03,669] {dag.py:2915} INFO - Setting next_dagrun for example_dag_decorator to None, run_after=None
[2022-05-19 07:07:03,678] {processor.py:161} INFO - Processing /Users/mohammadrezakhorasanchian/.pyenv/versions/3.10.4/lib/python3.10/site-packages/airflow/example_dags/example_dag_decorator.py took 0.440 seconds
[2022-05-19 08:55:15,449] {processor.py:153} INFO - Started process (PID=17015) to work on /Users/mohammadrezakhorasanchian/.pyenv/versions/3.10.4/lib/python3.10/site-packages/airflow/example_dags/example_dag_decorator.py
[2022-05-19 08:55:15,450] {processor.py:641} INFO - Processing file /Users/mohammadrezakhorasanchian/.pyenv/versions/3.10.4/lib/python3.10/site-packages/airflow/example_dags/example_dag_decorator.py for tasks to queue
[2022-05-19 08:55:15,450] {logging_mixin.py:115} INFO - [2022-05-19 08:55:15,450] {dagbag.py:507} INFO - Filling up the DagBag from /Users/mohammadrezakhorasanchian/.pyenv/versions/3.10.4/lib/python3.10/site-packages/airflow/example_dags/example_dag_decorator.py
[2022-05-19 08:55:15,642] {processor.py:651} INFO - DAG(s) dict_keys(['example_dag_decorator']) retrieved from /Users/mohammadrezakhorasanchian/.pyenv/versions/3.10.4/lib/python3.10/site-packages/airflow/example_dags/example_dag_decorator.py
[2022-05-19 08:55:15,945] {logging_mixin.py:115} INFO - [2022-05-19 08:55:15,945] {dag.py:2371} INFO - Sync 1 DAGs
[2022-05-19 08:55:15,955] {logging_mixin.py:115} INFO - [2022-05-19 08:55:15,955] {dag.py:2915} INFO - Setting next_dagrun for example_dag_decorator to None, run_after=None
[2022-05-19 08:55:15,963] {processor.py:161} INFO - Processing /Users/mohammadrezakhorasanchian/.pyenv/versions/3.10.4/lib/python3.10/site-packages/airflow/example_dags/example_dag_decorator.py took 0.514 seconds
[2022-05-19 10:42:20,727] {processor.py:153} INFO - Started process (PID=17100) to work on /Users/mohammadrezakhorasanchian/.pyenv/versions/3.10.4/lib/python3.10/site-packages/airflow/example_dags/example_dag_decorator.py
[2022-05-19 10:42:20,728] {processor.py:641} INFO - Processing file /Users/mohammadrezakhorasanchian/.pyenv/versions/3.10.4/lib/python3.10/site-packages/airflow/example_dags/example_dag_decorator.py for tasks to queue
[2022-05-19 10:42:20,730] {logging_mixin.py:115} INFO - [2022-05-19 10:42:20,729] {dagbag.py:507} INFO - Filling up the DagBag from /Users/mohammadrezakhorasanchian/.pyenv/versions/3.10.4/lib/python3.10/site-packages/airflow/example_dags/example_dag_decorator.py
[2022-05-19 10:42:21,430] {processor.py:651} INFO - DAG(s) dict_keys(['example_dag_decorator']) retrieved from /Users/mohammadrezakhorasanchian/.pyenv/versions/3.10.4/lib/python3.10/site-packages/airflow/example_dags/example_dag_decorator.py
[2022-05-19 13:58:15,060] {logging_mixin.py:115} INFO - [2022-05-19 13:58:15,059] {dag.py:2371} INFO - Sync 1 DAGs
[2022-05-19 13:58:15,158] {logging_mixin.py:115} INFO - [2022-05-19 13:58:15,158] {dag.py:2915} INFO - Setting next_dagrun for example_dag_decorator to None, run_after=None
[2022-05-19 13:58:15,176] {processor.py:161} INFO - Processing /Users/mohammadrezakhorasanchian/.pyenv/versions/3.10.4/lib/python3.10/site-packages/airflow/example_dags/example_dag_decorator.py took 4.064 seconds
[2022-05-19 13:59:36,424] {processor.py:153} INFO - Started process (PID=17313) to work on /Users/mohammadrezakhorasanchian/.pyenv/versions/3.10.4/lib/python3.10/site-packages/airflow/example_dags/example_dag_decorator.py
[2022-05-19 13:59:36,424] {processor.py:641} INFO - Processing file /Users/mohammadrezakhorasanchian/.pyenv/versions/3.10.4/lib/python3.10/site-packages/airflow/example_dags/example_dag_decorator.py for tasks to queue
[2022-05-19 13:59:36,424] {logging_mixin.py:115} INFO - [2022-05-19 13:59:36,424] {dagbag.py:507} INFO - Filling up the DagBag from /Users/mohammadrezakhorasanchian/.pyenv/versions/3.10.4/lib/python3.10/site-packages/airflow/example_dags/example_dag_decorator.py
[2022-05-19 13:59:36,610] {processor.py:651} INFO - DAG(s) dict_keys(['example_dag_decorator']) retrieved from /Users/mohammadrezakhorasanchian/.pyenv/versions/3.10.4/lib/python3.10/site-packages/airflow/example_dags/example_dag_decorator.py
[2022-05-19 13:59:36,967] {logging_mixin.py:115} INFO - [2022-05-19 13:59:36,967] {dag.py:2371} INFO - Sync 1 DAGs
[2022-05-19 13:59:36,979] {logging_mixin.py:115} INFO - [2022-05-19 13:59:36,979] {dag.py:2915} INFO - Setting next_dagrun for example_dag_decorator to None, run_after=None
[2022-05-19 13:59:36,988] {processor.py:161} INFO - Processing /Users/mohammadrezakhorasanchian/.pyenv/versions/3.10.4/lib/python3.10/site-packages/airflow/example_dags/example_dag_decorator.py took 0.565 seconds
