[2022-05-19 03:29:57,627] {processor.py:153} INFO - Started process (PID=16729) to work on /Users/mohammadrezakhorasanchian/.pyenv/versions/3.10.4/lib/python3.10/site-packages/airflow/example_dags/example_branch_operator_decorator.py
[2022-05-19 03:29:57,628] {processor.py:641} INFO - Processing file /Users/mohammadrezakhorasanchian/.pyenv/versions/3.10.4/lib/python3.10/site-packages/airflow/example_dags/example_branch_operator_decorator.py for tasks to queue
[2022-05-19 03:29:57,628] {logging_mixin.py:115} INFO - [2022-05-19 03:29:57,628] {dagbag.py:507} INFO - Filling up the DagBag from /Users/mohammadrezakhorasanchian/.pyenv/versions/3.10.4/lib/python3.10/site-packages/airflow/example_dags/example_branch_operator_decorator.py
[2022-05-19 03:29:57,651] {processor.py:651} INFO - DAG(s) dict_keys(['example_branch_python_operator_decorator']) retrieved from /Users/mohammadrezakhorasanchian/.pyenv/versions/3.10.4/lib/python3.10/site-packages/airflow/example_dags/example_branch_operator_decorator.py
[2022-05-19 03:29:57,699] {logging_mixin.py:115} INFO - [2022-05-19 03:29:57,699] {dag.py:2371} INFO - Sync 1 DAGs
[2022-05-19 03:29:57,711] {logging_mixin.py:115} INFO - [2022-05-19 03:29:57,711] {dag.py:2915} INFO - Setting next_dagrun for example_branch_python_operator_decorator to 2022-05-18T00:00:00+00:00, run_after=2022-05-19T00:00:00+00:00
[2022-05-19 03:29:57,718] {processor.py:161} INFO - Processing /Users/mohammadrezakhorasanchian/.pyenv/versions/3.10.4/lib/python3.10/site-packages/airflow/example_dags/example_branch_operator_decorator.py took 0.091 seconds
[2022-05-19 05:18:24,982] {processor.py:153} INFO - Started process (PID=16827) to work on /Users/mohammadrezakhorasanchian/.pyenv/versions/3.10.4/lib/python3.10/site-packages/airflow/example_dags/example_branch_operator_decorator.py
[2022-05-19 05:18:24,982] {processor.py:641} INFO - Processing file /Users/mohammadrezakhorasanchian/.pyenv/versions/3.10.4/lib/python3.10/site-packages/airflow/example_dags/example_branch_operator_decorator.py for tasks to queue
[2022-05-19 05:18:24,982] {logging_mixin.py:115} INFO - [2022-05-19 05:18:24,982] {dagbag.py:507} INFO - Filling up the DagBag from /Users/mohammadrezakhorasanchian/.pyenv/versions/3.10.4/lib/python3.10/site-packages/airflow/example_dags/example_branch_operator_decorator.py
[2022-05-19 05:18:25,022] {processor.py:651} INFO - DAG(s) dict_keys(['example_branch_python_operator_decorator']) retrieved from /Users/mohammadrezakhorasanchian/.pyenv/versions/3.10.4/lib/python3.10/site-packages/airflow/example_dags/example_branch_operator_decorator.py
[2022-05-19 05:18:25,108] {logging_mixin.py:115} INFO - [2022-05-19 05:18:25,107] {dag.py:2371} INFO - Sync 1 DAGs
[2022-05-19 05:18:25,131] {logging_mixin.py:115} INFO - [2022-05-19 05:18:25,131] {dag.py:2915} INFO - Setting next_dagrun for example_branch_python_operator_decorator to 2022-05-18T00:00:00+00:00, run_after=2022-05-19T00:00:00+00:00
[2022-05-19 05:18:25,143] {processor.py:161} INFO - Processing /Users/mohammadrezakhorasanchian/.pyenv/versions/3.10.4/lib/python3.10/site-packages/airflow/example_dags/example_branch_operator_decorator.py took 0.162 seconds
[2022-05-19 06:13:24,218] {processor.py:153} INFO - Started process (PID=16908) to work on /Users/mohammadrezakhorasanchian/.pyenv/versions/3.10.4/lib/python3.10/site-packages/airflow/example_dags/example_branch_operator_decorator.py
[2022-05-19 06:13:24,220] {processor.py:641} INFO - Processing file /Users/mohammadrezakhorasanchian/.pyenv/versions/3.10.4/lib/python3.10/site-packages/airflow/example_dags/example_branch_operator_decorator.py for tasks to queue
[2022-05-19 06:13:24,220] {logging_mixin.py:115} INFO - [2022-05-19 06:13:24,220] {dagbag.py:507} INFO - Filling up the DagBag from /Users/mohammadrezakhorasanchian/.pyenv/versions/3.10.4/lib/python3.10/site-packages/airflow/example_dags/example_branch_operator_decorator.py
[2022-05-19 06:13:24,249] {processor.py:651} INFO - DAG(s) dict_keys(['example_branch_python_operator_decorator']) retrieved from /Users/mohammadrezakhorasanchian/.pyenv/versions/3.10.4/lib/python3.10/site-packages/airflow/example_dags/example_branch_operator_decorator.py
[2022-05-19 06:13:24,296] {logging_mixin.py:115} INFO - [2022-05-19 06:13:24,296] {dag.py:2371} INFO - Sync 1 DAGs
[2022-05-19 06:13:24,307] {logging_mixin.py:115} INFO - [2022-05-19 06:13:24,307] {dag.py:2915} INFO - Setting next_dagrun for example_branch_python_operator_decorator to 2022-05-18T00:00:00+00:00, run_after=2022-05-19T00:00:00+00:00
[2022-05-19 06:13:24,317] {processor.py:161} INFO - Processing /Users/mohammadrezakhorasanchian/.pyenv/versions/3.10.4/lib/python3.10/site-packages/airflow/example_dags/example_branch_operator_decorator.py took 0.099 seconds
[2022-05-19 08:00:59,276] {processor.py:153} INFO - Started process (PID=16972) to work on /Users/mohammadrezakhorasanchian/.pyenv/versions/3.10.4/lib/python3.10/site-packages/airflow/example_dags/example_branch_operator_decorator.py
[2022-05-19 08:00:59,276] {processor.py:641} INFO - Processing file /Users/mohammadrezakhorasanchian/.pyenv/versions/3.10.4/lib/python3.10/site-packages/airflow/example_dags/example_branch_operator_decorator.py for tasks to queue
[2022-05-19 08:00:59,276] {logging_mixin.py:115} INFO - [2022-05-19 08:00:59,276] {dagbag.py:507} INFO - Filling up the DagBag from /Users/mohammadrezakhorasanchian/.pyenv/versions/3.10.4/lib/python3.10/site-packages/airflow/example_dags/example_branch_operator_decorator.py
[2022-05-19 08:00:59,304] {processor.py:651} INFO - DAG(s) dict_keys(['example_branch_python_operator_decorator']) retrieved from /Users/mohammadrezakhorasanchian/.pyenv/versions/3.10.4/lib/python3.10/site-packages/airflow/example_dags/example_branch_operator_decorator.py
[2022-05-19 08:00:59,354] {logging_mixin.py:115} INFO - [2022-05-19 08:00:59,354] {dag.py:2371} INFO - Sync 1 DAGs
[2022-05-19 08:00:59,369] {logging_mixin.py:115} INFO - [2022-05-19 08:00:59,369] {dag.py:2915} INFO - Setting next_dagrun for example_branch_python_operator_decorator to 2022-05-18T00:00:00+00:00, run_after=2022-05-19T00:00:00+00:00
[2022-05-19 08:00:59,378] {processor.py:161} INFO - Processing /Users/mohammadrezakhorasanchian/.pyenv/versions/3.10.4/lib/python3.10/site-packages/airflow/example_dags/example_branch_operator_decorator.py took 0.103 seconds
[2022-05-19 08:55:53,971] {processor.py:153} INFO - Started process (PID=17040) to work on /Users/mohammadrezakhorasanchian/.pyenv/versions/3.10.4/lib/python3.10/site-packages/airflow/example_dags/example_branch_operator_decorator.py
[2022-05-19 08:55:53,972] {processor.py:641} INFO - Processing file /Users/mohammadrezakhorasanchian/.pyenv/versions/3.10.4/lib/python3.10/site-packages/airflow/example_dags/example_branch_operator_decorator.py for tasks to queue
[2022-05-19 08:55:53,972] {logging_mixin.py:115} INFO - [2022-05-19 08:55:53,972] {dagbag.py:507} INFO - Filling up the DagBag from /Users/mohammadrezakhorasanchian/.pyenv/versions/3.10.4/lib/python3.10/site-packages/airflow/example_dags/example_branch_operator_decorator.py
[2022-05-19 08:55:53,996] {processor.py:651} INFO - DAG(s) dict_keys(['example_branch_python_operator_decorator']) retrieved from /Users/mohammadrezakhorasanchian/.pyenv/versions/3.10.4/lib/python3.10/site-packages/airflow/example_dags/example_branch_operator_decorator.py
[2022-05-19 08:55:54,039] {logging_mixin.py:115} INFO - [2022-05-19 08:55:54,039] {dag.py:2371} INFO - Sync 1 DAGs
[2022-05-19 08:55:54,050] {logging_mixin.py:115} INFO - [2022-05-19 08:55:54,050] {dag.py:2915} INFO - Setting next_dagrun for example_branch_python_operator_decorator to 2022-05-18T00:00:00+00:00, run_after=2022-05-19T00:00:00+00:00
[2022-05-19 08:55:54,059] {processor.py:161} INFO - Processing /Users/mohammadrezakhorasanchian/.pyenv/versions/3.10.4/lib/python3.10/site-packages/airflow/example_dags/example_branch_operator_decorator.py took 0.089 seconds
[2022-05-19 13:58:20,183] {processor.py:153} INFO - Started process (PID=17130) to work on /Users/mohammadrezakhorasanchian/.pyenv/versions/3.10.4/lib/python3.10/site-packages/airflow/example_dags/example_branch_operator_decorator.py
[2022-05-19 13:58:20,183] {processor.py:641} INFO - Processing file /Users/mohammadrezakhorasanchian/.pyenv/versions/3.10.4/lib/python3.10/site-packages/airflow/example_dags/example_branch_operator_decorator.py for tasks to queue
[2022-05-19 13:58:20,183] {logging_mixin.py:115} INFO - [2022-05-19 13:58:20,183] {dagbag.py:507} INFO - Filling up the DagBag from /Users/mohammadrezakhorasanchian/.pyenv/versions/3.10.4/lib/python3.10/site-packages/airflow/example_dags/example_branch_operator_decorator.py
[2022-05-19 13:58:20,207] {processor.py:651} INFO - DAG(s) dict_keys(['example_branch_python_operator_decorator']) retrieved from /Users/mohammadrezakhorasanchian/.pyenv/versions/3.10.4/lib/python3.10/site-packages/airflow/example_dags/example_branch_operator_decorator.py
[2022-05-19 13:58:20,252] {logging_mixin.py:115} INFO - [2022-05-19 13:58:20,252] {dag.py:2371} INFO - Sync 1 DAGs
[2022-05-19 13:58:20,268] {logging_mixin.py:115} INFO - [2022-05-19 13:58:20,268] {dag.py:2915} INFO - Setting next_dagrun for example_branch_python_operator_decorator to 2022-05-18T00:00:00+00:00, run_after=2022-05-19T00:00:00+00:00
[2022-05-19 13:58:20,276] {processor.py:161} INFO - Processing /Users/mohammadrezakhorasanchian/.pyenv/versions/3.10.4/lib/python3.10/site-packages/airflow/example_dags/example_branch_operator_decorator.py took 0.094 seconds
