[2022-05-19 04:24:22,073] {processor.py:153} INFO - Started process (PID=16802) to work on /Users/mohammadrezakhorasanchian/.pyenv/versions/3.10.4/lib/python3.10/site-packages/airflow/example_dags/example_nested_branch_dag.py
[2022-05-19 04:24:22,073] {processor.py:641} INFO - Processing file /Users/mohammadrezakhorasanchian/.pyenv/versions/3.10.4/lib/python3.10/site-packages/airflow/example_dags/example_nested_branch_dag.py for tasks to queue
[2022-05-19 04:24:22,073] {logging_mixin.py:115} INFO - [2022-05-19 04:24:22,073] {dagbag.py:507} INFO - Filling up the DagBag from /Users/mohammadrezakhorasanchian/.pyenv/versions/3.10.4/lib/python3.10/site-packages/airflow/example_dags/example_nested_branch_dag.py
[2022-05-19 04:24:22,091] {processor.py:651} INFO - DAG(s) dict_keys(['example_nested_branch_dag']) retrieved from /Users/mohammadrezakhorasanchian/.pyenv/versions/3.10.4/lib/python3.10/site-packages/airflow/example_dags/example_nested_branch_dag.py
[2022-05-19 04:24:22,134] {logging_mixin.py:115} INFO - [2022-05-19 04:24:22,133] {dag.py:2371} INFO - Sync 1 DAGs
[2022-05-19 04:24:22,144] {logging_mixin.py:115} INFO - [2022-05-19 04:24:22,144] {dag.py:2915} INFO - Setting next_dagrun for example_nested_branch_dag to 2022-05-18T00:00:00+00:00, run_after=2022-05-19T00:00:00+00:00
[2022-05-19 04:24:22,151] {processor.py:161} INFO - Processing /Users/mohammadrezakhorasanchian/.pyenv/versions/3.10.4/lib/python3.10/site-packages/airflow/example_dags/example_nested_branch_dag.py took 0.078 seconds
[2022-05-19 06:12:35,241] {processor.py:153} INFO - Started process (PID=16865) to work on /Users/mohammadrezakhorasanchian/.pyenv/versions/3.10.4/lib/python3.10/site-packages/airflow/example_dags/example_nested_branch_dag.py
[2022-05-19 06:12:35,241] {processor.py:641} INFO - Processing file /Users/mohammadrezakhorasanchian/.pyenv/versions/3.10.4/lib/python3.10/site-packages/airflow/example_dags/example_nested_branch_dag.py for tasks to queue
[2022-05-19 06:12:35,242] {logging_mixin.py:115} INFO - [2022-05-19 06:12:35,242] {dagbag.py:507} INFO - Filling up the DagBag from /Users/mohammadrezakhorasanchian/.pyenv/versions/3.10.4/lib/python3.10/site-packages/airflow/example_dags/example_nested_branch_dag.py
[2022-05-19 06:12:35,284] {processor.py:651} INFO - DAG(s) dict_keys(['example_nested_branch_dag']) retrieved from /Users/mohammadrezakhorasanchian/.pyenv/versions/3.10.4/lib/python3.10/site-packages/airflow/example_dags/example_nested_branch_dag.py
[2022-05-19 06:12:35,347] {logging_mixin.py:115} INFO - [2022-05-19 06:12:35,346] {dag.py:2371} INFO - Sync 1 DAGs
[2022-05-19 06:12:35,363] {logging_mixin.py:115} INFO - [2022-05-19 06:12:35,363] {dag.py:2915} INFO - Setting next_dagrun for example_nested_branch_dag to 2022-05-18T00:00:00+00:00, run_after=2022-05-19T00:00:00+00:00
[2022-05-19 06:12:35,374] {processor.py:161} INFO - Processing /Users/mohammadrezakhorasanchian/.pyenv/versions/3.10.4/lib/python3.10/site-packages/airflow/example_dags/example_nested_branch_dag.py took 0.133 seconds
[2022-05-19 07:06:55,221] {processor.py:153} INFO - Started process (PID=16934) to work on /Users/mohammadrezakhorasanchian/.pyenv/versions/3.10.4/lib/python3.10/site-packages/airflow/example_dags/example_nested_branch_dag.py
[2022-05-19 07:06:55,222] {processor.py:641} INFO - Processing file /Users/mohammadrezakhorasanchian/.pyenv/versions/3.10.4/lib/python3.10/site-packages/airflow/example_dags/example_nested_branch_dag.py for tasks to queue
[2022-05-19 07:06:55,222] {logging_mixin.py:115} INFO - [2022-05-19 07:06:55,222] {dagbag.py:507} INFO - Filling up the DagBag from /Users/mohammadrezakhorasanchian/.pyenv/versions/3.10.4/lib/python3.10/site-packages/airflow/example_dags/example_nested_branch_dag.py
[2022-05-19 07:06:55,241] {processor.py:651} INFO - DAG(s) dict_keys(['example_nested_branch_dag']) retrieved from /Users/mohammadrezakhorasanchian/.pyenv/versions/3.10.4/lib/python3.10/site-packages/airflow/example_dags/example_nested_branch_dag.py
[2022-05-19 07:06:55,284] {logging_mixin.py:115} INFO - [2022-05-19 07:06:55,284] {dag.py:2371} INFO - Sync 1 DAGs
[2022-05-19 07:06:55,301] {logging_mixin.py:115} INFO - [2022-05-19 07:06:55,301] {dag.py:2915} INFO - Setting next_dagrun for example_nested_branch_dag to 2022-05-18T00:00:00+00:00, run_after=2022-05-19T00:00:00+00:00
[2022-05-19 07:06:55,325] {processor.py:161} INFO - Processing /Users/mohammadrezakhorasanchian/.pyenv/versions/3.10.4/lib/python3.10/site-packages/airflow/example_dags/example_nested_branch_dag.py took 0.104 seconds
[2022-05-19 08:01:42,215] {processor.py:153} INFO - Started process (PID=16997) to work on /Users/mohammadrezakhorasanchian/.pyenv/versions/3.10.4/lib/python3.10/site-packages/airflow/example_dags/example_nested_branch_dag.py
[2022-05-19 08:01:42,216] {processor.py:641} INFO - Processing file /Users/mohammadrezakhorasanchian/.pyenv/versions/3.10.4/lib/python3.10/site-packages/airflow/example_dags/example_nested_branch_dag.py for tasks to queue
[2022-05-19 08:01:42,217] {logging_mixin.py:115} INFO - [2022-05-19 08:01:42,217] {dagbag.py:507} INFO - Filling up the DagBag from /Users/mohammadrezakhorasanchian/.pyenv/versions/3.10.4/lib/python3.10/site-packages/airflow/example_dags/example_nested_branch_dag.py
[2022-05-19 08:01:42,239] {processor.py:651} INFO - DAG(s) dict_keys(['example_nested_branch_dag']) retrieved from /Users/mohammadrezakhorasanchian/.pyenv/versions/3.10.4/lib/python3.10/site-packages/airflow/example_dags/example_nested_branch_dag.py
[2022-05-19 08:01:42,288] {logging_mixin.py:115} INFO - [2022-05-19 08:01:42,288] {dag.py:2371} INFO - Sync 1 DAGs
[2022-05-19 08:01:42,302] {logging_mixin.py:115} INFO - [2022-05-19 08:01:42,302] {dag.py:2915} INFO - Setting next_dagrun for example_nested_branch_dag to 2022-05-18T00:00:00+00:00, run_after=2022-05-19T00:00:00+00:00
[2022-05-19 08:01:42,309] {processor.py:161} INFO - Processing /Users/mohammadrezakhorasanchian/.pyenv/versions/3.10.4/lib/python3.10/site-packages/airflow/example_dags/example_nested_branch_dag.py took 0.094 seconds
[2022-05-19 08:55:52,298] {processor.py:153} INFO - Started process (PID=17039) to work on /Users/mohammadrezakhorasanchian/.pyenv/versions/3.10.4/lib/python3.10/site-packages/airflow/example_dags/example_nested_branch_dag.py
[2022-05-19 08:55:52,299] {processor.py:641} INFO - Processing file /Users/mohammadrezakhorasanchian/.pyenv/versions/3.10.4/lib/python3.10/site-packages/airflow/example_dags/example_nested_branch_dag.py for tasks to queue
[2022-05-19 08:55:52,299] {logging_mixin.py:115} INFO - [2022-05-19 08:55:52,299] {dagbag.py:507} INFO - Filling up the DagBag from /Users/mohammadrezakhorasanchian/.pyenv/versions/3.10.4/lib/python3.10/site-packages/airflow/example_dags/example_nested_branch_dag.py
[2022-05-19 08:55:52,319] {processor.py:651} INFO - DAG(s) dict_keys(['example_nested_branch_dag']) retrieved from /Users/mohammadrezakhorasanchian/.pyenv/versions/3.10.4/lib/python3.10/site-packages/airflow/example_dags/example_nested_branch_dag.py
[2022-05-19 08:55:52,359] {logging_mixin.py:115} INFO - [2022-05-19 08:55:52,359] {dag.py:2371} INFO - Sync 1 DAGs
[2022-05-19 08:55:52,370] {logging_mixin.py:115} INFO - [2022-05-19 08:55:52,370] {dag.py:2915} INFO - Setting next_dagrun for example_nested_branch_dag to 2022-05-18T00:00:00+00:00, run_after=2022-05-19T00:00:00+00:00
[2022-05-19 08:55:52,377] {processor.py:161} INFO - Processing /Users/mohammadrezakhorasanchian/.pyenv/versions/3.10.4/lib/python3.10/site-packages/airflow/example_dags/example_nested_branch_dag.py took 0.080 seconds
[2022-05-19 10:41:57,104] {processor.py:153} INFO - Started process (PID=17092) to work on /Users/mohammadrezakhorasanchian/.pyenv/versions/3.10.4/lib/python3.10/site-packages/airflow/example_dags/example_nested_branch_dag.py
[2022-05-19 10:41:57,106] {processor.py:641} INFO - Processing file /Users/mohammadrezakhorasanchian/.pyenv/versions/3.10.4/lib/python3.10/site-packages/airflow/example_dags/example_nested_branch_dag.py for tasks to queue
[2022-05-19 10:41:57,107] {logging_mixin.py:115} INFO - [2022-05-19 10:41:57,107] {dagbag.py:507} INFO - Filling up the DagBag from /Users/mohammadrezakhorasanchian/.pyenv/versions/3.10.4/lib/python3.10/site-packages/airflow/example_dags/example_nested_branch_dag.py
[2022-05-19 10:41:57,195] {processor.py:651} INFO - DAG(s) dict_keys(['example_nested_branch_dag']) retrieved from /Users/mohammadrezakhorasanchian/.pyenv/versions/3.10.4/lib/python3.10/site-packages/airflow/example_dags/example_nested_branch_dag.py
[2022-05-19 10:41:57,408] {logging_mixin.py:115} INFO - [2022-05-19 10:41:57,408] {dag.py:2371} INFO - Sync 1 DAGs
[2022-05-19 10:41:57,464] {logging_mixin.py:115} INFO - [2022-05-19 10:41:57,464] {dag.py:2915} INFO - Setting next_dagrun for example_nested_branch_dag to 2022-05-18T00:00:00+00:00, run_after=2022-05-19T00:00:00+00:00
[2022-05-19 10:41:57,494] {processor.py:161} INFO - Processing /Users/mohammadrezakhorasanchian/.pyenv/versions/3.10.4/lib/python3.10/site-packages/airflow/example_dags/example_nested_branch_dag.py took 0.392 seconds
[2022-05-19 13:59:01,272] {processor.py:153} INFO - Started process (PID=17212) to work on /Users/mohammadrezakhorasanchian/.pyenv/versions/3.10.4/lib/python3.10/site-packages/airflow/example_dags/example_nested_branch_dag.py
[2022-05-19 13:59:01,272] {processor.py:641} INFO - Processing file /Users/mohammadrezakhorasanchian/.pyenv/versions/3.10.4/lib/python3.10/site-packages/airflow/example_dags/example_nested_branch_dag.py for tasks to queue
[2022-05-19 13:59:01,272] {logging_mixin.py:115} INFO - [2022-05-19 13:59:01,272] {dagbag.py:507} INFO - Filling up the DagBag from /Users/mohammadrezakhorasanchian/.pyenv/versions/3.10.4/lib/python3.10/site-packages/airflow/example_dags/example_nested_branch_dag.py
[2022-05-19 13:59:01,290] {processor.py:651} INFO - DAG(s) dict_keys(['example_nested_branch_dag']) retrieved from /Users/mohammadrezakhorasanchian/.pyenv/versions/3.10.4/lib/python3.10/site-packages/airflow/example_dags/example_nested_branch_dag.py
[2022-05-19 13:59:01,333] {logging_mixin.py:115} INFO - [2022-05-19 13:59:01,332] {dag.py:2371} INFO - Sync 1 DAGs
[2022-05-19 13:59:01,344] {logging_mixin.py:115} INFO - [2022-05-19 13:59:01,344] {dag.py:2915} INFO - Setting next_dagrun for example_nested_branch_dag to 2022-05-18T00:00:00+00:00, run_after=2022-05-19T00:00:00+00:00
[2022-05-19 13:59:01,351] {processor.py:161} INFO - Processing /Users/mohammadrezakhorasanchian/.pyenv/versions/3.10.4/lib/python3.10/site-packages/airflow/example_dags/example_nested_branch_dag.py took 0.080 seconds
