[2022-05-19 03:29:59,330] {processor.py:153} INFO - Started process (PID=16730) to work on /Users/mohammadrezakhorasanchian/.pyenv/versions/3.10.4/lib/python3.10/site-packages/airflow/example_dags/example_branch_operator.py
[2022-05-19 03:29:59,330] {processor.py:641} INFO - Processing file /Users/mohammadrezakhorasanchian/.pyenv/versions/3.10.4/lib/python3.10/site-packages/airflow/example_dags/example_branch_operator.py for tasks to queue
[2022-05-19 03:29:59,330] {logging_mixin.py:115} INFO - [2022-05-19 03:29:59,330] {dagbag.py:507} INFO - Filling up the DagBag from /Users/mohammadrezakhorasanchian/.pyenv/versions/3.10.4/lib/python3.10/site-packages/airflow/example_dags/example_branch_operator.py
[2022-05-19 03:29:59,348] {processor.py:651} INFO - DAG(s) dict_keys(['example_branch_operator']) retrieved from /Users/mohammadrezakhorasanchian/.pyenv/versions/3.10.4/lib/python3.10/site-packages/airflow/example_dags/example_branch_operator.py
[2022-05-19 03:29:59,393] {logging_mixin.py:115} INFO - [2022-05-19 03:29:59,393] {dag.py:2371} INFO - Sync 1 DAGs
[2022-05-19 03:29:59,405] {logging_mixin.py:115} INFO - [2022-05-19 03:29:59,405] {dag.py:2915} INFO - Setting next_dagrun for example_branch_operator to 2022-05-18T00:00:00+00:00, run_after=2022-05-19T00:00:00+00:00
[2022-05-19 03:29:59,412] {processor.py:161} INFO - Processing /Users/mohammadrezakhorasanchian/.pyenv/versions/3.10.4/lib/python3.10/site-packages/airflow/example_dags/example_branch_operator.py took 0.083 seconds
[2022-05-19 05:18:27,011] {processor.py:153} INFO - Started process (PID=16840) to work on /Users/mohammadrezakhorasanchian/.pyenv/versions/3.10.4/lib/python3.10/site-packages/airflow/example_dags/example_branch_operator.py
[2022-05-19 05:18:27,012] {processor.py:641} INFO - Processing file /Users/mohammadrezakhorasanchian/.pyenv/versions/3.10.4/lib/python3.10/site-packages/airflow/example_dags/example_branch_operator.py for tasks to queue
[2022-05-19 05:18:27,012] {logging_mixin.py:115} INFO - [2022-05-19 05:18:27,012] {dagbag.py:507} INFO - Filling up the DagBag from /Users/mohammadrezakhorasanchian/.pyenv/versions/3.10.4/lib/python3.10/site-packages/airflow/example_dags/example_branch_operator.py
[2022-05-19 05:18:27,035] {processor.py:651} INFO - DAG(s) dict_keys(['example_branch_operator']) retrieved from /Users/mohammadrezakhorasanchian/.pyenv/versions/3.10.4/lib/python3.10/site-packages/airflow/example_dags/example_branch_operator.py
[2022-05-19 05:18:27,080] {logging_mixin.py:115} INFO - [2022-05-19 05:18:27,080] {dag.py:2371} INFO - Sync 1 DAGs
[2022-05-19 05:18:27,092] {logging_mixin.py:115} INFO - [2022-05-19 05:18:27,092] {dag.py:2915} INFO - Setting next_dagrun for example_branch_operator to 2022-05-18T00:00:00+00:00, run_after=2022-05-19T00:00:00+00:00
[2022-05-19 05:18:27,098] {processor.py:161} INFO - Processing /Users/mohammadrezakhorasanchian/.pyenv/versions/3.10.4/lib/python3.10/site-packages/airflow/example_dags/example_branch_operator.py took 0.088 seconds
[2022-05-19 06:13:25,930] {processor.py:153} INFO - Started process (PID=16909) to work on /Users/mohammadrezakhorasanchian/.pyenv/versions/3.10.4/lib/python3.10/site-packages/airflow/example_dags/example_branch_operator.py
[2022-05-19 06:13:25,931] {processor.py:641} INFO - Processing file /Users/mohammadrezakhorasanchian/.pyenv/versions/3.10.4/lib/python3.10/site-packages/airflow/example_dags/example_branch_operator.py for tasks to queue
[2022-05-19 06:13:25,931] {logging_mixin.py:115} INFO - [2022-05-19 06:13:25,931] {dagbag.py:507} INFO - Filling up the DagBag from /Users/mohammadrezakhorasanchian/.pyenv/versions/3.10.4/lib/python3.10/site-packages/airflow/example_dags/example_branch_operator.py
[2022-05-19 06:13:25,950] {processor.py:651} INFO - DAG(s) dict_keys(['example_branch_operator']) retrieved from /Users/mohammadrezakhorasanchian/.pyenv/versions/3.10.4/lib/python3.10/site-packages/airflow/example_dags/example_branch_operator.py
[2022-05-19 06:13:26,013] {logging_mixin.py:115} INFO - [2022-05-19 06:13:26,013] {dag.py:2371} INFO - Sync 1 DAGs
[2022-05-19 06:13:26,024] {logging_mixin.py:115} INFO - [2022-05-19 06:13:26,024] {dag.py:2915} INFO - Setting next_dagrun for example_branch_operator to 2022-05-18T00:00:00+00:00, run_after=2022-05-19T00:00:00+00:00
[2022-05-19 06:13:26,030] {processor.py:161} INFO - Processing /Users/mohammadrezakhorasanchian/.pyenv/versions/3.10.4/lib/python3.10/site-packages/airflow/example_dags/example_branch_operator.py took 0.101 seconds
[2022-05-19 08:01:00,975] {processor.py:153} INFO - Started process (PID=16973) to work on /Users/mohammadrezakhorasanchian/.pyenv/versions/3.10.4/lib/python3.10/site-packages/airflow/example_dags/example_branch_operator.py
[2022-05-19 08:01:00,976] {processor.py:641} INFO - Processing file /Users/mohammadrezakhorasanchian/.pyenv/versions/3.10.4/lib/python3.10/site-packages/airflow/example_dags/example_branch_operator.py for tasks to queue
[2022-05-19 08:01:00,977] {logging_mixin.py:115} INFO - [2022-05-19 08:01:00,977] {dagbag.py:507} INFO - Filling up the DagBag from /Users/mohammadrezakhorasanchian/.pyenv/versions/3.10.4/lib/python3.10/site-packages/airflow/example_dags/example_branch_operator.py
[2022-05-19 08:01:01,002] {processor.py:651} INFO - DAG(s) dict_keys(['example_branch_operator']) retrieved from /Users/mohammadrezakhorasanchian/.pyenv/versions/3.10.4/lib/python3.10/site-packages/airflow/example_dags/example_branch_operator.py
[2022-05-19 08:01:01,049] {logging_mixin.py:115} INFO - [2022-05-19 08:01:01,049] {dag.py:2371} INFO - Sync 1 DAGs
[2022-05-19 08:01:01,061] {logging_mixin.py:115} INFO - [2022-05-19 08:01:01,061] {dag.py:2915} INFO - Setting next_dagrun for example_branch_operator to 2022-05-18T00:00:00+00:00, run_after=2022-05-19T00:00:00+00:00
[2022-05-19 08:01:01,067] {processor.py:161} INFO - Processing /Users/mohammadrezakhorasanchian/.pyenv/versions/3.10.4/lib/python3.10/site-packages/airflow/example_dags/example_branch_operator.py took 0.092 seconds
[2022-05-19 09:11:29,492] {processor.py:153} INFO - Started process (PID=17041) to work on /Users/mohammadrezakhorasanchian/.pyenv/versions/3.10.4/lib/python3.10/site-packages/airflow/example_dags/example_branch_operator.py
[2022-05-19 09:11:29,493] {processor.py:641} INFO - Processing file /Users/mohammadrezakhorasanchian/.pyenv/versions/3.10.4/lib/python3.10/site-packages/airflow/example_dags/example_branch_operator.py for tasks to queue
[2022-05-19 09:11:29,493] {logging_mixin.py:115} INFO - [2022-05-19 09:11:29,493] {dagbag.py:507} INFO - Filling up the DagBag from /Users/mohammadrezakhorasanchian/.pyenv/versions/3.10.4/lib/python3.10/site-packages/airflow/example_dags/example_branch_operator.py
[2022-05-19 09:11:29,520] {processor.py:651} INFO - DAG(s) dict_keys(['example_branch_operator']) retrieved from /Users/mohammadrezakhorasanchian/.pyenv/versions/3.10.4/lib/python3.10/site-packages/airflow/example_dags/example_branch_operator.py
[2022-05-19 09:11:29,573] {logging_mixin.py:115} INFO - [2022-05-19 09:11:29,573] {dag.py:2371} INFO - Sync 1 DAGs
[2022-05-19 09:11:29,593] {logging_mixin.py:115} INFO - [2022-05-19 09:11:29,593] {dag.py:2915} INFO - Setting next_dagrun for example_branch_operator to 2022-05-18T00:00:00+00:00, run_after=2022-05-19T00:00:00+00:00
[2022-05-19 09:11:29,604] {processor.py:161} INFO - Processing /Users/mohammadrezakhorasanchian/.pyenv/versions/3.10.4/lib/python3.10/site-packages/airflow/example_dags/example_branch_operator.py took 0.112 seconds
[2022-05-19 13:58:21,180] {processor.py:153} INFO - Started process (PID=17135) to work on /Users/mohammadrezakhorasanchian/.pyenv/versions/3.10.4/lib/python3.10/site-packages/airflow/example_dags/example_branch_operator.py
[2022-05-19 13:58:21,180] {processor.py:641} INFO - Processing file /Users/mohammadrezakhorasanchian/.pyenv/versions/3.10.4/lib/python3.10/site-packages/airflow/example_dags/example_branch_operator.py for tasks to queue
[2022-05-19 13:58:21,180] {logging_mixin.py:115} INFO - [2022-05-19 13:58:21,180] {dagbag.py:507} INFO - Filling up the DagBag from /Users/mohammadrezakhorasanchian/.pyenv/versions/3.10.4/lib/python3.10/site-packages/airflow/example_dags/example_branch_operator.py
[2022-05-19 13:58:21,199] {processor.py:651} INFO - DAG(s) dict_keys(['example_branch_operator']) retrieved from /Users/mohammadrezakhorasanchian/.pyenv/versions/3.10.4/lib/python3.10/site-packages/airflow/example_dags/example_branch_operator.py
[2022-05-19 13:58:21,247] {logging_mixin.py:115} INFO - [2022-05-19 13:58:21,247] {dag.py:2371} INFO - Sync 1 DAGs
[2022-05-19 13:58:21,261] {logging_mixin.py:115} INFO - [2022-05-19 13:58:21,261] {dag.py:2915} INFO - Setting next_dagrun for example_branch_operator to 2022-05-18T00:00:00+00:00, run_after=2022-05-19T00:00:00+00:00
[2022-05-19 13:58:21,269] {processor.py:161} INFO - Processing /Users/mohammadrezakhorasanchian/.pyenv/versions/3.10.4/lib/python3.10/site-packages/airflow/example_dags/example_branch_operator.py took 0.089 seconds
