[2022-05-19 03:30:30,749] {processor.py:153} INFO - Started process (PID=16754) to work on /Users/mohammadrezakhorasanchian/.pyenv/versions/3.10.4/lib/python3.10/site-packages/airflow/example_dags/example_subdag_operator.py
[2022-05-19 03:30:30,749] {processor.py:641} INFO - Processing file /Users/mohammadrezakhorasanchian/.pyenv/versions/3.10.4/lib/python3.10/site-packages/airflow/example_dags/example_subdag_operator.py for tasks to queue
[2022-05-19 03:30:30,749] {logging_mixin.py:115} INFO - [2022-05-19 03:30:30,749] {dagbag.py:507} INFO - Filling up the DagBag from /Users/mohammadrezakhorasanchian/.pyenv/versions/3.10.4/lib/python3.10/site-packages/airflow/example_dags/example_subdag_operator.py
[2022-05-19 03:30:30,787] {processor.py:651} INFO - DAG(s) dict_keys(['example_subdag_operator.section-1', 'example_subdag_operator.section-2', 'example_subdag_operator']) retrieved from /Users/mohammadrezakhorasanchian/.pyenv/versions/3.10.4/lib/python3.10/site-packages/airflow/example_dags/example_subdag_operator.py
[2022-05-19 03:30:31,166] {logging_mixin.py:115} INFO - [2022-05-19 03:30:31,166] {dag.py:2371} INFO - Sync 3 DAGs
[2022-05-19 03:30:31,179] {logging_mixin.py:115} INFO - [2022-05-19 03:30:31,179] {dag.py:2915} INFO - Setting next_dagrun for example_subdag_operator to 2022-05-17T00:00:00+00:00, run_after=2022-05-17T00:00:00+00:00
[2022-05-19 03:30:31,179] {logging_mixin.py:115} INFO - [2022-05-19 03:30:31,179] {dag.py:2915} INFO - Setting next_dagrun for example_subdag_operator.section-1 to None, run_after=None
[2022-05-19 03:30:31,180] {logging_mixin.py:115} INFO - [2022-05-19 03:30:31,180] {dag.py:2915} INFO - Setting next_dagrun for example_subdag_operator.section-2 to None, run_after=None
[2022-05-19 03:30:31,184] {logging_mixin.py:115} INFO - [2022-05-19 03:30:31,184] {dag.py:2371} INFO - Sync 2 DAGs
[2022-05-19 03:30:31,186] {logging_mixin.py:115} INFO - [2022-05-19 03:30:31,186] {dag.py:2915} INFO - Setting next_dagrun for example_subdag_operator.section-1 to None, run_after=None
[2022-05-19 03:30:31,187] {logging_mixin.py:115} INFO - [2022-05-19 03:30:31,187] {dag.py:2915} INFO - Setting next_dagrun for example_subdag_operator.section-2 to None, run_after=None
[2022-05-19 03:30:31,194] {processor.py:161} INFO - Processing /Users/mohammadrezakhorasanchian/.pyenv/versions/3.10.4/lib/python3.10/site-packages/airflow/example_dags/example_subdag_operator.py took 0.446 seconds
[2022-05-19 04:24:55,575] {processor.py:153} INFO - Started process (PID=16823) to work on /Users/mohammadrezakhorasanchian/.pyenv/versions/3.10.4/lib/python3.10/site-packages/airflow/example_dags/example_subdag_operator.py
[2022-05-19 04:24:55,576] {processor.py:641} INFO - Processing file /Users/mohammadrezakhorasanchian/.pyenv/versions/3.10.4/lib/python3.10/site-packages/airflow/example_dags/example_subdag_operator.py for tasks to queue
[2022-05-19 04:24:55,576] {logging_mixin.py:115} INFO - [2022-05-19 04:24:55,576] {dagbag.py:507} INFO - Filling up the DagBag from /Users/mohammadrezakhorasanchian/.pyenv/versions/3.10.4/lib/python3.10/site-packages/airflow/example_dags/example_subdag_operator.py
[2022-05-19 04:24:55,616] {processor.py:651} INFO - DAG(s) dict_keys(['example_subdag_operator.section-1', 'example_subdag_operator.section-2', 'example_subdag_operator']) retrieved from /Users/mohammadrezakhorasanchian/.pyenv/versions/3.10.4/lib/python3.10/site-packages/airflow/example_dags/example_subdag_operator.py
[2022-05-19 04:24:55,644] {logging_mixin.py:115} INFO - [2022-05-19 04:24:55,644] {dag.py:2371} INFO - Sync 3 DAGs
[2022-05-19 04:24:55,653] {logging_mixin.py:115} INFO - [2022-05-19 04:24:55,653] {dag.py:2915} INFO - Setting next_dagrun for example_subdag_operator to 2022-05-17T00:00:00+00:00, run_after=2022-05-17T00:00:00+00:00
[2022-05-19 04:24:55,653] {logging_mixin.py:115} INFO - [2022-05-19 04:24:55,653] {dag.py:2915} INFO - Setting next_dagrun for example_subdag_operator.section-1 to None, run_after=None
[2022-05-19 04:24:55,654] {logging_mixin.py:115} INFO - [2022-05-19 04:24:55,654] {dag.py:2915} INFO - Setting next_dagrun for example_subdag_operator.section-2 to None, run_after=None
[2022-05-19 04:24:55,656] {logging_mixin.py:115} INFO - [2022-05-19 04:24:55,656] {dag.py:2371} INFO - Sync 2 DAGs
[2022-05-19 04:24:55,658] {logging_mixin.py:115} INFO - [2022-05-19 04:24:55,658] {dag.py:2915} INFO - Setting next_dagrun for example_subdag_operator.section-1 to None, run_after=None
[2022-05-19 04:24:55,659] {logging_mixin.py:115} INFO - [2022-05-19 04:24:55,659] {dag.py:2915} INFO - Setting next_dagrun for example_subdag_operator.section-2 to None, run_after=None
[2022-05-19 04:24:55,663] {processor.py:161} INFO - Processing /Users/mohammadrezakhorasanchian/.pyenv/versions/3.10.4/lib/python3.10/site-packages/airflow/example_dags/example_subdag_operator.py took 0.089 seconds
[2022-05-19 05:19:00,943] {processor.py:153} INFO - Started process (PID=16859) to work on /Users/mohammadrezakhorasanchian/.pyenv/versions/3.10.4/lib/python3.10/site-packages/airflow/example_dags/example_subdag_operator.py
[2022-05-19 05:19:00,944] {processor.py:641} INFO - Processing file /Users/mohammadrezakhorasanchian/.pyenv/versions/3.10.4/lib/python3.10/site-packages/airflow/example_dags/example_subdag_operator.py for tasks to queue
[2022-05-19 05:19:00,944] {logging_mixin.py:115} INFO - [2022-05-19 05:19:00,944] {dagbag.py:507} INFO - Filling up the DagBag from /Users/mohammadrezakhorasanchian/.pyenv/versions/3.10.4/lib/python3.10/site-packages/airflow/example_dags/example_subdag_operator.py
[2022-05-19 05:19:00,981] {processor.py:651} INFO - DAG(s) dict_keys(['example_subdag_operator.section-1', 'example_subdag_operator.section-2', 'example_subdag_operator']) retrieved from /Users/mohammadrezakhorasanchian/.pyenv/versions/3.10.4/lib/python3.10/site-packages/airflow/example_dags/example_subdag_operator.py
[2022-05-19 05:19:01,004] {logging_mixin.py:115} INFO - [2022-05-19 05:19:01,004] {dag.py:2371} INFO - Sync 3 DAGs
[2022-05-19 05:19:01,013] {logging_mixin.py:115} INFO - [2022-05-19 05:19:01,013] {dag.py:2915} INFO - Setting next_dagrun for example_subdag_operator to 2022-05-17T00:00:00+00:00, run_after=2022-05-17T00:00:00+00:00
[2022-05-19 05:19:01,013] {logging_mixin.py:115} INFO - [2022-05-19 05:19:01,013] {dag.py:2915} INFO - Setting next_dagrun for example_subdag_operator.section-1 to None, run_after=None
[2022-05-19 05:19:01,013] {logging_mixin.py:115} INFO - [2022-05-19 05:19:01,013] {dag.py:2915} INFO - Setting next_dagrun for example_subdag_operator.section-2 to None, run_after=None
[2022-05-19 05:19:01,016] {logging_mixin.py:115} INFO - [2022-05-19 05:19:01,016] {dag.py:2371} INFO - Sync 2 DAGs
[2022-05-19 05:19:01,019] {logging_mixin.py:115} INFO - [2022-05-19 05:19:01,019] {dag.py:2915} INFO - Setting next_dagrun for example_subdag_operator.section-1 to None, run_after=None
[2022-05-19 05:19:01,019] {logging_mixin.py:115} INFO - [2022-05-19 05:19:01,019] {dag.py:2915} INFO - Setting next_dagrun for example_subdag_operator.section-2 to None, run_after=None
[2022-05-19 05:19:01,024] {processor.py:161} INFO - Processing /Users/mohammadrezakhorasanchian/.pyenv/versions/3.10.4/lib/python3.10/site-packages/airflow/example_dags/example_subdag_operator.py took 0.082 seconds
[2022-05-19 06:13:15,194] {processor.py:153} INFO - Started process (PID=16902) to work on /Users/mohammadrezakhorasanchian/.pyenv/versions/3.10.4/lib/python3.10/site-packages/airflow/example_dags/example_subdag_operator.py
[2022-05-19 06:13:15,195] {processor.py:641} INFO - Processing file /Users/mohammadrezakhorasanchian/.pyenv/versions/3.10.4/lib/python3.10/site-packages/airflow/example_dags/example_subdag_operator.py for tasks to queue
[2022-05-19 06:13:15,195] {logging_mixin.py:115} INFO - [2022-05-19 06:13:15,195] {dagbag.py:507} INFO - Filling up the DagBag from /Users/mohammadrezakhorasanchian/.pyenv/versions/3.10.4/lib/python3.10/site-packages/airflow/example_dags/example_subdag_operator.py
[2022-05-19 06:13:15,233] {processor.py:651} INFO - DAG(s) dict_keys(['example_subdag_operator.section-1', 'example_subdag_operator.section-2', 'example_subdag_operator']) retrieved from /Users/mohammadrezakhorasanchian/.pyenv/versions/3.10.4/lib/python3.10/site-packages/airflow/example_dags/example_subdag_operator.py
[2022-05-19 06:13:15,258] {logging_mixin.py:115} INFO - [2022-05-19 06:13:15,258] {dag.py:2371} INFO - Sync 3 DAGs
[2022-05-19 06:13:15,268] {logging_mixin.py:115} INFO - [2022-05-19 06:13:15,268] {dag.py:2915} INFO - Setting next_dagrun for example_subdag_operator to 2022-05-17T00:00:00+00:00, run_after=2022-05-17T00:00:00+00:00
[2022-05-19 06:13:15,268] {logging_mixin.py:115} INFO - [2022-05-19 06:13:15,268] {dag.py:2915} INFO - Setting next_dagrun for example_subdag_operator.section-1 to None, run_after=None
[2022-05-19 06:13:15,268] {logging_mixin.py:115} INFO - [2022-05-19 06:13:15,268] {dag.py:2915} INFO - Setting next_dagrun for example_subdag_operator.section-2 to None, run_after=None
[2022-05-19 06:13:15,271] {logging_mixin.py:115} INFO - [2022-05-19 06:13:15,271] {dag.py:2371} INFO - Sync 2 DAGs
[2022-05-19 06:13:15,273] {logging_mixin.py:115} INFO - [2022-05-19 06:13:15,273] {dag.py:2915} INFO - Setting next_dagrun for example_subdag_operator.section-1 to None, run_after=None
[2022-05-19 06:13:15,273] {logging_mixin.py:115} INFO - [2022-05-19 06:13:15,273] {dag.py:2915} INFO - Setting next_dagrun for example_subdag_operator.section-2 to None, run_after=None
[2022-05-19 06:13:15,281] {processor.py:161} INFO - Processing /Users/mohammadrezakhorasanchian/.pyenv/versions/3.10.4/lib/python3.10/site-packages/airflow/example_dags/example_subdag_operator.py took 0.088 seconds
[2022-05-19 07:07:24,623] {processor.py:153} INFO - Started process (PID=16952) to work on /Users/mohammadrezakhorasanchian/.pyenv/versions/3.10.4/lib/python3.10/site-packages/airflow/example_dags/example_subdag_operator.py
[2022-05-19 07:07:24,624] {processor.py:641} INFO - Processing file /Users/mohammadrezakhorasanchian/.pyenv/versions/3.10.4/lib/python3.10/site-packages/airflow/example_dags/example_subdag_operator.py for tasks to queue
[2022-05-19 07:07:24,624] {logging_mixin.py:115} INFO - [2022-05-19 07:07:24,624] {dagbag.py:507} INFO - Filling up the DagBag from /Users/mohammadrezakhorasanchian/.pyenv/versions/3.10.4/lib/python3.10/site-packages/airflow/example_dags/example_subdag_operator.py
[2022-05-19 07:07:24,662] {processor.py:651} INFO - DAG(s) dict_keys(['example_subdag_operator.section-1', 'example_subdag_operator.section-2', 'example_subdag_operator']) retrieved from /Users/mohammadrezakhorasanchian/.pyenv/versions/3.10.4/lib/python3.10/site-packages/airflow/example_dags/example_subdag_operator.py
[2022-05-19 07:07:24,687] {logging_mixin.py:115} INFO - [2022-05-19 07:07:24,687] {dag.py:2371} INFO - Sync 3 DAGs
[2022-05-19 07:07:24,697] {logging_mixin.py:115} INFO - [2022-05-19 07:07:24,697] {dag.py:2915} INFO - Setting next_dagrun for example_subdag_operator to 2022-05-17T00:00:00+00:00, run_after=2022-05-17T00:00:00+00:00
[2022-05-19 07:07:24,697] {logging_mixin.py:115} INFO - [2022-05-19 07:07:24,697] {dag.py:2915} INFO - Setting next_dagrun for example_subdag_operator.section-1 to None, run_after=None
[2022-05-19 07:07:24,697] {logging_mixin.py:115} INFO - [2022-05-19 07:07:24,697] {dag.py:2915} INFO - Setting next_dagrun for example_subdag_operator.section-2 to None, run_after=None
[2022-05-19 07:07:24,700] {logging_mixin.py:115} INFO - [2022-05-19 07:07:24,700] {dag.py:2371} INFO - Sync 2 DAGs
[2022-05-19 07:07:24,702] {logging_mixin.py:115} INFO - [2022-05-19 07:07:24,702] {dag.py:2915} INFO - Setting next_dagrun for example_subdag_operator.section-1 to None, run_after=None
[2022-05-19 07:07:24,702] {logging_mixin.py:115} INFO - [2022-05-19 07:07:24,702] {dag.py:2915} INFO - Setting next_dagrun for example_subdag_operator.section-2 to None, run_after=None
[2022-05-19 07:07:24,706] {processor.py:161} INFO - Processing /Users/mohammadrezakhorasanchian/.pyenv/versions/3.10.4/lib/python3.10/site-packages/airflow/example_dags/example_subdag_operator.py took 0.084 seconds
[2022-05-19 08:01:33,789] {processor.py:153} INFO - Started process (PID=16992) to work on /Users/mohammadrezakhorasanchian/.pyenv/versions/3.10.4/lib/python3.10/site-packages/airflow/example_dags/example_subdag_operator.py
[2022-05-19 08:01:33,790] {processor.py:641} INFO - Processing file /Users/mohammadrezakhorasanchian/.pyenv/versions/3.10.4/lib/python3.10/site-packages/airflow/example_dags/example_subdag_operator.py for tasks to queue
[2022-05-19 08:01:33,790] {logging_mixin.py:115} INFO - [2022-05-19 08:01:33,790] {dagbag.py:507} INFO - Filling up the DagBag from /Users/mohammadrezakhorasanchian/.pyenv/versions/3.10.4/lib/python3.10/site-packages/airflow/example_dags/example_subdag_operator.py
[2022-05-19 08:01:33,831] {processor.py:651} INFO - DAG(s) dict_keys(['example_subdag_operator.section-1', 'example_subdag_operator.section-2', 'example_subdag_operator']) retrieved from /Users/mohammadrezakhorasanchian/.pyenv/versions/3.10.4/lib/python3.10/site-packages/airflow/example_dags/example_subdag_operator.py
[2022-05-19 08:01:33,864] {logging_mixin.py:115} INFO - [2022-05-19 08:01:33,864] {dag.py:2371} INFO - Sync 3 DAGs
[2022-05-19 08:01:33,874] {logging_mixin.py:115} INFO - [2022-05-19 08:01:33,874] {dag.py:2915} INFO - Setting next_dagrun for example_subdag_operator to 2022-05-17T00:00:00+00:00, run_after=2022-05-17T00:00:00+00:00
[2022-05-19 08:01:33,874] {logging_mixin.py:115} INFO - [2022-05-19 08:01:33,874] {dag.py:2915} INFO - Setting next_dagrun for example_subdag_operator.section-1 to None, run_after=None
[2022-05-19 08:01:33,874] {logging_mixin.py:115} INFO - [2022-05-19 08:01:33,874] {dag.py:2915} INFO - Setting next_dagrun for example_subdag_operator.section-2 to None, run_after=None
[2022-05-19 08:01:33,877] {logging_mixin.py:115} INFO - [2022-05-19 08:01:33,877] {dag.py:2371} INFO - Sync 2 DAGs
[2022-05-19 08:01:33,879] {logging_mixin.py:115} INFO - [2022-05-19 08:01:33,879] {dag.py:2915} INFO - Setting next_dagrun for example_subdag_operator.section-1 to None, run_after=None
[2022-05-19 08:01:33,879] {logging_mixin.py:115} INFO - [2022-05-19 08:01:33,879] {dag.py:2915} INFO - Setting next_dagrun for example_subdag_operator.section-2 to None, run_after=None
[2022-05-19 08:01:33,884] {processor.py:161} INFO - Processing /Users/mohammadrezakhorasanchian/.pyenv/versions/3.10.4/lib/python3.10/site-packages/airflow/example_dags/example_subdag_operator.py took 0.095 seconds
[2022-05-19 08:55:42,237] {processor.py:153} INFO - Started process (PID=17033) to work on /Users/mohammadrezakhorasanchian/.pyenv/versions/3.10.4/lib/python3.10/site-packages/airflow/example_dags/example_subdag_operator.py
[2022-05-19 08:55:42,238] {processor.py:641} INFO - Processing file /Users/mohammadrezakhorasanchian/.pyenv/versions/3.10.4/lib/python3.10/site-packages/airflow/example_dags/example_subdag_operator.py for tasks to queue
[2022-05-19 08:55:42,239] {logging_mixin.py:115} INFO - [2022-05-19 08:55:42,239] {dagbag.py:507} INFO - Filling up the DagBag from /Users/mohammadrezakhorasanchian/.pyenv/versions/3.10.4/lib/python3.10/site-packages/airflow/example_dags/example_subdag_operator.py
[2022-05-19 08:55:42,281] {processor.py:651} INFO - DAG(s) dict_keys(['example_subdag_operator.section-1', 'example_subdag_operator.section-2', 'example_subdag_operator']) retrieved from /Users/mohammadrezakhorasanchian/.pyenv/versions/3.10.4/lib/python3.10/site-packages/airflow/example_dags/example_subdag_operator.py
[2022-05-19 08:55:42,305] {logging_mixin.py:115} INFO - [2022-05-19 08:55:42,305] {dag.py:2371} INFO - Sync 3 DAGs
[2022-05-19 08:55:42,314] {logging_mixin.py:115} INFO - [2022-05-19 08:55:42,314] {dag.py:2915} INFO - Setting next_dagrun for example_subdag_operator to 2022-05-17T00:00:00+00:00, run_after=2022-05-17T00:00:00+00:00
[2022-05-19 08:55:42,314] {logging_mixin.py:115} INFO - [2022-05-19 08:55:42,314] {dag.py:2915} INFO - Setting next_dagrun for example_subdag_operator.section-1 to None, run_after=None
[2022-05-19 08:55:42,314] {logging_mixin.py:115} INFO - [2022-05-19 08:55:42,314] {dag.py:2915} INFO - Setting next_dagrun for example_subdag_operator.section-2 to None, run_after=None
[2022-05-19 08:55:42,317] {logging_mixin.py:115} INFO - [2022-05-19 08:55:42,317] {dag.py:2371} INFO - Sync 2 DAGs
[2022-05-19 08:55:42,319] {logging_mixin.py:115} INFO - [2022-05-19 08:55:42,319] {dag.py:2915} INFO - Setting next_dagrun for example_subdag_operator.section-1 to None, run_after=None
[2022-05-19 08:55:42,319] {logging_mixin.py:115} INFO - [2022-05-19 08:55:42,319] {dag.py:2915} INFO - Setting next_dagrun for example_subdag_operator.section-2 to None, run_after=None
[2022-05-19 08:55:42,325] {processor.py:161} INFO - Processing /Users/mohammadrezakhorasanchian/.pyenv/versions/3.10.4/lib/python3.10/site-packages/airflow/example_dags/example_subdag_operator.py took 0.089 seconds
[2022-05-19 10:41:39,656] {processor.py:153} INFO - Started process (PID=17085) to work on /Users/mohammadrezakhorasanchian/.pyenv/versions/3.10.4/lib/python3.10/site-packages/airflow/example_dags/example_subdag_operator.py
[2022-05-19 10:41:39,657] {processor.py:641} INFO - Processing file /Users/mohammadrezakhorasanchian/.pyenv/versions/3.10.4/lib/python3.10/site-packages/airflow/example_dags/example_subdag_operator.py for tasks to queue
[2022-05-19 10:41:39,658] {logging_mixin.py:115} INFO - [2022-05-19 10:41:39,658] {dagbag.py:507} INFO - Filling up the DagBag from /Users/mohammadrezakhorasanchian/.pyenv/versions/3.10.4/lib/python3.10/site-packages/airflow/example_dags/example_subdag_operator.py
[2022-05-19 10:41:39,698] {processor.py:651} INFO - DAG(s) dict_keys(['example_subdag_operator.section-1', 'example_subdag_operator.section-2', 'example_subdag_operator']) retrieved from /Users/mohammadrezakhorasanchian/.pyenv/versions/3.10.4/lib/python3.10/site-packages/airflow/example_dags/example_subdag_operator.py
[2022-05-19 10:41:39,727] {logging_mixin.py:115} INFO - [2022-05-19 10:41:39,727] {dag.py:2371} INFO - Sync 3 DAGs
[2022-05-19 10:41:39,736] {logging_mixin.py:115} INFO - [2022-05-19 10:41:39,736] {dag.py:2915} INFO - Setting next_dagrun for example_subdag_operator to 2022-05-17T00:00:00+00:00, run_after=2022-05-17T00:00:00+00:00
[2022-05-19 10:41:39,737] {logging_mixin.py:115} INFO - [2022-05-19 10:41:39,737] {dag.py:2915} INFO - Setting next_dagrun for example_subdag_operator.section-1 to None, run_after=None
[2022-05-19 10:41:39,737] {logging_mixin.py:115} INFO - [2022-05-19 10:41:39,737] {dag.py:2915} INFO - Setting next_dagrun for example_subdag_operator.section-2 to None, run_after=None
[2022-05-19 10:41:39,740] {logging_mixin.py:115} INFO - [2022-05-19 10:41:39,740] {dag.py:2371} INFO - Sync 2 DAGs
[2022-05-19 10:41:39,742] {logging_mixin.py:115} INFO - [2022-05-19 10:41:39,742] {dag.py:2915} INFO - Setting next_dagrun for example_subdag_operator.section-1 to None, run_after=None
[2022-05-19 10:41:39,742] {logging_mixin.py:115} INFO - [2022-05-19 10:41:39,742] {dag.py:2915} INFO - Setting next_dagrun for example_subdag_operator.section-2 to None, run_after=None
[2022-05-19 10:41:39,746] {processor.py:161} INFO - Processing /Users/mohammadrezakhorasanchian/.pyenv/versions/3.10.4/lib/python3.10/site-packages/airflow/example_dags/example_subdag_operator.py took 0.090 seconds
[2022-05-19 13:58:50,919] {processor.py:153} INFO - Started process (PID=17194) to work on /Users/mohammadrezakhorasanchian/.pyenv/versions/3.10.4/lib/python3.10/site-packages/airflow/example_dags/example_subdag_operator.py
[2022-05-19 13:58:50,919] {processor.py:641} INFO - Processing file /Users/mohammadrezakhorasanchian/.pyenv/versions/3.10.4/lib/python3.10/site-packages/airflow/example_dags/example_subdag_operator.py for tasks to queue
[2022-05-19 13:58:50,919] {logging_mixin.py:115} INFO - [2022-05-19 13:58:50,919] {dagbag.py:507} INFO - Filling up the DagBag from /Users/mohammadrezakhorasanchian/.pyenv/versions/3.10.4/lib/python3.10/site-packages/airflow/example_dags/example_subdag_operator.py
[2022-05-19 13:58:50,966] {processor.py:651} INFO - DAG(s) dict_keys(['example_subdag_operator.section-1', 'example_subdag_operator.section-2', 'example_subdag_operator']) retrieved from /Users/mohammadrezakhorasanchian/.pyenv/versions/3.10.4/lib/python3.10/site-packages/airflow/example_dags/example_subdag_operator.py
[2022-05-19 13:58:50,997] {logging_mixin.py:115} INFO - [2022-05-19 13:58:50,997] {dag.py:2371} INFO - Sync 3 DAGs
[2022-05-19 13:58:51,009] {logging_mixin.py:115} INFO - [2022-05-19 13:58:51,009] {dag.py:2915} INFO - Setting next_dagrun for example_subdag_operator to 2022-05-17T00:00:00+00:00, run_after=2022-05-17T00:00:00+00:00
[2022-05-19 13:58:51,009] {logging_mixin.py:115} INFO - [2022-05-19 13:58:51,009] {dag.py:2915} INFO - Setting next_dagrun for example_subdag_operator.section-1 to None, run_after=None
[2022-05-19 13:58:51,009] {logging_mixin.py:115} INFO - [2022-05-19 13:58:51,009] {dag.py:2915} INFO - Setting next_dagrun for example_subdag_operator.section-2 to None, run_after=None
[2022-05-19 13:58:51,013] {logging_mixin.py:115} INFO - [2022-05-19 13:58:51,013] {dag.py:2371} INFO - Sync 2 DAGs
[2022-05-19 13:58:51,016] {logging_mixin.py:115} INFO - [2022-05-19 13:58:51,016] {dag.py:2915} INFO - Setting next_dagrun for example_subdag_operator.section-1 to None, run_after=None
[2022-05-19 13:58:51,016] {logging_mixin.py:115} INFO - [2022-05-19 13:58:51,016] {dag.py:2915} INFO - Setting next_dagrun for example_subdag_operator.section-2 to None, run_after=None
[2022-05-19 13:58:51,022] {processor.py:161} INFO - Processing /Users/mohammadrezakhorasanchian/.pyenv/versions/3.10.4/lib/python3.10/site-packages/airflow/example_dags/example_subdag_operator.py took 0.104 seconds
