[2022-05-19 03:30:12,492] {processor.py:153} INFO - Started process (PID=16744) to work on /Users/mohammadrezakhorasanchian/.pyenv/versions/3.10.4/lib/python3.10/site-packages/airflow/example_dags/tutorial_taskflow_api_etl.py
[2022-05-19 03:30:12,492] {processor.py:641} INFO - Processing file /Users/mohammadrezakhorasanchian/.pyenv/versions/3.10.4/lib/python3.10/site-packages/airflow/example_dags/tutorial_taskflow_api_etl.py for tasks to queue
[2022-05-19 03:30:12,492] {logging_mixin.py:115} INFO - [2022-05-19 03:30:12,492] {dagbag.py:507} INFO - Filling up the DagBag from /Users/mohammadrezakhorasanchian/.pyenv/versions/3.10.4/lib/python3.10/site-packages/airflow/example_dags/tutorial_taskflow_api_etl.py
[2022-05-19 03:30:12,515] {processor.py:651} INFO - DAG(s) dict_keys(['tutorial_taskflow_api_etl']) retrieved from /Users/mohammadrezakhorasanchian/.pyenv/versions/3.10.4/lib/python3.10/site-packages/airflow/example_dags/tutorial_taskflow_api_etl.py
[2022-05-19 03:30:12,898] {logging_mixin.py:115} INFO - [2022-05-19 03:30:12,898] {dag.py:2371} INFO - Sync 1 DAGs
[2022-05-19 03:30:12,907] {logging_mixin.py:115} INFO - [2022-05-19 03:30:12,907] {dag.py:2915} INFO - Setting next_dagrun for tutorial_taskflow_api_etl to None, run_after=None
[2022-05-19 03:30:12,916] {processor.py:161} INFO - Processing /Users/mohammadrezakhorasanchian/.pyenv/versions/3.10.4/lib/python3.10/site-packages/airflow/example_dags/tutorial_taskflow_api_etl.py took 0.425 seconds
[2022-05-19 04:24:39,753] {processor.py:153} INFO - Started process (PID=16813) to work on /Users/mohammadrezakhorasanchian/.pyenv/versions/3.10.4/lib/python3.10/site-packages/airflow/example_dags/tutorial_taskflow_api_etl.py
[2022-05-19 04:24:39,754] {processor.py:641} INFO - Processing file /Users/mohammadrezakhorasanchian/.pyenv/versions/3.10.4/lib/python3.10/site-packages/airflow/example_dags/tutorial_taskflow_api_etl.py for tasks to queue
[2022-05-19 04:24:39,755] {logging_mixin.py:115} INFO - [2022-05-19 04:24:39,755] {dagbag.py:507} INFO - Filling up the DagBag from /Users/mohammadrezakhorasanchian/.pyenv/versions/3.10.4/lib/python3.10/site-packages/airflow/example_dags/tutorial_taskflow_api_etl.py
[2022-05-19 04:24:39,783] {processor.py:651} INFO - DAG(s) dict_keys(['tutorial_taskflow_api_etl']) retrieved from /Users/mohammadrezakhorasanchian/.pyenv/versions/3.10.4/lib/python3.10/site-packages/airflow/example_dags/tutorial_taskflow_api_etl.py
[2022-05-19 04:24:40,167] {logging_mixin.py:115} INFO - [2022-05-19 04:24:40,166] {dag.py:2371} INFO - Sync 1 DAGs
[2022-05-19 04:24:40,176] {logging_mixin.py:115} INFO - [2022-05-19 04:24:40,176] {dag.py:2915} INFO - Setting next_dagrun for tutorial_taskflow_api_etl to None, run_after=None
[2022-05-19 04:24:40,184] {processor.py:161} INFO - Processing /Users/mohammadrezakhorasanchian/.pyenv/versions/3.10.4/lib/python3.10/site-packages/airflow/example_dags/tutorial_taskflow_api_etl.py took 0.431 seconds
[2022-05-19 05:18:43,172] {processor.py:153} INFO - Started process (PID=16849) to work on /Users/mohammadrezakhorasanchian/.pyenv/versions/3.10.4/lib/python3.10/site-packages/airflow/example_dags/tutorial_taskflow_api_etl.py
[2022-05-19 05:18:43,173] {processor.py:641} INFO - Processing file /Users/mohammadrezakhorasanchian/.pyenv/versions/3.10.4/lib/python3.10/site-packages/airflow/example_dags/tutorial_taskflow_api_etl.py for tasks to queue
[2022-05-19 05:18:43,174] {logging_mixin.py:115} INFO - [2022-05-19 05:18:43,174] {dagbag.py:507} INFO - Filling up the DagBag from /Users/mohammadrezakhorasanchian/.pyenv/versions/3.10.4/lib/python3.10/site-packages/airflow/example_dags/tutorial_taskflow_api_etl.py
[2022-05-19 05:18:43,197] {processor.py:651} INFO - DAG(s) dict_keys(['tutorial_taskflow_api_etl']) retrieved from /Users/mohammadrezakhorasanchian/.pyenv/versions/3.10.4/lib/python3.10/site-packages/airflow/example_dags/tutorial_taskflow_api_etl.py
[2022-05-19 05:18:43,595] {logging_mixin.py:115} INFO - [2022-05-19 05:18:43,595] {dag.py:2371} INFO - Sync 1 DAGs
[2022-05-19 05:18:43,604] {logging_mixin.py:115} INFO - [2022-05-19 05:18:43,604] {dag.py:2915} INFO - Setting next_dagrun for tutorial_taskflow_api_etl to None, run_after=None
[2022-05-19 05:18:43,613] {processor.py:161} INFO - Processing /Users/mohammadrezakhorasanchian/.pyenv/versions/3.10.4/lib/python3.10/site-packages/airflow/example_dags/tutorial_taskflow_api_etl.py took 0.441 seconds
[2022-05-19 06:12:58,606] {processor.py:153} INFO - Started process (PID=16890) to work on /Users/mohammadrezakhorasanchian/.pyenv/versions/3.10.4/lib/python3.10/site-packages/airflow/example_dags/tutorial_taskflow_api_etl.py
[2022-05-19 06:12:58,607] {processor.py:641} INFO - Processing file /Users/mohammadrezakhorasanchian/.pyenv/versions/3.10.4/lib/python3.10/site-packages/airflow/example_dags/tutorial_taskflow_api_etl.py for tasks to queue
[2022-05-19 06:12:58,607] {logging_mixin.py:115} INFO - [2022-05-19 06:12:58,607] {dagbag.py:507} INFO - Filling up the DagBag from /Users/mohammadrezakhorasanchian/.pyenv/versions/3.10.4/lib/python3.10/site-packages/airflow/example_dags/tutorial_taskflow_api_etl.py
[2022-05-19 06:12:58,630] {processor.py:651} INFO - DAG(s) dict_keys(['tutorial_taskflow_api_etl']) retrieved from /Users/mohammadrezakhorasanchian/.pyenv/versions/3.10.4/lib/python3.10/site-packages/airflow/example_dags/tutorial_taskflow_api_etl.py
[2022-05-19 06:12:59,012] {logging_mixin.py:115} INFO - [2022-05-19 06:12:59,012] {dag.py:2371} INFO - Sync 1 DAGs
[2022-05-19 06:12:59,021] {logging_mixin.py:115} INFO - [2022-05-19 06:12:59,021] {dag.py:2915} INFO - Setting next_dagrun for tutorial_taskflow_api_etl to None, run_after=None
[2022-05-19 06:12:59,031] {processor.py:161} INFO - Processing /Users/mohammadrezakhorasanchian/.pyenv/versions/3.10.4/lib/python3.10/site-packages/airflow/example_dags/tutorial_taskflow_api_etl.py took 0.426 seconds
[2022-05-19 07:06:50,491] {processor.py:153} INFO - Started process (PID=16931) to work on /Users/mohammadrezakhorasanchian/.pyenv/versions/3.10.4/lib/python3.10/site-packages/airflow/example_dags/tutorial_taskflow_api_etl.py
[2022-05-19 07:06:50,492] {processor.py:641} INFO - Processing file /Users/mohammadrezakhorasanchian/.pyenv/versions/3.10.4/lib/python3.10/site-packages/airflow/example_dags/tutorial_taskflow_api_etl.py for tasks to queue
[2022-05-19 07:06:50,492] {logging_mixin.py:115} INFO - [2022-05-19 07:06:50,492] {dagbag.py:507} INFO - Filling up the DagBag from /Users/mohammadrezakhorasanchian/.pyenv/versions/3.10.4/lib/python3.10/site-packages/airflow/example_dags/tutorial_taskflow_api_etl.py
[2022-05-19 07:06:50,515] {processor.py:651} INFO - DAG(s) dict_keys(['tutorial_taskflow_api_etl']) retrieved from /Users/mohammadrezakhorasanchian/.pyenv/versions/3.10.4/lib/python3.10/site-packages/airflow/example_dags/tutorial_taskflow_api_etl.py
[2022-05-19 07:06:50,917] {logging_mixin.py:115} INFO - [2022-05-19 07:06:50,917] {dag.py:2371} INFO - Sync 1 DAGs
[2022-05-19 07:06:50,927] {logging_mixin.py:115} INFO - [2022-05-19 07:06:50,927] {dag.py:2915} INFO - Setting next_dagrun for tutorial_taskflow_api_etl to None, run_after=None
[2022-05-19 07:06:50,934] {processor.py:161} INFO - Processing /Users/mohammadrezakhorasanchian/.pyenv/versions/3.10.4/lib/python3.10/site-packages/airflow/example_dags/tutorial_taskflow_api_etl.py took 0.443 seconds
[2022-05-19 08:01:16,870] {processor.py:153} INFO - Started process (PID=16982) to work on /Users/mohammadrezakhorasanchian/.pyenv/versions/3.10.4/lib/python3.10/site-packages/airflow/example_dags/tutorial_taskflow_api_etl.py
[2022-05-19 08:01:16,871] {processor.py:641} INFO - Processing file /Users/mohammadrezakhorasanchian/.pyenv/versions/3.10.4/lib/python3.10/site-packages/airflow/example_dags/tutorial_taskflow_api_etl.py for tasks to queue
[2022-05-19 08:01:16,871] {logging_mixin.py:115} INFO - [2022-05-19 08:01:16,871] {dagbag.py:507} INFO - Filling up the DagBag from /Users/mohammadrezakhorasanchian/.pyenv/versions/3.10.4/lib/python3.10/site-packages/airflow/example_dags/tutorial_taskflow_api_etl.py
[2022-05-19 08:01:16,895] {processor.py:651} INFO - DAG(s) dict_keys(['tutorial_taskflow_api_etl']) retrieved from /Users/mohammadrezakhorasanchian/.pyenv/versions/3.10.4/lib/python3.10/site-packages/airflow/example_dags/tutorial_taskflow_api_etl.py
[2022-05-19 08:01:17,281] {logging_mixin.py:115} INFO - [2022-05-19 08:01:17,281] {dag.py:2371} INFO - Sync 1 DAGs
[2022-05-19 08:01:17,291] {logging_mixin.py:115} INFO - [2022-05-19 08:01:17,291] {dag.py:2915} INFO - Setting next_dagrun for tutorial_taskflow_api_etl to None, run_after=None
[2022-05-19 08:01:17,300] {processor.py:161} INFO - Processing /Users/mohammadrezakhorasanchian/.pyenv/versions/3.10.4/lib/python3.10/site-packages/airflow/example_dags/tutorial_taskflow_api_etl.py took 0.430 seconds
[2022-05-19 08:55:27,094] {processor.py:153} INFO - Started process (PID=17022) to work on /Users/mohammadrezakhorasanchian/.pyenv/versions/3.10.4/lib/python3.10/site-packages/airflow/example_dags/tutorial_taskflow_api_etl.py
[2022-05-19 08:55:27,095] {processor.py:641} INFO - Processing file /Users/mohammadrezakhorasanchian/.pyenv/versions/3.10.4/lib/python3.10/site-packages/airflow/example_dags/tutorial_taskflow_api_etl.py for tasks to queue
[2022-05-19 08:55:27,095] {logging_mixin.py:115} INFO - [2022-05-19 08:55:27,095] {dagbag.py:507} INFO - Filling up the DagBag from /Users/mohammadrezakhorasanchian/.pyenv/versions/3.10.4/lib/python3.10/site-packages/airflow/example_dags/tutorial_taskflow_api_etl.py
[2022-05-19 08:55:27,119] {processor.py:651} INFO - DAG(s) dict_keys(['tutorial_taskflow_api_etl']) retrieved from /Users/mohammadrezakhorasanchian/.pyenv/versions/3.10.4/lib/python3.10/site-packages/airflow/example_dags/tutorial_taskflow_api_etl.py
[2022-05-19 08:55:27,520] {logging_mixin.py:115} INFO - [2022-05-19 08:55:27,520] {dag.py:2371} INFO - Sync 1 DAGs
[2022-05-19 08:55:27,529] {logging_mixin.py:115} INFO - [2022-05-19 08:55:27,529] {dag.py:2915} INFO - Setting next_dagrun for tutorial_taskflow_api_etl to None, run_after=None
[2022-05-19 08:55:27,537] {processor.py:161} INFO - Processing /Users/mohammadrezakhorasanchian/.pyenv/versions/3.10.4/lib/python3.10/site-packages/airflow/example_dags/tutorial_taskflow_api_etl.py took 0.443 seconds
[2022-05-19 09:51:05,567] {processor.py:153} INFO - Started process (PID=17065) to work on /Users/mohammadrezakhorasanchian/.pyenv/versions/3.10.4/lib/python3.10/site-packages/airflow/example_dags/tutorial_taskflow_api_etl.py
[2022-05-19 09:51:05,569] {processor.py:641} INFO - Processing file /Users/mohammadrezakhorasanchian/.pyenv/versions/3.10.4/lib/python3.10/site-packages/airflow/example_dags/tutorial_taskflow_api_etl.py for tasks to queue
[2022-05-19 09:51:05,570] {logging_mixin.py:115} INFO - [2022-05-19 09:51:05,570] {dagbag.py:507} INFO - Filling up the DagBag from /Users/mohammadrezakhorasanchian/.pyenv/versions/3.10.4/lib/python3.10/site-packages/airflow/example_dags/tutorial_taskflow_api_etl.py
[2022-05-19 09:51:05,685] {processor.py:651} INFO - DAG(s) dict_keys(['tutorial_taskflow_api_etl']) retrieved from /Users/mohammadrezakhorasanchian/.pyenv/versions/3.10.4/lib/python3.10/site-packages/airflow/example_dags/tutorial_taskflow_api_etl.py
[2022-05-19 09:51:07,634] {logging_mixin.py:115} INFO - [2022-05-19 09:51:07,633] {dag.py:2371} INFO - Sync 1 DAGs
[2022-05-19 09:51:07,680] {logging_mixin.py:115} INFO - [2022-05-19 09:51:07,679] {dag.py:2915} INFO - Setting next_dagrun for tutorial_taskflow_api_etl to None, run_after=None
[2022-05-19 09:51:07,714] {processor.py:161} INFO - Processing /Users/mohammadrezakhorasanchian/.pyenv/versions/3.10.4/lib/python3.10/site-packages/airflow/example_dags/tutorial_taskflow_api_etl.py took 2.147 seconds
[2022-05-19 13:58:32,341] {processor.py:153} INFO - Started process (PID=17157) to work on /Users/mohammadrezakhorasanchian/.pyenv/versions/3.10.4/lib/python3.10/site-packages/airflow/example_dags/tutorial_taskflow_api_etl.py
[2022-05-19 13:58:32,341] {processor.py:641} INFO - Processing file /Users/mohammadrezakhorasanchian/.pyenv/versions/3.10.4/lib/python3.10/site-packages/airflow/example_dags/tutorial_taskflow_api_etl.py for tasks to queue
[2022-05-19 13:58:32,341] {logging_mixin.py:115} INFO - [2022-05-19 13:58:32,341] {dagbag.py:507} INFO - Filling up the DagBag from /Users/mohammadrezakhorasanchian/.pyenv/versions/3.10.4/lib/python3.10/site-packages/airflow/example_dags/tutorial_taskflow_api_etl.py
[2022-05-19 13:58:32,364] {processor.py:651} INFO - DAG(s) dict_keys(['tutorial_taskflow_api_etl']) retrieved from /Users/mohammadrezakhorasanchian/.pyenv/versions/3.10.4/lib/python3.10/site-packages/airflow/example_dags/tutorial_taskflow_api_etl.py
[2022-05-19 13:58:32,763] {logging_mixin.py:115} INFO - [2022-05-19 13:58:32,763] {dag.py:2371} INFO - Sync 1 DAGs
[2022-05-19 13:58:32,772] {logging_mixin.py:115} INFO - [2022-05-19 13:58:32,772] {dag.py:2915} INFO - Setting next_dagrun for tutorial_taskflow_api_etl to None, run_after=None
[2022-05-19 13:58:32,783] {processor.py:161} INFO - Processing /Users/mohammadrezakhorasanchian/.pyenv/versions/3.10.4/lib/python3.10/site-packages/airflow/example_dags/tutorial_taskflow_api_etl.py took 0.443 seconds
[2022-05-19 13:59:23,337] {processor.py:153} INFO - Started process (PID=17289) to work on /Users/mohammadrezakhorasanchian/.pyenv/versions/3.10.4/lib/python3.10/site-packages/airflow/example_dags/tutorial_taskflow_api_etl.py
[2022-05-19 13:59:23,351] {processor.py:641} INFO - Processing file /Users/mohammadrezakhorasanchian/.pyenv/versions/3.10.4/lib/python3.10/site-packages/airflow/example_dags/tutorial_taskflow_api_etl.py for tasks to queue
[2022-05-19 13:59:23,352] {logging_mixin.py:115} INFO - [2022-05-19 13:59:23,352] {dagbag.py:507} INFO - Filling up the DagBag from /Users/mohammadrezakhorasanchian/.pyenv/versions/3.10.4/lib/python3.10/site-packages/airflow/example_dags/tutorial_taskflow_api_etl.py
[2022-05-19 13:59:23,381] {processor.py:651} INFO - DAG(s) dict_keys(['tutorial_taskflow_api_etl']) retrieved from /Users/mohammadrezakhorasanchian/.pyenv/versions/3.10.4/lib/python3.10/site-packages/airflow/example_dags/tutorial_taskflow_api_etl.py
[2022-05-19 13:59:23,864] {logging_mixin.py:115} INFO - [2022-05-19 13:59:23,864] {dag.py:2371} INFO - Sync 1 DAGs
[2022-05-19 13:59:23,894] {logging_mixin.py:115} INFO - [2022-05-19 13:59:23,894] {dag.py:2915} INFO - Setting next_dagrun for tutorial_taskflow_api_etl to None, run_after=None
[2022-05-19 13:59:23,903] {processor.py:161} INFO - Processing /Users/mohammadrezakhorasanchian/.pyenv/versions/3.10.4/lib/python3.10/site-packages/airflow/example_dags/tutorial_taskflow_api_etl.py took 0.566 seconds
