[2022-05-23 16:13:01,126] {processor.py:153} INFO - Started process (PID=36299) to work on /Users/mohammadrezakhorasanchian/.pyenv/versions/3.10.4/lib/python3.10/site-packages/airflow/example_dags/plugins/workday.py
[2022-05-23 16:13:01,126] {processor.py:641} INFO - Processing file /Users/mohammadrezakhorasanchian/.pyenv/versions/3.10.4/lib/python3.10/site-packages/airflow/example_dags/plugins/workday.py for tasks to queue
[2022-05-23 16:13:01,126] {logging_mixin.py:115} INFO - [2022-05-23 16:13:01,126] {dagbag.py:507} INFO - Filling up the DagBag from /Users/mohammadrezakhorasanchian/.pyenv/versions/3.10.4/lib/python3.10/site-packages/airflow/example_dags/plugins/workday.py
[2022-05-23 16:13:01,126] {processor.py:653} WARNING - No viable dags retrieved from /Users/mohammadrezakhorasanchian/.pyenv/versions/3.10.4/lib/python3.10/site-packages/airflow/example_dags/plugins/workday.py
[2022-05-23 16:13:01,157] {processor.py:161} INFO - Processing /Users/mohammadrezakhorasanchian/.pyenv/versions/3.10.4/lib/python3.10/site-packages/airflow/example_dags/plugins/workday.py took 0.032 seconds
[2022-05-23 16:14:04,599] {processor.py:153} INFO - Started process (PID=36389) to work on /Users/mohammadrezakhorasanchian/.pyenv/versions/3.10.4/lib/python3.10/site-packages/airflow/example_dags/plugins/workday.py
[2022-05-23 16:14:04,599] {processor.py:641} INFO - Processing file /Users/mohammadrezakhorasanchian/.pyenv/versions/3.10.4/lib/python3.10/site-packages/airflow/example_dags/plugins/workday.py for tasks to queue
[2022-05-23 16:14:04,599] {logging_mixin.py:115} INFO - [2022-05-23 16:14:04,599] {dagbag.py:507} INFO - Filling up the DagBag from /Users/mohammadrezakhorasanchian/.pyenv/versions/3.10.4/lib/python3.10/site-packages/airflow/example_dags/plugins/workday.py
[2022-05-23 16:14:04,600] {processor.py:653} WARNING - No viable dags retrieved from /Users/mohammadrezakhorasanchian/.pyenv/versions/3.10.4/lib/python3.10/site-packages/airflow/example_dags/plugins/workday.py
[2022-05-23 16:14:04,626] {processor.py:161} INFO - Processing /Users/mohammadrezakhorasanchian/.pyenv/versions/3.10.4/lib/python3.10/site-packages/airflow/example_dags/plugins/workday.py took 0.028 seconds
[2022-05-23 16:15:07,301] {processor.py:153} INFO - Started process (PID=36464) to work on /Users/mohammadrezakhorasanchian/.pyenv/versions/3.10.4/lib/python3.10/site-packages/airflow/example_dags/plugins/workday.py
[2022-05-23 16:15:07,301] {processor.py:641} INFO - Processing file /Users/mohammadrezakhorasanchian/.pyenv/versions/3.10.4/lib/python3.10/site-packages/airflow/example_dags/plugins/workday.py for tasks to queue
[2022-05-23 16:15:07,301] {logging_mixin.py:115} INFO - [2022-05-23 16:15:07,301] {dagbag.py:507} INFO - Filling up the DagBag from /Users/mohammadrezakhorasanchian/.pyenv/versions/3.10.4/lib/python3.10/site-packages/airflow/example_dags/plugins/workday.py
[2022-05-23 16:15:07,302] {processor.py:653} WARNING - No viable dags retrieved from /Users/mohammadrezakhorasanchian/.pyenv/versions/3.10.4/lib/python3.10/site-packages/airflow/example_dags/plugins/workday.py
[2022-05-23 16:15:07,329] {processor.py:161} INFO - Processing /Users/mohammadrezakhorasanchian/.pyenv/versions/3.10.4/lib/python3.10/site-packages/airflow/example_dags/plugins/workday.py took 0.028 seconds
[2022-05-23 16:16:09,352] {processor.py:153} INFO - Started process (PID=36564) to work on /Users/mohammadrezakhorasanchian/.pyenv/versions/3.10.4/lib/python3.10/site-packages/airflow/example_dags/plugins/workday.py
[2022-05-23 16:16:09,352] {processor.py:641} INFO - Processing file /Users/mohammadrezakhorasanchian/.pyenv/versions/3.10.4/lib/python3.10/site-packages/airflow/example_dags/plugins/workday.py for tasks to queue
[2022-05-23 16:16:09,352] {logging_mixin.py:115} INFO - [2022-05-23 16:16:09,352] {dagbag.py:507} INFO - Filling up the DagBag from /Users/mohammadrezakhorasanchian/.pyenv/versions/3.10.4/lib/python3.10/site-packages/airflow/example_dags/plugins/workday.py
[2022-05-23 16:16:09,353] {processor.py:653} WARNING - No viable dags retrieved from /Users/mohammadrezakhorasanchian/.pyenv/versions/3.10.4/lib/python3.10/site-packages/airflow/example_dags/plugins/workday.py
[2022-05-23 16:16:09,380] {processor.py:161} INFO - Processing /Users/mohammadrezakhorasanchian/.pyenv/versions/3.10.4/lib/python3.10/site-packages/airflow/example_dags/plugins/workday.py took 0.028 seconds
[2022-05-23 16:17:10,847] {processor.py:153} INFO - Started process (PID=36659) to work on /Users/mohammadrezakhorasanchian/.pyenv/versions/3.10.4/lib/python3.10/site-packages/airflow/example_dags/plugins/workday.py
[2022-05-23 16:17:10,848] {processor.py:641} INFO - Processing file /Users/mohammadrezakhorasanchian/.pyenv/versions/3.10.4/lib/python3.10/site-packages/airflow/example_dags/plugins/workday.py for tasks to queue
[2022-05-23 16:17:10,848] {logging_mixin.py:115} INFO - [2022-05-23 16:17:10,848] {dagbag.py:507} INFO - Filling up the DagBag from /Users/mohammadrezakhorasanchian/.pyenv/versions/3.10.4/lib/python3.10/site-packages/airflow/example_dags/plugins/workday.py
[2022-05-23 16:17:10,848] {processor.py:653} WARNING - No viable dags retrieved from /Users/mohammadrezakhorasanchian/.pyenv/versions/3.10.4/lib/python3.10/site-packages/airflow/example_dags/plugins/workday.py
[2022-05-23 16:17:10,876] {processor.py:161} INFO - Processing /Users/mohammadrezakhorasanchian/.pyenv/versions/3.10.4/lib/python3.10/site-packages/airflow/example_dags/plugins/workday.py took 0.029 seconds
[2022-05-23 16:18:10,260] {processor.py:153} INFO - Started process (PID=36721) to work on /Users/mohammadrezakhorasanchian/.pyenv/versions/3.10.4/lib/python3.10/site-packages/airflow/example_dags/plugins/workday.py
[2022-05-23 16:18:10,260] {processor.py:641} INFO - Processing file /Users/mohammadrezakhorasanchian/.pyenv/versions/3.10.4/lib/python3.10/site-packages/airflow/example_dags/plugins/workday.py for tasks to queue
[2022-05-23 16:18:10,260] {logging_mixin.py:115} INFO - [2022-05-23 16:18:10,260] {dagbag.py:507} INFO - Filling up the DagBag from /Users/mohammadrezakhorasanchian/.pyenv/versions/3.10.4/lib/python3.10/site-packages/airflow/example_dags/plugins/workday.py
[2022-05-23 16:18:10,261] {processor.py:653} WARNING - No viable dags retrieved from /Users/mohammadrezakhorasanchian/.pyenv/versions/3.10.4/lib/python3.10/site-packages/airflow/example_dags/plugins/workday.py
[2022-05-23 16:18:10,287] {processor.py:161} INFO - Processing /Users/mohammadrezakhorasanchian/.pyenv/versions/3.10.4/lib/python3.10/site-packages/airflow/example_dags/plugins/workday.py took 0.028 seconds
[2022-05-23 16:19:14,547] {processor.py:153} INFO - Started process (PID=36808) to work on /Users/mohammadrezakhorasanchian/.pyenv/versions/3.10.4/lib/python3.10/site-packages/airflow/example_dags/plugins/workday.py
[2022-05-23 16:19:14,547] {processor.py:641} INFO - Processing file /Users/mohammadrezakhorasanchian/.pyenv/versions/3.10.4/lib/python3.10/site-packages/airflow/example_dags/plugins/workday.py for tasks to queue
[2022-05-23 16:19:14,547] {logging_mixin.py:115} INFO - [2022-05-23 16:19:14,547] {dagbag.py:507} INFO - Filling up the DagBag from /Users/mohammadrezakhorasanchian/.pyenv/versions/3.10.4/lib/python3.10/site-packages/airflow/example_dags/plugins/workday.py
[2022-05-23 16:19:14,548] {processor.py:653} WARNING - No viable dags retrieved from /Users/mohammadrezakhorasanchian/.pyenv/versions/3.10.4/lib/python3.10/site-packages/airflow/example_dags/plugins/workday.py
[2022-05-23 16:19:14,575] {processor.py:161} INFO - Processing /Users/mohammadrezakhorasanchian/.pyenv/versions/3.10.4/lib/python3.10/site-packages/airflow/example_dags/plugins/workday.py took 0.028 seconds
[2022-05-23 16:50:16,404] {processor.py:153} INFO - Started process (PID=36837) to work on /Users/mohammadrezakhorasanchian/.pyenv/versions/3.10.4/lib/python3.10/site-packages/airflow/example_dags/plugins/workday.py
[2022-05-23 16:50:16,405] {processor.py:641} INFO - Processing file /Users/mohammadrezakhorasanchian/.pyenv/versions/3.10.4/lib/python3.10/site-packages/airflow/example_dags/plugins/workday.py for tasks to queue
[2022-05-23 16:50:16,406] {logging_mixin.py:115} INFO - [2022-05-23 16:50:16,406] {dagbag.py:507} INFO - Filling up the DagBag from /Users/mohammadrezakhorasanchian/.pyenv/versions/3.10.4/lib/python3.10/site-packages/airflow/example_dags/plugins/workday.py
[2022-05-23 16:50:16,409] {processor.py:653} WARNING - No viable dags retrieved from /Users/mohammadrezakhorasanchian/.pyenv/versions/3.10.4/lib/python3.10/site-packages/airflow/example_dags/plugins/workday.py
[2022-05-23 16:50:16,545] {processor.py:161} INFO - Processing /Users/mohammadrezakhorasanchian/.pyenv/versions/3.10.4/lib/python3.10/site-packages/airflow/example_dags/plugins/workday.py took 0.143 seconds
[2022-05-23 16:51:50,692] {processor.py:153} INFO - Started process (PID=36863) to work on /Users/mohammadrezakhorasanchian/.pyenv/versions/3.10.4/lib/python3.10/site-packages/airflow/example_dags/plugins/workday.py
[2022-05-23 16:51:50,692] {processor.py:641} INFO - Processing file /Users/mohammadrezakhorasanchian/.pyenv/versions/3.10.4/lib/python3.10/site-packages/airflow/example_dags/plugins/workday.py for tasks to queue
[2022-05-23 16:51:50,693] {logging_mixin.py:115} INFO - [2022-05-23 16:51:50,692] {dagbag.py:507} INFO - Filling up the DagBag from /Users/mohammadrezakhorasanchian/.pyenv/versions/3.10.4/lib/python3.10/site-packages/airflow/example_dags/plugins/workday.py
[2022-05-23 16:51:50,694] {processor.py:653} WARNING - No viable dags retrieved from /Users/mohammadrezakhorasanchian/.pyenv/versions/3.10.4/lib/python3.10/site-packages/airflow/example_dags/plugins/workday.py
[2022-05-23 16:51:50,764] {processor.py:161} INFO - Processing /Users/mohammadrezakhorasanchian/.pyenv/versions/3.10.4/lib/python3.10/site-packages/airflow/example_dags/plugins/workday.py took 0.074 seconds
[2022-05-23 16:55:41,133] {processor.py:153} INFO - Started process (PID=36934) to work on /Users/mohammadrezakhorasanchian/.pyenv/versions/3.10.4/lib/python3.10/site-packages/airflow/example_dags/plugins/workday.py
[2022-05-23 16:55:41,133] {processor.py:641} INFO - Processing file /Users/mohammadrezakhorasanchian/.pyenv/versions/3.10.4/lib/python3.10/site-packages/airflow/example_dags/plugins/workday.py for tasks to queue
[2022-05-23 16:55:41,133] {logging_mixin.py:115} INFO - [2022-05-23 16:55:41,133] {dagbag.py:507} INFO - Filling up the DagBag from /Users/mohammadrezakhorasanchian/.pyenv/versions/3.10.4/lib/python3.10/site-packages/airflow/example_dags/plugins/workday.py
[2022-05-23 16:55:41,134] {processor.py:653} WARNING - No viable dags retrieved from /Users/mohammadrezakhorasanchian/.pyenv/versions/3.10.4/lib/python3.10/site-packages/airflow/example_dags/plugins/workday.py
[2022-05-23 16:55:41,161] {processor.py:161} INFO - Processing /Users/mohammadrezakhorasanchian/.pyenv/versions/3.10.4/lib/python3.10/site-packages/airflow/example_dags/plugins/workday.py took 0.028 seconds
[2022-05-23 16:56:41,776] {processor.py:153} INFO - Started process (PID=37050) to work on /Users/mohammadrezakhorasanchian/.pyenv/versions/3.10.4/lib/python3.10/site-packages/airflow/example_dags/plugins/workday.py
[2022-05-23 16:56:41,776] {processor.py:641} INFO - Processing file /Users/mohammadrezakhorasanchian/.pyenv/versions/3.10.4/lib/python3.10/site-packages/airflow/example_dags/plugins/workday.py for tasks to queue
[2022-05-23 16:56:41,776] {logging_mixin.py:115} INFO - [2022-05-23 16:56:41,776] {dagbag.py:507} INFO - Filling up the DagBag from /Users/mohammadrezakhorasanchian/.pyenv/versions/3.10.4/lib/python3.10/site-packages/airflow/example_dags/plugins/workday.py
[2022-05-23 16:56:41,776] {processor.py:653} WARNING - No viable dags retrieved from /Users/mohammadrezakhorasanchian/.pyenv/versions/3.10.4/lib/python3.10/site-packages/airflow/example_dags/plugins/workday.py
[2022-05-23 16:56:41,803] {processor.py:161} INFO - Processing /Users/mohammadrezakhorasanchian/.pyenv/versions/3.10.4/lib/python3.10/site-packages/airflow/example_dags/plugins/workday.py took 0.027 seconds
[2022-05-23 16:57:41,489] {processor.py:153} INFO - Started process (PID=37108) to work on /Users/mohammadrezakhorasanchian/.pyenv/versions/3.10.4/lib/python3.10/site-packages/airflow/example_dags/plugins/workday.py
[2022-05-23 16:57:41,489] {processor.py:641} INFO - Processing file /Users/mohammadrezakhorasanchian/.pyenv/versions/3.10.4/lib/python3.10/site-packages/airflow/example_dags/plugins/workday.py for tasks to queue
[2022-05-23 16:57:41,489] {logging_mixin.py:115} INFO - [2022-05-23 16:57:41,489] {dagbag.py:507} INFO - Filling up the DagBag from /Users/mohammadrezakhorasanchian/.pyenv/versions/3.10.4/lib/python3.10/site-packages/airflow/example_dags/plugins/workday.py
[2022-05-23 16:57:41,490] {processor.py:653} WARNING - No viable dags retrieved from /Users/mohammadrezakhorasanchian/.pyenv/versions/3.10.4/lib/python3.10/site-packages/airflow/example_dags/plugins/workday.py
[2022-05-23 16:57:41,517] {processor.py:161} INFO - Processing /Users/mohammadrezakhorasanchian/.pyenv/versions/3.10.4/lib/python3.10/site-packages/airflow/example_dags/plugins/workday.py took 0.028 seconds
[2022-05-23 16:58:41,552] {processor.py:153} INFO - Started process (PID=37146) to work on /Users/mohammadrezakhorasanchian/.pyenv/versions/3.10.4/lib/python3.10/site-packages/airflow/example_dags/plugins/workday.py
[2022-05-23 16:58:41,552] {processor.py:641} INFO - Processing file /Users/mohammadrezakhorasanchian/.pyenv/versions/3.10.4/lib/python3.10/site-packages/airflow/example_dags/plugins/workday.py for tasks to queue
[2022-05-23 16:58:41,553] {logging_mixin.py:115} INFO - [2022-05-23 16:58:41,553] {dagbag.py:507} INFO - Filling up the DagBag from /Users/mohammadrezakhorasanchian/.pyenv/versions/3.10.4/lib/python3.10/site-packages/airflow/example_dags/plugins/workday.py
[2022-05-23 16:58:41,553] {processor.py:653} WARNING - No viable dags retrieved from /Users/mohammadrezakhorasanchian/.pyenv/versions/3.10.4/lib/python3.10/site-packages/airflow/example_dags/plugins/workday.py
[2022-05-23 16:58:41,580] {processor.py:161} INFO - Processing /Users/mohammadrezakhorasanchian/.pyenv/versions/3.10.4/lib/python3.10/site-packages/airflow/example_dags/plugins/workday.py took 0.029 seconds
[2022-05-23 16:59:37,561] {processor.py:153} INFO - Started process (PID=37182) to work on /Users/mohammadrezakhorasanchian/.pyenv/versions/3.10.4/lib/python3.10/site-packages/airflow/example_dags/plugins/workday.py
[2022-05-23 16:59:37,561] {processor.py:641} INFO - Processing file /Users/mohammadrezakhorasanchian/.pyenv/versions/3.10.4/lib/python3.10/site-packages/airflow/example_dags/plugins/workday.py for tasks to queue
[2022-05-23 16:59:37,561] {logging_mixin.py:115} INFO - [2022-05-23 16:59:37,561] {dagbag.py:507} INFO - Filling up the DagBag from /Users/mohammadrezakhorasanchian/.pyenv/versions/3.10.4/lib/python3.10/site-packages/airflow/example_dags/plugins/workday.py
[2022-05-23 16:59:37,562] {processor.py:653} WARNING - No viable dags retrieved from /Users/mohammadrezakhorasanchian/.pyenv/versions/3.10.4/lib/python3.10/site-packages/airflow/example_dags/plugins/workday.py
[2022-05-23 16:59:37,588] {processor.py:161} INFO - Processing /Users/mohammadrezakhorasanchian/.pyenv/versions/3.10.4/lib/python3.10/site-packages/airflow/example_dags/plugins/workday.py took 0.028 seconds
[2022-05-23 17:00:35,076] {processor.py:153} INFO - Started process (PID=37259) to work on /Users/mohammadrezakhorasanchian/.pyenv/versions/3.10.4/lib/python3.10/site-packages/airflow/example_dags/plugins/workday.py
[2022-05-23 17:00:35,076] {processor.py:641} INFO - Processing file /Users/mohammadrezakhorasanchian/.pyenv/versions/3.10.4/lib/python3.10/site-packages/airflow/example_dags/plugins/workday.py for tasks to queue
[2022-05-23 17:00:35,076] {logging_mixin.py:115} INFO - [2022-05-23 17:00:35,076] {dagbag.py:507} INFO - Filling up the DagBag from /Users/mohammadrezakhorasanchian/.pyenv/versions/3.10.4/lib/python3.10/site-packages/airflow/example_dags/plugins/workday.py
[2022-05-23 17:00:35,077] {processor.py:653} WARNING - No viable dags retrieved from /Users/mohammadrezakhorasanchian/.pyenv/versions/3.10.4/lib/python3.10/site-packages/airflow/example_dags/plugins/workday.py
[2022-05-23 17:00:35,103] {processor.py:161} INFO - Processing /Users/mohammadrezakhorasanchian/.pyenv/versions/3.10.4/lib/python3.10/site-packages/airflow/example_dags/plugins/workday.py took 0.028 seconds
[2022-05-23 17:01:34,300] {processor.py:153} INFO - Started process (PID=37377) to work on /Users/mohammadrezakhorasanchian/.pyenv/versions/3.10.4/lib/python3.10/site-packages/airflow/example_dags/plugins/workday.py
[2022-05-23 17:01:34,301] {processor.py:641} INFO - Processing file /Users/mohammadrezakhorasanchian/.pyenv/versions/3.10.4/lib/python3.10/site-packages/airflow/example_dags/plugins/workday.py for tasks to queue
[2022-05-23 17:01:34,301] {logging_mixin.py:115} INFO - [2022-05-23 17:01:34,301] {dagbag.py:507} INFO - Filling up the DagBag from /Users/mohammadrezakhorasanchian/.pyenv/versions/3.10.4/lib/python3.10/site-packages/airflow/example_dags/plugins/workday.py
[2022-05-23 17:01:34,301] {processor.py:653} WARNING - No viable dags retrieved from /Users/mohammadrezakhorasanchian/.pyenv/versions/3.10.4/lib/python3.10/site-packages/airflow/example_dags/plugins/workday.py
[2022-05-23 17:01:34,329] {processor.py:161} INFO - Processing /Users/mohammadrezakhorasanchian/.pyenv/versions/3.10.4/lib/python3.10/site-packages/airflow/example_dags/plugins/workday.py took 0.029 seconds
[2022-05-23 17:02:31,194] {processor.py:153} INFO - Started process (PID=37482) to work on /Users/mohammadrezakhorasanchian/.pyenv/versions/3.10.4/lib/python3.10/site-packages/airflow/example_dags/plugins/workday.py
[2022-05-23 17:02:31,194] {processor.py:641} INFO - Processing file /Users/mohammadrezakhorasanchian/.pyenv/versions/3.10.4/lib/python3.10/site-packages/airflow/example_dags/plugins/workday.py for tasks to queue
[2022-05-23 17:02:31,195] {logging_mixin.py:115} INFO - [2022-05-23 17:02:31,194] {dagbag.py:507} INFO - Filling up the DagBag from /Users/mohammadrezakhorasanchian/.pyenv/versions/3.10.4/lib/python3.10/site-packages/airflow/example_dags/plugins/workday.py
[2022-05-23 17:02:31,195] {processor.py:653} WARNING - No viable dags retrieved from /Users/mohammadrezakhorasanchian/.pyenv/versions/3.10.4/lib/python3.10/site-packages/airflow/example_dags/plugins/workday.py
[2022-05-23 17:02:31,223] {processor.py:161} INFO - Processing /Users/mohammadrezakhorasanchian/.pyenv/versions/3.10.4/lib/python3.10/site-packages/airflow/example_dags/plugins/workday.py took 0.029 seconds
[2022-05-23 17:03:29,616] {processor.py:153} INFO - Started process (PID=37590) to work on /Users/mohammadrezakhorasanchian/.pyenv/versions/3.10.4/lib/python3.10/site-packages/airflow/example_dags/plugins/workday.py
[2022-05-23 17:03:29,616] {processor.py:641} INFO - Processing file /Users/mohammadrezakhorasanchian/.pyenv/versions/3.10.4/lib/python3.10/site-packages/airflow/example_dags/plugins/workday.py for tasks to queue
[2022-05-23 17:03:29,617] {logging_mixin.py:115} INFO - [2022-05-23 17:03:29,617] {dagbag.py:507} INFO - Filling up the DagBag from /Users/mohammadrezakhorasanchian/.pyenv/versions/3.10.4/lib/python3.10/site-packages/airflow/example_dags/plugins/workday.py
[2022-05-23 17:03:29,617] {processor.py:653} WARNING - No viable dags retrieved from /Users/mohammadrezakhorasanchian/.pyenv/versions/3.10.4/lib/python3.10/site-packages/airflow/example_dags/plugins/workday.py
[2022-05-23 17:03:29,652] {processor.py:161} INFO - Processing /Users/mohammadrezakhorasanchian/.pyenv/versions/3.10.4/lib/python3.10/site-packages/airflow/example_dags/plugins/workday.py took 0.036 seconds
[2022-05-23 17:04:30,518] {processor.py:153} INFO - Started process (PID=37700) to work on /Users/mohammadrezakhorasanchian/.pyenv/versions/3.10.4/lib/python3.10/site-packages/airflow/example_dags/plugins/workday.py
[2022-05-23 17:04:30,518] {processor.py:641} INFO - Processing file /Users/mohammadrezakhorasanchian/.pyenv/versions/3.10.4/lib/python3.10/site-packages/airflow/example_dags/plugins/workday.py for tasks to queue
[2022-05-23 17:04:30,519] {logging_mixin.py:115} INFO - [2022-05-23 17:04:30,519] {dagbag.py:507} INFO - Filling up the DagBag from /Users/mohammadrezakhorasanchian/.pyenv/versions/3.10.4/lib/python3.10/site-packages/airflow/example_dags/plugins/workday.py
[2022-05-23 17:04:30,519] {processor.py:653} WARNING - No viable dags retrieved from /Users/mohammadrezakhorasanchian/.pyenv/versions/3.10.4/lib/python3.10/site-packages/airflow/example_dags/plugins/workday.py
[2022-05-23 17:04:30,547] {processor.py:161} INFO - Processing /Users/mohammadrezakhorasanchian/.pyenv/versions/3.10.4/lib/python3.10/site-packages/airflow/example_dags/plugins/workday.py took 0.029 seconds
[2022-05-23 17:05:31,821] {processor.py:153} INFO - Started process (PID=37814) to work on /Users/mohammadrezakhorasanchian/.pyenv/versions/3.10.4/lib/python3.10/site-packages/airflow/example_dags/plugins/workday.py
[2022-05-23 17:05:31,821] {processor.py:641} INFO - Processing file /Users/mohammadrezakhorasanchian/.pyenv/versions/3.10.4/lib/python3.10/site-packages/airflow/example_dags/plugins/workday.py for tasks to queue
[2022-05-23 17:05:31,821] {logging_mixin.py:115} INFO - [2022-05-23 17:05:31,821] {dagbag.py:507} INFO - Filling up the DagBag from /Users/mohammadrezakhorasanchian/.pyenv/versions/3.10.4/lib/python3.10/site-packages/airflow/example_dags/plugins/workday.py
[2022-05-23 17:05:31,822] {processor.py:653} WARNING - No viable dags retrieved from /Users/mohammadrezakhorasanchian/.pyenv/versions/3.10.4/lib/python3.10/site-packages/airflow/example_dags/plugins/workday.py
[2022-05-23 17:05:31,850] {processor.py:161} INFO - Processing /Users/mohammadrezakhorasanchian/.pyenv/versions/3.10.4/lib/python3.10/site-packages/airflow/example_dags/plugins/workday.py took 0.029 seconds
[2022-05-23 17:06:30,365] {processor.py:153} INFO - Started process (PID=37918) to work on /Users/mohammadrezakhorasanchian/.pyenv/versions/3.10.4/lib/python3.10/site-packages/airflow/example_dags/plugins/workday.py
[2022-05-23 17:06:30,365] {processor.py:641} INFO - Processing file /Users/mohammadrezakhorasanchian/.pyenv/versions/3.10.4/lib/python3.10/site-packages/airflow/example_dags/plugins/workday.py for tasks to queue
[2022-05-23 17:06:30,365] {logging_mixin.py:115} INFO - [2022-05-23 17:06:30,365] {dagbag.py:507} INFO - Filling up the DagBag from /Users/mohammadrezakhorasanchian/.pyenv/versions/3.10.4/lib/python3.10/site-packages/airflow/example_dags/plugins/workday.py
[2022-05-23 17:06:30,366] {processor.py:653} WARNING - No viable dags retrieved from /Users/mohammadrezakhorasanchian/.pyenv/versions/3.10.4/lib/python3.10/site-packages/airflow/example_dags/plugins/workday.py
[2022-05-23 17:06:30,392] {processor.py:161} INFO - Processing /Users/mohammadrezakhorasanchian/.pyenv/versions/3.10.4/lib/python3.10/site-packages/airflow/example_dags/plugins/workday.py took 0.027 seconds
[2022-05-23 17:07:33,067] {processor.py:153} INFO - Started process (PID=38033) to work on /Users/mohammadrezakhorasanchian/.pyenv/versions/3.10.4/lib/python3.10/site-packages/airflow/example_dags/plugins/workday.py
[2022-05-23 17:07:33,067] {processor.py:641} INFO - Processing file /Users/mohammadrezakhorasanchian/.pyenv/versions/3.10.4/lib/python3.10/site-packages/airflow/example_dags/plugins/workday.py for tasks to queue
[2022-05-23 17:07:33,067] {logging_mixin.py:115} INFO - [2022-05-23 17:07:33,067] {dagbag.py:507} INFO - Filling up the DagBag from /Users/mohammadrezakhorasanchian/.pyenv/versions/3.10.4/lib/python3.10/site-packages/airflow/example_dags/plugins/workday.py
[2022-05-23 17:07:33,068] {processor.py:653} WARNING - No viable dags retrieved from /Users/mohammadrezakhorasanchian/.pyenv/versions/3.10.4/lib/python3.10/site-packages/airflow/example_dags/plugins/workday.py
[2022-05-23 17:07:33,106] {processor.py:161} INFO - Processing /Users/mohammadrezakhorasanchian/.pyenv/versions/3.10.4/lib/python3.10/site-packages/airflow/example_dags/plugins/workday.py took 0.040 seconds
[2022-05-23 17:08:36,757] {processor.py:153} INFO - Started process (PID=38146) to work on /Users/mohammadrezakhorasanchian/.pyenv/versions/3.10.4/lib/python3.10/site-packages/airflow/example_dags/plugins/workday.py
[2022-05-23 17:08:36,757] {processor.py:641} INFO - Processing file /Users/mohammadrezakhorasanchian/.pyenv/versions/3.10.4/lib/python3.10/site-packages/airflow/example_dags/plugins/workday.py for tasks to queue
[2022-05-23 17:08:36,757] {logging_mixin.py:115} INFO - [2022-05-23 17:08:36,757] {dagbag.py:507} INFO - Filling up the DagBag from /Users/mohammadrezakhorasanchian/.pyenv/versions/3.10.4/lib/python3.10/site-packages/airflow/example_dags/plugins/workday.py
[2022-05-23 17:08:36,758] {processor.py:653} WARNING - No viable dags retrieved from /Users/mohammadrezakhorasanchian/.pyenv/versions/3.10.4/lib/python3.10/site-packages/airflow/example_dags/plugins/workday.py
[2022-05-23 17:08:36,785] {processor.py:161} INFO - Processing /Users/mohammadrezakhorasanchian/.pyenv/versions/3.10.4/lib/python3.10/site-packages/airflow/example_dags/plugins/workday.py took 0.029 seconds
[2022-05-23 17:09:39,964] {processor.py:153} INFO - Started process (PID=38264) to work on /Users/mohammadrezakhorasanchian/.pyenv/versions/3.10.4/lib/python3.10/site-packages/airflow/example_dags/plugins/workday.py
[2022-05-23 17:09:39,964] {processor.py:641} INFO - Processing file /Users/mohammadrezakhorasanchian/.pyenv/versions/3.10.4/lib/python3.10/site-packages/airflow/example_dags/plugins/workday.py for tasks to queue
[2022-05-23 17:09:39,964] {logging_mixin.py:115} INFO - [2022-05-23 17:09:39,964] {dagbag.py:507} INFO - Filling up the DagBag from /Users/mohammadrezakhorasanchian/.pyenv/versions/3.10.4/lib/python3.10/site-packages/airflow/example_dags/plugins/workday.py
[2022-05-23 17:09:39,965] {processor.py:653} WARNING - No viable dags retrieved from /Users/mohammadrezakhorasanchian/.pyenv/versions/3.10.4/lib/python3.10/site-packages/airflow/example_dags/plugins/workday.py
[2022-05-23 17:09:39,992] {processor.py:161} INFO - Processing /Users/mohammadrezakhorasanchian/.pyenv/versions/3.10.4/lib/python3.10/site-packages/airflow/example_dags/plugins/workday.py took 0.028 seconds
[2022-05-23 17:10:42,923] {processor.py:153} INFO - Started process (PID=38372) to work on /Users/mohammadrezakhorasanchian/.pyenv/versions/3.10.4/lib/python3.10/site-packages/airflow/example_dags/plugins/workday.py
[2022-05-23 17:10:42,923] {processor.py:641} INFO - Processing file /Users/mohammadrezakhorasanchian/.pyenv/versions/3.10.4/lib/python3.10/site-packages/airflow/example_dags/plugins/workday.py for tasks to queue
[2022-05-23 17:10:42,923] {logging_mixin.py:115} INFO - [2022-05-23 17:10:42,923] {dagbag.py:507} INFO - Filling up the DagBag from /Users/mohammadrezakhorasanchian/.pyenv/versions/3.10.4/lib/python3.10/site-packages/airflow/example_dags/plugins/workday.py
[2022-05-23 17:10:42,924] {processor.py:653} WARNING - No viable dags retrieved from /Users/mohammadrezakhorasanchian/.pyenv/versions/3.10.4/lib/python3.10/site-packages/airflow/example_dags/plugins/workday.py
[2022-05-23 17:10:42,953] {processor.py:161} INFO - Processing /Users/mohammadrezakhorasanchian/.pyenv/versions/3.10.4/lib/python3.10/site-packages/airflow/example_dags/plugins/workday.py took 0.030 seconds
[2022-05-23 17:11:41,785] {processor.py:153} INFO - Started process (PID=38477) to work on /Users/mohammadrezakhorasanchian/.pyenv/versions/3.10.4/lib/python3.10/site-packages/airflow/example_dags/plugins/workday.py
[2022-05-23 17:11:41,785] {processor.py:641} INFO - Processing file /Users/mohammadrezakhorasanchian/.pyenv/versions/3.10.4/lib/python3.10/site-packages/airflow/example_dags/plugins/workday.py for tasks to queue
[2022-05-23 17:11:41,785] {logging_mixin.py:115} INFO - [2022-05-23 17:11:41,785] {dagbag.py:507} INFO - Filling up the DagBag from /Users/mohammadrezakhorasanchian/.pyenv/versions/3.10.4/lib/python3.10/site-packages/airflow/example_dags/plugins/workday.py
[2022-05-23 17:11:41,785] {processor.py:653} WARNING - No viable dags retrieved from /Users/mohammadrezakhorasanchian/.pyenv/versions/3.10.4/lib/python3.10/site-packages/airflow/example_dags/plugins/workday.py
[2022-05-23 17:11:41,812] {processor.py:161} INFO - Processing /Users/mohammadrezakhorasanchian/.pyenv/versions/3.10.4/lib/python3.10/site-packages/airflow/example_dags/plugins/workday.py took 0.028 seconds
[2022-05-23 17:12:42,256] {processor.py:153} INFO - Started process (PID=38553) to work on /Users/mohammadrezakhorasanchian/.pyenv/versions/3.10.4/lib/python3.10/site-packages/airflow/example_dags/plugins/workday.py
[2022-05-23 17:12:42,257] {processor.py:641} INFO - Processing file /Users/mohammadrezakhorasanchian/.pyenv/versions/3.10.4/lib/python3.10/site-packages/airflow/example_dags/plugins/workday.py for tasks to queue
[2022-05-23 17:12:42,257] {logging_mixin.py:115} INFO - [2022-05-23 17:12:42,257] {dagbag.py:507} INFO - Filling up the DagBag from /Users/mohammadrezakhorasanchian/.pyenv/versions/3.10.4/lib/python3.10/site-packages/airflow/example_dags/plugins/workday.py
[2022-05-23 17:12:42,257] {processor.py:653} WARNING - No viable dags retrieved from /Users/mohammadrezakhorasanchian/.pyenv/versions/3.10.4/lib/python3.10/site-packages/airflow/example_dags/plugins/workday.py
[2022-05-23 17:12:42,284] {processor.py:161} INFO - Processing /Users/mohammadrezakhorasanchian/.pyenv/versions/3.10.4/lib/python3.10/site-packages/airflow/example_dags/plugins/workday.py took 0.028 seconds
[2022-05-23 17:13:41,701] {processor.py:153} INFO - Started process (PID=38628) to work on /Users/mohammadrezakhorasanchian/.pyenv/versions/3.10.4/lib/python3.10/site-packages/airflow/example_dags/plugins/workday.py
[2022-05-23 17:13:41,701] {processor.py:641} INFO - Processing file /Users/mohammadrezakhorasanchian/.pyenv/versions/3.10.4/lib/python3.10/site-packages/airflow/example_dags/plugins/workday.py for tasks to queue
[2022-05-23 17:13:41,702] {logging_mixin.py:115} INFO - [2022-05-23 17:13:41,701] {dagbag.py:507} INFO - Filling up the DagBag from /Users/mohammadrezakhorasanchian/.pyenv/versions/3.10.4/lib/python3.10/site-packages/airflow/example_dags/plugins/workday.py
[2022-05-23 17:13:41,702] {processor.py:653} WARNING - No viable dags retrieved from /Users/mohammadrezakhorasanchian/.pyenv/versions/3.10.4/lib/python3.10/site-packages/airflow/example_dags/plugins/workday.py
[2022-05-23 17:13:41,739] {processor.py:161} INFO - Processing /Users/mohammadrezakhorasanchian/.pyenv/versions/3.10.4/lib/python3.10/site-packages/airflow/example_dags/plugins/workday.py took 0.039 seconds
[2022-05-23 17:14:41,562] {processor.py:153} INFO - Started process (PID=38740) to work on /Users/mohammadrezakhorasanchian/.pyenv/versions/3.10.4/lib/python3.10/site-packages/airflow/example_dags/plugins/workday.py
[2022-05-23 17:14:41,562] {processor.py:641} INFO - Processing file /Users/mohammadrezakhorasanchian/.pyenv/versions/3.10.4/lib/python3.10/site-packages/airflow/example_dags/plugins/workday.py for tasks to queue
[2022-05-23 17:14:41,562] {logging_mixin.py:115} INFO - [2022-05-23 17:14:41,562] {dagbag.py:507} INFO - Filling up the DagBag from /Users/mohammadrezakhorasanchian/.pyenv/versions/3.10.4/lib/python3.10/site-packages/airflow/example_dags/plugins/workday.py
[2022-05-23 17:14:41,563] {processor.py:653} WARNING - No viable dags retrieved from /Users/mohammadrezakhorasanchian/.pyenv/versions/3.10.4/lib/python3.10/site-packages/airflow/example_dags/plugins/workday.py
[2022-05-23 17:14:41,590] {processor.py:161} INFO - Processing /Users/mohammadrezakhorasanchian/.pyenv/versions/3.10.4/lib/python3.10/site-packages/airflow/example_dags/plugins/workday.py took 0.029 seconds
[2022-05-23 17:15:40,755] {processor.py:153} INFO - Started process (PID=38795) to work on /Users/mohammadrezakhorasanchian/.pyenv/versions/3.10.4/lib/python3.10/site-packages/airflow/example_dags/plugins/workday.py
[2022-05-23 17:15:40,755] {processor.py:641} INFO - Processing file /Users/mohammadrezakhorasanchian/.pyenv/versions/3.10.4/lib/python3.10/site-packages/airflow/example_dags/plugins/workday.py for tasks to queue
[2022-05-23 17:15:40,756] {logging_mixin.py:115} INFO - [2022-05-23 17:15:40,756] {dagbag.py:507} INFO - Filling up the DagBag from /Users/mohammadrezakhorasanchian/.pyenv/versions/3.10.4/lib/python3.10/site-packages/airflow/example_dags/plugins/workday.py
[2022-05-23 17:15:40,756] {processor.py:653} WARNING - No viable dags retrieved from /Users/mohammadrezakhorasanchian/.pyenv/versions/3.10.4/lib/python3.10/site-packages/airflow/example_dags/plugins/workday.py
[2022-05-23 17:15:40,783] {processor.py:161} INFO - Processing /Users/mohammadrezakhorasanchian/.pyenv/versions/3.10.4/lib/python3.10/site-packages/airflow/example_dags/plugins/workday.py took 0.029 seconds
[2022-05-23 17:16:39,408] {processor.py:153} INFO - Started process (PID=38852) to work on /Users/mohammadrezakhorasanchian/.pyenv/versions/3.10.4/lib/python3.10/site-packages/airflow/example_dags/plugins/workday.py
[2022-05-23 17:16:39,408] {processor.py:641} INFO - Processing file /Users/mohammadrezakhorasanchian/.pyenv/versions/3.10.4/lib/python3.10/site-packages/airflow/example_dags/plugins/workday.py for tasks to queue
[2022-05-23 17:16:39,408] {logging_mixin.py:115} INFO - [2022-05-23 17:16:39,408] {dagbag.py:507} INFO - Filling up the DagBag from /Users/mohammadrezakhorasanchian/.pyenv/versions/3.10.4/lib/python3.10/site-packages/airflow/example_dags/plugins/workday.py
[2022-05-23 17:16:39,409] {processor.py:653} WARNING - No viable dags retrieved from /Users/mohammadrezakhorasanchian/.pyenv/versions/3.10.4/lib/python3.10/site-packages/airflow/example_dags/plugins/workday.py
[2022-05-23 17:16:39,436] {processor.py:161} INFO - Processing /Users/mohammadrezakhorasanchian/.pyenv/versions/3.10.4/lib/python3.10/site-packages/airflow/example_dags/plugins/workday.py took 0.029 seconds
[2022-05-23 17:17:41,145] {processor.py:153} INFO - Started process (PID=38888) to work on /Users/mohammadrezakhorasanchian/.pyenv/versions/3.10.4/lib/python3.10/site-packages/airflow/example_dags/plugins/workday.py
[2022-05-23 17:17:41,145] {processor.py:641} INFO - Processing file /Users/mohammadrezakhorasanchian/.pyenv/versions/3.10.4/lib/python3.10/site-packages/airflow/example_dags/plugins/workday.py for tasks to queue
[2022-05-23 17:17:41,146] {logging_mixin.py:115} INFO - [2022-05-23 17:17:41,146] {dagbag.py:507} INFO - Filling up the DagBag from /Users/mohammadrezakhorasanchian/.pyenv/versions/3.10.4/lib/python3.10/site-packages/airflow/example_dags/plugins/workday.py
[2022-05-23 17:17:41,146] {processor.py:653} WARNING - No viable dags retrieved from /Users/mohammadrezakhorasanchian/.pyenv/versions/3.10.4/lib/python3.10/site-packages/airflow/example_dags/plugins/workday.py
[2022-05-23 17:17:41,174] {processor.py:161} INFO - Processing /Users/mohammadrezakhorasanchian/.pyenv/versions/3.10.4/lib/python3.10/site-packages/airflow/example_dags/plugins/workday.py took 0.029 seconds
[2022-05-23 17:18:42,940] {processor.py:153} INFO - Started process (PID=38980) to work on /Users/mohammadrezakhorasanchian/.pyenv/versions/3.10.4/lib/python3.10/site-packages/airflow/example_dags/plugins/workday.py
[2022-05-23 17:18:42,940] {processor.py:641} INFO - Processing file /Users/mohammadrezakhorasanchian/.pyenv/versions/3.10.4/lib/python3.10/site-packages/airflow/example_dags/plugins/workday.py for tasks to queue
[2022-05-23 17:18:42,940] {logging_mixin.py:115} INFO - [2022-05-23 17:18:42,940] {dagbag.py:507} INFO - Filling up the DagBag from /Users/mohammadrezakhorasanchian/.pyenv/versions/3.10.4/lib/python3.10/site-packages/airflow/example_dags/plugins/workday.py
[2022-05-23 17:18:42,941] {processor.py:653} WARNING - No viable dags retrieved from /Users/mohammadrezakhorasanchian/.pyenv/versions/3.10.4/lib/python3.10/site-packages/airflow/example_dags/plugins/workday.py
[2022-05-23 17:18:42,972] {processor.py:161} INFO - Processing /Users/mohammadrezakhorasanchian/.pyenv/versions/3.10.4/lib/python3.10/site-packages/airflow/example_dags/plugins/workday.py took 0.032 seconds
[2022-05-23 17:19:46,447] {processor.py:153} INFO - Started process (PID=39078) to work on /Users/mohammadrezakhorasanchian/.pyenv/versions/3.10.4/lib/python3.10/site-packages/airflow/example_dags/plugins/workday.py
[2022-05-23 17:19:46,448] {processor.py:641} INFO - Processing file /Users/mohammadrezakhorasanchian/.pyenv/versions/3.10.4/lib/python3.10/site-packages/airflow/example_dags/plugins/workday.py for tasks to queue
[2022-05-23 17:19:46,448] {logging_mixin.py:115} INFO - [2022-05-23 17:19:46,448] {dagbag.py:507} INFO - Filling up the DagBag from /Users/mohammadrezakhorasanchian/.pyenv/versions/3.10.4/lib/python3.10/site-packages/airflow/example_dags/plugins/workday.py
[2022-05-23 17:19:46,448] {processor.py:653} WARNING - No viable dags retrieved from /Users/mohammadrezakhorasanchian/.pyenv/versions/3.10.4/lib/python3.10/site-packages/airflow/example_dags/plugins/workday.py
[2022-05-23 17:19:46,475] {processor.py:161} INFO - Processing /Users/mohammadrezakhorasanchian/.pyenv/versions/3.10.4/lib/python3.10/site-packages/airflow/example_dags/plugins/workday.py took 0.028 seconds
[2022-05-23 17:20:48,693] {processor.py:153} INFO - Started process (PID=39189) to work on /Users/mohammadrezakhorasanchian/.pyenv/versions/3.10.4/lib/python3.10/site-packages/airflow/example_dags/plugins/workday.py
[2022-05-23 17:20:48,693] {processor.py:641} INFO - Processing file /Users/mohammadrezakhorasanchian/.pyenv/versions/3.10.4/lib/python3.10/site-packages/airflow/example_dags/plugins/workday.py for tasks to queue
[2022-05-23 17:20:48,693] {logging_mixin.py:115} INFO - [2022-05-23 17:20:48,693] {dagbag.py:507} INFO - Filling up the DagBag from /Users/mohammadrezakhorasanchian/.pyenv/versions/3.10.4/lib/python3.10/site-packages/airflow/example_dags/plugins/workday.py
[2022-05-23 17:20:48,694] {processor.py:653} WARNING - No viable dags retrieved from /Users/mohammadrezakhorasanchian/.pyenv/versions/3.10.4/lib/python3.10/site-packages/airflow/example_dags/plugins/workday.py
[2022-05-23 17:20:48,730] {processor.py:161} INFO - Processing /Users/mohammadrezakhorasanchian/.pyenv/versions/3.10.4/lib/python3.10/site-packages/airflow/example_dags/plugins/workday.py took 0.038 seconds
[2022-05-23 17:21:48,461] {processor.py:153} INFO - Started process (PID=39257) to work on /Users/mohammadrezakhorasanchian/.pyenv/versions/3.10.4/lib/python3.10/site-packages/airflow/example_dags/plugins/workday.py
[2022-05-23 17:21:48,461] {processor.py:641} INFO - Processing file /Users/mohammadrezakhorasanchian/.pyenv/versions/3.10.4/lib/python3.10/site-packages/airflow/example_dags/plugins/workday.py for tasks to queue
[2022-05-23 17:21:48,462] {logging_mixin.py:115} INFO - [2022-05-23 17:21:48,461] {dagbag.py:507} INFO - Filling up the DagBag from /Users/mohammadrezakhorasanchian/.pyenv/versions/3.10.4/lib/python3.10/site-packages/airflow/example_dags/plugins/workday.py
[2022-05-23 17:21:48,462] {processor.py:653} WARNING - No viable dags retrieved from /Users/mohammadrezakhorasanchian/.pyenv/versions/3.10.4/lib/python3.10/site-packages/airflow/example_dags/plugins/workday.py
[2022-05-23 17:21:48,489] {processor.py:161} INFO - Processing /Users/mohammadrezakhorasanchian/.pyenv/versions/3.10.4/lib/python3.10/site-packages/airflow/example_dags/plugins/workday.py took 0.028 seconds
[2022-05-23 17:22:27,129] {processor.py:153} INFO - Started process (PID=39286) to work on /Users/mohammadrezakhorasanchian/.pyenv/versions/3.10.4/lib/python3.10/site-packages/airflow/example_dags/plugins/workday.py
[2022-05-23 17:22:27,134] {processor.py:641} INFO - Processing file /Users/mohammadrezakhorasanchian/.pyenv/versions/3.10.4/lib/python3.10/site-packages/airflow/example_dags/plugins/workday.py for tasks to queue
[2022-05-23 17:22:27,135] {logging_mixin.py:115} INFO - [2022-05-23 17:22:27,135] {dagbag.py:507} INFO - Filling up the DagBag from /Users/mohammadrezakhorasanchian/.pyenv/versions/3.10.4/lib/python3.10/site-packages/airflow/example_dags/plugins/workday.py
[2022-05-23 17:22:27,137] {processor.py:653} WARNING - No viable dags retrieved from /Users/mohammadrezakhorasanchian/.pyenv/versions/3.10.4/lib/python3.10/site-packages/airflow/example_dags/plugins/workday.py
[2022-05-23 17:22:27,169] {processor.py:161} INFO - Processing /Users/mohammadrezakhorasanchian/.pyenv/versions/3.10.4/lib/python3.10/site-packages/airflow/example_dags/plugins/workday.py took 0.040 seconds
[2022-05-23 17:23:02,997] {processor.py:153} INFO - Started process (PID=39308) to work on /Users/mohammadrezakhorasanchian/.pyenv/versions/3.10.4/lib/python3.10/site-packages/airflow/example_dags/plugins/workday.py
[2022-05-23 17:23:02,997] {processor.py:641} INFO - Processing file /Users/mohammadrezakhorasanchian/.pyenv/versions/3.10.4/lib/python3.10/site-packages/airflow/example_dags/plugins/workday.py for tasks to queue
[2022-05-23 17:23:02,997] {logging_mixin.py:115} INFO - [2022-05-23 17:23:02,997] {dagbag.py:507} INFO - Filling up the DagBag from /Users/mohammadrezakhorasanchian/.pyenv/versions/3.10.4/lib/python3.10/site-packages/airflow/example_dags/plugins/workday.py
[2022-05-23 17:23:02,998] {processor.py:653} WARNING - No viable dags retrieved from /Users/mohammadrezakhorasanchian/.pyenv/versions/3.10.4/lib/python3.10/site-packages/airflow/example_dags/plugins/workday.py
[2022-05-23 17:23:03,025] {processor.py:161} INFO - Processing /Users/mohammadrezakhorasanchian/.pyenv/versions/3.10.4/lib/python3.10/site-packages/airflow/example_dags/plugins/workday.py took 0.029 seconds
[2022-05-23 17:24:08,319] {processor.py:153} INFO - Started process (PID=39408) to work on /Users/mohammadrezakhorasanchian/.pyenv/versions/3.10.4/lib/python3.10/site-packages/airflow/example_dags/plugins/workday.py
[2022-05-23 17:24:08,320] {processor.py:641} INFO - Processing file /Users/mohammadrezakhorasanchian/.pyenv/versions/3.10.4/lib/python3.10/site-packages/airflow/example_dags/plugins/workday.py for tasks to queue
[2022-05-23 17:24:08,320] {logging_mixin.py:115} INFO - [2022-05-23 17:24:08,320] {dagbag.py:507} INFO - Filling up the DagBag from /Users/mohammadrezakhorasanchian/.pyenv/versions/3.10.4/lib/python3.10/site-packages/airflow/example_dags/plugins/workday.py
[2022-05-23 17:24:08,323] {processor.py:653} WARNING - No viable dags retrieved from /Users/mohammadrezakhorasanchian/.pyenv/versions/3.10.4/lib/python3.10/site-packages/airflow/example_dags/plugins/workday.py
[2022-05-23 17:24:08,353] {processor.py:161} INFO - Processing /Users/mohammadrezakhorasanchian/.pyenv/versions/3.10.4/lib/python3.10/site-packages/airflow/example_dags/plugins/workday.py took 0.035 seconds
[2022-05-23 17:29:47,808] {processor.py:153} INFO - Started process (PID=39598) to work on /Users/mohammadrezakhorasanchian/.pyenv/versions/3.10.4/lib/python3.10/site-packages/airflow/example_dags/plugins/workday.py
[2022-05-23 17:29:47,809] {processor.py:641} INFO - Processing file /Users/mohammadrezakhorasanchian/.pyenv/versions/3.10.4/lib/python3.10/site-packages/airflow/example_dags/plugins/workday.py for tasks to queue
[2022-05-23 17:29:47,810] {logging_mixin.py:115} INFO - [2022-05-23 17:29:47,810] {dagbag.py:507} INFO - Filling up the DagBag from /Users/mohammadrezakhorasanchian/.pyenv/versions/3.10.4/lib/python3.10/site-packages/airflow/example_dags/plugins/workday.py
[2022-05-23 17:29:47,810] {processor.py:653} WARNING - No viable dags retrieved from /Users/mohammadrezakhorasanchian/.pyenv/versions/3.10.4/lib/python3.10/site-packages/airflow/example_dags/plugins/workday.py
[2022-05-23 17:29:47,838] {processor.py:161} INFO - Processing /Users/mohammadrezakhorasanchian/.pyenv/versions/3.10.4/lib/python3.10/site-packages/airflow/example_dags/plugins/workday.py took 0.030 seconds
[2022-05-23 17:33:39,518] {processor.py:153} INFO - Started process (PID=39734) to work on /Users/mohammadrezakhorasanchian/.pyenv/versions/3.10.4/lib/python3.10/site-packages/airflow/example_dags/plugins/workday.py
[2022-05-23 17:33:39,518] {processor.py:641} INFO - Processing file /Users/mohammadrezakhorasanchian/.pyenv/versions/3.10.4/lib/python3.10/site-packages/airflow/example_dags/plugins/workday.py for tasks to queue
[2022-05-23 17:33:39,518] {logging_mixin.py:115} INFO - [2022-05-23 17:33:39,518] {dagbag.py:507} INFO - Filling up the DagBag from /Users/mohammadrezakhorasanchian/.pyenv/versions/3.10.4/lib/python3.10/site-packages/airflow/example_dags/plugins/workday.py
[2022-05-23 17:33:39,519] {processor.py:653} WARNING - No viable dags retrieved from /Users/mohammadrezakhorasanchian/.pyenv/versions/3.10.4/lib/python3.10/site-packages/airflow/example_dags/plugins/workday.py
[2022-05-23 17:33:39,546] {processor.py:161} INFO - Processing /Users/mohammadrezakhorasanchian/.pyenv/versions/3.10.4/lib/python3.10/site-packages/airflow/example_dags/plugins/workday.py took 0.028 seconds
[2022-05-23 17:34:35,459] {processor.py:153} INFO - Started process (PID=39769) to work on /Users/mohammadrezakhorasanchian/.pyenv/versions/3.10.4/lib/python3.10/site-packages/airflow/example_dags/plugins/workday.py
[2022-05-23 17:34:35,465] {processor.py:641} INFO - Processing file /Users/mohammadrezakhorasanchian/.pyenv/versions/3.10.4/lib/python3.10/site-packages/airflow/example_dags/plugins/workday.py for tasks to queue
[2022-05-23 17:34:35,466] {logging_mixin.py:115} INFO - [2022-05-23 17:34:35,466] {dagbag.py:507} INFO - Filling up the DagBag from /Users/mohammadrezakhorasanchian/.pyenv/versions/3.10.4/lib/python3.10/site-packages/airflow/example_dags/plugins/workday.py
[2022-05-23 17:34:35,467] {processor.py:653} WARNING - No viable dags retrieved from /Users/mohammadrezakhorasanchian/.pyenv/versions/3.10.4/lib/python3.10/site-packages/airflow/example_dags/plugins/workday.py
[2022-05-23 17:34:35,498] {processor.py:161} INFO - Processing /Users/mohammadrezakhorasanchian/.pyenv/versions/3.10.4/lib/python3.10/site-packages/airflow/example_dags/plugins/workday.py took 0.039 seconds
[2022-05-23 17:35:34,617] {processor.py:153} INFO - Started process (PID=39809) to work on /Users/mohammadrezakhorasanchian/.pyenv/versions/3.10.4/lib/python3.10/site-packages/airflow/example_dags/plugins/workday.py
[2022-05-23 17:35:34,617] {processor.py:641} INFO - Processing file /Users/mohammadrezakhorasanchian/.pyenv/versions/3.10.4/lib/python3.10/site-packages/airflow/example_dags/plugins/workday.py for tasks to queue
[2022-05-23 17:35:34,618] {logging_mixin.py:115} INFO - [2022-05-23 17:35:34,618] {dagbag.py:507} INFO - Filling up the DagBag from /Users/mohammadrezakhorasanchian/.pyenv/versions/3.10.4/lib/python3.10/site-packages/airflow/example_dags/plugins/workday.py
[2022-05-23 17:35:34,618] {processor.py:653} WARNING - No viable dags retrieved from /Users/mohammadrezakhorasanchian/.pyenv/versions/3.10.4/lib/python3.10/site-packages/airflow/example_dags/plugins/workday.py
[2022-05-23 17:35:34,655] {processor.py:161} INFO - Processing /Users/mohammadrezakhorasanchian/.pyenv/versions/3.10.4/lib/python3.10/site-packages/airflow/example_dags/plugins/workday.py took 0.038 seconds
[2022-05-23 17:36:35,937] {processor.py:153} INFO - Started process (PID=39853) to work on /Users/mohammadrezakhorasanchian/.pyenv/versions/3.10.4/lib/python3.10/site-packages/airflow/example_dags/plugins/workday.py
[2022-05-23 17:36:35,937] {processor.py:641} INFO - Processing file /Users/mohammadrezakhorasanchian/.pyenv/versions/3.10.4/lib/python3.10/site-packages/airflow/example_dags/plugins/workday.py for tasks to queue
[2022-05-23 17:36:35,938] {logging_mixin.py:115} INFO - [2022-05-23 17:36:35,938] {dagbag.py:507} INFO - Filling up the DagBag from /Users/mohammadrezakhorasanchian/.pyenv/versions/3.10.4/lib/python3.10/site-packages/airflow/example_dags/plugins/workday.py
[2022-05-23 17:36:35,938] {processor.py:653} WARNING - No viable dags retrieved from /Users/mohammadrezakhorasanchian/.pyenv/versions/3.10.4/lib/python3.10/site-packages/airflow/example_dags/plugins/workday.py
[2022-05-23 17:36:35,966] {processor.py:161} INFO - Processing /Users/mohammadrezakhorasanchian/.pyenv/versions/3.10.4/lib/python3.10/site-packages/airflow/example_dags/plugins/workday.py took 0.029 seconds
[2022-05-23 17:37:34,652] {processor.py:153} INFO - Started process (PID=39891) to work on /Users/mohammadrezakhorasanchian/.pyenv/versions/3.10.4/lib/python3.10/site-packages/airflow/example_dags/plugins/workday.py
[2022-05-23 17:37:34,652] {processor.py:641} INFO - Processing file /Users/mohammadrezakhorasanchian/.pyenv/versions/3.10.4/lib/python3.10/site-packages/airflow/example_dags/plugins/workday.py for tasks to queue
[2022-05-23 17:37:34,653] {logging_mixin.py:115} INFO - [2022-05-23 17:37:34,653] {dagbag.py:507} INFO - Filling up the DagBag from /Users/mohammadrezakhorasanchian/.pyenv/versions/3.10.4/lib/python3.10/site-packages/airflow/example_dags/plugins/workday.py
[2022-05-23 17:37:34,653] {processor.py:653} WARNING - No viable dags retrieved from /Users/mohammadrezakhorasanchian/.pyenv/versions/3.10.4/lib/python3.10/site-packages/airflow/example_dags/plugins/workday.py
[2022-05-23 17:37:34,680] {processor.py:161} INFO - Processing /Users/mohammadrezakhorasanchian/.pyenv/versions/3.10.4/lib/python3.10/site-packages/airflow/example_dags/plugins/workday.py took 0.028 seconds
[2022-05-23 17:38:29,780] {processor.py:153} INFO - Started process (PID=39932) to work on /Users/mohammadrezakhorasanchian/.pyenv/versions/3.10.4/lib/python3.10/site-packages/airflow/example_dags/plugins/workday.py
[2022-05-23 17:38:29,780] {processor.py:641} INFO - Processing file /Users/mohammadrezakhorasanchian/.pyenv/versions/3.10.4/lib/python3.10/site-packages/airflow/example_dags/plugins/workday.py for tasks to queue
[2022-05-23 17:38:29,780] {logging_mixin.py:115} INFO - [2022-05-23 17:38:29,780] {dagbag.py:507} INFO - Filling up the DagBag from /Users/mohammadrezakhorasanchian/.pyenv/versions/3.10.4/lib/python3.10/site-packages/airflow/example_dags/plugins/workday.py
[2022-05-23 17:38:29,781] {processor.py:653} WARNING - No viable dags retrieved from /Users/mohammadrezakhorasanchian/.pyenv/versions/3.10.4/lib/python3.10/site-packages/airflow/example_dags/plugins/workday.py
[2022-05-23 17:38:29,808] {processor.py:161} INFO - Processing /Users/mohammadrezakhorasanchian/.pyenv/versions/3.10.4/lib/python3.10/site-packages/airflow/example_dags/plugins/workday.py took 0.029 seconds
[2022-05-23 17:39:28,574] {processor.py:153} INFO - Started process (PID=39968) to work on /Users/mohammadrezakhorasanchian/.pyenv/versions/3.10.4/lib/python3.10/site-packages/airflow/example_dags/plugins/workday.py
[2022-05-23 17:39:28,574] {processor.py:641} INFO - Processing file /Users/mohammadrezakhorasanchian/.pyenv/versions/3.10.4/lib/python3.10/site-packages/airflow/example_dags/plugins/workday.py for tasks to queue
[2022-05-23 17:39:28,574] {logging_mixin.py:115} INFO - [2022-05-23 17:39:28,574] {dagbag.py:507} INFO - Filling up the DagBag from /Users/mohammadrezakhorasanchian/.pyenv/versions/3.10.4/lib/python3.10/site-packages/airflow/example_dags/plugins/workday.py
[2022-05-23 17:39:28,575] {processor.py:653} WARNING - No viable dags retrieved from /Users/mohammadrezakhorasanchian/.pyenv/versions/3.10.4/lib/python3.10/site-packages/airflow/example_dags/plugins/workday.py
[2022-05-23 17:39:28,602] {processor.py:161} INFO - Processing /Users/mohammadrezakhorasanchian/.pyenv/versions/3.10.4/lib/python3.10/site-packages/airflow/example_dags/plugins/workday.py took 0.028 seconds
[2022-05-23 17:40:27,592] {processor.py:153} INFO - Started process (PID=40005) to work on /Users/mohammadrezakhorasanchian/.pyenv/versions/3.10.4/lib/python3.10/site-packages/airflow/example_dags/plugins/workday.py
[2022-05-23 17:40:27,592] {processor.py:641} INFO - Processing file /Users/mohammadrezakhorasanchian/.pyenv/versions/3.10.4/lib/python3.10/site-packages/airflow/example_dags/plugins/workday.py for tasks to queue
[2022-05-23 17:40:27,593] {logging_mixin.py:115} INFO - [2022-05-23 17:40:27,593] {dagbag.py:507} INFO - Filling up the DagBag from /Users/mohammadrezakhorasanchian/.pyenv/versions/3.10.4/lib/python3.10/site-packages/airflow/example_dags/plugins/workday.py
[2022-05-23 17:40:27,593] {processor.py:653} WARNING - No viable dags retrieved from /Users/mohammadrezakhorasanchian/.pyenv/versions/3.10.4/lib/python3.10/site-packages/airflow/example_dags/plugins/workday.py
[2022-05-23 17:40:27,620] {processor.py:161} INFO - Processing /Users/mohammadrezakhorasanchian/.pyenv/versions/3.10.4/lib/python3.10/site-packages/airflow/example_dags/plugins/workday.py took 0.028 seconds
[2022-05-23 17:41:23,998] {processor.py:153} INFO - Started process (PID=40040) to work on /Users/mohammadrezakhorasanchian/.pyenv/versions/3.10.4/lib/python3.10/site-packages/airflow/example_dags/plugins/workday.py
[2022-05-23 17:41:23,998] {processor.py:641} INFO - Processing file /Users/mohammadrezakhorasanchian/.pyenv/versions/3.10.4/lib/python3.10/site-packages/airflow/example_dags/plugins/workday.py for tasks to queue
[2022-05-23 17:41:23,998] {logging_mixin.py:115} INFO - [2022-05-23 17:41:23,998] {dagbag.py:507} INFO - Filling up the DagBag from /Users/mohammadrezakhorasanchian/.pyenv/versions/3.10.4/lib/python3.10/site-packages/airflow/example_dags/plugins/workday.py
[2022-05-23 17:41:23,998] {processor.py:653} WARNING - No viable dags retrieved from /Users/mohammadrezakhorasanchian/.pyenv/versions/3.10.4/lib/python3.10/site-packages/airflow/example_dags/plugins/workday.py
[2022-05-23 17:41:24,025] {processor.py:161} INFO - Processing /Users/mohammadrezakhorasanchian/.pyenv/versions/3.10.4/lib/python3.10/site-packages/airflow/example_dags/plugins/workday.py took 0.028 seconds
[2022-05-23 17:42:22,227] {processor.py:153} INFO - Started process (PID=40076) to work on /Users/mohammadrezakhorasanchian/.pyenv/versions/3.10.4/lib/python3.10/site-packages/airflow/example_dags/plugins/workday.py
[2022-05-23 17:42:22,227] {processor.py:641} INFO - Processing file /Users/mohammadrezakhorasanchian/.pyenv/versions/3.10.4/lib/python3.10/site-packages/airflow/example_dags/plugins/workday.py for tasks to queue
[2022-05-23 17:42:22,227] {logging_mixin.py:115} INFO - [2022-05-23 17:42:22,227] {dagbag.py:507} INFO - Filling up the DagBag from /Users/mohammadrezakhorasanchian/.pyenv/versions/3.10.4/lib/python3.10/site-packages/airflow/example_dags/plugins/workday.py
[2022-05-23 17:42:22,228] {processor.py:653} WARNING - No viable dags retrieved from /Users/mohammadrezakhorasanchian/.pyenv/versions/3.10.4/lib/python3.10/site-packages/airflow/example_dags/plugins/workday.py
[2022-05-23 17:42:22,255] {processor.py:161} INFO - Processing /Users/mohammadrezakhorasanchian/.pyenv/versions/3.10.4/lib/python3.10/site-packages/airflow/example_dags/plugins/workday.py took 0.028 seconds
[2022-05-23 17:43:22,484] {processor.py:153} INFO - Started process (PID=40117) to work on /Users/mohammadrezakhorasanchian/.pyenv/versions/3.10.4/lib/python3.10/site-packages/airflow/example_dags/plugins/workday.py
[2022-05-23 17:43:22,485] {processor.py:641} INFO - Processing file /Users/mohammadrezakhorasanchian/.pyenv/versions/3.10.4/lib/python3.10/site-packages/airflow/example_dags/plugins/workday.py for tasks to queue
[2022-05-23 17:43:22,485] {logging_mixin.py:115} INFO - [2022-05-23 17:43:22,485] {dagbag.py:507} INFO - Filling up the DagBag from /Users/mohammadrezakhorasanchian/.pyenv/versions/3.10.4/lib/python3.10/site-packages/airflow/example_dags/plugins/workday.py
[2022-05-23 17:43:22,485] {processor.py:653} WARNING - No viable dags retrieved from /Users/mohammadrezakhorasanchian/.pyenv/versions/3.10.4/lib/python3.10/site-packages/airflow/example_dags/plugins/workday.py
[2022-05-23 17:43:22,512] {processor.py:161} INFO - Processing /Users/mohammadrezakhorasanchian/.pyenv/versions/3.10.4/lib/python3.10/site-packages/airflow/example_dags/plugins/workday.py took 0.028 seconds
[2022-05-23 17:44:21,499] {processor.py:153} INFO - Started process (PID=40155) to work on /Users/mohammadrezakhorasanchian/.pyenv/versions/3.10.4/lib/python3.10/site-packages/airflow/example_dags/plugins/workday.py
[2022-05-23 17:44:21,499] {processor.py:641} INFO - Processing file /Users/mohammadrezakhorasanchian/.pyenv/versions/3.10.4/lib/python3.10/site-packages/airflow/example_dags/plugins/workday.py for tasks to queue
[2022-05-23 17:44:21,499] {logging_mixin.py:115} INFO - [2022-05-23 17:44:21,499] {dagbag.py:507} INFO - Filling up the DagBag from /Users/mohammadrezakhorasanchian/.pyenv/versions/3.10.4/lib/python3.10/site-packages/airflow/example_dags/plugins/workday.py
[2022-05-23 17:44:21,499] {processor.py:653} WARNING - No viable dags retrieved from /Users/mohammadrezakhorasanchian/.pyenv/versions/3.10.4/lib/python3.10/site-packages/airflow/example_dags/plugins/workday.py
[2022-05-23 17:44:21,527] {processor.py:161} INFO - Processing /Users/mohammadrezakhorasanchian/.pyenv/versions/3.10.4/lib/python3.10/site-packages/airflow/example_dags/plugins/workday.py took 0.029 seconds
[2022-05-23 17:45:22,259] {processor.py:153} INFO - Started process (PID=40193) to work on /Users/mohammadrezakhorasanchian/.pyenv/versions/3.10.4/lib/python3.10/site-packages/airflow/example_dags/plugins/workday.py
[2022-05-23 17:45:22,259] {processor.py:641} INFO - Processing file /Users/mohammadrezakhorasanchian/.pyenv/versions/3.10.4/lib/python3.10/site-packages/airflow/example_dags/plugins/workday.py for tasks to queue
[2022-05-23 17:45:22,259] {logging_mixin.py:115} INFO - [2022-05-23 17:45:22,259] {dagbag.py:507} INFO - Filling up the DagBag from /Users/mohammadrezakhorasanchian/.pyenv/versions/3.10.4/lib/python3.10/site-packages/airflow/example_dags/plugins/workday.py
[2022-05-23 17:45:22,260] {processor.py:653} WARNING - No viable dags retrieved from /Users/mohammadrezakhorasanchian/.pyenv/versions/3.10.4/lib/python3.10/site-packages/airflow/example_dags/plugins/workday.py
[2022-05-23 17:45:22,288] {processor.py:161} INFO - Processing /Users/mohammadrezakhorasanchian/.pyenv/versions/3.10.4/lib/python3.10/site-packages/airflow/example_dags/plugins/workday.py took 0.030 seconds
[2022-05-23 17:46:18,564] {processor.py:153} INFO - Started process (PID=40235) to work on /Users/mohammadrezakhorasanchian/.pyenv/versions/3.10.4/lib/python3.10/site-packages/airflow/example_dags/plugins/workday.py
[2022-05-23 17:46:18,564] {processor.py:641} INFO - Processing file /Users/mohammadrezakhorasanchian/.pyenv/versions/3.10.4/lib/python3.10/site-packages/airflow/example_dags/plugins/workday.py for tasks to queue
[2022-05-23 17:46:18,565] {logging_mixin.py:115} INFO - [2022-05-23 17:46:18,564] {dagbag.py:507} INFO - Filling up the DagBag from /Users/mohammadrezakhorasanchian/.pyenv/versions/3.10.4/lib/python3.10/site-packages/airflow/example_dags/plugins/workday.py
[2022-05-23 17:46:18,565] {processor.py:653} WARNING - No viable dags retrieved from /Users/mohammadrezakhorasanchian/.pyenv/versions/3.10.4/lib/python3.10/site-packages/airflow/example_dags/plugins/workday.py
[2022-05-23 17:46:18,597] {processor.py:161} INFO - Processing /Users/mohammadrezakhorasanchian/.pyenv/versions/3.10.4/lib/python3.10/site-packages/airflow/example_dags/plugins/workday.py took 0.033 seconds
[2022-05-23 17:47:21,183] {processor.py:153} INFO - Started process (PID=40278) to work on /Users/mohammadrezakhorasanchian/.pyenv/versions/3.10.4/lib/python3.10/site-packages/airflow/example_dags/plugins/workday.py
[2022-05-23 17:47:21,183] {processor.py:641} INFO - Processing file /Users/mohammadrezakhorasanchian/.pyenv/versions/3.10.4/lib/python3.10/site-packages/airflow/example_dags/plugins/workday.py for tasks to queue
[2022-05-23 17:47:21,184] {logging_mixin.py:115} INFO - [2022-05-23 17:47:21,184] {dagbag.py:507} INFO - Filling up the DagBag from /Users/mohammadrezakhorasanchian/.pyenv/versions/3.10.4/lib/python3.10/site-packages/airflow/example_dags/plugins/workday.py
[2022-05-23 17:47:21,184] {processor.py:653} WARNING - No viable dags retrieved from /Users/mohammadrezakhorasanchian/.pyenv/versions/3.10.4/lib/python3.10/site-packages/airflow/example_dags/plugins/workday.py
[2022-05-23 17:47:21,211] {processor.py:161} INFO - Processing /Users/mohammadrezakhorasanchian/.pyenv/versions/3.10.4/lib/python3.10/site-packages/airflow/example_dags/plugins/workday.py took 0.028 seconds
[2022-05-23 17:48:16,687] {processor.py:153} INFO - Started process (PID=40316) to work on /Users/mohammadrezakhorasanchian/.pyenv/versions/3.10.4/lib/python3.10/site-packages/airflow/example_dags/plugins/workday.py
[2022-05-23 17:48:16,687] {processor.py:641} INFO - Processing file /Users/mohammadrezakhorasanchian/.pyenv/versions/3.10.4/lib/python3.10/site-packages/airflow/example_dags/plugins/workday.py for tasks to queue
[2022-05-23 17:48:16,687] {logging_mixin.py:115} INFO - [2022-05-23 17:48:16,687] {dagbag.py:507} INFO - Filling up the DagBag from /Users/mohammadrezakhorasanchian/.pyenv/versions/3.10.4/lib/python3.10/site-packages/airflow/example_dags/plugins/workday.py
[2022-05-23 17:48:16,688] {processor.py:653} WARNING - No viable dags retrieved from /Users/mohammadrezakhorasanchian/.pyenv/versions/3.10.4/lib/python3.10/site-packages/airflow/example_dags/plugins/workday.py
[2022-05-23 17:48:16,715] {processor.py:161} INFO - Processing /Users/mohammadrezakhorasanchian/.pyenv/versions/3.10.4/lib/python3.10/site-packages/airflow/example_dags/plugins/workday.py took 0.028 seconds
[2022-05-23 17:49:16,347] {processor.py:153} INFO - Started process (PID=40356) to work on /Users/mohammadrezakhorasanchian/.pyenv/versions/3.10.4/lib/python3.10/site-packages/airflow/example_dags/plugins/workday.py
[2022-05-23 17:49:16,347] {processor.py:641} INFO - Processing file /Users/mohammadrezakhorasanchian/.pyenv/versions/3.10.4/lib/python3.10/site-packages/airflow/example_dags/plugins/workday.py for tasks to queue
[2022-05-23 17:49:16,347] {logging_mixin.py:115} INFO - [2022-05-23 17:49:16,347] {dagbag.py:507} INFO - Filling up the DagBag from /Users/mohammadrezakhorasanchian/.pyenv/versions/3.10.4/lib/python3.10/site-packages/airflow/example_dags/plugins/workday.py
[2022-05-23 17:49:16,348] {processor.py:653} WARNING - No viable dags retrieved from /Users/mohammadrezakhorasanchian/.pyenv/versions/3.10.4/lib/python3.10/site-packages/airflow/example_dags/plugins/workday.py
[2022-05-23 17:49:16,382] {processor.py:161} INFO - Processing /Users/mohammadrezakhorasanchian/.pyenv/versions/3.10.4/lib/python3.10/site-packages/airflow/example_dags/plugins/workday.py took 0.035 seconds
[2022-05-23 17:51:19,985] {processor.py:153} INFO - Started process (PID=40479) to work on /Users/mohammadrezakhorasanchian/.pyenv/versions/3.10.4/lib/python3.10/site-packages/airflow/example_dags/plugins/workday.py
[2022-05-23 17:51:19,985] {processor.py:641} INFO - Processing file /Users/mohammadrezakhorasanchian/.pyenv/versions/3.10.4/lib/python3.10/site-packages/airflow/example_dags/plugins/workday.py for tasks to queue
[2022-05-23 17:51:19,985] {logging_mixin.py:115} INFO - [2022-05-23 17:51:19,985] {dagbag.py:507} INFO - Filling up the DagBag from /Users/mohammadrezakhorasanchian/.pyenv/versions/3.10.4/lib/python3.10/site-packages/airflow/example_dags/plugins/workday.py
[2022-05-23 17:51:19,986] {processor.py:653} WARNING - No viable dags retrieved from /Users/mohammadrezakhorasanchian/.pyenv/versions/3.10.4/lib/python3.10/site-packages/airflow/example_dags/plugins/workday.py
[2022-05-23 17:51:20,013] {processor.py:161} INFO - Processing /Users/mohammadrezakhorasanchian/.pyenv/versions/3.10.4/lib/python3.10/site-packages/airflow/example_dags/plugins/workday.py took 0.028 seconds
[2022-05-23 17:52:20,749] {processor.py:153} INFO - Started process (PID=40516) to work on /Users/mohammadrezakhorasanchian/.pyenv/versions/3.10.4/lib/python3.10/site-packages/airflow/example_dags/plugins/workday.py
[2022-05-23 17:52:20,750] {processor.py:641} INFO - Processing file /Users/mohammadrezakhorasanchian/.pyenv/versions/3.10.4/lib/python3.10/site-packages/airflow/example_dags/plugins/workday.py for tasks to queue
[2022-05-23 17:52:20,750] {logging_mixin.py:115} INFO - [2022-05-23 17:52:20,750] {dagbag.py:507} INFO - Filling up the DagBag from /Users/mohammadrezakhorasanchian/.pyenv/versions/3.10.4/lib/python3.10/site-packages/airflow/example_dags/plugins/workday.py
[2022-05-23 17:52:20,750] {processor.py:653} WARNING - No viable dags retrieved from /Users/mohammadrezakhorasanchian/.pyenv/versions/3.10.4/lib/python3.10/site-packages/airflow/example_dags/plugins/workday.py
[2022-05-23 17:52:20,778] {processor.py:161} INFO - Processing /Users/mohammadrezakhorasanchian/.pyenv/versions/3.10.4/lib/python3.10/site-packages/airflow/example_dags/plugins/workday.py took 0.029 seconds
[2022-05-23 17:58:20,244] {processor.py:153} INFO - Started process (PID=40568) to work on /Users/mohammadrezakhorasanchian/.pyenv/versions/3.10.4/lib/python3.10/site-packages/airflow/example_dags/plugins/workday.py
[2022-05-23 17:58:20,244] {processor.py:641} INFO - Processing file /Users/mohammadrezakhorasanchian/.pyenv/versions/3.10.4/lib/python3.10/site-packages/airflow/example_dags/plugins/workday.py for tasks to queue
[2022-05-23 17:58:20,244] {logging_mixin.py:115} INFO - [2022-05-23 17:58:20,244] {dagbag.py:507} INFO - Filling up the DagBag from /Users/mohammadrezakhorasanchian/.pyenv/versions/3.10.4/lib/python3.10/site-packages/airflow/example_dags/plugins/workday.py
[2022-05-23 17:58:20,245] {processor.py:653} WARNING - No viable dags retrieved from /Users/mohammadrezakhorasanchian/.pyenv/versions/3.10.4/lib/python3.10/site-packages/airflow/example_dags/plugins/workday.py
[2022-05-23 17:58:20,275] {processor.py:161} INFO - Processing /Users/mohammadrezakhorasanchian/.pyenv/versions/3.10.4/lib/python3.10/site-packages/airflow/example_dags/plugins/workday.py took 0.032 seconds
[2022-05-23 17:59:17,292] {processor.py:153} INFO - Started process (PID=40605) to work on /Users/mohammadrezakhorasanchian/.pyenv/versions/3.10.4/lib/python3.10/site-packages/airflow/example_dags/plugins/workday.py
[2022-05-23 17:59:17,292] {processor.py:641} INFO - Processing file /Users/mohammadrezakhorasanchian/.pyenv/versions/3.10.4/lib/python3.10/site-packages/airflow/example_dags/plugins/workday.py for tasks to queue
[2022-05-23 17:59:17,292] {logging_mixin.py:115} INFO - [2022-05-23 17:59:17,292] {dagbag.py:507} INFO - Filling up the DagBag from /Users/mohammadrezakhorasanchian/.pyenv/versions/3.10.4/lib/python3.10/site-packages/airflow/example_dags/plugins/workday.py
[2022-05-23 17:59:17,293] {processor.py:653} WARNING - No viable dags retrieved from /Users/mohammadrezakhorasanchian/.pyenv/versions/3.10.4/lib/python3.10/site-packages/airflow/example_dags/plugins/workday.py
[2022-05-23 17:59:17,320] {processor.py:161} INFO - Processing /Users/mohammadrezakhorasanchian/.pyenv/versions/3.10.4/lib/python3.10/site-packages/airflow/example_dags/plugins/workday.py took 0.028 seconds
[2022-05-23 18:00:14,359] {processor.py:153} INFO - Started process (PID=40640) to work on /Users/mohammadrezakhorasanchian/.pyenv/versions/3.10.4/lib/python3.10/site-packages/airflow/example_dags/plugins/workday.py
[2022-05-23 18:00:14,359] {processor.py:641} INFO - Processing file /Users/mohammadrezakhorasanchian/.pyenv/versions/3.10.4/lib/python3.10/site-packages/airflow/example_dags/plugins/workday.py for tasks to queue
[2022-05-23 18:00:14,359] {logging_mixin.py:115} INFO - [2022-05-23 18:00:14,359] {dagbag.py:507} INFO - Filling up the DagBag from /Users/mohammadrezakhorasanchian/.pyenv/versions/3.10.4/lib/python3.10/site-packages/airflow/example_dags/plugins/workday.py
[2022-05-23 18:00:14,359] {processor.py:653} WARNING - No viable dags retrieved from /Users/mohammadrezakhorasanchian/.pyenv/versions/3.10.4/lib/python3.10/site-packages/airflow/example_dags/plugins/workday.py
[2022-05-23 18:00:14,386] {processor.py:161} INFO - Processing /Users/mohammadrezakhorasanchian/.pyenv/versions/3.10.4/lib/python3.10/site-packages/airflow/example_dags/plugins/workday.py took 0.028 seconds
[2022-05-23 18:01:13,624] {processor.py:153} INFO - Started process (PID=40677) to work on /Users/mohammadrezakhorasanchian/.pyenv/versions/3.10.4/lib/python3.10/site-packages/airflow/example_dags/plugins/workday.py
[2022-05-23 18:01:13,624] {processor.py:641} INFO - Processing file /Users/mohammadrezakhorasanchian/.pyenv/versions/3.10.4/lib/python3.10/site-packages/airflow/example_dags/plugins/workday.py for tasks to queue
[2022-05-23 18:01:13,624] {logging_mixin.py:115} INFO - [2022-05-23 18:01:13,624] {dagbag.py:507} INFO - Filling up the DagBag from /Users/mohammadrezakhorasanchian/.pyenv/versions/3.10.4/lib/python3.10/site-packages/airflow/example_dags/plugins/workday.py
[2022-05-23 18:01:13,625] {processor.py:653} WARNING - No viable dags retrieved from /Users/mohammadrezakhorasanchian/.pyenv/versions/3.10.4/lib/python3.10/site-packages/airflow/example_dags/plugins/workday.py
[2022-05-23 18:01:13,651] {processor.py:161} INFO - Processing /Users/mohammadrezakhorasanchian/.pyenv/versions/3.10.4/lib/python3.10/site-packages/airflow/example_dags/plugins/workday.py took 0.028 seconds
[2022-05-23 18:02:13,455] {processor.py:153} INFO - Started process (PID=40717) to work on /Users/mohammadrezakhorasanchian/.pyenv/versions/3.10.4/lib/python3.10/site-packages/airflow/example_dags/plugins/workday.py
[2022-05-23 18:02:13,455] {processor.py:641} INFO - Processing file /Users/mohammadrezakhorasanchian/.pyenv/versions/3.10.4/lib/python3.10/site-packages/airflow/example_dags/plugins/workday.py for tasks to queue
[2022-05-23 18:02:13,455] {logging_mixin.py:115} INFO - [2022-05-23 18:02:13,455] {dagbag.py:507} INFO - Filling up the DagBag from /Users/mohammadrezakhorasanchian/.pyenv/versions/3.10.4/lib/python3.10/site-packages/airflow/example_dags/plugins/workday.py
[2022-05-23 18:02:13,456] {processor.py:653} WARNING - No viable dags retrieved from /Users/mohammadrezakhorasanchian/.pyenv/versions/3.10.4/lib/python3.10/site-packages/airflow/example_dags/plugins/workday.py
[2022-05-23 18:02:13,483] {processor.py:161} INFO - Processing /Users/mohammadrezakhorasanchian/.pyenv/versions/3.10.4/lib/python3.10/site-packages/airflow/example_dags/plugins/workday.py took 0.028 seconds
[2022-05-23 18:03:10,221] {processor.py:153} INFO - Started process (PID=40756) to work on /Users/mohammadrezakhorasanchian/.pyenv/versions/3.10.4/lib/python3.10/site-packages/airflow/example_dags/plugins/workday.py
[2022-05-23 18:03:10,221] {processor.py:641} INFO - Processing file /Users/mohammadrezakhorasanchian/.pyenv/versions/3.10.4/lib/python3.10/site-packages/airflow/example_dags/plugins/workday.py for tasks to queue
[2022-05-23 18:03:10,221] {logging_mixin.py:115} INFO - [2022-05-23 18:03:10,221] {dagbag.py:507} INFO - Filling up the DagBag from /Users/mohammadrezakhorasanchian/.pyenv/versions/3.10.4/lib/python3.10/site-packages/airflow/example_dags/plugins/workday.py
[2022-05-23 18:03:10,222] {processor.py:653} WARNING - No viable dags retrieved from /Users/mohammadrezakhorasanchian/.pyenv/versions/3.10.4/lib/python3.10/site-packages/airflow/example_dags/plugins/workday.py
[2022-05-23 18:03:10,249] {processor.py:161} INFO - Processing /Users/mohammadrezakhorasanchian/.pyenv/versions/3.10.4/lib/python3.10/site-packages/airflow/example_dags/plugins/workday.py took 0.028 seconds
[2022-05-23 18:04:02,282] {processor.py:153} INFO - Started process (PID=40791) to work on /Users/mohammadrezakhorasanchian/.pyenv/versions/3.10.4/lib/python3.10/site-packages/airflow/example_dags/plugins/workday.py
[2022-05-23 18:04:02,282] {processor.py:641} INFO - Processing file /Users/mohammadrezakhorasanchian/.pyenv/versions/3.10.4/lib/python3.10/site-packages/airflow/example_dags/plugins/workday.py for tasks to queue
[2022-05-23 18:04:02,283] {logging_mixin.py:115} INFO - [2022-05-23 18:04:02,283] {dagbag.py:507} INFO - Filling up the DagBag from /Users/mohammadrezakhorasanchian/.pyenv/versions/3.10.4/lib/python3.10/site-packages/airflow/example_dags/plugins/workday.py
[2022-05-23 18:04:02,283] {processor.py:653} WARNING - No viable dags retrieved from /Users/mohammadrezakhorasanchian/.pyenv/versions/3.10.4/lib/python3.10/site-packages/airflow/example_dags/plugins/workday.py
[2022-05-23 18:04:02,310] {processor.py:161} INFO - Processing /Users/mohammadrezakhorasanchian/.pyenv/versions/3.10.4/lib/python3.10/site-packages/airflow/example_dags/plugins/workday.py took 0.028 seconds
[2022-05-23 18:04:58,225] {processor.py:153} INFO - Started process (PID=40826) to work on /Users/mohammadrezakhorasanchian/.pyenv/versions/3.10.4/lib/python3.10/site-packages/airflow/example_dags/plugins/workday.py
[2022-05-23 18:04:58,225] {processor.py:641} INFO - Processing file /Users/mohammadrezakhorasanchian/.pyenv/versions/3.10.4/lib/python3.10/site-packages/airflow/example_dags/plugins/workday.py for tasks to queue
[2022-05-23 18:04:58,225] {logging_mixin.py:115} INFO - [2022-05-23 18:04:58,225] {dagbag.py:507} INFO - Filling up the DagBag from /Users/mohammadrezakhorasanchian/.pyenv/versions/3.10.4/lib/python3.10/site-packages/airflow/example_dags/plugins/workday.py
[2022-05-23 18:04:58,226] {processor.py:653} WARNING - No viable dags retrieved from /Users/mohammadrezakhorasanchian/.pyenv/versions/3.10.4/lib/python3.10/site-packages/airflow/example_dags/plugins/workday.py
[2022-05-23 18:04:58,253] {processor.py:161} INFO - Processing /Users/mohammadrezakhorasanchian/.pyenv/versions/3.10.4/lib/python3.10/site-packages/airflow/example_dags/plugins/workday.py took 0.029 seconds
[2022-05-23 18:05:52,464] {processor.py:153} INFO - Started process (PID=40861) to work on /Users/mohammadrezakhorasanchian/.pyenv/versions/3.10.4/lib/python3.10/site-packages/airflow/example_dags/plugins/workday.py
[2022-05-23 18:05:52,464] {processor.py:641} INFO - Processing file /Users/mohammadrezakhorasanchian/.pyenv/versions/3.10.4/lib/python3.10/site-packages/airflow/example_dags/plugins/workday.py for tasks to queue
[2022-05-23 18:05:52,464] {logging_mixin.py:115} INFO - [2022-05-23 18:05:52,464] {dagbag.py:507} INFO - Filling up the DagBag from /Users/mohammadrezakhorasanchian/.pyenv/versions/3.10.4/lib/python3.10/site-packages/airflow/example_dags/plugins/workday.py
[2022-05-23 18:05:52,465] {processor.py:653} WARNING - No viable dags retrieved from /Users/mohammadrezakhorasanchian/.pyenv/versions/3.10.4/lib/python3.10/site-packages/airflow/example_dags/plugins/workday.py
[2022-05-23 18:05:52,492] {processor.py:161} INFO - Processing /Users/mohammadrezakhorasanchian/.pyenv/versions/3.10.4/lib/python3.10/site-packages/airflow/example_dags/plugins/workday.py took 0.028 seconds
[2022-05-23 18:06:52,652] {processor.py:153} INFO - Started process (PID=40900) to work on /Users/mohammadrezakhorasanchian/.pyenv/versions/3.10.4/lib/python3.10/site-packages/airflow/example_dags/plugins/workday.py
[2022-05-23 18:06:52,653] {processor.py:641} INFO - Processing file /Users/mohammadrezakhorasanchian/.pyenv/versions/3.10.4/lib/python3.10/site-packages/airflow/example_dags/plugins/workday.py for tasks to queue
[2022-05-23 18:06:52,653] {logging_mixin.py:115} INFO - [2022-05-23 18:06:52,653] {dagbag.py:507} INFO - Filling up the DagBag from /Users/mohammadrezakhorasanchian/.pyenv/versions/3.10.4/lib/python3.10/site-packages/airflow/example_dags/plugins/workday.py
[2022-05-23 18:06:52,653] {processor.py:653} WARNING - No viable dags retrieved from /Users/mohammadrezakhorasanchian/.pyenv/versions/3.10.4/lib/python3.10/site-packages/airflow/example_dags/plugins/workday.py
[2022-05-23 18:06:52,682] {processor.py:161} INFO - Processing /Users/mohammadrezakhorasanchian/.pyenv/versions/3.10.4/lib/python3.10/site-packages/airflow/example_dags/plugins/workday.py took 0.029 seconds
[2022-05-23 18:07:53,803] {processor.py:153} INFO - Started process (PID=40937) to work on /Users/mohammadrezakhorasanchian/.pyenv/versions/3.10.4/lib/python3.10/site-packages/airflow/example_dags/plugins/workday.py
[2022-05-23 18:07:53,803] {processor.py:641} INFO - Processing file /Users/mohammadrezakhorasanchian/.pyenv/versions/3.10.4/lib/python3.10/site-packages/airflow/example_dags/plugins/workday.py for tasks to queue
[2022-05-23 18:07:53,803] {logging_mixin.py:115} INFO - [2022-05-23 18:07:53,803] {dagbag.py:507} INFO - Filling up the DagBag from /Users/mohammadrezakhorasanchian/.pyenv/versions/3.10.4/lib/python3.10/site-packages/airflow/example_dags/plugins/workday.py
[2022-05-23 18:07:53,804] {processor.py:653} WARNING - No viable dags retrieved from /Users/mohammadrezakhorasanchian/.pyenv/versions/3.10.4/lib/python3.10/site-packages/airflow/example_dags/plugins/workday.py
[2022-05-23 18:07:53,834] {processor.py:161} INFO - Processing /Users/mohammadrezakhorasanchian/.pyenv/versions/3.10.4/lib/python3.10/site-packages/airflow/example_dags/plugins/workday.py took 0.031 seconds
[2022-05-23 18:14:02,883] {processor.py:153} INFO - Started process (PID=41046) to work on /Users/mohammadrezakhorasanchian/.pyenv/versions/3.10.4/lib/python3.10/site-packages/airflow/example_dags/plugins/workday.py
[2022-05-23 18:14:02,885] {processor.py:641} INFO - Processing file /Users/mohammadrezakhorasanchian/.pyenv/versions/3.10.4/lib/python3.10/site-packages/airflow/example_dags/plugins/workday.py for tasks to queue
[2022-05-23 18:14:02,885] {logging_mixin.py:115} INFO - [2022-05-23 18:14:02,885] {dagbag.py:507} INFO - Filling up the DagBag from /Users/mohammadrezakhorasanchian/.pyenv/versions/3.10.4/lib/python3.10/site-packages/airflow/example_dags/plugins/workday.py
[2022-05-23 18:14:02,886] {processor.py:653} WARNING - No viable dags retrieved from /Users/mohammadrezakhorasanchian/.pyenv/versions/3.10.4/lib/python3.10/site-packages/airflow/example_dags/plugins/workday.py
[2022-05-23 18:14:02,913] {processor.py:161} INFO - Processing /Users/mohammadrezakhorasanchian/.pyenv/versions/3.10.4/lib/python3.10/site-packages/airflow/example_dags/plugins/workday.py took 0.030 seconds
[2022-05-23 18:15:04,684] {processor.py:153} INFO - Started process (PID=41158) to work on /Users/mohammadrezakhorasanchian/.pyenv/versions/3.10.4/lib/python3.10/site-packages/airflow/example_dags/plugins/workday.py
[2022-05-23 18:15:04,684] {processor.py:641} INFO - Processing file /Users/mohammadrezakhorasanchian/.pyenv/versions/3.10.4/lib/python3.10/site-packages/airflow/example_dags/plugins/workday.py for tasks to queue
[2022-05-23 18:15:04,684] {logging_mixin.py:115} INFO - [2022-05-23 18:15:04,684] {dagbag.py:507} INFO - Filling up the DagBag from /Users/mohammadrezakhorasanchian/.pyenv/versions/3.10.4/lib/python3.10/site-packages/airflow/example_dags/plugins/workday.py
[2022-05-23 18:15:04,685] {processor.py:653} WARNING - No viable dags retrieved from /Users/mohammadrezakhorasanchian/.pyenv/versions/3.10.4/lib/python3.10/site-packages/airflow/example_dags/plugins/workday.py
[2022-05-23 18:15:04,713] {processor.py:161} INFO - Processing /Users/mohammadrezakhorasanchian/.pyenv/versions/3.10.4/lib/python3.10/site-packages/airflow/example_dags/plugins/workday.py took 0.029 seconds
