[2022-05-19 03:30:10,178] {processor.py:153} INFO - Started process (PID=16742) to work on /Users/mohammadrezakhorasanchian/.pyenv/versions/3.10.4/lib/python3.10/site-packages/airflow/example_dags/plugins/workday.py
[2022-05-19 03:30:10,179] {processor.py:641} INFO - Processing file /Users/mohammadrezakhorasanchian/.pyenv/versions/3.10.4/lib/python3.10/site-packages/airflow/example_dags/plugins/workday.py for tasks to queue
[2022-05-19 03:30:10,179] {logging_mixin.py:115} INFO - [2022-05-19 03:30:10,179] {dagbag.py:507} INFO - Filling up the DagBag from /Users/mohammadrezakhorasanchian/.pyenv/versions/3.10.4/lib/python3.10/site-packages/airflow/example_dags/plugins/workday.py
[2022-05-19 03:30:10,180] {processor.py:653} WARNING - No viable dags retrieved from /Users/mohammadrezakhorasanchian/.pyenv/versions/3.10.4/lib/python3.10/site-packages/airflow/example_dags/plugins/workday.py
[2022-05-19 03:30:10,212] {processor.py:161} INFO - Processing /Users/mohammadrezakhorasanchian/.pyenv/versions/3.10.4/lib/python3.10/site-packages/airflow/example_dags/plugins/workday.py took 0.035 seconds
[2022-05-19 04:24:36,021] {processor.py:153} INFO - Started process (PID=16811) to work on /Users/mohammadrezakhorasanchian/.pyenv/versions/3.10.4/lib/python3.10/site-packages/airflow/example_dags/plugins/workday.py
[2022-05-19 04:24:36,021] {processor.py:641} INFO - Processing file /Users/mohammadrezakhorasanchian/.pyenv/versions/3.10.4/lib/python3.10/site-packages/airflow/example_dags/plugins/workday.py for tasks to queue
[2022-05-19 04:24:36,021] {logging_mixin.py:115} INFO - [2022-05-19 04:24:36,021] {dagbag.py:507} INFO - Filling up the DagBag from /Users/mohammadrezakhorasanchian/.pyenv/versions/3.10.4/lib/python3.10/site-packages/airflow/example_dags/plugins/workday.py
[2022-05-19 04:24:36,022] {processor.py:653} WARNING - No viable dags retrieved from /Users/mohammadrezakhorasanchian/.pyenv/versions/3.10.4/lib/python3.10/site-packages/airflow/example_dags/plugins/workday.py
[2022-05-19 04:24:36,050] {processor.py:161} INFO - Processing /Users/mohammadrezakhorasanchian/.pyenv/versions/3.10.4/lib/python3.10/site-packages/airflow/example_dags/plugins/workday.py took 0.029 seconds
[2022-05-19 05:18:39,333] {processor.py:153} INFO - Started process (PID=16847) to work on /Users/mohammadrezakhorasanchian/.pyenv/versions/3.10.4/lib/python3.10/site-packages/airflow/example_dags/plugins/workday.py
[2022-05-19 05:18:39,334] {processor.py:641} INFO - Processing file /Users/mohammadrezakhorasanchian/.pyenv/versions/3.10.4/lib/python3.10/site-packages/airflow/example_dags/plugins/workday.py for tasks to queue
[2022-05-19 05:18:39,334] {logging_mixin.py:115} INFO - [2022-05-19 05:18:39,334] {dagbag.py:507} INFO - Filling up the DagBag from /Users/mohammadrezakhorasanchian/.pyenv/versions/3.10.4/lib/python3.10/site-packages/airflow/example_dags/plugins/workday.py
[2022-05-19 05:18:39,335] {processor.py:653} WARNING - No viable dags retrieved from /Users/mohammadrezakhorasanchian/.pyenv/versions/3.10.4/lib/python3.10/site-packages/airflow/example_dags/plugins/workday.py
[2022-05-19 05:18:39,364] {processor.py:161} INFO - Processing /Users/mohammadrezakhorasanchian/.pyenv/versions/3.10.4/lib/python3.10/site-packages/airflow/example_dags/plugins/workday.py took 0.031 seconds
[2022-05-19 06:12:54,877] {processor.py:153} INFO - Started process (PID=16888) to work on /Users/mohammadrezakhorasanchian/.pyenv/versions/3.10.4/lib/python3.10/site-packages/airflow/example_dags/plugins/workday.py
[2022-05-19 06:12:54,878] {processor.py:641} INFO - Processing file /Users/mohammadrezakhorasanchian/.pyenv/versions/3.10.4/lib/python3.10/site-packages/airflow/example_dags/plugins/workday.py for tasks to queue
[2022-05-19 06:12:54,878] {logging_mixin.py:115} INFO - [2022-05-19 06:12:54,878] {dagbag.py:507} INFO - Filling up the DagBag from /Users/mohammadrezakhorasanchian/.pyenv/versions/3.10.4/lib/python3.10/site-packages/airflow/example_dags/plugins/workday.py
[2022-05-19 06:12:54,879] {processor.py:653} WARNING - No viable dags retrieved from /Users/mohammadrezakhorasanchian/.pyenv/versions/3.10.4/lib/python3.10/site-packages/airflow/example_dags/plugins/workday.py
[2022-05-19 06:12:54,906] {processor.py:161} INFO - Processing /Users/mohammadrezakhorasanchian/.pyenv/versions/3.10.4/lib/python3.10/site-packages/airflow/example_dags/plugins/workday.py took 0.030 seconds
[2022-05-19 07:06:46,194] {processor.py:153} INFO - Started process (PID=16916) to work on /Users/mohammadrezakhorasanchian/.pyenv/versions/3.10.4/lib/python3.10/site-packages/airflow/example_dags/plugins/workday.py
[2022-05-19 07:06:46,194] {processor.py:641} INFO - Processing file /Users/mohammadrezakhorasanchian/.pyenv/versions/3.10.4/lib/python3.10/site-packages/airflow/example_dags/plugins/workday.py for tasks to queue
[2022-05-19 07:06:46,195] {logging_mixin.py:115} INFO - [2022-05-19 07:06:46,195] {dagbag.py:507} INFO - Filling up the DagBag from /Users/mohammadrezakhorasanchian/.pyenv/versions/3.10.4/lib/python3.10/site-packages/airflow/example_dags/plugins/workday.py
[2022-05-19 07:06:46,197] {processor.py:653} WARNING - No viable dags retrieved from /Users/mohammadrezakhorasanchian/.pyenv/versions/3.10.4/lib/python3.10/site-packages/airflow/example_dags/plugins/workday.py
[2022-05-19 07:06:46,250] {processor.py:161} INFO - Processing /Users/mohammadrezakhorasanchian/.pyenv/versions/3.10.4/lib/python3.10/site-packages/airflow/example_dags/plugins/workday.py took 0.057 seconds
[2022-05-19 08:01:12,974] {processor.py:153} INFO - Started process (PID=16980) to work on /Users/mohammadrezakhorasanchian/.pyenv/versions/3.10.4/lib/python3.10/site-packages/airflow/example_dags/plugins/workday.py
[2022-05-19 08:01:12,976] {processor.py:641} INFO - Processing file /Users/mohammadrezakhorasanchian/.pyenv/versions/3.10.4/lib/python3.10/site-packages/airflow/example_dags/plugins/workday.py for tasks to queue
[2022-05-19 08:01:12,976] {logging_mixin.py:115} INFO - [2022-05-19 08:01:12,976] {dagbag.py:507} INFO - Filling up the DagBag from /Users/mohammadrezakhorasanchian/.pyenv/versions/3.10.4/lib/python3.10/site-packages/airflow/example_dags/plugins/workday.py
[2022-05-19 08:01:12,977] {processor.py:653} WARNING - No viable dags retrieved from /Users/mohammadrezakhorasanchian/.pyenv/versions/3.10.4/lib/python3.10/site-packages/airflow/example_dags/plugins/workday.py
[2022-05-19 08:01:13,006] {processor.py:161} INFO - Processing /Users/mohammadrezakhorasanchian/.pyenv/versions/3.10.4/lib/python3.10/site-packages/airflow/example_dags/plugins/workday.py took 0.032 seconds
[2022-05-19 08:55:23,788] {processor.py:153} INFO - Started process (PID=17020) to work on /Users/mohammadrezakhorasanchian/.pyenv/versions/3.10.4/lib/python3.10/site-packages/airflow/example_dags/plugins/workday.py
[2022-05-19 08:55:23,789] {processor.py:641} INFO - Processing file /Users/mohammadrezakhorasanchian/.pyenv/versions/3.10.4/lib/python3.10/site-packages/airflow/example_dags/plugins/workday.py for tasks to queue
[2022-05-19 08:55:23,789] {logging_mixin.py:115} INFO - [2022-05-19 08:55:23,789] {dagbag.py:507} INFO - Filling up the DagBag from /Users/mohammadrezakhorasanchian/.pyenv/versions/3.10.4/lib/python3.10/site-packages/airflow/example_dags/plugins/workday.py
[2022-05-19 08:55:23,790] {processor.py:653} WARNING - No viable dags retrieved from /Users/mohammadrezakhorasanchian/.pyenv/versions/3.10.4/lib/python3.10/site-packages/airflow/example_dags/plugins/workday.py
[2022-05-19 08:55:23,818] {processor.py:161} INFO - Processing /Users/mohammadrezakhorasanchian/.pyenv/versions/3.10.4/lib/python3.10/site-packages/airflow/example_dags/plugins/workday.py took 0.031 seconds
[2022-05-19 09:50:56,693] {processor.py:153} INFO - Started process (PID=17063) to work on /Users/mohammadrezakhorasanchian/.pyenv/versions/3.10.4/lib/python3.10/site-packages/airflow/example_dags/plugins/workday.py
[2022-05-19 09:50:56,695] {processor.py:641} INFO - Processing file /Users/mohammadrezakhorasanchian/.pyenv/versions/3.10.4/lib/python3.10/site-packages/airflow/example_dags/plugins/workday.py for tasks to queue
[2022-05-19 09:50:56,695] {logging_mixin.py:115} INFO - [2022-05-19 09:50:56,695] {dagbag.py:507} INFO - Filling up the DagBag from /Users/mohammadrezakhorasanchian/.pyenv/versions/3.10.4/lib/python3.10/site-packages/airflow/example_dags/plugins/workday.py
[2022-05-19 09:50:56,697] {processor.py:653} WARNING - No viable dags retrieved from /Users/mohammadrezakhorasanchian/.pyenv/versions/3.10.4/lib/python3.10/site-packages/airflow/example_dags/plugins/workday.py
[2022-05-19 09:50:56,728] {processor.py:161} INFO - Processing /Users/mohammadrezakhorasanchian/.pyenv/versions/3.10.4/lib/python3.10/site-packages/airflow/example_dags/plugins/workday.py took 0.035 seconds
[2022-05-19 13:58:29,146] {processor.py:153} INFO - Started process (PID=17155) to work on /Users/mohammadrezakhorasanchian/.pyenv/versions/3.10.4/lib/python3.10/site-packages/airflow/example_dags/plugins/workday.py
[2022-05-19 13:58:29,146] {processor.py:641} INFO - Processing file /Users/mohammadrezakhorasanchian/.pyenv/versions/3.10.4/lib/python3.10/site-packages/airflow/example_dags/plugins/workday.py for tasks to queue
[2022-05-19 13:58:29,146] {logging_mixin.py:115} INFO - [2022-05-19 13:58:29,146] {dagbag.py:507} INFO - Filling up the DagBag from /Users/mohammadrezakhorasanchian/.pyenv/versions/3.10.4/lib/python3.10/site-packages/airflow/example_dags/plugins/workday.py
[2022-05-19 13:58:29,147] {processor.py:653} WARNING - No viable dags retrieved from /Users/mohammadrezakhorasanchian/.pyenv/versions/3.10.4/lib/python3.10/site-packages/airflow/example_dags/plugins/workday.py
[2022-05-19 13:58:29,175] {processor.py:161} INFO - Processing /Users/mohammadrezakhorasanchian/.pyenv/versions/3.10.4/lib/python3.10/site-packages/airflow/example_dags/plugins/workday.py took 0.029 seconds
[2022-05-19 13:59:18,646] {processor.py:153} INFO - Started process (PID=17251) to work on /Users/mohammadrezakhorasanchian/.pyenv/versions/3.10.4/lib/python3.10/site-packages/airflow/example_dags/plugins/workday.py
[2022-05-19 13:59:18,647] {processor.py:641} INFO - Processing file /Users/mohammadrezakhorasanchian/.pyenv/versions/3.10.4/lib/python3.10/site-packages/airflow/example_dags/plugins/workday.py for tasks to queue
[2022-05-19 13:59:18,647] {logging_mixin.py:115} INFO - [2022-05-19 13:59:18,647] {dagbag.py:507} INFO - Filling up the DagBag from /Users/mohammadrezakhorasanchian/.pyenv/versions/3.10.4/lib/python3.10/site-packages/airflow/example_dags/plugins/workday.py
[2022-05-19 13:59:18,648] {processor.py:653} WARNING - No viable dags retrieved from /Users/mohammadrezakhorasanchian/.pyenv/versions/3.10.4/lib/python3.10/site-packages/airflow/example_dags/plugins/workday.py
[2022-05-19 13:59:18,704] {processor.py:161} INFO - Processing /Users/mohammadrezakhorasanchian/.pyenv/versions/3.10.4/lib/python3.10/site-packages/airflow/example_dags/plugins/workday.py took 0.059 seconds
